[2025-05-02 16:52:53,358] {processor.py:153} INFO - Started process (PID=2898) to work on /root/Documents/airflowalu/venv/lib/python3.9/site-packages/airflow/example_dags/plugins/workday.py
[2025-05-02 16:52:53,358] {processor.py:641} INFO - Processing file /root/Documents/airflowalu/venv/lib/python3.9/site-packages/airflow/example_dags/plugins/workday.py for tasks to queue
[2025-05-02 16:52:53,358] {logging_mixin.py:115} INFO - [2025-05-02 16:52:53,358] {dagbag.py:507} INFO - Filling up the DagBag from /root/Documents/airflowalu/venv/lib/python3.9/site-packages/airflow/example_dags/plugins/workday.py
[2025-05-02 16:52:53,359] {processor.py:653} WARNING - No viable dags retrieved from /root/Documents/airflowalu/venv/lib/python3.9/site-packages/airflow/example_dags/plugins/workday.py
[2025-05-02 16:52:53,365] {processor.py:161} INFO - Processing /root/Documents/airflowalu/venv/lib/python3.9/site-packages/airflow/example_dags/plugins/workday.py took 0.008 seconds
[2025-05-02 16:53:24,791] {processor.py:153} INFO - Started process (PID=3304) to work on /root/Documents/airflowalu/venv/lib/python3.9/site-packages/airflow/example_dags/plugins/workday.py
[2025-05-02 16:53:24,793] {processor.py:641} INFO - Processing file /root/Documents/airflowalu/venv/lib/python3.9/site-packages/airflow/example_dags/plugins/workday.py for tasks to queue
[2025-05-02 16:53:24,793] {logging_mixin.py:115} INFO - [2025-05-02 16:53:24,793] {dagbag.py:507} INFO - Filling up the DagBag from /root/Documents/airflowalu/venv/lib/python3.9/site-packages/airflow/example_dags/plugins/workday.py
[2025-05-02 16:53:24,794] {processor.py:653} WARNING - No viable dags retrieved from /root/Documents/airflowalu/venv/lib/python3.9/site-packages/airflow/example_dags/plugins/workday.py
[2025-05-02 16:53:24,801] {processor.py:161} INFO - Processing /root/Documents/airflowalu/venv/lib/python3.9/site-packages/airflow/example_dags/plugins/workday.py took 0.012 seconds
[2025-05-02 16:53:57,410] {processor.py:153} INFO - Started process (PID=3706) to work on /root/Documents/airflowalu/venv/lib/python3.9/site-packages/airflow/example_dags/plugins/workday.py
[2025-05-02 16:53:57,411] {processor.py:641} INFO - Processing file /root/Documents/airflowalu/venv/lib/python3.9/site-packages/airflow/example_dags/plugins/workday.py for tasks to queue
[2025-05-02 16:53:57,411] {logging_mixin.py:115} INFO - [2025-05-02 16:53:57,411] {dagbag.py:507} INFO - Filling up the DagBag from /root/Documents/airflowalu/venv/lib/python3.9/site-packages/airflow/example_dags/plugins/workday.py
[2025-05-02 16:53:57,412] {processor.py:653} WARNING - No viable dags retrieved from /root/Documents/airflowalu/venv/lib/python3.9/site-packages/airflow/example_dags/plugins/workday.py
[2025-05-02 16:53:57,420] {processor.py:161} INFO - Processing /root/Documents/airflowalu/venv/lib/python3.9/site-packages/airflow/example_dags/plugins/workday.py took 0.011 seconds
[2025-05-02 16:54:31,092] {processor.py:153} INFO - Started process (PID=3845) to work on /root/Documents/airflowalu/venv/lib/python3.9/site-packages/airflow/example_dags/plugins/workday.py
[2025-05-02 16:54:31,092] {processor.py:641} INFO - Processing file /root/Documents/airflowalu/venv/lib/python3.9/site-packages/airflow/example_dags/plugins/workday.py for tasks to queue
[2025-05-02 16:54:31,093] {logging_mixin.py:115} INFO - [2025-05-02 16:54:31,093] {dagbag.py:507} INFO - Filling up the DagBag from /root/Documents/airflowalu/venv/lib/python3.9/site-packages/airflow/example_dags/plugins/workday.py
[2025-05-02 16:54:31,094] {processor.py:653} WARNING - No viable dags retrieved from /root/Documents/airflowalu/venv/lib/python3.9/site-packages/airflow/example_dags/plugins/workday.py
[2025-05-02 16:54:31,100] {processor.py:161} INFO - Processing /root/Documents/airflowalu/venv/lib/python3.9/site-packages/airflow/example_dags/plugins/workday.py took 0.010 seconds
[2025-05-02 16:55:02,532] {processor.py:153} INFO - Started process (PID=3977) to work on /root/Documents/airflowalu/venv/lib/python3.9/site-packages/airflow/example_dags/plugins/workday.py
[2025-05-02 16:55:02,533] {processor.py:641} INFO - Processing file /root/Documents/airflowalu/venv/lib/python3.9/site-packages/airflow/example_dags/plugins/workday.py for tasks to queue
[2025-05-02 16:55:02,533] {logging_mixin.py:115} INFO - [2025-05-02 16:55:02,533] {dagbag.py:507} INFO - Filling up the DagBag from /root/Documents/airflowalu/venv/lib/python3.9/site-packages/airflow/example_dags/plugins/workday.py
[2025-05-02 16:55:02,534] {processor.py:653} WARNING - No viable dags retrieved from /root/Documents/airflowalu/venv/lib/python3.9/site-packages/airflow/example_dags/plugins/workday.py
[2025-05-02 16:55:02,541] {processor.py:161} INFO - Processing /root/Documents/airflowalu/venv/lib/python3.9/site-packages/airflow/example_dags/plugins/workday.py took 0.010 seconds
[2025-05-02 16:55:33,951] {processor.py:153} INFO - Started process (PID=4391) to work on /root/Documents/airflowalu/venv/lib/python3.9/site-packages/airflow/example_dags/plugins/workday.py
[2025-05-02 16:55:33,951] {processor.py:641} INFO - Processing file /root/Documents/airflowalu/venv/lib/python3.9/site-packages/airflow/example_dags/plugins/workday.py for tasks to queue
[2025-05-02 16:55:33,952] {logging_mixin.py:115} INFO - [2025-05-02 16:55:33,952] {dagbag.py:507} INFO - Filling up the DagBag from /root/Documents/airflowalu/venv/lib/python3.9/site-packages/airflow/example_dags/plugins/workday.py
[2025-05-02 16:55:33,953] {processor.py:653} WARNING - No viable dags retrieved from /root/Documents/airflowalu/venv/lib/python3.9/site-packages/airflow/example_dags/plugins/workday.py
[2025-05-02 16:55:33,959] {processor.py:161} INFO - Processing /root/Documents/airflowalu/venv/lib/python3.9/site-packages/airflow/example_dags/plugins/workday.py took 0.010 seconds
[2025-05-02 16:56:07,761] {processor.py:153} INFO - Started process (PID=4548) to work on /root/Documents/airflowalu/venv/lib/python3.9/site-packages/airflow/example_dags/plugins/workday.py
[2025-05-02 16:56:07,762] {processor.py:641} INFO - Processing file /root/Documents/airflowalu/venv/lib/python3.9/site-packages/airflow/example_dags/plugins/workday.py for tasks to queue
[2025-05-02 16:56:07,762] {logging_mixin.py:115} INFO - [2025-05-02 16:56:07,762] {dagbag.py:507} INFO - Filling up the DagBag from /root/Documents/airflowalu/venv/lib/python3.9/site-packages/airflow/example_dags/plugins/workday.py
[2025-05-02 16:56:07,763] {processor.py:653} WARNING - No viable dags retrieved from /root/Documents/airflowalu/venv/lib/python3.9/site-packages/airflow/example_dags/plugins/workday.py
[2025-05-02 16:56:07,771] {processor.py:161} INFO - Processing /root/Documents/airflowalu/venv/lib/python3.9/site-packages/airflow/example_dags/plugins/workday.py took 0.011 seconds
[2025-05-02 16:56:39,867] {processor.py:153} INFO - Started process (PID=4679) to work on /root/Documents/airflowalu/venv/lib/python3.9/site-packages/airflow/example_dags/plugins/workday.py
[2025-05-02 16:56:39,868] {processor.py:641} INFO - Processing file /root/Documents/airflowalu/venv/lib/python3.9/site-packages/airflow/example_dags/plugins/workday.py for tasks to queue
[2025-05-02 16:56:39,868] {logging_mixin.py:115} INFO - [2025-05-02 16:56:39,868] {dagbag.py:507} INFO - Filling up the DagBag from /root/Documents/airflowalu/venv/lib/python3.9/site-packages/airflow/example_dags/plugins/workday.py
[2025-05-02 16:56:39,869] {processor.py:653} WARNING - No viable dags retrieved from /root/Documents/airflowalu/venv/lib/python3.9/site-packages/airflow/example_dags/plugins/workday.py
[2025-05-02 16:56:39,875] {processor.py:161} INFO - Processing /root/Documents/airflowalu/venv/lib/python3.9/site-packages/airflow/example_dags/plugins/workday.py took 0.009 seconds
[2025-05-02 16:57:12,434] {processor.py:153} INFO - Started process (PID=4823) to work on /root/Documents/airflowalu/venv/lib/python3.9/site-packages/airflow/example_dags/plugins/workday.py
[2025-05-02 16:57:12,434] {processor.py:641} INFO - Processing file /root/Documents/airflowalu/venv/lib/python3.9/site-packages/airflow/example_dags/plugins/workday.py for tasks to queue
[2025-05-02 16:57:12,435] {logging_mixin.py:115} INFO - [2025-05-02 16:57:12,435] {dagbag.py:507} INFO - Filling up the DagBag from /root/Documents/airflowalu/venv/lib/python3.9/site-packages/airflow/example_dags/plugins/workday.py
[2025-05-02 16:57:12,436] {processor.py:653} WARNING - No viable dags retrieved from /root/Documents/airflowalu/venv/lib/python3.9/site-packages/airflow/example_dags/plugins/workday.py
[2025-05-02 16:57:12,442] {processor.py:161} INFO - Processing /root/Documents/airflowalu/venv/lib/python3.9/site-packages/airflow/example_dags/plugins/workday.py took 0.010 seconds
[2025-05-02 16:57:43,911] {processor.py:153} INFO - Started process (PID=4954) to work on /root/Documents/airflowalu/venv/lib/python3.9/site-packages/airflow/example_dags/plugins/workday.py
[2025-05-02 16:57:43,912] {processor.py:641} INFO - Processing file /root/Documents/airflowalu/venv/lib/python3.9/site-packages/airflow/example_dags/plugins/workday.py for tasks to queue
[2025-05-02 16:57:43,912] {logging_mixin.py:115} INFO - [2025-05-02 16:57:43,912] {dagbag.py:507} INFO - Filling up the DagBag from /root/Documents/airflowalu/venv/lib/python3.9/site-packages/airflow/example_dags/plugins/workday.py
[2025-05-02 16:57:43,913] {processor.py:653} WARNING - No viable dags retrieved from /root/Documents/airflowalu/venv/lib/python3.9/site-packages/airflow/example_dags/plugins/workday.py
[2025-05-02 16:57:43,919] {processor.py:161} INFO - Processing /root/Documents/airflowalu/venv/lib/python3.9/site-packages/airflow/example_dags/plugins/workday.py took 0.009 seconds
[2025-05-02 16:58:16,955] {processor.py:153} INFO - Started process (PID=5097) to work on /root/Documents/airflowalu/venv/lib/python3.9/site-packages/airflow/example_dags/plugins/workday.py
[2025-05-02 16:58:16,955] {processor.py:641} INFO - Processing file /root/Documents/airflowalu/venv/lib/python3.9/site-packages/airflow/example_dags/plugins/workday.py for tasks to queue
[2025-05-02 16:58:16,956] {logging_mixin.py:115} INFO - [2025-05-02 16:58:16,956] {dagbag.py:507} INFO - Filling up the DagBag from /root/Documents/airflowalu/venv/lib/python3.9/site-packages/airflow/example_dags/plugins/workday.py
[2025-05-02 16:58:16,957] {processor.py:653} WARNING - No viable dags retrieved from /root/Documents/airflowalu/venv/lib/python3.9/site-packages/airflow/example_dags/plugins/workday.py
[2025-05-02 16:58:16,963] {processor.py:161} INFO - Processing /root/Documents/airflowalu/venv/lib/python3.9/site-packages/airflow/example_dags/plugins/workday.py took 0.010 seconds
[2025-05-02 16:58:47,745] {processor.py:153} INFO - Started process (PID=5228) to work on /root/Documents/airflowalu/venv/lib/python3.9/site-packages/airflow/example_dags/plugins/workday.py
[2025-05-02 16:58:47,746] {processor.py:641} INFO - Processing file /root/Documents/airflowalu/venv/lib/python3.9/site-packages/airflow/example_dags/plugins/workday.py for tasks to queue
[2025-05-02 16:58:47,746] {logging_mixin.py:115} INFO - [2025-05-02 16:58:47,746] {dagbag.py:507} INFO - Filling up the DagBag from /root/Documents/airflowalu/venv/lib/python3.9/site-packages/airflow/example_dags/plugins/workday.py
[2025-05-02 16:58:47,748] {processor.py:653} WARNING - No viable dags retrieved from /root/Documents/airflowalu/venv/lib/python3.9/site-packages/airflow/example_dags/plugins/workday.py
[2025-05-02 16:58:47,754] {processor.py:161} INFO - Processing /root/Documents/airflowalu/venv/lib/python3.9/site-packages/airflow/example_dags/plugins/workday.py took 0.010 seconds
[2025-05-02 16:59:21,604] {processor.py:153} INFO - Started process (PID=5374) to work on /root/Documents/airflowalu/venv/lib/python3.9/site-packages/airflow/example_dags/plugins/workday.py
[2025-05-02 16:59:21,605] {processor.py:641} INFO - Processing file /root/Documents/airflowalu/venv/lib/python3.9/site-packages/airflow/example_dags/plugins/workday.py for tasks to queue
[2025-05-02 16:59:21,605] {logging_mixin.py:115} INFO - [2025-05-02 16:59:21,605] {dagbag.py:507} INFO - Filling up the DagBag from /root/Documents/airflowalu/venv/lib/python3.9/site-packages/airflow/example_dags/plugins/workday.py
[2025-05-02 16:59:21,606] {processor.py:653} WARNING - No viable dags retrieved from /root/Documents/airflowalu/venv/lib/python3.9/site-packages/airflow/example_dags/plugins/workday.py
[2025-05-02 16:59:21,611] {processor.py:161} INFO - Processing /root/Documents/airflowalu/venv/lib/python3.9/site-packages/airflow/example_dags/plugins/workday.py took 0.009 seconds
[2025-05-02 16:59:53,094] {processor.py:153} INFO - Started process (PID=5512) to work on /root/Documents/airflowalu/venv/lib/python3.9/site-packages/airflow/example_dags/plugins/workday.py
[2025-05-02 16:59:53,094] {processor.py:641} INFO - Processing file /root/Documents/airflowalu/venv/lib/python3.9/site-packages/airflow/example_dags/plugins/workday.py for tasks to queue
[2025-05-02 16:59:53,095] {logging_mixin.py:115} INFO - [2025-05-02 16:59:53,095] {dagbag.py:507} INFO - Filling up the DagBag from /root/Documents/airflowalu/venv/lib/python3.9/site-packages/airflow/example_dags/plugins/workday.py
[2025-05-02 16:59:53,096] {processor.py:653} WARNING - No viable dags retrieved from /root/Documents/airflowalu/venv/lib/python3.9/site-packages/airflow/example_dags/plugins/workday.py
[2025-05-02 16:59:53,102] {processor.py:161} INFO - Processing /root/Documents/airflowalu/venv/lib/python3.9/site-packages/airflow/example_dags/plugins/workday.py took 0.010 seconds
[2025-05-02 17:00:26,993] {processor.py:153} INFO - Started process (PID=5652) to work on /root/Documents/airflowalu/venv/lib/python3.9/site-packages/airflow/example_dags/plugins/workday.py
[2025-05-02 17:00:26,994] {processor.py:641} INFO - Processing file /root/Documents/airflowalu/venv/lib/python3.9/site-packages/airflow/example_dags/plugins/workday.py for tasks to queue
[2025-05-02 17:00:26,994] {logging_mixin.py:115} INFO - [2025-05-02 17:00:26,994] {dagbag.py:507} INFO - Filling up the DagBag from /root/Documents/airflowalu/venv/lib/python3.9/site-packages/airflow/example_dags/plugins/workday.py
[2025-05-02 17:00:26,995] {processor.py:653} WARNING - No viable dags retrieved from /root/Documents/airflowalu/venv/lib/python3.9/site-packages/airflow/example_dags/plugins/workday.py
[2025-05-02 17:00:27,002] {processor.py:161} INFO - Processing /root/Documents/airflowalu/venv/lib/python3.9/site-packages/airflow/example_dags/plugins/workday.py took 0.010 seconds
[2025-05-02 17:00:59,540] {processor.py:153} INFO - Started process (PID=5790) to work on /root/Documents/airflowalu/venv/lib/python3.9/site-packages/airflow/example_dags/plugins/workday.py
[2025-05-02 17:00:59,541] {processor.py:641} INFO - Processing file /root/Documents/airflowalu/venv/lib/python3.9/site-packages/airflow/example_dags/plugins/workday.py for tasks to queue
[2025-05-02 17:00:59,541] {logging_mixin.py:115} INFO - [2025-05-02 17:00:59,541] {dagbag.py:507} INFO - Filling up the DagBag from /root/Documents/airflowalu/venv/lib/python3.9/site-packages/airflow/example_dags/plugins/workday.py
[2025-05-02 17:00:59,542] {processor.py:653} WARNING - No viable dags retrieved from /root/Documents/airflowalu/venv/lib/python3.9/site-packages/airflow/example_dags/plugins/workday.py
[2025-05-02 17:00:59,548] {processor.py:161} INFO - Processing /root/Documents/airflowalu/venv/lib/python3.9/site-packages/airflow/example_dags/plugins/workday.py took 0.009 seconds
[2025-05-02 17:01:32,505] {processor.py:153} INFO - Started process (PID=5933) to work on /root/Documents/airflowalu/venv/lib/python3.9/site-packages/airflow/example_dags/plugins/workday.py
[2025-05-02 17:01:32,506] {processor.py:641} INFO - Processing file /root/Documents/airflowalu/venv/lib/python3.9/site-packages/airflow/example_dags/plugins/workday.py for tasks to queue
[2025-05-02 17:01:32,506] {logging_mixin.py:115} INFO - [2025-05-02 17:01:32,506] {dagbag.py:507} INFO - Filling up the DagBag from /root/Documents/airflowalu/venv/lib/python3.9/site-packages/airflow/example_dags/plugins/workday.py
[2025-05-02 17:01:32,508] {processor.py:653} WARNING - No viable dags retrieved from /root/Documents/airflowalu/venv/lib/python3.9/site-packages/airflow/example_dags/plugins/workday.py
[2025-05-02 17:01:32,513] {processor.py:161} INFO - Processing /root/Documents/airflowalu/venv/lib/python3.9/site-packages/airflow/example_dags/plugins/workday.py took 0.009 seconds
[2025-05-02 17:02:04,024] {processor.py:153} INFO - Started process (PID=6066) to work on /root/Documents/airflowalu/venv/lib/python3.9/site-packages/airflow/example_dags/plugins/workday.py
[2025-05-02 17:02:04,025] {processor.py:641} INFO - Processing file /root/Documents/airflowalu/venv/lib/python3.9/site-packages/airflow/example_dags/plugins/workday.py for tasks to queue
[2025-05-02 17:02:04,025] {logging_mixin.py:115} INFO - [2025-05-02 17:02:04,025] {dagbag.py:507} INFO - Filling up the DagBag from /root/Documents/airflowalu/venv/lib/python3.9/site-packages/airflow/example_dags/plugins/workday.py
[2025-05-02 17:02:04,026] {processor.py:653} WARNING - No viable dags retrieved from /root/Documents/airflowalu/venv/lib/python3.9/site-packages/airflow/example_dags/plugins/workday.py
[2025-05-02 17:02:04,032] {processor.py:161} INFO - Processing /root/Documents/airflowalu/venv/lib/python3.9/site-packages/airflow/example_dags/plugins/workday.py took 0.010 seconds
[2025-05-02 17:02:36,274] {processor.py:153} INFO - Started process (PID=6203) to work on /root/Documents/airflowalu/venv/lib/python3.9/site-packages/airflow/example_dags/plugins/workday.py
[2025-05-02 17:02:36,274] {processor.py:641} INFO - Processing file /root/Documents/airflowalu/venv/lib/python3.9/site-packages/airflow/example_dags/plugins/workday.py for tasks to queue
[2025-05-02 17:02:36,275] {logging_mixin.py:115} INFO - [2025-05-02 17:02:36,275] {dagbag.py:507} INFO - Filling up the DagBag from /root/Documents/airflowalu/venv/lib/python3.9/site-packages/airflow/example_dags/plugins/workday.py
[2025-05-02 17:02:36,276] {processor.py:653} WARNING - No viable dags retrieved from /root/Documents/airflowalu/venv/lib/python3.9/site-packages/airflow/example_dags/plugins/workday.py
[2025-05-02 17:02:36,282] {processor.py:161} INFO - Processing /root/Documents/airflowalu/venv/lib/python3.9/site-packages/airflow/example_dags/plugins/workday.py took 0.010 seconds
[2025-05-02 17:03:10,095] {processor.py:153} INFO - Started process (PID=6348) to work on /root/Documents/airflowalu/venv/lib/python3.9/site-packages/airflow/example_dags/plugins/workday.py
[2025-05-02 17:03:10,096] {processor.py:641} INFO - Processing file /root/Documents/airflowalu/venv/lib/python3.9/site-packages/airflow/example_dags/plugins/workday.py for tasks to queue
[2025-05-02 17:03:10,096] {logging_mixin.py:115} INFO - [2025-05-02 17:03:10,096] {dagbag.py:507} INFO - Filling up the DagBag from /root/Documents/airflowalu/venv/lib/python3.9/site-packages/airflow/example_dags/plugins/workday.py
[2025-05-02 17:03:10,097] {processor.py:653} WARNING - No viable dags retrieved from /root/Documents/airflowalu/venv/lib/python3.9/site-packages/airflow/example_dags/plugins/workday.py
[2025-05-02 17:03:10,104] {processor.py:161} INFO - Processing /root/Documents/airflowalu/venv/lib/python3.9/site-packages/airflow/example_dags/plugins/workday.py took 0.010 seconds
[2025-05-02 17:03:44,408] {processor.py:153} INFO - Started process (PID=6489) to work on /root/Documents/airflowalu/venv/lib/python3.9/site-packages/airflow/example_dags/plugins/workday.py
[2025-05-02 17:03:44,409] {processor.py:641} INFO - Processing file /root/Documents/airflowalu/venv/lib/python3.9/site-packages/airflow/example_dags/plugins/workday.py for tasks to queue
[2025-05-02 17:03:44,409] {logging_mixin.py:115} INFO - [2025-05-02 17:03:44,409] {dagbag.py:507} INFO - Filling up the DagBag from /root/Documents/airflowalu/venv/lib/python3.9/site-packages/airflow/example_dags/plugins/workday.py
[2025-05-02 17:03:44,410] {processor.py:653} WARNING - No viable dags retrieved from /root/Documents/airflowalu/venv/lib/python3.9/site-packages/airflow/example_dags/plugins/workday.py
[2025-05-02 17:03:44,417] {processor.py:161} INFO - Processing /root/Documents/airflowalu/venv/lib/python3.9/site-packages/airflow/example_dags/plugins/workday.py took 0.011 seconds
[2025-05-02 17:04:16,225] {processor.py:153} INFO - Started process (PID=6628) to work on /root/Documents/airflowalu/venv/lib/python3.9/site-packages/airflow/example_dags/plugins/workday.py
[2025-05-02 17:04:16,226] {processor.py:641} INFO - Processing file /root/Documents/airflowalu/venv/lib/python3.9/site-packages/airflow/example_dags/plugins/workday.py for tasks to queue
[2025-05-02 17:04:16,226] {logging_mixin.py:115} INFO - [2025-05-02 17:04:16,226] {dagbag.py:507} INFO - Filling up the DagBag from /root/Documents/airflowalu/venv/lib/python3.9/site-packages/airflow/example_dags/plugins/workday.py
[2025-05-02 17:04:16,227] {processor.py:653} WARNING - No viable dags retrieved from /root/Documents/airflowalu/venv/lib/python3.9/site-packages/airflow/example_dags/plugins/workday.py
[2025-05-02 17:04:16,234] {processor.py:161} INFO - Processing /root/Documents/airflowalu/venv/lib/python3.9/site-packages/airflow/example_dags/plugins/workday.py took 0.010 seconds
[2025-05-02 17:04:48,730] {processor.py:153} INFO - Started process (PID=6768) to work on /root/Documents/airflowalu/venv/lib/python3.9/site-packages/airflow/example_dags/plugins/workday.py
[2025-05-02 17:04:48,731] {processor.py:641} INFO - Processing file /root/Documents/airflowalu/venv/lib/python3.9/site-packages/airflow/example_dags/plugins/workday.py for tasks to queue
[2025-05-02 17:04:48,731] {logging_mixin.py:115} INFO - [2025-05-02 17:04:48,731] {dagbag.py:507} INFO - Filling up the DagBag from /root/Documents/airflowalu/venv/lib/python3.9/site-packages/airflow/example_dags/plugins/workday.py
[2025-05-02 17:04:48,732] {processor.py:653} WARNING - No viable dags retrieved from /root/Documents/airflowalu/venv/lib/python3.9/site-packages/airflow/example_dags/plugins/workday.py
[2025-05-02 17:04:48,739] {processor.py:161} INFO - Processing /root/Documents/airflowalu/venv/lib/python3.9/site-packages/airflow/example_dags/plugins/workday.py took 0.010 seconds
[2025-05-02 17:05:22,555] {processor.py:153} INFO - Started process (PID=6909) to work on /root/Documents/airflowalu/venv/lib/python3.9/site-packages/airflow/example_dags/plugins/workday.py
[2025-05-02 17:05:22,556] {processor.py:641} INFO - Processing file /root/Documents/airflowalu/venv/lib/python3.9/site-packages/airflow/example_dags/plugins/workday.py for tasks to queue
[2025-05-02 17:05:22,556] {logging_mixin.py:115} INFO - [2025-05-02 17:05:22,556] {dagbag.py:507} INFO - Filling up the DagBag from /root/Documents/airflowalu/venv/lib/python3.9/site-packages/airflow/example_dags/plugins/workday.py
[2025-05-02 17:05:22,557] {processor.py:653} WARNING - No viable dags retrieved from /root/Documents/airflowalu/venv/lib/python3.9/site-packages/airflow/example_dags/plugins/workday.py
[2025-05-02 17:05:22,563] {processor.py:161} INFO - Processing /root/Documents/airflowalu/venv/lib/python3.9/site-packages/airflow/example_dags/plugins/workday.py took 0.010 seconds
[2025-05-02 17:05:54,003] {processor.py:153} INFO - Started process (PID=7051) to work on /root/Documents/airflowalu/venv/lib/python3.9/site-packages/airflow/example_dags/plugins/workday.py
[2025-05-02 17:05:54,003] {processor.py:641} INFO - Processing file /root/Documents/airflowalu/venv/lib/python3.9/site-packages/airflow/example_dags/plugins/workday.py for tasks to queue
[2025-05-02 17:05:54,004] {logging_mixin.py:115} INFO - [2025-05-02 17:05:54,004] {dagbag.py:507} INFO - Filling up the DagBag from /root/Documents/airflowalu/venv/lib/python3.9/site-packages/airflow/example_dags/plugins/workday.py
[2025-05-02 17:05:54,005] {processor.py:653} WARNING - No viable dags retrieved from /root/Documents/airflowalu/venv/lib/python3.9/site-packages/airflow/example_dags/plugins/workday.py
[2025-05-02 17:05:54,012] {processor.py:161} INFO - Processing /root/Documents/airflowalu/venv/lib/python3.9/site-packages/airflow/example_dags/plugins/workday.py took 0.011 seconds
[2025-05-02 17:06:28,286] {processor.py:153} INFO - Started process (PID=7198) to work on /root/Documents/airflowalu/venv/lib/python3.9/site-packages/airflow/example_dags/plugins/workday.py
[2025-05-02 17:06:28,287] {processor.py:641} INFO - Processing file /root/Documents/airflowalu/venv/lib/python3.9/site-packages/airflow/example_dags/plugins/workday.py for tasks to queue
[2025-05-02 17:06:28,287] {logging_mixin.py:115} INFO - [2025-05-02 17:06:28,287] {dagbag.py:507} INFO - Filling up the DagBag from /root/Documents/airflowalu/venv/lib/python3.9/site-packages/airflow/example_dags/plugins/workday.py
[2025-05-02 17:06:28,288] {processor.py:653} WARNING - No viable dags retrieved from /root/Documents/airflowalu/venv/lib/python3.9/site-packages/airflow/example_dags/plugins/workday.py
[2025-05-02 17:06:28,293] {processor.py:161} INFO - Processing /root/Documents/airflowalu/venv/lib/python3.9/site-packages/airflow/example_dags/plugins/workday.py took 0.009 seconds
[2025-05-02 17:06:59,731] {processor.py:153} INFO - Started process (PID=7330) to work on /root/Documents/airflowalu/venv/lib/python3.9/site-packages/airflow/example_dags/plugins/workday.py
[2025-05-02 17:06:59,732] {processor.py:641} INFO - Processing file /root/Documents/airflowalu/venv/lib/python3.9/site-packages/airflow/example_dags/plugins/workday.py for tasks to queue
[2025-05-02 17:06:59,732] {logging_mixin.py:115} INFO - [2025-05-02 17:06:59,732] {dagbag.py:507} INFO - Filling up the DagBag from /root/Documents/airflowalu/venv/lib/python3.9/site-packages/airflow/example_dags/plugins/workday.py
[2025-05-02 17:06:59,734] {processor.py:653} WARNING - No viable dags retrieved from /root/Documents/airflowalu/venv/lib/python3.9/site-packages/airflow/example_dags/plugins/workday.py
[2025-05-02 17:06:59,749] {processor.py:161} INFO - Processing /root/Documents/airflowalu/venv/lib/python3.9/site-packages/airflow/example_dags/plugins/workday.py took 0.021 seconds
[2025-05-02 17:07:33,515] {processor.py:153} INFO - Started process (PID=7472) to work on /root/Documents/airflowalu/venv/lib/python3.9/site-packages/airflow/example_dags/plugins/workday.py
[2025-05-02 17:07:33,516] {processor.py:641} INFO - Processing file /root/Documents/airflowalu/venv/lib/python3.9/site-packages/airflow/example_dags/plugins/workday.py for tasks to queue
[2025-05-02 17:07:33,516] {logging_mixin.py:115} INFO - [2025-05-02 17:07:33,516] {dagbag.py:507} INFO - Filling up the DagBag from /root/Documents/airflowalu/venv/lib/python3.9/site-packages/airflow/example_dags/plugins/workday.py
[2025-05-02 17:07:33,517] {processor.py:653} WARNING - No viable dags retrieved from /root/Documents/airflowalu/venv/lib/python3.9/site-packages/airflow/example_dags/plugins/workday.py
[2025-05-02 17:07:33,523] {processor.py:161} INFO - Processing /root/Documents/airflowalu/venv/lib/python3.9/site-packages/airflow/example_dags/plugins/workday.py took 0.010 seconds
[2025-05-02 17:08:09,643] {processor.py:153} INFO - Started process (PID=7628) to work on /root/Documents/airflowalu/venv/lib/python3.9/site-packages/airflow/example_dags/plugins/workday.py
[2025-05-02 17:08:09,643] {processor.py:641} INFO - Processing file /root/Documents/airflowalu/venv/lib/python3.9/site-packages/airflow/example_dags/plugins/workday.py for tasks to queue
[2025-05-02 17:08:09,644] {logging_mixin.py:115} INFO - [2025-05-02 17:08:09,644] {dagbag.py:507} INFO - Filling up the DagBag from /root/Documents/airflowalu/venv/lib/python3.9/site-packages/airflow/example_dags/plugins/workday.py
[2025-05-02 17:08:09,645] {processor.py:653} WARNING - No viable dags retrieved from /root/Documents/airflowalu/venv/lib/python3.9/site-packages/airflow/example_dags/plugins/workday.py
[2025-05-02 17:08:09,651] {processor.py:161} INFO - Processing /root/Documents/airflowalu/venv/lib/python3.9/site-packages/airflow/example_dags/plugins/workday.py took 0.010 seconds
[2025-05-02 17:08:41,318] {processor.py:153} INFO - Started process (PID=7761) to work on /root/Documents/airflowalu/venv/lib/python3.9/site-packages/airflow/example_dags/plugins/workday.py
[2025-05-02 17:08:41,319] {processor.py:641} INFO - Processing file /root/Documents/airflowalu/venv/lib/python3.9/site-packages/airflow/example_dags/plugins/workday.py for tasks to queue
[2025-05-02 17:08:41,319] {logging_mixin.py:115} INFO - [2025-05-02 17:08:41,319] {dagbag.py:507} INFO - Filling up the DagBag from /root/Documents/airflowalu/venv/lib/python3.9/site-packages/airflow/example_dags/plugins/workday.py
[2025-05-02 17:08:41,320] {processor.py:653} WARNING - No viable dags retrieved from /root/Documents/airflowalu/venv/lib/python3.9/site-packages/airflow/example_dags/plugins/workday.py
[2025-05-02 17:08:41,327] {processor.py:161} INFO - Processing /root/Documents/airflowalu/venv/lib/python3.9/site-packages/airflow/example_dags/plugins/workday.py took 0.010 seconds
[2025-05-02 17:09:17,376] {processor.py:153} INFO - Started process (PID=7909) to work on /root/Documents/airflowalu/venv/lib/python3.9/site-packages/airflow/example_dags/plugins/workday.py
[2025-05-02 17:09:17,376] {processor.py:641} INFO - Processing file /root/Documents/airflowalu/venv/lib/python3.9/site-packages/airflow/example_dags/plugins/workday.py for tasks to queue
[2025-05-02 17:09:17,377] {logging_mixin.py:115} INFO - [2025-05-02 17:09:17,377] {dagbag.py:507} INFO - Filling up the DagBag from /root/Documents/airflowalu/venv/lib/python3.9/site-packages/airflow/example_dags/plugins/workday.py
[2025-05-02 17:09:17,378] {processor.py:653} WARNING - No viable dags retrieved from /root/Documents/airflowalu/venv/lib/python3.9/site-packages/airflow/example_dags/plugins/workday.py
[2025-05-02 17:09:17,384] {processor.py:161} INFO - Processing /root/Documents/airflowalu/venv/lib/python3.9/site-packages/airflow/example_dags/plugins/workday.py took 0.010 seconds
[2025-05-02 17:09:50,295] {processor.py:153} INFO - Started process (PID=8047) to work on /root/Documents/airflowalu/venv/lib/python3.9/site-packages/airflow/example_dags/plugins/workday.py
[2025-05-02 17:09:50,295] {processor.py:641} INFO - Processing file /root/Documents/airflowalu/venv/lib/python3.9/site-packages/airflow/example_dags/plugins/workday.py for tasks to queue
[2025-05-02 17:09:50,296] {logging_mixin.py:115} INFO - [2025-05-02 17:09:50,296] {dagbag.py:507} INFO - Filling up the DagBag from /root/Documents/airflowalu/venv/lib/python3.9/site-packages/airflow/example_dags/plugins/workday.py
[2025-05-02 17:09:50,297] {processor.py:653} WARNING - No viable dags retrieved from /root/Documents/airflowalu/venv/lib/python3.9/site-packages/airflow/example_dags/plugins/workday.py
[2025-05-02 17:09:50,302] {processor.py:161} INFO - Processing /root/Documents/airflowalu/venv/lib/python3.9/site-packages/airflow/example_dags/plugins/workday.py took 0.009 seconds
[2025-05-02 17:10:22,737] {processor.py:153} INFO - Started process (PID=8186) to work on /root/Documents/airflowalu/venv/lib/python3.9/site-packages/airflow/example_dags/plugins/workday.py
[2025-05-02 17:10:22,737] {processor.py:641} INFO - Processing file /root/Documents/airflowalu/venv/lib/python3.9/site-packages/airflow/example_dags/plugins/workday.py for tasks to queue
[2025-05-02 17:10:22,738] {logging_mixin.py:115} INFO - [2025-05-02 17:10:22,738] {dagbag.py:507} INFO - Filling up the DagBag from /root/Documents/airflowalu/venv/lib/python3.9/site-packages/airflow/example_dags/plugins/workday.py
[2025-05-02 17:10:22,739] {processor.py:653} WARNING - No viable dags retrieved from /root/Documents/airflowalu/venv/lib/python3.9/site-packages/airflow/example_dags/plugins/workday.py
[2025-05-02 17:10:22,745] {processor.py:161} INFO - Processing /root/Documents/airflowalu/venv/lib/python3.9/site-packages/airflow/example_dags/plugins/workday.py took 0.009 seconds
[2025-05-02 17:10:52,578] {processor.py:153} INFO - Started process (PID=8326) to work on /root/Documents/airflowalu/venv/lib/python3.9/site-packages/airflow/example_dags/plugins/workday.py
[2025-05-02 17:10:52,579] {processor.py:641} INFO - Processing file /root/Documents/airflowalu/venv/lib/python3.9/site-packages/airflow/example_dags/plugins/workday.py for tasks to queue
[2025-05-02 17:10:52,579] {logging_mixin.py:115} INFO - [2025-05-02 17:10:52,579] {dagbag.py:507} INFO - Filling up the DagBag from /root/Documents/airflowalu/venv/lib/python3.9/site-packages/airflow/example_dags/plugins/workday.py
[2025-05-02 17:10:52,580] {processor.py:653} WARNING - No viable dags retrieved from /root/Documents/airflowalu/venv/lib/python3.9/site-packages/airflow/example_dags/plugins/workday.py
[2025-05-02 17:10:52,586] {processor.py:161} INFO - Processing /root/Documents/airflowalu/venv/lib/python3.9/site-packages/airflow/example_dags/plugins/workday.py took 0.009 seconds
[2025-05-02 17:11:25,619] {processor.py:153} INFO - Started process (PID=8468) to work on /root/Documents/airflowalu/venv/lib/python3.9/site-packages/airflow/example_dags/plugins/workday.py
[2025-05-02 17:11:25,619] {processor.py:641} INFO - Processing file /root/Documents/airflowalu/venv/lib/python3.9/site-packages/airflow/example_dags/plugins/workday.py for tasks to queue
[2025-05-02 17:11:25,620] {logging_mixin.py:115} INFO - [2025-05-02 17:11:25,620] {dagbag.py:507} INFO - Filling up the DagBag from /root/Documents/airflowalu/venv/lib/python3.9/site-packages/airflow/example_dags/plugins/workday.py
[2025-05-02 17:11:25,621] {processor.py:653} WARNING - No viable dags retrieved from /root/Documents/airflowalu/venv/lib/python3.9/site-packages/airflow/example_dags/plugins/workday.py
[2025-05-02 17:11:25,627] {processor.py:161} INFO - Processing /root/Documents/airflowalu/venv/lib/python3.9/site-packages/airflow/example_dags/plugins/workday.py took 0.010 seconds
[2025-05-02 17:11:56,772] {processor.py:153} INFO - Started process (PID=8609) to work on /root/Documents/airflowalu/venv/lib/python3.9/site-packages/airflow/example_dags/plugins/workday.py
[2025-05-02 17:11:56,773] {processor.py:641} INFO - Processing file /root/Documents/airflowalu/venv/lib/python3.9/site-packages/airflow/example_dags/plugins/workday.py for tasks to queue
[2025-05-02 17:11:56,773] {logging_mixin.py:115} INFO - [2025-05-02 17:11:56,773] {dagbag.py:507} INFO - Filling up the DagBag from /root/Documents/airflowalu/venv/lib/python3.9/site-packages/airflow/example_dags/plugins/workday.py
[2025-05-02 17:11:56,774] {processor.py:653} WARNING - No viable dags retrieved from /root/Documents/airflowalu/venv/lib/python3.9/site-packages/airflow/example_dags/plugins/workday.py
[2025-05-02 17:11:56,780] {processor.py:161} INFO - Processing /root/Documents/airflowalu/venv/lib/python3.9/site-packages/airflow/example_dags/plugins/workday.py took 0.009 seconds
[2025-05-02 17:12:30,456] {processor.py:153} INFO - Started process (PID=8755) to work on /root/Documents/airflowalu/venv/lib/python3.9/site-packages/airflow/example_dags/plugins/workday.py
[2025-05-02 17:12:30,457] {processor.py:641} INFO - Processing file /root/Documents/airflowalu/venv/lib/python3.9/site-packages/airflow/example_dags/plugins/workday.py for tasks to queue
[2025-05-02 17:12:30,457] {logging_mixin.py:115} INFO - [2025-05-02 17:12:30,457] {dagbag.py:507} INFO - Filling up the DagBag from /root/Documents/airflowalu/venv/lib/python3.9/site-packages/airflow/example_dags/plugins/workday.py
[2025-05-02 17:12:30,458] {processor.py:653} WARNING - No viable dags retrieved from /root/Documents/airflowalu/venv/lib/python3.9/site-packages/airflow/example_dags/plugins/workday.py
[2025-05-02 17:12:30,464] {processor.py:161} INFO - Processing /root/Documents/airflowalu/venv/lib/python3.9/site-packages/airflow/example_dags/plugins/workday.py took 0.010 seconds
[2025-05-02 17:13:00,871] {processor.py:153} INFO - Started process (PID=8897) to work on /root/Documents/airflowalu/venv/lib/python3.9/site-packages/airflow/example_dags/plugins/workday.py
[2025-05-02 17:13:00,871] {processor.py:641} INFO - Processing file /root/Documents/airflowalu/venv/lib/python3.9/site-packages/airflow/example_dags/plugins/workday.py for tasks to queue
[2025-05-02 17:13:00,872] {logging_mixin.py:115} INFO - [2025-05-02 17:13:00,872] {dagbag.py:507} INFO - Filling up the DagBag from /root/Documents/airflowalu/venv/lib/python3.9/site-packages/airflow/example_dags/plugins/workday.py
[2025-05-02 17:13:00,873] {processor.py:653} WARNING - No viable dags retrieved from /root/Documents/airflowalu/venv/lib/python3.9/site-packages/airflow/example_dags/plugins/workday.py
[2025-05-02 17:13:00,879] {processor.py:161} INFO - Processing /root/Documents/airflowalu/venv/lib/python3.9/site-packages/airflow/example_dags/plugins/workday.py took 0.010 seconds
[2025-05-02 17:13:33,508] {processor.py:153} INFO - Started process (PID=9033) to work on /root/Documents/airflowalu/venv/lib/python3.9/site-packages/airflow/example_dags/plugins/workday.py
[2025-05-02 17:13:33,508] {processor.py:641} INFO - Processing file /root/Documents/airflowalu/venv/lib/python3.9/site-packages/airflow/example_dags/plugins/workday.py for tasks to queue
[2025-05-02 17:13:33,509] {logging_mixin.py:115} INFO - [2025-05-02 17:13:33,509] {dagbag.py:507} INFO - Filling up the DagBag from /root/Documents/airflowalu/venv/lib/python3.9/site-packages/airflow/example_dags/plugins/workday.py
[2025-05-02 17:13:33,510] {processor.py:653} WARNING - No viable dags retrieved from /root/Documents/airflowalu/venv/lib/python3.9/site-packages/airflow/example_dags/plugins/workday.py
[2025-05-02 17:13:33,515] {processor.py:161} INFO - Processing /root/Documents/airflowalu/venv/lib/python3.9/site-packages/airflow/example_dags/plugins/workday.py took 0.009 seconds
[2025-05-02 17:14:05,736] {processor.py:153} INFO - Started process (PID=9172) to work on /root/Documents/airflowalu/venv/lib/python3.9/site-packages/airflow/example_dags/plugins/workday.py
[2025-05-02 17:14:05,737] {processor.py:641} INFO - Processing file /root/Documents/airflowalu/venv/lib/python3.9/site-packages/airflow/example_dags/plugins/workday.py for tasks to queue
[2025-05-02 17:14:05,737] {logging_mixin.py:115} INFO - [2025-05-02 17:14:05,737] {dagbag.py:507} INFO - Filling up the DagBag from /root/Documents/airflowalu/venv/lib/python3.9/site-packages/airflow/example_dags/plugins/workday.py
[2025-05-02 17:14:05,738] {processor.py:653} WARNING - No viable dags retrieved from /root/Documents/airflowalu/venv/lib/python3.9/site-packages/airflow/example_dags/plugins/workday.py
[2025-05-02 17:14:05,744] {processor.py:161} INFO - Processing /root/Documents/airflowalu/venv/lib/python3.9/site-packages/airflow/example_dags/plugins/workday.py took 0.010 seconds
[2025-05-02 17:14:37,871] {processor.py:153} INFO - Started process (PID=9305) to work on /root/Documents/airflowalu/venv/lib/python3.9/site-packages/airflow/example_dags/plugins/workday.py
[2025-05-02 17:14:37,872] {processor.py:641} INFO - Processing file /root/Documents/airflowalu/venv/lib/python3.9/site-packages/airflow/example_dags/plugins/workday.py for tasks to queue
[2025-05-02 17:14:37,872] {logging_mixin.py:115} INFO - [2025-05-02 17:14:37,872] {dagbag.py:507} INFO - Filling up the DagBag from /root/Documents/airflowalu/venv/lib/python3.9/site-packages/airflow/example_dags/plugins/workday.py
[2025-05-02 17:14:37,873] {processor.py:653} WARNING - No viable dags retrieved from /root/Documents/airflowalu/venv/lib/python3.9/site-packages/airflow/example_dags/plugins/workday.py
[2025-05-02 17:14:37,879] {processor.py:161} INFO - Processing /root/Documents/airflowalu/venv/lib/python3.9/site-packages/airflow/example_dags/plugins/workday.py took 0.010 seconds
[2025-05-02 17:15:10,877] {processor.py:153} INFO - Started process (PID=9445) to work on /root/Documents/airflowalu/venv/lib/python3.9/site-packages/airflow/example_dags/plugins/workday.py
[2025-05-02 17:15:10,877] {processor.py:641} INFO - Processing file /root/Documents/airflowalu/venv/lib/python3.9/site-packages/airflow/example_dags/plugins/workday.py for tasks to queue
[2025-05-02 17:15:10,878] {logging_mixin.py:115} INFO - [2025-05-02 17:15:10,878] {dagbag.py:507} INFO - Filling up the DagBag from /root/Documents/airflowalu/venv/lib/python3.9/site-packages/airflow/example_dags/plugins/workday.py
[2025-05-02 17:15:10,879] {processor.py:653} WARNING - No viable dags retrieved from /root/Documents/airflowalu/venv/lib/python3.9/site-packages/airflow/example_dags/plugins/workday.py
[2025-05-02 17:15:10,885] {processor.py:161} INFO - Processing /root/Documents/airflowalu/venv/lib/python3.9/site-packages/airflow/example_dags/plugins/workday.py took 0.009 seconds
[2025-05-02 17:15:45,539] {processor.py:153} INFO - Started process (PID=9591) to work on /root/Documents/airflowalu/venv/lib/python3.9/site-packages/airflow/example_dags/plugins/workday.py
[2025-05-02 17:15:45,540] {processor.py:641} INFO - Processing file /root/Documents/airflowalu/venv/lib/python3.9/site-packages/airflow/example_dags/plugins/workday.py for tasks to queue
[2025-05-02 17:15:45,540] {logging_mixin.py:115} INFO - [2025-05-02 17:15:45,540] {dagbag.py:507} INFO - Filling up the DagBag from /root/Documents/airflowalu/venv/lib/python3.9/site-packages/airflow/example_dags/plugins/workday.py
[2025-05-02 17:15:45,541] {processor.py:653} WARNING - No viable dags retrieved from /root/Documents/airflowalu/venv/lib/python3.9/site-packages/airflow/example_dags/plugins/workday.py
[2025-05-02 17:15:45,547] {processor.py:161} INFO - Processing /root/Documents/airflowalu/venv/lib/python3.9/site-packages/airflow/example_dags/plugins/workday.py took 0.010 seconds
[2025-05-02 17:16:17,226] {processor.py:153} INFO - Started process (PID=9730) to work on /root/Documents/airflowalu/venv/lib/python3.9/site-packages/airflow/example_dags/plugins/workday.py
[2025-05-02 17:16:17,226] {processor.py:641} INFO - Processing file /root/Documents/airflowalu/venv/lib/python3.9/site-packages/airflow/example_dags/plugins/workday.py for tasks to queue
[2025-05-02 17:16:17,227] {logging_mixin.py:115} INFO - [2025-05-02 17:16:17,227] {dagbag.py:507} INFO - Filling up the DagBag from /root/Documents/airflowalu/venv/lib/python3.9/site-packages/airflow/example_dags/plugins/workday.py
[2025-05-02 17:16:17,228] {processor.py:653} WARNING - No viable dags retrieved from /root/Documents/airflowalu/venv/lib/python3.9/site-packages/airflow/example_dags/plugins/workday.py
[2025-05-02 17:16:17,234] {processor.py:161} INFO - Processing /root/Documents/airflowalu/venv/lib/python3.9/site-packages/airflow/example_dags/plugins/workday.py took 0.010 seconds
[2025-05-02 17:16:52,179] {processor.py:153} INFO - Started process (PID=9870) to work on /root/Documents/airflowalu/venv/lib/python3.9/site-packages/airflow/example_dags/plugins/workday.py
[2025-05-02 17:16:52,179] {processor.py:641} INFO - Processing file /root/Documents/airflowalu/venv/lib/python3.9/site-packages/airflow/example_dags/plugins/workday.py for tasks to queue
[2025-05-02 17:16:52,180] {logging_mixin.py:115} INFO - [2025-05-02 17:16:52,180] {dagbag.py:507} INFO - Filling up the DagBag from /root/Documents/airflowalu/venv/lib/python3.9/site-packages/airflow/example_dags/plugins/workday.py
[2025-05-02 17:16:52,181] {processor.py:653} WARNING - No viable dags retrieved from /root/Documents/airflowalu/venv/lib/python3.9/site-packages/airflow/example_dags/plugins/workday.py
[2025-05-02 17:16:52,187] {processor.py:161} INFO - Processing /root/Documents/airflowalu/venv/lib/python3.9/site-packages/airflow/example_dags/plugins/workday.py took 0.010 seconds
[2025-05-02 17:17:24,972] {processor.py:153} INFO - Started process (PID=10021) to work on /root/Documents/airflowalu/venv/lib/python3.9/site-packages/airflow/example_dags/plugins/workday.py
[2025-05-02 17:17:24,973] {processor.py:641} INFO - Processing file /root/Documents/airflowalu/venv/lib/python3.9/site-packages/airflow/example_dags/plugins/workday.py for tasks to queue
[2025-05-02 17:17:24,973] {logging_mixin.py:115} INFO - [2025-05-02 17:17:24,973] {dagbag.py:507} INFO - Filling up the DagBag from /root/Documents/airflowalu/venv/lib/python3.9/site-packages/airflow/example_dags/plugins/workday.py
[2025-05-02 17:17:24,974] {processor.py:653} WARNING - No viable dags retrieved from /root/Documents/airflowalu/venv/lib/python3.9/site-packages/airflow/example_dags/plugins/workday.py
[2025-05-02 17:17:24,980] {processor.py:161} INFO - Processing /root/Documents/airflowalu/venv/lib/python3.9/site-packages/airflow/example_dags/plugins/workday.py took 0.009 seconds
[2025-05-02 17:17:56,493] {processor.py:153} INFO - Started process (PID=10160) to work on /root/Documents/airflowalu/venv/lib/python3.9/site-packages/airflow/example_dags/plugins/workday.py
[2025-05-02 17:17:56,494] {processor.py:641} INFO - Processing file /root/Documents/airflowalu/venv/lib/python3.9/site-packages/airflow/example_dags/plugins/workday.py for tasks to queue
[2025-05-02 17:17:56,494] {logging_mixin.py:115} INFO - [2025-05-02 17:17:56,494] {dagbag.py:507} INFO - Filling up the DagBag from /root/Documents/airflowalu/venv/lib/python3.9/site-packages/airflow/example_dags/plugins/workday.py
[2025-05-02 17:17:56,495] {processor.py:653} WARNING - No viable dags retrieved from /root/Documents/airflowalu/venv/lib/python3.9/site-packages/airflow/example_dags/plugins/workday.py
[2025-05-02 17:17:56,501] {processor.py:161} INFO - Processing /root/Documents/airflowalu/venv/lib/python3.9/site-packages/airflow/example_dags/plugins/workday.py took 0.010 seconds
[2025-05-02 17:18:28,214] {processor.py:153} INFO - Started process (PID=10293) to work on /root/Documents/airflowalu/venv/lib/python3.9/site-packages/airflow/example_dags/plugins/workday.py
[2025-05-02 17:18:28,215] {processor.py:641} INFO - Processing file /root/Documents/airflowalu/venv/lib/python3.9/site-packages/airflow/example_dags/plugins/workday.py for tasks to queue
[2025-05-02 17:18:28,215] {logging_mixin.py:115} INFO - [2025-05-02 17:18:28,215] {dagbag.py:507} INFO - Filling up the DagBag from /root/Documents/airflowalu/venv/lib/python3.9/site-packages/airflow/example_dags/plugins/workday.py
[2025-05-02 17:18:28,216] {processor.py:653} WARNING - No viable dags retrieved from /root/Documents/airflowalu/venv/lib/python3.9/site-packages/airflow/example_dags/plugins/workday.py
[2025-05-02 17:18:28,222] {processor.py:161} INFO - Processing /root/Documents/airflowalu/venv/lib/python3.9/site-packages/airflow/example_dags/plugins/workday.py took 0.009 seconds
[2025-05-02 17:19:01,541] {processor.py:153} INFO - Started process (PID=10432) to work on /root/Documents/airflowalu/venv/lib/python3.9/site-packages/airflow/example_dags/plugins/workday.py
[2025-05-02 17:19:01,541] {processor.py:641} INFO - Processing file /root/Documents/airflowalu/venv/lib/python3.9/site-packages/airflow/example_dags/plugins/workday.py for tasks to queue
[2025-05-02 17:19:01,542] {logging_mixin.py:115} INFO - [2025-05-02 17:19:01,542] {dagbag.py:507} INFO - Filling up the DagBag from /root/Documents/airflowalu/venv/lib/python3.9/site-packages/airflow/example_dags/plugins/workday.py
[2025-05-02 17:19:01,543] {processor.py:653} WARNING - No viable dags retrieved from /root/Documents/airflowalu/venv/lib/python3.9/site-packages/airflow/example_dags/plugins/workday.py
[2025-05-02 17:19:01,549] {processor.py:161} INFO - Processing /root/Documents/airflowalu/venv/lib/python3.9/site-packages/airflow/example_dags/plugins/workday.py took 0.010 seconds
[2025-05-02 17:19:34,251] {processor.py:153} INFO - Started process (PID=10576) to work on /root/Documents/airflowalu/venv/lib/python3.9/site-packages/airflow/example_dags/plugins/workday.py
[2025-05-02 17:19:34,252] {processor.py:641} INFO - Processing file /root/Documents/airflowalu/venv/lib/python3.9/site-packages/airflow/example_dags/plugins/workday.py for tasks to queue
[2025-05-02 17:19:34,252] {logging_mixin.py:115} INFO - [2025-05-02 17:19:34,252] {dagbag.py:507} INFO - Filling up the DagBag from /root/Documents/airflowalu/venv/lib/python3.9/site-packages/airflow/example_dags/plugins/workday.py
[2025-05-02 17:19:34,253] {processor.py:653} WARNING - No viable dags retrieved from /root/Documents/airflowalu/venv/lib/python3.9/site-packages/airflow/example_dags/plugins/workday.py
[2025-05-02 17:19:34,259] {processor.py:161} INFO - Processing /root/Documents/airflowalu/venv/lib/python3.9/site-packages/airflow/example_dags/plugins/workday.py took 0.010 seconds
[2025-05-02 17:20:07,114] {processor.py:153} INFO - Started process (PID=10715) to work on /root/Documents/airflowalu/venv/lib/python3.9/site-packages/airflow/example_dags/plugins/workday.py
[2025-05-02 17:20:07,114] {processor.py:641} INFO - Processing file /root/Documents/airflowalu/venv/lib/python3.9/site-packages/airflow/example_dags/plugins/workday.py for tasks to queue
[2025-05-02 17:20:07,115] {logging_mixin.py:115} INFO - [2025-05-02 17:20:07,115] {dagbag.py:507} INFO - Filling up the DagBag from /root/Documents/airflowalu/venv/lib/python3.9/site-packages/airflow/example_dags/plugins/workday.py
[2025-05-02 17:20:07,116] {processor.py:653} WARNING - No viable dags retrieved from /root/Documents/airflowalu/venv/lib/python3.9/site-packages/airflow/example_dags/plugins/workday.py
[2025-05-02 17:20:07,122] {processor.py:161} INFO - Processing /root/Documents/airflowalu/venv/lib/python3.9/site-packages/airflow/example_dags/plugins/workday.py took 0.010 seconds
[2025-05-02 17:20:40,418] {processor.py:153} INFO - Started process (PID=10861) to work on /root/Documents/airflowalu/venv/lib/python3.9/site-packages/airflow/example_dags/plugins/workday.py
[2025-05-02 17:20:40,419] {processor.py:641} INFO - Processing file /root/Documents/airflowalu/venv/lib/python3.9/site-packages/airflow/example_dags/plugins/workday.py for tasks to queue
[2025-05-02 17:20:40,419] {logging_mixin.py:115} INFO - [2025-05-02 17:20:40,419] {dagbag.py:507} INFO - Filling up the DagBag from /root/Documents/airflowalu/venv/lib/python3.9/site-packages/airflow/example_dags/plugins/workday.py
[2025-05-02 17:20:40,420] {processor.py:653} WARNING - No viable dags retrieved from /root/Documents/airflowalu/venv/lib/python3.9/site-packages/airflow/example_dags/plugins/workday.py
[2025-05-02 17:20:40,426] {processor.py:161} INFO - Processing /root/Documents/airflowalu/venv/lib/python3.9/site-packages/airflow/example_dags/plugins/workday.py took 0.009 seconds
[2025-05-02 17:21:12,668] {processor.py:153} INFO - Started process (PID=10999) to work on /root/Documents/airflowalu/venv/lib/python3.9/site-packages/airflow/example_dags/plugins/workday.py
[2025-05-02 17:21:12,669] {processor.py:641} INFO - Processing file /root/Documents/airflowalu/venv/lib/python3.9/site-packages/airflow/example_dags/plugins/workday.py for tasks to queue
[2025-05-02 17:21:12,669] {logging_mixin.py:115} INFO - [2025-05-02 17:21:12,669] {dagbag.py:507} INFO - Filling up the DagBag from /root/Documents/airflowalu/venv/lib/python3.9/site-packages/airflow/example_dags/plugins/workday.py
[2025-05-02 17:21:12,670] {processor.py:653} WARNING - No viable dags retrieved from /root/Documents/airflowalu/venv/lib/python3.9/site-packages/airflow/example_dags/plugins/workday.py
[2025-05-02 17:21:12,677] {processor.py:161} INFO - Processing /root/Documents/airflowalu/venv/lib/python3.9/site-packages/airflow/example_dags/plugins/workday.py took 0.010 seconds
[2025-05-02 17:21:45,833] {processor.py:153} INFO - Started process (PID=11140) to work on /root/Documents/airflowalu/venv/lib/python3.9/site-packages/airflow/example_dags/plugins/workday.py
[2025-05-02 17:21:45,834] {processor.py:641} INFO - Processing file /root/Documents/airflowalu/venv/lib/python3.9/site-packages/airflow/example_dags/plugins/workday.py for tasks to queue
[2025-05-02 17:21:45,834] {logging_mixin.py:115} INFO - [2025-05-02 17:21:45,834] {dagbag.py:507} INFO - Filling up the DagBag from /root/Documents/airflowalu/venv/lib/python3.9/site-packages/airflow/example_dags/plugins/workday.py
[2025-05-02 17:21:45,835] {processor.py:653} WARNING - No viable dags retrieved from /root/Documents/airflowalu/venv/lib/python3.9/site-packages/airflow/example_dags/plugins/workday.py
[2025-05-02 17:21:45,843] {processor.py:161} INFO - Processing /root/Documents/airflowalu/venv/lib/python3.9/site-packages/airflow/example_dags/plugins/workday.py took 0.011 seconds
[2025-05-02 17:22:16,405] {processor.py:153} INFO - Started process (PID=11274) to work on /root/Documents/airflowalu/venv/lib/python3.9/site-packages/airflow/example_dags/plugins/workday.py
[2025-05-02 17:22:16,406] {processor.py:641} INFO - Processing file /root/Documents/airflowalu/venv/lib/python3.9/site-packages/airflow/example_dags/plugins/workday.py for tasks to queue
[2025-05-02 17:22:16,406] {logging_mixin.py:115} INFO - [2025-05-02 17:22:16,406] {dagbag.py:507} INFO - Filling up the DagBag from /root/Documents/airflowalu/venv/lib/python3.9/site-packages/airflow/example_dags/plugins/workday.py
[2025-05-02 17:22:16,408] {processor.py:653} WARNING - No viable dags retrieved from /root/Documents/airflowalu/venv/lib/python3.9/site-packages/airflow/example_dags/plugins/workday.py
[2025-05-02 17:22:16,415] {processor.py:161} INFO - Processing /root/Documents/airflowalu/venv/lib/python3.9/site-packages/airflow/example_dags/plugins/workday.py took 0.012 seconds
[2025-05-02 17:22:49,827] {processor.py:153} INFO - Started process (PID=11418) to work on /root/Documents/airflowalu/venv/lib/python3.9/site-packages/airflow/example_dags/plugins/workday.py
[2025-05-02 17:22:49,828] {processor.py:641} INFO - Processing file /root/Documents/airflowalu/venv/lib/python3.9/site-packages/airflow/example_dags/plugins/workday.py for tasks to queue
[2025-05-02 17:22:49,828] {logging_mixin.py:115} INFO - [2025-05-02 17:22:49,828] {dagbag.py:507} INFO - Filling up the DagBag from /root/Documents/airflowalu/venv/lib/python3.9/site-packages/airflow/example_dags/plugins/workday.py
[2025-05-02 17:22:49,829] {processor.py:653} WARNING - No viable dags retrieved from /root/Documents/airflowalu/venv/lib/python3.9/site-packages/airflow/example_dags/plugins/workday.py
[2025-05-02 17:22:49,838] {processor.py:161} INFO - Processing /root/Documents/airflowalu/venv/lib/python3.9/site-packages/airflow/example_dags/plugins/workday.py took 0.012 seconds
[2025-05-02 17:23:22,519] {processor.py:153} INFO - Started process (PID=11557) to work on /root/Documents/airflowalu/venv/lib/python3.9/site-packages/airflow/example_dags/plugins/workday.py
[2025-05-02 17:23:22,520] {processor.py:641} INFO - Processing file /root/Documents/airflowalu/venv/lib/python3.9/site-packages/airflow/example_dags/plugins/workday.py for tasks to queue
[2025-05-02 17:23:22,520] {logging_mixin.py:115} INFO - [2025-05-02 17:23:22,520] {dagbag.py:507} INFO - Filling up the DagBag from /root/Documents/airflowalu/venv/lib/python3.9/site-packages/airflow/example_dags/plugins/workday.py
[2025-05-02 17:23:22,521] {processor.py:653} WARNING - No viable dags retrieved from /root/Documents/airflowalu/venv/lib/python3.9/site-packages/airflow/example_dags/plugins/workday.py
[2025-05-02 17:23:22,529] {processor.py:161} INFO - Processing /root/Documents/airflowalu/venv/lib/python3.9/site-packages/airflow/example_dags/plugins/workday.py took 0.012 seconds
[2025-05-02 17:24:00,352] {processor.py:153} INFO - Started process (PID=11723) to work on /root/Documents/airflowalu/venv/lib/python3.9/site-packages/airflow/example_dags/plugins/workday.py
[2025-05-02 17:24:00,353] {processor.py:641} INFO - Processing file /root/Documents/airflowalu/venv/lib/python3.9/site-packages/airflow/example_dags/plugins/workday.py for tasks to queue
[2025-05-02 17:24:00,354] {logging_mixin.py:115} INFO - [2025-05-02 17:24:00,353] {dagbag.py:507} INFO - Filling up the DagBag from /root/Documents/airflowalu/venv/lib/python3.9/site-packages/airflow/example_dags/plugins/workday.py
[2025-05-02 17:24:00,355] {processor.py:653} WARNING - No viable dags retrieved from /root/Documents/airflowalu/venv/lib/python3.9/site-packages/airflow/example_dags/plugins/workday.py
[2025-05-02 17:24:00,364] {processor.py:161} INFO - Processing /root/Documents/airflowalu/venv/lib/python3.9/site-packages/airflow/example_dags/plugins/workday.py took 0.013 seconds
[2025-05-02 17:24:32,896] {processor.py:153} INFO - Started process (PID=11862) to work on /root/Documents/airflowalu/venv/lib/python3.9/site-packages/airflow/example_dags/plugins/workday.py
[2025-05-02 17:24:32,897] {processor.py:641} INFO - Processing file /root/Documents/airflowalu/venv/lib/python3.9/site-packages/airflow/example_dags/plugins/workday.py for tasks to queue
[2025-05-02 17:24:32,897] {logging_mixin.py:115} INFO - [2025-05-02 17:24:32,897] {dagbag.py:507} INFO - Filling up the DagBag from /root/Documents/airflowalu/venv/lib/python3.9/site-packages/airflow/example_dags/plugins/workday.py
[2025-05-02 17:24:32,898] {processor.py:653} WARNING - No viable dags retrieved from /root/Documents/airflowalu/venv/lib/python3.9/site-packages/airflow/example_dags/plugins/workday.py
[2025-05-02 17:24:32,906] {processor.py:161} INFO - Processing /root/Documents/airflowalu/venv/lib/python3.9/site-packages/airflow/example_dags/plugins/workday.py took 0.012 seconds
[2025-05-02 17:25:04,851] {processor.py:153} INFO - Started process (PID=12000) to work on /root/Documents/airflowalu/venv/lib/python3.9/site-packages/airflow/example_dags/plugins/workday.py
[2025-05-02 17:25:04,852] {processor.py:641} INFO - Processing file /root/Documents/airflowalu/venv/lib/python3.9/site-packages/airflow/example_dags/plugins/workday.py for tasks to queue
[2025-05-02 17:25:04,852] {logging_mixin.py:115} INFO - [2025-05-02 17:25:04,852] {dagbag.py:507} INFO - Filling up the DagBag from /root/Documents/airflowalu/venv/lib/python3.9/site-packages/airflow/example_dags/plugins/workday.py
[2025-05-02 17:25:04,853] {processor.py:653} WARNING - No viable dags retrieved from /root/Documents/airflowalu/venv/lib/python3.9/site-packages/airflow/example_dags/plugins/workday.py
[2025-05-02 17:25:04,861] {processor.py:161} INFO - Processing /root/Documents/airflowalu/venv/lib/python3.9/site-packages/airflow/example_dags/plugins/workday.py took 0.012 seconds
[2025-05-02 17:25:38,101] {processor.py:153} INFO - Started process (PID=12140) to work on /root/Documents/airflowalu/venv/lib/python3.9/site-packages/airflow/example_dags/plugins/workday.py
[2025-05-02 17:25:38,102] {processor.py:641} INFO - Processing file /root/Documents/airflowalu/venv/lib/python3.9/site-packages/airflow/example_dags/plugins/workday.py for tasks to queue
[2025-05-02 17:25:38,102] {logging_mixin.py:115} INFO - [2025-05-02 17:25:38,102] {dagbag.py:507} INFO - Filling up the DagBag from /root/Documents/airflowalu/venv/lib/python3.9/site-packages/airflow/example_dags/plugins/workday.py
[2025-05-02 17:25:38,103] {processor.py:653} WARNING - No viable dags retrieved from /root/Documents/airflowalu/venv/lib/python3.9/site-packages/airflow/example_dags/plugins/workday.py
[2025-05-02 17:25:38,113] {processor.py:161} INFO - Processing /root/Documents/airflowalu/venv/lib/python3.9/site-packages/airflow/example_dags/plugins/workday.py took 0.013 seconds
[2025-05-02 17:26:09,979] {processor.py:153} INFO - Started process (PID=12272) to work on /root/Documents/airflowalu/venv/lib/python3.9/site-packages/airflow/example_dags/plugins/workday.py
[2025-05-02 17:26:09,979] {processor.py:641} INFO - Processing file /root/Documents/airflowalu/venv/lib/python3.9/site-packages/airflow/example_dags/plugins/workday.py for tasks to queue
[2025-05-02 17:26:09,980] {logging_mixin.py:115} INFO - [2025-05-02 17:26:09,980] {dagbag.py:507} INFO - Filling up the DagBag from /root/Documents/airflowalu/venv/lib/python3.9/site-packages/airflow/example_dags/plugins/workday.py
[2025-05-02 17:26:09,981] {processor.py:653} WARNING - No viable dags retrieved from /root/Documents/airflowalu/venv/lib/python3.9/site-packages/airflow/example_dags/plugins/workday.py
[2025-05-02 17:26:09,988] {processor.py:161} INFO - Processing /root/Documents/airflowalu/venv/lib/python3.9/site-packages/airflow/example_dags/plugins/workday.py took 0.011 seconds
[2025-05-02 17:26:47,228] {processor.py:153} INFO - Started process (PID=12426) to work on /root/Documents/airflowalu/venv/lib/python3.9/site-packages/airflow/example_dags/plugins/workday.py
[2025-05-02 17:26:47,228] {processor.py:641} INFO - Processing file /root/Documents/airflowalu/venv/lib/python3.9/site-packages/airflow/example_dags/plugins/workday.py for tasks to queue
[2025-05-02 17:26:47,229] {logging_mixin.py:115} INFO - [2025-05-02 17:26:47,229] {dagbag.py:507} INFO - Filling up the DagBag from /root/Documents/airflowalu/venv/lib/python3.9/site-packages/airflow/example_dags/plugins/workday.py
[2025-05-02 17:26:47,230] {processor.py:653} WARNING - No viable dags retrieved from /root/Documents/airflowalu/venv/lib/python3.9/site-packages/airflow/example_dags/plugins/workday.py
[2025-05-02 17:26:47,239] {processor.py:161} INFO - Processing /root/Documents/airflowalu/venv/lib/python3.9/site-packages/airflow/example_dags/plugins/workday.py took 0.013 seconds
[2025-05-02 17:27:20,415] {processor.py:153} INFO - Started process (PID=12565) to work on /root/Documents/airflowalu/venv/lib/python3.9/site-packages/airflow/example_dags/plugins/workday.py
[2025-05-02 17:27:20,415] {processor.py:641} INFO - Processing file /root/Documents/airflowalu/venv/lib/python3.9/site-packages/airflow/example_dags/plugins/workday.py for tasks to queue
[2025-05-02 17:27:20,416] {logging_mixin.py:115} INFO - [2025-05-02 17:27:20,416] {dagbag.py:507} INFO - Filling up the DagBag from /root/Documents/airflowalu/venv/lib/python3.9/site-packages/airflow/example_dags/plugins/workday.py
[2025-05-02 17:27:20,418] {processor.py:653} WARNING - No viable dags retrieved from /root/Documents/airflowalu/venv/lib/python3.9/site-packages/airflow/example_dags/plugins/workday.py
[2025-05-02 17:27:20,428] {processor.py:161} INFO - Processing /root/Documents/airflowalu/venv/lib/python3.9/site-packages/airflow/example_dags/plugins/workday.py took 0.016 seconds
[2025-05-02 17:27:55,582] {processor.py:153} INFO - Started process (PID=12710) to work on /root/Documents/airflowalu/venv/lib/python3.9/site-packages/airflow/example_dags/plugins/workday.py
[2025-05-02 17:27:55,583] {processor.py:641} INFO - Processing file /root/Documents/airflowalu/venv/lib/python3.9/site-packages/airflow/example_dags/plugins/workday.py for tasks to queue
[2025-05-02 17:27:55,583] {logging_mixin.py:115} INFO - [2025-05-02 17:27:55,583] {dagbag.py:507} INFO - Filling up the DagBag from /root/Documents/airflowalu/venv/lib/python3.9/site-packages/airflow/example_dags/plugins/workday.py
[2025-05-02 17:27:55,584] {processor.py:653} WARNING - No viable dags retrieved from /root/Documents/airflowalu/venv/lib/python3.9/site-packages/airflow/example_dags/plugins/workday.py
[2025-05-02 17:27:55,591] {processor.py:161} INFO - Processing /root/Documents/airflowalu/venv/lib/python3.9/site-packages/airflow/example_dags/plugins/workday.py took 0.011 seconds
[2025-05-02 17:30:21,634] {processor.py:153} INFO - Started process (PID=13600) to work on /root/Documents/airflowalu/venv/lib/python3.9/site-packages/airflow/example_dags/plugins/workday.py
[2025-05-02 17:30:21,635] {processor.py:641} INFO - Processing file /root/Documents/airflowalu/venv/lib/python3.9/site-packages/airflow/example_dags/plugins/workday.py for tasks to queue
[2025-05-02 17:30:21,635] {logging_mixin.py:115} INFO - [2025-05-02 17:30:21,635] {dagbag.py:507} INFO - Filling up the DagBag from /root/Documents/airflowalu/venv/lib/python3.9/site-packages/airflow/example_dags/plugins/workday.py
[2025-05-02 17:30:21,636] {processor.py:653} WARNING - No viable dags retrieved from /root/Documents/airflowalu/venv/lib/python3.9/site-packages/airflow/example_dags/plugins/workday.py
[2025-05-02 17:30:21,645] {processor.py:161} INFO - Processing /root/Documents/airflowalu/venv/lib/python3.9/site-packages/airflow/example_dags/plugins/workday.py took 0.012 seconds
[2025-05-02 17:30:53,119] {processor.py:153} INFO - Started process (PID=13809) to work on /root/Documents/airflowalu/venv/lib/python3.9/site-packages/airflow/example_dags/plugins/workday.py
[2025-05-02 17:30:53,120] {processor.py:641} INFO - Processing file /root/Documents/airflowalu/venv/lib/python3.9/site-packages/airflow/example_dags/plugins/workday.py for tasks to queue
[2025-05-02 17:30:53,120] {logging_mixin.py:115} INFO - [2025-05-02 17:30:53,120] {dagbag.py:507} INFO - Filling up the DagBag from /root/Documents/airflowalu/venv/lib/python3.9/site-packages/airflow/example_dags/plugins/workday.py
[2025-05-02 17:30:53,121] {processor.py:653} WARNING - No viable dags retrieved from /root/Documents/airflowalu/venv/lib/python3.9/site-packages/airflow/example_dags/plugins/workday.py
[2025-05-02 17:30:53,128] {processor.py:161} INFO - Processing /root/Documents/airflowalu/venv/lib/python3.9/site-packages/airflow/example_dags/plugins/workday.py took 0.010 seconds
[2025-05-02 20:40:19,227] {processor.py:153} INFO - Started process (PID=526) to work on /root/Documents/airflowalu/venv/lib/python3.9/site-packages/airflow/example_dags/plugins/workday.py
[2025-05-02 20:40:19,228] {processor.py:641} INFO - Processing file /root/Documents/airflowalu/venv/lib/python3.9/site-packages/airflow/example_dags/plugins/workday.py for tasks to queue
[2025-05-02 20:40:19,228] {logging_mixin.py:115} INFO - [2025-05-02 20:40:19,228] {dagbag.py:507} INFO - Filling up the DagBag from /root/Documents/airflowalu/venv/lib/python3.9/site-packages/airflow/example_dags/plugins/workday.py
[2025-05-02 20:40:19,229] {processor.py:653} WARNING - No viable dags retrieved from /root/Documents/airflowalu/venv/lib/python3.9/site-packages/airflow/example_dags/plugins/workday.py
[2025-05-02 20:40:19,234] {processor.py:161} INFO - Processing /root/Documents/airflowalu/venv/lib/python3.9/site-packages/airflow/example_dags/plugins/workday.py took 0.008 seconds
