[2025-05-04 21:00:04,899] {taskinstance.py:1159} INFO - Dependencies all met for <TaskInstance: meu_primeiro_dag.cria_pasta scheduled__2025-05-04T00:00:00+00:00 [queued]>
[2025-05-04 21:00:04,902] {taskinstance.py:1159} INFO - Dependencies all met for <TaskInstance: meu_primeiro_dag.cria_pasta scheduled__2025-05-04T00:00:00+00:00 [queued]>
[2025-05-04 21:00:04,902] {taskinstance.py:1356} INFO - 
--------------------------------------------------------------------------------
[2025-05-04 21:00:04,902] {taskinstance.py:1357} INFO - Starting attempt 1 of 1
[2025-05-04 21:00:04,902] {taskinstance.py:1358} INFO - 
--------------------------------------------------------------------------------
[2025-05-04 21:00:04,911] {taskinstance.py:1377} INFO - Executing <Task(BashOperator): cria_pasta> on 2025-05-04 00:00:00+00:00
[2025-05-04 21:00:04,914] {standard_task_runner.py:52} INFO - Started process 58333 to run task
[2025-05-04 21:00:04,916] {standard_task_runner.py:79} INFO - Running: ['airflow', 'tasks', 'run', 'meu_primeiro_dag', 'cria_pasta', 'scheduled__2025-05-04T00:00:00+00:00', '--job-id', '43', '--raw', '--subdir', 'DAGS_FOLDER/meu_primeiro_dag.py', '--cfg-path', '/tmp/tmpp8ph31yu', '--error-file', '/tmp/tmphp3414yw']
[2025-05-04 21:00:04,916] {standard_task_runner.py:80} INFO - Job 43: Subtask cria_pasta
[2025-05-04 21:00:04,943] {task_command.py:370} INFO - Running <TaskInstance: meu_primeiro_dag.cria_pasta scheduled__2025-05-04T00:00:00+00:00 [running]> on host Felippe.
[2025-05-04 21:00:04,976] {taskinstance.py:1569} INFO - Exporting the following env vars:
AIRFLOW_CTX_DAG_OWNER=airflow
AIRFLOW_CTX_DAG_ID=meu_primeiro_dag
AIRFLOW_CTX_TASK_ID=cria_pasta
AIRFLOW_CTX_EXECUTION_DATE=2025-05-04T00:00:00+00:00
AIRFLOW_CTX_TRY_NUMBER=1
AIRFLOW_CTX_DAG_RUN_ID=scheduled__2025-05-04T00:00:00+00:00
[2025-05-04 21:00:04,977] {subprocess.py:62} INFO - Tmp dir root location: 
 /tmp
[2025-05-04 21:00:04,977] {subprocess.py:74} INFO - Running command: ['bash', '-c', 'mkdir -p "home/Felippe/Documents/airflowalu/pasta2025-05-05T00:00:00+00:00"']
[2025-05-04 21:00:04,987] {subprocess.py:85} INFO - Output:
[2025-05-04 21:00:05,003] {subprocess.py:96} INFO - Command exited with return code 0
[2025-05-04 21:00:05,019] {taskinstance.py:1395} INFO - Marking task as SUCCESS. dag_id=meu_primeiro_dag, task_id=cria_pasta, execution_date=20250504T000000, start_date=20250505T000004, end_date=20250505T000005
[2025-05-04 21:00:05,049] {local_task_job.py:156} INFO - Task exited with return code 0
[2025-05-04 21:00:05,059] {local_task_job.py:273} INFO - 0 downstream tasks scheduled from follow-on schedule check
[2025-05-05 14:06:27,804] {taskinstance.py:1159} INFO - Dependencies all met for <TaskInstance: meu_primeiro_dag.cria_pasta scheduled__2025-05-04T00:00:00+00:00 [queued]>
[2025-05-05 14:06:27,808] {taskinstance.py:1159} INFO - Dependencies all met for <TaskInstance: meu_primeiro_dag.cria_pasta scheduled__2025-05-04T00:00:00+00:00 [queued]>
[2025-05-05 14:06:27,808] {taskinstance.py:1356} INFO - 
--------------------------------------------------------------------------------
[2025-05-05 14:06:27,808] {taskinstance.py:1357} INFO - Starting attempt 1 of 1
[2025-05-05 14:06:27,808] {taskinstance.py:1358} INFO - 
--------------------------------------------------------------------------------
[2025-05-05 14:06:27,818] {taskinstance.py:1377} INFO - Executing <Task(BashOperator): cria_pasta> on 2025-05-04 00:00:00+00:00
[2025-05-05 14:06:27,819] {standard_task_runner.py:52} INFO - Started process 4471 to run task
[2025-05-05 14:06:27,820] {standard_task_runner.py:79} INFO - Running: ['airflow', 'tasks', 'run', 'meu_primeiro_dag', 'cria_pasta', 'scheduled__2025-05-04T00:00:00+00:00', '--job-id', '47', '--raw', '--subdir', 'DAGS_FOLDER/meu_primeiro_dag.py', '--cfg-path', '/tmp/tmpee_u9q1j', '--error-file', '/tmp/tmp6r2mdv75']
[2025-05-05 14:06:27,821] {standard_task_runner.py:80} INFO - Job 47: Subtask cria_pasta
[2025-05-05 14:06:27,845] {task_command.py:370} INFO - Running <TaskInstance: meu_primeiro_dag.cria_pasta scheduled__2025-05-04T00:00:00+00:00 [running]> on host Felippe.
[2025-05-05 14:06:27,877] {taskinstance.py:1569} INFO - Exporting the following env vars:
AIRFLOW_CTX_DAG_OWNER=airflow
AIRFLOW_CTX_DAG_ID=meu_primeiro_dag
AIRFLOW_CTX_TASK_ID=cria_pasta
AIRFLOW_CTX_EXECUTION_DATE=2025-05-04T00:00:00+00:00
AIRFLOW_CTX_TRY_NUMBER=1
AIRFLOW_CTX_DAG_RUN_ID=scheduled__2025-05-04T00:00:00+00:00
[2025-05-05 14:06:27,877] {subprocess.py:62} INFO - Tmp dir root location: 
 /tmp
[2025-05-05 14:06:27,878] {subprocess.py:74} INFO - Running command: ['bash', '-c', 'mkdir -p "home/Felippe/Documents/airflowalu/pasta2025-05-05T00:00:00+00:00"']
[2025-05-05 14:06:27,881] {subprocess.py:85} INFO - Output:
[2025-05-05 14:06:27,884] {subprocess.py:96} INFO - Command exited with return code 0
[2025-05-05 14:06:27,899] {taskinstance.py:1395} INFO - Marking task as SUCCESS. dag_id=meu_primeiro_dag, task_id=cria_pasta, execution_date=20250504T000000, start_date=20250505T170627, end_date=20250505T170627
[2025-05-05 14:06:27,913] {local_task_job.py:156} INFO - Task exited with return code 0
[2025-05-05 14:06:27,921] {local_task_job.py:273} INFO - 0 downstream tasks scheduled from follow-on schedule check
