[2025-05-03 13:32:24,567] {taskinstance.py:1159} INFO - Dependencies all met for <TaskInstance: atividade_aula_4.cumprimentos scheduled__2025-05-02T00:00:00+00:00 [queued]>
[2025-05-03 13:32:24,575] {taskinstance.py:1159} INFO - Dependencies all met for <TaskInstance: atividade_aula_4.cumprimentos scheduled__2025-05-02T00:00:00+00:00 [queued]>
[2025-05-03 13:32:24,575] {taskinstance.py:1356} INFO - 
--------------------------------------------------------------------------------
[2025-05-03 13:32:24,575] {taskinstance.py:1357} INFO - Starting attempt 1 of 1
[2025-05-03 13:32:24,575] {taskinstance.py:1358} INFO - 
--------------------------------------------------------------------------------
[2025-05-03 13:32:24,594] {taskinstance.py:1377} INFO - Executing <Task(PythonOperator): cumprimentos> on 2025-05-02 00:00:00+00:00
[2025-05-03 13:32:24,595] {standard_task_runner.py:52} INFO - Started process 608 to run task
[2025-05-03 13:32:24,597] {standard_task_runner.py:79} INFO - Running: ['airflow', 'tasks', 'run', 'atividade_aula_4', 'cumprimentos', 'scheduled__2025-05-02T00:00:00+00:00', '--job-id', '38', '--raw', '--subdir', 'DAGS_FOLDER/atividade_aula_4.py', '--cfg-path', '/tmp/tmpw75xjena', '--error-file', '/tmp/tmpkix1v61c']
[2025-05-03 13:32:24,598] {standard_task_runner.py:80} INFO - Job 38: Subtask cumprimentos
[2025-05-03 13:32:24,635] {task_command.py:370} INFO - Running <TaskInstance: atividade_aula_4.cumprimentos scheduled__2025-05-02T00:00:00+00:00 [running]> on host Felippe.
[2025-05-03 13:32:24,698] {taskinstance.py:1569} INFO - Exporting the following env vars:
AIRFLOW_CTX_DAG_OWNER=airflow
AIRFLOW_CTX_DAG_ID=atividade_aula_4
AIRFLOW_CTX_TASK_ID=cumprimentos
AIRFLOW_CTX_EXECUTION_DATE=2025-05-02T00:00:00+00:00
AIRFLOW_CTX_TRY_NUMBER=1
AIRFLOW_CTX_DAG_RUN_ID=scheduled__2025-05-02T00:00:00+00:00
[2025-05-03 13:32:24,699] {logging_mixin.py:115} INFO - Boas-vindas ao Airflow!
[2025-05-03 13:32:24,699] {python.py:173} INFO - Done. Returned value was: None
[2025-05-03 13:32:24,709] {taskinstance.py:1395} INFO - Marking task as SUCCESS. dag_id=atividade_aula_4, task_id=cumprimentos, execution_date=20250502T000000, start_date=20250503T163224, end_date=20250503T163224
[2025-05-03 13:32:24,731] {local_task_job.py:156} INFO - Task exited with return code 0
[2025-05-03 13:32:24,751] {local_task_job.py:273} INFO - 0 downstream tasks scheduled from follow-on schedule check
