[2025-05-04 21:00:02,731] {taskinstance.py:1159} INFO - Dependencies all met for <TaskInstance: atividade_aula_4.cumprimentos scheduled__2025-05-04T00:00:00+00:00 [queued]>
[2025-05-04 21:00:02,734] {taskinstance.py:1159} INFO - Dependencies all met for <TaskInstance: atividade_aula_4.cumprimentos scheduled__2025-05-04T00:00:00+00:00 [queued]>
[2025-05-04 21:00:02,734] {taskinstance.py:1356} INFO - 
--------------------------------------------------------------------------------
[2025-05-04 21:00:02,734] {taskinstance.py:1357} INFO - Starting attempt 1 of 1
[2025-05-04 21:00:02,734] {taskinstance.py:1358} INFO - 
--------------------------------------------------------------------------------
[2025-05-04 21:00:02,745] {taskinstance.py:1377} INFO - Executing <Task(PythonOperator): cumprimentos> on 2025-05-04 00:00:00+00:00
[2025-05-04 21:00:02,747] {standard_task_runner.py:52} INFO - Started process 58329 to run task
[2025-05-04 21:00:02,749] {standard_task_runner.py:79} INFO - Running: ['airflow', 'tasks', 'run', 'atividade_aula_4', 'cumprimentos', 'scheduled__2025-05-04T00:00:00+00:00', '--job-id', '42', '--raw', '--subdir', 'DAGS_FOLDER/atividade_aula_4.py', '--cfg-path', '/tmp/tmpqdinu9co', '--error-file', '/tmp/tmpigxugj1i']
[2025-05-04 21:00:02,749] {standard_task_runner.py:80} INFO - Job 42: Subtask cumprimentos
[2025-05-04 21:00:02,780] {task_command.py:370} INFO - Running <TaskInstance: atividade_aula_4.cumprimentos scheduled__2025-05-04T00:00:00+00:00 [running]> on host Felippe.
[2025-05-04 21:00:02,814] {taskinstance.py:1569} INFO - Exporting the following env vars:
AIRFLOW_CTX_DAG_OWNER=airflow
AIRFLOW_CTX_DAG_ID=atividade_aula_4
AIRFLOW_CTX_TASK_ID=cumprimentos
AIRFLOW_CTX_EXECUTION_DATE=2025-05-04T00:00:00+00:00
AIRFLOW_CTX_TRY_NUMBER=1
AIRFLOW_CTX_DAG_RUN_ID=scheduled__2025-05-04T00:00:00+00:00
[2025-05-04 21:00:02,814] {logging_mixin.py:115} INFO - Boas-vindas ao Airflow!
[2025-05-04 21:00:02,814] {python.py:173} INFO - Done. Returned value was: None
[2025-05-04 21:00:02,818] {taskinstance.py:1395} INFO - Marking task as SUCCESS. dag_id=atividade_aula_4, task_id=cumprimentos, execution_date=20250504T000000, start_date=20250505T000002, end_date=20250505T000002
[2025-05-04 21:00:02,841] {local_task_job.py:156} INFO - Task exited with return code 0
[2025-05-04 21:00:02,852] {local_task_job.py:273} INFO - 0 downstream tasks scheduled from follow-on schedule check
