[2025-05-02 17:22:24,083] {processor.py:153} INFO - Started process (PID=11305) to work on /root/Documents/airflowalu/dags/atividade_aula_4.py
[2025-05-02 17:22:24,083] {processor.py:641} INFO - Processing file /root/Documents/airflowalu/dags/atividade_aula_4.py for tasks to queue
[2025-05-02 17:22:24,084] {logging_mixin.py:115} INFO - [2025-05-02 17:22:24,084] {dagbag.py:507} INFO - Filling up the DagBag from /root/Documents/airflowalu/dags/atividade_aula_4.py
[2025-05-02 17:22:24,091] {processor.py:651} INFO - DAG(s) dict_keys(['atividade_aula_4']) retrieved from /root/Documents/airflowalu/dags/atividade_aula_4.py
[2025-05-02 17:22:24,157] {logging_mixin.py:115} INFO - [2025-05-02 17:22:24,157] {manager.py:508} INFO - Created Permission View: can edit on DAG:atividade_aula_4
[2025-05-02 17:22:24,170] {logging_mixin.py:115} INFO - [2025-05-02 17:22:24,170] {manager.py:508} INFO - Created Permission View: can delete on DAG:atividade_aula_4
[2025-05-02 17:22:24,181] {logging_mixin.py:115} INFO - [2025-05-02 17:22:24,181] {manager.py:508} INFO - Created Permission View: can read on DAG:atividade_aula_4
[2025-05-02 17:22:24,181] {logging_mixin.py:115} INFO - [2025-05-02 17:22:24,181] {dag.py:2379} INFO - Sync 1 DAGs
[2025-05-02 17:22:24,186] {logging_mixin.py:115} INFO - [2025-05-02 17:22:24,186] {dag.py:2398} INFO - Creating ORM DAG for atividade_aula_4
[2025-05-02 17:22:24,194] {logging_mixin.py:115} INFO - [2025-05-02 17:22:24,194] {dag.py:2927} INFO - Setting next_dagrun for atividade_aula_4 to 2025-05-01T00:00:00+00:00, run_after=2025-05-02T00:00:00+00:00
[2025-05-02 17:22:24,207] {processor.py:161} INFO - Processing /root/Documents/airflowalu/dags/atividade_aula_4.py took 0.126 seconds
[2025-05-02 17:22:55,575] {processor.py:153} INFO - Started process (PID=11443) to work on /root/Documents/airflowalu/dags/atividade_aula_4.py
[2025-05-02 17:22:55,576] {processor.py:641} INFO - Processing file /root/Documents/airflowalu/dags/atividade_aula_4.py for tasks to queue
[2025-05-02 17:22:55,576] {logging_mixin.py:115} INFO - [2025-05-02 17:22:55,576] {dagbag.py:507} INFO - Filling up the DagBag from /root/Documents/airflowalu/dags/atividade_aula_4.py
[2025-05-02 17:22:55,582] {processor.py:651} INFO - DAG(s) dict_keys(['atividade_aula_4']) retrieved from /root/Documents/airflowalu/dags/atividade_aula_4.py
[2025-05-02 17:22:55,590] {logging_mixin.py:115} INFO - [2025-05-02 17:22:55,590] {dag.py:2379} INFO - Sync 1 DAGs
[2025-05-02 17:22:55,600] {logging_mixin.py:115} INFO - [2025-05-02 17:22:55,600] {dag.py:2927} INFO - Setting next_dagrun for atividade_aula_4 to 2025-05-02T00:00:00+00:00, run_after=2025-05-03T00:00:00+00:00
[2025-05-02 17:22:55,610] {processor.py:161} INFO - Processing /root/Documents/airflowalu/dags/atividade_aula_4.py took 0.036 seconds
[2025-05-02 17:23:26,504] {processor.py:153} INFO - Started process (PID=11575) to work on /root/Documents/airflowalu/dags/atividade_aula_4.py
[2025-05-02 17:23:26,505] {processor.py:641} INFO - Processing file /root/Documents/airflowalu/dags/atividade_aula_4.py for tasks to queue
[2025-05-02 17:23:26,505] {logging_mixin.py:115} INFO - [2025-05-02 17:23:26,505] {dagbag.py:507} INFO - Filling up the DagBag from /root/Documents/airflowalu/dags/atividade_aula_4.py
[2025-05-02 17:23:26,511] {processor.py:651} INFO - DAG(s) dict_keys(['atividade_aula_4']) retrieved from /root/Documents/airflowalu/dags/atividade_aula_4.py
[2025-05-02 17:23:26,520] {logging_mixin.py:115} INFO - [2025-05-02 17:23:26,520] {dag.py:2379} INFO - Sync 1 DAGs
[2025-05-02 17:23:26,529] {logging_mixin.py:115} INFO - [2025-05-02 17:23:26,529] {dag.py:2927} INFO - Setting next_dagrun for atividade_aula_4 to 2025-05-02T00:00:00+00:00, run_after=2025-05-03T00:00:00+00:00
[2025-05-02 17:23:26,538] {processor.py:161} INFO - Processing /root/Documents/airflowalu/dags/atividade_aula_4.py took 0.036 seconds
[2025-05-02 17:23:56,741] {processor.py:153} INFO - Started process (PID=11705) to work on /root/Documents/airflowalu/dags/atividade_aula_4.py
[2025-05-02 17:23:56,742] {processor.py:641} INFO - Processing file /root/Documents/airflowalu/dags/atividade_aula_4.py for tasks to queue
[2025-05-02 17:23:56,742] {logging_mixin.py:115} INFO - [2025-05-02 17:23:56,742] {dagbag.py:507} INFO - Filling up the DagBag from /root/Documents/airflowalu/dags/atividade_aula_4.py
[2025-05-02 17:23:56,748] {processor.py:651} INFO - DAG(s) dict_keys(['atividade_aula_4']) retrieved from /root/Documents/airflowalu/dags/atividade_aula_4.py
[2025-05-02 17:23:56,757] {logging_mixin.py:115} INFO - [2025-05-02 17:23:56,757] {dag.py:2379} INFO - Sync 1 DAGs
[2025-05-02 17:23:56,769] {logging_mixin.py:115} INFO - [2025-05-02 17:23:56,769] {dag.py:2927} INFO - Setting next_dagrun for atividade_aula_4 to 2025-05-02T00:00:00+00:00, run_after=2025-05-03T00:00:00+00:00
[2025-05-02 17:23:56,782] {processor.py:161} INFO - Processing /root/Documents/airflowalu/dags/atividade_aula_4.py took 0.043 seconds
[2025-05-02 17:24:27,858] {processor.py:153} INFO - Started process (PID=11845) to work on /root/Documents/airflowalu/dags/atividade_aula_4.py
[2025-05-02 17:24:27,859] {processor.py:641} INFO - Processing file /root/Documents/airflowalu/dags/atividade_aula_4.py for tasks to queue
[2025-05-02 17:24:27,859] {logging_mixin.py:115} INFO - [2025-05-02 17:24:27,859] {dagbag.py:507} INFO - Filling up the DagBag from /root/Documents/airflowalu/dags/atividade_aula_4.py
[2025-05-02 17:24:27,866] {processor.py:651} INFO - DAG(s) dict_keys(['atividade_aula_4']) retrieved from /root/Documents/airflowalu/dags/atividade_aula_4.py
[2025-05-02 17:24:27,875] {logging_mixin.py:115} INFO - [2025-05-02 17:24:27,875] {dag.py:2379} INFO - Sync 1 DAGs
[2025-05-02 17:24:27,884] {logging_mixin.py:115} INFO - [2025-05-02 17:24:27,884] {dag.py:2927} INFO - Setting next_dagrun for atividade_aula_4 to 2025-05-02T00:00:00+00:00, run_after=2025-05-03T00:00:00+00:00
[2025-05-02 17:24:27,893] {processor.py:161} INFO - Processing /root/Documents/airflowalu/dags/atividade_aula_4.py took 0.037 seconds
[2025-05-02 17:24:59,377] {processor.py:153} INFO - Started process (PID=11975) to work on /root/Documents/airflowalu/dags/atividade_aula_4.py
[2025-05-02 17:24:59,378] {processor.py:641} INFO - Processing file /root/Documents/airflowalu/dags/atividade_aula_4.py for tasks to queue
[2025-05-02 17:24:59,378] {logging_mixin.py:115} INFO - [2025-05-02 17:24:59,378] {dagbag.py:507} INFO - Filling up the DagBag from /root/Documents/airflowalu/dags/atividade_aula_4.py
[2025-05-02 17:24:59,385] {processor.py:651} INFO - DAG(s) dict_keys(['atividade_aula_4']) retrieved from /root/Documents/airflowalu/dags/atividade_aula_4.py
[2025-05-02 17:24:59,395] {logging_mixin.py:115} INFO - [2025-05-02 17:24:59,394] {dag.py:2379} INFO - Sync 1 DAGs
[2025-05-02 17:24:59,404] {logging_mixin.py:115} INFO - [2025-05-02 17:24:59,404] {dag.py:2927} INFO - Setting next_dagrun for atividade_aula_4 to 2025-05-02T00:00:00+00:00, run_after=2025-05-03T00:00:00+00:00
[2025-05-02 17:24:59,415] {processor.py:161} INFO - Processing /root/Documents/airflowalu/dags/atividade_aula_4.py took 0.039 seconds
[2025-05-02 17:25:30,501] {processor.py:153} INFO - Started process (PID=12107) to work on /root/Documents/airflowalu/dags/atividade_aula_4.py
[2025-05-02 17:25:30,501] {processor.py:641} INFO - Processing file /root/Documents/airflowalu/dags/atividade_aula_4.py for tasks to queue
[2025-05-02 17:25:30,502] {logging_mixin.py:115} INFO - [2025-05-02 17:25:30,502] {dagbag.py:507} INFO - Filling up the DagBag from /root/Documents/airflowalu/dags/atividade_aula_4.py
[2025-05-02 17:25:30,508] {processor.py:651} INFO - DAG(s) dict_keys(['atividade_aula_4']) retrieved from /root/Documents/airflowalu/dags/atividade_aula_4.py
[2025-05-02 17:25:30,516] {logging_mixin.py:115} INFO - [2025-05-02 17:25:30,516] {dag.py:2379} INFO - Sync 1 DAGs
[2025-05-02 17:25:30,526] {logging_mixin.py:115} INFO - [2025-05-02 17:25:30,526] {dag.py:2927} INFO - Setting next_dagrun for atividade_aula_4 to 2025-05-02T00:00:00+00:00, run_after=2025-05-03T00:00:00+00:00
[2025-05-02 17:25:30,536] {processor.py:161} INFO - Processing /root/Documents/airflowalu/dags/atividade_aula_4.py took 0.037 seconds
[2025-05-02 17:26:01,586] {processor.py:153} INFO - Started process (PID=12240) to work on /root/Documents/airflowalu/dags/atividade_aula_4.py
[2025-05-02 17:26:01,587] {processor.py:641} INFO - Processing file /root/Documents/airflowalu/dags/atividade_aula_4.py for tasks to queue
[2025-05-02 17:26:01,587] {logging_mixin.py:115} INFO - [2025-05-02 17:26:01,587] {dagbag.py:507} INFO - Filling up the DagBag from /root/Documents/airflowalu/dags/atividade_aula_4.py
[2025-05-02 17:26:01,593] {processor.py:651} INFO - DAG(s) dict_keys(['atividade_aula_4']) retrieved from /root/Documents/airflowalu/dags/atividade_aula_4.py
[2025-05-02 17:26:01,601] {logging_mixin.py:115} INFO - [2025-05-02 17:26:01,601] {dag.py:2379} INFO - Sync 1 DAGs
[2025-05-02 17:26:01,611] {logging_mixin.py:115} INFO - [2025-05-02 17:26:01,611] {dag.py:2927} INFO - Setting next_dagrun for atividade_aula_4 to 2025-05-02T00:00:00+00:00, run_after=2025-05-03T00:00:00+00:00
[2025-05-02 17:26:01,622] {processor.py:161} INFO - Processing /root/Documents/airflowalu/dags/atividade_aula_4.py took 0.037 seconds
[2025-05-02 17:26:34,232] {processor.py:153} INFO - Started process (PID=12376) to work on /root/Documents/airflowalu/dags/atividade_aula_4.py
[2025-05-02 17:26:34,233] {processor.py:641} INFO - Processing file /root/Documents/airflowalu/dags/atividade_aula_4.py for tasks to queue
[2025-05-02 17:26:34,233] {logging_mixin.py:115} INFO - [2025-05-02 17:26:34,233] {dagbag.py:507} INFO - Filling up the DagBag from /root/Documents/airflowalu/dags/atividade_aula_4.py
[2025-05-02 17:26:34,240] {processor.py:651} INFO - DAG(s) dict_keys(['atividade_aula_4']) retrieved from /root/Documents/airflowalu/dags/atividade_aula_4.py
[2025-05-02 17:26:34,248] {logging_mixin.py:115} INFO - [2025-05-02 17:26:34,248] {dag.py:2379} INFO - Sync 1 DAGs
[2025-05-02 17:26:34,257] {logging_mixin.py:115} INFO - [2025-05-02 17:26:34,257] {dag.py:2927} INFO - Setting next_dagrun for atividade_aula_4 to 2025-05-02T00:00:00+00:00, run_after=2025-05-03T00:00:00+00:00
[2025-05-02 17:26:34,270] {processor.py:161} INFO - Processing /root/Documents/airflowalu/dags/atividade_aula_4.py took 0.040 seconds
[2025-05-02 17:27:06,500] {processor.py:153} INFO - Started process (PID=12511) to work on /root/Documents/airflowalu/dags/atividade_aula_4.py
[2025-05-02 17:27:06,502] {processor.py:641} INFO - Processing file /root/Documents/airflowalu/dags/atividade_aula_4.py for tasks to queue
[2025-05-02 17:27:06,502] {logging_mixin.py:115} INFO - [2025-05-02 17:27:06,502] {dagbag.py:507} INFO - Filling up the DagBag from /root/Documents/airflowalu/dags/atividade_aula_4.py
[2025-05-02 17:27:06,510] {processor.py:651} INFO - DAG(s) dict_keys(['atividade_aula_4']) retrieved from /root/Documents/airflowalu/dags/atividade_aula_4.py
[2025-05-02 17:27:06,519] {logging_mixin.py:115} INFO - [2025-05-02 17:27:06,518] {dag.py:2379} INFO - Sync 1 DAGs
[2025-05-02 17:27:06,529] {logging_mixin.py:115} INFO - [2025-05-02 17:27:06,529] {dag.py:2927} INFO - Setting next_dagrun for atividade_aula_4 to 2025-05-02T00:00:00+00:00, run_after=2025-05-03T00:00:00+00:00
[2025-05-02 17:27:06,540] {processor.py:161} INFO - Processing /root/Documents/airflowalu/dags/atividade_aula_4.py took 0.042 seconds
[2025-05-02 17:27:39,329] {processor.py:153} INFO - Started process (PID=12646) to work on /root/Documents/airflowalu/dags/atividade_aula_4.py
[2025-05-02 17:27:39,330] {processor.py:641} INFO - Processing file /root/Documents/airflowalu/dags/atividade_aula_4.py for tasks to queue
[2025-05-02 17:27:39,330] {logging_mixin.py:115} INFO - [2025-05-02 17:27:39,330] {dagbag.py:507} INFO - Filling up the DagBag from /root/Documents/airflowalu/dags/atividade_aula_4.py
[2025-05-02 17:27:39,334] {processor.py:651} INFO - DAG(s) dict_keys(['atividade_aula_4']) retrieved from /root/Documents/airflowalu/dags/atividade_aula_4.py
[2025-05-02 17:27:39,342] {logging_mixin.py:115} INFO - [2025-05-02 17:27:39,342] {dag.py:2379} INFO - Sync 1 DAGs
[2025-05-02 17:27:39,352] {logging_mixin.py:115} INFO - [2025-05-02 17:27:39,352] {dag.py:2927} INFO - Setting next_dagrun for atividade_aula_4 to 2025-05-02T00:00:00+00:00, run_after=2025-05-03T00:00:00+00:00
[2025-05-02 17:27:39,363] {processor.py:161} INFO - Processing /root/Documents/airflowalu/dags/atividade_aula_4.py took 0.036 seconds
[2025-05-02 17:29:50,000] {processor.py:153} INFO - Started process (PID=13385) to work on /root/Documents/airflowalu/dags/atividade_aula_4.py
[2025-05-02 17:29:50,000] {processor.py:641} INFO - Processing file /root/Documents/airflowalu/dags/atividade_aula_4.py for tasks to queue
[2025-05-02 17:29:50,001] {logging_mixin.py:115} INFO - [2025-05-02 17:29:50,001] {dagbag.py:507} INFO - Filling up the DagBag from /root/Documents/airflowalu/dags/atividade_aula_4.py
[2025-05-02 17:29:50,005] {processor.py:651} INFO - DAG(s) dict_keys(['atividade_aula_4']) retrieved from /root/Documents/airflowalu/dags/atividade_aula_4.py
[2025-05-02 17:29:50,014] {logging_mixin.py:115} INFO - [2025-05-02 17:29:50,013] {dag.py:2379} INFO - Sync 1 DAGs
[2025-05-02 17:29:50,025] {logging_mixin.py:115} INFO - [2025-05-02 17:29:50,025] {dag.py:2927} INFO - Setting next_dagrun for atividade_aula_4 to 2025-05-02T00:00:00+00:00, run_after=2025-05-03T00:00:00+00:00
[2025-05-02 17:29:50,034] {processor.py:161} INFO - Processing /root/Documents/airflowalu/dags/atividade_aula_4.py took 0.036 seconds
[2025-05-02 17:30:23,368] {processor.py:153} INFO - Started process (PID=13606) to work on /root/Documents/airflowalu/dags/atividade_aula_4.py
[2025-05-02 17:30:23,369] {processor.py:641} INFO - Processing file /root/Documents/airflowalu/dags/atividade_aula_4.py for tasks to queue
[2025-05-02 17:30:23,370] {logging_mixin.py:115} INFO - [2025-05-02 17:30:23,370] {dagbag.py:507} INFO - Filling up the DagBag from /root/Documents/airflowalu/dags/atividade_aula_4.py
[2025-05-02 17:30:23,376] {processor.py:651} INFO - DAG(s) dict_keys(['atividade_aula_4']) retrieved from /root/Documents/airflowalu/dags/atividade_aula_4.py
[2025-05-02 17:30:23,389] {logging_mixin.py:115} INFO - [2025-05-02 17:30:23,389] {dag.py:2379} INFO - Sync 1 DAGs
[2025-05-02 17:30:23,403] {logging_mixin.py:115} INFO - [2025-05-02 17:30:23,403] {dag.py:2927} INFO - Setting next_dagrun for atividade_aula_4 to 2025-05-02T00:00:00+00:00, run_after=2025-05-03T00:00:00+00:00
[2025-05-02 17:30:23,414] {processor.py:161} INFO - Processing /root/Documents/airflowalu/dags/atividade_aula_4.py took 0.047 seconds
[2025-05-02 17:30:55,324] {processor.py:153} INFO - Started process (PID=13825) to work on /root/Documents/airflowalu/dags/atividade_aula_4.py
[2025-05-02 17:30:55,325] {processor.py:641} INFO - Processing file /root/Documents/airflowalu/dags/atividade_aula_4.py for tasks to queue
[2025-05-02 17:30:55,325] {logging_mixin.py:115} INFO - [2025-05-02 17:30:55,325] {dagbag.py:507} INFO - Filling up the DagBag from /root/Documents/airflowalu/dags/atividade_aula_4.py
[2025-05-02 17:30:55,330] {processor.py:651} INFO - DAG(s) dict_keys(['atividade_aula_4']) retrieved from /root/Documents/airflowalu/dags/atividade_aula_4.py
[2025-05-02 17:30:55,339] {logging_mixin.py:115} INFO - [2025-05-02 17:30:55,339] {dag.py:2379} INFO - Sync 1 DAGs
[2025-05-02 17:30:55,350] {logging_mixin.py:115} INFO - [2025-05-02 17:30:55,350] {dag.py:2927} INFO - Setting next_dagrun for atividade_aula_4 to 2025-05-02T00:00:00+00:00, run_after=2025-05-03T00:00:00+00:00
[2025-05-02 17:30:55,363] {processor.py:161} INFO - Processing /root/Documents/airflowalu/dags/atividade_aula_4.py took 0.040 seconds
[2025-05-02 20:39:49,918] {processor.py:153} INFO - Started process (PID=457) to work on /root/Documents/airflowalu/dags/atividade_aula_4.py
[2025-05-02 20:39:49,919] {processor.py:641} INFO - Processing file /root/Documents/airflowalu/dags/atividade_aula_4.py for tasks to queue
[2025-05-02 20:39:49,919] {logging_mixin.py:115} INFO - [2025-05-02 20:39:49,919] {dagbag.py:507} INFO - Filling up the DagBag from /root/Documents/airflowalu/dags/atividade_aula_4.py
[2025-05-02 20:39:49,927] {processor.py:651} INFO - DAG(s) dict_keys(['atividade_aula_4']) retrieved from /root/Documents/airflowalu/dags/atividade_aula_4.py
[2025-05-02 20:39:49,940] {logging_mixin.py:115} INFO - [2025-05-02 20:39:49,940] {dag.py:2379} INFO - Sync 1 DAGs
[2025-05-02 20:39:49,955] {logging_mixin.py:115} INFO - [2025-05-02 20:39:49,955] {dag.py:2927} INFO - Setting next_dagrun for atividade_aula_4 to 2025-05-02T00:00:00+00:00, run_after=2025-05-03T00:00:00+00:00
[2025-05-02 20:39:49,966] {processor.py:161} INFO - Processing /root/Documents/airflowalu/dags/atividade_aula_4.py took 0.051 seconds
[2025-05-02 20:40:21,479] {processor.py:153} INFO - Started process (PID=528) to work on /root/Documents/airflowalu/dags/atividade_aula_4.py
[2025-05-02 20:40:21,479] {processor.py:641} INFO - Processing file /root/Documents/airflowalu/dags/atividade_aula_4.py for tasks to queue
[2025-05-02 20:40:21,479] {logging_mixin.py:115} INFO - [2025-05-02 20:40:21,479] {dagbag.py:507} INFO - Filling up the DagBag from /root/Documents/airflowalu/dags/atividade_aula_4.py
[2025-05-02 20:40:21,483] {processor.py:651} INFO - DAG(s) dict_keys(['atividade_aula_4']) retrieved from /root/Documents/airflowalu/dags/atividade_aula_4.py
[2025-05-02 20:40:21,490] {logging_mixin.py:115} INFO - [2025-05-02 20:40:21,490] {dag.py:2379} INFO - Sync 1 DAGs
[2025-05-02 20:40:21,500] {logging_mixin.py:115} INFO - [2025-05-02 20:40:21,500] {dag.py:2927} INFO - Setting next_dagrun for atividade_aula_4 to 2025-05-02T00:00:00+00:00, run_after=2025-05-03T00:00:00+00:00
[2025-05-02 20:40:21,509] {processor.py:161} INFO - Processing /root/Documents/airflowalu/dags/atividade_aula_4.py took 0.032 seconds
