[2025-05-02 16:57:21,692] {processor.py:153} INFO - Started process (PID=4865) to work on /root/Documents/airflowalu/dags/meu_primeiro_da.py
[2025-05-02 16:57:21,692] {processor.py:641} INFO - Processing file /root/Documents/airflowalu/dags/meu_primeiro_da.py for tasks to queue
[2025-05-02 16:57:21,693] {logging_mixin.py:115} INFO - [2025-05-02 16:57:21,693] {dagbag.py:507} INFO - Filling up the DagBag from /root/Documents/airflowalu/dags/meu_primeiro_da.py
[2025-05-02 16:57:21,697] {processor.py:651} INFO - DAG(s) dict_keys(['meu_primeiro_dag']) retrieved from /root/Documents/airflowalu/dags/meu_primeiro_da.py
[2025-05-02 16:57:21,741] {logging_mixin.py:115} INFO - [2025-05-02 16:57:21,741] {manager.py:508} INFO - Created Permission View: can edit on DAG:meu_primeiro_dag
[2025-05-02 16:57:21,751] {logging_mixin.py:115} INFO - [2025-05-02 16:57:21,751] {manager.py:508} INFO - Created Permission View: can delete on DAG:meu_primeiro_dag
[2025-05-02 16:57:21,760] {logging_mixin.py:115} INFO - [2025-05-02 16:57:21,760] {manager.py:508} INFO - Created Permission View: can read on DAG:meu_primeiro_dag
[2025-05-02 16:57:21,760] {logging_mixin.py:115} INFO - [2025-05-02 16:57:21,760] {dag.py:2379} INFO - Sync 1 DAGs
[2025-05-02 16:57:21,764] {logging_mixin.py:115} INFO - [2025-05-02 16:57:21,764] {dag.py:2398} INFO - Creating ORM DAG for meu_primeiro_dag
[2025-05-02 16:57:21,769] {logging_mixin.py:115} INFO - [2025-05-02 16:57:21,769] {dag.py:2927} INFO - Setting next_dagrun for meu_primeiro_dag to 2025-05-01T00:00:00+00:00, run_after=2025-05-02T00:00:00+00:00
[2025-05-02 16:57:21,782] {processor.py:161} INFO - Processing /root/Documents/airflowalu/dags/meu_primeiro_da.py took 0.091 seconds
[2025-05-02 16:57:52,242] {processor.py:153} INFO - Started process (PID=4996) to work on /root/Documents/airflowalu/dags/meu_primeiro_da.py
[2025-05-02 16:57:52,243] {processor.py:641} INFO - Processing file /root/Documents/airflowalu/dags/meu_primeiro_da.py for tasks to queue
[2025-05-02 16:57:52,243] {logging_mixin.py:115} INFO - [2025-05-02 16:57:52,243] {dagbag.py:507} INFO - Filling up the DagBag from /root/Documents/airflowalu/dags/meu_primeiro_da.py
[2025-05-02 16:57:52,247] {processor.py:651} INFO - DAG(s) dict_keys(['meu_primeiro_dag']) retrieved from /root/Documents/airflowalu/dags/meu_primeiro_da.py
[2025-05-02 16:57:52,256] {logging_mixin.py:115} INFO - [2025-05-02 16:57:52,256] {dag.py:2379} INFO - Sync 1 DAGs
[2025-05-02 16:57:52,266] {logging_mixin.py:115} INFO - [2025-05-02 16:57:52,266] {dag.py:2927} INFO - Setting next_dagrun for meu_primeiro_dag to 2025-05-01T00:00:00+00:00, run_after=2025-05-02T00:00:00+00:00
[2025-05-02 16:57:52,278] {processor.py:161} INFO - Processing /root/Documents/airflowalu/dags/meu_primeiro_da.py took 0.037 seconds
[2025-05-02 16:58:23,243] {processor.py:153} INFO - Started process (PID=5130) to work on /root/Documents/airflowalu/dags/meu_primeiro_da.py
[2025-05-02 16:58:23,243] {processor.py:641} INFO - Processing file /root/Documents/airflowalu/dags/meu_primeiro_da.py for tasks to queue
[2025-05-02 16:58:23,244] {logging_mixin.py:115} INFO - [2025-05-02 16:58:23,244] {dagbag.py:507} INFO - Filling up the DagBag from /root/Documents/airflowalu/dags/meu_primeiro_da.py
[2025-05-02 16:58:23,248] {processor.py:651} INFO - DAG(s) dict_keys(['meu_primeiro_dag']) retrieved from /root/Documents/airflowalu/dags/meu_primeiro_da.py
[2025-05-02 16:58:23,256] {logging_mixin.py:115} INFO - [2025-05-02 16:58:23,256] {dag.py:2379} INFO - Sync 1 DAGs
[2025-05-02 16:58:23,266] {logging_mixin.py:115} INFO - [2025-05-02 16:58:23,266] {dag.py:2927} INFO - Setting next_dagrun for meu_primeiro_dag to 2025-05-01T00:00:00+00:00, run_after=2025-05-02T00:00:00+00:00
[2025-05-02 16:58:23,277] {processor.py:161} INFO - Processing /root/Documents/airflowalu/dags/meu_primeiro_da.py took 0.036 seconds
[2025-05-02 16:58:55,876] {processor.py:153} INFO - Started process (PID=5267) to work on /root/Documents/airflowalu/dags/meu_primeiro_da.py
[2025-05-02 16:58:55,877] {processor.py:641} INFO - Processing file /root/Documents/airflowalu/dags/meu_primeiro_da.py for tasks to queue
[2025-05-02 16:58:55,877] {logging_mixin.py:115} INFO - [2025-05-02 16:58:55,877] {dagbag.py:507} INFO - Filling up the DagBag from /root/Documents/airflowalu/dags/meu_primeiro_da.py
[2025-05-02 16:58:55,882] {processor.py:651} INFO - DAG(s) dict_keys(['meu_primeiro_dag']) retrieved from /root/Documents/airflowalu/dags/meu_primeiro_da.py
[2025-05-02 16:58:55,892] {logging_mixin.py:115} INFO - [2025-05-02 16:58:55,892] {dag.py:2379} INFO - Sync 1 DAGs
[2025-05-02 16:58:55,903] {logging_mixin.py:115} INFO - [2025-05-02 16:58:55,903] {dag.py:2927} INFO - Setting next_dagrun for meu_primeiro_dag to 2025-05-01T00:00:00+00:00, run_after=2025-05-02T00:00:00+00:00
[2025-05-02 16:58:55,913] {processor.py:161} INFO - Processing /root/Documents/airflowalu/dags/meu_primeiro_da.py took 0.038 seconds
[2025-05-02 16:59:26,082] {processor.py:153} INFO - Started process (PID=5394) to work on /root/Documents/airflowalu/dags/meu_primeiro_da.py
[2025-05-02 16:59:26,083] {processor.py:641} INFO - Processing file /root/Documents/airflowalu/dags/meu_primeiro_da.py for tasks to queue
[2025-05-02 16:59:26,083] {logging_mixin.py:115} INFO - [2025-05-02 16:59:26,083] {dagbag.py:507} INFO - Filling up the DagBag from /root/Documents/airflowalu/dags/meu_primeiro_da.py
[2025-05-02 16:59:26,088] {processor.py:651} INFO - DAG(s) dict_keys(['meu_primeiro_dag']) retrieved from /root/Documents/airflowalu/dags/meu_primeiro_da.py
[2025-05-02 16:59:26,116] {logging_mixin.py:115} INFO - [2025-05-02 16:59:26,116] {dag.py:2379} INFO - Sync 1 DAGs
[2025-05-02 16:59:26,130] {logging_mixin.py:115} INFO - [2025-05-02 16:59:26,130] {dag.py:2927} INFO - Setting next_dagrun for meu_primeiro_dag to 2025-05-01T00:00:00+00:00, run_after=2025-05-02T00:00:00+00:00
[2025-05-02 16:59:26,147] {processor.py:161} INFO - Processing /root/Documents/airflowalu/dags/meu_primeiro_da.py took 0.066 seconds
[2025-05-02 16:59:56,767] {processor.py:153} INFO - Started process (PID=5522) to work on /root/Documents/airflowalu/dags/meu_primeiro_da.py
[2025-05-02 16:59:56,768] {processor.py:641} INFO - Processing file /root/Documents/airflowalu/dags/meu_primeiro_da.py for tasks to queue
[2025-05-02 16:59:56,768] {logging_mixin.py:115} INFO - [2025-05-02 16:59:56,768] {dagbag.py:507} INFO - Filling up the DagBag from /root/Documents/airflowalu/dags/meu_primeiro_da.py
[2025-05-02 16:59:56,772] {processor.py:651} INFO - DAG(s) dict_keys(['meu_primeiro_dag']) retrieved from /root/Documents/airflowalu/dags/meu_primeiro_da.py
[2025-05-02 16:59:56,781] {logging_mixin.py:115} INFO - [2025-05-02 16:59:56,781] {dag.py:2379} INFO - Sync 1 DAGs
[2025-05-02 16:59:56,791] {logging_mixin.py:115} INFO - [2025-05-02 16:59:56,791] {dag.py:2927} INFO - Setting next_dagrun for meu_primeiro_dag to 2025-05-01T00:00:00+00:00, run_after=2025-05-02T00:00:00+00:00
[2025-05-02 16:59:56,800] {processor.py:161} INFO - Processing /root/Documents/airflowalu/dags/meu_primeiro_da.py took 0.035 seconds
[2025-05-02 17:00:28,117] {processor.py:153} INFO - Started process (PID=5653) to work on /root/Documents/airflowalu/dags/meu_primeiro_da.py
[2025-05-02 17:00:28,118] {processor.py:641} INFO - Processing file /root/Documents/airflowalu/dags/meu_primeiro_da.py for tasks to queue
[2025-05-02 17:00:28,118] {logging_mixin.py:115} INFO - [2025-05-02 17:00:28,118] {dagbag.py:507} INFO - Filling up the DagBag from /root/Documents/airflowalu/dags/meu_primeiro_da.py
[2025-05-02 17:00:28,123] {processor.py:651} INFO - DAG(s) dict_keys(['meu_primeiro_dag']) retrieved from /root/Documents/airflowalu/dags/meu_primeiro_da.py
[2025-05-02 17:00:28,131] {logging_mixin.py:115} INFO - [2025-05-02 17:00:28,131] {dag.py:2379} INFO - Sync 1 DAGs
[2025-05-02 17:00:28,142] {logging_mixin.py:115} INFO - [2025-05-02 17:00:28,142] {dag.py:2927} INFO - Setting next_dagrun for meu_primeiro_dag to 2025-05-01T00:00:00+00:00, run_after=2025-05-02T00:00:00+00:00
[2025-05-02 17:00:28,152] {processor.py:161} INFO - Processing /root/Documents/airflowalu/dags/meu_primeiro_da.py took 0.036 seconds
[2025-05-02 17:01:00,700] {processor.py:153} INFO - Started process (PID=5791) to work on /root/Documents/airflowalu/dags/meu_primeiro_da.py
[2025-05-02 17:01:00,701] {processor.py:641} INFO - Processing file /root/Documents/airflowalu/dags/meu_primeiro_da.py for tasks to queue
[2025-05-02 17:01:00,701] {logging_mixin.py:115} INFO - [2025-05-02 17:01:00,701] {dagbag.py:507} INFO - Filling up the DagBag from /root/Documents/airflowalu/dags/meu_primeiro_da.py
[2025-05-02 17:01:00,706] {processor.py:651} INFO - DAG(s) dict_keys(['meu_primeiro_dag']) retrieved from /root/Documents/airflowalu/dags/meu_primeiro_da.py
[2025-05-02 17:01:00,714] {logging_mixin.py:115} INFO - [2025-05-02 17:01:00,714] {dag.py:2379} INFO - Sync 1 DAGs
[2025-05-02 17:01:00,725] {logging_mixin.py:115} INFO - [2025-05-02 17:01:00,724] {dag.py:2927} INFO - Setting next_dagrun for meu_primeiro_dag to 2025-05-01T00:00:00+00:00, run_after=2025-05-02T00:00:00+00:00
[2025-05-02 17:01:00,734] {processor.py:161} INFO - Processing /root/Documents/airflowalu/dags/meu_primeiro_da.py took 0.035 seconds
[2025-05-02 17:01:31,091] {processor.py:153} INFO - Started process (PID=5925) to work on /root/Documents/airflowalu/dags/meu_primeiro_da.py
[2025-05-02 17:01:31,092] {processor.py:641} INFO - Processing file /root/Documents/airflowalu/dags/meu_primeiro_da.py for tasks to queue
[2025-05-02 17:01:31,092] {logging_mixin.py:115} INFO - [2025-05-02 17:01:31,092] {dagbag.py:507} INFO - Filling up the DagBag from /root/Documents/airflowalu/dags/meu_primeiro_da.py
[2025-05-02 17:01:31,097] {processor.py:651} INFO - DAG(s) dict_keys(['meu_primeiro_dag']) retrieved from /root/Documents/airflowalu/dags/meu_primeiro_da.py
[2025-05-02 17:01:31,105] {logging_mixin.py:115} INFO - [2025-05-02 17:01:31,105] {dag.py:2379} INFO - Sync 1 DAGs
[2025-05-02 17:01:31,116] {logging_mixin.py:115} INFO - [2025-05-02 17:01:31,116] {dag.py:2927} INFO - Setting next_dagrun for meu_primeiro_dag to 2025-05-01T00:00:00+00:00, run_after=2025-05-02T00:00:00+00:00
[2025-05-02 17:01:31,128] {processor.py:161} INFO - Processing /root/Documents/airflowalu/dags/meu_primeiro_da.py took 0.038 seconds
[2025-05-02 17:02:01,776] {processor.py:153} INFO - Started process (PID=6056) to work on /root/Documents/airflowalu/dags/meu_primeiro_da.py
[2025-05-02 17:02:01,776] {processor.py:641} INFO - Processing file /root/Documents/airflowalu/dags/meu_primeiro_da.py for tasks to queue
[2025-05-02 17:02:01,777] {logging_mixin.py:115} INFO - [2025-05-02 17:02:01,777] {dagbag.py:507} INFO - Filling up the DagBag from /root/Documents/airflowalu/dags/meu_primeiro_da.py
[2025-05-02 17:02:01,781] {processor.py:651} INFO - DAG(s) dict_keys(['meu_primeiro_dag']) retrieved from /root/Documents/airflowalu/dags/meu_primeiro_da.py
[2025-05-02 17:02:01,790] {logging_mixin.py:115} INFO - [2025-05-02 17:02:01,790] {dag.py:2379} INFO - Sync 1 DAGs
[2025-05-02 17:02:01,801] {logging_mixin.py:115} INFO - [2025-05-02 17:02:01,801] {dag.py:2927} INFO - Setting next_dagrun for meu_primeiro_dag to 2025-05-01T00:00:00+00:00, run_after=2025-05-02T00:00:00+00:00
[2025-05-02 17:02:01,812] {processor.py:161} INFO - Processing /root/Documents/airflowalu/dags/meu_primeiro_da.py took 0.037 seconds
[2025-05-02 17:02:34,545] {processor.py:153} INFO - Started process (PID=6195) to work on /root/Documents/airflowalu/dags/meu_primeiro_da.py
[2025-05-02 17:02:34,546] {processor.py:641} INFO - Processing file /root/Documents/airflowalu/dags/meu_primeiro_da.py for tasks to queue
[2025-05-02 17:02:34,547] {logging_mixin.py:115} INFO - [2025-05-02 17:02:34,547] {dagbag.py:507} INFO - Filling up the DagBag from /root/Documents/airflowalu/dags/meu_primeiro_da.py
[2025-05-02 17:02:34,551] {processor.py:651} INFO - DAG(s) dict_keys(['meu_primeiro_dag']) retrieved from /root/Documents/airflowalu/dags/meu_primeiro_da.py
[2025-05-02 17:02:34,560] {logging_mixin.py:115} INFO - [2025-05-02 17:02:34,560] {dag.py:2379} INFO - Sync 1 DAGs
[2025-05-02 17:02:34,571] {logging_mixin.py:115} INFO - [2025-05-02 17:02:34,571] {dag.py:2927} INFO - Setting next_dagrun for meu_primeiro_dag to 2025-05-01T00:00:00+00:00, run_after=2025-05-02T00:00:00+00:00
[2025-05-02 17:02:34,582] {processor.py:161} INFO - Processing /root/Documents/airflowalu/dags/meu_primeiro_da.py took 0.038 seconds
[2025-05-02 17:03:04,971] {processor.py:153} INFO - Started process (PID=6325) to work on /root/Documents/airflowalu/dags/meu_primeiro_da.py
[2025-05-02 17:03:04,971] {processor.py:641} INFO - Processing file /root/Documents/airflowalu/dags/meu_primeiro_da.py for tasks to queue
[2025-05-02 17:03:04,972] {logging_mixin.py:115} INFO - [2025-05-02 17:03:04,971] {dagbag.py:507} INFO - Filling up the DagBag from /root/Documents/airflowalu/dags/meu_primeiro_da.py
[2025-05-02 17:03:04,976] {processor.py:651} INFO - DAG(s) dict_keys(['meu_primeiro_dag']) retrieved from /root/Documents/airflowalu/dags/meu_primeiro_da.py
[2025-05-02 17:03:04,985] {logging_mixin.py:115} INFO - [2025-05-02 17:03:04,984] {dag.py:2379} INFO - Sync 1 DAGs
[2025-05-02 17:03:04,996] {logging_mixin.py:115} INFO - [2025-05-02 17:03:04,996] {dag.py:2927} INFO - Setting next_dagrun for meu_primeiro_dag to 2025-05-02T00:00:00+00:00, run_after=2025-05-03T00:00:00+00:00
[2025-05-02 17:03:05,006] {processor.py:161} INFO - Processing /root/Documents/airflowalu/dags/meu_primeiro_da.py took 0.037 seconds
[2025-05-02 17:03:35,416] {processor.py:153} INFO - Started process (PID=6456) to work on /root/Documents/airflowalu/dags/meu_primeiro_da.py
[2025-05-02 17:03:35,416] {processor.py:641} INFO - Processing file /root/Documents/airflowalu/dags/meu_primeiro_da.py for tasks to queue
[2025-05-02 17:03:35,417] {logging_mixin.py:115} INFO - [2025-05-02 17:03:35,416] {dagbag.py:507} INFO - Filling up the DagBag from /root/Documents/airflowalu/dags/meu_primeiro_da.py
[2025-05-02 17:03:35,421] {processor.py:651} INFO - DAG(s) dict_keys(['meu_primeiro_dag']) retrieved from /root/Documents/airflowalu/dags/meu_primeiro_da.py
[2025-05-02 17:03:35,430] {logging_mixin.py:115} INFO - [2025-05-02 17:03:35,430] {dag.py:2379} INFO - Sync 1 DAGs
[2025-05-02 17:03:35,441] {logging_mixin.py:115} INFO - [2025-05-02 17:03:35,441] {dag.py:2927} INFO - Setting next_dagrun for meu_primeiro_dag to 2025-05-02T00:00:00+00:00, run_after=2025-05-03T00:00:00+00:00
[2025-05-02 17:03:35,455] {processor.py:161} INFO - Processing /root/Documents/airflowalu/dags/meu_primeiro_da.py took 0.041 seconds
[2025-05-02 17:04:07,361] {processor.py:153} INFO - Started process (PID=6594) to work on /root/Documents/airflowalu/dags/meu_primeiro_da.py
[2025-05-02 17:04:07,362] {processor.py:641} INFO - Processing file /root/Documents/airflowalu/dags/meu_primeiro_da.py for tasks to queue
[2025-05-02 17:04:07,363] {logging_mixin.py:115} INFO - [2025-05-02 17:04:07,363] {dagbag.py:507} INFO - Filling up the DagBag from /root/Documents/airflowalu/dags/meu_primeiro_da.py
[2025-05-02 17:04:07,368] {processor.py:651} INFO - DAG(s) dict_keys(['meu_primeiro_dag']) retrieved from /root/Documents/airflowalu/dags/meu_primeiro_da.py
[2025-05-02 17:04:07,378] {logging_mixin.py:115} INFO - [2025-05-02 17:04:07,377] {dag.py:2379} INFO - Sync 1 DAGs
[2025-05-02 17:04:07,391] {logging_mixin.py:115} INFO - [2025-05-02 17:04:07,391] {dag.py:2927} INFO - Setting next_dagrun for meu_primeiro_dag to 2025-05-02T00:00:00+00:00, run_after=2025-05-03T00:00:00+00:00
[2025-05-02 17:04:07,402] {processor.py:161} INFO - Processing /root/Documents/airflowalu/dags/meu_primeiro_da.py took 0.042 seconds
[2025-05-02 17:04:38,470] {processor.py:153} INFO - Started process (PID=6727) to work on /root/Documents/airflowalu/dags/meu_primeiro_da.py
[2025-05-02 17:04:38,471] {processor.py:641} INFO - Processing file /root/Documents/airflowalu/dags/meu_primeiro_da.py for tasks to queue
[2025-05-02 17:04:38,471] {logging_mixin.py:115} INFO - [2025-05-02 17:04:38,471] {dagbag.py:507} INFO - Filling up the DagBag from /root/Documents/airflowalu/dags/meu_primeiro_da.py
[2025-05-02 17:04:38,475] {processor.py:651} INFO - DAG(s) dict_keys(['meu_primeiro_dag']) retrieved from /root/Documents/airflowalu/dags/meu_primeiro_da.py
[2025-05-02 17:04:38,483] {logging_mixin.py:115} INFO - [2025-05-02 17:04:38,483] {dag.py:2379} INFO - Sync 1 DAGs
[2025-05-02 17:04:38,495] {logging_mixin.py:115} INFO - [2025-05-02 17:04:38,495] {dag.py:2927} INFO - Setting next_dagrun for meu_primeiro_dag to 2025-05-02T00:00:00+00:00, run_after=2025-05-03T00:00:00+00:00
[2025-05-02 17:04:38,504] {processor.py:161} INFO - Processing /root/Documents/airflowalu/dags/meu_primeiro_da.py took 0.036 seconds
[2025-05-02 17:05:11,167] {processor.py:153} INFO - Started process (PID=6862) to work on /root/Documents/airflowalu/dags/meu_primeiro_da.py
[2025-05-02 17:05:11,168] {processor.py:641} INFO - Processing file /root/Documents/airflowalu/dags/meu_primeiro_da.py for tasks to queue
[2025-05-02 17:05:11,169] {logging_mixin.py:115} INFO - [2025-05-02 17:05:11,168] {dagbag.py:507} INFO - Filling up the DagBag from /root/Documents/airflowalu/dags/meu_primeiro_da.py
[2025-05-02 17:05:11,173] {processor.py:651} INFO - DAG(s) dict_keys(['meu_primeiro_dag']) retrieved from /root/Documents/airflowalu/dags/meu_primeiro_da.py
[2025-05-02 17:05:11,182] {logging_mixin.py:115} INFO - [2025-05-02 17:05:11,182] {dag.py:2379} INFO - Sync 1 DAGs
[2025-05-02 17:05:11,193] {logging_mixin.py:115} INFO - [2025-05-02 17:05:11,193] {dag.py:2927} INFO - Setting next_dagrun for meu_primeiro_dag to 2025-05-02T00:00:00+00:00, run_after=2025-05-03T00:00:00+00:00
[2025-05-02 17:05:11,202] {processor.py:161} INFO - Processing /root/Documents/airflowalu/dags/meu_primeiro_da.py took 0.036 seconds
[2025-05-02 17:05:43,263] {processor.py:153} INFO - Started process (PID=7000) to work on /root/Documents/airflowalu/dags/meu_primeiro_da.py
[2025-05-02 17:05:43,264] {processor.py:641} INFO - Processing file /root/Documents/airflowalu/dags/meu_primeiro_da.py for tasks to queue
[2025-05-02 17:05:43,264] {logging_mixin.py:115} INFO - [2025-05-02 17:05:43,264] {dagbag.py:507} INFO - Filling up the DagBag from /root/Documents/airflowalu/dags/meu_primeiro_da.py
[2025-05-02 17:05:43,269] {processor.py:651} INFO - DAG(s) dict_keys(['meu_primeiro_dag']) retrieved from /root/Documents/airflowalu/dags/meu_primeiro_da.py
[2025-05-02 17:05:43,278] {logging_mixin.py:115} INFO - [2025-05-02 17:05:43,278] {dag.py:2379} INFO - Sync 1 DAGs
[2025-05-02 17:05:43,292] {logging_mixin.py:115} INFO - [2025-05-02 17:05:43,292] {dag.py:2927} INFO - Setting next_dagrun for meu_primeiro_dag to 2025-05-02T00:00:00+00:00, run_after=2025-05-03T00:00:00+00:00
[2025-05-02 17:05:43,305] {processor.py:161} INFO - Processing /root/Documents/airflowalu/dags/meu_primeiro_da.py took 0.043 seconds
[2025-05-02 17:06:13,972] {processor.py:153} INFO - Started process (PID=7133) to work on /root/Documents/airflowalu/dags/meu_primeiro_da.py
[2025-05-02 17:06:13,973] {processor.py:641} INFO - Processing file /root/Documents/airflowalu/dags/meu_primeiro_da.py for tasks to queue
[2025-05-02 17:06:13,973] {logging_mixin.py:115} INFO - [2025-05-02 17:06:13,973] {dagbag.py:507} INFO - Filling up the DagBag from /root/Documents/airflowalu/dags/meu_primeiro_da.py
[2025-05-02 17:06:13,977] {processor.py:651} INFO - DAG(s) dict_keys(['meu_primeiro_dag']) retrieved from /root/Documents/airflowalu/dags/meu_primeiro_da.py
[2025-05-02 17:06:13,986] {logging_mixin.py:115} INFO - [2025-05-02 17:06:13,986] {dag.py:2379} INFO - Sync 1 DAGs
[2025-05-02 17:06:13,998] {logging_mixin.py:115} INFO - [2025-05-02 17:06:13,998] {dag.py:2927} INFO - Setting next_dagrun for meu_primeiro_dag to 2025-05-02T00:00:00+00:00, run_after=2025-05-03T00:00:00+00:00
[2025-05-02 17:06:14,009] {processor.py:161} INFO - Processing /root/Documents/airflowalu/dags/meu_primeiro_da.py took 0.039 seconds
[2025-05-02 17:06:45,175] {processor.py:153} INFO - Started process (PID=7264) to work on /root/Documents/airflowalu/dags/meu_primeiro_da.py
[2025-05-02 17:06:45,175] {processor.py:641} INFO - Processing file /root/Documents/airflowalu/dags/meu_primeiro_da.py for tasks to queue
[2025-05-02 17:06:45,176] {logging_mixin.py:115} INFO - [2025-05-02 17:06:45,176] {dagbag.py:507} INFO - Filling up the DagBag from /root/Documents/airflowalu/dags/meu_primeiro_da.py
[2025-05-02 17:06:45,180] {processor.py:651} INFO - DAG(s) dict_keys(['meu_primeiro_dag']) retrieved from /root/Documents/airflowalu/dags/meu_primeiro_da.py
[2025-05-02 17:06:45,188] {logging_mixin.py:115} INFO - [2025-05-02 17:06:45,188] {dag.py:2379} INFO - Sync 1 DAGs
[2025-05-02 17:06:45,201] {logging_mixin.py:115} INFO - [2025-05-02 17:06:45,201] {dag.py:2927} INFO - Setting next_dagrun for meu_primeiro_dag to 2025-05-02T00:00:00+00:00, run_after=2025-05-03T00:00:00+00:00
[2025-05-02 17:06:45,212] {processor.py:161} INFO - Processing /root/Documents/airflowalu/dags/meu_primeiro_da.py took 0.039 seconds
[2025-05-02 17:07:16,243] {processor.py:153} INFO - Started process (PID=7399) to work on /root/Documents/airflowalu/dags/meu_primeiro_da.py
[2025-05-02 17:07:16,243] {processor.py:641} INFO - Processing file /root/Documents/airflowalu/dags/meu_primeiro_da.py for tasks to queue
[2025-05-02 17:07:16,244] {logging_mixin.py:115} INFO - [2025-05-02 17:07:16,244] {dagbag.py:507} INFO - Filling up the DagBag from /root/Documents/airflowalu/dags/meu_primeiro_da.py
[2025-05-02 17:07:16,248] {processor.py:651} INFO - DAG(s) dict_keys(['meu_primeiro_dag']) retrieved from /root/Documents/airflowalu/dags/meu_primeiro_da.py
[2025-05-02 17:07:16,257] {logging_mixin.py:115} INFO - [2025-05-02 17:07:16,257] {dag.py:2379} INFO - Sync 1 DAGs
[2025-05-02 17:07:16,269] {logging_mixin.py:115} INFO - [2025-05-02 17:07:16,269] {dag.py:2927} INFO - Setting next_dagrun for meu_primeiro_dag to 2025-05-02T00:00:00+00:00, run_after=2025-05-03T00:00:00+00:00
[2025-05-02 17:07:16,280] {processor.py:161} INFO - Processing /root/Documents/airflowalu/dags/meu_primeiro_da.py took 0.039 seconds
[2025-05-02 17:07:48,178] {processor.py:153} INFO - Started process (PID=7528) to work on /root/Documents/airflowalu/dags/meu_primeiro_da.py
[2025-05-02 17:07:48,179] {processor.py:641} INFO - Processing file /root/Documents/airflowalu/dags/meu_primeiro_da.py for tasks to queue
[2025-05-02 17:07:48,179] {logging_mixin.py:115} INFO - [2025-05-02 17:07:48,179] {dagbag.py:507} INFO - Filling up the DagBag from /root/Documents/airflowalu/dags/meu_primeiro_da.py
[2025-05-02 17:07:48,183] {processor.py:651} INFO - DAG(s) dict_keys(['meu_primeiro_dag']) retrieved from /root/Documents/airflowalu/dags/meu_primeiro_da.py
[2025-05-02 17:07:48,194] {logging_mixin.py:115} INFO - [2025-05-02 17:07:48,194] {dag.py:2379} INFO - Sync 1 DAGs
[2025-05-02 17:07:48,204] {logging_mixin.py:115} INFO - [2025-05-02 17:07:48,203] {dag.py:2927} INFO - Setting next_dagrun for meu_primeiro_dag to 2025-05-02T00:00:00+00:00, run_after=2025-05-03T00:00:00+00:00
[2025-05-02 17:07:48,214] {processor.py:161} INFO - Processing /root/Documents/airflowalu/dags/meu_primeiro_da.py took 0.038 seconds
[2025-05-02 17:08:20,895] {processor.py:153} INFO - Started process (PID=7669) to work on /root/Documents/airflowalu/dags/meu_primeiro_da.py
[2025-05-02 17:08:20,896] {processor.py:641} INFO - Processing file /root/Documents/airflowalu/dags/meu_primeiro_da.py for tasks to queue
[2025-05-02 17:08:20,896] {logging_mixin.py:115} INFO - [2025-05-02 17:08:20,896] {dagbag.py:507} INFO - Filling up the DagBag from /root/Documents/airflowalu/dags/meu_primeiro_da.py
[2025-05-02 17:08:20,901] {processor.py:651} INFO - DAG(s) dict_keys(['meu_primeiro_dag']) retrieved from /root/Documents/airflowalu/dags/meu_primeiro_da.py
[2025-05-02 17:08:20,914] {logging_mixin.py:115} INFO - [2025-05-02 17:08:20,914] {dag.py:2379} INFO - Sync 1 DAGs
[2025-05-02 17:08:20,925] {logging_mixin.py:115} INFO - [2025-05-02 17:08:20,924] {dag.py:2927} INFO - Setting next_dagrun for meu_primeiro_dag to 2025-05-02T00:00:00+00:00, run_after=2025-05-03T00:00:00+00:00
[2025-05-02 17:08:20,936] {processor.py:161} INFO - Processing /root/Documents/airflowalu/dags/meu_primeiro_da.py took 0.042 seconds
[2025-05-02 17:08:51,997] {processor.py:153} INFO - Started process (PID=7802) to work on /root/Documents/airflowalu/dags/meu_primeiro_da.py
[2025-05-02 17:08:51,998] {processor.py:641} INFO - Processing file /root/Documents/airflowalu/dags/meu_primeiro_da.py for tasks to queue
[2025-05-02 17:08:51,998] {logging_mixin.py:115} INFO - [2025-05-02 17:08:51,998] {dagbag.py:507} INFO - Filling up the DagBag from /root/Documents/airflowalu/dags/meu_primeiro_da.py
[2025-05-02 17:08:52,004] {processor.py:651} INFO - DAG(s) dict_keys(['meu_primeiro_dag']) retrieved from /root/Documents/airflowalu/dags/meu_primeiro_da.py
[2025-05-02 17:08:52,037] {logging_mixin.py:115} INFO - [2025-05-02 17:08:52,037] {dag.py:2379} INFO - Sync 1 DAGs
[2025-05-02 17:08:52,047] {logging_mixin.py:115} INFO - [2025-05-02 17:08:52,047] {dag.py:2927} INFO - Setting next_dagrun for meu_primeiro_dag to 2025-05-02T00:00:00+00:00, run_after=2025-05-03T00:00:00+00:00
[2025-05-02 17:08:52,063] {processor.py:161} INFO - Processing /root/Documents/airflowalu/dags/meu_primeiro_da.py took 0.068 seconds
[2025-05-02 17:09:22,939] {processor.py:153} INFO - Started process (PID=7941) to work on /root/Documents/airflowalu/dags/meu_primeiro_da.py
[2025-05-02 17:09:22,940] {processor.py:641} INFO - Processing file /root/Documents/airflowalu/dags/meu_primeiro_da.py for tasks to queue
[2025-05-02 17:09:22,940] {logging_mixin.py:115} INFO - [2025-05-02 17:09:22,940] {dagbag.py:507} INFO - Filling up the DagBag from /root/Documents/airflowalu/dags/meu_primeiro_da.py
[2025-05-02 17:09:22,945] {processor.py:651} INFO - DAG(s) dict_keys(['meu_primeiro_dag']) retrieved from /root/Documents/airflowalu/dags/meu_primeiro_da.py
[2025-05-02 17:09:22,955] {logging_mixin.py:115} INFO - [2025-05-02 17:09:22,955] {dag.py:2379} INFO - Sync 1 DAGs
[2025-05-02 17:09:22,965] {logging_mixin.py:115} INFO - [2025-05-02 17:09:22,965] {dag.py:2927} INFO - Setting next_dagrun for meu_primeiro_dag to 2025-05-02T00:00:00+00:00, run_after=2025-05-03T00:00:00+00:00
[2025-05-02 17:09:22,975] {processor.py:161} INFO - Processing /root/Documents/airflowalu/dags/meu_primeiro_da.py took 0.038 seconds
[2025-05-02 17:09:53,588] {processor.py:153} INFO - Started process (PID=8071) to work on /root/Documents/airflowalu/dags/meu_primeiro_da.py
[2025-05-02 17:09:53,589] {processor.py:641} INFO - Processing file /root/Documents/airflowalu/dags/meu_primeiro_da.py for tasks to queue
[2025-05-02 17:09:53,589] {logging_mixin.py:115} INFO - [2025-05-02 17:09:53,589] {dagbag.py:507} INFO - Filling up the DagBag from /root/Documents/airflowalu/dags/meu_primeiro_da.py
[2025-05-02 17:09:53,593] {processor.py:651} INFO - DAG(s) dict_keys(['meu_primeiro_dag']) retrieved from /root/Documents/airflowalu/dags/meu_primeiro_da.py
[2025-05-02 17:09:53,602] {logging_mixin.py:115} INFO - [2025-05-02 17:09:53,602] {dag.py:2379} INFO - Sync 1 DAGs
[2025-05-02 17:09:53,611] {logging_mixin.py:115} INFO - [2025-05-02 17:09:53,610] {dag.py:2927} INFO - Setting next_dagrun for meu_primeiro_dag to 2025-05-02T00:00:00+00:00, run_after=2025-05-03T00:00:00+00:00
[2025-05-02 17:09:53,621] {processor.py:161} INFO - Processing /root/Documents/airflowalu/dags/meu_primeiro_da.py took 0.034 seconds
[2025-05-02 17:10:23,869] {processor.py:153} INFO - Started process (PID=8193) to work on /root/Documents/airflowalu/dags/meu_primeiro_da.py
[2025-05-02 17:10:23,870] {processor.py:641} INFO - Processing file /root/Documents/airflowalu/dags/meu_primeiro_da.py for tasks to queue
[2025-05-02 17:10:23,870] {logging_mixin.py:115} INFO - [2025-05-02 17:10:23,870] {dagbag.py:507} INFO - Filling up the DagBag from /root/Documents/airflowalu/dags/meu_primeiro_da.py
[2025-05-02 17:10:23,874] {processor.py:651} INFO - DAG(s) dict_keys(['meu_primeiro_dag']) retrieved from /root/Documents/airflowalu/dags/meu_primeiro_da.py
[2025-05-02 17:10:23,884] {logging_mixin.py:115} INFO - [2025-05-02 17:10:23,884] {dag.py:2379} INFO - Sync 1 DAGs
[2025-05-02 17:10:23,893] {logging_mixin.py:115} INFO - [2025-05-02 17:10:23,893] {dag.py:2927} INFO - Setting next_dagrun for meu_primeiro_dag to 2025-05-02T00:00:00+00:00, run_after=2025-05-03T00:00:00+00:00
[2025-05-02 17:10:23,903] {processor.py:161} INFO - Processing /root/Documents/airflowalu/dags/meu_primeiro_da.py took 0.035 seconds
[2025-05-02 17:10:54,313] {processor.py:153} INFO - Started process (PID=8332) to work on /root/Documents/airflowalu/dags/meu_primeiro_da.py
[2025-05-02 17:10:54,314] {processor.py:641} INFO - Processing file /root/Documents/airflowalu/dags/meu_primeiro_da.py for tasks to queue
[2025-05-02 17:10:54,314] {logging_mixin.py:115} INFO - [2025-05-02 17:10:54,314] {dagbag.py:507} INFO - Filling up the DagBag from /root/Documents/airflowalu/dags/meu_primeiro_da.py
[2025-05-02 17:10:54,318] {processor.py:651} INFO - DAG(s) dict_keys(['meu_primeiro_dag']) retrieved from /root/Documents/airflowalu/dags/meu_primeiro_da.py
[2025-05-02 17:10:54,330] {logging_mixin.py:115} INFO - [2025-05-02 17:10:54,329] {dag.py:2379} INFO - Sync 1 DAGs
[2025-05-02 17:10:54,342] {logging_mixin.py:115} INFO - [2025-05-02 17:10:54,342] {dag.py:2927} INFO - Setting next_dagrun for meu_primeiro_dag to 2025-05-02T00:00:00+00:00, run_after=2025-05-03T00:00:00+00:00
[2025-05-02 17:10:54,352] {processor.py:161} INFO - Processing /root/Documents/airflowalu/dags/meu_primeiro_da.py took 0.040 seconds
[2025-05-02 17:11:26,754] {processor.py:153} INFO - Started process (PID=8475) to work on /root/Documents/airflowalu/dags/meu_primeiro_da.py
[2025-05-02 17:11:26,754] {processor.py:641} INFO - Processing file /root/Documents/airflowalu/dags/meu_primeiro_da.py for tasks to queue
[2025-05-02 17:11:26,755] {logging_mixin.py:115} INFO - [2025-05-02 17:11:26,755] {dagbag.py:507} INFO - Filling up the DagBag from /root/Documents/airflowalu/dags/meu_primeiro_da.py
[2025-05-02 17:11:26,759] {processor.py:651} INFO - DAG(s) dict_keys(['meu_primeiro_dag']) retrieved from /root/Documents/airflowalu/dags/meu_primeiro_da.py
[2025-05-02 17:11:26,769] {logging_mixin.py:115} INFO - [2025-05-02 17:11:26,769] {dag.py:2379} INFO - Sync 1 DAGs
[2025-05-02 17:11:26,779] {logging_mixin.py:115} INFO - [2025-05-02 17:11:26,778] {dag.py:2927} INFO - Setting next_dagrun for meu_primeiro_dag to 2025-05-02T00:00:00+00:00, run_after=2025-05-03T00:00:00+00:00
[2025-05-02 17:11:26,788] {processor.py:161} INFO - Processing /root/Documents/airflowalu/dags/meu_primeiro_da.py took 0.036 seconds
[2025-05-02 17:11:57,915] {processor.py:153} INFO - Started process (PID=8613) to work on /root/Documents/airflowalu/dags/meu_primeiro_da.py
[2025-05-02 17:11:57,915] {processor.py:641} INFO - Processing file /root/Documents/airflowalu/dags/meu_primeiro_da.py for tasks to queue
[2025-05-02 17:11:57,915] {logging_mixin.py:115} INFO - [2025-05-02 17:11:57,915] {dagbag.py:507} INFO - Filling up the DagBag from /root/Documents/airflowalu/dags/meu_primeiro_da.py
[2025-05-02 17:11:57,919] {processor.py:651} INFO - DAG(s) dict_keys(['meu_primeiro_dag']) retrieved from /root/Documents/airflowalu/dags/meu_primeiro_da.py
[2025-05-02 17:11:57,929] {logging_mixin.py:115} INFO - [2025-05-02 17:11:57,929] {dag.py:2379} INFO - Sync 1 DAGs
[2025-05-02 17:11:57,938] {logging_mixin.py:115} INFO - [2025-05-02 17:11:57,938] {dag.py:2927} INFO - Setting next_dagrun for meu_primeiro_dag to 2025-05-02T00:00:00+00:00, run_after=2025-05-03T00:00:00+00:00
[2025-05-02 17:11:57,948] {processor.py:161} INFO - Processing /root/Documents/airflowalu/dags/meu_primeiro_da.py took 0.035 seconds
[2025-05-02 17:12:31,043] {processor.py:153} INFO - Started process (PID=8756) to work on /root/Documents/airflowalu/dags/meu_primeiro_da.py
[2025-05-02 17:12:31,044] {processor.py:641} INFO - Processing file /root/Documents/airflowalu/dags/meu_primeiro_da.py for tasks to queue
[2025-05-02 17:12:31,044] {logging_mixin.py:115} INFO - [2025-05-02 17:12:31,044] {dagbag.py:507} INFO - Filling up the DagBag from /root/Documents/airflowalu/dags/meu_primeiro_da.py
[2025-05-02 17:12:31,048] {processor.py:651} INFO - DAG(s) dict_keys(['meu_primeiro_dag']) retrieved from /root/Documents/airflowalu/dags/meu_primeiro_da.py
[2025-05-02 17:12:31,058] {logging_mixin.py:115} INFO - [2025-05-02 17:12:31,058] {dag.py:2379} INFO - Sync 1 DAGs
[2025-05-02 17:12:31,066] {logging_mixin.py:115} INFO - [2025-05-02 17:12:31,066] {dag.py:2927} INFO - Setting next_dagrun for meu_primeiro_dag to 2025-05-02T00:00:00+00:00, run_after=2025-05-03T00:00:00+00:00
[2025-05-02 17:12:31,076] {processor.py:161} INFO - Processing /root/Documents/airflowalu/dags/meu_primeiro_da.py took 0.034 seconds
[2025-05-02 17:13:02,006] {processor.py:153} INFO - Started process (PID=8898) to work on /root/Documents/airflowalu/dags/meu_primeiro_da.py
[2025-05-02 17:13:02,006] {processor.py:641} INFO - Processing file /root/Documents/airflowalu/dags/meu_primeiro_da.py for tasks to queue
[2025-05-02 17:13:02,007] {logging_mixin.py:115} INFO - [2025-05-02 17:13:02,007] {dagbag.py:507} INFO - Filling up the DagBag from /root/Documents/airflowalu/dags/meu_primeiro_da.py
[2025-05-02 17:13:02,011] {processor.py:651} INFO - DAG(s) dict_keys(['meu_primeiro_dag']) retrieved from /root/Documents/airflowalu/dags/meu_primeiro_da.py
[2025-05-02 17:13:02,021] {logging_mixin.py:115} INFO - [2025-05-02 17:13:02,021] {dag.py:2379} INFO - Sync 1 DAGs
[2025-05-02 17:13:02,030] {logging_mixin.py:115} INFO - [2025-05-02 17:13:02,030] {dag.py:2927} INFO - Setting next_dagrun for meu_primeiro_dag to 2025-05-02T00:00:00+00:00, run_after=2025-05-03T00:00:00+00:00
[2025-05-02 17:13:02,039] {processor.py:161} INFO - Processing /root/Documents/airflowalu/dags/meu_primeiro_da.py took 0.035 seconds
[2025-05-02 17:13:33,086] {processor.py:153} INFO - Started process (PID=9032) to work on /root/Documents/airflowalu/dags/meu_primeiro_da.py
[2025-05-02 17:13:33,086] {processor.py:641} INFO - Processing file /root/Documents/airflowalu/dags/meu_primeiro_da.py for tasks to queue
[2025-05-02 17:13:33,087] {logging_mixin.py:115} INFO - [2025-05-02 17:13:33,086] {dagbag.py:507} INFO - Filling up the DagBag from /root/Documents/airflowalu/dags/meu_primeiro_da.py
[2025-05-02 17:13:33,090] {processor.py:651} INFO - DAG(s) dict_keys(['meu_primeiro_dag']) retrieved from /root/Documents/airflowalu/dags/meu_primeiro_da.py
[2025-05-02 17:13:33,099] {logging_mixin.py:115} INFO - [2025-05-02 17:13:33,099] {dag.py:2379} INFO - Sync 1 DAGs
[2025-05-02 17:13:33,108] {logging_mixin.py:115} INFO - [2025-05-02 17:13:33,108] {dag.py:2927} INFO - Setting next_dagrun for meu_primeiro_dag to 2025-05-02T00:00:00+00:00, run_after=2025-05-03T00:00:00+00:00
[2025-05-02 17:13:33,117] {processor.py:161} INFO - Processing /root/Documents/airflowalu/dags/meu_primeiro_da.py took 0.033 seconds
[2025-05-02 17:14:04,608] {processor.py:153} INFO - Started process (PID=9165) to work on /root/Documents/airflowalu/dags/meu_primeiro_da.py
[2025-05-02 17:14:04,608] {processor.py:641} INFO - Processing file /root/Documents/airflowalu/dags/meu_primeiro_da.py for tasks to queue
[2025-05-02 17:14:04,609] {logging_mixin.py:115} INFO - [2025-05-02 17:14:04,609] {dagbag.py:507} INFO - Filling up the DagBag from /root/Documents/airflowalu/dags/meu_primeiro_da.py
[2025-05-02 17:14:04,613] {processor.py:651} INFO - DAG(s) dict_keys(['meu_primeiro_dag']) retrieved from /root/Documents/airflowalu/dags/meu_primeiro_da.py
[2025-05-02 17:14:04,622] {logging_mixin.py:115} INFO - [2025-05-02 17:14:04,622] {dag.py:2379} INFO - Sync 1 DAGs
[2025-05-02 17:14:04,631] {logging_mixin.py:115} INFO - [2025-05-02 17:14:04,631] {dag.py:2927} INFO - Setting next_dagrun for meu_primeiro_dag to 2025-05-02T00:00:00+00:00, run_after=2025-05-03T00:00:00+00:00
[2025-05-02 17:14:04,641] {processor.py:161} INFO - Processing /root/Documents/airflowalu/dags/meu_primeiro_da.py took 0.035 seconds
[2025-05-02 17:14:35,416] {processor.py:153} INFO - Started process (PID=9296) to work on /root/Documents/airflowalu/dags/meu_primeiro_da.py
[2025-05-02 17:14:35,416] {processor.py:641} INFO - Processing file /root/Documents/airflowalu/dags/meu_primeiro_da.py for tasks to queue
[2025-05-02 17:14:35,417] {logging_mixin.py:115} INFO - [2025-05-02 17:14:35,416] {dagbag.py:507} INFO - Filling up the DagBag from /root/Documents/airflowalu/dags/meu_primeiro_da.py
[2025-05-02 17:14:35,421] {processor.py:651} INFO - DAG(s) dict_keys(['meu_primeiro_dag']) retrieved from /root/Documents/airflowalu/dags/meu_primeiro_da.py
[2025-05-02 17:14:35,431] {logging_mixin.py:115} INFO - [2025-05-02 17:14:35,431] {dag.py:2379} INFO - Sync 1 DAGs
[2025-05-02 17:14:35,443] {logging_mixin.py:115} INFO - [2025-05-02 17:14:35,443] {dag.py:2927} INFO - Setting next_dagrun for meu_primeiro_dag to 2025-05-02T00:00:00+00:00, run_after=2025-05-03T00:00:00+00:00
[2025-05-02 17:14:35,454] {processor.py:161} INFO - Processing /root/Documents/airflowalu/dags/meu_primeiro_da.py took 0.040 seconds
[2025-05-02 17:15:07,245] {processor.py:153} INFO - Started process (PID=9435) to work on /root/Documents/airflowalu/dags/meu_primeiro_da.py
[2025-05-02 17:15:07,245] {processor.py:641} INFO - Processing file /root/Documents/airflowalu/dags/meu_primeiro_da.py for tasks to queue
[2025-05-02 17:15:07,246] {logging_mixin.py:115} INFO - [2025-05-02 17:15:07,246] {dagbag.py:507} INFO - Filling up the DagBag from /root/Documents/airflowalu/dags/meu_primeiro_da.py
[2025-05-02 17:15:07,250] {processor.py:651} INFO - DAG(s) dict_keys(['meu_primeiro_dag']) retrieved from /root/Documents/airflowalu/dags/meu_primeiro_da.py
[2025-05-02 17:15:07,259] {logging_mixin.py:115} INFO - [2025-05-02 17:15:07,259] {dag.py:2379} INFO - Sync 1 DAGs
[2025-05-02 17:15:07,268] {logging_mixin.py:115} INFO - [2025-05-02 17:15:07,268] {dag.py:2927} INFO - Setting next_dagrun for meu_primeiro_dag to 2025-05-02T00:00:00+00:00, run_after=2025-05-03T00:00:00+00:00
[2025-05-02 17:15:07,279] {processor.py:161} INFO - Processing /root/Documents/airflowalu/dags/meu_primeiro_da.py took 0.036 seconds
[2025-05-02 17:15:37,658] {processor.py:153} INFO - Started process (PID=9559) to work on /root/Documents/airflowalu/dags/meu_primeiro_da.py
[2025-05-02 17:15:37,658] {processor.py:641} INFO - Processing file /root/Documents/airflowalu/dags/meu_primeiro_da.py for tasks to queue
[2025-05-02 17:15:37,659] {logging_mixin.py:115} INFO - [2025-05-02 17:15:37,659] {dagbag.py:507} INFO - Filling up the DagBag from /root/Documents/airflowalu/dags/meu_primeiro_da.py
[2025-05-02 17:15:37,663] {processor.py:651} INFO - DAG(s) dict_keys(['meu_primeiro_dag']) retrieved from /root/Documents/airflowalu/dags/meu_primeiro_da.py
[2025-05-02 17:15:37,673] {logging_mixin.py:115} INFO - [2025-05-02 17:15:37,673] {dag.py:2379} INFO - Sync 1 DAGs
[2025-05-02 17:15:37,683] {logging_mixin.py:115} INFO - [2025-05-02 17:15:37,683] {dag.py:2927} INFO - Setting next_dagrun for meu_primeiro_dag to 2025-05-02T00:00:00+00:00, run_after=2025-05-03T00:00:00+00:00
[2025-05-02 17:15:37,693] {processor.py:161} INFO - Processing /root/Documents/airflowalu/dags/meu_primeiro_da.py took 0.037 seconds
[2025-05-02 17:16:08,688] {processor.py:153} INFO - Started process (PID=9691) to work on /root/Documents/airflowalu/dags/meu_primeiro_da.py
[2025-05-02 17:16:08,689] {processor.py:641} INFO - Processing file /root/Documents/airflowalu/dags/meu_primeiro_da.py for tasks to queue
[2025-05-02 17:16:08,689] {logging_mixin.py:115} INFO - [2025-05-02 17:16:08,689] {dagbag.py:507} INFO - Filling up the DagBag from /root/Documents/airflowalu/dags/meu_primeiro_da.py
[2025-05-02 17:16:08,693] {processor.py:651} INFO - DAG(s) dict_keys(['meu_primeiro_dag']) retrieved from /root/Documents/airflowalu/dags/meu_primeiro_da.py
[2025-05-02 17:16:08,703] {logging_mixin.py:115} INFO - [2025-05-02 17:16:08,703] {dag.py:2379} INFO - Sync 1 DAGs
[2025-05-02 17:16:08,711] {logging_mixin.py:115} INFO - [2025-05-02 17:16:08,711] {dag.py:2927} INFO - Setting next_dagrun for meu_primeiro_dag to 2025-05-02T00:00:00+00:00, run_after=2025-05-03T00:00:00+00:00
[2025-05-02 17:16:08,722] {processor.py:161} INFO - Processing /root/Documents/airflowalu/dags/meu_primeiro_da.py took 0.035 seconds
[2025-05-02 17:16:40,801] {processor.py:153} INFO - Started process (PID=9828) to work on /root/Documents/airflowalu/dags/meu_primeiro_da.py
[2025-05-02 17:16:40,802] {processor.py:641} INFO - Processing file /root/Documents/airflowalu/dags/meu_primeiro_da.py for tasks to queue
[2025-05-02 17:16:40,802] {logging_mixin.py:115} INFO - [2025-05-02 17:16:40,802] {dagbag.py:507} INFO - Filling up the DagBag from /root/Documents/airflowalu/dags/meu_primeiro_da.py
[2025-05-02 17:16:40,807] {processor.py:651} INFO - DAG(s) dict_keys(['meu_primeiro_dag']) retrieved from /root/Documents/airflowalu/dags/meu_primeiro_da.py
[2025-05-02 17:16:40,816] {logging_mixin.py:115} INFO - [2025-05-02 17:16:40,816] {dag.py:2379} INFO - Sync 1 DAGs
[2025-05-02 17:16:40,826] {logging_mixin.py:115} INFO - [2025-05-02 17:16:40,826] {dag.py:2927} INFO - Setting next_dagrun for meu_primeiro_dag to 2025-05-02T00:00:00+00:00, run_after=2025-05-03T00:00:00+00:00
[2025-05-02 17:16:40,836] {processor.py:161} INFO - Processing /root/Documents/airflowalu/dags/meu_primeiro_da.py took 0.036 seconds
[2025-05-02 17:17:11,679] {processor.py:153} INFO - Started process (PID=9964) to work on /root/Documents/airflowalu/dags/meu_primeiro_da.py
[2025-05-02 17:17:11,679] {processor.py:641} INFO - Processing file /root/Documents/airflowalu/dags/meu_primeiro_da.py for tasks to queue
[2025-05-02 17:17:11,680] {logging_mixin.py:115} INFO - [2025-05-02 17:17:11,680] {dagbag.py:507} INFO - Filling up the DagBag from /root/Documents/airflowalu/dags/meu_primeiro_da.py
[2025-05-02 17:17:11,683] {processor.py:651} INFO - DAG(s) dict_keys(['meu_primeiro_dag']) retrieved from /root/Documents/airflowalu/dags/meu_primeiro_da.py
[2025-05-02 17:17:11,693] {logging_mixin.py:115} INFO - [2025-05-02 17:17:11,693] {dag.py:2379} INFO - Sync 1 DAGs
[2025-05-02 17:17:11,703] {logging_mixin.py:115} INFO - [2025-05-02 17:17:11,703] {dag.py:2927} INFO - Setting next_dagrun for meu_primeiro_dag to 2025-05-02T00:00:00+00:00, run_after=2025-05-03T00:00:00+00:00
[2025-05-02 17:17:11,714] {processor.py:161} INFO - Processing /root/Documents/airflowalu/dags/meu_primeiro_da.py took 0.036 seconds
[2025-05-02 17:17:44,390] {processor.py:153} INFO - Started process (PID=10102) to work on /root/Documents/airflowalu/dags/meu_primeiro_da.py
[2025-05-02 17:17:44,391] {processor.py:641} INFO - Processing file /root/Documents/airflowalu/dags/meu_primeiro_da.py for tasks to queue
[2025-05-02 17:17:44,391] {logging_mixin.py:115} INFO - [2025-05-02 17:17:44,391] {dagbag.py:507} INFO - Filling up the DagBag from /root/Documents/airflowalu/dags/meu_primeiro_da.py
[2025-05-02 17:17:44,395] {processor.py:651} INFO - DAG(s) dict_keys(['meu_primeiro_dag']) retrieved from /root/Documents/airflowalu/dags/meu_primeiro_da.py
[2025-05-02 17:17:44,405] {logging_mixin.py:115} INFO - [2025-05-02 17:17:44,405] {dag.py:2379} INFO - Sync 1 DAGs
[2025-05-02 17:17:44,417] {logging_mixin.py:115} INFO - [2025-05-02 17:17:44,417] {dag.py:2927} INFO - Setting next_dagrun for meu_primeiro_dag to 2025-05-02T00:00:00+00:00, run_after=2025-05-03T00:00:00+00:00
[2025-05-02 17:17:44,428] {processor.py:161} INFO - Processing /root/Documents/airflowalu/dags/meu_primeiro_da.py took 0.039 seconds
[2025-05-02 17:18:15,172] {processor.py:153} INFO - Started process (PID=10235) to work on /root/Documents/airflowalu/dags/meu_primeiro_da.py
[2025-05-02 17:18:15,172] {processor.py:641} INFO - Processing file /root/Documents/airflowalu/dags/meu_primeiro_da.py for tasks to queue
[2025-05-02 17:18:15,173] {logging_mixin.py:115} INFO - [2025-05-02 17:18:15,173] {dagbag.py:507} INFO - Filling up the DagBag from /root/Documents/airflowalu/dags/meu_primeiro_da.py
[2025-05-02 17:18:15,177] {processor.py:651} INFO - DAG(s) dict_keys(['meu_primeiro_dag']) retrieved from /root/Documents/airflowalu/dags/meu_primeiro_da.py
[2025-05-02 17:18:15,187] {logging_mixin.py:115} INFO - [2025-05-02 17:18:15,187] {dag.py:2379} INFO - Sync 1 DAGs
[2025-05-02 17:18:15,197] {logging_mixin.py:115} INFO - [2025-05-02 17:18:15,197] {dag.py:2927} INFO - Setting next_dagrun for meu_primeiro_dag to 2025-05-02T00:00:00+00:00, run_after=2025-05-03T00:00:00+00:00
[2025-05-02 17:18:15,208] {processor.py:161} INFO - Processing /root/Documents/airflowalu/dags/meu_primeiro_da.py took 0.038 seconds
[2025-05-02 17:18:45,664] {processor.py:153} INFO - Started process (PID=10361) to work on /root/Documents/airflowalu/dags/meu_primeiro_da.py
[2025-05-02 17:18:45,665] {processor.py:641} INFO - Processing file /root/Documents/airflowalu/dags/meu_primeiro_da.py for tasks to queue
[2025-05-02 17:18:45,666] {logging_mixin.py:115} INFO - [2025-05-02 17:18:45,665] {dagbag.py:507} INFO - Filling up the DagBag from /root/Documents/airflowalu/dags/meu_primeiro_da.py
[2025-05-02 17:18:45,670] {processor.py:651} INFO - DAG(s) dict_keys(['meu_primeiro_dag']) retrieved from /root/Documents/airflowalu/dags/meu_primeiro_da.py
[2025-05-02 17:18:45,682] {logging_mixin.py:115} INFO - [2025-05-02 17:18:45,682] {dag.py:2379} INFO - Sync 1 DAGs
[2025-05-02 17:18:45,693] {logging_mixin.py:115} INFO - [2025-05-02 17:18:45,693] {dag.py:2927} INFO - Setting next_dagrun for meu_primeiro_dag to 2025-05-02T00:00:00+00:00, run_after=2025-05-03T00:00:00+00:00
[2025-05-02 17:18:45,706] {processor.py:161} INFO - Processing /root/Documents/airflowalu/dags/meu_primeiro_da.py took 0.043 seconds
[2025-05-02 17:19:17,060] {processor.py:153} INFO - Started process (PID=10495) to work on /root/Documents/airflowalu/dags/meu_primeiro_da.py
[2025-05-02 17:19:17,061] {processor.py:641} INFO - Processing file /root/Documents/airflowalu/dags/meu_primeiro_da.py for tasks to queue
[2025-05-02 17:19:17,061] {logging_mixin.py:115} INFO - [2025-05-02 17:19:17,061] {dagbag.py:507} INFO - Filling up the DagBag from /root/Documents/airflowalu/dags/meu_primeiro_da.py
[2025-05-02 17:19:17,066] {processor.py:651} INFO - DAG(s) dict_keys(['meu_primeiro_dag']) retrieved from /root/Documents/airflowalu/dags/meu_primeiro_da.py
[2025-05-02 17:19:17,078] {logging_mixin.py:115} INFO - [2025-05-02 17:19:17,078] {dag.py:2379} INFO - Sync 1 DAGs
[2025-05-02 17:19:17,089] {logging_mixin.py:115} INFO - [2025-05-02 17:19:17,089] {dag.py:2927} INFO - Setting next_dagrun for meu_primeiro_dag to 2025-05-02T00:00:00+00:00, run_after=2025-05-03T00:00:00+00:00
[2025-05-02 17:19:17,101] {processor.py:161} INFO - Processing /root/Documents/airflowalu/dags/meu_primeiro_da.py took 0.043 seconds
[2025-05-02 17:19:47,928] {processor.py:153} INFO - Started process (PID=10626) to work on /root/Documents/airflowalu/dags/meu_primeiro_da.py
[2025-05-02 17:19:47,928] {processor.py:641} INFO - Processing file /root/Documents/airflowalu/dags/meu_primeiro_da.py for tasks to queue
[2025-05-02 17:19:47,929] {logging_mixin.py:115} INFO - [2025-05-02 17:19:47,929] {dagbag.py:507} INFO - Filling up the DagBag from /root/Documents/airflowalu/dags/meu_primeiro_da.py
[2025-05-02 17:19:47,933] {processor.py:651} INFO - DAG(s) dict_keys(['meu_primeiro_dag']) retrieved from /root/Documents/airflowalu/dags/meu_primeiro_da.py
[2025-05-02 17:19:47,943] {logging_mixin.py:115} INFO - [2025-05-02 17:19:47,943] {dag.py:2379} INFO - Sync 1 DAGs
[2025-05-02 17:19:47,953] {logging_mixin.py:115} INFO - [2025-05-02 17:19:47,953] {dag.py:2927} INFO - Setting next_dagrun for meu_primeiro_dag to 2025-05-02T00:00:00+00:00, run_after=2025-05-03T00:00:00+00:00
[2025-05-02 17:19:47,964] {processor.py:161} INFO - Processing /root/Documents/airflowalu/dags/meu_primeiro_da.py took 0.038 seconds
[2025-05-02 17:20:18,500] {processor.py:153} INFO - Started process (PID=10756) to work on /root/Documents/airflowalu/dags/meu_primeiro_da.py
[2025-05-02 17:20:18,501] {processor.py:641} INFO - Processing file /root/Documents/airflowalu/dags/meu_primeiro_da.py for tasks to queue
[2025-05-02 17:20:18,501] {logging_mixin.py:115} INFO - [2025-05-02 17:20:18,501] {dagbag.py:507} INFO - Filling up the DagBag from /root/Documents/airflowalu/dags/meu_primeiro_da.py
[2025-05-02 17:20:18,505] {processor.py:651} INFO - DAG(s) dict_keys(['meu_primeiro_dag']) retrieved from /root/Documents/airflowalu/dags/meu_primeiro_da.py
[2025-05-02 17:20:18,515] {logging_mixin.py:115} INFO - [2025-05-02 17:20:18,515] {dag.py:2379} INFO - Sync 1 DAGs
[2025-05-02 17:20:18,524] {logging_mixin.py:115} INFO - [2025-05-02 17:20:18,524] {dag.py:2927} INFO - Setting next_dagrun for meu_primeiro_dag to 2025-05-02T00:00:00+00:00, run_after=2025-05-03T00:00:00+00:00
[2025-05-02 17:20:18,535] {processor.py:161} INFO - Processing /root/Documents/airflowalu/dags/meu_primeiro_da.py took 0.037 seconds
[2025-05-02 17:20:49,374] {processor.py:153} INFO - Started process (PID=10897) to work on /root/Documents/airflowalu/dags/meu_primeiro_da.py
[2025-05-02 17:20:49,375] {processor.py:641} INFO - Processing file /root/Documents/airflowalu/dags/meu_primeiro_da.py for tasks to queue
[2025-05-02 17:20:49,375] {logging_mixin.py:115} INFO - [2025-05-02 17:20:49,375] {dagbag.py:507} INFO - Filling up the DagBag from /root/Documents/airflowalu/dags/meu_primeiro_da.py
[2025-05-02 17:20:49,379] {processor.py:651} INFO - DAG(s) dict_keys(['meu_primeiro_dag']) retrieved from /root/Documents/airflowalu/dags/meu_primeiro_da.py
[2025-05-02 17:20:49,389] {logging_mixin.py:115} INFO - [2025-05-02 17:20:49,389] {dag.py:2379} INFO - Sync 1 DAGs
[2025-05-02 17:20:49,399] {logging_mixin.py:115} INFO - [2025-05-02 17:20:49,399] {dag.py:2927} INFO - Setting next_dagrun for meu_primeiro_dag to 2025-05-02T00:00:00+00:00, run_after=2025-05-03T00:00:00+00:00
[2025-05-02 17:20:49,409] {processor.py:161} INFO - Processing /root/Documents/airflowalu/dags/meu_primeiro_da.py took 0.036 seconds
[2025-05-02 17:21:20,663] {processor.py:153} INFO - Started process (PID=11035) to work on /root/Documents/airflowalu/dags/meu_primeiro_da.py
[2025-05-02 17:21:20,664] {processor.py:641} INFO - Processing file /root/Documents/airflowalu/dags/meu_primeiro_da.py for tasks to queue
[2025-05-02 17:21:20,664] {logging_mixin.py:115} INFO - [2025-05-02 17:21:20,664] {dagbag.py:507} INFO - Filling up the DagBag from /root/Documents/airflowalu/dags/meu_primeiro_da.py
[2025-05-02 17:21:20,669] {processor.py:651} INFO - DAG(s) dict_keys(['meu_primeiro_dag']) retrieved from /root/Documents/airflowalu/dags/meu_primeiro_da.py
[2025-05-02 17:21:20,679] {logging_mixin.py:115} INFO - [2025-05-02 17:21:20,678] {dag.py:2379} INFO - Sync 1 DAGs
[2025-05-02 17:21:20,687] {logging_mixin.py:115} INFO - [2025-05-02 17:21:20,687] {dag.py:2927} INFO - Setting next_dagrun for meu_primeiro_dag to 2025-05-02T00:00:00+00:00, run_after=2025-05-03T00:00:00+00:00
[2025-05-02 17:21:20,697] {processor.py:161} INFO - Processing /root/Documents/airflowalu/dags/meu_primeiro_da.py took 0.035 seconds
[2025-05-02 17:21:53,698] {processor.py:153} INFO - Started process (PID=11175) to work on /root/Documents/airflowalu/dags/meu_primeiro_da.py
[2025-05-02 17:21:53,699] {processor.py:641} INFO - Processing file /root/Documents/airflowalu/dags/meu_primeiro_da.py for tasks to queue
[2025-05-02 17:21:53,699] {logging_mixin.py:115} INFO - [2025-05-02 17:21:53,699] {dagbag.py:507} INFO - Filling up the DagBag from /root/Documents/airflowalu/dags/meu_primeiro_da.py
[2025-05-02 17:21:53,704] {processor.py:651} INFO - DAG(s) dict_keys(['meu_primeiro_dag']) retrieved from /root/Documents/airflowalu/dags/meu_primeiro_da.py
[2025-05-02 17:21:53,716] {logging_mixin.py:115} INFO - [2025-05-02 17:21:53,716] {dag.py:2379} INFO - Sync 1 DAGs
[2025-05-02 17:21:53,730] {logging_mixin.py:115} INFO - [2025-05-02 17:21:53,730] {dag.py:2927} INFO - Setting next_dagrun for meu_primeiro_dag to 2025-05-02T00:00:00+00:00, run_after=2025-05-03T00:00:00+00:00
[2025-05-02 17:21:53,743] {processor.py:161} INFO - Processing /root/Documents/airflowalu/dags/meu_primeiro_da.py took 0.047 seconds
