[2025-05-02 17:22:25,331] {processor.py:153} INFO - Started process (PID=11311) to work on /root/Documents/airflowalu/dags/meu_primeiro_dag.py
[2025-05-02 17:22:25,332] {processor.py:641} INFO - Processing file /root/Documents/airflowalu/dags/meu_primeiro_dag.py for tasks to queue
[2025-05-02 17:22:25,332] {logging_mixin.py:115} INFO - [2025-05-02 17:22:25,332] {dagbag.py:507} INFO - Filling up the DagBag from /root/Documents/airflowalu/dags/meu_primeiro_dag.py
[2025-05-02 17:22:25,341] {processor.py:651} INFO - DAG(s) dict_keys(['meu_primeiro_dag']) retrieved from /root/Documents/airflowalu/dags/meu_primeiro_dag.py
[2025-05-02 17:22:25,376] {logging_mixin.py:115} INFO - [2025-05-02 17:22:25,376] {dag.py:2379} INFO - Sync 1 DAGs
[2025-05-02 17:22:25,390] {logging_mixin.py:115} INFO - [2025-05-02 17:22:25,389] {dag.py:2927} INFO - Setting next_dagrun for meu_primeiro_dag to 2025-05-02T00:00:00+00:00, run_after=2025-05-03T00:00:00+00:00
[2025-05-02 17:22:25,405] {processor.py:161} INFO - Processing /root/Documents/airflowalu/dags/meu_primeiro_dag.py took 0.076 seconds
[2025-05-02 17:22:56,714] {processor.py:153} INFO - Started process (PID=11450) to work on /root/Documents/airflowalu/dags/meu_primeiro_dag.py
[2025-05-02 17:22:56,715] {processor.py:641} INFO - Processing file /root/Documents/airflowalu/dags/meu_primeiro_dag.py for tasks to queue
[2025-05-02 17:22:56,715] {logging_mixin.py:115} INFO - [2025-05-02 17:22:56,715] {dagbag.py:507} INFO - Filling up the DagBag from /root/Documents/airflowalu/dags/meu_primeiro_dag.py
[2025-05-02 17:22:56,721] {processor.py:651} INFO - DAG(s) dict_keys(['meu_primeiro_dag']) retrieved from /root/Documents/airflowalu/dags/meu_primeiro_dag.py
[2025-05-02 17:22:56,730] {logging_mixin.py:115} INFO - [2025-05-02 17:22:56,730] {dag.py:2379} INFO - Sync 1 DAGs
[2025-05-02 17:22:56,740] {logging_mixin.py:115} INFO - [2025-05-02 17:22:56,739] {dag.py:2927} INFO - Setting next_dagrun for meu_primeiro_dag to 2025-05-02T00:00:00+00:00, run_after=2025-05-03T00:00:00+00:00
[2025-05-02 17:22:56,750] {processor.py:161} INFO - Processing /root/Documents/airflowalu/dags/meu_primeiro_dag.py took 0.037 seconds
[2025-05-02 17:23:25,520] {processor.py:153} INFO - Started process (PID=11582) to work on /root/Documents/airflowalu/dags/meu_primeiro_dag.py
[2025-05-02 17:23:25,520] {processor.py:641} INFO - Processing file /root/Documents/airflowalu/dags/meu_primeiro_dag.py for tasks to queue
[2025-05-02 17:23:25,521] {logging_mixin.py:115} INFO - [2025-05-02 17:23:25,521] {dagbag.py:507} INFO - Filling up the DagBag from /root/Documents/airflowalu/dags/meu_primeiro_dag.py
[2025-05-02 17:23:25,527] {processor.py:651} INFO - DAG(s) dict_keys(['meu_primeiro_dag']) retrieved from /root/Documents/airflowalu/dags/meu_primeiro_dag.py
[2025-05-02 17:23:25,535] {logging_mixin.py:115} INFO - [2025-05-02 17:23:25,535] {dag.py:2379} INFO - Sync 1 DAGs
[2025-05-02 17:23:25,544] {logging_mixin.py:115} INFO - [2025-05-02 17:23:25,544] {dag.py:2927} INFO - Setting next_dagrun for meu_primeiro_dag to 2025-05-02T00:00:00+00:00, run_after=2025-05-03T00:00:00+00:00
[2025-05-02 17:23:25,554] {processor.py:161} INFO - Processing /root/Documents/airflowalu/dags/meu_primeiro_dag.py took 0.036 seconds
[2025-05-02 17:23:55,670] {processor.py:153} INFO - Started process (PID=11706) to work on /root/Documents/airflowalu/dags/meu_primeiro_dag.py
[2025-05-02 17:23:55,670] {processor.py:641} INFO - Processing file /root/Documents/airflowalu/dags/meu_primeiro_dag.py for tasks to queue
[2025-05-02 17:23:55,671] {logging_mixin.py:115} INFO - [2025-05-02 17:23:55,671] {dagbag.py:507} INFO - Filling up the DagBag from /root/Documents/airflowalu/dags/meu_primeiro_dag.py
[2025-05-02 17:23:55,677] {processor.py:651} INFO - DAG(s) dict_keys(['meu_primeiro_dag']) retrieved from /root/Documents/airflowalu/dags/meu_primeiro_dag.py
[2025-05-02 17:23:55,686] {logging_mixin.py:115} INFO - [2025-05-02 17:23:55,686] {dag.py:2379} INFO - Sync 1 DAGs
[2025-05-02 17:23:55,698] {logging_mixin.py:115} INFO - [2025-05-02 17:23:55,698] {dag.py:2927} INFO - Setting next_dagrun for meu_primeiro_dag to 2025-05-02T00:00:00+00:00, run_after=2025-05-03T00:00:00+00:00
[2025-05-02 17:23:55,708] {processor.py:161} INFO - Processing /root/Documents/airflowalu/dags/meu_primeiro_dag.py took 0.040 seconds
[2025-05-02 17:24:26,603] {processor.py:153} INFO - Started process (PID=11830) to work on /root/Documents/airflowalu/dags/meu_primeiro_dag.py
[2025-05-02 17:24:26,603] {processor.py:641} INFO - Processing file /root/Documents/airflowalu/dags/meu_primeiro_dag.py for tasks to queue
[2025-05-02 17:24:26,604] {logging_mixin.py:115} INFO - [2025-05-02 17:24:26,604] {dagbag.py:507} INFO - Filling up the DagBag from /root/Documents/airflowalu/dags/meu_primeiro_dag.py
[2025-05-02 17:24:26,610] {processor.py:651} INFO - DAG(s) dict_keys(['meu_primeiro_dag']) retrieved from /root/Documents/airflowalu/dags/meu_primeiro_dag.py
[2025-05-02 17:24:26,618] {logging_mixin.py:115} INFO - [2025-05-02 17:24:26,618] {dag.py:2379} INFO - Sync 1 DAGs
[2025-05-02 17:24:26,628] {logging_mixin.py:115} INFO - [2025-05-02 17:24:26,627] {dag.py:2927} INFO - Setting next_dagrun for meu_primeiro_dag to 2025-05-02T00:00:00+00:00, run_after=2025-05-03T00:00:00+00:00
[2025-05-02 17:24:26,637] {processor.py:161} INFO - Processing /root/Documents/airflowalu/dags/meu_primeiro_dag.py took 0.035 seconds
[2025-05-02 17:25:00,506] {processor.py:153} INFO - Started process (PID=11980) to work on /root/Documents/airflowalu/dags/meu_primeiro_dag.py
[2025-05-02 17:25:00,506] {processor.py:641} INFO - Processing file /root/Documents/airflowalu/dags/meu_primeiro_dag.py for tasks to queue
[2025-05-02 17:25:00,507] {logging_mixin.py:115} INFO - [2025-05-02 17:25:00,507] {dagbag.py:507} INFO - Filling up the DagBag from /root/Documents/airflowalu/dags/meu_primeiro_dag.py
[2025-05-02 17:25:00,514] {processor.py:651} INFO - DAG(s) dict_keys(['meu_primeiro_dag']) retrieved from /root/Documents/airflowalu/dags/meu_primeiro_dag.py
[2025-05-02 17:25:00,522] {logging_mixin.py:115} INFO - [2025-05-02 17:25:00,522] {dag.py:2379} INFO - Sync 1 DAGs
[2025-05-02 17:25:00,532] {logging_mixin.py:115} INFO - [2025-05-02 17:25:00,532] {dag.py:2927} INFO - Setting next_dagrun for meu_primeiro_dag to 2025-05-02T00:00:00+00:00, run_after=2025-05-03T00:00:00+00:00
[2025-05-02 17:25:00,542] {processor.py:161} INFO - Processing /root/Documents/airflowalu/dags/meu_primeiro_dag.py took 0.037 seconds
[2025-05-02 17:25:31,630] {processor.py:153} INFO - Started process (PID=12114) to work on /root/Documents/airflowalu/dags/meu_primeiro_dag.py
[2025-05-02 17:25:31,630] {processor.py:641} INFO - Processing file /root/Documents/airflowalu/dags/meu_primeiro_dag.py for tasks to queue
[2025-05-02 17:25:31,631] {logging_mixin.py:115} INFO - [2025-05-02 17:25:31,631] {dagbag.py:507} INFO - Filling up the DagBag from /root/Documents/airflowalu/dags/meu_primeiro_dag.py
[2025-05-02 17:25:31,637] {processor.py:651} INFO - DAG(s) dict_keys(['meu_primeiro_dag']) retrieved from /root/Documents/airflowalu/dags/meu_primeiro_dag.py
[2025-05-02 17:25:31,645] {logging_mixin.py:115} INFO - [2025-05-02 17:25:31,645] {dag.py:2379} INFO - Sync 1 DAGs
[2025-05-02 17:25:31,654] {logging_mixin.py:115} INFO - [2025-05-02 17:25:31,654] {dag.py:2927} INFO - Setting next_dagrun for meu_primeiro_dag to 2025-05-02T00:00:00+00:00, run_after=2025-05-03T00:00:00+00:00
[2025-05-02 17:25:31,663] {processor.py:161} INFO - Processing /root/Documents/airflowalu/dags/meu_primeiro_dag.py took 0.035 seconds
[2025-05-02 17:26:02,713] {processor.py:153} INFO - Started process (PID=12247) to work on /root/Documents/airflowalu/dags/meu_primeiro_dag.py
[2025-05-02 17:26:02,714] {processor.py:641} INFO - Processing file /root/Documents/airflowalu/dags/meu_primeiro_dag.py for tasks to queue
[2025-05-02 17:26:02,714] {logging_mixin.py:115} INFO - [2025-05-02 17:26:02,714] {dagbag.py:507} INFO - Filling up the DagBag from /root/Documents/airflowalu/dags/meu_primeiro_dag.py
[2025-05-02 17:26:02,720] {processor.py:651} INFO - DAG(s) dict_keys(['meu_primeiro_dag']) retrieved from /root/Documents/airflowalu/dags/meu_primeiro_dag.py
[2025-05-02 17:26:02,728] {logging_mixin.py:115} INFO - [2025-05-02 17:26:02,728] {dag.py:2379} INFO - Sync 1 DAGs
[2025-05-02 17:26:02,738] {logging_mixin.py:115} INFO - [2025-05-02 17:26:02,738] {dag.py:2927} INFO - Setting next_dagrun for meu_primeiro_dag to 2025-05-02T00:00:00+00:00, run_after=2025-05-03T00:00:00+00:00
[2025-05-02 17:26:02,748] {processor.py:161} INFO - Processing /root/Documents/airflowalu/dags/meu_primeiro_dag.py took 0.037 seconds
[2025-05-02 17:26:35,358] {processor.py:153} INFO - Started process (PID=12377) to work on /root/Documents/airflowalu/dags/meu_primeiro_dag.py
[2025-05-02 17:26:35,359] {processor.py:641} INFO - Processing file /root/Documents/airflowalu/dags/meu_primeiro_dag.py for tasks to queue
[2025-05-02 17:26:35,359] {logging_mixin.py:115} INFO - [2025-05-02 17:26:35,359] {dagbag.py:507} INFO - Filling up the DagBag from /root/Documents/airflowalu/dags/meu_primeiro_dag.py
[2025-05-02 17:26:35,365] {processor.py:651} INFO - DAG(s) dict_keys(['meu_primeiro_dag']) retrieved from /root/Documents/airflowalu/dags/meu_primeiro_dag.py
[2025-05-02 17:26:35,373] {logging_mixin.py:115} INFO - [2025-05-02 17:26:35,373] {dag.py:2379} INFO - Sync 1 DAGs
[2025-05-02 17:26:35,383] {logging_mixin.py:115} INFO - [2025-05-02 17:26:35,383] {dag.py:2927} INFO - Setting next_dagrun for meu_primeiro_dag to 2025-05-02T00:00:00+00:00, run_after=2025-05-03T00:00:00+00:00
[2025-05-02 17:26:35,393] {processor.py:161} INFO - Processing /root/Documents/airflowalu/dags/meu_primeiro_dag.py took 0.036 seconds
[2025-05-02 17:27:07,624] {processor.py:153} INFO - Started process (PID=12515) to work on /root/Documents/airflowalu/dags/meu_primeiro_dag.py
[2025-05-02 17:27:07,625] {processor.py:641} INFO - Processing file /root/Documents/airflowalu/dags/meu_primeiro_dag.py for tasks to queue
[2025-05-02 17:27:07,625] {logging_mixin.py:115} INFO - [2025-05-02 17:27:07,625] {dagbag.py:507} INFO - Filling up the DagBag from /root/Documents/airflowalu/dags/meu_primeiro_dag.py
[2025-05-02 17:27:07,631] {processor.py:651} INFO - DAG(s) dict_keys(['meu_primeiro_dag']) retrieved from /root/Documents/airflowalu/dags/meu_primeiro_dag.py
[2025-05-02 17:27:07,641] {logging_mixin.py:115} INFO - [2025-05-02 17:27:07,641] {dag.py:2379} INFO - Sync 1 DAGs
[2025-05-02 17:27:07,654] {logging_mixin.py:115} INFO - [2025-05-02 17:27:07,654] {dag.py:2927} INFO - Setting next_dagrun for meu_primeiro_dag to 2025-05-02T00:00:00+00:00, run_after=2025-05-03T00:00:00+00:00
[2025-05-02 17:27:07,666] {processor.py:161} INFO - Processing /root/Documents/airflowalu/dags/meu_primeiro_dag.py took 0.043 seconds
[2025-05-02 17:27:40,459] {processor.py:153} INFO - Started process (PID=12653) to work on /root/Documents/airflowalu/dags/meu_primeiro_dag.py
[2025-05-02 17:27:40,459] {processor.py:641} INFO - Processing file /root/Documents/airflowalu/dags/meu_primeiro_dag.py for tasks to queue
[2025-05-02 17:27:40,460] {logging_mixin.py:115} INFO - [2025-05-02 17:27:40,460] {dagbag.py:507} INFO - Filling up the DagBag from /root/Documents/airflowalu/dags/meu_primeiro_dag.py
[2025-05-02 17:27:40,465] {processor.py:651} INFO - DAG(s) dict_keys(['meu_primeiro_dag']) retrieved from /root/Documents/airflowalu/dags/meu_primeiro_dag.py
[2025-05-02 17:27:40,475] {logging_mixin.py:115} INFO - [2025-05-02 17:27:40,475] {dag.py:2379} INFO - Sync 1 DAGs
[2025-05-02 17:27:40,487] {logging_mixin.py:115} INFO - [2025-05-02 17:27:40,487] {dag.py:2927} INFO - Setting next_dagrun for meu_primeiro_dag to 2025-05-02T00:00:00+00:00, run_after=2025-05-03T00:00:00+00:00
[2025-05-02 17:27:40,498] {processor.py:161} INFO - Processing /root/Documents/airflowalu/dags/meu_primeiro_dag.py took 0.042 seconds
[2025-05-02 17:29:48,859] {processor.py:153} INFO - Started process (PID=13380) to work on /root/Documents/airflowalu/dags/meu_primeiro_dag.py
[2025-05-02 17:29:48,859] {processor.py:641} INFO - Processing file /root/Documents/airflowalu/dags/meu_primeiro_dag.py for tasks to queue
[2025-05-02 17:29:48,860] {logging_mixin.py:115} INFO - [2025-05-02 17:29:48,860] {dagbag.py:507} INFO - Filling up the DagBag from /root/Documents/airflowalu/dags/meu_primeiro_dag.py
[2025-05-02 17:29:48,867] {processor.py:651} INFO - DAG(s) dict_keys(['meu_primeiro_dag']) retrieved from /root/Documents/airflowalu/dags/meu_primeiro_dag.py
[2025-05-02 17:29:48,900] {logging_mixin.py:115} INFO - [2025-05-02 17:29:48,900] {dag.py:2379} INFO - Sync 1 DAGs
[2025-05-02 17:29:48,911] {logging_mixin.py:115} INFO - [2025-05-02 17:29:48,911] {dag.py:2927} INFO - Setting next_dagrun for meu_primeiro_dag to 2025-05-02T00:00:00+00:00, run_after=2025-05-03T00:00:00+00:00
[2025-05-02 17:29:48,924] {processor.py:161} INFO - Processing /root/Documents/airflowalu/dags/meu_primeiro_dag.py took 0.068 seconds
[2025-05-02 17:30:22,236] {processor.py:153} INFO - Started process (PID=13601) to work on /root/Documents/airflowalu/dags/meu_primeiro_dag.py
[2025-05-02 17:30:22,236] {processor.py:641} INFO - Processing file /root/Documents/airflowalu/dags/meu_primeiro_dag.py for tasks to queue
[2025-05-02 17:30:22,237] {logging_mixin.py:115} INFO - [2025-05-02 17:30:22,237] {dagbag.py:507} INFO - Filling up the DagBag from /root/Documents/airflowalu/dags/meu_primeiro_dag.py
[2025-05-02 17:30:22,242] {processor.py:651} INFO - DAG(s) dict_keys(['meu_primeiro_dag']) retrieved from /root/Documents/airflowalu/dags/meu_primeiro_dag.py
[2025-05-02 17:30:22,253] {logging_mixin.py:115} INFO - [2025-05-02 17:30:22,253] {dag.py:2379} INFO - Sync 1 DAGs
[2025-05-02 17:30:22,279] {logging_mixin.py:115} INFO - [2025-05-02 17:30:22,279] {dag.py:2927} INFO - Setting next_dagrun for meu_primeiro_dag to 2025-05-02T00:00:00+00:00, run_after=2025-05-03T00:00:00+00:00
[2025-05-02 17:30:22,295] {processor.py:161} INFO - Processing /root/Documents/airflowalu/dags/meu_primeiro_dag.py took 0.060 seconds
[2025-05-02 17:30:54,243] {processor.py:153} INFO - Started process (PID=13814) to work on /root/Documents/airflowalu/dags/meu_primeiro_dag.py
[2025-05-02 17:30:54,243] {processor.py:641} INFO - Processing file /root/Documents/airflowalu/dags/meu_primeiro_dag.py for tasks to queue
[2025-05-02 17:30:54,244] {logging_mixin.py:115} INFO - [2025-05-02 17:30:54,244] {dagbag.py:507} INFO - Filling up the DagBag from /root/Documents/airflowalu/dags/meu_primeiro_dag.py
[2025-05-02 17:30:54,249] {processor.py:651} INFO - DAG(s) dict_keys(['meu_primeiro_dag']) retrieved from /root/Documents/airflowalu/dags/meu_primeiro_dag.py
[2025-05-02 17:30:54,261] {logging_mixin.py:115} INFO - [2025-05-02 17:30:54,261] {dag.py:2379} INFO - Sync 1 DAGs
[2025-05-02 17:30:54,276] {logging_mixin.py:115} INFO - [2025-05-02 17:30:54,276] {dag.py:2927} INFO - Setting next_dagrun for meu_primeiro_dag to 2025-05-02T00:00:00+00:00, run_after=2025-05-03T00:00:00+00:00
[2025-05-02 17:30:54,287] {processor.py:161} INFO - Processing /root/Documents/airflowalu/dags/meu_primeiro_dag.py took 0.046 seconds
[2025-05-02 20:39:48,779] {processor.py:153} INFO - Started process (PID=452) to work on /root/Documents/airflowalu/dags/meu_primeiro_dag.py
[2025-05-02 20:39:48,779] {processor.py:641} INFO - Processing file /root/Documents/airflowalu/dags/meu_primeiro_dag.py for tasks to queue
[2025-05-02 20:39:48,780] {logging_mixin.py:115} INFO - [2025-05-02 20:39:48,780] {dagbag.py:507} INFO - Filling up the DagBag from /root/Documents/airflowalu/dags/meu_primeiro_dag.py
[2025-05-02 20:39:48,786] {processor.py:651} INFO - DAG(s) dict_keys(['meu_primeiro_dag']) retrieved from /root/Documents/airflowalu/dags/meu_primeiro_dag.py
[2025-05-02 20:39:48,796] {logging_mixin.py:115} INFO - [2025-05-02 20:39:48,796] {dag.py:2379} INFO - Sync 1 DAGs
[2025-05-02 20:39:48,810] {logging_mixin.py:115} INFO - [2025-05-02 20:39:48,810] {dag.py:2927} INFO - Setting next_dagrun for meu_primeiro_dag to 2025-05-02T00:00:00+00:00, run_after=2025-05-03T00:00:00+00:00
[2025-05-02 20:39:48,823] {processor.py:161} INFO - Processing /root/Documents/airflowalu/dags/meu_primeiro_dag.py took 0.047 seconds
[2025-05-02 20:40:20,357] {processor.py:153} INFO - Started process (PID=527) to work on /root/Documents/airflowalu/dags/meu_primeiro_dag.py
[2025-05-02 20:40:20,357] {processor.py:641} INFO - Processing file /root/Documents/airflowalu/dags/meu_primeiro_dag.py for tasks to queue
[2025-05-02 20:40:20,358] {logging_mixin.py:115} INFO - [2025-05-02 20:40:20,358] {dagbag.py:507} INFO - Filling up the DagBag from /root/Documents/airflowalu/dags/meu_primeiro_dag.py
[2025-05-02 20:40:20,363] {processor.py:651} INFO - DAG(s) dict_keys(['meu_primeiro_dag']) retrieved from /root/Documents/airflowalu/dags/meu_primeiro_dag.py
[2025-05-02 20:40:20,372] {logging_mixin.py:115} INFO - [2025-05-02 20:40:20,372] {dag.py:2379} INFO - Sync 1 DAGs
[2025-05-02 20:40:20,387] {logging_mixin.py:115} INFO - [2025-05-02 20:40:20,387] {dag.py:2927} INFO - Setting next_dagrun for meu_primeiro_dag to 2025-05-02T00:00:00+00:00, run_after=2025-05-03T00:00:00+00:00
[2025-05-02 20:40:20,402] {processor.py:161} INFO - Processing /root/Documents/airflowalu/dags/meu_primeiro_dag.py took 0.047 seconds
