[2025-05-02 16:52:32,497] {processor.py:153} INFO - Started process (PID=2848) to work on /root/Documents/airflowalu/venv/lib/python3.9/site-packages/airflow/example_dags/example_complex.py
[2025-05-02 16:52:32,497] {processor.py:641} INFO - Processing file /root/Documents/airflowalu/venv/lib/python3.9/site-packages/airflow/example_dags/example_complex.py for tasks to queue
[2025-05-02 16:52:32,497] {logging_mixin.py:115} INFO - [2025-05-02 16:52:32,497] {dagbag.py:507} INFO - Filling up the DagBag from /root/Documents/airflowalu/venv/lib/python3.9/site-packages/airflow/example_dags/example_complex.py
[2025-05-02 16:52:32,505] {processor.py:651} INFO - DAG(s) dict_keys(['example_complex']) retrieved from /root/Documents/airflowalu/venv/lib/python3.9/site-packages/airflow/example_dags/example_complex.py
[2025-05-02 16:52:32,558] {logging_mixin.py:115} INFO - [2025-05-02 16:52:32,558] {manager.py:508} INFO - Created Permission View: can edit on DAG:example_complex
[2025-05-02 16:52:32,569] {logging_mixin.py:115} INFO - [2025-05-02 16:52:32,568] {manager.py:508} INFO - Created Permission View: can delete on DAG:example_complex
[2025-05-02 16:52:32,579] {logging_mixin.py:115} INFO - [2025-05-02 16:52:32,579] {manager.py:508} INFO - Created Permission View: can read on DAG:example_complex
[2025-05-02 16:52:32,580] {logging_mixin.py:115} INFO - [2025-05-02 16:52:32,579] {dag.py:2379} INFO - Sync 1 DAGs
[2025-05-02 16:52:32,586] {logging_mixin.py:115} INFO - [2025-05-02 16:52:32,586] {dag.py:2398} INFO - Creating ORM DAG for example_complex
[2025-05-02 16:52:32,595] {logging_mixin.py:115} INFO - [2025-05-02 16:52:32,595] {dag.py:2927} INFO - Setting next_dagrun for example_complex to None, run_after=None
[2025-05-02 16:52:32,614] {processor.py:161} INFO - Processing /root/Documents/airflowalu/venv/lib/python3.9/site-packages/airflow/example_dags/example_complex.py took 0.119 seconds
[2025-05-02 16:53:04,548] {processor.py:153} INFO - Started process (PID=2909) to work on /root/Documents/airflowalu/venv/lib/python3.9/site-packages/airflow/example_dags/example_complex.py
[2025-05-02 16:53:04,549] {processor.py:641} INFO - Processing file /root/Documents/airflowalu/venv/lib/python3.9/site-packages/airflow/example_dags/example_complex.py for tasks to queue
[2025-05-02 16:53:04,549] {logging_mixin.py:115} INFO - [2025-05-02 16:53:04,549] {dagbag.py:507} INFO - Filling up the DagBag from /root/Documents/airflowalu/venv/lib/python3.9/site-packages/airflow/example_dags/example_complex.py
[2025-05-02 16:53:04,555] {processor.py:651} INFO - DAG(s) dict_keys(['example_complex']) retrieved from /root/Documents/airflowalu/venv/lib/python3.9/site-packages/airflow/example_dags/example_complex.py
[2025-05-02 16:53:04,565] {logging_mixin.py:115} INFO - [2025-05-02 16:53:04,565] {dag.py:2379} INFO - Sync 1 DAGs
[2025-05-02 16:53:04,575] {logging_mixin.py:115} INFO - [2025-05-02 16:53:04,575] {dag.py:2927} INFO - Setting next_dagrun for example_complex to None, run_after=None
[2025-05-02 16:53:04,584] {processor.py:161} INFO - Processing /root/Documents/airflowalu/venv/lib/python3.9/site-packages/airflow/example_dags/example_complex.py took 0.038 seconds
[2025-05-02 16:53:36,112] {processor.py:153} INFO - Started process (PID=3588) to work on /root/Documents/airflowalu/venv/lib/python3.9/site-packages/airflow/example_dags/example_complex.py
[2025-05-02 16:53:36,112] {processor.py:641} INFO - Processing file /root/Documents/airflowalu/venv/lib/python3.9/site-packages/airflow/example_dags/example_complex.py for tasks to queue
[2025-05-02 16:53:36,113] {logging_mixin.py:115} INFO - [2025-05-02 16:53:36,113] {dagbag.py:507} INFO - Filling up the DagBag from /root/Documents/airflowalu/venv/lib/python3.9/site-packages/airflow/example_dags/example_complex.py
[2025-05-02 16:53:36,119] {processor.py:651} INFO - DAG(s) dict_keys(['example_complex']) retrieved from /root/Documents/airflowalu/venv/lib/python3.9/site-packages/airflow/example_dags/example_complex.py
[2025-05-02 16:53:36,132] {logging_mixin.py:115} INFO - [2025-05-02 16:53:36,131] {dag.py:2379} INFO - Sync 1 DAGs
[2025-05-02 16:53:36,144] {logging_mixin.py:115} INFO - [2025-05-02 16:53:36,144] {dag.py:2927} INFO - Setting next_dagrun for example_complex to None, run_after=None
[2025-05-02 16:53:36,154] {processor.py:161} INFO - Processing /root/Documents/airflowalu/venv/lib/python3.9/site-packages/airflow/example_dags/example_complex.py took 0.044 seconds
[2025-05-02 16:54:08,278] {processor.py:153} INFO - Started process (PID=3748) to work on /root/Documents/airflowalu/venv/lib/python3.9/site-packages/airflow/example_dags/example_complex.py
[2025-05-02 16:54:08,279] {processor.py:641} INFO - Processing file /root/Documents/airflowalu/venv/lib/python3.9/site-packages/airflow/example_dags/example_complex.py for tasks to queue
[2025-05-02 16:54:08,279] {logging_mixin.py:115} INFO - [2025-05-02 16:54:08,279] {dagbag.py:507} INFO - Filling up the DagBag from /root/Documents/airflowalu/venv/lib/python3.9/site-packages/airflow/example_dags/example_complex.py
[2025-05-02 16:54:08,288] {processor.py:651} INFO - DAG(s) dict_keys(['example_complex']) retrieved from /root/Documents/airflowalu/venv/lib/python3.9/site-packages/airflow/example_dags/example_complex.py
[2025-05-02 16:54:08,303] {logging_mixin.py:115} INFO - [2025-05-02 16:54:08,303] {dag.py:2379} INFO - Sync 1 DAGs
[2025-05-02 16:54:08,318] {logging_mixin.py:115} INFO - [2025-05-02 16:54:08,318] {dag.py:2927} INFO - Setting next_dagrun for example_complex to None, run_after=None
[2025-05-02 16:54:08,331] {processor.py:161} INFO - Processing /root/Documents/airflowalu/venv/lib/python3.9/site-packages/airflow/example_dags/example_complex.py took 0.056 seconds
[2025-05-02 16:54:40,107] {processor.py:153} INFO - Started process (PID=3878) to work on /root/Documents/airflowalu/venv/lib/python3.9/site-packages/airflow/example_dags/example_complex.py
[2025-05-02 16:54:40,107] {processor.py:641} INFO - Processing file /root/Documents/airflowalu/venv/lib/python3.9/site-packages/airflow/example_dags/example_complex.py for tasks to queue
[2025-05-02 16:54:40,107] {logging_mixin.py:115} INFO - [2025-05-02 16:54:40,107] {dagbag.py:507} INFO - Filling up the DagBag from /root/Documents/airflowalu/venv/lib/python3.9/site-packages/airflow/example_dags/example_complex.py
[2025-05-02 16:54:40,113] {processor.py:651} INFO - DAG(s) dict_keys(['example_complex']) retrieved from /root/Documents/airflowalu/venv/lib/python3.9/site-packages/airflow/example_dags/example_complex.py
[2025-05-02 16:54:40,124] {logging_mixin.py:115} INFO - [2025-05-02 16:54:40,124] {dag.py:2379} INFO - Sync 1 DAGs
[2025-05-02 16:54:40,134] {logging_mixin.py:115} INFO - [2025-05-02 16:54:40,134] {dag.py:2927} INFO - Setting next_dagrun for example_complex to None, run_after=None
[2025-05-02 16:54:40,144] {processor.py:161} INFO - Processing /root/Documents/airflowalu/venv/lib/python3.9/site-packages/airflow/example_dags/example_complex.py took 0.039 seconds
[2025-05-02 16:55:10,428] {processor.py:153} INFO - Started process (PID=4010) to work on /root/Documents/airflowalu/venv/lib/python3.9/site-packages/airflow/example_dags/example_complex.py
[2025-05-02 16:55:10,428] {processor.py:641} INFO - Processing file /root/Documents/airflowalu/venv/lib/python3.9/site-packages/airflow/example_dags/example_complex.py for tasks to queue
[2025-05-02 16:55:10,429] {logging_mixin.py:115} INFO - [2025-05-02 16:55:10,429] {dagbag.py:507} INFO - Filling up the DagBag from /root/Documents/airflowalu/venv/lib/python3.9/site-packages/airflow/example_dags/example_complex.py
[2025-05-02 16:55:10,435] {processor.py:651} INFO - DAG(s) dict_keys(['example_complex']) retrieved from /root/Documents/airflowalu/venv/lib/python3.9/site-packages/airflow/example_dags/example_complex.py
[2025-05-02 16:55:10,445] {logging_mixin.py:115} INFO - [2025-05-02 16:55:10,445] {dag.py:2379} INFO - Sync 1 DAGs
[2025-05-02 16:55:10,455] {logging_mixin.py:115} INFO - [2025-05-02 16:55:10,455] {dag.py:2927} INFO - Setting next_dagrun for example_complex to None, run_after=None
[2025-05-02 16:55:10,467] {processor.py:161} INFO - Processing /root/Documents/airflowalu/venv/lib/python3.9/site-packages/airflow/example_dags/example_complex.py took 0.041 seconds
[2025-05-02 16:55:42,259] {processor.py:153} INFO - Started process (PID=4435) to work on /root/Documents/airflowalu/venv/lib/python3.9/site-packages/airflow/example_dags/example_complex.py
[2025-05-02 16:55:42,259] {processor.py:641} INFO - Processing file /root/Documents/airflowalu/venv/lib/python3.9/site-packages/airflow/example_dags/example_complex.py for tasks to queue
[2025-05-02 16:55:42,260] {logging_mixin.py:115} INFO - [2025-05-02 16:55:42,259] {dagbag.py:507} INFO - Filling up the DagBag from /root/Documents/airflowalu/venv/lib/python3.9/site-packages/airflow/example_dags/example_complex.py
[2025-05-02 16:55:42,266] {processor.py:651} INFO - DAG(s) dict_keys(['example_complex']) retrieved from /root/Documents/airflowalu/venv/lib/python3.9/site-packages/airflow/example_dags/example_complex.py
[2025-05-02 16:55:42,278] {logging_mixin.py:115} INFO - [2025-05-02 16:55:42,278] {dag.py:2379} INFO - Sync 1 DAGs
[2025-05-02 16:55:42,288] {logging_mixin.py:115} INFO - [2025-05-02 16:55:42,288] {dag.py:2927} INFO - Setting next_dagrun for example_complex to None, run_after=None
[2025-05-02 16:55:42,299] {processor.py:161} INFO - Processing /root/Documents/airflowalu/venv/lib/python3.9/site-packages/airflow/example_dags/example_complex.py took 0.042 seconds
[2025-05-02 16:56:15,089] {processor.py:153} INFO - Started process (PID=4573) to work on /root/Documents/airflowalu/venv/lib/python3.9/site-packages/airflow/example_dags/example_complex.py
[2025-05-02 16:56:15,089] {processor.py:641} INFO - Processing file /root/Documents/airflowalu/venv/lib/python3.9/site-packages/airflow/example_dags/example_complex.py for tasks to queue
[2025-05-02 16:56:15,090] {logging_mixin.py:115} INFO - [2025-05-02 16:56:15,090] {dagbag.py:507} INFO - Filling up the DagBag from /root/Documents/airflowalu/venv/lib/python3.9/site-packages/airflow/example_dags/example_complex.py
[2025-05-02 16:56:15,096] {processor.py:651} INFO - DAG(s) dict_keys(['example_complex']) retrieved from /root/Documents/airflowalu/venv/lib/python3.9/site-packages/airflow/example_dags/example_complex.py
[2025-05-02 16:56:15,106] {logging_mixin.py:115} INFO - [2025-05-02 16:56:15,106] {dag.py:2379} INFO - Sync 1 DAGs
[2025-05-02 16:56:15,117] {logging_mixin.py:115} INFO - [2025-05-02 16:56:15,117] {dag.py:2927} INFO - Setting next_dagrun for example_complex to None, run_after=None
[2025-05-02 16:56:15,127] {processor.py:161} INFO - Processing /root/Documents/airflowalu/venv/lib/python3.9/site-packages/airflow/example_dags/example_complex.py took 0.040 seconds
[2025-05-02 16:56:46,042] {processor.py:153} INFO - Started process (PID=4703) to work on /root/Documents/airflowalu/venv/lib/python3.9/site-packages/airflow/example_dags/example_complex.py
[2025-05-02 16:56:46,042] {processor.py:641} INFO - Processing file /root/Documents/airflowalu/venv/lib/python3.9/site-packages/airflow/example_dags/example_complex.py for tasks to queue
[2025-05-02 16:56:46,043] {logging_mixin.py:115} INFO - [2025-05-02 16:56:46,043] {dagbag.py:507} INFO - Filling up the DagBag from /root/Documents/airflowalu/venv/lib/python3.9/site-packages/airflow/example_dags/example_complex.py
[2025-05-02 16:56:46,049] {processor.py:651} INFO - DAG(s) dict_keys(['example_complex']) retrieved from /root/Documents/airflowalu/venv/lib/python3.9/site-packages/airflow/example_dags/example_complex.py
[2025-05-02 16:56:46,060] {logging_mixin.py:115} INFO - [2025-05-02 16:56:46,060] {dag.py:2379} INFO - Sync 1 DAGs
[2025-05-02 16:56:46,072] {logging_mixin.py:115} INFO - [2025-05-02 16:56:46,072] {dag.py:2927} INFO - Setting next_dagrun for example_complex to None, run_after=None
[2025-05-02 16:56:46,083] {processor.py:161} INFO - Processing /root/Documents/airflowalu/venv/lib/python3.9/site-packages/airflow/example_dags/example_complex.py took 0.044 seconds
[2025-05-02 16:57:17,137] {processor.py:153} INFO - Started process (PID=4840) to work on /root/Documents/airflowalu/venv/lib/python3.9/site-packages/airflow/example_dags/example_complex.py
[2025-05-02 16:57:17,138] {processor.py:641} INFO - Processing file /root/Documents/airflowalu/venv/lib/python3.9/site-packages/airflow/example_dags/example_complex.py for tasks to queue
[2025-05-02 16:57:17,138] {logging_mixin.py:115} INFO - [2025-05-02 16:57:17,138] {dagbag.py:507} INFO - Filling up the DagBag from /root/Documents/airflowalu/venv/lib/python3.9/site-packages/airflow/example_dags/example_complex.py
[2025-05-02 16:57:17,144] {processor.py:651} INFO - DAG(s) dict_keys(['example_complex']) retrieved from /root/Documents/airflowalu/venv/lib/python3.9/site-packages/airflow/example_dags/example_complex.py
[2025-05-02 16:57:17,155] {logging_mixin.py:115} INFO - [2025-05-02 16:57:17,155] {dag.py:2379} INFO - Sync 1 DAGs
[2025-05-02 16:57:17,165] {logging_mixin.py:115} INFO - [2025-05-02 16:57:17,165] {dag.py:2927} INFO - Setting next_dagrun for example_complex to None, run_after=None
[2025-05-02 16:57:17,175] {processor.py:161} INFO - Processing /root/Documents/airflowalu/venv/lib/python3.9/site-packages/airflow/example_dags/example_complex.py took 0.040 seconds
[2025-05-02 16:57:47,798] {processor.py:153} INFO - Started process (PID=4971) to work on /root/Documents/airflowalu/venv/lib/python3.9/site-packages/airflow/example_dags/example_complex.py
[2025-05-02 16:57:47,798] {processor.py:641} INFO - Processing file /root/Documents/airflowalu/venv/lib/python3.9/site-packages/airflow/example_dags/example_complex.py for tasks to queue
[2025-05-02 16:57:47,799] {logging_mixin.py:115} INFO - [2025-05-02 16:57:47,799] {dagbag.py:507} INFO - Filling up the DagBag from /root/Documents/airflowalu/venv/lib/python3.9/site-packages/airflow/example_dags/example_complex.py
[2025-05-02 16:57:47,805] {processor.py:651} INFO - DAG(s) dict_keys(['example_complex']) retrieved from /root/Documents/airflowalu/venv/lib/python3.9/site-packages/airflow/example_dags/example_complex.py
[2025-05-02 16:57:47,816] {logging_mixin.py:115} INFO - [2025-05-02 16:57:47,816] {dag.py:2379} INFO - Sync 1 DAGs
[2025-05-02 16:57:47,827] {logging_mixin.py:115} INFO - [2025-05-02 16:57:47,826] {dag.py:2927} INFO - Setting next_dagrun for example_complex to None, run_after=None
[2025-05-02 16:57:47,839] {processor.py:161} INFO - Processing /root/Documents/airflowalu/venv/lib/python3.9/site-packages/airflow/example_dags/example_complex.py took 0.043 seconds
[2025-05-02 16:58:19,233] {processor.py:153} INFO - Started process (PID=5113) to work on /root/Documents/airflowalu/venv/lib/python3.9/site-packages/airflow/example_dags/example_complex.py
[2025-05-02 16:58:19,234] {processor.py:641} INFO - Processing file /root/Documents/airflowalu/venv/lib/python3.9/site-packages/airflow/example_dags/example_complex.py for tasks to queue
[2025-05-02 16:58:19,234] {logging_mixin.py:115} INFO - [2025-05-02 16:58:19,234] {dagbag.py:507} INFO - Filling up the DagBag from /root/Documents/airflowalu/venv/lib/python3.9/site-packages/airflow/example_dags/example_complex.py
[2025-05-02 16:58:19,241] {processor.py:651} INFO - DAG(s) dict_keys(['example_complex']) retrieved from /root/Documents/airflowalu/venv/lib/python3.9/site-packages/airflow/example_dags/example_complex.py
[2025-05-02 16:58:19,252] {logging_mixin.py:115} INFO - [2025-05-02 16:58:19,252] {dag.py:2379} INFO - Sync 1 DAGs
[2025-05-02 16:58:19,263] {logging_mixin.py:115} INFO - [2025-05-02 16:58:19,263] {dag.py:2927} INFO - Setting next_dagrun for example_complex to None, run_after=None
[2025-05-02 16:58:19,277] {processor.py:161} INFO - Processing /root/Documents/airflowalu/venv/lib/python3.9/site-packages/airflow/example_dags/example_complex.py took 0.046 seconds
[2025-05-02 16:58:51,134] {processor.py:153} INFO - Started process (PID=5243) to work on /root/Documents/airflowalu/venv/lib/python3.9/site-packages/airflow/example_dags/example_complex.py
[2025-05-02 16:58:51,135] {processor.py:641} INFO - Processing file /root/Documents/airflowalu/venv/lib/python3.9/site-packages/airflow/example_dags/example_complex.py for tasks to queue
[2025-05-02 16:58:51,135] {logging_mixin.py:115} INFO - [2025-05-02 16:58:51,135] {dagbag.py:507} INFO - Filling up the DagBag from /root/Documents/airflowalu/venv/lib/python3.9/site-packages/airflow/example_dags/example_complex.py
[2025-05-02 16:58:51,141] {processor.py:651} INFO - DAG(s) dict_keys(['example_complex']) retrieved from /root/Documents/airflowalu/venv/lib/python3.9/site-packages/airflow/example_dags/example_complex.py
[2025-05-02 16:58:51,152] {logging_mixin.py:115} INFO - [2025-05-02 16:58:51,152] {dag.py:2379} INFO - Sync 1 DAGs
[2025-05-02 16:58:51,162] {logging_mixin.py:115} INFO - [2025-05-02 16:58:51,162] {dag.py:2927} INFO - Setting next_dagrun for example_complex to None, run_after=None
[2025-05-02 16:58:51,178] {processor.py:161} INFO - Processing /root/Documents/airflowalu/venv/lib/python3.9/site-packages/airflow/example_dags/example_complex.py took 0.046 seconds
[2025-05-02 16:59:24,478] {processor.py:153} INFO - Started process (PID=5389) to work on /root/Documents/airflowalu/venv/lib/python3.9/site-packages/airflow/example_dags/example_complex.py
[2025-05-02 16:59:24,479] {processor.py:641} INFO - Processing file /root/Documents/airflowalu/venv/lib/python3.9/site-packages/airflow/example_dags/example_complex.py for tasks to queue
[2025-05-02 16:59:24,479] {logging_mixin.py:115} INFO - [2025-05-02 16:59:24,479] {dagbag.py:507} INFO - Filling up the DagBag from /root/Documents/airflowalu/venv/lib/python3.9/site-packages/airflow/example_dags/example_complex.py
[2025-05-02 16:59:24,488] {processor.py:651} INFO - DAG(s) dict_keys(['example_complex']) retrieved from /root/Documents/airflowalu/venv/lib/python3.9/site-packages/airflow/example_dags/example_complex.py
[2025-05-02 16:59:24,503] {logging_mixin.py:115} INFO - [2025-05-02 16:59:24,503] {dag.py:2379} INFO - Sync 1 DAGs
[2025-05-02 16:59:24,517] {logging_mixin.py:115} INFO - [2025-05-02 16:59:24,517] {dag.py:2927} INFO - Setting next_dagrun for example_complex to None, run_after=None
[2025-05-02 16:59:24,529] {processor.py:161} INFO - Processing /root/Documents/airflowalu/venv/lib/python3.9/site-packages/airflow/example_dags/example_complex.py took 0.054 seconds
[2025-05-02 16:59:55,349] {processor.py:153} INFO - Started process (PID=5520) to work on /root/Documents/airflowalu/venv/lib/python3.9/site-packages/airflow/example_dags/example_complex.py
[2025-05-02 16:59:55,350] {processor.py:641} INFO - Processing file /root/Documents/airflowalu/venv/lib/python3.9/site-packages/airflow/example_dags/example_complex.py for tasks to queue
[2025-05-02 16:59:55,350] {logging_mixin.py:115} INFO - [2025-05-02 16:59:55,350] {dagbag.py:507} INFO - Filling up the DagBag from /root/Documents/airflowalu/venv/lib/python3.9/site-packages/airflow/example_dags/example_complex.py
[2025-05-02 16:59:55,358] {processor.py:651} INFO - DAG(s) dict_keys(['example_complex']) retrieved from /root/Documents/airflowalu/venv/lib/python3.9/site-packages/airflow/example_dags/example_complex.py
[2025-05-02 16:59:55,368] {logging_mixin.py:115} INFO - [2025-05-02 16:59:55,368] {dag.py:2379} INFO - Sync 1 DAGs
[2025-05-02 16:59:55,378] {logging_mixin.py:115} INFO - [2025-05-02 16:59:55,378] {dag.py:2927} INFO - Setting next_dagrun for example_complex to None, run_after=None
[2025-05-02 16:59:55,388] {processor.py:161} INFO - Processing /root/Documents/airflowalu/venv/lib/python3.9/site-packages/airflow/example_dags/example_complex.py took 0.041 seconds
[2025-05-02 17:00:29,248] {processor.py:153} INFO - Started process (PID=5660) to work on /root/Documents/airflowalu/venv/lib/python3.9/site-packages/airflow/example_dags/example_complex.py
[2025-05-02 17:00:29,248] {processor.py:641} INFO - Processing file /root/Documents/airflowalu/venv/lib/python3.9/site-packages/airflow/example_dags/example_complex.py for tasks to queue
[2025-05-02 17:00:29,249] {logging_mixin.py:115} INFO - [2025-05-02 17:00:29,249] {dagbag.py:507} INFO - Filling up the DagBag from /root/Documents/airflowalu/venv/lib/python3.9/site-packages/airflow/example_dags/example_complex.py
[2025-05-02 17:00:29,255] {processor.py:651} INFO - DAG(s) dict_keys(['example_complex']) retrieved from /root/Documents/airflowalu/venv/lib/python3.9/site-packages/airflow/example_dags/example_complex.py
[2025-05-02 17:00:29,264] {logging_mixin.py:115} INFO - [2025-05-02 17:00:29,264] {dag.py:2379} INFO - Sync 1 DAGs
[2025-05-02 17:00:29,274] {logging_mixin.py:115} INFO - [2025-05-02 17:00:29,274] {dag.py:2927} INFO - Setting next_dagrun for example_complex to None, run_after=None
[2025-05-02 17:00:29,284] {processor.py:161} INFO - Processing /root/Documents/airflowalu/venv/lib/python3.9/site-packages/airflow/example_dags/example_complex.py took 0.038 seconds
[2025-05-02 17:01:01,836] {processor.py:153} INFO - Started process (PID=5798) to work on /root/Documents/airflowalu/venv/lib/python3.9/site-packages/airflow/example_dags/example_complex.py
[2025-05-02 17:01:01,837] {processor.py:641} INFO - Processing file /root/Documents/airflowalu/venv/lib/python3.9/site-packages/airflow/example_dags/example_complex.py for tasks to queue
[2025-05-02 17:01:01,837] {logging_mixin.py:115} INFO - [2025-05-02 17:01:01,837] {dagbag.py:507} INFO - Filling up the DagBag from /root/Documents/airflowalu/venv/lib/python3.9/site-packages/airflow/example_dags/example_complex.py
[2025-05-02 17:01:01,843] {processor.py:651} INFO - DAG(s) dict_keys(['example_complex']) retrieved from /root/Documents/airflowalu/venv/lib/python3.9/site-packages/airflow/example_dags/example_complex.py
[2025-05-02 17:01:01,853] {logging_mixin.py:115} INFO - [2025-05-02 17:01:01,853] {dag.py:2379} INFO - Sync 1 DAGs
[2025-05-02 17:01:01,863] {logging_mixin.py:115} INFO - [2025-05-02 17:01:01,862] {dag.py:2927} INFO - Setting next_dagrun for example_complex to None, run_after=None
[2025-05-02 17:01:01,872] {processor.py:161} INFO - Processing /root/Documents/airflowalu/venv/lib/python3.9/site-packages/airflow/example_dags/example_complex.py took 0.038 seconds
[2025-05-02 17:01:33,354] {processor.py:153} INFO - Started process (PID=5934) to work on /root/Documents/airflowalu/venv/lib/python3.9/site-packages/airflow/example_dags/example_complex.py
[2025-05-02 17:01:33,355] {processor.py:641} INFO - Processing file /root/Documents/airflowalu/venv/lib/python3.9/site-packages/airflow/example_dags/example_complex.py for tasks to queue
[2025-05-02 17:01:33,355] {logging_mixin.py:115} INFO - [2025-05-02 17:01:33,355] {dagbag.py:507} INFO - Filling up the DagBag from /root/Documents/airflowalu/venv/lib/python3.9/site-packages/airflow/example_dags/example_complex.py
[2025-05-02 17:01:33,361] {processor.py:651} INFO - DAG(s) dict_keys(['example_complex']) retrieved from /root/Documents/airflowalu/venv/lib/python3.9/site-packages/airflow/example_dags/example_complex.py
[2025-05-02 17:01:33,371] {logging_mixin.py:115} INFO - [2025-05-02 17:01:33,371] {dag.py:2379} INFO - Sync 1 DAGs
[2025-05-02 17:01:33,380] {logging_mixin.py:115} INFO - [2025-05-02 17:01:33,380] {dag.py:2927} INFO - Setting next_dagrun for example_complex to None, run_after=None
[2025-05-02 17:01:33,390] {processor.py:161} INFO - Processing /root/Documents/airflowalu/venv/lib/python3.9/site-packages/airflow/example_dags/example_complex.py took 0.038 seconds
[2025-05-02 17:02:05,149] {processor.py:153} INFO - Started process (PID=6067) to work on /root/Documents/airflowalu/venv/lib/python3.9/site-packages/airflow/example_dags/example_complex.py
[2025-05-02 17:02:05,150] {processor.py:641} INFO - Processing file /root/Documents/airflowalu/venv/lib/python3.9/site-packages/airflow/example_dags/example_complex.py for tasks to queue
[2025-05-02 17:02:05,150] {logging_mixin.py:115} INFO - [2025-05-02 17:02:05,150] {dagbag.py:507} INFO - Filling up the DagBag from /root/Documents/airflowalu/venv/lib/python3.9/site-packages/airflow/example_dags/example_complex.py
[2025-05-02 17:02:05,156] {processor.py:651} INFO - DAG(s) dict_keys(['example_complex']) retrieved from /root/Documents/airflowalu/venv/lib/python3.9/site-packages/airflow/example_dags/example_complex.py
[2025-05-02 17:02:05,167] {logging_mixin.py:115} INFO - [2025-05-02 17:02:05,167] {dag.py:2379} INFO - Sync 1 DAGs
[2025-05-02 17:02:05,178] {logging_mixin.py:115} INFO - [2025-05-02 17:02:05,178] {dag.py:2927} INFO - Setting next_dagrun for example_complex to None, run_after=None
[2025-05-02 17:02:05,188] {processor.py:161} INFO - Processing /root/Documents/airflowalu/venv/lib/python3.9/site-packages/airflow/example_dags/example_complex.py took 0.041 seconds
[2025-05-02 17:02:37,402] {processor.py:153} INFO - Started process (PID=6204) to work on /root/Documents/airflowalu/venv/lib/python3.9/site-packages/airflow/example_dags/example_complex.py
[2025-05-02 17:02:37,403] {processor.py:641} INFO - Processing file /root/Documents/airflowalu/venv/lib/python3.9/site-packages/airflow/example_dags/example_complex.py for tasks to queue
[2025-05-02 17:02:37,403] {logging_mixin.py:115} INFO - [2025-05-02 17:02:37,403] {dagbag.py:507} INFO - Filling up the DagBag from /root/Documents/airflowalu/venv/lib/python3.9/site-packages/airflow/example_dags/example_complex.py
[2025-05-02 17:02:37,410] {processor.py:651} INFO - DAG(s) dict_keys(['example_complex']) retrieved from /root/Documents/airflowalu/venv/lib/python3.9/site-packages/airflow/example_dags/example_complex.py
[2025-05-02 17:02:37,422] {logging_mixin.py:115} INFO - [2025-05-02 17:02:37,422] {dag.py:2379} INFO - Sync 1 DAGs
[2025-05-02 17:02:37,431] {logging_mixin.py:115} INFO - [2025-05-02 17:02:37,431] {dag.py:2927} INFO - Setting next_dagrun for example_complex to None, run_after=None
[2025-05-02 17:02:37,770] {processor.py:161} INFO - Processing /root/Documents/airflowalu/venv/lib/python3.9/site-packages/airflow/example_dags/example_complex.py took 0.370 seconds
[2025-05-02 17:03:09,363] {processor.py:153} INFO - Started process (PID=6344) to work on /root/Documents/airflowalu/venv/lib/python3.9/site-packages/airflow/example_dags/example_complex.py
[2025-05-02 17:03:09,364] {processor.py:641} INFO - Processing file /root/Documents/airflowalu/venv/lib/python3.9/site-packages/airflow/example_dags/example_complex.py for tasks to queue
[2025-05-02 17:03:09,364] {logging_mixin.py:115} INFO - [2025-05-02 17:03:09,364] {dagbag.py:507} INFO - Filling up the DagBag from /root/Documents/airflowalu/venv/lib/python3.9/site-packages/airflow/example_dags/example_complex.py
[2025-05-02 17:03:09,371] {processor.py:651} INFO - DAG(s) dict_keys(['example_complex']) retrieved from /root/Documents/airflowalu/venv/lib/python3.9/site-packages/airflow/example_dags/example_complex.py
[2025-05-02 17:03:09,385] {logging_mixin.py:115} INFO - [2025-05-02 17:03:09,385] {dag.py:2379} INFO - Sync 1 DAGs
[2025-05-02 17:03:09,395] {logging_mixin.py:115} INFO - [2025-05-02 17:03:09,395] {dag.py:2927} INFO - Setting next_dagrun for example_complex to None, run_after=None
[2025-05-02 17:03:09,407] {processor.py:161} INFO - Processing /root/Documents/airflowalu/venv/lib/python3.9/site-packages/airflow/example_dags/example_complex.py took 0.046 seconds
[2025-05-02 17:03:42,197] {processor.py:153} INFO - Started process (PID=6480) to work on /root/Documents/airflowalu/venv/lib/python3.9/site-packages/airflow/example_dags/example_complex.py
[2025-05-02 17:03:42,198] {processor.py:641} INFO - Processing file /root/Documents/airflowalu/venv/lib/python3.9/site-packages/airflow/example_dags/example_complex.py for tasks to queue
[2025-05-02 17:03:42,198] {logging_mixin.py:115} INFO - [2025-05-02 17:03:42,198] {dagbag.py:507} INFO - Filling up the DagBag from /root/Documents/airflowalu/venv/lib/python3.9/site-packages/airflow/example_dags/example_complex.py
[2025-05-02 17:03:42,204] {processor.py:651} INFO - DAG(s) dict_keys(['example_complex']) retrieved from /root/Documents/airflowalu/venv/lib/python3.9/site-packages/airflow/example_dags/example_complex.py
[2025-05-02 17:03:42,216] {logging_mixin.py:115} INFO - [2025-05-02 17:03:42,216] {dag.py:2379} INFO - Sync 1 DAGs
[2025-05-02 17:03:42,225] {logging_mixin.py:115} INFO - [2025-05-02 17:03:42,225] {dag.py:2927} INFO - Setting next_dagrun for example_complex to None, run_after=None
[2025-05-02 17:03:42,237] {processor.py:161} INFO - Processing /root/Documents/airflowalu/venv/lib/python3.9/site-packages/airflow/example_dags/example_complex.py took 0.041 seconds
[2025-05-02 17:04:12,825] {processor.py:153} INFO - Started process (PID=6613) to work on /root/Documents/airflowalu/venv/lib/python3.9/site-packages/airflow/example_dags/example_complex.py
[2025-05-02 17:04:12,826] {processor.py:641} INFO - Processing file /root/Documents/airflowalu/venv/lib/python3.9/site-packages/airflow/example_dags/example_complex.py for tasks to queue
[2025-05-02 17:04:12,826] {logging_mixin.py:115} INFO - [2025-05-02 17:04:12,826] {dagbag.py:507} INFO - Filling up the DagBag from /root/Documents/airflowalu/venv/lib/python3.9/site-packages/airflow/example_dags/example_complex.py
[2025-05-02 17:04:12,833] {processor.py:651} INFO - DAG(s) dict_keys(['example_complex']) retrieved from /root/Documents/airflowalu/venv/lib/python3.9/site-packages/airflow/example_dags/example_complex.py
[2025-05-02 17:04:12,845] {logging_mixin.py:115} INFO - [2025-05-02 17:04:12,845] {dag.py:2379} INFO - Sync 1 DAGs
[2025-05-02 17:04:12,854] {logging_mixin.py:115} INFO - [2025-05-02 17:04:12,854] {dag.py:2927} INFO - Setting next_dagrun for example_complex to None, run_after=None
[2025-05-02 17:04:12,865] {processor.py:161} INFO - Processing /root/Documents/airflowalu/venv/lib/python3.9/site-packages/airflow/example_dags/example_complex.py took 0.041 seconds
[2025-05-02 17:04:43,596] {processor.py:153} INFO - Started process (PID=6745) to work on /root/Documents/airflowalu/venv/lib/python3.9/site-packages/airflow/example_dags/example_complex.py
[2025-05-02 17:04:43,596] {processor.py:641} INFO - Processing file /root/Documents/airflowalu/venv/lib/python3.9/site-packages/airflow/example_dags/example_complex.py for tasks to queue
[2025-05-02 17:04:43,597] {logging_mixin.py:115} INFO - [2025-05-02 17:04:43,597] {dagbag.py:507} INFO - Filling up the DagBag from /root/Documents/airflowalu/venv/lib/python3.9/site-packages/airflow/example_dags/example_complex.py
[2025-05-02 17:04:43,603] {processor.py:651} INFO - DAG(s) dict_keys(['example_complex']) retrieved from /root/Documents/airflowalu/venv/lib/python3.9/site-packages/airflow/example_dags/example_complex.py
[2025-05-02 17:04:43,615] {logging_mixin.py:115} INFO - [2025-05-02 17:04:43,615] {dag.py:2379} INFO - Sync 1 DAGs
[2025-05-02 17:04:43,624] {logging_mixin.py:115} INFO - [2025-05-02 17:04:43,624] {dag.py:2927} INFO - Setting next_dagrun for example_complex to None, run_after=None
[2025-05-02 17:04:43,634] {processor.py:161} INFO - Processing /root/Documents/airflowalu/venv/lib/python3.9/site-packages/airflow/example_dags/example_complex.py took 0.040 seconds
[2025-05-02 17:05:16,293] {processor.py:153} INFO - Started process (PID=6885) to work on /root/Documents/airflowalu/venv/lib/python3.9/site-packages/airflow/example_dags/example_complex.py
[2025-05-02 17:05:16,294] {processor.py:641} INFO - Processing file /root/Documents/airflowalu/venv/lib/python3.9/site-packages/airflow/example_dags/example_complex.py for tasks to queue
[2025-05-02 17:05:16,295] {logging_mixin.py:115} INFO - [2025-05-02 17:05:16,294] {dagbag.py:507} INFO - Filling up the DagBag from /root/Documents/airflowalu/venv/lib/python3.9/site-packages/airflow/example_dags/example_complex.py
[2025-05-02 17:05:16,301] {processor.py:651} INFO - DAG(s) dict_keys(['example_complex']) retrieved from /root/Documents/airflowalu/venv/lib/python3.9/site-packages/airflow/example_dags/example_complex.py
[2025-05-02 17:05:16,314] {logging_mixin.py:115} INFO - [2025-05-02 17:05:16,314] {dag.py:2379} INFO - Sync 1 DAGs
[2025-05-02 17:05:16,324] {logging_mixin.py:115} INFO - [2025-05-02 17:05:16,324] {dag.py:2927} INFO - Setting next_dagrun for example_complex to None, run_after=None
[2025-05-02 17:05:16,337] {processor.py:161} INFO - Processing /root/Documents/airflowalu/venv/lib/python3.9/site-packages/airflow/example_dags/example_complex.py took 0.045 seconds
[2025-05-02 17:05:47,449] {processor.py:153} INFO - Started process (PID=7017) to work on /root/Documents/airflowalu/venv/lib/python3.9/site-packages/airflow/example_dags/example_complex.py
[2025-05-02 17:05:47,450] {processor.py:641} INFO - Processing file /root/Documents/airflowalu/venv/lib/python3.9/site-packages/airflow/example_dags/example_complex.py for tasks to queue
[2025-05-02 17:05:47,450] {logging_mixin.py:115} INFO - [2025-05-02 17:05:47,450] {dagbag.py:507} INFO - Filling up the DagBag from /root/Documents/airflowalu/venv/lib/python3.9/site-packages/airflow/example_dags/example_complex.py
[2025-05-02 17:05:47,457] {processor.py:651} INFO - DAG(s) dict_keys(['example_complex']) retrieved from /root/Documents/airflowalu/venv/lib/python3.9/site-packages/airflow/example_dags/example_complex.py
[2025-05-02 17:05:47,470] {logging_mixin.py:115} INFO - [2025-05-02 17:05:47,470] {dag.py:2379} INFO - Sync 1 DAGs
[2025-05-02 17:05:47,479] {logging_mixin.py:115} INFO - [2025-05-02 17:05:47,479] {dag.py:2927} INFO - Setting next_dagrun for example_complex to None, run_after=None
[2025-05-02 17:05:47,491] {processor.py:161} INFO - Processing /root/Documents/airflowalu/venv/lib/python3.9/site-packages/airflow/example_dags/example_complex.py took 0.044 seconds
[2025-05-02 17:06:20,242] {processor.py:153} INFO - Started process (PID=7158) to work on /root/Documents/airflowalu/venv/lib/python3.9/site-packages/airflow/example_dags/example_complex.py
[2025-05-02 17:06:20,242] {processor.py:641} INFO - Processing file /root/Documents/airflowalu/venv/lib/python3.9/site-packages/airflow/example_dags/example_complex.py for tasks to queue
[2025-05-02 17:06:20,243] {logging_mixin.py:115} INFO - [2025-05-02 17:06:20,243] {dagbag.py:507} INFO - Filling up the DagBag from /root/Documents/airflowalu/venv/lib/python3.9/site-packages/airflow/example_dags/example_complex.py
[2025-05-02 17:06:20,249] {processor.py:651} INFO - DAG(s) dict_keys(['example_complex']) retrieved from /root/Documents/airflowalu/venv/lib/python3.9/site-packages/airflow/example_dags/example_complex.py
[2025-05-02 17:06:20,261] {logging_mixin.py:115} INFO - [2025-05-02 17:06:20,261] {dag.py:2379} INFO - Sync 1 DAGs
[2025-05-02 17:06:20,270] {logging_mixin.py:115} INFO - [2025-05-02 17:06:20,270] {dag.py:2927} INFO - Setting next_dagrun for example_complex to None, run_after=None
[2025-05-02 17:06:20,283] {processor.py:161} INFO - Processing /root/Documents/airflowalu/venv/lib/python3.9/site-packages/airflow/example_dags/example_complex.py took 0.043 seconds
[2025-05-02 17:06:51,570] {processor.py:153} INFO - Started process (PID=7289) to work on /root/Documents/airflowalu/venv/lib/python3.9/site-packages/airflow/example_dags/example_complex.py
[2025-05-02 17:06:51,571] {processor.py:641} INFO - Processing file /root/Documents/airflowalu/venv/lib/python3.9/site-packages/airflow/example_dags/example_complex.py for tasks to queue
[2025-05-02 17:06:51,571] {logging_mixin.py:115} INFO - [2025-05-02 17:06:51,571] {dagbag.py:507} INFO - Filling up the DagBag from /root/Documents/airflowalu/venv/lib/python3.9/site-packages/airflow/example_dags/example_complex.py
[2025-05-02 17:06:51,577] {processor.py:651} INFO - DAG(s) dict_keys(['example_complex']) retrieved from /root/Documents/airflowalu/venv/lib/python3.9/site-packages/airflow/example_dags/example_complex.py
[2025-05-02 17:06:51,589] {logging_mixin.py:115} INFO - [2025-05-02 17:06:51,589] {dag.py:2379} INFO - Sync 1 DAGs
[2025-05-02 17:06:51,598] {logging_mixin.py:115} INFO - [2025-05-02 17:06:51,598] {dag.py:2927} INFO - Setting next_dagrun for example_complex to None, run_after=None
[2025-05-02 17:06:51,608] {processor.py:161} INFO - Processing /root/Documents/airflowalu/venv/lib/python3.9/site-packages/airflow/example_dags/example_complex.py took 0.040 seconds
[2025-05-02 17:07:22,273] {processor.py:153} INFO - Started process (PID=7430) to work on /root/Documents/airflowalu/venv/lib/python3.9/site-packages/airflow/example_dags/example_complex.py
[2025-05-02 17:07:22,273] {processor.py:641} INFO - Processing file /root/Documents/airflowalu/venv/lib/python3.9/site-packages/airflow/example_dags/example_complex.py for tasks to queue
[2025-05-02 17:07:22,274] {logging_mixin.py:115} INFO - [2025-05-02 17:07:22,274] {dagbag.py:507} INFO - Filling up the DagBag from /root/Documents/airflowalu/venv/lib/python3.9/site-packages/airflow/example_dags/example_complex.py
[2025-05-02 17:07:22,281] {processor.py:651} INFO - DAG(s) dict_keys(['example_complex']) retrieved from /root/Documents/airflowalu/venv/lib/python3.9/site-packages/airflow/example_dags/example_complex.py
[2025-05-02 17:07:22,299] {logging_mixin.py:115} INFO - [2025-05-02 17:07:22,299] {dag.py:2379} INFO - Sync 1 DAGs
[2025-05-02 17:07:22,315] {logging_mixin.py:115} INFO - [2025-05-02 17:07:22,315] {dag.py:2927} INFO - Setting next_dagrun for example_complex to None, run_after=None
[2025-05-02 17:07:22,331] {processor.py:161} INFO - Processing /root/Documents/airflowalu/venv/lib/python3.9/site-packages/airflow/example_dags/example_complex.py took 0.060 seconds
[2025-05-02 17:07:53,870] {processor.py:153} INFO - Started process (PID=7560) to work on /root/Documents/airflowalu/venv/lib/python3.9/site-packages/airflow/example_dags/example_complex.py
[2025-05-02 17:07:53,870] {processor.py:641} INFO - Processing file /root/Documents/airflowalu/venv/lib/python3.9/site-packages/airflow/example_dags/example_complex.py for tasks to queue
[2025-05-02 17:07:53,871] {logging_mixin.py:115} INFO - [2025-05-02 17:07:53,871] {dagbag.py:507} INFO - Filling up the DagBag from /root/Documents/airflowalu/venv/lib/python3.9/site-packages/airflow/example_dags/example_complex.py
[2025-05-02 17:07:53,877] {processor.py:651} INFO - DAG(s) dict_keys(['example_complex']) retrieved from /root/Documents/airflowalu/venv/lib/python3.9/site-packages/airflow/example_dags/example_complex.py
[2025-05-02 17:07:53,889] {logging_mixin.py:115} INFO - [2025-05-02 17:07:53,889] {dag.py:2379} INFO - Sync 1 DAGs
[2025-05-02 17:07:53,898] {logging_mixin.py:115} INFO - [2025-05-02 17:07:53,898] {dag.py:2927} INFO - Setting next_dagrun for example_complex to None, run_after=None
[2025-05-02 17:07:53,908] {processor.py:161} INFO - Processing /root/Documents/airflowalu/venv/lib/python3.9/site-packages/airflow/example_dags/example_complex.py took 0.040 seconds
[2025-05-02 17:08:26,293] {processor.py:153} INFO - Started process (PID=7701) to work on /root/Documents/airflowalu/venv/lib/python3.9/site-packages/airflow/example_dags/example_complex.py
[2025-05-02 17:08:26,294] {processor.py:641} INFO - Processing file /root/Documents/airflowalu/venv/lib/python3.9/site-packages/airflow/example_dags/example_complex.py for tasks to queue
[2025-05-02 17:08:26,295] {logging_mixin.py:115} INFO - [2025-05-02 17:08:26,294] {dagbag.py:507} INFO - Filling up the DagBag from /root/Documents/airflowalu/venv/lib/python3.9/site-packages/airflow/example_dags/example_complex.py
[2025-05-02 17:08:26,301] {processor.py:651} INFO - DAG(s) dict_keys(['example_complex']) retrieved from /root/Documents/airflowalu/venv/lib/python3.9/site-packages/airflow/example_dags/example_complex.py
[2025-05-02 17:08:26,314] {logging_mixin.py:115} INFO - [2025-05-02 17:08:26,314] {dag.py:2379} INFO - Sync 1 DAGs
[2025-05-02 17:08:26,324] {logging_mixin.py:115} INFO - [2025-05-02 17:08:26,324] {dag.py:2927} INFO - Setting next_dagrun for example_complex to None, run_after=None
[2025-05-02 17:08:26,336] {processor.py:161} INFO - Processing /root/Documents/airflowalu/venv/lib/python3.9/site-packages/airflow/example_dags/example_complex.py took 0.044 seconds
[2025-05-02 17:08:58,265] {processor.py:153} INFO - Started process (PID=7834) to work on /root/Documents/airflowalu/venv/lib/python3.9/site-packages/airflow/example_dags/example_complex.py
[2025-05-02 17:08:58,265] {processor.py:641} INFO - Processing file /root/Documents/airflowalu/venv/lib/python3.9/site-packages/airflow/example_dags/example_complex.py for tasks to queue
[2025-05-02 17:08:58,266] {logging_mixin.py:115} INFO - [2025-05-02 17:08:58,266] {dagbag.py:507} INFO - Filling up the DagBag from /root/Documents/airflowalu/venv/lib/python3.9/site-packages/airflow/example_dags/example_complex.py
[2025-05-02 17:08:58,273] {processor.py:651} INFO - DAG(s) dict_keys(['example_complex']) retrieved from /root/Documents/airflowalu/venv/lib/python3.9/site-packages/airflow/example_dags/example_complex.py
[2025-05-02 17:08:58,286] {logging_mixin.py:115} INFO - [2025-05-02 17:08:58,286] {dag.py:2379} INFO - Sync 1 DAGs
[2025-05-02 17:08:58,295] {logging_mixin.py:115} INFO - [2025-05-02 17:08:58,295] {dag.py:2927} INFO - Setting next_dagrun for example_complex to None, run_after=None
[2025-05-02 17:08:58,305] {processor.py:161} INFO - Processing /root/Documents/airflowalu/venv/lib/python3.9/site-packages/airflow/example_dags/example_complex.py took 0.042 seconds
[2025-05-02 17:09:29,851] {processor.py:153} INFO - Started process (PID=7966) to work on /root/Documents/airflowalu/venv/lib/python3.9/site-packages/airflow/example_dags/example_complex.py
[2025-05-02 17:09:29,851] {processor.py:641} INFO - Processing file /root/Documents/airflowalu/venv/lib/python3.9/site-packages/airflow/example_dags/example_complex.py for tasks to queue
[2025-05-02 17:09:29,852] {logging_mixin.py:115} INFO - [2025-05-02 17:09:29,852] {dagbag.py:507} INFO - Filling up the DagBag from /root/Documents/airflowalu/venv/lib/python3.9/site-packages/airflow/example_dags/example_complex.py
[2025-05-02 17:09:29,858] {processor.py:651} INFO - DAG(s) dict_keys(['example_complex']) retrieved from /root/Documents/airflowalu/venv/lib/python3.9/site-packages/airflow/example_dags/example_complex.py
[2025-05-02 17:09:29,870] {logging_mixin.py:115} INFO - [2025-05-02 17:09:29,870] {dag.py:2379} INFO - Sync 1 DAGs
[2025-05-02 17:09:29,879] {logging_mixin.py:115} INFO - [2025-05-02 17:09:29,879] {dag.py:2927} INFO - Setting next_dagrun for example_complex to None, run_after=None
[2025-05-02 17:09:29,889] {processor.py:161} INFO - Processing /root/Documents/airflowalu/venv/lib/python3.9/site-packages/airflow/example_dags/example_complex.py took 0.039 seconds
[2025-05-02 17:10:00,224] {processor.py:153} INFO - Started process (PID=8096) to work on /root/Documents/airflowalu/venv/lib/python3.9/site-packages/airflow/example_dags/example_complex.py
[2025-05-02 17:10:00,224] {processor.py:641} INFO - Processing file /root/Documents/airflowalu/venv/lib/python3.9/site-packages/airflow/example_dags/example_complex.py for tasks to queue
[2025-05-02 17:10:00,225] {logging_mixin.py:115} INFO - [2025-05-02 17:10:00,225] {dagbag.py:507} INFO - Filling up the DagBag from /root/Documents/airflowalu/venv/lib/python3.9/site-packages/airflow/example_dags/example_complex.py
[2025-05-02 17:10:00,231] {processor.py:651} INFO - DAG(s) dict_keys(['example_complex']) retrieved from /root/Documents/airflowalu/venv/lib/python3.9/site-packages/airflow/example_dags/example_complex.py
[2025-05-02 17:10:00,242] {logging_mixin.py:115} INFO - [2025-05-02 17:10:00,242] {dag.py:2379} INFO - Sync 1 DAGs
[2025-05-02 17:10:00,251] {logging_mixin.py:115} INFO - [2025-05-02 17:10:00,251] {dag.py:2927} INFO - Setting next_dagrun for example_complex to None, run_after=None
[2025-05-02 17:10:00,261] {processor.py:161} INFO - Processing /root/Documents/airflowalu/venv/lib/python3.9/site-packages/airflow/example_dags/example_complex.py took 0.038 seconds
[2025-05-02 17:10:31,980] {processor.py:153} INFO - Started process (PID=8233) to work on /root/Documents/airflowalu/venv/lib/python3.9/site-packages/airflow/example_dags/example_complex.py
[2025-05-02 17:10:31,981] {processor.py:641} INFO - Processing file /root/Documents/airflowalu/venv/lib/python3.9/site-packages/airflow/example_dags/example_complex.py for tasks to queue
[2025-05-02 17:10:31,981] {logging_mixin.py:115} INFO - [2025-05-02 17:10:31,981] {dagbag.py:507} INFO - Filling up the DagBag from /root/Documents/airflowalu/venv/lib/python3.9/site-packages/airflow/example_dags/example_complex.py
[2025-05-02 17:10:31,987] {processor.py:651} INFO - DAG(s) dict_keys(['example_complex']) retrieved from /root/Documents/airflowalu/venv/lib/python3.9/site-packages/airflow/example_dags/example_complex.py
[2025-05-02 17:10:32,000] {logging_mixin.py:115} INFO - [2025-05-02 17:10:32,000] {dag.py:2379} INFO - Sync 1 DAGs
[2025-05-02 17:10:32,010] {logging_mixin.py:115} INFO - [2025-05-02 17:10:32,010] {dag.py:2927} INFO - Setting next_dagrun for example_complex to None, run_after=None
[2025-05-02 17:10:32,020] {processor.py:161} INFO - Processing /root/Documents/airflowalu/venv/lib/python3.9/site-packages/airflow/example_dags/example_complex.py took 0.041 seconds
[2025-05-02 17:11:04,573] {processor.py:153} INFO - Started process (PID=8379) to work on /root/Documents/airflowalu/venv/lib/python3.9/site-packages/airflow/example_dags/example_complex.py
[2025-05-02 17:11:04,573] {processor.py:641} INFO - Processing file /root/Documents/airflowalu/venv/lib/python3.9/site-packages/airflow/example_dags/example_complex.py for tasks to queue
[2025-05-02 17:11:04,573] {logging_mixin.py:115} INFO - [2025-05-02 17:11:04,573] {dagbag.py:507} INFO - Filling up the DagBag from /root/Documents/airflowalu/venv/lib/python3.9/site-packages/airflow/example_dags/example_complex.py
[2025-05-02 17:11:04,579] {processor.py:651} INFO - DAG(s) dict_keys(['example_complex']) retrieved from /root/Documents/airflowalu/venv/lib/python3.9/site-packages/airflow/example_dags/example_complex.py
[2025-05-02 17:11:04,591] {logging_mixin.py:115} INFO - [2025-05-02 17:11:04,591] {dag.py:2379} INFO - Sync 1 DAGs
[2025-05-02 17:11:04,600] {logging_mixin.py:115} INFO - [2025-05-02 17:11:04,600] {dag.py:2927} INFO - Setting next_dagrun for example_complex to None, run_after=None
[2025-05-02 17:11:04,609] {processor.py:161} INFO - Processing /root/Documents/airflowalu/venv/lib/python3.9/site-packages/airflow/example_dags/example_complex.py took 0.038 seconds
[2025-05-02 17:11:36,637] {processor.py:153} INFO - Started process (PID=8520) to work on /root/Documents/airflowalu/venv/lib/python3.9/site-packages/airflow/example_dags/example_complex.py
[2025-05-02 17:11:36,637] {processor.py:641} INFO - Processing file /root/Documents/airflowalu/venv/lib/python3.9/site-packages/airflow/example_dags/example_complex.py for tasks to queue
[2025-05-02 17:11:36,638] {logging_mixin.py:115} INFO - [2025-05-02 17:11:36,638] {dagbag.py:507} INFO - Filling up the DagBag from /root/Documents/airflowalu/venv/lib/python3.9/site-packages/airflow/example_dags/example_complex.py
[2025-05-02 17:11:36,644] {processor.py:651} INFO - DAG(s) dict_keys(['example_complex']) retrieved from /root/Documents/airflowalu/venv/lib/python3.9/site-packages/airflow/example_dags/example_complex.py
[2025-05-02 17:11:36,659] {logging_mixin.py:115} INFO - [2025-05-02 17:11:36,659] {dag.py:2379} INFO - Sync 1 DAGs
[2025-05-02 17:11:36,668] {logging_mixin.py:115} INFO - [2025-05-02 17:11:36,668] {dag.py:2927} INFO - Setting next_dagrun for example_complex to None, run_after=None
[2025-05-02 17:11:36,683] {processor.py:161} INFO - Processing /root/Documents/airflowalu/venv/lib/python3.9/site-packages/airflow/example_dags/example_complex.py took 0.048 seconds
[2025-05-02 17:12:08,731] {processor.py:153} INFO - Started process (PID=8657) to work on /root/Documents/airflowalu/venv/lib/python3.9/site-packages/airflow/example_dags/example_complex.py
[2025-05-02 17:12:08,732] {processor.py:641} INFO - Processing file /root/Documents/airflowalu/venv/lib/python3.9/site-packages/airflow/example_dags/example_complex.py for tasks to queue
[2025-05-02 17:12:08,732] {logging_mixin.py:115} INFO - [2025-05-02 17:12:08,732] {dagbag.py:507} INFO - Filling up the DagBag from /root/Documents/airflowalu/venv/lib/python3.9/site-packages/airflow/example_dags/example_complex.py
[2025-05-02 17:12:08,738] {processor.py:651} INFO - DAG(s) dict_keys(['example_complex']) retrieved from /root/Documents/airflowalu/venv/lib/python3.9/site-packages/airflow/example_dags/example_complex.py
[2025-05-02 17:12:08,750] {logging_mixin.py:115} INFO - [2025-05-02 17:12:08,750] {dag.py:2379} INFO - Sync 1 DAGs
[2025-05-02 17:12:08,759] {logging_mixin.py:115} INFO - [2025-05-02 17:12:08,759] {dag.py:2927} INFO - Setting next_dagrun for example_complex to None, run_after=None
[2025-05-02 17:12:08,771] {processor.py:161} INFO - Processing /root/Documents/airflowalu/venv/lib/python3.9/site-packages/airflow/example_dags/example_complex.py took 0.041 seconds
[2025-05-02 17:12:40,696] {processor.py:153} INFO - Started process (PID=8798) to work on /root/Documents/airflowalu/venv/lib/python3.9/site-packages/airflow/example_dags/example_complex.py
[2025-05-02 17:12:40,697] {processor.py:641} INFO - Processing file /root/Documents/airflowalu/venv/lib/python3.9/site-packages/airflow/example_dags/example_complex.py for tasks to queue
[2025-05-02 17:12:40,697] {logging_mixin.py:115} INFO - [2025-05-02 17:12:40,697] {dagbag.py:507} INFO - Filling up the DagBag from /root/Documents/airflowalu/venv/lib/python3.9/site-packages/airflow/example_dags/example_complex.py
[2025-05-02 17:12:40,703] {processor.py:651} INFO - DAG(s) dict_keys(['example_complex']) retrieved from /root/Documents/airflowalu/venv/lib/python3.9/site-packages/airflow/example_dags/example_complex.py
[2025-05-02 17:12:40,715] {logging_mixin.py:115} INFO - [2025-05-02 17:12:40,715] {dag.py:2379} INFO - Sync 1 DAGs
[2025-05-02 17:12:40,726] {logging_mixin.py:115} INFO - [2025-05-02 17:12:40,726] {dag.py:2927} INFO - Setting next_dagrun for example_complex to None, run_after=None
[2025-05-02 17:12:40,738] {processor.py:161} INFO - Processing /root/Documents/airflowalu/venv/lib/python3.9/site-packages/airflow/example_dags/example_complex.py took 0.043 seconds
[2025-05-02 17:13:12,261] {processor.py:153} INFO - Started process (PID=8942) to work on /root/Documents/airflowalu/venv/lib/python3.9/site-packages/airflow/example_dags/example_complex.py
[2025-05-02 17:13:12,261] {processor.py:641} INFO - Processing file /root/Documents/airflowalu/venv/lib/python3.9/site-packages/airflow/example_dags/example_complex.py for tasks to queue
[2025-05-02 17:13:12,262] {logging_mixin.py:115} INFO - [2025-05-02 17:13:12,262] {dagbag.py:507} INFO - Filling up the DagBag from /root/Documents/airflowalu/venv/lib/python3.9/site-packages/airflow/example_dags/example_complex.py
[2025-05-02 17:13:12,268] {processor.py:651} INFO - DAG(s) dict_keys(['example_complex']) retrieved from /root/Documents/airflowalu/venv/lib/python3.9/site-packages/airflow/example_dags/example_complex.py
[2025-05-02 17:13:12,280] {logging_mixin.py:115} INFO - [2025-05-02 17:13:12,280] {dag.py:2379} INFO - Sync 1 DAGs
[2025-05-02 17:13:12,292] {logging_mixin.py:115} INFO - [2025-05-02 17:13:12,292] {dag.py:2927} INFO - Setting next_dagrun for example_complex to None, run_after=None
[2025-05-02 17:13:12,304] {processor.py:161} INFO - Processing /root/Documents/airflowalu/venv/lib/python3.9/site-packages/airflow/example_dags/example_complex.py took 0.045 seconds
[2025-05-02 17:13:42,504] {processor.py:153} INFO - Started process (PID=9072) to work on /root/Documents/airflowalu/venv/lib/python3.9/site-packages/airflow/example_dags/example_complex.py
[2025-05-02 17:13:42,505] {processor.py:641} INFO - Processing file /root/Documents/airflowalu/venv/lib/python3.9/site-packages/airflow/example_dags/example_complex.py for tasks to queue
[2025-05-02 17:13:42,505] {logging_mixin.py:115} INFO - [2025-05-02 17:13:42,505] {dagbag.py:507} INFO - Filling up the DagBag from /root/Documents/airflowalu/venv/lib/python3.9/site-packages/airflow/example_dags/example_complex.py
[2025-05-02 17:13:42,511] {processor.py:651} INFO - DAG(s) dict_keys(['example_complex']) retrieved from /root/Documents/airflowalu/venv/lib/python3.9/site-packages/airflow/example_dags/example_complex.py
[2025-05-02 17:13:42,523] {logging_mixin.py:115} INFO - [2025-05-02 17:13:42,523] {dag.py:2379} INFO - Sync 1 DAGs
[2025-05-02 17:13:42,533] {logging_mixin.py:115} INFO - [2025-05-02 17:13:42,533] {dag.py:2927} INFO - Setting next_dagrun for example_complex to None, run_after=None
[2025-05-02 17:13:42,544] {processor.py:161} INFO - Processing /root/Documents/airflowalu/venv/lib/python3.9/site-packages/airflow/example_dags/example_complex.py took 0.042 seconds
[2025-05-02 17:14:14,758] {processor.py:153} INFO - Started process (PID=9205) to work on /root/Documents/airflowalu/venv/lib/python3.9/site-packages/airflow/example_dags/example_complex.py
[2025-05-02 17:14:14,760] {processor.py:641} INFO - Processing file /root/Documents/airflowalu/venv/lib/python3.9/site-packages/airflow/example_dags/example_complex.py for tasks to queue
[2025-05-02 17:14:14,760] {logging_mixin.py:115} INFO - [2025-05-02 17:14:14,760] {dagbag.py:507} INFO - Filling up the DagBag from /root/Documents/airflowalu/venv/lib/python3.9/site-packages/airflow/example_dags/example_complex.py
[2025-05-02 17:14:14,766] {processor.py:651} INFO - DAG(s) dict_keys(['example_complex']) retrieved from /root/Documents/airflowalu/venv/lib/python3.9/site-packages/airflow/example_dags/example_complex.py
[2025-05-02 17:14:14,778] {logging_mixin.py:115} INFO - [2025-05-02 17:14:14,778] {dag.py:2379} INFO - Sync 1 DAGs
[2025-05-02 17:14:14,787] {logging_mixin.py:115} INFO - [2025-05-02 17:14:14,787] {dag.py:2927} INFO - Setting next_dagrun for example_complex to None, run_after=None
[2025-05-02 17:14:14,798] {processor.py:161} INFO - Processing /root/Documents/airflowalu/venv/lib/python3.9/site-packages/airflow/example_dags/example_complex.py took 0.041 seconds
[2025-05-02 17:14:45,608] {processor.py:153} INFO - Started process (PID=9336) to work on /root/Documents/airflowalu/venv/lib/python3.9/site-packages/airflow/example_dags/example_complex.py
[2025-05-02 17:14:45,608] {processor.py:641} INFO - Processing file /root/Documents/airflowalu/venv/lib/python3.9/site-packages/airflow/example_dags/example_complex.py for tasks to queue
[2025-05-02 17:14:45,609] {logging_mixin.py:115} INFO - [2025-05-02 17:14:45,609] {dagbag.py:507} INFO - Filling up the DagBag from /root/Documents/airflowalu/venv/lib/python3.9/site-packages/airflow/example_dags/example_complex.py
[2025-05-02 17:14:45,615] {processor.py:651} INFO - DAG(s) dict_keys(['example_complex']) retrieved from /root/Documents/airflowalu/venv/lib/python3.9/site-packages/airflow/example_dags/example_complex.py
[2025-05-02 17:14:45,626] {logging_mixin.py:115} INFO - [2025-05-02 17:14:45,626] {dag.py:2379} INFO - Sync 1 DAGs
[2025-05-02 17:14:45,634] {logging_mixin.py:115} INFO - [2025-05-02 17:14:45,634] {dag.py:2927} INFO - Setting next_dagrun for example_complex to None, run_after=None
[2025-05-02 17:14:45,644] {processor.py:161} INFO - Processing /root/Documents/airflowalu/venv/lib/python3.9/site-packages/airflow/example_dags/example_complex.py took 0.037 seconds
[2025-05-02 17:15:15,985] {processor.py:153} INFO - Started process (PID=9468) to work on /root/Documents/airflowalu/venv/lib/python3.9/site-packages/airflow/example_dags/example_complex.py
[2025-05-02 17:15:15,985] {processor.py:641} INFO - Processing file /root/Documents/airflowalu/venv/lib/python3.9/site-packages/airflow/example_dags/example_complex.py for tasks to queue
[2025-05-02 17:15:15,986] {logging_mixin.py:115} INFO - [2025-05-02 17:15:15,986] {dagbag.py:507} INFO - Filling up the DagBag from /root/Documents/airflowalu/venv/lib/python3.9/site-packages/airflow/example_dags/example_complex.py
[2025-05-02 17:15:15,991] {processor.py:651} INFO - DAG(s) dict_keys(['example_complex']) retrieved from /root/Documents/airflowalu/venv/lib/python3.9/site-packages/airflow/example_dags/example_complex.py
[2025-05-02 17:15:16,003] {logging_mixin.py:115} INFO - [2025-05-02 17:15:16,003] {dag.py:2379} INFO - Sync 1 DAGs
[2025-05-02 17:15:16,013] {logging_mixin.py:115} INFO - [2025-05-02 17:15:16,013] {dag.py:2927} INFO - Setting next_dagrun for example_complex to None, run_after=None
[2025-05-02 17:15:16,024] {processor.py:161} INFO - Processing /root/Documents/airflowalu/venv/lib/python3.9/site-packages/airflow/example_dags/example_complex.py took 0.041 seconds
[2025-05-02 17:15:47,805] {processor.py:153} INFO - Started process (PID=9599) to work on /root/Documents/airflowalu/venv/lib/python3.9/site-packages/airflow/example_dags/example_complex.py
[2025-05-02 17:15:47,806] {processor.py:641} INFO - Processing file /root/Documents/airflowalu/venv/lib/python3.9/site-packages/airflow/example_dags/example_complex.py for tasks to queue
[2025-05-02 17:15:47,806] {logging_mixin.py:115} INFO - [2025-05-02 17:15:47,806] {dagbag.py:507} INFO - Filling up the DagBag from /root/Documents/airflowalu/venv/lib/python3.9/site-packages/airflow/example_dags/example_complex.py
[2025-05-02 17:15:47,812] {processor.py:651} INFO - DAG(s) dict_keys(['example_complex']) retrieved from /root/Documents/airflowalu/venv/lib/python3.9/site-packages/airflow/example_dags/example_complex.py
[2025-05-02 17:15:47,824] {logging_mixin.py:115} INFO - [2025-05-02 17:15:47,824] {dag.py:2379} INFO - Sync 1 DAGs
[2025-05-02 17:15:47,832] {logging_mixin.py:115} INFO - [2025-05-02 17:15:47,832] {dag.py:2927} INFO - Setting next_dagrun for example_complex to None, run_after=None
[2025-05-02 17:15:47,842] {processor.py:161} INFO - Processing /root/Documents/airflowalu/venv/lib/python3.9/site-packages/airflow/example_dags/example_complex.py took 0.038 seconds
[2025-05-02 17:16:18,731] {processor.py:153} INFO - Started process (PID=9732) to work on /root/Documents/airflowalu/venv/lib/python3.9/site-packages/airflow/example_dags/example_complex.py
[2025-05-02 17:16:18,732] {processor.py:641} INFO - Processing file /root/Documents/airflowalu/venv/lib/python3.9/site-packages/airflow/example_dags/example_complex.py for tasks to queue
[2025-05-02 17:16:18,732] {logging_mixin.py:115} INFO - [2025-05-02 17:16:18,732] {dagbag.py:507} INFO - Filling up the DagBag from /root/Documents/airflowalu/venv/lib/python3.9/site-packages/airflow/example_dags/example_complex.py
[2025-05-02 17:16:18,738] {processor.py:651} INFO - DAG(s) dict_keys(['example_complex']) retrieved from /root/Documents/airflowalu/venv/lib/python3.9/site-packages/airflow/example_dags/example_complex.py
[2025-05-02 17:16:18,752] {logging_mixin.py:115} INFO - [2025-05-02 17:16:18,752] {dag.py:2379} INFO - Sync 1 DAGs
[2025-05-02 17:16:18,762] {logging_mixin.py:115} INFO - [2025-05-02 17:16:18,762] {dag.py:2927} INFO - Setting next_dagrun for example_complex to None, run_after=None
[2025-05-02 17:16:18,771] {processor.py:161} INFO - Processing /root/Documents/airflowalu/venv/lib/python3.9/site-packages/airflow/example_dags/example_complex.py took 0.042 seconds
[2025-05-02 17:16:50,798] {processor.py:153} INFO - Started process (PID=9868) to work on /root/Documents/airflowalu/venv/lib/python3.9/site-packages/airflow/example_dags/example_complex.py
[2025-05-02 17:16:50,799] {processor.py:641} INFO - Processing file /root/Documents/airflowalu/venv/lib/python3.9/site-packages/airflow/example_dags/example_complex.py for tasks to queue
[2025-05-02 17:16:50,799] {logging_mixin.py:115} INFO - [2025-05-02 17:16:50,799] {dagbag.py:507} INFO - Filling up the DagBag from /root/Documents/airflowalu/venv/lib/python3.9/site-packages/airflow/example_dags/example_complex.py
[2025-05-02 17:16:50,805] {processor.py:651} INFO - DAG(s) dict_keys(['example_complex']) retrieved from /root/Documents/airflowalu/venv/lib/python3.9/site-packages/airflow/example_dags/example_complex.py
[2025-05-02 17:16:50,816] {logging_mixin.py:115} INFO - [2025-05-02 17:16:50,816] {dag.py:2379} INFO - Sync 1 DAGs
[2025-05-02 17:16:50,825] {logging_mixin.py:115} INFO - [2025-05-02 17:16:50,825] {dag.py:2927} INFO - Setting next_dagrun for example_complex to None, run_after=None
[2025-05-02 17:16:50,838] {processor.py:161} INFO - Processing /root/Documents/airflowalu/venv/lib/python3.9/site-packages/airflow/example_dags/example_complex.py took 0.042 seconds
[2025-05-02 17:17:21,949] {processor.py:153} INFO - Started process (PID=10004) to work on /root/Documents/airflowalu/venv/lib/python3.9/site-packages/airflow/example_dags/example_complex.py
[2025-05-02 17:17:21,949] {processor.py:641} INFO - Processing file /root/Documents/airflowalu/venv/lib/python3.9/site-packages/airflow/example_dags/example_complex.py for tasks to queue
[2025-05-02 17:17:21,950] {logging_mixin.py:115} INFO - [2025-05-02 17:17:21,950] {dagbag.py:507} INFO - Filling up the DagBag from /root/Documents/airflowalu/venv/lib/python3.9/site-packages/airflow/example_dags/example_complex.py
[2025-05-02 17:17:21,956] {processor.py:651} INFO - DAG(s) dict_keys(['example_complex']) retrieved from /root/Documents/airflowalu/venv/lib/python3.9/site-packages/airflow/example_dags/example_complex.py
[2025-05-02 17:17:21,967] {logging_mixin.py:115} INFO - [2025-05-02 17:17:21,967] {dag.py:2379} INFO - Sync 1 DAGs
[2025-05-02 17:17:21,976] {logging_mixin.py:115} INFO - [2025-05-02 17:17:21,976] {dag.py:2927} INFO - Setting next_dagrun for example_complex to None, run_after=None
[2025-05-02 17:17:21,986] {processor.py:161} INFO - Processing /root/Documents/airflowalu/venv/lib/python3.9/site-packages/airflow/example_dags/example_complex.py took 0.039 seconds
[2025-05-02 17:17:53,621] {processor.py:153} INFO - Started process (PID=10144) to work on /root/Documents/airflowalu/venv/lib/python3.9/site-packages/airflow/example_dags/example_complex.py
[2025-05-02 17:17:53,621] {processor.py:641} INFO - Processing file /root/Documents/airflowalu/venv/lib/python3.9/site-packages/airflow/example_dags/example_complex.py for tasks to queue
[2025-05-02 17:17:53,622] {logging_mixin.py:115} INFO - [2025-05-02 17:17:53,622] {dagbag.py:507} INFO - Filling up the DagBag from /root/Documents/airflowalu/venv/lib/python3.9/site-packages/airflow/example_dags/example_complex.py
[2025-05-02 17:17:53,630] {processor.py:651} INFO - DAG(s) dict_keys(['example_complex']) retrieved from /root/Documents/airflowalu/venv/lib/python3.9/site-packages/airflow/example_dags/example_complex.py
[2025-05-02 17:17:53,641] {logging_mixin.py:115} INFO - [2025-05-02 17:17:53,641] {dag.py:2379} INFO - Sync 1 DAGs
[2025-05-02 17:17:53,651] {logging_mixin.py:115} INFO - [2025-05-02 17:17:53,651] {dag.py:2927} INFO - Setting next_dagrun for example_complex to None, run_after=None
[2025-05-02 17:17:53,662] {processor.py:161} INFO - Processing /root/Documents/airflowalu/venv/lib/python3.9/site-packages/airflow/example_dags/example_complex.py took 0.044 seconds
[2025-05-02 17:18:24,405] {processor.py:153} INFO - Started process (PID=10276) to work on /root/Documents/airflowalu/venv/lib/python3.9/site-packages/airflow/example_dags/example_complex.py
[2025-05-02 17:18:24,406] {processor.py:641} INFO - Processing file /root/Documents/airflowalu/venv/lib/python3.9/site-packages/airflow/example_dags/example_complex.py for tasks to queue
[2025-05-02 17:18:24,406] {logging_mixin.py:115} INFO - [2025-05-02 17:18:24,406] {dagbag.py:507} INFO - Filling up the DagBag from /root/Documents/airflowalu/venv/lib/python3.9/site-packages/airflow/example_dags/example_complex.py
[2025-05-02 17:18:24,415] {processor.py:651} INFO - DAG(s) dict_keys(['example_complex']) retrieved from /root/Documents/airflowalu/venv/lib/python3.9/site-packages/airflow/example_dags/example_complex.py
[2025-05-02 17:18:24,426] {logging_mixin.py:115} INFO - [2025-05-02 17:18:24,426] {dag.py:2379} INFO - Sync 1 DAGs
[2025-05-02 17:18:24,435] {logging_mixin.py:115} INFO - [2025-05-02 17:18:24,435] {dag.py:2927} INFO - Setting next_dagrun for example_complex to None, run_after=None
[2025-05-02 17:18:24,444] {processor.py:161} INFO - Processing /root/Documents/airflowalu/venv/lib/python3.9/site-packages/airflow/example_dags/example_complex.py took 0.041 seconds
[2025-05-02 17:18:54,672] {processor.py:153} INFO - Started process (PID=10400) to work on /root/Documents/airflowalu/venv/lib/python3.9/site-packages/airflow/example_dags/example_complex.py
[2025-05-02 17:18:54,673] {processor.py:641} INFO - Processing file /root/Documents/airflowalu/venv/lib/python3.9/site-packages/airflow/example_dags/example_complex.py for tasks to queue
[2025-05-02 17:18:54,673] {logging_mixin.py:115} INFO - [2025-05-02 17:18:54,673] {dagbag.py:507} INFO - Filling up the DagBag from /root/Documents/airflowalu/venv/lib/python3.9/site-packages/airflow/example_dags/example_complex.py
[2025-05-02 17:18:54,681] {processor.py:651} INFO - DAG(s) dict_keys(['example_complex']) retrieved from /root/Documents/airflowalu/venv/lib/python3.9/site-packages/airflow/example_dags/example_complex.py
[2025-05-02 17:18:54,692] {logging_mixin.py:115} INFO - [2025-05-02 17:18:54,692] {dag.py:2379} INFO - Sync 1 DAGs
[2025-05-02 17:18:54,701] {logging_mixin.py:115} INFO - [2025-05-02 17:18:54,701] {dag.py:2927} INFO - Setting next_dagrun for example_complex to None, run_after=None
[2025-05-02 17:18:54,710] {processor.py:161} INFO - Processing /root/Documents/airflowalu/venv/lib/python3.9/site-packages/airflow/example_dags/example_complex.py took 0.040 seconds
[2025-05-02 17:19:27,975] {processor.py:153} INFO - Started process (PID=10549) to work on /root/Documents/airflowalu/venv/lib/python3.9/site-packages/airflow/example_dags/example_complex.py
[2025-05-02 17:19:27,976] {processor.py:641} INFO - Processing file /root/Documents/airflowalu/venv/lib/python3.9/site-packages/airflow/example_dags/example_complex.py for tasks to queue
[2025-05-02 17:19:27,976] {logging_mixin.py:115} INFO - [2025-05-02 17:19:27,976] {dagbag.py:507} INFO - Filling up the DagBag from /root/Documents/airflowalu/venv/lib/python3.9/site-packages/airflow/example_dags/example_complex.py
[2025-05-02 17:19:27,984] {processor.py:651} INFO - DAG(s) dict_keys(['example_complex']) retrieved from /root/Documents/airflowalu/venv/lib/python3.9/site-packages/airflow/example_dags/example_complex.py
[2025-05-02 17:19:27,995] {logging_mixin.py:115} INFO - [2025-05-02 17:19:27,995] {dag.py:2379} INFO - Sync 1 DAGs
[2025-05-02 17:19:28,005] {logging_mixin.py:115} INFO - [2025-05-02 17:19:28,005] {dag.py:2927} INFO - Setting next_dagrun for example_complex to None, run_after=None
[2025-05-02 17:19:28,015] {processor.py:161} INFO - Processing /root/Documents/airflowalu/venv/lib/python3.9/site-packages/airflow/example_dags/example_complex.py took 0.042 seconds
[2025-05-02 17:19:59,921] {processor.py:153} INFO - Started process (PID=10682) to work on /root/Documents/airflowalu/venv/lib/python3.9/site-packages/airflow/example_dags/example_complex.py
[2025-05-02 17:19:59,922] {processor.py:641} INFO - Processing file /root/Documents/airflowalu/venv/lib/python3.9/site-packages/airflow/example_dags/example_complex.py for tasks to queue
[2025-05-02 17:19:59,922] {logging_mixin.py:115} INFO - [2025-05-02 17:19:59,922] {dagbag.py:507} INFO - Filling up the DagBag from /root/Documents/airflowalu/venv/lib/python3.9/site-packages/airflow/example_dags/example_complex.py
[2025-05-02 17:19:59,930] {processor.py:651} INFO - DAG(s) dict_keys(['example_complex']) retrieved from /root/Documents/airflowalu/venv/lib/python3.9/site-packages/airflow/example_dags/example_complex.py
[2025-05-02 17:19:59,941] {logging_mixin.py:115} INFO - [2025-05-02 17:19:59,941] {dag.py:2379} INFO - Sync 1 DAGs
[2025-05-02 17:19:59,950] {logging_mixin.py:115} INFO - [2025-05-02 17:19:59,950] {dag.py:2927} INFO - Setting next_dagrun for example_complex to None, run_after=None
[2025-05-02 17:19:59,960] {processor.py:161} INFO - Processing /root/Documents/airflowalu/venv/lib/python3.9/site-packages/airflow/example_dags/example_complex.py took 0.040 seconds
[2025-05-02 17:20:32,666] {processor.py:153} INFO - Started process (PID=10826) to work on /root/Documents/airflowalu/venv/lib/python3.9/site-packages/airflow/example_dags/example_complex.py
[2025-05-02 17:20:32,667] {processor.py:641} INFO - Processing file /root/Documents/airflowalu/venv/lib/python3.9/site-packages/airflow/example_dags/example_complex.py for tasks to queue
[2025-05-02 17:20:32,667] {logging_mixin.py:115} INFO - [2025-05-02 17:20:32,667] {dagbag.py:507} INFO - Filling up the DagBag from /root/Documents/airflowalu/venv/lib/python3.9/site-packages/airflow/example_dags/example_complex.py
[2025-05-02 17:20:32,675] {processor.py:651} INFO - DAG(s) dict_keys(['example_complex']) retrieved from /root/Documents/airflowalu/venv/lib/python3.9/site-packages/airflow/example_dags/example_complex.py
[2025-05-02 17:20:32,685] {logging_mixin.py:115} INFO - [2025-05-02 17:20:32,685] {dag.py:2379} INFO - Sync 1 DAGs
[2025-05-02 17:20:32,693] {logging_mixin.py:115} INFO - [2025-05-02 17:20:32,693] {dag.py:2927} INFO - Setting next_dagrun for example_complex to None, run_after=None
[2025-05-02 17:20:32,703] {processor.py:161} INFO - Processing /root/Documents/airflowalu/venv/lib/python3.9/site-packages/airflow/example_dags/example_complex.py took 0.038 seconds
[2025-05-02 17:21:03,892] {processor.py:153} INFO - Started process (PID=10966) to work on /root/Documents/airflowalu/venv/lib/python3.9/site-packages/airflow/example_dags/example_complex.py
[2025-05-02 17:21:03,892] {processor.py:641} INFO - Processing file /root/Documents/airflowalu/venv/lib/python3.9/site-packages/airflow/example_dags/example_complex.py for tasks to queue
[2025-05-02 17:21:03,893] {logging_mixin.py:115} INFO - [2025-05-02 17:21:03,893] {dagbag.py:507} INFO - Filling up the DagBag from /root/Documents/airflowalu/venv/lib/python3.9/site-packages/airflow/example_dags/example_complex.py
[2025-05-02 17:21:03,902] {processor.py:651} INFO - DAG(s) dict_keys(['example_complex']) retrieved from /root/Documents/airflowalu/venv/lib/python3.9/site-packages/airflow/example_dags/example_complex.py
[2025-05-02 17:21:03,915] {logging_mixin.py:115} INFO - [2025-05-02 17:21:03,914] {dag.py:2379} INFO - Sync 1 DAGs
[2025-05-02 17:21:03,924] {logging_mixin.py:115} INFO - [2025-05-02 17:21:03,924] {dag.py:2927} INFO - Setting next_dagrun for example_complex to None, run_after=None
[2025-05-02 17:21:03,934] {processor.py:161} INFO - Processing /root/Documents/airflowalu/venv/lib/python3.9/site-packages/airflow/example_dags/example_complex.py took 0.044 seconds
[2025-05-02 17:21:36,845] {processor.py:153} INFO - Started process (PID=11107) to work on /root/Documents/airflowalu/venv/lib/python3.9/site-packages/airflow/example_dags/example_complex.py
[2025-05-02 17:21:36,846] {processor.py:641} INFO - Processing file /root/Documents/airflowalu/venv/lib/python3.9/site-packages/airflow/example_dags/example_complex.py for tasks to queue
[2025-05-02 17:21:36,846] {logging_mixin.py:115} INFO - [2025-05-02 17:21:36,846] {dagbag.py:507} INFO - Filling up the DagBag from /root/Documents/airflowalu/venv/lib/python3.9/site-packages/airflow/example_dags/example_complex.py
[2025-05-02 17:21:36,854] {processor.py:651} INFO - DAG(s) dict_keys(['example_complex']) retrieved from /root/Documents/airflowalu/venv/lib/python3.9/site-packages/airflow/example_dags/example_complex.py
[2025-05-02 17:21:36,866] {logging_mixin.py:115} INFO - [2025-05-02 17:21:36,866] {dag.py:2379} INFO - Sync 1 DAGs
[2025-05-02 17:21:36,875] {logging_mixin.py:115} INFO - [2025-05-02 17:21:36,875] {dag.py:2927} INFO - Setting next_dagrun for example_complex to None, run_after=None
[2025-05-02 17:21:36,886] {processor.py:161} INFO - Processing /root/Documents/airflowalu/venv/lib/python3.9/site-packages/airflow/example_dags/example_complex.py took 0.043 seconds
[2025-05-02 17:22:07,655] {processor.py:153} INFO - Started process (PID=11241) to work on /root/Documents/airflowalu/venv/lib/python3.9/site-packages/airflow/example_dags/example_complex.py
[2025-05-02 17:22:07,656] {processor.py:641} INFO - Processing file /root/Documents/airflowalu/venv/lib/python3.9/site-packages/airflow/example_dags/example_complex.py for tasks to queue
[2025-05-02 17:22:07,656] {logging_mixin.py:115} INFO - [2025-05-02 17:22:07,656] {dagbag.py:507} INFO - Filling up the DagBag from /root/Documents/airflowalu/venv/lib/python3.9/site-packages/airflow/example_dags/example_complex.py
[2025-05-02 17:22:07,665] {processor.py:651} INFO - DAG(s) dict_keys(['example_complex']) retrieved from /root/Documents/airflowalu/venv/lib/python3.9/site-packages/airflow/example_dags/example_complex.py
[2025-05-02 17:22:07,676] {logging_mixin.py:115} INFO - [2025-05-02 17:22:07,676] {dag.py:2379} INFO - Sync 1 DAGs
[2025-05-02 17:22:07,686] {logging_mixin.py:115} INFO - [2025-05-02 17:22:07,686] {dag.py:2927} INFO - Setting next_dagrun for example_complex to None, run_after=None
[2025-05-02 17:22:07,697] {processor.py:161} INFO - Processing /root/Documents/airflowalu/venv/lib/python3.9/site-packages/airflow/example_dags/example_complex.py took 0.044 seconds
[2025-05-02 17:22:39,560] {processor.py:153} INFO - Started process (PID=11377) to work on /root/Documents/airflowalu/venv/lib/python3.9/site-packages/airflow/example_dags/example_complex.py
[2025-05-02 17:22:39,561] {processor.py:641} INFO - Processing file /root/Documents/airflowalu/venv/lib/python3.9/site-packages/airflow/example_dags/example_complex.py for tasks to queue
[2025-05-02 17:22:39,562] {logging_mixin.py:115} INFO - [2025-05-02 17:22:39,562] {dagbag.py:507} INFO - Filling up the DagBag from /root/Documents/airflowalu/venv/lib/python3.9/site-packages/airflow/example_dags/example_complex.py
[2025-05-02 17:22:39,573] {processor.py:651} INFO - DAG(s) dict_keys(['example_complex']) retrieved from /root/Documents/airflowalu/venv/lib/python3.9/site-packages/airflow/example_dags/example_complex.py
[2025-05-02 17:22:39,589] {logging_mixin.py:115} INFO - [2025-05-02 17:22:39,589] {dag.py:2379} INFO - Sync 1 DAGs
[2025-05-02 17:22:39,600] {logging_mixin.py:115} INFO - [2025-05-02 17:22:39,600] {dag.py:2927} INFO - Setting next_dagrun for example_complex to None, run_after=None
[2025-05-02 17:22:39,612] {processor.py:161} INFO - Processing /root/Documents/airflowalu/venv/lib/python3.9/site-packages/airflow/example_dags/example_complex.py took 0.054 seconds
[2025-05-02 17:23:11,118] {processor.py:153} INFO - Started process (PID=11515) to work on /root/Documents/airflowalu/venv/lib/python3.9/site-packages/airflow/example_dags/example_complex.py
[2025-05-02 17:23:11,119] {processor.py:641} INFO - Processing file /root/Documents/airflowalu/venv/lib/python3.9/site-packages/airflow/example_dags/example_complex.py for tasks to queue
[2025-05-02 17:23:11,119] {logging_mixin.py:115} INFO - [2025-05-02 17:23:11,119] {dagbag.py:507} INFO - Filling up the DagBag from /root/Documents/airflowalu/venv/lib/python3.9/site-packages/airflow/example_dags/example_complex.py
[2025-05-02 17:23:11,128] {processor.py:651} INFO - DAG(s) dict_keys(['example_complex']) retrieved from /root/Documents/airflowalu/venv/lib/python3.9/site-packages/airflow/example_dags/example_complex.py
[2025-05-02 17:23:11,140] {logging_mixin.py:115} INFO - [2025-05-02 17:23:11,140] {dag.py:2379} INFO - Sync 1 DAGs
[2025-05-02 17:23:11,149] {logging_mixin.py:115} INFO - [2025-05-02 17:23:11,149] {dag.py:2927} INFO - Setting next_dagrun for example_complex to None, run_after=None
[2025-05-02 17:23:11,159] {processor.py:161} INFO - Processing /root/Documents/airflowalu/venv/lib/python3.9/site-packages/airflow/example_dags/example_complex.py took 0.042 seconds
[2025-05-02 17:23:43,791] {processor.py:153} INFO - Started process (PID=11648) to work on /root/Documents/airflowalu/venv/lib/python3.9/site-packages/airflow/example_dags/example_complex.py
[2025-05-02 17:23:43,791] {processor.py:641} INFO - Processing file /root/Documents/airflowalu/venv/lib/python3.9/site-packages/airflow/example_dags/example_complex.py for tasks to queue
[2025-05-02 17:23:43,791] {logging_mixin.py:115} INFO - [2025-05-02 17:23:43,791] {dagbag.py:507} INFO - Filling up the DagBag from /root/Documents/airflowalu/venv/lib/python3.9/site-packages/airflow/example_dags/example_complex.py
[2025-05-02 17:23:43,800] {processor.py:651} INFO - DAG(s) dict_keys(['example_complex']) retrieved from /root/Documents/airflowalu/venv/lib/python3.9/site-packages/airflow/example_dags/example_complex.py
[2025-05-02 17:23:43,811] {logging_mixin.py:115} INFO - [2025-05-02 17:23:43,811] {dag.py:2379} INFO - Sync 1 DAGs
[2025-05-02 17:23:43,821] {logging_mixin.py:115} INFO - [2025-05-02 17:23:43,821] {dag.py:2927} INFO - Setting next_dagrun for example_complex to None, run_after=None
[2025-05-02 17:23:43,832] {processor.py:161} INFO - Processing /root/Documents/airflowalu/venv/lib/python3.9/site-packages/airflow/example_dags/example_complex.py took 0.043 seconds
[2025-05-02 17:24:14,796] {processor.py:153} INFO - Started process (PID=11782) to work on /root/Documents/airflowalu/venv/lib/python3.9/site-packages/airflow/example_dags/example_complex.py
[2025-05-02 17:24:14,797] {processor.py:641} INFO - Processing file /root/Documents/airflowalu/venv/lib/python3.9/site-packages/airflow/example_dags/example_complex.py for tasks to queue
[2025-05-02 17:24:14,797] {logging_mixin.py:115} INFO - [2025-05-02 17:24:14,797] {dagbag.py:507} INFO - Filling up the DagBag from /root/Documents/airflowalu/venv/lib/python3.9/site-packages/airflow/example_dags/example_complex.py
[2025-05-02 17:24:14,805] {processor.py:651} INFO - DAG(s) dict_keys(['example_complex']) retrieved from /root/Documents/airflowalu/venv/lib/python3.9/site-packages/airflow/example_dags/example_complex.py
[2025-05-02 17:24:14,816] {logging_mixin.py:115} INFO - [2025-05-02 17:24:14,816] {dag.py:2379} INFO - Sync 1 DAGs
[2025-05-02 17:24:14,825] {logging_mixin.py:115} INFO - [2025-05-02 17:24:14,825] {dag.py:2927} INFO - Setting next_dagrun for example_complex to None, run_after=None
[2025-05-02 17:24:14,835] {processor.py:161} INFO - Processing /root/Documents/airflowalu/venv/lib/python3.9/site-packages/airflow/example_dags/example_complex.py took 0.040 seconds
[2025-05-02 17:24:48,376] {processor.py:153} INFO - Started process (PID=11925) to work on /root/Documents/airflowalu/venv/lib/python3.9/site-packages/airflow/example_dags/example_complex.py
[2025-05-02 17:24:48,377] {processor.py:641} INFO - Processing file /root/Documents/airflowalu/venv/lib/python3.9/site-packages/airflow/example_dags/example_complex.py for tasks to queue
[2025-05-02 17:24:48,377] {logging_mixin.py:115} INFO - [2025-05-02 17:24:48,377] {dagbag.py:507} INFO - Filling up the DagBag from /root/Documents/airflowalu/venv/lib/python3.9/site-packages/airflow/example_dags/example_complex.py
[2025-05-02 17:24:48,385] {processor.py:651} INFO - DAG(s) dict_keys(['example_complex']) retrieved from /root/Documents/airflowalu/venv/lib/python3.9/site-packages/airflow/example_dags/example_complex.py
[2025-05-02 17:24:48,395] {logging_mixin.py:115} INFO - [2025-05-02 17:24:48,395] {dag.py:2379} INFO - Sync 1 DAGs
[2025-05-02 17:24:48,404] {logging_mixin.py:115} INFO - [2025-05-02 17:24:48,404] {dag.py:2927} INFO - Setting next_dagrun for example_complex to None, run_after=None
[2025-05-02 17:24:48,415] {processor.py:161} INFO - Processing /root/Documents/airflowalu/venv/lib/python3.9/site-packages/airflow/example_dags/example_complex.py took 0.040 seconds
[2025-05-02 17:25:18,849] {processor.py:153} INFO - Started process (PID=12051) to work on /root/Documents/airflowalu/venv/lib/python3.9/site-packages/airflow/example_dags/example_complex.py
[2025-05-02 17:25:18,850] {processor.py:641} INFO - Processing file /root/Documents/airflowalu/venv/lib/python3.9/site-packages/airflow/example_dags/example_complex.py for tasks to queue
[2025-05-02 17:25:18,850] {logging_mixin.py:115} INFO - [2025-05-02 17:25:18,850] {dagbag.py:507} INFO - Filling up the DagBag from /root/Documents/airflowalu/venv/lib/python3.9/site-packages/airflow/example_dags/example_complex.py
[2025-05-02 17:25:18,859] {processor.py:651} INFO - DAG(s) dict_keys(['example_complex']) retrieved from /root/Documents/airflowalu/venv/lib/python3.9/site-packages/airflow/example_dags/example_complex.py
[2025-05-02 17:25:18,870] {logging_mixin.py:115} INFO - [2025-05-02 17:25:18,870] {dag.py:2379} INFO - Sync 1 DAGs
[2025-05-02 17:25:18,879] {logging_mixin.py:115} INFO - [2025-05-02 17:25:18,879] {dag.py:2927} INFO - Setting next_dagrun for example_complex to None, run_after=None
[2025-05-02 17:25:18,889] {processor.py:161} INFO - Processing /root/Documents/airflowalu/venv/lib/python3.9/site-packages/airflow/example_dags/example_complex.py took 0.041 seconds
[2025-05-02 17:25:49,625] {processor.py:153} INFO - Started process (PID=12184) to work on /root/Documents/airflowalu/venv/lib/python3.9/site-packages/airflow/example_dags/example_complex.py
[2025-05-02 17:25:49,626] {processor.py:641} INFO - Processing file /root/Documents/airflowalu/venv/lib/python3.9/site-packages/airflow/example_dags/example_complex.py for tasks to queue
[2025-05-02 17:25:49,626] {logging_mixin.py:115} INFO - [2025-05-02 17:25:49,626] {dagbag.py:507} INFO - Filling up the DagBag from /root/Documents/airflowalu/venv/lib/python3.9/site-packages/airflow/example_dags/example_complex.py
[2025-05-02 17:25:49,634] {processor.py:651} INFO - DAG(s) dict_keys(['example_complex']) retrieved from /root/Documents/airflowalu/venv/lib/python3.9/site-packages/airflow/example_dags/example_complex.py
[2025-05-02 17:25:49,645] {logging_mixin.py:115} INFO - [2025-05-02 17:25:49,645] {dag.py:2379} INFO - Sync 1 DAGs
[2025-05-02 17:25:49,655] {logging_mixin.py:115} INFO - [2025-05-02 17:25:49,655] {dag.py:2927} INFO - Setting next_dagrun for example_complex to None, run_after=None
[2025-05-02 17:25:49,665] {processor.py:161} INFO - Processing /root/Documents/airflowalu/venv/lib/python3.9/site-packages/airflow/example_dags/example_complex.py took 0.042 seconds
[2025-05-02 17:26:25,467] {processor.py:153} INFO - Started process (PID=12335) to work on /root/Documents/airflowalu/venv/lib/python3.9/site-packages/airflow/example_dags/example_complex.py
[2025-05-02 17:26:25,468] {processor.py:641} INFO - Processing file /root/Documents/airflowalu/venv/lib/python3.9/site-packages/airflow/example_dags/example_complex.py for tasks to queue
[2025-05-02 17:26:25,468] {logging_mixin.py:115} INFO - [2025-05-02 17:26:25,468] {dagbag.py:507} INFO - Filling up the DagBag from /root/Documents/airflowalu/venv/lib/python3.9/site-packages/airflow/example_dags/example_complex.py
[2025-05-02 17:26:25,476] {processor.py:651} INFO - DAG(s) dict_keys(['example_complex']) retrieved from /root/Documents/airflowalu/venv/lib/python3.9/site-packages/airflow/example_dags/example_complex.py
[2025-05-02 17:26:25,486] {logging_mixin.py:115} INFO - [2025-05-02 17:26:25,486] {dag.py:2379} INFO - Sync 1 DAGs
[2025-05-02 17:26:25,495] {logging_mixin.py:115} INFO - [2025-05-02 17:26:25,495] {dag.py:2927} INFO - Setting next_dagrun for example_complex to None, run_after=None
[2025-05-02 17:26:25,505] {processor.py:161} INFO - Processing /root/Documents/airflowalu/venv/lib/python3.9/site-packages/airflow/example_dags/example_complex.py took 0.040 seconds
[2025-05-02 17:26:57,252] {processor.py:153} INFO - Started process (PID=12474) to work on /root/Documents/airflowalu/venv/lib/python3.9/site-packages/airflow/example_dags/example_complex.py
[2025-05-02 17:26:57,252] {processor.py:641} INFO - Processing file /root/Documents/airflowalu/venv/lib/python3.9/site-packages/airflow/example_dags/example_complex.py for tasks to queue
[2025-05-02 17:26:57,253] {logging_mixin.py:115} INFO - [2025-05-02 17:26:57,253] {dagbag.py:507} INFO - Filling up the DagBag from /root/Documents/airflowalu/venv/lib/python3.9/site-packages/airflow/example_dags/example_complex.py
[2025-05-02 17:26:57,261] {processor.py:651} INFO - DAG(s) dict_keys(['example_complex']) retrieved from /root/Documents/airflowalu/venv/lib/python3.9/site-packages/airflow/example_dags/example_complex.py
[2025-05-02 17:26:57,273] {logging_mixin.py:115} INFO - [2025-05-02 17:26:57,273] {dag.py:2379} INFO - Sync 1 DAGs
[2025-05-02 17:26:57,283] {logging_mixin.py:115} INFO - [2025-05-02 17:26:57,283] {dag.py:2927} INFO - Setting next_dagrun for example_complex to None, run_after=None
[2025-05-02 17:26:57,295] {processor.py:161} INFO - Processing /root/Documents/airflowalu/venv/lib/python3.9/site-packages/airflow/example_dags/example_complex.py took 0.045 seconds
[2025-05-02 17:27:28,455] {processor.py:153} INFO - Started process (PID=12605) to work on /root/Documents/airflowalu/venv/lib/python3.9/site-packages/airflow/example_dags/example_complex.py
[2025-05-02 17:27:28,455] {processor.py:641} INFO - Processing file /root/Documents/airflowalu/venv/lib/python3.9/site-packages/airflow/example_dags/example_complex.py for tasks to queue
[2025-05-02 17:27:28,456] {logging_mixin.py:115} INFO - [2025-05-02 17:27:28,456] {dagbag.py:507} INFO - Filling up the DagBag from /root/Documents/airflowalu/venv/lib/python3.9/site-packages/airflow/example_dags/example_complex.py
[2025-05-02 17:27:28,462] {processor.py:651} INFO - DAG(s) dict_keys(['example_complex']) retrieved from /root/Documents/airflowalu/venv/lib/python3.9/site-packages/airflow/example_dags/example_complex.py
[2025-05-02 17:27:28,473] {logging_mixin.py:115} INFO - [2025-05-02 17:27:28,473] {dag.py:2379} INFO - Sync 1 DAGs
[2025-05-02 17:27:28,483] {logging_mixin.py:115} INFO - [2025-05-02 17:27:28,482] {dag.py:2927} INFO - Setting next_dagrun for example_complex to None, run_after=None
[2025-05-02 17:27:28,494] {processor.py:161} INFO - Processing /root/Documents/airflowalu/venv/lib/python3.9/site-packages/airflow/example_dags/example_complex.py took 0.040 seconds
[2025-05-02 17:29:58,979] {processor.py:153} INFO - Started process (PID=13457) to work on /root/Documents/airflowalu/venv/lib/python3.9/site-packages/airflow/example_dags/example_complex.py
[2025-05-02 17:29:58,980] {processor.py:641} INFO - Processing file /root/Documents/airflowalu/venv/lib/python3.9/site-packages/airflow/example_dags/example_complex.py for tasks to queue
[2025-05-02 17:29:58,980] {logging_mixin.py:115} INFO - [2025-05-02 17:29:58,980] {dagbag.py:507} INFO - Filling up the DagBag from /root/Documents/airflowalu/venv/lib/python3.9/site-packages/airflow/example_dags/example_complex.py
[2025-05-02 17:29:58,990] {processor.py:651} INFO - DAG(s) dict_keys(['example_complex']) retrieved from /root/Documents/airflowalu/venv/lib/python3.9/site-packages/airflow/example_dags/example_complex.py
[2025-05-02 17:29:59,002] {logging_mixin.py:115} INFO - [2025-05-02 17:29:59,002] {dag.py:2379} INFO - Sync 1 DAGs
[2025-05-02 17:29:59,016] {logging_mixin.py:115} INFO - [2025-05-02 17:29:59,016] {dag.py:2927} INFO - Setting next_dagrun for example_complex to None, run_after=None
[2025-05-02 17:29:59,030] {processor.py:161} INFO - Processing /root/Documents/airflowalu/venv/lib/python3.9/site-packages/airflow/example_dags/example_complex.py took 0.053 seconds
[2025-05-02 17:30:31,471] {processor.py:153} INFO - Started process (PID=13669) to work on /root/Documents/airflowalu/venv/lib/python3.9/site-packages/airflow/example_dags/example_complex.py
[2025-05-02 17:30:31,472] {processor.py:641} INFO - Processing file /root/Documents/airflowalu/venv/lib/python3.9/site-packages/airflow/example_dags/example_complex.py for tasks to queue
[2025-05-02 17:30:31,472] {logging_mixin.py:115} INFO - [2025-05-02 17:30:31,472] {dagbag.py:507} INFO - Filling up the DagBag from /root/Documents/airflowalu/venv/lib/python3.9/site-packages/airflow/example_dags/example_complex.py
[2025-05-02 17:30:31,479] {processor.py:651} INFO - DAG(s) dict_keys(['example_complex']) retrieved from /root/Documents/airflowalu/venv/lib/python3.9/site-packages/airflow/example_dags/example_complex.py
[2025-05-02 17:30:31,491] {logging_mixin.py:115} INFO - [2025-05-02 17:30:31,491] {dag.py:2379} INFO - Sync 1 DAGs
[2025-05-02 17:30:31,503] {logging_mixin.py:115} INFO - [2025-05-02 17:30:31,503] {dag.py:2927} INFO - Setting next_dagrun for example_complex to None, run_after=None
[2025-05-02 17:30:31,514] {processor.py:161} INFO - Processing /root/Documents/airflowalu/venv/lib/python3.9/site-packages/airflow/example_dags/example_complex.py took 0.045 seconds
[2025-05-02 17:31:04,093] {processor.py:153} INFO - Started process (PID=13890) to work on /root/Documents/airflowalu/venv/lib/python3.9/site-packages/airflow/example_dags/example_complex.py
[2025-05-02 17:31:04,094] {processor.py:641} INFO - Processing file /root/Documents/airflowalu/venv/lib/python3.9/site-packages/airflow/example_dags/example_complex.py for tasks to queue
[2025-05-02 17:31:04,094] {logging_mixin.py:115} INFO - [2025-05-02 17:31:04,094] {dagbag.py:507} INFO - Filling up the DagBag from /root/Documents/airflowalu/venv/lib/python3.9/site-packages/airflow/example_dags/example_complex.py
[2025-05-02 17:31:04,102] {processor.py:651} INFO - DAG(s) dict_keys(['example_complex']) retrieved from /root/Documents/airflowalu/venv/lib/python3.9/site-packages/airflow/example_dags/example_complex.py
[2025-05-02 17:31:04,117] {logging_mixin.py:115} INFO - [2025-05-02 17:31:04,117] {dag.py:2379} INFO - Sync 1 DAGs
[2025-05-02 17:31:04,130] {logging_mixin.py:115} INFO - [2025-05-02 17:31:04,130] {dag.py:2927} INFO - Setting next_dagrun for example_complex to None, run_after=None
[2025-05-02 17:31:04,142] {processor.py:161} INFO - Processing /root/Documents/airflowalu/venv/lib/python3.9/site-packages/airflow/example_dags/example_complex.py took 0.051 seconds
[2025-05-02 20:40:01,017] {processor.py:153} INFO - Started process (PID=470) to work on /root/Documents/airflowalu/venv/lib/python3.9/site-packages/airflow/example_dags/example_complex.py
[2025-05-02 20:40:01,018] {processor.py:641} INFO - Processing file /root/Documents/airflowalu/venv/lib/python3.9/site-packages/airflow/example_dags/example_complex.py for tasks to queue
[2025-05-02 20:40:01,018] {logging_mixin.py:115} INFO - [2025-05-02 20:40:01,018] {dagbag.py:507} INFO - Filling up the DagBag from /root/Documents/airflowalu/venv/lib/python3.9/site-packages/airflow/example_dags/example_complex.py
[2025-05-02 20:40:01,024] {processor.py:651} INFO - DAG(s) dict_keys(['example_complex']) retrieved from /root/Documents/airflowalu/venv/lib/python3.9/site-packages/airflow/example_dags/example_complex.py
[2025-05-02 20:40:01,039] {logging_mixin.py:115} INFO - [2025-05-02 20:40:01,039] {dag.py:2379} INFO - Sync 1 DAGs
[2025-05-02 20:40:01,052] {logging_mixin.py:115} INFO - [2025-05-02 20:40:01,052] {dag.py:2927} INFO - Setting next_dagrun for example_complex to None, run_after=None
[2025-05-02 20:40:01,068] {processor.py:161} INFO - Processing /root/Documents/airflowalu/venv/lib/python3.9/site-packages/airflow/example_dags/example_complex.py took 0.052 seconds
