[2025-05-02 16:52:49,150] {processor.py:153} INFO - Started process (PID=2871) to work on /root/Documents/airflowalu/venv/lib/python3.9/site-packages/airflow/example_dags/example_skip_dag.py
[2025-05-02 16:52:49,150] {processor.py:641} INFO - Processing file /root/Documents/airflowalu/venv/lib/python3.9/site-packages/airflow/example_dags/example_skip_dag.py for tasks to queue
[2025-05-02 16:52:49,151] {logging_mixin.py:115} INFO - [2025-05-02 16:52:49,151] {dagbag.py:507} INFO - Filling up the DagBag from /root/Documents/airflowalu/venv/lib/python3.9/site-packages/airflow/example_dags/example_skip_dag.py
[2025-05-02 16:52:49,153] {processor.py:651} INFO - DAG(s) dict_keys(['example_skip_dag']) retrieved from /root/Documents/airflowalu/venv/lib/python3.9/site-packages/airflow/example_dags/example_skip_dag.py
[2025-05-02 16:52:49,199] {logging_mixin.py:115} INFO - [2025-05-02 16:52:49,199] {manager.py:508} INFO - Created Permission View: can edit on DAG:example_skip_dag
[2025-05-02 16:52:49,208] {logging_mixin.py:115} INFO - [2025-05-02 16:52:49,208] {manager.py:508} INFO - Created Permission View: can delete on DAG:example_skip_dag
[2025-05-02 16:52:49,216] {logging_mixin.py:115} INFO - [2025-05-02 16:52:49,215] {manager.py:508} INFO - Created Permission View: can read on DAG:example_skip_dag
[2025-05-02 16:52:49,216] {logging_mixin.py:115} INFO - [2025-05-02 16:52:49,216] {dag.py:2379} INFO - Sync 1 DAGs
[2025-05-02 16:52:49,221] {logging_mixin.py:115} INFO - [2025-05-02 16:52:49,221] {dag.py:2398} INFO - Creating ORM DAG for example_skip_dag
[2025-05-02 16:52:49,226] {logging_mixin.py:115} INFO - [2025-05-02 16:52:49,226] {dag.py:2927} INFO - Setting next_dagrun for example_skip_dag to 2025-05-01T19:52:49.226518+00:00, run_after=2025-05-02T19:52:49.226518+00:00
[2025-05-02 16:52:49,239] {processor.py:161} INFO - Processing /root/Documents/airflowalu/venv/lib/python3.9/site-packages/airflow/example_dags/example_skip_dag.py took 0.091 seconds
[2025-05-02 16:53:19,647] {processor.py:153} INFO - Started process (PID=3263) to work on /root/Documents/airflowalu/venv/lib/python3.9/site-packages/airflow/example_dags/example_skip_dag.py
[2025-05-02 16:53:19,648] {processor.py:641} INFO - Processing file /root/Documents/airflowalu/venv/lib/python3.9/site-packages/airflow/example_dags/example_skip_dag.py for tasks to queue
[2025-05-02 16:53:19,649] {logging_mixin.py:115} INFO - [2025-05-02 16:53:19,649] {dagbag.py:507} INFO - Filling up the DagBag from /root/Documents/airflowalu/venv/lib/python3.9/site-packages/airflow/example_dags/example_skip_dag.py
[2025-05-02 16:53:19,651] {processor.py:651} INFO - DAG(s) dict_keys(['example_skip_dag']) retrieved from /root/Documents/airflowalu/venv/lib/python3.9/site-packages/airflow/example_dags/example_skip_dag.py
[2025-05-02 16:53:19,660] {logging_mixin.py:115} INFO - [2025-05-02 16:53:19,660] {dag.py:2379} INFO - Sync 1 DAGs
[2025-05-02 16:53:19,671] {logging_mixin.py:115} INFO - [2025-05-02 16:53:19,671] {dag.py:2927} INFO - Setting next_dagrun for example_skip_dag to 2025-05-01T19:53:19.671319+00:00, run_after=2025-05-02T19:53:19.671319+00:00
[2025-05-02 16:53:19,683] {processor.py:161} INFO - Processing /root/Documents/airflowalu/venv/lib/python3.9/site-packages/airflow/example_dags/example_skip_dag.py took 0.037 seconds
[2025-05-02 16:53:52,286] {processor.py:153} INFO - Started process (PID=3682) to work on /root/Documents/airflowalu/venv/lib/python3.9/site-packages/airflow/example_dags/example_skip_dag.py
[2025-05-02 16:53:52,287] {processor.py:641} INFO - Processing file /root/Documents/airflowalu/venv/lib/python3.9/site-packages/airflow/example_dags/example_skip_dag.py for tasks to queue
[2025-05-02 16:53:52,287] {logging_mixin.py:115} INFO - [2025-05-02 16:53:52,287] {dagbag.py:507} INFO - Filling up the DagBag from /root/Documents/airflowalu/venv/lib/python3.9/site-packages/airflow/example_dags/example_skip_dag.py
[2025-05-02 16:53:52,290] {processor.py:651} INFO - DAG(s) dict_keys(['example_skip_dag']) retrieved from /root/Documents/airflowalu/venv/lib/python3.9/site-packages/airflow/example_dags/example_skip_dag.py
[2025-05-02 16:53:52,299] {logging_mixin.py:115} INFO - [2025-05-02 16:53:52,299] {dag.py:2379} INFO - Sync 1 DAGs
[2025-05-02 16:53:52,308] {logging_mixin.py:115} INFO - [2025-05-02 16:53:52,308] {dag.py:2927} INFO - Setting next_dagrun for example_skip_dag to 2025-05-01T19:53:52.308593+00:00, run_after=2025-05-02T19:53:52.308593+00:00
[2025-05-02 16:53:52,323] {processor.py:161} INFO - Processing /root/Documents/airflowalu/venv/lib/python3.9/site-packages/airflow/example_dags/example_skip_dag.py took 0.038 seconds
[2025-05-02 16:54:23,824] {processor.py:153} INFO - Started process (PID=3820) to work on /root/Documents/airflowalu/venv/lib/python3.9/site-packages/airflow/example_dags/example_skip_dag.py
[2025-05-02 16:54:23,825] {processor.py:641} INFO - Processing file /root/Documents/airflowalu/venv/lib/python3.9/site-packages/airflow/example_dags/example_skip_dag.py for tasks to queue
[2025-05-02 16:54:23,825] {logging_mixin.py:115} INFO - [2025-05-02 16:54:23,825] {dagbag.py:507} INFO - Filling up the DagBag from /root/Documents/airflowalu/venv/lib/python3.9/site-packages/airflow/example_dags/example_skip_dag.py
[2025-05-02 16:54:23,828] {processor.py:651} INFO - DAG(s) dict_keys(['example_skip_dag']) retrieved from /root/Documents/airflowalu/venv/lib/python3.9/site-packages/airflow/example_dags/example_skip_dag.py
[2025-05-02 16:54:23,837] {logging_mixin.py:115} INFO - [2025-05-02 16:54:23,837] {dag.py:2379} INFO - Sync 1 DAGs
[2025-05-02 16:54:23,847] {logging_mixin.py:115} INFO - [2025-05-02 16:54:23,847] {dag.py:2927} INFO - Setting next_dagrun for example_skip_dag to 2025-05-01T19:54:23.847464+00:00, run_after=2025-05-02T19:54:23.847464+00:00
[2025-05-02 16:54:23,860] {processor.py:161} INFO - Processing /root/Documents/airflowalu/venv/lib/python3.9/site-packages/airflow/example_dags/example_skip_dag.py took 0.037 seconds
[2025-05-02 16:54:55,021] {processor.py:153} INFO - Started process (PID=3950) to work on /root/Documents/airflowalu/venv/lib/python3.9/site-packages/airflow/example_dags/example_skip_dag.py
[2025-05-02 16:54:55,022] {processor.py:641} INFO - Processing file /root/Documents/airflowalu/venv/lib/python3.9/site-packages/airflow/example_dags/example_skip_dag.py for tasks to queue
[2025-05-02 16:54:55,022] {logging_mixin.py:115} INFO - [2025-05-02 16:54:55,022] {dagbag.py:507} INFO - Filling up the DagBag from /root/Documents/airflowalu/venv/lib/python3.9/site-packages/airflow/example_dags/example_skip_dag.py
[2025-05-02 16:54:55,025] {processor.py:651} INFO - DAG(s) dict_keys(['example_skip_dag']) retrieved from /root/Documents/airflowalu/venv/lib/python3.9/site-packages/airflow/example_dags/example_skip_dag.py
[2025-05-02 16:54:55,035] {logging_mixin.py:115} INFO - [2025-05-02 16:54:55,035] {dag.py:2379} INFO - Sync 1 DAGs
[2025-05-02 16:54:55,045] {logging_mixin.py:115} INFO - [2025-05-02 16:54:55,045] {dag.py:2927} INFO - Setting next_dagrun for example_skip_dag to 2025-05-01T19:54:55.045694+00:00, run_after=2025-05-02T19:54:55.045694+00:00
[2025-05-02 16:54:55,056] {processor.py:161} INFO - Processing /root/Documents/airflowalu/venv/lib/python3.9/site-packages/airflow/example_dags/example_skip_dag.py took 0.036 seconds
[2025-05-02 16:55:26,239] {processor.py:153} INFO - Started process (PID=4250) to work on /root/Documents/airflowalu/venv/lib/python3.9/site-packages/airflow/example_dags/example_skip_dag.py
[2025-05-02 16:55:26,239] {processor.py:641} INFO - Processing file /root/Documents/airflowalu/venv/lib/python3.9/site-packages/airflow/example_dags/example_skip_dag.py for tasks to queue
[2025-05-02 16:55:26,240] {logging_mixin.py:115} INFO - [2025-05-02 16:55:26,240] {dagbag.py:507} INFO - Filling up the DagBag from /root/Documents/airflowalu/venv/lib/python3.9/site-packages/airflow/example_dags/example_skip_dag.py
[2025-05-02 16:55:26,244] {processor.py:651} INFO - DAG(s) dict_keys(['example_skip_dag']) retrieved from /root/Documents/airflowalu/venv/lib/python3.9/site-packages/airflow/example_dags/example_skip_dag.py
[2025-05-02 16:55:26,259] {logging_mixin.py:115} INFO - [2025-05-02 16:55:26,259] {dag.py:2379} INFO - Sync 1 DAGs
[2025-05-02 16:55:26,272] {logging_mixin.py:115} INFO - [2025-05-02 16:55:26,272] {dag.py:2927} INFO - Setting next_dagrun for example_skip_dag to 2025-05-01T19:55:26.272443+00:00, run_after=2025-05-02T19:55:26.272443+00:00
[2025-05-02 16:55:26,286] {processor.py:161} INFO - Processing /root/Documents/airflowalu/venv/lib/python3.9/site-packages/airflow/example_dags/example_skip_dag.py took 0.050 seconds
[2025-05-02 16:55:58,599] {processor.py:153} INFO - Started process (PID=4507) to work on /root/Documents/airflowalu/venv/lib/python3.9/site-packages/airflow/example_dags/example_skip_dag.py
[2025-05-02 16:55:58,599] {processor.py:641} INFO - Processing file /root/Documents/airflowalu/venv/lib/python3.9/site-packages/airflow/example_dags/example_skip_dag.py for tasks to queue
[2025-05-02 16:55:58,600] {logging_mixin.py:115} INFO - [2025-05-02 16:55:58,600] {dagbag.py:507} INFO - Filling up the DagBag from /root/Documents/airflowalu/venv/lib/python3.9/site-packages/airflow/example_dags/example_skip_dag.py
[2025-05-02 16:55:58,603] {processor.py:651} INFO - DAG(s) dict_keys(['example_skip_dag']) retrieved from /root/Documents/airflowalu/venv/lib/python3.9/site-packages/airflow/example_dags/example_skip_dag.py
[2025-05-02 16:55:58,612] {logging_mixin.py:115} INFO - [2025-05-02 16:55:58,612] {dag.py:2379} INFO - Sync 1 DAGs
[2025-05-02 16:55:58,624] {logging_mixin.py:115} INFO - [2025-05-02 16:55:58,624] {dag.py:2927} INFO - Setting next_dagrun for example_skip_dag to 2025-05-01T19:55:58.623808+00:00, run_after=2025-05-02T19:55:58.623808+00:00
[2025-05-02 16:55:58,635] {processor.py:161} INFO - Processing /root/Documents/airflowalu/venv/lib/python3.9/site-packages/airflow/example_dags/example_skip_dag.py took 0.038 seconds
[2025-05-02 16:56:30,799] {processor.py:153} INFO - Started process (PID=4646) to work on /root/Documents/airflowalu/venv/lib/python3.9/site-packages/airflow/example_dags/example_skip_dag.py
[2025-05-02 16:56:30,799] {processor.py:641} INFO - Processing file /root/Documents/airflowalu/venv/lib/python3.9/site-packages/airflow/example_dags/example_skip_dag.py for tasks to queue
[2025-05-02 16:56:30,800] {logging_mixin.py:115} INFO - [2025-05-02 16:56:30,800] {dagbag.py:507} INFO - Filling up the DagBag from /root/Documents/airflowalu/venv/lib/python3.9/site-packages/airflow/example_dags/example_skip_dag.py
[2025-05-02 16:56:30,802] {processor.py:651} INFO - DAG(s) dict_keys(['example_skip_dag']) retrieved from /root/Documents/airflowalu/venv/lib/python3.9/site-packages/airflow/example_dags/example_skip_dag.py
[2025-05-02 16:56:30,811] {logging_mixin.py:115} INFO - [2025-05-02 16:56:30,811] {dag.py:2379} INFO - Sync 1 DAGs
[2025-05-02 16:56:30,822] {logging_mixin.py:115} INFO - [2025-05-02 16:56:30,822] {dag.py:2927} INFO - Setting next_dagrun for example_skip_dag to 2025-05-01T19:56:30.822296+00:00, run_after=2025-05-02T19:56:30.822296+00:00
[2025-05-02 16:56:30,833] {processor.py:161} INFO - Processing /root/Documents/airflowalu/venv/lib/python3.9/site-packages/airflow/example_dags/example_skip_dag.py took 0.036 seconds
[2025-05-02 16:57:03,286] {processor.py:153} INFO - Started process (PID=4783) to work on /root/Documents/airflowalu/venv/lib/python3.9/site-packages/airflow/example_dags/example_skip_dag.py
[2025-05-02 16:57:03,287] {processor.py:641} INFO - Processing file /root/Documents/airflowalu/venv/lib/python3.9/site-packages/airflow/example_dags/example_skip_dag.py for tasks to queue
[2025-05-02 16:57:03,287] {logging_mixin.py:115} INFO - [2025-05-02 16:57:03,287] {dagbag.py:507} INFO - Filling up the DagBag from /root/Documents/airflowalu/venv/lib/python3.9/site-packages/airflow/example_dags/example_skip_dag.py
[2025-05-02 16:57:03,290] {processor.py:651} INFO - DAG(s) dict_keys(['example_skip_dag']) retrieved from /root/Documents/airflowalu/venv/lib/python3.9/site-packages/airflow/example_dags/example_skip_dag.py
[2025-05-02 16:57:03,299] {logging_mixin.py:115} INFO - [2025-05-02 16:57:03,299] {dag.py:2379} INFO - Sync 1 DAGs
[2025-05-02 16:57:03,310] {logging_mixin.py:115} INFO - [2025-05-02 16:57:03,309] {dag.py:2927} INFO - Setting next_dagrun for example_skip_dag to 2025-05-01T19:57:03.309764+00:00, run_after=2025-05-02T19:57:03.309764+00:00
[2025-05-02 16:57:03,320] {processor.py:161} INFO - Processing /root/Documents/airflowalu/venv/lib/python3.9/site-packages/airflow/example_dags/example_skip_dag.py took 0.035 seconds
[2025-05-02 16:57:34,124] {processor.py:153} INFO - Started process (PID=4914) to work on /root/Documents/airflowalu/venv/lib/python3.9/site-packages/airflow/example_dags/example_skip_dag.py
[2025-05-02 16:57:34,125] {processor.py:641} INFO - Processing file /root/Documents/airflowalu/venv/lib/python3.9/site-packages/airflow/example_dags/example_skip_dag.py for tasks to queue
[2025-05-02 16:57:34,125] {logging_mixin.py:115} INFO - [2025-05-02 16:57:34,125] {dagbag.py:507} INFO - Filling up the DagBag from /root/Documents/airflowalu/venv/lib/python3.9/site-packages/airflow/example_dags/example_skip_dag.py
[2025-05-02 16:57:34,128] {processor.py:651} INFO - DAG(s) dict_keys(['example_skip_dag']) retrieved from /root/Documents/airflowalu/venv/lib/python3.9/site-packages/airflow/example_dags/example_skip_dag.py
[2025-05-02 16:57:34,137] {logging_mixin.py:115} INFO - [2025-05-02 16:57:34,137] {dag.py:2379} INFO - Sync 1 DAGs
[2025-05-02 16:57:34,147] {logging_mixin.py:115} INFO - [2025-05-02 16:57:34,147] {dag.py:2927} INFO - Setting next_dagrun for example_skip_dag to 2025-05-01T19:57:34.147146+00:00, run_after=2025-05-02T19:57:34.147146+00:00
[2025-05-02 16:57:34,157] {processor.py:161} INFO - Processing /root/Documents/airflowalu/venv/lib/python3.9/site-packages/airflow/example_dags/example_skip_dag.py took 0.035 seconds
[2025-05-02 16:58:06,357] {processor.py:153} INFO - Started process (PID=5053) to work on /root/Documents/airflowalu/venv/lib/python3.9/site-packages/airflow/example_dags/example_skip_dag.py
[2025-05-02 16:58:06,358] {processor.py:641} INFO - Processing file /root/Documents/airflowalu/venv/lib/python3.9/site-packages/airflow/example_dags/example_skip_dag.py for tasks to queue
[2025-05-02 16:58:06,358] {logging_mixin.py:115} INFO - [2025-05-02 16:58:06,358] {dagbag.py:507} INFO - Filling up the DagBag from /root/Documents/airflowalu/venv/lib/python3.9/site-packages/airflow/example_dags/example_skip_dag.py
[2025-05-02 16:58:06,361] {processor.py:651} INFO - DAG(s) dict_keys(['example_skip_dag']) retrieved from /root/Documents/airflowalu/venv/lib/python3.9/site-packages/airflow/example_dags/example_skip_dag.py
[2025-05-02 16:58:06,370] {logging_mixin.py:115} INFO - [2025-05-02 16:58:06,370] {dag.py:2379} INFO - Sync 1 DAGs
[2025-05-02 16:58:06,381] {logging_mixin.py:115} INFO - [2025-05-02 16:58:06,381] {dag.py:2927} INFO - Setting next_dagrun for example_skip_dag to 2025-05-01T19:58:06.381100+00:00, run_after=2025-05-02T19:58:06.381100+00:00
[2025-05-02 16:58:06,390] {processor.py:161} INFO - Processing /root/Documents/airflowalu/venv/lib/python3.9/site-packages/airflow/example_dags/example_skip_dag.py took 0.035 seconds
[2025-05-02 16:58:37,492] {processor.py:153} INFO - Started process (PID=5187) to work on /root/Documents/airflowalu/venv/lib/python3.9/site-packages/airflow/example_dags/example_skip_dag.py
[2025-05-02 16:58:37,493] {processor.py:641} INFO - Processing file /root/Documents/airflowalu/venv/lib/python3.9/site-packages/airflow/example_dags/example_skip_dag.py for tasks to queue
[2025-05-02 16:58:37,493] {logging_mixin.py:115} INFO - [2025-05-02 16:58:37,493] {dagbag.py:507} INFO - Filling up the DagBag from /root/Documents/airflowalu/venv/lib/python3.9/site-packages/airflow/example_dags/example_skip_dag.py
[2025-05-02 16:58:37,495] {processor.py:651} INFO - DAG(s) dict_keys(['example_skip_dag']) retrieved from /root/Documents/airflowalu/venv/lib/python3.9/site-packages/airflow/example_dags/example_skip_dag.py
[2025-05-02 16:58:37,504] {logging_mixin.py:115} INFO - [2025-05-02 16:58:37,504] {dag.py:2379} INFO - Sync 1 DAGs
[2025-05-02 16:58:37,515] {logging_mixin.py:115} INFO - [2025-05-02 16:58:37,515] {dag.py:2927} INFO - Setting next_dagrun for example_skip_dag to 2025-05-01T19:58:37.514979+00:00, run_after=2025-05-02T19:58:37.514979+00:00
[2025-05-02 16:58:37,524] {processor.py:161} INFO - Processing /root/Documents/airflowalu/venv/lib/python3.9/site-packages/airflow/example_dags/example_skip_dag.py took 0.034 seconds
[2025-05-02 16:59:13,140] {processor.py:153} INFO - Started process (PID=5334) to work on /root/Documents/airflowalu/venv/lib/python3.9/site-packages/airflow/example_dags/example_skip_dag.py
[2025-05-02 16:59:13,141] {processor.py:641} INFO - Processing file /root/Documents/airflowalu/venv/lib/python3.9/site-packages/airflow/example_dags/example_skip_dag.py for tasks to queue
[2025-05-02 16:59:13,141] {logging_mixin.py:115} INFO - [2025-05-02 16:59:13,141] {dagbag.py:507} INFO - Filling up the DagBag from /root/Documents/airflowalu/venv/lib/python3.9/site-packages/airflow/example_dags/example_skip_dag.py
[2025-05-02 16:59:13,144] {processor.py:651} INFO - DAG(s) dict_keys(['example_skip_dag']) retrieved from /root/Documents/airflowalu/venv/lib/python3.9/site-packages/airflow/example_dags/example_skip_dag.py
[2025-05-02 16:59:13,153] {logging_mixin.py:115} INFO - [2025-05-02 16:59:13,153] {dag.py:2379} INFO - Sync 1 DAGs
[2025-05-02 16:59:13,163] {logging_mixin.py:115} INFO - [2025-05-02 16:59:13,163] {dag.py:2927} INFO - Setting next_dagrun for example_skip_dag to 2025-05-01T19:59:13.163367+00:00, run_after=2025-05-02T19:59:13.163367+00:00
[2025-05-02 16:59:13,177] {processor.py:161} INFO - Processing /root/Documents/airflowalu/venv/lib/python3.9/site-packages/airflow/example_dags/example_skip_dag.py took 0.039 seconds
[2025-05-02 16:59:44,876] {processor.py:153} INFO - Started process (PID=5471) to work on /root/Documents/airflowalu/venv/lib/python3.9/site-packages/airflow/example_dags/example_skip_dag.py
[2025-05-02 16:59:44,877] {processor.py:641} INFO - Processing file /root/Documents/airflowalu/venv/lib/python3.9/site-packages/airflow/example_dags/example_skip_dag.py for tasks to queue
[2025-05-02 16:59:44,877] {logging_mixin.py:115} INFO - [2025-05-02 16:59:44,877] {dagbag.py:507} INFO - Filling up the DagBag from /root/Documents/airflowalu/venv/lib/python3.9/site-packages/airflow/example_dags/example_skip_dag.py
[2025-05-02 16:59:44,880] {processor.py:651} INFO - DAG(s) dict_keys(['example_skip_dag']) retrieved from /root/Documents/airflowalu/venv/lib/python3.9/site-packages/airflow/example_dags/example_skip_dag.py
[2025-05-02 16:59:44,889] {logging_mixin.py:115} INFO - [2025-05-02 16:59:44,889] {dag.py:2379} INFO - Sync 1 DAGs
[2025-05-02 16:59:44,899] {logging_mixin.py:115} INFO - [2025-05-02 16:59:44,899] {dag.py:2927} INFO - Setting next_dagrun for example_skip_dag to 2025-05-01T19:59:44.899695+00:00, run_after=2025-05-02T19:59:44.899695+00:00
[2025-05-02 16:59:44,910] {processor.py:161} INFO - Processing /root/Documents/airflowalu/venv/lib/python3.9/site-packages/airflow/example_dags/example_skip_dag.py took 0.035 seconds
[2025-05-02 17:00:17,710] {processor.py:153} INFO - Started process (PID=5604) to work on /root/Documents/airflowalu/venv/lib/python3.9/site-packages/airflow/example_dags/example_skip_dag.py
[2025-05-02 17:00:17,711] {processor.py:641} INFO - Processing file /root/Documents/airflowalu/venv/lib/python3.9/site-packages/airflow/example_dags/example_skip_dag.py for tasks to queue
[2025-05-02 17:00:17,711] {logging_mixin.py:115} INFO - [2025-05-02 17:00:17,711] {dagbag.py:507} INFO - Filling up the DagBag from /root/Documents/airflowalu/venv/lib/python3.9/site-packages/airflow/example_dags/example_skip_dag.py
[2025-05-02 17:00:17,714] {processor.py:651} INFO - DAG(s) dict_keys(['example_skip_dag']) retrieved from /root/Documents/airflowalu/venv/lib/python3.9/site-packages/airflow/example_dags/example_skip_dag.py
[2025-05-02 17:00:17,723] {logging_mixin.py:115} INFO - [2025-05-02 17:00:17,723] {dag.py:2379} INFO - Sync 1 DAGs
[2025-05-02 17:00:17,733] {logging_mixin.py:115} INFO - [2025-05-02 17:00:17,733] {dag.py:2927} INFO - Setting next_dagrun for example_skip_dag to 2025-05-01T20:00:17.733636+00:00, run_after=2025-05-02T20:00:17.733636+00:00
[2025-05-02 17:00:17,744] {processor.py:161} INFO - Processing /root/Documents/airflowalu/venv/lib/python3.9/site-packages/airflow/example_dags/example_skip_dag.py took 0.036 seconds
[2025-05-02 17:00:49,790] {processor.py:153} INFO - Started process (PID=5742) to work on /root/Documents/airflowalu/venv/lib/python3.9/site-packages/airflow/example_dags/example_skip_dag.py
[2025-05-02 17:00:49,791] {processor.py:641} INFO - Processing file /root/Documents/airflowalu/venv/lib/python3.9/site-packages/airflow/example_dags/example_skip_dag.py for tasks to queue
[2025-05-02 17:00:49,791] {logging_mixin.py:115} INFO - [2025-05-02 17:00:49,791] {dagbag.py:507} INFO - Filling up the DagBag from /root/Documents/airflowalu/venv/lib/python3.9/site-packages/airflow/example_dags/example_skip_dag.py
[2025-05-02 17:00:49,794] {processor.py:651} INFO - DAG(s) dict_keys(['example_skip_dag']) retrieved from /root/Documents/airflowalu/venv/lib/python3.9/site-packages/airflow/example_dags/example_skip_dag.py
[2025-05-02 17:00:49,802] {logging_mixin.py:115} INFO - [2025-05-02 17:00:49,802] {dag.py:2379} INFO - Sync 1 DAGs
[2025-05-02 17:00:49,813] {logging_mixin.py:115} INFO - [2025-05-02 17:00:49,813] {dag.py:2927} INFO - Setting next_dagrun for example_skip_dag to 2025-05-01T20:00:49.812858+00:00, run_after=2025-05-02T20:00:49.812858+00:00
[2025-05-02 17:00:49,823] {processor.py:161} INFO - Processing /root/Documents/airflowalu/venv/lib/python3.9/site-packages/airflow/example_dags/example_skip_dag.py took 0.034 seconds
[2025-05-02 17:01:20,224] {processor.py:153} INFO - Started process (PID=5881) to work on /root/Documents/airflowalu/venv/lib/python3.9/site-packages/airflow/example_dags/example_skip_dag.py
[2025-05-02 17:01:20,225] {processor.py:641} INFO - Processing file /root/Documents/airflowalu/venv/lib/python3.9/site-packages/airflow/example_dags/example_skip_dag.py for tasks to queue
[2025-05-02 17:01:20,225] {logging_mixin.py:115} INFO - [2025-05-02 17:01:20,225] {dagbag.py:507} INFO - Filling up the DagBag from /root/Documents/airflowalu/venv/lib/python3.9/site-packages/airflow/example_dags/example_skip_dag.py
[2025-05-02 17:01:20,228] {processor.py:651} INFO - DAG(s) dict_keys(['example_skip_dag']) retrieved from /root/Documents/airflowalu/venv/lib/python3.9/site-packages/airflow/example_dags/example_skip_dag.py
[2025-05-02 17:01:20,237] {logging_mixin.py:115} INFO - [2025-05-02 17:01:20,237] {dag.py:2379} INFO - Sync 1 DAGs
[2025-05-02 17:01:20,247] {logging_mixin.py:115} INFO - [2025-05-02 17:01:20,247] {dag.py:2927} INFO - Setting next_dagrun for example_skip_dag to 2025-05-01T20:01:20.246879+00:00, run_after=2025-05-02T20:01:20.246879+00:00
[2025-05-02 17:01:20,256] {processor.py:161} INFO - Processing /root/Documents/airflowalu/venv/lib/python3.9/site-packages/airflow/example_dags/example_skip_dag.py took 0.034 seconds
[2025-05-02 17:01:51,494] {processor.py:153} INFO - Started process (PID=6015) to work on /root/Documents/airflowalu/venv/lib/python3.9/site-packages/airflow/example_dags/example_skip_dag.py
[2025-05-02 17:01:51,495] {processor.py:641} INFO - Processing file /root/Documents/airflowalu/venv/lib/python3.9/site-packages/airflow/example_dags/example_skip_dag.py for tasks to queue
[2025-05-02 17:01:51,495] {logging_mixin.py:115} INFO - [2025-05-02 17:01:51,495] {dagbag.py:507} INFO - Filling up the DagBag from /root/Documents/airflowalu/venv/lib/python3.9/site-packages/airflow/example_dags/example_skip_dag.py
[2025-05-02 17:01:51,498] {processor.py:651} INFO - DAG(s) dict_keys(['example_skip_dag']) retrieved from /root/Documents/airflowalu/venv/lib/python3.9/site-packages/airflow/example_dags/example_skip_dag.py
[2025-05-02 17:01:51,507] {logging_mixin.py:115} INFO - [2025-05-02 17:01:51,506] {dag.py:2379} INFO - Sync 1 DAGs
[2025-05-02 17:01:51,517] {logging_mixin.py:115} INFO - [2025-05-02 17:01:51,517] {dag.py:2927} INFO - Setting next_dagrun for example_skip_dag to 2025-05-01T20:01:51.516864+00:00, run_after=2025-05-02T20:01:51.516864+00:00
[2025-05-02 17:01:51,526] {processor.py:161} INFO - Processing /root/Documents/airflowalu/venv/lib/python3.9/site-packages/airflow/example_dags/example_skip_dag.py took 0.033 seconds
[2025-05-02 17:02:24,276] {processor.py:153} INFO - Started process (PID=6154) to work on /root/Documents/airflowalu/venv/lib/python3.9/site-packages/airflow/example_dags/example_skip_dag.py
[2025-05-02 17:02:24,277] {processor.py:641} INFO - Processing file /root/Documents/airflowalu/venv/lib/python3.9/site-packages/airflow/example_dags/example_skip_dag.py for tasks to queue
[2025-05-02 17:02:24,277] {logging_mixin.py:115} INFO - [2025-05-02 17:02:24,277] {dagbag.py:507} INFO - Filling up the DagBag from /root/Documents/airflowalu/venv/lib/python3.9/site-packages/airflow/example_dags/example_skip_dag.py
[2025-05-02 17:02:24,279] {processor.py:651} INFO - DAG(s) dict_keys(['example_skip_dag']) retrieved from /root/Documents/airflowalu/venv/lib/python3.9/site-packages/airflow/example_dags/example_skip_dag.py
[2025-05-02 17:02:24,288] {logging_mixin.py:115} INFO - [2025-05-02 17:02:24,288] {dag.py:2379} INFO - Sync 1 DAGs
[2025-05-02 17:02:24,299] {logging_mixin.py:115} INFO - [2025-05-02 17:02:24,299] {dag.py:2927} INFO - Setting next_dagrun for example_skip_dag to 2025-05-01T20:02:24.299542+00:00, run_after=2025-05-02T20:02:24.299542+00:00
[2025-05-02 17:02:24,309] {processor.py:161} INFO - Processing /root/Documents/airflowalu/venv/lib/python3.9/site-packages/airflow/example_dags/example_skip_dag.py took 0.035 seconds
[2025-05-02 17:02:55,842] {processor.py:153} INFO - Started process (PID=6285) to work on /root/Documents/airflowalu/venv/lib/python3.9/site-packages/airflow/example_dags/example_skip_dag.py
[2025-05-02 17:02:55,843] {processor.py:641} INFO - Processing file /root/Documents/airflowalu/venv/lib/python3.9/site-packages/airflow/example_dags/example_skip_dag.py for tasks to queue
[2025-05-02 17:02:55,843] {logging_mixin.py:115} INFO - [2025-05-02 17:02:55,843] {dagbag.py:507} INFO - Filling up the DagBag from /root/Documents/airflowalu/venv/lib/python3.9/site-packages/airflow/example_dags/example_skip_dag.py
[2025-05-02 17:02:55,846] {processor.py:651} INFO - DAG(s) dict_keys(['example_skip_dag']) retrieved from /root/Documents/airflowalu/venv/lib/python3.9/site-packages/airflow/example_dags/example_skip_dag.py
[2025-05-02 17:02:55,855] {logging_mixin.py:115} INFO - [2025-05-02 17:02:55,855] {dag.py:2379} INFO - Sync 1 DAGs
[2025-05-02 17:02:55,865] {logging_mixin.py:115} INFO - [2025-05-02 17:02:55,865] {dag.py:2927} INFO - Setting next_dagrun for example_skip_dag to 2025-05-01T20:02:55.865215+00:00, run_after=2025-05-02T20:02:55.865215+00:00
[2025-05-02 17:02:55,876] {processor.py:161} INFO - Processing /root/Documents/airflowalu/venv/lib/python3.9/site-packages/airflow/example_dags/example_skip_dag.py took 0.035 seconds
[2025-05-02 17:03:28,533] {processor.py:153} INFO - Started process (PID=6431) to work on /root/Documents/airflowalu/venv/lib/python3.9/site-packages/airflow/example_dags/example_skip_dag.py
[2025-05-02 17:03:28,534] {processor.py:641} INFO - Processing file /root/Documents/airflowalu/venv/lib/python3.9/site-packages/airflow/example_dags/example_skip_dag.py for tasks to queue
[2025-05-02 17:03:28,534] {logging_mixin.py:115} INFO - [2025-05-02 17:03:28,534] {dagbag.py:507} INFO - Filling up the DagBag from /root/Documents/airflowalu/venv/lib/python3.9/site-packages/airflow/example_dags/example_skip_dag.py
[2025-05-02 17:03:28,537] {processor.py:651} INFO - DAG(s) dict_keys(['example_skip_dag']) retrieved from /root/Documents/airflowalu/venv/lib/python3.9/site-packages/airflow/example_dags/example_skip_dag.py
[2025-05-02 17:03:28,547] {logging_mixin.py:115} INFO - [2025-05-02 17:03:28,546] {dag.py:2379} INFO - Sync 1 DAGs
[2025-05-02 17:03:28,557] {logging_mixin.py:115} INFO - [2025-05-02 17:03:28,557] {dag.py:2927} INFO - Setting next_dagrun for example_skip_dag to 2025-05-01T20:03:28.557707+00:00, run_after=2025-05-02T20:03:28.557707+00:00
[2025-05-02 17:03:28,568] {processor.py:161} INFO - Processing /root/Documents/airflowalu/venv/lib/python3.9/site-packages/airflow/example_dags/example_skip_dag.py took 0.037 seconds
[2025-05-02 17:04:00,538] {processor.py:153} INFO - Started process (PID=6562) to work on /root/Documents/airflowalu/venv/lib/python3.9/site-packages/airflow/example_dags/example_skip_dag.py
[2025-05-02 17:04:00,538] {processor.py:641} INFO - Processing file /root/Documents/airflowalu/venv/lib/python3.9/site-packages/airflow/example_dags/example_skip_dag.py for tasks to queue
[2025-05-02 17:04:00,539] {logging_mixin.py:115} INFO - [2025-05-02 17:04:00,539] {dagbag.py:507} INFO - Filling up the DagBag from /root/Documents/airflowalu/venv/lib/python3.9/site-packages/airflow/example_dags/example_skip_dag.py
[2025-05-02 17:04:00,542] {processor.py:651} INFO - DAG(s) dict_keys(['example_skip_dag']) retrieved from /root/Documents/airflowalu/venv/lib/python3.9/site-packages/airflow/example_dags/example_skip_dag.py
[2025-05-02 17:04:00,552] {logging_mixin.py:115} INFO - [2025-05-02 17:04:00,551] {dag.py:2379} INFO - Sync 1 DAGs
[2025-05-02 17:04:00,563] {logging_mixin.py:115} INFO - [2025-05-02 17:04:00,563] {dag.py:2927} INFO - Setting next_dagrun for example_skip_dag to 2025-05-01T20:04:00.563052+00:00, run_after=2025-05-02T20:04:00.563052+00:00
[2025-05-02 17:04:00,574] {processor.py:161} INFO - Processing /root/Documents/airflowalu/venv/lib/python3.9/site-packages/airflow/example_dags/example_skip_dag.py took 0.038 seconds
[2025-05-02 17:04:34,498] {processor.py:153} INFO - Started process (PID=6710) to work on /root/Documents/airflowalu/venv/lib/python3.9/site-packages/airflow/example_dags/example_skip_dag.py
[2025-05-02 17:04:34,499] {processor.py:641} INFO - Processing file /root/Documents/airflowalu/venv/lib/python3.9/site-packages/airflow/example_dags/example_skip_dag.py for tasks to queue
[2025-05-02 17:04:34,500] {logging_mixin.py:115} INFO - [2025-05-02 17:04:34,500] {dagbag.py:507} INFO - Filling up the DagBag from /root/Documents/airflowalu/venv/lib/python3.9/site-packages/airflow/example_dags/example_skip_dag.py
[2025-05-02 17:04:34,503] {processor.py:651} INFO - DAG(s) dict_keys(['example_skip_dag']) retrieved from /root/Documents/airflowalu/venv/lib/python3.9/site-packages/airflow/example_dags/example_skip_dag.py
[2025-05-02 17:04:34,515] {logging_mixin.py:115} INFO - [2025-05-02 17:04:34,515] {dag.py:2379} INFO - Sync 1 DAGs
[2025-05-02 17:04:34,526] {logging_mixin.py:115} INFO - [2025-05-02 17:04:34,526] {dag.py:2927} INFO - Setting next_dagrun for example_skip_dag to 2025-05-01T20:04:34.526593+00:00, run_after=2025-05-02T20:04:34.526593+00:00
[2025-05-02 17:04:34,537] {processor.py:161} INFO - Processing /root/Documents/airflowalu/venv/lib/python3.9/site-packages/airflow/example_dags/example_skip_dag.py took 0.041 seconds
[2025-05-02 17:05:07,182] {processor.py:153} INFO - Started process (PID=6846) to work on /root/Documents/airflowalu/venv/lib/python3.9/site-packages/airflow/example_dags/example_skip_dag.py
[2025-05-02 17:05:07,183] {processor.py:641} INFO - Processing file /root/Documents/airflowalu/venv/lib/python3.9/site-packages/airflow/example_dags/example_skip_dag.py for tasks to queue
[2025-05-02 17:05:07,183] {logging_mixin.py:115} INFO - [2025-05-02 17:05:07,183] {dagbag.py:507} INFO - Filling up the DagBag from /root/Documents/airflowalu/venv/lib/python3.9/site-packages/airflow/example_dags/example_skip_dag.py
[2025-05-02 17:05:07,186] {processor.py:651} INFO - DAG(s) dict_keys(['example_skip_dag']) retrieved from /root/Documents/airflowalu/venv/lib/python3.9/site-packages/airflow/example_dags/example_skip_dag.py
[2025-05-02 17:05:07,195] {logging_mixin.py:115} INFO - [2025-05-02 17:05:07,195] {dag.py:2379} INFO - Sync 1 DAGs
[2025-05-02 17:05:07,207] {logging_mixin.py:115} INFO - [2025-05-02 17:05:07,207] {dag.py:2927} INFO - Setting next_dagrun for example_skip_dag to 2025-05-01T20:05:07.206983+00:00, run_after=2025-05-02T20:05:07.206983+00:00
[2025-05-02 17:05:07,217] {processor.py:161} INFO - Processing /root/Documents/airflowalu/venv/lib/python3.9/site-packages/airflow/example_dags/example_skip_dag.py took 0.036 seconds
[2025-05-02 17:05:39,875] {processor.py:153} INFO - Started process (PID=6985) to work on /root/Documents/airflowalu/venv/lib/python3.9/site-packages/airflow/example_dags/example_skip_dag.py
[2025-05-02 17:05:39,876] {processor.py:641} INFO - Processing file /root/Documents/airflowalu/venv/lib/python3.9/site-packages/airflow/example_dags/example_skip_dag.py for tasks to queue
[2025-05-02 17:05:39,876] {logging_mixin.py:115} INFO - [2025-05-02 17:05:39,876] {dagbag.py:507} INFO - Filling up the DagBag from /root/Documents/airflowalu/venv/lib/python3.9/site-packages/airflow/example_dags/example_skip_dag.py
[2025-05-02 17:05:39,879] {processor.py:651} INFO - DAG(s) dict_keys(['example_skip_dag']) retrieved from /root/Documents/airflowalu/venv/lib/python3.9/site-packages/airflow/example_dags/example_skip_dag.py
[2025-05-02 17:05:39,889] {logging_mixin.py:115} INFO - [2025-05-02 17:05:39,889] {dag.py:2379} INFO - Sync 1 DAGs
[2025-05-02 17:05:39,899] {logging_mixin.py:115} INFO - [2025-05-02 17:05:39,899] {dag.py:2927} INFO - Setting next_dagrun for example_skip_dag to 2025-05-01T20:05:39.899361+00:00, run_after=2025-05-02T20:05:39.899361+00:00
[2025-05-02 17:05:39,910] {processor.py:161} INFO - Processing /root/Documents/airflowalu/venv/lib/python3.9/site-packages/airflow/example_dags/example_skip_dag.py took 0.036 seconds
[2025-05-02 17:06:12,837] {processor.py:153} INFO - Started process (PID=7126) to work on /root/Documents/airflowalu/venv/lib/python3.9/site-packages/airflow/example_dags/example_skip_dag.py
[2025-05-02 17:06:12,838] {processor.py:641} INFO - Processing file /root/Documents/airflowalu/venv/lib/python3.9/site-packages/airflow/example_dags/example_skip_dag.py for tasks to queue
[2025-05-02 17:06:12,838] {logging_mixin.py:115} INFO - [2025-05-02 17:06:12,838] {dagbag.py:507} INFO - Filling up the DagBag from /root/Documents/airflowalu/venv/lib/python3.9/site-packages/airflow/example_dags/example_skip_dag.py
[2025-05-02 17:06:12,841] {processor.py:651} INFO - DAG(s) dict_keys(['example_skip_dag']) retrieved from /root/Documents/airflowalu/venv/lib/python3.9/site-packages/airflow/example_dags/example_skip_dag.py
[2025-05-02 17:06:12,852] {logging_mixin.py:115} INFO - [2025-05-02 17:06:12,852] {dag.py:2379} INFO - Sync 1 DAGs
[2025-05-02 17:06:12,863] {logging_mixin.py:115} INFO - [2025-05-02 17:06:12,863] {dag.py:2927} INFO - Setting next_dagrun for example_skip_dag to 2025-05-01T20:06:12.863198+00:00, run_after=2025-05-02T20:06:12.863198+00:00
[2025-05-02 17:06:12,874] {processor.py:161} INFO - Processing /root/Documents/airflowalu/venv/lib/python3.9/site-packages/airflow/example_dags/example_skip_dag.py took 0.038 seconds
[2025-05-02 17:06:44,043] {processor.py:153} INFO - Started process (PID=7257) to work on /root/Documents/airflowalu/venv/lib/python3.9/site-packages/airflow/example_dags/example_skip_dag.py
[2025-05-02 17:06:44,044] {processor.py:641} INFO - Processing file /root/Documents/airflowalu/venv/lib/python3.9/site-packages/airflow/example_dags/example_skip_dag.py for tasks to queue
[2025-05-02 17:06:44,044] {logging_mixin.py:115} INFO - [2025-05-02 17:06:44,044] {dagbag.py:507} INFO - Filling up the DagBag from /root/Documents/airflowalu/venv/lib/python3.9/site-packages/airflow/example_dags/example_skip_dag.py
[2025-05-02 17:06:44,047] {processor.py:651} INFO - DAG(s) dict_keys(['example_skip_dag']) retrieved from /root/Documents/airflowalu/venv/lib/python3.9/site-packages/airflow/example_dags/example_skip_dag.py
[2025-05-02 17:06:44,056] {logging_mixin.py:115} INFO - [2025-05-02 17:06:44,056] {dag.py:2379} INFO - Sync 1 DAGs
[2025-05-02 17:06:44,070] {logging_mixin.py:115} INFO - [2025-05-02 17:06:44,070] {dag.py:2927} INFO - Setting next_dagrun for example_skip_dag to 2025-05-01T20:06:44.070044+00:00, run_after=2025-05-02T20:06:44.070044+00:00
[2025-05-02 17:06:44,082] {processor.py:161} INFO - Processing /root/Documents/airflowalu/venv/lib/python3.9/site-packages/airflow/example_dags/example_skip_dag.py took 0.041 seconds
[2025-05-02 17:07:15,117] {processor.py:153} INFO - Started process (PID=7392) to work on /root/Documents/airflowalu/venv/lib/python3.9/site-packages/airflow/example_dags/example_skip_dag.py
[2025-05-02 17:07:15,118] {processor.py:641} INFO - Processing file /root/Documents/airflowalu/venv/lib/python3.9/site-packages/airflow/example_dags/example_skip_dag.py for tasks to queue
[2025-05-02 17:07:15,118] {logging_mixin.py:115} INFO - [2025-05-02 17:07:15,118] {dagbag.py:507} INFO - Filling up the DagBag from /root/Documents/airflowalu/venv/lib/python3.9/site-packages/airflow/example_dags/example_skip_dag.py
[2025-05-02 17:07:15,121] {processor.py:651} INFO - DAG(s) dict_keys(['example_skip_dag']) retrieved from /root/Documents/airflowalu/venv/lib/python3.9/site-packages/airflow/example_dags/example_skip_dag.py
[2025-05-02 17:07:15,130] {logging_mixin.py:115} INFO - [2025-05-02 17:07:15,130] {dag.py:2379} INFO - Sync 1 DAGs
[2025-05-02 17:07:15,142] {logging_mixin.py:115} INFO - [2025-05-02 17:07:15,142] {dag.py:2927} INFO - Setting next_dagrun for example_skip_dag to 2025-05-01T20:07:15.142064+00:00, run_after=2025-05-02T20:07:15.142064+00:00
[2025-05-02 17:07:15,152] {processor.py:161} INFO - Processing /root/Documents/airflowalu/venv/lib/python3.9/site-packages/airflow/example_dags/example_skip_dag.py took 0.037 seconds
[2025-05-02 17:07:51,030] {processor.py:153} INFO - Started process (PID=7543) to work on /root/Documents/airflowalu/venv/lib/python3.9/site-packages/airflow/example_dags/example_skip_dag.py
[2025-05-02 17:07:51,031] {processor.py:641} INFO - Processing file /root/Documents/airflowalu/venv/lib/python3.9/site-packages/airflow/example_dags/example_skip_dag.py for tasks to queue
[2025-05-02 17:07:51,031] {logging_mixin.py:115} INFO - [2025-05-02 17:07:51,031] {dagbag.py:507} INFO - Filling up the DagBag from /root/Documents/airflowalu/venv/lib/python3.9/site-packages/airflow/example_dags/example_skip_dag.py
[2025-05-02 17:07:51,034] {processor.py:651} INFO - DAG(s) dict_keys(['example_skip_dag']) retrieved from /root/Documents/airflowalu/venv/lib/python3.9/site-packages/airflow/example_dags/example_skip_dag.py
[2025-05-02 17:07:51,043] {logging_mixin.py:115} INFO - [2025-05-02 17:07:51,043] {dag.py:2379} INFO - Sync 1 DAGs
[2025-05-02 17:07:51,054] {logging_mixin.py:115} INFO - [2025-05-02 17:07:51,053] {dag.py:2927} INFO - Setting next_dagrun for example_skip_dag to 2025-05-01T20:07:51.053839+00:00, run_after=2025-05-02T20:07:51.053839+00:00
[2025-05-02 17:07:51,064] {processor.py:161} INFO - Processing /root/Documents/airflowalu/venv/lib/python3.9/site-packages/airflow/example_dags/example_skip_dag.py took 0.036 seconds
[2025-05-02 17:08:24,545] {processor.py:153} INFO - Started process (PID=7693) to work on /root/Documents/airflowalu/venv/lib/python3.9/site-packages/airflow/example_dags/example_skip_dag.py
[2025-05-02 17:08:24,545] {processor.py:641} INFO - Processing file /root/Documents/airflowalu/venv/lib/python3.9/site-packages/airflow/example_dags/example_skip_dag.py for tasks to queue
[2025-05-02 17:08:24,546] {logging_mixin.py:115} INFO - [2025-05-02 17:08:24,546] {dagbag.py:507} INFO - Filling up the DagBag from /root/Documents/airflowalu/venv/lib/python3.9/site-packages/airflow/example_dags/example_skip_dag.py
[2025-05-02 17:08:24,548] {processor.py:651} INFO - DAG(s) dict_keys(['example_skip_dag']) retrieved from /root/Documents/airflowalu/venv/lib/python3.9/site-packages/airflow/example_dags/example_skip_dag.py
[2025-05-02 17:08:24,558] {logging_mixin.py:115} INFO - [2025-05-02 17:08:24,558] {dag.py:2379} INFO - Sync 1 DAGs
[2025-05-02 17:08:24,568] {logging_mixin.py:115} INFO - [2025-05-02 17:08:24,568] {dag.py:2927} INFO - Setting next_dagrun for example_skip_dag to 2025-05-01T20:08:24.568578+00:00, run_after=2025-05-02T20:08:24.568578+00:00
[2025-05-02 17:08:24,580] {processor.py:161} INFO - Processing /root/Documents/airflowalu/venv/lib/python3.9/site-packages/airflow/example_dags/example_skip_dag.py took 0.037 seconds
[2025-05-02 17:08:55,989] {processor.py:153} INFO - Started process (PID=7826) to work on /root/Documents/airflowalu/venv/lib/python3.9/site-packages/airflow/example_dags/example_skip_dag.py
[2025-05-02 17:08:55,990] {processor.py:641} INFO - Processing file /root/Documents/airflowalu/venv/lib/python3.9/site-packages/airflow/example_dags/example_skip_dag.py for tasks to queue
[2025-05-02 17:08:55,990] {logging_mixin.py:115} INFO - [2025-05-02 17:08:55,990] {dagbag.py:507} INFO - Filling up the DagBag from /root/Documents/airflowalu/venv/lib/python3.9/site-packages/airflow/example_dags/example_skip_dag.py
[2025-05-02 17:08:55,993] {processor.py:651} INFO - DAG(s) dict_keys(['example_skip_dag']) retrieved from /root/Documents/airflowalu/venv/lib/python3.9/site-packages/airflow/example_dags/example_skip_dag.py
[2025-05-02 17:08:56,004] {logging_mixin.py:115} INFO - [2025-05-02 17:08:56,004] {dag.py:2379} INFO - Sync 1 DAGs
[2025-05-02 17:08:56,019] {logging_mixin.py:115} INFO - [2025-05-02 17:08:56,019] {dag.py:2927} INFO - Setting next_dagrun for example_skip_dag to 2025-05-01T20:08:56.019438+00:00, run_after=2025-05-02T20:08:56.019438+00:00
[2025-05-02 17:08:56,036] {processor.py:161} INFO - Processing /root/Documents/airflowalu/venv/lib/python3.9/site-packages/airflow/example_dags/example_skip_dag.py took 0.049 seconds
[2025-05-02 17:09:28,704] {processor.py:153} INFO - Started process (PID=7965) to work on /root/Documents/airflowalu/venv/lib/python3.9/site-packages/airflow/example_dags/example_skip_dag.py
[2025-05-02 17:09:28,704] {processor.py:641} INFO - Processing file /root/Documents/airflowalu/venv/lib/python3.9/site-packages/airflow/example_dags/example_skip_dag.py for tasks to queue
[2025-05-02 17:09:28,705] {logging_mixin.py:115} INFO - [2025-05-02 17:09:28,705] {dagbag.py:507} INFO - Filling up the DagBag from /root/Documents/airflowalu/venv/lib/python3.9/site-packages/airflow/example_dags/example_skip_dag.py
[2025-05-02 17:09:28,709] {processor.py:651} INFO - DAG(s) dict_keys(['example_skip_dag']) retrieved from /root/Documents/airflowalu/venv/lib/python3.9/site-packages/airflow/example_dags/example_skip_dag.py
[2025-05-02 17:09:28,722] {logging_mixin.py:115} INFO - [2025-05-02 17:09:28,722] {dag.py:2379} INFO - Sync 1 DAGs
[2025-05-02 17:09:28,736] {logging_mixin.py:115} INFO - [2025-05-02 17:09:28,736] {dag.py:2927} INFO - Setting next_dagrun for example_skip_dag to 2025-05-01T20:09:28.736523+00:00, run_after=2025-05-02T20:09:28.736523+00:00
[2025-05-02 17:09:28,751] {processor.py:161} INFO - Processing /root/Documents/airflowalu/venv/lib/python3.9/site-packages/airflow/example_dags/example_skip_dag.py took 0.050 seconds
[2025-05-02 17:10:01,374] {processor.py:153} INFO - Started process (PID=8103) to work on /root/Documents/airflowalu/venv/lib/python3.9/site-packages/airflow/example_dags/example_skip_dag.py
[2025-05-02 17:10:01,375] {processor.py:641} INFO - Processing file /root/Documents/airflowalu/venv/lib/python3.9/site-packages/airflow/example_dags/example_skip_dag.py for tasks to queue
[2025-05-02 17:10:01,375] {logging_mixin.py:115} INFO - [2025-05-02 17:10:01,375] {dagbag.py:507} INFO - Filling up the DagBag from /root/Documents/airflowalu/venv/lib/python3.9/site-packages/airflow/example_dags/example_skip_dag.py
[2025-05-02 17:10:01,377] {processor.py:651} INFO - DAG(s) dict_keys(['example_skip_dag']) retrieved from /root/Documents/airflowalu/venv/lib/python3.9/site-packages/airflow/example_dags/example_skip_dag.py
[2025-05-02 17:10:01,386] {logging_mixin.py:115} INFO - [2025-05-02 17:10:01,386] {dag.py:2379} INFO - Sync 1 DAGs
[2025-05-02 17:10:01,396] {logging_mixin.py:115} INFO - [2025-05-02 17:10:01,396] {dag.py:2927} INFO - Setting next_dagrun for example_skip_dag to 2025-05-01T20:10:01.395955+00:00, run_after=2025-05-02T20:10:01.395955+00:00
[2025-05-02 17:10:01,405] {processor.py:161} INFO - Processing /root/Documents/airflowalu/venv/lib/python3.9/site-packages/airflow/example_dags/example_skip_dag.py took 0.033 seconds
[2025-05-02 17:10:34,242] {processor.py:153} INFO - Started process (PID=8244) to work on /root/Documents/airflowalu/venv/lib/python3.9/site-packages/airflow/example_dags/example_skip_dag.py
[2025-05-02 17:10:34,243] {processor.py:641} INFO - Processing file /root/Documents/airflowalu/venv/lib/python3.9/site-packages/airflow/example_dags/example_skip_dag.py for tasks to queue
[2025-05-02 17:10:34,243] {logging_mixin.py:115} INFO - [2025-05-02 17:10:34,243] {dagbag.py:507} INFO - Filling up the DagBag from /root/Documents/airflowalu/venv/lib/python3.9/site-packages/airflow/example_dags/example_skip_dag.py
[2025-05-02 17:10:34,246] {processor.py:651} INFO - DAG(s) dict_keys(['example_skip_dag']) retrieved from /root/Documents/airflowalu/venv/lib/python3.9/site-packages/airflow/example_dags/example_skip_dag.py
[2025-05-02 17:10:34,255] {logging_mixin.py:115} INFO - [2025-05-02 17:10:34,255] {dag.py:2379} INFO - Sync 1 DAGs
[2025-05-02 17:10:34,265] {logging_mixin.py:115} INFO - [2025-05-02 17:10:34,265] {dag.py:2927} INFO - Setting next_dagrun for example_skip_dag to 2025-05-01T20:10:34.265208+00:00, run_after=2025-05-02T20:10:34.265208+00:00
[2025-05-02 17:10:34,275] {processor.py:161} INFO - Processing /root/Documents/airflowalu/venv/lib/python3.9/site-packages/airflow/example_dags/example_skip_dag.py took 0.034 seconds
[2025-05-02 17:11:06,828] {processor.py:153} INFO - Started process (PID=8387) to work on /root/Documents/airflowalu/venv/lib/python3.9/site-packages/airflow/example_dags/example_skip_dag.py
[2025-05-02 17:11:06,829] {processor.py:641} INFO - Processing file /root/Documents/airflowalu/venv/lib/python3.9/site-packages/airflow/example_dags/example_skip_dag.py for tasks to queue
[2025-05-02 17:11:06,829] {logging_mixin.py:115} INFO - [2025-05-02 17:11:06,829] {dagbag.py:507} INFO - Filling up the DagBag from /root/Documents/airflowalu/venv/lib/python3.9/site-packages/airflow/example_dags/example_skip_dag.py
[2025-05-02 17:11:06,833] {processor.py:651} INFO - DAG(s) dict_keys(['example_skip_dag']) retrieved from /root/Documents/airflowalu/venv/lib/python3.9/site-packages/airflow/example_dags/example_skip_dag.py
[2025-05-02 17:11:06,842] {logging_mixin.py:115} INFO - [2025-05-02 17:11:06,842] {dag.py:2379} INFO - Sync 1 DAGs
[2025-05-02 17:11:06,853] {logging_mixin.py:115} INFO - [2025-05-02 17:11:06,853] {dag.py:2927} INFO - Setting next_dagrun for example_skip_dag to 2025-05-01T20:11:06.852982+00:00, run_after=2025-05-02T20:11:06.852982+00:00
[2025-05-02 17:11:06,892] {processor.py:161} INFO - Processing /root/Documents/airflowalu/venv/lib/python3.9/site-packages/airflow/example_dags/example_skip_dag.py took 0.065 seconds
[2025-05-02 17:11:40,631] {processor.py:153} INFO - Started process (PID=8538) to work on /root/Documents/airflowalu/venv/lib/python3.9/site-packages/airflow/example_dags/example_skip_dag.py
[2025-05-02 17:11:40,631] {processor.py:641} INFO - Processing file /root/Documents/airflowalu/venv/lib/python3.9/site-packages/airflow/example_dags/example_skip_dag.py for tasks to queue
[2025-05-02 17:11:40,632] {logging_mixin.py:115} INFO - [2025-05-02 17:11:40,632] {dagbag.py:507} INFO - Filling up the DagBag from /root/Documents/airflowalu/venv/lib/python3.9/site-packages/airflow/example_dags/example_skip_dag.py
[2025-05-02 17:11:40,634] {processor.py:651} INFO - DAG(s) dict_keys(['example_skip_dag']) retrieved from /root/Documents/airflowalu/venv/lib/python3.9/site-packages/airflow/example_dags/example_skip_dag.py
[2025-05-02 17:11:40,643] {logging_mixin.py:115} INFO - [2025-05-02 17:11:40,643] {dag.py:2379} INFO - Sync 1 DAGs
[2025-05-02 17:11:40,653] {logging_mixin.py:115} INFO - [2025-05-02 17:11:40,653] {dag.py:2927} INFO - Setting next_dagrun for example_skip_dag to 2025-05-01T20:11:40.653468+00:00, run_after=2025-05-02T20:11:40.653468+00:00
[2025-05-02 17:11:40,663] {processor.py:161} INFO - Processing /root/Documents/airflowalu/venv/lib/python3.9/site-packages/airflow/example_dags/example_skip_dag.py took 0.034 seconds
[2025-05-02 17:12:12,648] {processor.py:153} INFO - Started process (PID=8675) to work on /root/Documents/airflowalu/venv/lib/python3.9/site-packages/airflow/example_dags/example_skip_dag.py
[2025-05-02 17:12:12,649] {processor.py:641} INFO - Processing file /root/Documents/airflowalu/venv/lib/python3.9/site-packages/airflow/example_dags/example_skip_dag.py for tasks to queue
[2025-05-02 17:12:12,650] {logging_mixin.py:115} INFO - [2025-05-02 17:12:12,650] {dagbag.py:507} INFO - Filling up the DagBag from /root/Documents/airflowalu/venv/lib/python3.9/site-packages/airflow/example_dags/example_skip_dag.py
[2025-05-02 17:12:12,652] {processor.py:651} INFO - DAG(s) dict_keys(['example_skip_dag']) retrieved from /root/Documents/airflowalu/venv/lib/python3.9/site-packages/airflow/example_dags/example_skip_dag.py
[2025-05-02 17:12:12,661] {logging_mixin.py:115} INFO - [2025-05-02 17:12:12,661] {dag.py:2379} INFO - Sync 1 DAGs
[2025-05-02 17:12:12,672] {logging_mixin.py:115} INFO - [2025-05-02 17:12:12,672] {dag.py:2927} INFO - Setting next_dagrun for example_skip_dag to 2025-05-01T20:12:12.672457+00:00, run_after=2025-05-02T20:12:12.672457+00:00
[2025-05-02 17:12:12,682] {processor.py:161} INFO - Processing /root/Documents/airflowalu/venv/lib/python3.9/site-packages/airflow/example_dags/example_skip_dag.py took 0.035 seconds
[2025-05-02 17:12:43,927] {processor.py:153} INFO - Started process (PID=8808) to work on /root/Documents/airflowalu/venv/lib/python3.9/site-packages/airflow/example_dags/example_skip_dag.py
[2025-05-02 17:12:43,928] {processor.py:641} INFO - Processing file /root/Documents/airflowalu/venv/lib/python3.9/site-packages/airflow/example_dags/example_skip_dag.py for tasks to queue
[2025-05-02 17:12:43,928] {logging_mixin.py:115} INFO - [2025-05-02 17:12:43,928] {dagbag.py:507} INFO - Filling up the DagBag from /root/Documents/airflowalu/venv/lib/python3.9/site-packages/airflow/example_dags/example_skip_dag.py
[2025-05-02 17:12:43,930] {processor.py:651} INFO - DAG(s) dict_keys(['example_skip_dag']) retrieved from /root/Documents/airflowalu/venv/lib/python3.9/site-packages/airflow/example_dags/example_skip_dag.py
[2025-05-02 17:12:43,940] {logging_mixin.py:115} INFO - [2025-05-02 17:12:43,940] {dag.py:2379} INFO - Sync 1 DAGs
[2025-05-02 17:12:43,949] {logging_mixin.py:115} INFO - [2025-05-02 17:12:43,948] {dag.py:2927} INFO - Setting next_dagrun for example_skip_dag to 2025-05-01T20:12:43.948831+00:00, run_after=2025-05-02T20:12:43.948831+00:00
[2025-05-02 17:12:43,959] {processor.py:161} INFO - Processing /root/Documents/airflowalu/venv/lib/python3.9/site-packages/airflow/example_dags/example_skip_dag.py took 0.033 seconds
[2025-05-02 17:13:16,224] {processor.py:153} INFO - Started process (PID=8958) to work on /root/Documents/airflowalu/venv/lib/python3.9/site-packages/airflow/example_dags/example_skip_dag.py
[2025-05-02 17:13:16,225] {processor.py:641} INFO - Processing file /root/Documents/airflowalu/venv/lib/python3.9/site-packages/airflow/example_dags/example_skip_dag.py for tasks to queue
[2025-05-02 17:13:16,225] {logging_mixin.py:115} INFO - [2025-05-02 17:13:16,225] {dagbag.py:507} INFO - Filling up the DagBag from /root/Documents/airflowalu/venv/lib/python3.9/site-packages/airflow/example_dags/example_skip_dag.py
[2025-05-02 17:13:16,227] {processor.py:651} INFO - DAG(s) dict_keys(['example_skip_dag']) retrieved from /root/Documents/airflowalu/venv/lib/python3.9/site-packages/airflow/example_dags/example_skip_dag.py
[2025-05-02 17:13:16,238] {logging_mixin.py:115} INFO - [2025-05-02 17:13:16,238] {dag.py:2379} INFO - Sync 1 DAGs
[2025-05-02 17:13:16,246] {logging_mixin.py:115} INFO - [2025-05-02 17:13:16,246] {dag.py:2927} INFO - Setting next_dagrun for example_skip_dag to 2025-05-01T20:13:16.246591+00:00, run_after=2025-05-02T20:13:16.246591+00:00
[2025-05-02 17:13:16,257] {processor.py:161} INFO - Processing /root/Documents/airflowalu/venv/lib/python3.9/site-packages/airflow/example_dags/example_skip_dag.py took 0.035 seconds
[2025-05-02 17:13:47,086] {processor.py:153} INFO - Started process (PID=9089) to work on /root/Documents/airflowalu/venv/lib/python3.9/site-packages/airflow/example_dags/example_skip_dag.py
[2025-05-02 17:13:47,086] {processor.py:641} INFO - Processing file /root/Documents/airflowalu/venv/lib/python3.9/site-packages/airflow/example_dags/example_skip_dag.py for tasks to queue
[2025-05-02 17:13:47,087] {logging_mixin.py:115} INFO - [2025-05-02 17:13:47,087] {dagbag.py:507} INFO - Filling up the DagBag from /root/Documents/airflowalu/venv/lib/python3.9/site-packages/airflow/example_dags/example_skip_dag.py
[2025-05-02 17:13:47,089] {processor.py:651} INFO - DAG(s) dict_keys(['example_skip_dag']) retrieved from /root/Documents/airflowalu/venv/lib/python3.9/site-packages/airflow/example_dags/example_skip_dag.py
[2025-05-02 17:13:47,099] {logging_mixin.py:115} INFO - [2025-05-02 17:13:47,099] {dag.py:2379} INFO - Sync 1 DAGs
[2025-05-02 17:13:47,108] {logging_mixin.py:115} INFO - [2025-05-02 17:13:47,107] {dag.py:2927} INFO - Setting next_dagrun for example_skip_dag to 2025-05-01T20:13:47.107762+00:00, run_after=2025-05-02T20:13:47.107762+00:00
[2025-05-02 17:13:47,119] {processor.py:161} INFO - Processing /root/Documents/airflowalu/venv/lib/python3.9/site-packages/airflow/example_dags/example_skip_dag.py took 0.035 seconds
[2025-05-02 17:14:18,756] {processor.py:153} INFO - Started process (PID=9222) to work on /root/Documents/airflowalu/venv/lib/python3.9/site-packages/airflow/example_dags/example_skip_dag.py
[2025-05-02 17:14:18,757] {processor.py:641} INFO - Processing file /root/Documents/airflowalu/venv/lib/python3.9/site-packages/airflow/example_dags/example_skip_dag.py for tasks to queue
[2025-05-02 17:14:18,757] {logging_mixin.py:115} INFO - [2025-05-02 17:14:18,757] {dagbag.py:507} INFO - Filling up the DagBag from /root/Documents/airflowalu/venv/lib/python3.9/site-packages/airflow/example_dags/example_skip_dag.py
[2025-05-02 17:14:18,760] {processor.py:651} INFO - DAG(s) dict_keys(['example_skip_dag']) retrieved from /root/Documents/airflowalu/venv/lib/python3.9/site-packages/airflow/example_dags/example_skip_dag.py
[2025-05-02 17:14:18,770] {logging_mixin.py:115} INFO - [2025-05-02 17:14:18,770] {dag.py:2379} INFO - Sync 1 DAGs
[2025-05-02 17:14:18,778] {logging_mixin.py:115} INFO - [2025-05-02 17:14:18,778] {dag.py:2927} INFO - Setting next_dagrun for example_skip_dag to 2025-05-01T20:14:18.778682+00:00, run_after=2025-05-02T20:14:18.778682+00:00
[2025-05-02 17:14:18,788] {processor.py:161} INFO - Processing /root/Documents/airflowalu/venv/lib/python3.9/site-packages/airflow/example_dags/example_skip_dag.py took 0.034 seconds
[2025-05-02 17:14:53,645] {processor.py:153} INFO - Started process (PID=9368) to work on /root/Documents/airflowalu/venv/lib/python3.9/site-packages/airflow/example_dags/example_skip_dag.py
[2025-05-02 17:14:53,646] {processor.py:641} INFO - Processing file /root/Documents/airflowalu/venv/lib/python3.9/site-packages/airflow/example_dags/example_skip_dag.py for tasks to queue
[2025-05-02 17:14:53,646] {logging_mixin.py:115} INFO - [2025-05-02 17:14:53,646] {dagbag.py:507} INFO - Filling up the DagBag from /root/Documents/airflowalu/venv/lib/python3.9/site-packages/airflow/example_dags/example_skip_dag.py
[2025-05-02 17:14:53,649] {processor.py:651} INFO - DAG(s) dict_keys(['example_skip_dag']) retrieved from /root/Documents/airflowalu/venv/lib/python3.9/site-packages/airflow/example_dags/example_skip_dag.py
[2025-05-02 17:14:53,660] {logging_mixin.py:115} INFO - [2025-05-02 17:14:53,660] {dag.py:2379} INFO - Sync 1 DAGs
[2025-05-02 17:14:53,671] {logging_mixin.py:115} INFO - [2025-05-02 17:14:53,671] {dag.py:2927} INFO - Setting next_dagrun for example_skip_dag to 2025-05-01T20:14:53.671098+00:00, run_after=2025-05-02T20:14:53.671098+00:00
[2025-05-02 17:14:53,682] {processor.py:161} INFO - Processing /root/Documents/airflowalu/venv/lib/python3.9/site-packages/airflow/example_dags/example_skip_dag.py took 0.038 seconds
[2025-05-02 17:15:24,105] {processor.py:153} INFO - Started process (PID=9509) to work on /root/Documents/airflowalu/venv/lib/python3.9/site-packages/airflow/example_dags/example_skip_dag.py
[2025-05-02 17:15:24,106] {processor.py:641} INFO - Processing file /root/Documents/airflowalu/venv/lib/python3.9/site-packages/airflow/example_dags/example_skip_dag.py for tasks to queue
[2025-05-02 17:15:24,106] {logging_mixin.py:115} INFO - [2025-05-02 17:15:24,106] {dagbag.py:507} INFO - Filling up the DagBag from /root/Documents/airflowalu/venv/lib/python3.9/site-packages/airflow/example_dags/example_skip_dag.py
[2025-05-02 17:15:24,109] {processor.py:651} INFO - DAG(s) dict_keys(['example_skip_dag']) retrieved from /root/Documents/airflowalu/venv/lib/python3.9/site-packages/airflow/example_dags/example_skip_dag.py
[2025-05-02 17:15:24,121] {logging_mixin.py:115} INFO - [2025-05-02 17:15:24,121] {dag.py:2379} INFO - Sync 1 DAGs
[2025-05-02 17:15:24,131] {logging_mixin.py:115} INFO - [2025-05-02 17:15:24,131] {dag.py:2927} INFO - Setting next_dagrun for example_skip_dag to 2025-05-01T20:15:24.131007+00:00, run_after=2025-05-02T20:15:24.131007+00:00
[2025-05-02 17:15:24,143] {processor.py:161} INFO - Processing /root/Documents/airflowalu/venv/lib/python3.9/site-packages/airflow/example_dags/example_skip_dag.py took 0.039 seconds
[2025-05-02 17:15:56,769] {processor.py:153} INFO - Started process (PID=9646) to work on /root/Documents/airflowalu/venv/lib/python3.9/site-packages/airflow/example_dags/example_skip_dag.py
[2025-05-02 17:15:56,770] {processor.py:641} INFO - Processing file /root/Documents/airflowalu/venv/lib/python3.9/site-packages/airflow/example_dags/example_skip_dag.py for tasks to queue
[2025-05-02 17:15:56,770] {logging_mixin.py:115} INFO - [2025-05-02 17:15:56,770] {dagbag.py:507} INFO - Filling up the DagBag from /root/Documents/airflowalu/venv/lib/python3.9/site-packages/airflow/example_dags/example_skip_dag.py
[2025-05-02 17:15:56,774] {processor.py:651} INFO - DAG(s) dict_keys(['example_skip_dag']) retrieved from /root/Documents/airflowalu/venv/lib/python3.9/site-packages/airflow/example_dags/example_skip_dag.py
[2025-05-02 17:15:56,790] {logging_mixin.py:115} INFO - [2025-05-02 17:15:56,790] {dag.py:2379} INFO - Sync 1 DAGs
[2025-05-02 17:15:56,802] {logging_mixin.py:115} INFO - [2025-05-02 17:15:56,802] {dag.py:2927} INFO - Setting next_dagrun for example_skip_dag to 2025-05-01T20:15:56.802378+00:00, run_after=2025-05-02T20:15:56.802378+00:00
[2025-05-02 17:15:56,814] {processor.py:161} INFO - Processing /root/Documents/airflowalu/venv/lib/python3.9/site-packages/airflow/example_dags/example_skip_dag.py took 0.047 seconds
[2025-05-02 17:16:27,935] {processor.py:153} INFO - Started process (PID=9779) to work on /root/Documents/airflowalu/venv/lib/python3.9/site-packages/airflow/example_dags/example_skip_dag.py
[2025-05-02 17:16:27,935] {processor.py:641} INFO - Processing file /root/Documents/airflowalu/venv/lib/python3.9/site-packages/airflow/example_dags/example_skip_dag.py for tasks to queue
[2025-05-02 17:16:27,935] {logging_mixin.py:115} INFO - [2025-05-02 17:16:27,935] {dagbag.py:507} INFO - Filling up the DagBag from /root/Documents/airflowalu/venv/lib/python3.9/site-packages/airflow/example_dags/example_skip_dag.py
[2025-05-02 17:16:27,938] {processor.py:651} INFO - DAG(s) dict_keys(['example_skip_dag']) retrieved from /root/Documents/airflowalu/venv/lib/python3.9/site-packages/airflow/example_dags/example_skip_dag.py
[2025-05-02 17:16:27,949] {logging_mixin.py:115} INFO - [2025-05-02 17:16:27,949] {dag.py:2379} INFO - Sync 1 DAGs
[2025-05-02 17:16:27,958] {logging_mixin.py:115} INFO - [2025-05-02 17:16:27,958] {dag.py:2927} INFO - Setting next_dagrun for example_skip_dag to 2025-05-01T20:16:27.958304+00:00, run_after=2025-05-02T20:16:27.958304+00:00
[2025-05-02 17:16:27,969] {processor.py:161} INFO - Processing /root/Documents/airflowalu/venv/lib/python3.9/site-packages/airflow/example_dags/example_skip_dag.py took 0.036 seconds
[2025-05-02 17:16:59,163] {processor.py:153} INFO - Started process (PID=9910) to work on /root/Documents/airflowalu/venv/lib/python3.9/site-packages/airflow/example_dags/example_skip_dag.py
[2025-05-02 17:16:59,163] {processor.py:641} INFO - Processing file /root/Documents/airflowalu/venv/lib/python3.9/site-packages/airflow/example_dags/example_skip_dag.py for tasks to queue
[2025-05-02 17:16:59,164] {logging_mixin.py:115} INFO - [2025-05-02 17:16:59,163] {dagbag.py:507} INFO - Filling up the DagBag from /root/Documents/airflowalu/venv/lib/python3.9/site-packages/airflow/example_dags/example_skip_dag.py
[2025-05-02 17:16:59,166] {processor.py:651} INFO - DAG(s) dict_keys(['example_skip_dag']) retrieved from /root/Documents/airflowalu/venv/lib/python3.9/site-packages/airflow/example_dags/example_skip_dag.py
[2025-05-02 17:16:59,176] {logging_mixin.py:115} INFO - [2025-05-02 17:16:59,176] {dag.py:2379} INFO - Sync 1 DAGs
[2025-05-02 17:16:59,185] {logging_mixin.py:115} INFO - [2025-05-02 17:16:59,185] {dag.py:2927} INFO - Setting next_dagrun for example_skip_dag to 2025-05-01T20:16:59.185567+00:00, run_after=2025-05-02T20:16:59.185567+00:00
[2025-05-02 17:16:59,196] {processor.py:161} INFO - Processing /root/Documents/airflowalu/venv/lib/python3.9/site-packages/airflow/example_dags/example_skip_dag.py took 0.035 seconds
[2025-05-02 17:17:31,931] {processor.py:153} INFO - Started process (PID=10052) to work on /root/Documents/airflowalu/venv/lib/python3.9/site-packages/airflow/example_dags/example_skip_dag.py
[2025-05-02 17:17:31,932] {processor.py:641} INFO - Processing file /root/Documents/airflowalu/venv/lib/python3.9/site-packages/airflow/example_dags/example_skip_dag.py for tasks to queue
[2025-05-02 17:17:31,932] {logging_mixin.py:115} INFO - [2025-05-02 17:17:31,932] {dagbag.py:507} INFO - Filling up the DagBag from /root/Documents/airflowalu/venv/lib/python3.9/site-packages/airflow/example_dags/example_skip_dag.py
[2025-05-02 17:17:31,935] {processor.py:651} INFO - DAG(s) dict_keys(['example_skip_dag']) retrieved from /root/Documents/airflowalu/venv/lib/python3.9/site-packages/airflow/example_dags/example_skip_dag.py
[2025-05-02 17:17:31,944] {logging_mixin.py:115} INFO - [2025-05-02 17:17:31,944] {dag.py:2379} INFO - Sync 1 DAGs
[2025-05-02 17:17:31,952] {logging_mixin.py:115} INFO - [2025-05-02 17:17:31,952] {dag.py:2927} INFO - Setting next_dagrun for example_skip_dag to 2025-05-01T20:17:31.952464+00:00, run_after=2025-05-02T20:17:31.952464+00:00
[2025-05-02 17:17:31,963] {processor.py:161} INFO - Processing /root/Documents/airflowalu/venv/lib/python3.9/site-packages/airflow/example_dags/example_skip_dag.py took 0.033 seconds
[2025-05-02 17:18:03,450] {processor.py:153} INFO - Started process (PID=10187) to work on /root/Documents/airflowalu/venv/lib/python3.9/site-packages/airflow/example_dags/example_skip_dag.py
[2025-05-02 17:18:03,451] {processor.py:641} INFO - Processing file /root/Documents/airflowalu/venv/lib/python3.9/site-packages/airflow/example_dags/example_skip_dag.py for tasks to queue
[2025-05-02 17:18:03,451] {logging_mixin.py:115} INFO - [2025-05-02 17:18:03,451] {dagbag.py:507} INFO - Filling up the DagBag from /root/Documents/airflowalu/venv/lib/python3.9/site-packages/airflow/example_dags/example_skip_dag.py
[2025-05-02 17:18:03,453] {processor.py:651} INFO - DAG(s) dict_keys(['example_skip_dag']) retrieved from /root/Documents/airflowalu/venv/lib/python3.9/site-packages/airflow/example_dags/example_skip_dag.py
[2025-05-02 17:18:03,463] {logging_mixin.py:115} INFO - [2025-05-02 17:18:03,463] {dag.py:2379} INFO - Sync 1 DAGs
[2025-05-02 17:18:03,473] {logging_mixin.py:115} INFO - [2025-05-02 17:18:03,473] {dag.py:2927} INFO - Setting next_dagrun for example_skip_dag to 2025-05-01T20:18:03.473289+00:00, run_after=2025-05-02T20:18:03.473289+00:00
[2025-05-02 17:18:03,484] {processor.py:161} INFO - Processing /root/Documents/airflowalu/venv/lib/python3.9/site-packages/airflow/example_dags/example_skip_dag.py took 0.036 seconds
[2025-05-02 17:18:34,521] {processor.py:153} INFO - Started process (PID=10318) to work on /root/Documents/airflowalu/venv/lib/python3.9/site-packages/airflow/example_dags/example_skip_dag.py
[2025-05-02 17:18:34,521] {processor.py:641} INFO - Processing file /root/Documents/airflowalu/venv/lib/python3.9/site-packages/airflow/example_dags/example_skip_dag.py for tasks to queue
[2025-05-02 17:18:34,521] {logging_mixin.py:115} INFO - [2025-05-02 17:18:34,521] {dagbag.py:507} INFO - Filling up the DagBag from /root/Documents/airflowalu/venv/lib/python3.9/site-packages/airflow/example_dags/example_skip_dag.py
[2025-05-02 17:18:34,524] {processor.py:651} INFO - DAG(s) dict_keys(['example_skip_dag']) retrieved from /root/Documents/airflowalu/venv/lib/python3.9/site-packages/airflow/example_dags/example_skip_dag.py
[2025-05-02 17:18:34,534] {logging_mixin.py:115} INFO - [2025-05-02 17:18:34,534] {dag.py:2379} INFO - Sync 1 DAGs
[2025-05-02 17:18:34,543] {logging_mixin.py:115} INFO - [2025-05-02 17:18:34,543] {dag.py:2927} INFO - Setting next_dagrun for example_skip_dag to 2025-05-01T20:18:34.543573+00:00, run_after=2025-05-02T20:18:34.543573+00:00
[2025-05-02 17:18:34,553] {processor.py:161} INFO - Processing /root/Documents/airflowalu/venv/lib/python3.9/site-packages/airflow/example_dags/example_skip_dag.py took 0.034 seconds
[2025-05-02 17:19:10,780] {processor.py:153} INFO - Started process (PID=10467) to work on /root/Documents/airflowalu/venv/lib/python3.9/site-packages/airflow/example_dags/example_skip_dag.py
[2025-05-02 17:19:10,781] {processor.py:641} INFO - Processing file /root/Documents/airflowalu/venv/lib/python3.9/site-packages/airflow/example_dags/example_skip_dag.py for tasks to queue
[2025-05-02 17:19:10,781] {logging_mixin.py:115} INFO - [2025-05-02 17:19:10,781] {dagbag.py:507} INFO - Filling up the DagBag from /root/Documents/airflowalu/venv/lib/python3.9/site-packages/airflow/example_dags/example_skip_dag.py
[2025-05-02 17:19:10,784] {processor.py:651} INFO - DAG(s) dict_keys(['example_skip_dag']) retrieved from /root/Documents/airflowalu/venv/lib/python3.9/site-packages/airflow/example_dags/example_skip_dag.py
[2025-05-02 17:19:10,795] {logging_mixin.py:115} INFO - [2025-05-02 17:19:10,795] {dag.py:2379} INFO - Sync 1 DAGs
[2025-05-02 17:19:10,803] {logging_mixin.py:115} INFO - [2025-05-02 17:19:10,803] {dag.py:2927} INFO - Setting next_dagrun for example_skip_dag to 2025-05-01T20:19:10.803447+00:00, run_after=2025-05-02T20:19:10.803447+00:00
[2025-05-02 17:19:10,813] {processor.py:161} INFO - Processing /root/Documents/airflowalu/venv/lib/python3.9/site-packages/airflow/example_dags/example_skip_dag.py took 0.035 seconds
[2025-05-02 17:19:42,992] {processor.py:153} INFO - Started process (PID=10609) to work on /root/Documents/airflowalu/venv/lib/python3.9/site-packages/airflow/example_dags/example_skip_dag.py
[2025-05-02 17:19:42,993] {processor.py:641} INFO - Processing file /root/Documents/airflowalu/venv/lib/python3.9/site-packages/airflow/example_dags/example_skip_dag.py for tasks to queue
[2025-05-02 17:19:42,993] {logging_mixin.py:115} INFO - [2025-05-02 17:19:42,993] {dagbag.py:507} INFO - Filling up the DagBag from /root/Documents/airflowalu/venv/lib/python3.9/site-packages/airflow/example_dags/example_skip_dag.py
[2025-05-02 17:19:42,996] {processor.py:651} INFO - DAG(s) dict_keys(['example_skip_dag']) retrieved from /root/Documents/airflowalu/venv/lib/python3.9/site-packages/airflow/example_dags/example_skip_dag.py
[2025-05-02 17:19:43,006] {logging_mixin.py:115} INFO - [2025-05-02 17:19:43,006] {dag.py:2379} INFO - Sync 1 DAGs
[2025-05-02 17:19:43,015] {logging_mixin.py:115} INFO - [2025-05-02 17:19:43,015] {dag.py:2927} INFO - Setting next_dagrun for example_skip_dag to 2025-05-01T20:19:43.015749+00:00, run_after=2025-05-02T20:19:43.015749+00:00
[2025-05-02 17:19:43,026] {processor.py:161} INFO - Processing /root/Documents/airflowalu/venv/lib/python3.9/site-packages/airflow/example_dags/example_skip_dag.py took 0.036 seconds
[2025-05-02 17:20:17,372] {processor.py:153} INFO - Started process (PID=10755) to work on /root/Documents/airflowalu/venv/lib/python3.9/site-packages/airflow/example_dags/example_skip_dag.py
[2025-05-02 17:20:17,373] {processor.py:641} INFO - Processing file /root/Documents/airflowalu/venv/lib/python3.9/site-packages/airflow/example_dags/example_skip_dag.py for tasks to queue
[2025-05-02 17:20:17,373] {logging_mixin.py:115} INFO - [2025-05-02 17:20:17,373] {dagbag.py:507} INFO - Filling up the DagBag from /root/Documents/airflowalu/venv/lib/python3.9/site-packages/airflow/example_dags/example_skip_dag.py
[2025-05-02 17:20:17,376] {processor.py:651} INFO - DAG(s) dict_keys(['example_skip_dag']) retrieved from /root/Documents/airflowalu/venv/lib/python3.9/site-packages/airflow/example_dags/example_skip_dag.py
[2025-05-02 17:20:17,387] {logging_mixin.py:115} INFO - [2025-05-02 17:20:17,387] {dag.py:2379} INFO - Sync 1 DAGs
[2025-05-02 17:20:17,397] {logging_mixin.py:115} INFO - [2025-05-02 17:20:17,397] {dag.py:2927} INFO - Setting next_dagrun for example_skip_dag to 2025-05-01T20:20:17.397378+00:00, run_after=2025-05-02T20:20:17.397378+00:00
[2025-05-02 17:20:17,410] {processor.py:161} INFO - Processing /root/Documents/airflowalu/venv/lib/python3.9/site-packages/airflow/example_dags/example_skip_dag.py took 0.040 seconds
[2025-05-02 17:20:48,214] {processor.py:153} INFO - Started process (PID=10896) to work on /root/Documents/airflowalu/venv/lib/python3.9/site-packages/airflow/example_dags/example_skip_dag.py
[2025-05-02 17:20:48,215] {processor.py:641} INFO - Processing file /root/Documents/airflowalu/venv/lib/python3.9/site-packages/airflow/example_dags/example_skip_dag.py for tasks to queue
[2025-05-02 17:20:48,215] {logging_mixin.py:115} INFO - [2025-05-02 17:20:48,215] {dagbag.py:507} INFO - Filling up the DagBag from /root/Documents/airflowalu/venv/lib/python3.9/site-packages/airflow/example_dags/example_skip_dag.py
[2025-05-02 17:20:48,218] {processor.py:651} INFO - DAG(s) dict_keys(['example_skip_dag']) retrieved from /root/Documents/airflowalu/venv/lib/python3.9/site-packages/airflow/example_dags/example_skip_dag.py
[2025-05-02 17:20:48,228] {logging_mixin.py:115} INFO - [2025-05-02 17:20:48,228] {dag.py:2379} INFO - Sync 1 DAGs
[2025-05-02 17:20:48,237] {logging_mixin.py:115} INFO - [2025-05-02 17:20:48,237] {dag.py:2927} INFO - Setting next_dagrun for example_skip_dag to 2025-05-01T20:20:48.237496+00:00, run_after=2025-05-02T20:20:48.237496+00:00
[2025-05-02 17:20:48,250] {processor.py:161} INFO - Processing /root/Documents/airflowalu/venv/lib/python3.9/site-packages/airflow/example_dags/example_skip_dag.py took 0.038 seconds
[2025-05-02 17:21:19,535] {processor.py:153} INFO - Started process (PID=11034) to work on /root/Documents/airflowalu/venv/lib/python3.9/site-packages/airflow/example_dags/example_skip_dag.py
[2025-05-02 17:21:19,536] {processor.py:641} INFO - Processing file /root/Documents/airflowalu/venv/lib/python3.9/site-packages/airflow/example_dags/example_skip_dag.py for tasks to queue
[2025-05-02 17:21:19,536] {logging_mixin.py:115} INFO - [2025-05-02 17:21:19,536] {dagbag.py:507} INFO - Filling up the DagBag from /root/Documents/airflowalu/venv/lib/python3.9/site-packages/airflow/example_dags/example_skip_dag.py
[2025-05-02 17:21:19,539] {processor.py:651} INFO - DAG(s) dict_keys(['example_skip_dag']) retrieved from /root/Documents/airflowalu/venv/lib/python3.9/site-packages/airflow/example_dags/example_skip_dag.py
[2025-05-02 17:21:19,549] {logging_mixin.py:115} INFO - [2025-05-02 17:21:19,549] {dag.py:2379} INFO - Sync 1 DAGs
[2025-05-02 17:21:19,558] {logging_mixin.py:115} INFO - [2025-05-02 17:21:19,558] {dag.py:2927} INFO - Setting next_dagrun for example_skip_dag to 2025-05-01T20:21:19.558310+00:00, run_after=2025-05-02T20:21:19.558310+00:00
[2025-05-02 17:21:19,569] {processor.py:161} INFO - Processing /root/Documents/airflowalu/venv/lib/python3.9/site-packages/airflow/example_dags/example_skip_dag.py took 0.035 seconds
[2025-05-02 17:21:53,329] {processor.py:153} INFO - Started process (PID=11174) to work on /root/Documents/airflowalu/venv/lib/python3.9/site-packages/airflow/example_dags/example_skip_dag.py
[2025-05-02 17:21:53,330] {processor.py:641} INFO - Processing file /root/Documents/airflowalu/venv/lib/python3.9/site-packages/airflow/example_dags/example_skip_dag.py for tasks to queue
[2025-05-02 17:21:53,330] {logging_mixin.py:115} INFO - [2025-05-02 17:21:53,330] {dagbag.py:507} INFO - Filling up the DagBag from /root/Documents/airflowalu/venv/lib/python3.9/site-packages/airflow/example_dags/example_skip_dag.py
[2025-05-02 17:21:53,333] {processor.py:651} INFO - DAG(s) dict_keys(['example_skip_dag']) retrieved from /root/Documents/airflowalu/venv/lib/python3.9/site-packages/airflow/example_dags/example_skip_dag.py
[2025-05-02 17:21:53,346] {logging_mixin.py:115} INFO - [2025-05-02 17:21:53,346] {dag.py:2379} INFO - Sync 1 DAGs
[2025-05-02 17:21:53,356] {logging_mixin.py:115} INFO - [2025-05-02 17:21:53,356] {dag.py:2927} INFO - Setting next_dagrun for example_skip_dag to 2025-05-01T20:21:53.356310+00:00, run_after=2025-05-02T20:21:53.356310+00:00
[2025-05-02 17:21:53,367] {processor.py:161} INFO - Processing /root/Documents/airflowalu/venv/lib/python3.9/site-packages/airflow/example_dags/example_skip_dag.py took 0.040 seconds
[2025-05-02 17:22:24,792] {processor.py:153} INFO - Started process (PID=11316) to work on /root/Documents/airflowalu/venv/lib/python3.9/site-packages/airflow/example_dags/example_skip_dag.py
[2025-05-02 17:22:24,793] {processor.py:641} INFO - Processing file /root/Documents/airflowalu/venv/lib/python3.9/site-packages/airflow/example_dags/example_skip_dag.py for tasks to queue
[2025-05-02 17:22:24,793] {logging_mixin.py:115} INFO - [2025-05-02 17:22:24,793] {dagbag.py:507} INFO - Filling up the DagBag from /root/Documents/airflowalu/venv/lib/python3.9/site-packages/airflow/example_dags/example_skip_dag.py
[2025-05-02 17:22:24,798] {processor.py:651} INFO - DAG(s) dict_keys(['example_skip_dag']) retrieved from /root/Documents/airflowalu/venv/lib/python3.9/site-packages/airflow/example_dags/example_skip_dag.py
[2025-05-02 17:22:24,806] {logging_mixin.py:115} INFO - [2025-05-02 17:22:24,806] {dag.py:2379} INFO - Sync 1 DAGs
[2025-05-02 17:22:24,815] {logging_mixin.py:115} INFO - [2025-05-02 17:22:24,815] {dag.py:2927} INFO - Setting next_dagrun for example_skip_dag to 2025-05-01T20:22:24.815404+00:00, run_after=2025-05-02T20:22:24.815404+00:00
[2025-05-02 17:22:24,825] {processor.py:161} INFO - Processing /root/Documents/airflowalu/venv/lib/python3.9/site-packages/airflow/example_dags/example_skip_dag.py took 0.035 seconds
[2025-05-02 17:22:55,741] {processor.py:153} INFO - Started process (PID=11451) to work on /root/Documents/airflowalu/venv/lib/python3.9/site-packages/airflow/example_dags/example_skip_dag.py
[2025-05-02 17:22:55,741] {processor.py:641} INFO - Processing file /root/Documents/airflowalu/venv/lib/python3.9/site-packages/airflow/example_dags/example_skip_dag.py for tasks to queue
[2025-05-02 17:22:55,742] {logging_mixin.py:115} INFO - [2025-05-02 17:22:55,742] {dagbag.py:507} INFO - Filling up the DagBag from /root/Documents/airflowalu/venv/lib/python3.9/site-packages/airflow/example_dags/example_skip_dag.py
[2025-05-02 17:22:55,746] {processor.py:651} INFO - DAG(s) dict_keys(['example_skip_dag']) retrieved from /root/Documents/airflowalu/venv/lib/python3.9/site-packages/airflow/example_dags/example_skip_dag.py
[2025-05-02 17:22:55,756] {logging_mixin.py:115} INFO - [2025-05-02 17:22:55,756] {dag.py:2379} INFO - Sync 1 DAGs
[2025-05-02 17:22:55,765] {logging_mixin.py:115} INFO - [2025-05-02 17:22:55,765] {dag.py:2927} INFO - Setting next_dagrun for example_skip_dag to 2025-05-01T20:22:55.765310+00:00, run_after=2025-05-02T20:22:55.765310+00:00
[2025-05-02 17:22:55,779] {processor.py:161} INFO - Processing /root/Documents/airflowalu/venv/lib/python3.9/site-packages/airflow/example_dags/example_skip_dag.py took 0.040 seconds
[2025-05-02 17:23:29,511] {processor.py:153} INFO - Started process (PID=11595) to work on /root/Documents/airflowalu/venv/lib/python3.9/site-packages/airflow/example_dags/example_skip_dag.py
[2025-05-02 17:23:29,518] {processor.py:641} INFO - Processing file /root/Documents/airflowalu/venv/lib/python3.9/site-packages/airflow/example_dags/example_skip_dag.py for tasks to queue
[2025-05-02 17:23:29,518] {logging_mixin.py:115} INFO - [2025-05-02 17:23:29,518] {dagbag.py:507} INFO - Filling up the DagBag from /root/Documents/airflowalu/venv/lib/python3.9/site-packages/airflow/example_dags/example_skip_dag.py
[2025-05-02 17:23:29,525] {processor.py:651} INFO - DAG(s) dict_keys(['example_skip_dag']) retrieved from /root/Documents/airflowalu/venv/lib/python3.9/site-packages/airflow/example_dags/example_skip_dag.py
[2025-05-02 17:23:29,536] {logging_mixin.py:115} INFO - [2025-05-02 17:23:29,536] {dag.py:2379} INFO - Sync 1 DAGs
[2025-05-02 17:23:29,550] {logging_mixin.py:115} INFO - [2025-05-02 17:23:29,550] {dag.py:2927} INFO - Setting next_dagrun for example_skip_dag to 2025-05-01T20:23:29.550212+00:00, run_after=2025-05-02T20:23:29.550212+00:00
[2025-05-02 17:23:29,563] {processor.py:161} INFO - Processing /root/Documents/airflowalu/venv/lib/python3.9/site-packages/airflow/example_dags/example_skip_dag.py took 0.055 seconds
[2025-05-02 17:24:04,384] {processor.py:153} INFO - Started process (PID=11739) to work on /root/Documents/airflowalu/venv/lib/python3.9/site-packages/airflow/example_dags/example_skip_dag.py
[2025-05-02 17:24:04,385] {processor.py:641} INFO - Processing file /root/Documents/airflowalu/venv/lib/python3.9/site-packages/airflow/example_dags/example_skip_dag.py for tasks to queue
[2025-05-02 17:24:04,385] {logging_mixin.py:115} INFO - [2025-05-02 17:24:04,385] {dagbag.py:507} INFO - Filling up the DagBag from /root/Documents/airflowalu/venv/lib/python3.9/site-packages/airflow/example_dags/example_skip_dag.py
[2025-05-02 17:24:04,389] {processor.py:651} INFO - DAG(s) dict_keys(['example_skip_dag']) retrieved from /root/Documents/airflowalu/venv/lib/python3.9/site-packages/airflow/example_dags/example_skip_dag.py
[2025-05-02 17:24:04,398] {logging_mixin.py:115} INFO - [2025-05-02 17:24:04,398] {dag.py:2379} INFO - Sync 1 DAGs
[2025-05-02 17:24:04,407] {logging_mixin.py:115} INFO - [2025-05-02 17:24:04,407] {dag.py:2927} INFO - Setting next_dagrun for example_skip_dag to 2025-05-01T20:24:04.406885+00:00, run_after=2025-05-02T20:24:04.406885+00:00
[2025-05-02 17:24:04,416] {processor.py:161} INFO - Processing /root/Documents/airflowalu/venv/lib/python3.9/site-packages/airflow/example_dags/example_skip_dag.py took 0.034 seconds
[2025-05-02 17:24:36,734] {processor.py:153} INFO - Started process (PID=11878) to work on /root/Documents/airflowalu/venv/lib/python3.9/site-packages/airflow/example_dags/example_skip_dag.py
[2025-05-02 17:24:36,735] {processor.py:641} INFO - Processing file /root/Documents/airflowalu/venv/lib/python3.9/site-packages/airflow/example_dags/example_skip_dag.py for tasks to queue
[2025-05-02 17:24:36,735] {logging_mixin.py:115} INFO - [2025-05-02 17:24:36,735] {dagbag.py:507} INFO - Filling up the DagBag from /root/Documents/airflowalu/venv/lib/python3.9/site-packages/airflow/example_dags/example_skip_dag.py
[2025-05-02 17:24:36,740] {processor.py:651} INFO - DAG(s) dict_keys(['example_skip_dag']) retrieved from /root/Documents/airflowalu/venv/lib/python3.9/site-packages/airflow/example_dags/example_skip_dag.py
[2025-05-02 17:24:36,749] {logging_mixin.py:115} INFO - [2025-05-02 17:24:36,749] {dag.py:2379} INFO - Sync 1 DAGs
[2025-05-02 17:24:36,760] {logging_mixin.py:115} INFO - [2025-05-02 17:24:36,760] {dag.py:2927} INFO - Setting next_dagrun for example_skip_dag to 2025-05-01T20:24:36.759924+00:00, run_after=2025-05-02T20:24:36.759924+00:00
[2025-05-02 17:24:36,770] {processor.py:161} INFO - Processing /root/Documents/airflowalu/venv/lib/python3.9/site-packages/airflow/example_dags/example_skip_dag.py took 0.038 seconds
[2025-05-02 17:25:09,654] {processor.py:153} INFO - Started process (PID=12017) to work on /root/Documents/airflowalu/venv/lib/python3.9/site-packages/airflow/example_dags/example_skip_dag.py
[2025-05-02 17:25:09,655] {processor.py:641} INFO - Processing file /root/Documents/airflowalu/venv/lib/python3.9/site-packages/airflow/example_dags/example_skip_dag.py for tasks to queue
[2025-05-02 17:25:09,655] {logging_mixin.py:115} INFO - [2025-05-02 17:25:09,655] {dagbag.py:507} INFO - Filling up the DagBag from /root/Documents/airflowalu/venv/lib/python3.9/site-packages/airflow/example_dags/example_skip_dag.py
[2025-05-02 17:25:09,660] {processor.py:651} INFO - DAG(s) dict_keys(['example_skip_dag']) retrieved from /root/Documents/airflowalu/venv/lib/python3.9/site-packages/airflow/example_dags/example_skip_dag.py
[2025-05-02 17:25:09,669] {logging_mixin.py:115} INFO - [2025-05-02 17:25:09,669] {dag.py:2379} INFO - Sync 1 DAGs
[2025-05-02 17:25:09,678] {logging_mixin.py:115} INFO - [2025-05-02 17:25:09,678] {dag.py:2927} INFO - Setting next_dagrun for example_skip_dag to 2025-05-01T20:25:09.678230+00:00, run_after=2025-05-02T20:25:09.678230+00:00
[2025-05-02 17:25:09,688] {processor.py:161} INFO - Processing /root/Documents/airflowalu/venv/lib/python3.9/site-packages/airflow/example_dags/example_skip_dag.py took 0.035 seconds
[2025-05-02 17:25:43,213] {processor.py:153} INFO - Started process (PID=12158) to work on /root/Documents/airflowalu/venv/lib/python3.9/site-packages/airflow/example_dags/example_skip_dag.py
[2025-05-02 17:25:43,213] {processor.py:641} INFO - Processing file /root/Documents/airflowalu/venv/lib/python3.9/site-packages/airflow/example_dags/example_skip_dag.py for tasks to queue
[2025-05-02 17:25:43,214] {logging_mixin.py:115} INFO - [2025-05-02 17:25:43,214] {dagbag.py:507} INFO - Filling up the DagBag from /root/Documents/airflowalu/venv/lib/python3.9/site-packages/airflow/example_dags/example_skip_dag.py
[2025-05-02 17:25:43,218] {processor.py:651} INFO - DAG(s) dict_keys(['example_skip_dag']) retrieved from /root/Documents/airflowalu/venv/lib/python3.9/site-packages/airflow/example_dags/example_skip_dag.py
[2025-05-02 17:25:43,227] {logging_mixin.py:115} INFO - [2025-05-02 17:25:43,227] {dag.py:2379} INFO - Sync 1 DAGs
[2025-05-02 17:25:43,237] {logging_mixin.py:115} INFO - [2025-05-02 17:25:43,237] {dag.py:2927} INFO - Setting next_dagrun for example_skip_dag to 2025-05-01T20:25:43.237104+00:00, run_after=2025-05-02T20:25:43.237104+00:00
[2025-05-02 17:25:43,248] {processor.py:161} INFO - Processing /root/Documents/airflowalu/venv/lib/python3.9/site-packages/airflow/example_dags/example_skip_dag.py took 0.037 seconds
[2025-05-02 17:26:17,856] {processor.py:153} INFO - Started process (PID=12304) to work on /root/Documents/airflowalu/venv/lib/python3.9/site-packages/airflow/example_dags/example_skip_dag.py
[2025-05-02 17:26:17,857] {processor.py:641} INFO - Processing file /root/Documents/airflowalu/venv/lib/python3.9/site-packages/airflow/example_dags/example_skip_dag.py for tasks to queue
[2025-05-02 17:26:17,857] {logging_mixin.py:115} INFO - [2025-05-02 17:26:17,857] {dagbag.py:507} INFO - Filling up the DagBag from /root/Documents/airflowalu/venv/lib/python3.9/site-packages/airflow/example_dags/example_skip_dag.py
[2025-05-02 17:26:17,862] {processor.py:651} INFO - DAG(s) dict_keys(['example_skip_dag']) retrieved from /root/Documents/airflowalu/venv/lib/python3.9/site-packages/airflow/example_dags/example_skip_dag.py
[2025-05-02 17:26:17,870] {logging_mixin.py:115} INFO - [2025-05-02 17:26:17,870] {dag.py:2379} INFO - Sync 1 DAGs
[2025-05-02 17:26:17,879] {logging_mixin.py:115} INFO - [2025-05-02 17:26:17,879] {dag.py:2927} INFO - Setting next_dagrun for example_skip_dag to 2025-05-01T20:26:17.879721+00:00, run_after=2025-05-02T20:26:17.879721+00:00
[2025-05-02 17:26:17,889] {processor.py:161} INFO - Processing /root/Documents/airflowalu/venv/lib/python3.9/site-packages/airflow/example_dags/example_skip_dag.py took 0.035 seconds
[2025-05-02 17:26:51,749] {processor.py:153} INFO - Started process (PID=12442) to work on /root/Documents/airflowalu/venv/lib/python3.9/site-packages/airflow/example_dags/example_skip_dag.py
[2025-05-02 17:26:51,750] {processor.py:641} INFO - Processing file /root/Documents/airflowalu/venv/lib/python3.9/site-packages/airflow/example_dags/example_skip_dag.py for tasks to queue
[2025-05-02 17:26:51,750] {logging_mixin.py:115} INFO - [2025-05-02 17:26:51,750] {dagbag.py:507} INFO - Filling up the DagBag from /root/Documents/airflowalu/venv/lib/python3.9/site-packages/airflow/example_dags/example_skip_dag.py
[2025-05-02 17:26:51,755] {processor.py:651} INFO - DAG(s) dict_keys(['example_skip_dag']) retrieved from /root/Documents/airflowalu/venv/lib/python3.9/site-packages/airflow/example_dags/example_skip_dag.py
[2025-05-02 17:26:51,764] {logging_mixin.py:115} INFO - [2025-05-02 17:26:51,764] {dag.py:2379} INFO - Sync 1 DAGs
[2025-05-02 17:26:51,775] {logging_mixin.py:115} INFO - [2025-05-02 17:26:51,774] {dag.py:2927} INFO - Setting next_dagrun for example_skip_dag to 2025-05-01T20:26:51.774691+00:00, run_after=2025-05-02T20:26:51.774691+00:00
[2025-05-02 17:26:51,785] {processor.py:161} INFO - Processing /root/Documents/airflowalu/venv/lib/python3.9/site-packages/airflow/example_dags/example_skip_dag.py took 0.038 seconds
[2025-05-02 17:27:24,421] {processor.py:153} INFO - Started process (PID=12581) to work on /root/Documents/airflowalu/venv/lib/python3.9/site-packages/airflow/example_dags/example_skip_dag.py
[2025-05-02 17:27:24,422] {processor.py:641} INFO - Processing file /root/Documents/airflowalu/venv/lib/python3.9/site-packages/airflow/example_dags/example_skip_dag.py for tasks to queue
[2025-05-02 17:27:24,422] {logging_mixin.py:115} INFO - [2025-05-02 17:27:24,422] {dagbag.py:507} INFO - Filling up the DagBag from /root/Documents/airflowalu/venv/lib/python3.9/site-packages/airflow/example_dags/example_skip_dag.py
[2025-05-02 17:27:24,424] {processor.py:651} INFO - DAG(s) dict_keys(['example_skip_dag']) retrieved from /root/Documents/airflowalu/venv/lib/python3.9/site-packages/airflow/example_dags/example_skip_dag.py
[2025-05-02 17:27:24,436] {logging_mixin.py:115} INFO - [2025-05-02 17:27:24,436] {dag.py:2379} INFO - Sync 1 DAGs
[2025-05-02 17:27:24,448] {logging_mixin.py:115} INFO - [2025-05-02 17:27:24,448] {dag.py:2927} INFO - Setting next_dagrun for example_skip_dag to 2025-05-01T20:27:24.448589+00:00, run_after=2025-05-02T20:27:24.448589+00:00
[2025-05-02 17:27:24,460] {processor.py:161} INFO - Processing /root/Documents/airflowalu/venv/lib/python3.9/site-packages/airflow/example_dags/example_skip_dag.py took 0.041 seconds
[2025-05-02 17:27:59,410] {processor.py:153} INFO - Started process (PID=12734) to work on /root/Documents/airflowalu/venv/lib/python3.9/site-packages/airflow/example_dags/example_skip_dag.py
[2025-05-02 17:27:59,410] {processor.py:641} INFO - Processing file /root/Documents/airflowalu/venv/lib/python3.9/site-packages/airflow/example_dags/example_skip_dag.py for tasks to queue
[2025-05-02 17:27:59,411] {logging_mixin.py:115} INFO - [2025-05-02 17:27:59,411] {dagbag.py:507} INFO - Filling up the DagBag from /root/Documents/airflowalu/venv/lib/python3.9/site-packages/airflow/example_dags/example_skip_dag.py
[2025-05-02 17:27:59,413] {processor.py:651} INFO - DAG(s) dict_keys(['example_skip_dag']) retrieved from /root/Documents/airflowalu/venv/lib/python3.9/site-packages/airflow/example_dags/example_skip_dag.py
[2025-05-02 17:27:59,423] {logging_mixin.py:115} INFO - [2025-05-02 17:27:59,423] {dag.py:2379} INFO - Sync 1 DAGs
[2025-05-02 17:27:59,432] {logging_mixin.py:115} INFO - [2025-05-02 17:27:59,432] {dag.py:2927} INFO - Setting next_dagrun for example_skip_dag to 2025-05-01T20:27:59.431961+00:00, run_after=2025-05-02T20:27:59.431961+00:00
[2025-05-02 17:27:59,443] {processor.py:161} INFO - Processing /root/Documents/airflowalu/venv/lib/python3.9/site-packages/airflow/example_dags/example_skip_dag.py took 0.035 seconds
[2025-05-02 17:30:16,863] {processor.py:153} INFO - Started process (PID=13564) to work on /root/Documents/airflowalu/venv/lib/python3.9/site-packages/airflow/example_dags/example_skip_dag.py
[2025-05-02 17:30:16,864] {processor.py:641} INFO - Processing file /root/Documents/airflowalu/venv/lib/python3.9/site-packages/airflow/example_dags/example_skip_dag.py for tasks to queue
[2025-05-02 17:30:16,865] {logging_mixin.py:115} INFO - [2025-05-02 17:30:16,864] {dagbag.py:507} INFO - Filling up the DagBag from /root/Documents/airflowalu/venv/lib/python3.9/site-packages/airflow/example_dags/example_skip_dag.py
[2025-05-02 17:30:16,869] {processor.py:651} INFO - DAG(s) dict_keys(['example_skip_dag']) retrieved from /root/Documents/airflowalu/venv/lib/python3.9/site-packages/airflow/example_dags/example_skip_dag.py
[2025-05-02 17:30:16,883] {logging_mixin.py:115} INFO - [2025-05-02 17:30:16,883] {dag.py:2379} INFO - Sync 1 DAGs
[2025-05-02 17:30:16,903] {logging_mixin.py:115} INFO - [2025-05-02 17:30:16,902] {dag.py:2927} INFO - Setting next_dagrun for example_skip_dag to 2025-05-01T20:30:16.902673+00:00, run_after=2025-05-02T20:30:16.902673+00:00
[2025-05-02 17:30:16,938] {processor.py:161} INFO - Processing /root/Documents/airflowalu/venv/lib/python3.9/site-packages/airflow/example_dags/example_skip_dag.py took 0.077 seconds
[2025-05-02 17:30:48,010] {processor.py:153} INFO - Started process (PID=13775) to work on /root/Documents/airflowalu/venv/lib/python3.9/site-packages/airflow/example_dags/example_skip_dag.py
[2025-05-02 17:30:48,011] {processor.py:641} INFO - Processing file /root/Documents/airflowalu/venv/lib/python3.9/site-packages/airflow/example_dags/example_skip_dag.py for tasks to queue
[2025-05-02 17:30:48,011] {logging_mixin.py:115} INFO - [2025-05-02 17:30:48,011] {dagbag.py:507} INFO - Filling up the DagBag from /root/Documents/airflowalu/venv/lib/python3.9/site-packages/airflow/example_dags/example_skip_dag.py
[2025-05-02 17:30:48,014] {processor.py:651} INFO - DAG(s) dict_keys(['example_skip_dag']) retrieved from /root/Documents/airflowalu/venv/lib/python3.9/site-packages/airflow/example_dags/example_skip_dag.py
[2025-05-02 17:30:48,024] {logging_mixin.py:115} INFO - [2025-05-02 17:30:48,024] {dag.py:2379} INFO - Sync 1 DAGs
[2025-05-02 17:30:48,040] {logging_mixin.py:115} INFO - [2025-05-02 17:30:48,040] {dag.py:2927} INFO - Setting next_dagrun for example_skip_dag to 2025-05-01T20:30:48.039933+00:00, run_after=2025-05-02T20:30:48.039933+00:00
[2025-05-02 17:30:48,059] {processor.py:161} INFO - Processing /root/Documents/airflowalu/venv/lib/python3.9/site-packages/airflow/example_dags/example_skip_dag.py took 0.051 seconds
[2025-05-02 20:40:16,358] {processor.py:153} INFO - Started process (PID=521) to work on /root/Documents/airflowalu/venv/lib/python3.9/site-packages/airflow/example_dags/example_skip_dag.py
[2025-05-02 20:40:16,359] {processor.py:641} INFO - Processing file /root/Documents/airflowalu/venv/lib/python3.9/site-packages/airflow/example_dags/example_skip_dag.py for tasks to queue
[2025-05-02 20:40:16,359] {logging_mixin.py:115} INFO - [2025-05-02 20:40:16,359] {dagbag.py:507} INFO - Filling up the DagBag from /root/Documents/airflowalu/venv/lib/python3.9/site-packages/airflow/example_dags/example_skip_dag.py
[2025-05-02 20:40:16,362] {processor.py:651} INFO - DAG(s) dict_keys(['example_skip_dag']) retrieved from /root/Documents/airflowalu/venv/lib/python3.9/site-packages/airflow/example_dags/example_skip_dag.py
[2025-05-02 20:40:16,370] {logging_mixin.py:115} INFO - [2025-05-02 20:40:16,370] {dag.py:2379} INFO - Sync 1 DAGs
[2025-05-02 20:40:16,381] {logging_mixin.py:115} INFO - [2025-05-02 20:40:16,381] {dag.py:2927} INFO - Setting next_dagrun for example_skip_dag to 2025-05-01T23:40:16.381124+00:00, run_after=2025-05-02T23:40:16.381124+00:00
[2025-05-02 20:40:16,392] {processor.py:161} INFO - Processing /root/Documents/airflowalu/venv/lib/python3.9/site-packages/airflow/example_dags/example_skip_dag.py took 0.035 seconds
