[2025-05-02 16:52:27,432] {processor.py:153} INFO - Started process (PID=2843) to work on /root/Documents/airflowalu/venv/lib/python3.9/site-packages/airflow/example_dags/example_latest_only.py
[2025-05-02 16:52:27,432] {processor.py:641} INFO - Processing file /root/Documents/airflowalu/venv/lib/python3.9/site-packages/airflow/example_dags/example_latest_only.py for tasks to queue
[2025-05-02 16:52:27,432] {logging_mixin.py:115} INFO - [2025-05-02 16:52:27,432] {dagbag.py:507} INFO - Filling up the DagBag from /root/Documents/airflowalu/venv/lib/python3.9/site-packages/airflow/example_dags/example_latest_only.py
[2025-05-02 16:52:27,435] {processor.py:651} INFO - DAG(s) dict_keys(['latest_only']) retrieved from /root/Documents/airflowalu/venv/lib/python3.9/site-packages/airflow/example_dags/example_latest_only.py
[2025-05-02 16:52:27,480] {logging_mixin.py:115} INFO - [2025-05-02 16:52:27,480] {manager.py:508} INFO - Created Permission View: can edit on DAG:latest_only
[2025-05-02 16:52:27,488] {logging_mixin.py:115} INFO - [2025-05-02 16:52:27,488] {manager.py:508} INFO - Created Permission View: can delete on DAG:latest_only
[2025-05-02 16:52:27,495] {logging_mixin.py:115} INFO - [2025-05-02 16:52:27,495] {manager.py:508} INFO - Created Permission View: can read on DAG:latest_only
[2025-05-02 16:52:27,495] {logging_mixin.py:115} INFO - [2025-05-02 16:52:27,495] {dag.py:2379} INFO - Sync 1 DAGs
[2025-05-02 16:52:27,500] {logging_mixin.py:115} INFO - [2025-05-02 16:52:27,500] {dag.py:2398} INFO - Creating ORM DAG for latest_only
[2025-05-02 16:52:27,506] {logging_mixin.py:115} INFO - [2025-05-02 16:52:27,506] {dag.py:2927} INFO - Setting next_dagrun for latest_only to 2025-05-02T15:52:27.505995+00:00, run_after=2025-05-02T19:52:27.505995+00:00
[2025-05-02 16:52:27,517] {processor.py:161} INFO - Processing /root/Documents/airflowalu/venv/lib/python3.9/site-packages/airflow/example_dags/example_latest_only.py took 0.087 seconds
[2025-05-02 16:52:59,586] {processor.py:153} INFO - Started process (PID=2904) to work on /root/Documents/airflowalu/venv/lib/python3.9/site-packages/airflow/example_dags/example_latest_only.py
[2025-05-02 16:52:59,587] {processor.py:641} INFO - Processing file /root/Documents/airflowalu/venv/lib/python3.9/site-packages/airflow/example_dags/example_latest_only.py for tasks to queue
[2025-05-02 16:52:59,587] {logging_mixin.py:115} INFO - [2025-05-02 16:52:59,587] {dagbag.py:507} INFO - Filling up the DagBag from /root/Documents/airflowalu/venv/lib/python3.9/site-packages/airflow/example_dags/example_latest_only.py
[2025-05-02 16:52:59,590] {processor.py:651} INFO - DAG(s) dict_keys(['latest_only']) retrieved from /root/Documents/airflowalu/venv/lib/python3.9/site-packages/airflow/example_dags/example_latest_only.py
[2025-05-02 16:52:59,598] {logging_mixin.py:115} INFO - [2025-05-02 16:52:59,598] {dag.py:2379} INFO - Sync 1 DAGs
[2025-05-02 16:52:59,608] {logging_mixin.py:115} INFO - [2025-05-02 16:52:59,608] {dag.py:2927} INFO - Setting next_dagrun for latest_only to 2025-05-02T15:52:59.607919+00:00, run_after=2025-05-02T19:52:59.607919+00:00
[2025-05-02 16:52:59,617] {processor.py:161} INFO - Processing /root/Documents/airflowalu/venv/lib/python3.9/site-packages/airflow/example_dags/example_latest_only.py took 0.033 seconds
[2025-05-02 16:53:31,054] {processor.py:153} INFO - Started process (PID=3518) to work on /root/Documents/airflowalu/venv/lib/python3.9/site-packages/airflow/example_dags/example_latest_only.py
[2025-05-02 16:53:31,057] {processor.py:641} INFO - Processing file /root/Documents/airflowalu/venv/lib/python3.9/site-packages/airflow/example_dags/example_latest_only.py for tasks to queue
[2025-05-02 16:53:31,058] {logging_mixin.py:115} INFO - [2025-05-02 16:53:31,058] {dagbag.py:507} INFO - Filling up the DagBag from /root/Documents/airflowalu/venv/lib/python3.9/site-packages/airflow/example_dags/example_latest_only.py
[2025-05-02 16:53:31,067] {processor.py:651} INFO - DAG(s) dict_keys(['latest_only']) retrieved from /root/Documents/airflowalu/venv/lib/python3.9/site-packages/airflow/example_dags/example_latest_only.py
[2025-05-02 16:53:31,090] {logging_mixin.py:115} INFO - [2025-05-02 16:53:31,090] {dag.py:2379} INFO - Sync 1 DAGs
[2025-05-02 16:53:31,110] {logging_mixin.py:115} INFO - [2025-05-02 16:53:31,110] {dag.py:2927} INFO - Setting next_dagrun for latest_only to 2025-05-02T15:53:31.110108+00:00, run_after=2025-05-02T19:53:31.110108+00:00
[2025-05-02 16:53:31,124] {processor.py:161} INFO - Processing /root/Documents/airflowalu/venv/lib/python3.9/site-packages/airflow/example_dags/example_latest_only.py took 0.076 seconds
[2025-05-02 16:54:03,273] {processor.py:153} INFO - Started process (PID=3731) to work on /root/Documents/airflowalu/venv/lib/python3.9/site-packages/airflow/example_dags/example_latest_only.py
[2025-05-02 16:54:03,274] {processor.py:641} INFO - Processing file /root/Documents/airflowalu/venv/lib/python3.9/site-packages/airflow/example_dags/example_latest_only.py for tasks to queue
[2025-05-02 16:54:03,274] {logging_mixin.py:115} INFO - [2025-05-02 16:54:03,274] {dagbag.py:507} INFO - Filling up the DagBag from /root/Documents/airflowalu/venv/lib/python3.9/site-packages/airflow/example_dags/example_latest_only.py
[2025-05-02 16:54:03,280] {processor.py:651} INFO - DAG(s) dict_keys(['latest_only']) retrieved from /root/Documents/airflowalu/venv/lib/python3.9/site-packages/airflow/example_dags/example_latest_only.py
[2025-05-02 16:54:03,297] {logging_mixin.py:115} INFO - [2025-05-02 16:54:03,297] {dag.py:2379} INFO - Sync 1 DAGs
[2025-05-02 16:54:03,316] {logging_mixin.py:115} INFO - [2025-05-02 16:54:03,316] {dag.py:2927} INFO - Setting next_dagrun for latest_only to 2025-05-02T15:54:03.315813+00:00, run_after=2025-05-02T19:54:03.315813+00:00
[2025-05-02 16:54:03,331] {processor.py:161} INFO - Processing /root/Documents/airflowalu/venv/lib/python3.9/site-packages/airflow/example_dags/example_latest_only.py took 0.060 seconds
[2025-05-02 16:54:34,439] {processor.py:153} INFO - Started process (PID=3861) to work on /root/Documents/airflowalu/venv/lib/python3.9/site-packages/airflow/example_dags/example_latest_only.py
[2025-05-02 16:54:34,440] {processor.py:641} INFO - Processing file /root/Documents/airflowalu/venv/lib/python3.9/site-packages/airflow/example_dags/example_latest_only.py for tasks to queue
[2025-05-02 16:54:34,440] {logging_mixin.py:115} INFO - [2025-05-02 16:54:34,440] {dagbag.py:507} INFO - Filling up the DagBag from /root/Documents/airflowalu/venv/lib/python3.9/site-packages/airflow/example_dags/example_latest_only.py
[2025-05-02 16:54:34,443] {processor.py:651} INFO - DAG(s) dict_keys(['latest_only']) retrieved from /root/Documents/airflowalu/venv/lib/python3.9/site-packages/airflow/example_dags/example_latest_only.py
[2025-05-02 16:54:34,452] {logging_mixin.py:115} INFO - [2025-05-02 16:54:34,452] {dag.py:2379} INFO - Sync 1 DAGs
[2025-05-02 16:54:34,465] {logging_mixin.py:115} INFO - [2025-05-02 16:54:34,465] {dag.py:2927} INFO - Setting next_dagrun for latest_only to 2025-05-02T15:54:34.465179+00:00, run_after=2025-05-02T19:54:34.465179+00:00
[2025-05-02 16:54:34,477] {processor.py:161} INFO - Processing /root/Documents/airflowalu/venv/lib/python3.9/site-packages/airflow/example_dags/example_latest_only.py took 0.039 seconds
[2025-05-02 16:55:05,291] {processor.py:153} INFO - Started process (PID=3993) to work on /root/Documents/airflowalu/venv/lib/python3.9/site-packages/airflow/example_dags/example_latest_only.py
[2025-05-02 16:55:05,292] {processor.py:641} INFO - Processing file /root/Documents/airflowalu/venv/lib/python3.9/site-packages/airflow/example_dags/example_latest_only.py for tasks to queue
[2025-05-02 16:55:05,292] {logging_mixin.py:115} INFO - [2025-05-02 16:55:05,292] {dagbag.py:507} INFO - Filling up the DagBag from /root/Documents/airflowalu/venv/lib/python3.9/site-packages/airflow/example_dags/example_latest_only.py
[2025-05-02 16:55:05,295] {processor.py:651} INFO - DAG(s) dict_keys(['latest_only']) retrieved from /root/Documents/airflowalu/venv/lib/python3.9/site-packages/airflow/example_dags/example_latest_only.py
[2025-05-02 16:55:05,304] {logging_mixin.py:115} INFO - [2025-05-02 16:55:05,304] {dag.py:2379} INFO - Sync 1 DAGs
[2025-05-02 16:55:05,315] {logging_mixin.py:115} INFO - [2025-05-02 16:55:05,314] {dag.py:2927} INFO - Setting next_dagrun for latest_only to 2025-05-02T15:55:05.314670+00:00, run_after=2025-05-02T19:55:05.314670+00:00
[2025-05-02 16:55:05,327] {processor.py:161} INFO - Processing /root/Documents/airflowalu/venv/lib/python3.9/site-packages/airflow/example_dags/example_latest_only.py took 0.037 seconds
[2025-05-02 16:55:37,337] {processor.py:153} INFO - Started process (PID=4418) to work on /root/Documents/airflowalu/venv/lib/python3.9/site-packages/airflow/example_dags/example_latest_only.py
[2025-05-02 16:55:37,339] {processor.py:641} INFO - Processing file /root/Documents/airflowalu/venv/lib/python3.9/site-packages/airflow/example_dags/example_latest_only.py for tasks to queue
[2025-05-02 16:55:37,339] {logging_mixin.py:115} INFO - [2025-05-02 16:55:37,339] {dagbag.py:507} INFO - Filling up the DagBag from /root/Documents/airflowalu/venv/lib/python3.9/site-packages/airflow/example_dags/example_latest_only.py
[2025-05-02 16:55:37,342] {processor.py:651} INFO - DAG(s) dict_keys(['latest_only']) retrieved from /root/Documents/airflowalu/venv/lib/python3.9/site-packages/airflow/example_dags/example_latest_only.py
[2025-05-02 16:55:37,351] {logging_mixin.py:115} INFO - [2025-05-02 16:55:37,351] {dag.py:2379} INFO - Sync 1 DAGs
[2025-05-02 16:55:37,361] {logging_mixin.py:115} INFO - [2025-05-02 16:55:37,361] {dag.py:2927} INFO - Setting next_dagrun for latest_only to 2025-05-02T15:55:37.361440+00:00, run_after=2025-05-02T19:55:37.361440+00:00
[2025-05-02 16:55:37,374] {processor.py:161} INFO - Processing /root/Documents/airflowalu/venv/lib/python3.9/site-packages/airflow/example_dags/example_latest_only.py took 0.038 seconds
[2025-05-02 16:56:09,390] {processor.py:153} INFO - Started process (PID=4550) to work on /root/Documents/airflowalu/venv/lib/python3.9/site-packages/airflow/example_dags/example_latest_only.py
[2025-05-02 16:56:09,390] {processor.py:641} INFO - Processing file /root/Documents/airflowalu/venv/lib/python3.9/site-packages/airflow/example_dags/example_latest_only.py for tasks to queue
[2025-05-02 16:56:09,391] {logging_mixin.py:115} INFO - [2025-05-02 16:56:09,391] {dagbag.py:507} INFO - Filling up the DagBag from /root/Documents/airflowalu/venv/lib/python3.9/site-packages/airflow/example_dags/example_latest_only.py
[2025-05-02 16:56:09,393] {processor.py:651} INFO - DAG(s) dict_keys(['latest_only']) retrieved from /root/Documents/airflowalu/venv/lib/python3.9/site-packages/airflow/example_dags/example_latest_only.py
[2025-05-02 16:56:09,403] {logging_mixin.py:115} INFO - [2025-05-02 16:56:09,403] {dag.py:2379} INFO - Sync 1 DAGs
[2025-05-02 16:56:09,413] {logging_mixin.py:115} INFO - [2025-05-02 16:56:09,413] {dag.py:2927} INFO - Setting next_dagrun for latest_only to 2025-05-02T15:56:09.413186+00:00, run_after=2025-05-02T19:56:09.413186+00:00
[2025-05-02 16:56:09,425] {processor.py:161} INFO - Processing /root/Documents/airflowalu/venv/lib/python3.9/site-packages/airflow/example_dags/example_latest_only.py took 0.036 seconds
[2025-05-02 16:56:41,007] {processor.py:153} INFO - Started process (PID=4686) to work on /root/Documents/airflowalu/venv/lib/python3.9/site-packages/airflow/example_dags/example_latest_only.py
[2025-05-02 16:56:41,007] {processor.py:641} INFO - Processing file /root/Documents/airflowalu/venv/lib/python3.9/site-packages/airflow/example_dags/example_latest_only.py for tasks to queue
[2025-05-02 16:56:41,008] {logging_mixin.py:115} INFO - [2025-05-02 16:56:41,008] {dagbag.py:507} INFO - Filling up the DagBag from /root/Documents/airflowalu/venv/lib/python3.9/site-packages/airflow/example_dags/example_latest_only.py
[2025-05-02 16:56:41,011] {processor.py:651} INFO - DAG(s) dict_keys(['latest_only']) retrieved from /root/Documents/airflowalu/venv/lib/python3.9/site-packages/airflow/example_dags/example_latest_only.py
[2025-05-02 16:56:41,019] {logging_mixin.py:115} INFO - [2025-05-02 16:56:41,019] {dag.py:2379} INFO - Sync 1 DAGs
[2025-05-02 16:56:41,030] {logging_mixin.py:115} INFO - [2025-05-02 16:56:41,030] {dag.py:2927} INFO - Setting next_dagrun for latest_only to 2025-05-02T15:56:41.030002+00:00, run_after=2025-05-02T19:56:41.030002+00:00
[2025-05-02 16:56:41,042] {processor.py:161} INFO - Processing /root/Documents/airflowalu/venv/lib/python3.9/site-packages/airflow/example_dags/example_latest_only.py took 0.037 seconds
[2025-05-02 16:57:11,306] {processor.py:153} INFO - Started process (PID=4816) to work on /root/Documents/airflowalu/venv/lib/python3.9/site-packages/airflow/example_dags/example_latest_only.py
[2025-05-02 16:57:11,307] {processor.py:641} INFO - Processing file /root/Documents/airflowalu/venv/lib/python3.9/site-packages/airflow/example_dags/example_latest_only.py for tasks to queue
[2025-05-02 16:57:11,307] {logging_mixin.py:115} INFO - [2025-05-02 16:57:11,307] {dagbag.py:507} INFO - Filling up the DagBag from /root/Documents/airflowalu/venv/lib/python3.9/site-packages/airflow/example_dags/example_latest_only.py
[2025-05-02 16:57:11,310] {processor.py:651} INFO - DAG(s) dict_keys(['latest_only']) retrieved from /root/Documents/airflowalu/venv/lib/python3.9/site-packages/airflow/example_dags/example_latest_only.py
[2025-05-02 16:57:11,319] {logging_mixin.py:115} INFO - [2025-05-02 16:57:11,319] {dag.py:2379} INFO - Sync 1 DAGs
[2025-05-02 16:57:11,331] {logging_mixin.py:115} INFO - [2025-05-02 16:57:11,331] {dag.py:2927} INFO - Setting next_dagrun for latest_only to 2025-05-02T15:57:11.330997+00:00, run_after=2025-05-02T19:57:11.330997+00:00
[2025-05-02 16:57:11,342] {processor.py:161} INFO - Processing /root/Documents/airflowalu/venv/lib/python3.9/site-packages/airflow/example_dags/example_latest_only.py took 0.038 seconds
[2025-05-02 16:57:43,304] {processor.py:153} INFO - Started process (PID=4953) to work on /root/Documents/airflowalu/venv/lib/python3.9/site-packages/airflow/example_dags/example_latest_only.py
[2025-05-02 16:57:43,305] {processor.py:641} INFO - Processing file /root/Documents/airflowalu/venv/lib/python3.9/site-packages/airflow/example_dags/example_latest_only.py for tasks to queue
[2025-05-02 16:57:43,305] {logging_mixin.py:115} INFO - [2025-05-02 16:57:43,305] {dagbag.py:507} INFO - Filling up the DagBag from /root/Documents/airflowalu/venv/lib/python3.9/site-packages/airflow/example_dags/example_latest_only.py
[2025-05-02 16:57:43,308] {processor.py:651} INFO - DAG(s) dict_keys(['latest_only']) retrieved from /root/Documents/airflowalu/venv/lib/python3.9/site-packages/airflow/example_dags/example_latest_only.py
[2025-05-02 16:57:43,317] {logging_mixin.py:115} INFO - [2025-05-02 16:57:43,316] {dag.py:2379} INFO - Sync 1 DAGs
[2025-05-02 16:57:43,327] {logging_mixin.py:115} INFO - [2025-05-02 16:57:43,327] {dag.py:2927} INFO - Setting next_dagrun for latest_only to 2025-05-02T15:57:43.327386+00:00, run_after=2025-05-02T19:57:43.327386+00:00
[2025-05-02 16:57:43,338] {processor.py:161} INFO - Processing /root/Documents/airflowalu/venv/lib/python3.9/site-packages/airflow/example_dags/example_latest_only.py took 0.036 seconds
[2025-05-02 16:58:15,165] {processor.py:153} INFO - Started process (PID=5089) to work on /root/Documents/airflowalu/venv/lib/python3.9/site-packages/airflow/example_dags/example_latest_only.py
[2025-05-02 16:58:15,166] {processor.py:641} INFO - Processing file /root/Documents/airflowalu/venv/lib/python3.9/site-packages/airflow/example_dags/example_latest_only.py for tasks to queue
[2025-05-02 16:58:15,166] {logging_mixin.py:115} INFO - [2025-05-02 16:58:15,166] {dagbag.py:507} INFO - Filling up the DagBag from /root/Documents/airflowalu/venv/lib/python3.9/site-packages/airflow/example_dags/example_latest_only.py
[2025-05-02 16:58:15,169] {processor.py:651} INFO - DAG(s) dict_keys(['latest_only']) retrieved from /root/Documents/airflowalu/venv/lib/python3.9/site-packages/airflow/example_dags/example_latest_only.py
[2025-05-02 16:58:15,178] {logging_mixin.py:115} INFO - [2025-05-02 16:58:15,178] {dag.py:2379} INFO - Sync 1 DAGs
[2025-05-02 16:58:15,189] {logging_mixin.py:115} INFO - [2025-05-02 16:58:15,189] {dag.py:2927} INFO - Setting next_dagrun for latest_only to 2025-05-02T15:58:15.189641+00:00, run_after=2025-05-02T19:58:15.189641+00:00
[2025-05-02 16:58:15,200] {processor.py:161} INFO - Processing /root/Documents/airflowalu/venv/lib/python3.9/site-packages/airflow/example_dags/example_latest_only.py took 0.036 seconds
[2025-05-02 16:58:46,029] {processor.py:153} INFO - Started process (PID=5220) to work on /root/Documents/airflowalu/venv/lib/python3.9/site-packages/airflow/example_dags/example_latest_only.py
[2025-05-02 16:58:46,030] {processor.py:641} INFO - Processing file /root/Documents/airflowalu/venv/lib/python3.9/site-packages/airflow/example_dags/example_latest_only.py for tasks to queue
[2025-05-02 16:58:46,030] {logging_mixin.py:115} INFO - [2025-05-02 16:58:46,030] {dagbag.py:507} INFO - Filling up the DagBag from /root/Documents/airflowalu/venv/lib/python3.9/site-packages/airflow/example_dags/example_latest_only.py
[2025-05-02 16:58:46,033] {processor.py:651} INFO - DAG(s) dict_keys(['latest_only']) retrieved from /root/Documents/airflowalu/venv/lib/python3.9/site-packages/airflow/example_dags/example_latest_only.py
[2025-05-02 16:58:46,041] {logging_mixin.py:115} INFO - [2025-05-02 16:58:46,041] {dag.py:2379} INFO - Sync 1 DAGs
[2025-05-02 16:58:46,051] {logging_mixin.py:115} INFO - [2025-05-02 16:58:46,051] {dag.py:2927} INFO - Setting next_dagrun for latest_only to 2025-05-02T15:58:46.051489+00:00, run_after=2025-05-02T19:58:46.051489+00:00
[2025-05-02 16:58:46,061] {processor.py:161} INFO - Processing /root/Documents/airflowalu/venv/lib/python3.9/site-packages/airflow/example_dags/example_latest_only.py took 0.034 seconds
[2025-05-02 16:59:18,659] {processor.py:153} INFO - Started process (PID=5357) to work on /root/Documents/airflowalu/venv/lib/python3.9/site-packages/airflow/example_dags/example_latest_only.py
[2025-05-02 16:59:18,660] {processor.py:641} INFO - Processing file /root/Documents/airflowalu/venv/lib/python3.9/site-packages/airflow/example_dags/example_latest_only.py for tasks to queue
[2025-05-02 16:59:18,660] {logging_mixin.py:115} INFO - [2025-05-02 16:59:18,660] {dagbag.py:507} INFO - Filling up the DagBag from /root/Documents/airflowalu/venv/lib/python3.9/site-packages/airflow/example_dags/example_latest_only.py
[2025-05-02 16:59:18,663] {processor.py:651} INFO - DAG(s) dict_keys(['latest_only']) retrieved from /root/Documents/airflowalu/venv/lib/python3.9/site-packages/airflow/example_dags/example_latest_only.py
[2025-05-02 16:59:18,672] {logging_mixin.py:115} INFO - [2025-05-02 16:59:18,672] {dag.py:2379} INFO - Sync 1 DAGs
[2025-05-02 16:59:18,681] {logging_mixin.py:115} INFO - [2025-05-02 16:59:18,681] {dag.py:2927} INFO - Setting next_dagrun for latest_only to 2025-05-02T15:59:18.681487+00:00, run_after=2025-05-02T19:59:18.681487+00:00
[2025-05-02 16:59:18,692] {processor.py:161} INFO - Processing /root/Documents/airflowalu/venv/lib/python3.9/site-packages/airflow/example_dags/example_latest_only.py took 0.034 seconds
[2025-05-02 16:59:49,884] {processor.py:153} INFO - Started process (PID=5488) to work on /root/Documents/airflowalu/venv/lib/python3.9/site-packages/airflow/example_dags/example_latest_only.py
[2025-05-02 16:59:49,884] {processor.py:641} INFO - Processing file /root/Documents/airflowalu/venv/lib/python3.9/site-packages/airflow/example_dags/example_latest_only.py for tasks to queue
[2025-05-02 16:59:49,885] {logging_mixin.py:115} INFO - [2025-05-02 16:59:49,885] {dagbag.py:507} INFO - Filling up the DagBag from /root/Documents/airflowalu/venv/lib/python3.9/site-packages/airflow/example_dags/example_latest_only.py
[2025-05-02 16:59:49,888] {processor.py:651} INFO - DAG(s) dict_keys(['latest_only']) retrieved from /root/Documents/airflowalu/venv/lib/python3.9/site-packages/airflow/example_dags/example_latest_only.py
[2025-05-02 16:59:49,896] {logging_mixin.py:115} INFO - [2025-05-02 16:59:49,896] {dag.py:2379} INFO - Sync 1 DAGs
[2025-05-02 16:59:49,906] {logging_mixin.py:115} INFO - [2025-05-02 16:59:49,906] {dag.py:2927} INFO - Setting next_dagrun for latest_only to 2025-05-02T15:59:49.906031+00:00, run_after=2025-05-02T19:59:49.906031+00:00
[2025-05-02 16:59:49,916] {processor.py:161} INFO - Processing /root/Documents/airflowalu/venv/lib/python3.9/site-packages/airflow/example_dags/example_latest_only.py took 0.034 seconds
[2025-05-02 17:00:20,727] {processor.py:153} INFO - Started process (PID=5627) to work on /root/Documents/airflowalu/venv/lib/python3.9/site-packages/airflow/example_dags/example_latest_only.py
[2025-05-02 17:00:20,728] {processor.py:641} INFO - Processing file /root/Documents/airflowalu/venv/lib/python3.9/site-packages/airflow/example_dags/example_latest_only.py for tasks to queue
[2025-05-02 17:00:20,728] {logging_mixin.py:115} INFO - [2025-05-02 17:00:20,728] {dagbag.py:507} INFO - Filling up the DagBag from /root/Documents/airflowalu/venv/lib/python3.9/site-packages/airflow/example_dags/example_latest_only.py
[2025-05-02 17:00:20,731] {processor.py:651} INFO - DAG(s) dict_keys(['latest_only']) retrieved from /root/Documents/airflowalu/venv/lib/python3.9/site-packages/airflow/example_dags/example_latest_only.py
[2025-05-02 17:00:20,739] {logging_mixin.py:115} INFO - [2025-05-02 17:00:20,739] {dag.py:2379} INFO - Sync 1 DAGs
[2025-05-02 17:00:20,751] {logging_mixin.py:115} INFO - [2025-05-02 17:00:20,751] {dag.py:2927} INFO - Setting next_dagrun for latest_only to 2025-05-02T16:00:20.751541+00:00, run_after=2025-05-02T20:00:20.751541+00:00
[2025-05-02 17:00:20,762] {processor.py:161} INFO - Processing /root/Documents/airflowalu/venv/lib/python3.9/site-packages/airflow/example_dags/example_latest_only.py took 0.036 seconds
[2025-05-02 17:00:51,501] {processor.py:153} INFO - Started process (PID=5750) to work on /root/Documents/airflowalu/venv/lib/python3.9/site-packages/airflow/example_dags/example_latest_only.py
[2025-05-02 17:00:51,501] {processor.py:641} INFO - Processing file /root/Documents/airflowalu/venv/lib/python3.9/site-packages/airflow/example_dags/example_latest_only.py for tasks to queue
[2025-05-02 17:00:51,502] {logging_mixin.py:115} INFO - [2025-05-02 17:00:51,502] {dagbag.py:507} INFO - Filling up the DagBag from /root/Documents/airflowalu/venv/lib/python3.9/site-packages/airflow/example_dags/example_latest_only.py
[2025-05-02 17:00:51,504] {processor.py:651} INFO - DAG(s) dict_keys(['latest_only']) retrieved from /root/Documents/airflowalu/venv/lib/python3.9/site-packages/airflow/example_dags/example_latest_only.py
[2025-05-02 17:00:51,513] {logging_mixin.py:115} INFO - [2025-05-02 17:00:51,513] {dag.py:2379} INFO - Sync 1 DAGs
[2025-05-02 17:00:51,522] {logging_mixin.py:115} INFO - [2025-05-02 17:00:51,522] {dag.py:2927} INFO - Setting next_dagrun for latest_only to 2025-05-02T16:00:51.522684+00:00, run_after=2025-05-02T20:00:51.522684+00:00
[2025-05-02 17:00:51,532] {processor.py:161} INFO - Processing /root/Documents/airflowalu/venv/lib/python3.9/site-packages/airflow/example_dags/example_latest_only.py took 0.033 seconds
[2025-05-02 17:01:23,093] {processor.py:153} INFO - Started process (PID=5890) to work on /root/Documents/airflowalu/venv/lib/python3.9/site-packages/airflow/example_dags/example_latest_only.py
[2025-05-02 17:01:23,094] {processor.py:641} INFO - Processing file /root/Documents/airflowalu/venv/lib/python3.9/site-packages/airflow/example_dags/example_latest_only.py for tasks to queue
[2025-05-02 17:01:23,094] {logging_mixin.py:115} INFO - [2025-05-02 17:01:23,094] {dagbag.py:507} INFO - Filling up the DagBag from /root/Documents/airflowalu/venv/lib/python3.9/site-packages/airflow/example_dags/example_latest_only.py
[2025-05-02 17:01:23,097] {processor.py:651} INFO - DAG(s) dict_keys(['latest_only']) retrieved from /root/Documents/airflowalu/venv/lib/python3.9/site-packages/airflow/example_dags/example_latest_only.py
[2025-05-02 17:01:23,106] {logging_mixin.py:115} INFO - [2025-05-02 17:01:23,106] {dag.py:2379} INFO - Sync 1 DAGs
[2025-05-02 17:01:23,117] {logging_mixin.py:115} INFO - [2025-05-02 17:01:23,117] {dag.py:2927} INFO - Setting next_dagrun for latest_only to 2025-05-02T16:01:23.117415+00:00, run_after=2025-05-02T20:01:23.117415+00:00
[2025-05-02 17:01:23,128] {processor.py:161} INFO - Processing /root/Documents/airflowalu/venv/lib/python3.9/site-packages/airflow/example_dags/example_latest_only.py took 0.036 seconds
[2025-05-02 17:01:54,012] {processor.py:153} INFO - Started process (PID=6024) to work on /root/Documents/airflowalu/venv/lib/python3.9/site-packages/airflow/example_dags/example_latest_only.py
[2025-05-02 17:01:54,012] {processor.py:641} INFO - Processing file /root/Documents/airflowalu/venv/lib/python3.9/site-packages/airflow/example_dags/example_latest_only.py for tasks to queue
[2025-05-02 17:01:54,013] {logging_mixin.py:115} INFO - [2025-05-02 17:01:54,013] {dagbag.py:507} INFO - Filling up the DagBag from /root/Documents/airflowalu/venv/lib/python3.9/site-packages/airflow/example_dags/example_latest_only.py
[2025-05-02 17:01:54,015] {processor.py:651} INFO - DAG(s) dict_keys(['latest_only']) retrieved from /root/Documents/airflowalu/venv/lib/python3.9/site-packages/airflow/example_dags/example_latest_only.py
[2025-05-02 17:01:54,024] {logging_mixin.py:115} INFO - [2025-05-02 17:01:54,024] {dag.py:2379} INFO - Sync 1 DAGs
[2025-05-02 17:01:54,034] {logging_mixin.py:115} INFO - [2025-05-02 17:01:54,034] {dag.py:2927} INFO - Setting next_dagrun for latest_only to 2025-05-02T16:01:54.034555+00:00, run_after=2025-05-02T20:01:54.034555+00:00
[2025-05-02 17:01:54,044] {processor.py:161} INFO - Processing /root/Documents/airflowalu/venv/lib/python3.9/site-packages/airflow/example_dags/example_latest_only.py took 0.034 seconds
[2025-05-02 17:02:27,147] {processor.py:153} INFO - Started process (PID=6163) to work on /root/Documents/airflowalu/venv/lib/python3.9/site-packages/airflow/example_dags/example_latest_only.py
[2025-05-02 17:02:27,147] {processor.py:641} INFO - Processing file /root/Documents/airflowalu/venv/lib/python3.9/site-packages/airflow/example_dags/example_latest_only.py for tasks to queue
[2025-05-02 17:02:27,148] {logging_mixin.py:115} INFO - [2025-05-02 17:02:27,148] {dagbag.py:507} INFO - Filling up the DagBag from /root/Documents/airflowalu/venv/lib/python3.9/site-packages/airflow/example_dags/example_latest_only.py
[2025-05-02 17:02:27,151] {processor.py:651} INFO - DAG(s) dict_keys(['latest_only']) retrieved from /root/Documents/airflowalu/venv/lib/python3.9/site-packages/airflow/example_dags/example_latest_only.py
[2025-05-02 17:02:27,159] {logging_mixin.py:115} INFO - [2025-05-02 17:02:27,159] {dag.py:2379} INFO - Sync 1 DAGs
[2025-05-02 17:02:27,169] {logging_mixin.py:115} INFO - [2025-05-02 17:02:27,169] {dag.py:2927} INFO - Setting next_dagrun for latest_only to 2025-05-02T16:02:27.169570+00:00, run_after=2025-05-02T20:02:27.169570+00:00
[2025-05-02 17:02:27,179] {processor.py:161} INFO - Processing /root/Documents/airflowalu/venv/lib/python3.9/site-packages/airflow/example_dags/example_latest_only.py took 0.034 seconds
[2025-05-02 17:02:59,840] {processor.py:153} INFO - Started process (PID=6303) to work on /root/Documents/airflowalu/venv/lib/python3.9/site-packages/airflow/example_dags/example_latest_only.py
[2025-05-02 17:02:59,840] {processor.py:641} INFO - Processing file /root/Documents/airflowalu/venv/lib/python3.9/site-packages/airflow/example_dags/example_latest_only.py for tasks to queue
[2025-05-02 17:02:59,841] {logging_mixin.py:115} INFO - [2025-05-02 17:02:59,841] {dagbag.py:507} INFO - Filling up the DagBag from /root/Documents/airflowalu/venv/lib/python3.9/site-packages/airflow/example_dags/example_latest_only.py
[2025-05-02 17:02:59,847] {processor.py:651} INFO - DAG(s) dict_keys(['latest_only']) retrieved from /root/Documents/airflowalu/venv/lib/python3.9/site-packages/airflow/example_dags/example_latest_only.py
[2025-05-02 17:02:59,857] {logging_mixin.py:115} INFO - [2025-05-02 17:02:59,857] {dag.py:2379} INFO - Sync 1 DAGs
[2025-05-02 17:02:59,872] {logging_mixin.py:115} INFO - [2025-05-02 17:02:59,872] {dag.py:2927} INFO - Setting next_dagrun for latest_only to 2025-05-02T16:02:59.872031+00:00, run_after=2025-05-02T20:02:59.872031+00:00
[2025-05-02 17:02:59,884] {processor.py:161} INFO - Processing /root/Documents/airflowalu/venv/lib/python3.9/site-packages/airflow/example_dags/example_latest_only.py took 0.046 seconds
[2025-05-02 17:03:33,044] {processor.py:153} INFO - Started process (PID=6447) to work on /root/Documents/airflowalu/venv/lib/python3.9/site-packages/airflow/example_dags/example_latest_only.py
[2025-05-02 17:03:33,045] {processor.py:641} INFO - Processing file /root/Documents/airflowalu/venv/lib/python3.9/site-packages/airflow/example_dags/example_latest_only.py for tasks to queue
[2025-05-02 17:03:33,046] {logging_mixin.py:115} INFO - [2025-05-02 17:03:33,046] {dagbag.py:507} INFO - Filling up the DagBag from /root/Documents/airflowalu/venv/lib/python3.9/site-packages/airflow/example_dags/example_latest_only.py
[2025-05-02 17:03:33,049] {processor.py:651} INFO - DAG(s) dict_keys(['latest_only']) retrieved from /root/Documents/airflowalu/venv/lib/python3.9/site-packages/airflow/example_dags/example_latest_only.py
[2025-05-02 17:03:33,058] {logging_mixin.py:115} INFO - [2025-05-02 17:03:33,058] {dag.py:2379} INFO - Sync 1 DAGs
[2025-05-02 17:03:33,069] {logging_mixin.py:115} INFO - [2025-05-02 17:03:33,069] {dag.py:2927} INFO - Setting next_dagrun for latest_only to 2025-05-02T16:03:33.069027+00:00, run_after=2025-05-02T20:03:33.069027+00:00
[2025-05-02 17:03:33,080] {processor.py:161} INFO - Processing /root/Documents/airflowalu/venv/lib/python3.9/site-packages/airflow/example_dags/example_latest_only.py took 0.038 seconds
[2025-05-02 17:04:03,974] {processor.py:153} INFO - Started process (PID=6579) to work on /root/Documents/airflowalu/venv/lib/python3.9/site-packages/airflow/example_dags/example_latest_only.py
[2025-05-02 17:04:03,974] {processor.py:641} INFO - Processing file /root/Documents/airflowalu/venv/lib/python3.9/site-packages/airflow/example_dags/example_latest_only.py for tasks to queue
[2025-05-02 17:04:03,975] {logging_mixin.py:115} INFO - [2025-05-02 17:04:03,974] {dagbag.py:507} INFO - Filling up the DagBag from /root/Documents/airflowalu/venv/lib/python3.9/site-packages/airflow/example_dags/example_latest_only.py
[2025-05-02 17:04:03,978] {processor.py:651} INFO - DAG(s) dict_keys(['latest_only']) retrieved from /root/Documents/airflowalu/venv/lib/python3.9/site-packages/airflow/example_dags/example_latest_only.py
[2025-05-02 17:04:03,986] {logging_mixin.py:115} INFO - [2025-05-02 17:04:03,986] {dag.py:2379} INFO - Sync 1 DAGs
[2025-05-02 17:04:03,996] {logging_mixin.py:115} INFO - [2025-05-02 17:04:03,996] {dag.py:2927} INFO - Setting next_dagrun for latest_only to 2025-05-02T16:04:03.996627+00:00, run_after=2025-05-02T20:04:03.996627+00:00
[2025-05-02 17:04:04,007] {processor.py:161} INFO - Processing /root/Documents/airflowalu/venv/lib/python3.9/site-packages/airflow/example_dags/example_latest_only.py took 0.035 seconds
[2025-05-02 17:04:35,995] {processor.py:153} INFO - Started process (PID=6712) to work on /root/Documents/airflowalu/venv/lib/python3.9/site-packages/airflow/example_dags/example_latest_only.py
[2025-05-02 17:04:35,996] {processor.py:641} INFO - Processing file /root/Documents/airflowalu/venv/lib/python3.9/site-packages/airflow/example_dags/example_latest_only.py for tasks to queue
[2025-05-02 17:04:35,996] {logging_mixin.py:115} INFO - [2025-05-02 17:04:35,996] {dagbag.py:507} INFO - Filling up the DagBag from /root/Documents/airflowalu/venv/lib/python3.9/site-packages/airflow/example_dags/example_latest_only.py
[2025-05-02 17:04:35,999] {processor.py:651} INFO - DAG(s) dict_keys(['latest_only']) retrieved from /root/Documents/airflowalu/venv/lib/python3.9/site-packages/airflow/example_dags/example_latest_only.py
[2025-05-02 17:04:36,008] {logging_mixin.py:115} INFO - [2025-05-02 17:04:36,008] {dag.py:2379} INFO - Sync 1 DAGs
[2025-05-02 17:04:36,018] {logging_mixin.py:115} INFO - [2025-05-02 17:04:36,018] {dag.py:2927} INFO - Setting next_dagrun for latest_only to 2025-05-02T16:04:36.018674+00:00, run_after=2025-05-02T20:04:36.018674+00:00
[2025-05-02 17:04:36,029] {processor.py:161} INFO - Processing /root/Documents/airflowalu/venv/lib/python3.9/site-packages/airflow/example_dags/example_latest_only.py took 0.035 seconds
[2025-05-02 17:05:08,317] {processor.py:153} INFO - Started process (PID=6853) to work on /root/Documents/airflowalu/venv/lib/python3.9/site-packages/airflow/example_dags/example_latest_only.py
[2025-05-02 17:05:08,318] {processor.py:641} INFO - Processing file /root/Documents/airflowalu/venv/lib/python3.9/site-packages/airflow/example_dags/example_latest_only.py for tasks to queue
[2025-05-02 17:05:08,318] {logging_mixin.py:115} INFO - [2025-05-02 17:05:08,318] {dagbag.py:507} INFO - Filling up the DagBag from /root/Documents/airflowalu/venv/lib/python3.9/site-packages/airflow/example_dags/example_latest_only.py
[2025-05-02 17:05:08,322] {processor.py:651} INFO - DAG(s) dict_keys(['latest_only']) retrieved from /root/Documents/airflowalu/venv/lib/python3.9/site-packages/airflow/example_dags/example_latest_only.py
[2025-05-02 17:05:08,330] {logging_mixin.py:115} INFO - [2025-05-02 17:05:08,330] {dag.py:2379} INFO - Sync 1 DAGs
[2025-05-02 17:05:08,341] {logging_mixin.py:115} INFO - [2025-05-02 17:05:08,341] {dag.py:2927} INFO - Setting next_dagrun for latest_only to 2025-05-02T16:05:08.341575+00:00, run_after=2025-05-02T20:05:08.341575+00:00
[2025-05-02 17:05:08,352] {processor.py:161} INFO - Processing /root/Documents/airflowalu/venv/lib/python3.9/site-packages/airflow/example_dags/example_latest_only.py took 0.036 seconds
[2025-05-02 17:05:38,723] {processor.py:153} INFO - Started process (PID=6984) to work on /root/Documents/airflowalu/venv/lib/python3.9/site-packages/airflow/example_dags/example_latest_only.py
[2025-05-02 17:05:38,723] {processor.py:641} INFO - Processing file /root/Documents/airflowalu/venv/lib/python3.9/site-packages/airflow/example_dags/example_latest_only.py for tasks to queue
[2025-05-02 17:05:38,724] {logging_mixin.py:115} INFO - [2025-05-02 17:05:38,724] {dagbag.py:507} INFO - Filling up the DagBag from /root/Documents/airflowalu/venv/lib/python3.9/site-packages/airflow/example_dags/example_latest_only.py
[2025-05-02 17:05:38,727] {processor.py:651} INFO - DAG(s) dict_keys(['latest_only']) retrieved from /root/Documents/airflowalu/venv/lib/python3.9/site-packages/airflow/example_dags/example_latest_only.py
[2025-05-02 17:05:38,736] {logging_mixin.py:115} INFO - [2025-05-02 17:05:38,736] {dag.py:2379} INFO - Sync 1 DAGs
[2025-05-02 17:05:38,747] {logging_mixin.py:115} INFO - [2025-05-02 17:05:38,747] {dag.py:2927} INFO - Setting next_dagrun for latest_only to 2025-05-02T16:05:38.746894+00:00, run_after=2025-05-02T20:05:38.746894+00:00
[2025-05-02 17:05:38,758] {processor.py:161} INFO - Processing /root/Documents/airflowalu/venv/lib/python3.9/site-packages/airflow/example_dags/example_latest_only.py took 0.036 seconds
[2025-05-02 17:06:11,087] {processor.py:153} INFO - Started process (PID=7118) to work on /root/Documents/airflowalu/venv/lib/python3.9/site-packages/airflow/example_dags/example_latest_only.py
[2025-05-02 17:06:11,088] {processor.py:641} INFO - Processing file /root/Documents/airflowalu/venv/lib/python3.9/site-packages/airflow/example_dags/example_latest_only.py for tasks to queue
[2025-05-02 17:06:11,088] {logging_mixin.py:115} INFO - [2025-05-02 17:06:11,088] {dagbag.py:507} INFO - Filling up the DagBag from /root/Documents/airflowalu/venv/lib/python3.9/site-packages/airflow/example_dags/example_latest_only.py
[2025-05-02 17:06:11,091] {processor.py:651} INFO - DAG(s) dict_keys(['latest_only']) retrieved from /root/Documents/airflowalu/venv/lib/python3.9/site-packages/airflow/example_dags/example_latest_only.py
[2025-05-02 17:06:11,100] {logging_mixin.py:115} INFO - [2025-05-02 17:06:11,100] {dag.py:2379} INFO - Sync 1 DAGs
[2025-05-02 17:06:11,111] {logging_mixin.py:115} INFO - [2025-05-02 17:06:11,111] {dag.py:2927} INFO - Setting next_dagrun for latest_only to 2025-05-02T16:06:11.110929+00:00, run_after=2025-05-02T20:06:11.110929+00:00
[2025-05-02 17:06:11,128] {processor.py:161} INFO - Processing /root/Documents/airflowalu/venv/lib/python3.9/site-packages/airflow/example_dags/example_latest_only.py took 0.043 seconds
[2025-05-02 17:06:42,441] {processor.py:153} INFO - Started process (PID=7252) to work on /root/Documents/airflowalu/venv/lib/python3.9/site-packages/airflow/example_dags/example_latest_only.py
[2025-05-02 17:06:42,442] {processor.py:641} INFO - Processing file /root/Documents/airflowalu/venv/lib/python3.9/site-packages/airflow/example_dags/example_latest_only.py for tasks to queue
[2025-05-02 17:06:42,442] {logging_mixin.py:115} INFO - [2025-05-02 17:06:42,442] {dagbag.py:507} INFO - Filling up the DagBag from /root/Documents/airflowalu/venv/lib/python3.9/site-packages/airflow/example_dags/example_latest_only.py
[2025-05-02 17:06:42,445] {processor.py:651} INFO - DAG(s) dict_keys(['latest_only']) retrieved from /root/Documents/airflowalu/venv/lib/python3.9/site-packages/airflow/example_dags/example_latest_only.py
[2025-05-02 17:06:42,453] {logging_mixin.py:115} INFO - [2025-05-02 17:06:42,453] {dag.py:2379} INFO - Sync 1 DAGs
[2025-05-02 17:06:42,467] {logging_mixin.py:115} INFO - [2025-05-02 17:06:42,467] {dag.py:2927} INFO - Setting next_dagrun for latest_only to 2025-05-02T16:06:42.467260+00:00, run_after=2025-05-02T20:06:42.467260+00:00
[2025-05-02 17:06:42,480] {processor.py:161} INFO - Processing /root/Documents/airflowalu/venv/lib/python3.9/site-packages/airflow/example_dags/example_latest_only.py took 0.040 seconds
[2025-05-02 17:07:12,852] {processor.py:153} INFO - Started process (PID=7383) to work on /root/Documents/airflowalu/venv/lib/python3.9/site-packages/airflow/example_dags/example_latest_only.py
[2025-05-02 17:07:12,853] {processor.py:641} INFO - Processing file /root/Documents/airflowalu/venv/lib/python3.9/site-packages/airflow/example_dags/example_latest_only.py for tasks to queue
[2025-05-02 17:07:12,853] {logging_mixin.py:115} INFO - [2025-05-02 17:07:12,853] {dagbag.py:507} INFO - Filling up the DagBag from /root/Documents/airflowalu/venv/lib/python3.9/site-packages/airflow/example_dags/example_latest_only.py
[2025-05-02 17:07:12,856] {processor.py:651} INFO - DAG(s) dict_keys(['latest_only']) retrieved from /root/Documents/airflowalu/venv/lib/python3.9/site-packages/airflow/example_dags/example_latest_only.py
[2025-05-02 17:07:12,866] {logging_mixin.py:115} INFO - [2025-05-02 17:07:12,866] {dag.py:2379} INFO - Sync 1 DAGs
[2025-05-02 17:07:12,877] {logging_mixin.py:115} INFO - [2025-05-02 17:07:12,877] {dag.py:2927} INFO - Setting next_dagrun for latest_only to 2025-05-02T16:07:12.877409+00:00, run_after=2025-05-02T20:07:12.877409+00:00
[2025-05-02 17:07:12,892] {processor.py:161} INFO - Processing /root/Documents/airflowalu/venv/lib/python3.9/site-packages/airflow/example_dags/example_latest_only.py took 0.041 seconds
[2025-05-02 17:07:44,788] {processor.py:153} INFO - Started process (PID=7519) to work on /root/Documents/airflowalu/venv/lib/python3.9/site-packages/airflow/example_dags/example_latest_only.py
[2025-05-02 17:07:44,789] {processor.py:641} INFO - Processing file /root/Documents/airflowalu/venv/lib/python3.9/site-packages/airflow/example_dags/example_latest_only.py for tasks to queue
[2025-05-02 17:07:44,789] {logging_mixin.py:115} INFO - [2025-05-02 17:07:44,789] {dagbag.py:507} INFO - Filling up the DagBag from /root/Documents/airflowalu/venv/lib/python3.9/site-packages/airflow/example_dags/example_latest_only.py
[2025-05-02 17:07:44,792] {processor.py:651} INFO - DAG(s) dict_keys(['latest_only']) retrieved from /root/Documents/airflowalu/venv/lib/python3.9/site-packages/airflow/example_dags/example_latest_only.py
[2025-05-02 17:07:44,801] {logging_mixin.py:115} INFO - [2025-05-02 17:07:44,801] {dag.py:2379} INFO - Sync 1 DAGs
[2025-05-02 17:07:44,812] {logging_mixin.py:115} INFO - [2025-05-02 17:07:44,812] {dag.py:2927} INFO - Setting next_dagrun for latest_only to 2025-05-02T16:07:44.811927+00:00, run_after=2025-05-02T20:07:44.811927+00:00
[2025-05-02 17:07:44,822] {processor.py:161} INFO - Processing /root/Documents/airflowalu/venv/lib/python3.9/site-packages/airflow/example_dags/example_latest_only.py took 0.035 seconds
[2025-05-02 17:08:18,145] {processor.py:153} INFO - Started process (PID=7660) to work on /root/Documents/airflowalu/venv/lib/python3.9/site-packages/airflow/example_dags/example_latest_only.py
[2025-05-02 17:08:18,146] {processor.py:641} INFO - Processing file /root/Documents/airflowalu/venv/lib/python3.9/site-packages/airflow/example_dags/example_latest_only.py for tasks to queue
[2025-05-02 17:08:18,146] {logging_mixin.py:115} INFO - [2025-05-02 17:08:18,146] {dagbag.py:507} INFO - Filling up the DagBag from /root/Documents/airflowalu/venv/lib/python3.9/site-packages/airflow/example_dags/example_latest_only.py
[2025-05-02 17:08:18,149] {processor.py:651} INFO - DAG(s) dict_keys(['latest_only']) retrieved from /root/Documents/airflowalu/venv/lib/python3.9/site-packages/airflow/example_dags/example_latest_only.py
[2025-05-02 17:08:18,158] {logging_mixin.py:115} INFO - [2025-05-02 17:08:18,158] {dag.py:2379} INFO - Sync 1 DAGs
[2025-05-02 17:08:18,169] {logging_mixin.py:115} INFO - [2025-05-02 17:08:18,169] {dag.py:2927} INFO - Setting next_dagrun for latest_only to 2025-05-02T16:08:18.168920+00:00, run_after=2025-05-02T20:08:18.168920+00:00
[2025-05-02 17:08:18,180] {processor.py:161} INFO - Processing /root/Documents/airflowalu/venv/lib/python3.9/site-packages/airflow/example_dags/example_latest_only.py took 0.036 seconds
[2025-05-02 17:08:49,130] {processor.py:153} INFO - Started process (PID=7793) to work on /root/Documents/airflowalu/venv/lib/python3.9/site-packages/airflow/example_dags/example_latest_only.py
[2025-05-02 17:08:49,131] {processor.py:641} INFO - Processing file /root/Documents/airflowalu/venv/lib/python3.9/site-packages/airflow/example_dags/example_latest_only.py for tasks to queue
[2025-05-02 17:08:49,131] {logging_mixin.py:115} INFO - [2025-05-02 17:08:49,131] {dagbag.py:507} INFO - Filling up the DagBag from /root/Documents/airflowalu/venv/lib/python3.9/site-packages/airflow/example_dags/example_latest_only.py
[2025-05-02 17:08:49,134] {processor.py:651} INFO - DAG(s) dict_keys(['latest_only']) retrieved from /root/Documents/airflowalu/venv/lib/python3.9/site-packages/airflow/example_dags/example_latest_only.py
[2025-05-02 17:08:49,143] {logging_mixin.py:115} INFO - [2025-05-02 17:08:49,143] {dag.py:2379} INFO - Sync 1 DAGs
[2025-05-02 17:08:49,156] {logging_mixin.py:115} INFO - [2025-05-02 17:08:49,156] {dag.py:2927} INFO - Setting next_dagrun for latest_only to 2025-05-02T16:08:49.155877+00:00, run_after=2025-05-02T20:08:49.155877+00:00
[2025-05-02 17:08:49,166] {processor.py:161} INFO - Processing /root/Documents/airflowalu/venv/lib/python3.9/site-packages/airflow/example_dags/example_latest_only.py took 0.038 seconds
[2025-05-02 17:09:21,735] {processor.py:153} INFO - Started process (PID=7926) to work on /root/Documents/airflowalu/venv/lib/python3.9/site-packages/airflow/example_dags/example_latest_only.py
[2025-05-02 17:09:21,736] {processor.py:641} INFO - Processing file /root/Documents/airflowalu/venv/lib/python3.9/site-packages/airflow/example_dags/example_latest_only.py for tasks to queue
[2025-05-02 17:09:21,736] {logging_mixin.py:115} INFO - [2025-05-02 17:09:21,736] {dagbag.py:507} INFO - Filling up the DagBag from /root/Documents/airflowalu/venv/lib/python3.9/site-packages/airflow/example_dags/example_latest_only.py
[2025-05-02 17:09:21,739] {processor.py:651} INFO - DAG(s) dict_keys(['latest_only']) retrieved from /root/Documents/airflowalu/venv/lib/python3.9/site-packages/airflow/example_dags/example_latest_only.py
[2025-05-02 17:09:21,748] {logging_mixin.py:115} INFO - [2025-05-02 17:09:21,748] {dag.py:2379} INFO - Sync 1 DAGs
[2025-05-02 17:09:21,760] {logging_mixin.py:115} INFO - [2025-05-02 17:09:21,760] {dag.py:2927} INFO - Setting next_dagrun for latest_only to 2025-05-02T16:09:21.760297+00:00, run_after=2025-05-02T20:09:21.760297+00:00
[2025-05-02 17:09:21,770] {processor.py:161} INFO - Processing /root/Documents/airflowalu/venv/lib/python3.9/site-packages/airflow/example_dags/example_latest_only.py took 0.037 seconds
[2025-05-02 17:09:52,147] {processor.py:153} INFO - Started process (PID=8063) to work on /root/Documents/airflowalu/venv/lib/python3.9/site-packages/airflow/example_dags/example_latest_only.py
[2025-05-02 17:09:52,148] {processor.py:641} INFO - Processing file /root/Documents/airflowalu/venv/lib/python3.9/site-packages/airflow/example_dags/example_latest_only.py for tasks to queue
[2025-05-02 17:09:52,148] {logging_mixin.py:115} INFO - [2025-05-02 17:09:52,148] {dagbag.py:507} INFO - Filling up the DagBag from /root/Documents/airflowalu/venv/lib/python3.9/site-packages/airflow/example_dags/example_latest_only.py
[2025-05-02 17:09:52,151] {processor.py:651} INFO - DAG(s) dict_keys(['latest_only']) retrieved from /root/Documents/airflowalu/venv/lib/python3.9/site-packages/airflow/example_dags/example_latest_only.py
[2025-05-02 17:09:52,159] {logging_mixin.py:115} INFO - [2025-05-02 17:09:52,159] {dag.py:2379} INFO - Sync 1 DAGs
[2025-05-02 17:09:52,168] {logging_mixin.py:115} INFO - [2025-05-02 17:09:52,168] {dag.py:2927} INFO - Setting next_dagrun for latest_only to 2025-05-02T16:09:52.168683+00:00, run_after=2025-05-02T20:09:52.168683+00:00
[2025-05-02 17:09:52,178] {processor.py:161} INFO - Processing /root/Documents/airflowalu/venv/lib/python3.9/site-packages/airflow/example_dags/example_latest_only.py took 0.033 seconds
[2025-05-02 17:10:23,992] {processor.py:153} INFO - Started process (PID=8201) to work on /root/Documents/airflowalu/venv/lib/python3.9/site-packages/airflow/example_dags/example_latest_only.py
[2025-05-02 17:10:23,993] {processor.py:641} INFO - Processing file /root/Documents/airflowalu/venv/lib/python3.9/site-packages/airflow/example_dags/example_latest_only.py for tasks to queue
[2025-05-02 17:10:23,993] {logging_mixin.py:115} INFO - [2025-05-02 17:10:23,993] {dagbag.py:507} INFO - Filling up the DagBag from /root/Documents/airflowalu/venv/lib/python3.9/site-packages/airflow/example_dags/example_latest_only.py
[2025-05-02 17:10:23,996] {processor.py:651} INFO - DAG(s) dict_keys(['latest_only']) retrieved from /root/Documents/airflowalu/venv/lib/python3.9/site-packages/airflow/example_dags/example_latest_only.py
[2025-05-02 17:10:24,004] {logging_mixin.py:115} INFO - [2025-05-02 17:10:24,004] {dag.py:2379} INFO - Sync 1 DAGs
[2025-05-02 17:10:24,014] {logging_mixin.py:115} INFO - [2025-05-02 17:10:24,013] {dag.py:2927} INFO - Setting next_dagrun for latest_only to 2025-05-02T16:10:24.013813+00:00, run_after=2025-05-02T20:10:24.013813+00:00
[2025-05-02 17:10:24,023] {processor.py:161} INFO - Processing /root/Documents/airflowalu/venv/lib/python3.9/site-packages/airflow/example_dags/example_latest_only.py took 0.033 seconds
[2025-05-02 17:10:55,454] {processor.py:153} INFO - Started process (PID=8339) to work on /root/Documents/airflowalu/venv/lib/python3.9/site-packages/airflow/example_dags/example_latest_only.py
[2025-05-02 17:10:55,455] {processor.py:641} INFO - Processing file /root/Documents/airflowalu/venv/lib/python3.9/site-packages/airflow/example_dags/example_latest_only.py for tasks to queue
[2025-05-02 17:10:55,455] {logging_mixin.py:115} INFO - [2025-05-02 17:10:55,455] {dagbag.py:507} INFO - Filling up the DagBag from /root/Documents/airflowalu/venv/lib/python3.9/site-packages/airflow/example_dags/example_latest_only.py
[2025-05-02 17:10:55,458] {processor.py:651} INFO - DAG(s) dict_keys(['latest_only']) retrieved from /root/Documents/airflowalu/venv/lib/python3.9/site-packages/airflow/example_dags/example_latest_only.py
[2025-05-02 17:10:55,469] {logging_mixin.py:115} INFO - [2025-05-02 17:10:55,469] {dag.py:2379} INFO - Sync 1 DAGs
[2025-05-02 17:10:55,481] {logging_mixin.py:115} INFO - [2025-05-02 17:10:55,481] {dag.py:2927} INFO - Setting next_dagrun for latest_only to 2025-05-02T16:10:55.480911+00:00, run_after=2025-05-02T20:10:55.480911+00:00
[2025-05-02 17:10:55,495] {processor.py:161} INFO - Processing /root/Documents/airflowalu/venv/lib/python3.9/site-packages/airflow/example_dags/example_latest_only.py took 0.043 seconds
[2025-05-02 17:11:27,084] {processor.py:153} INFO - Started process (PID=8476) to work on /root/Documents/airflowalu/venv/lib/python3.9/site-packages/airflow/example_dags/example_latest_only.py
[2025-05-02 17:11:27,084] {processor.py:641} INFO - Processing file /root/Documents/airflowalu/venv/lib/python3.9/site-packages/airflow/example_dags/example_latest_only.py for tasks to queue
[2025-05-02 17:11:27,085] {logging_mixin.py:115} INFO - [2025-05-02 17:11:27,085] {dagbag.py:507} INFO - Filling up the DagBag from /root/Documents/airflowalu/venv/lib/python3.9/site-packages/airflow/example_dags/example_latest_only.py
[2025-05-02 17:11:27,088] {processor.py:651} INFO - DAG(s) dict_keys(['latest_only']) retrieved from /root/Documents/airflowalu/venv/lib/python3.9/site-packages/airflow/example_dags/example_latest_only.py
[2025-05-02 17:11:27,097] {logging_mixin.py:115} INFO - [2025-05-02 17:11:27,097] {dag.py:2379} INFO - Sync 1 DAGs
[2025-05-02 17:11:27,108] {logging_mixin.py:115} INFO - [2025-05-02 17:11:27,108] {dag.py:2927} INFO - Setting next_dagrun for latest_only to 2025-05-02T16:11:27.107886+00:00, run_after=2025-05-02T20:11:27.107886+00:00
[2025-05-02 17:11:27,118] {processor.py:161} INFO - Processing /root/Documents/airflowalu/venv/lib/python3.9/site-packages/airflow/example_dags/example_latest_only.py took 0.036 seconds
[2025-05-02 17:11:59,047] {processor.py:153} INFO - Started process (PID=8620) to work on /root/Documents/airflowalu/venv/lib/python3.9/site-packages/airflow/example_dags/example_latest_only.py
[2025-05-02 17:11:59,047] {processor.py:641} INFO - Processing file /root/Documents/airflowalu/venv/lib/python3.9/site-packages/airflow/example_dags/example_latest_only.py for tasks to queue
[2025-05-02 17:11:59,047] {logging_mixin.py:115} INFO - [2025-05-02 17:11:59,047] {dagbag.py:507} INFO - Filling up the DagBag from /root/Documents/airflowalu/venv/lib/python3.9/site-packages/airflow/example_dags/example_latest_only.py
[2025-05-02 17:11:59,050] {processor.py:651} INFO - DAG(s) dict_keys(['latest_only']) retrieved from /root/Documents/airflowalu/venv/lib/python3.9/site-packages/airflow/example_dags/example_latest_only.py
[2025-05-02 17:11:59,058] {logging_mixin.py:115} INFO - [2025-05-02 17:11:59,058] {dag.py:2379} INFO - Sync 1 DAGs
[2025-05-02 17:11:59,067] {logging_mixin.py:115} INFO - [2025-05-02 17:11:59,067] {dag.py:2927} INFO - Setting next_dagrun for latest_only to 2025-05-02T16:11:59.067644+00:00, run_after=2025-05-02T20:11:59.067644+00:00
[2025-05-02 17:11:59,077] {processor.py:161} INFO - Processing /root/Documents/airflowalu/venv/lib/python3.9/site-packages/airflow/example_dags/example_latest_only.py took 0.032 seconds
[2025-05-02 17:12:32,219] {processor.py:153} INFO - Started process (PID=8763) to work on /root/Documents/airflowalu/venv/lib/python3.9/site-packages/airflow/example_dags/example_latest_only.py
[2025-05-02 17:12:32,219] {processor.py:641} INFO - Processing file /root/Documents/airflowalu/venv/lib/python3.9/site-packages/airflow/example_dags/example_latest_only.py for tasks to queue
[2025-05-02 17:12:32,220] {logging_mixin.py:115} INFO - [2025-05-02 17:12:32,220] {dagbag.py:507} INFO - Filling up the DagBag from /root/Documents/airflowalu/venv/lib/python3.9/site-packages/airflow/example_dags/example_latest_only.py
[2025-05-02 17:12:32,222] {processor.py:651} INFO - DAG(s) dict_keys(['latest_only']) retrieved from /root/Documents/airflowalu/venv/lib/python3.9/site-packages/airflow/example_dags/example_latest_only.py
[2025-05-02 17:12:32,232] {logging_mixin.py:115} INFO - [2025-05-02 17:12:32,232] {dag.py:2379} INFO - Sync 1 DAGs
[2025-05-02 17:12:32,241] {logging_mixin.py:115} INFO - [2025-05-02 17:12:32,241] {dag.py:2927} INFO - Setting next_dagrun for latest_only to 2025-05-02T16:12:32.241724+00:00, run_after=2025-05-02T20:12:32.241724+00:00
[2025-05-02 17:12:32,251] {processor.py:161} INFO - Processing /root/Documents/airflowalu/venv/lib/python3.9/site-packages/airflow/example_dags/example_latest_only.py took 0.034 seconds
[2025-05-02 17:13:03,084] {processor.py:153} INFO - Started process (PID=8907) to work on /root/Documents/airflowalu/venv/lib/python3.9/site-packages/airflow/example_dags/example_latest_only.py
[2025-05-02 17:13:03,084] {processor.py:641} INFO - Processing file /root/Documents/airflowalu/venv/lib/python3.9/site-packages/airflow/example_dags/example_latest_only.py for tasks to queue
[2025-05-02 17:13:03,085] {logging_mixin.py:115} INFO - [2025-05-02 17:13:03,085] {dagbag.py:507} INFO - Filling up the DagBag from /root/Documents/airflowalu/venv/lib/python3.9/site-packages/airflow/example_dags/example_latest_only.py
[2025-05-02 17:13:03,088] {processor.py:651} INFO - DAG(s) dict_keys(['latest_only']) retrieved from /root/Documents/airflowalu/venv/lib/python3.9/site-packages/airflow/example_dags/example_latest_only.py
[2025-05-02 17:13:03,099] {logging_mixin.py:115} INFO - [2025-05-02 17:13:03,099] {dag.py:2379} INFO - Sync 1 DAGs
[2025-05-02 17:13:03,109] {logging_mixin.py:115} INFO - [2025-05-02 17:13:03,108] {dag.py:2927} INFO - Setting next_dagrun for latest_only to 2025-05-02T16:13:03.108824+00:00, run_after=2025-05-02T20:13:03.108824+00:00
[2025-05-02 17:13:03,119] {processor.py:161} INFO - Processing /root/Documents/airflowalu/venv/lib/python3.9/site-packages/airflow/example_dags/example_latest_only.py took 0.037 seconds
[2025-05-02 17:13:34,642] {processor.py:153} INFO - Started process (PID=9040) to work on /root/Documents/airflowalu/venv/lib/python3.9/site-packages/airflow/example_dags/example_latest_only.py
[2025-05-02 17:13:34,643] {processor.py:641} INFO - Processing file /root/Documents/airflowalu/venv/lib/python3.9/site-packages/airflow/example_dags/example_latest_only.py for tasks to queue
[2025-05-02 17:13:34,643] {logging_mixin.py:115} INFO - [2025-05-02 17:13:34,643] {dagbag.py:507} INFO - Filling up the DagBag from /root/Documents/airflowalu/venv/lib/python3.9/site-packages/airflow/example_dags/example_latest_only.py
[2025-05-02 17:13:34,646] {processor.py:651} INFO - DAG(s) dict_keys(['latest_only']) retrieved from /root/Documents/airflowalu/venv/lib/python3.9/site-packages/airflow/example_dags/example_latest_only.py
[2025-05-02 17:13:34,658] {logging_mixin.py:115} INFO - [2025-05-02 17:13:34,658] {dag.py:2379} INFO - Sync 1 DAGs
[2025-05-02 17:13:34,669] {logging_mixin.py:115} INFO - [2025-05-02 17:13:34,669] {dag.py:2927} INFO - Setting next_dagrun for latest_only to 2025-05-02T16:13:34.669168+00:00, run_after=2025-05-02T20:13:34.669168+00:00
[2025-05-02 17:13:34,681] {processor.py:161} INFO - Processing /root/Documents/airflowalu/venv/lib/python3.9/site-packages/airflow/example_dags/example_latest_only.py took 0.040 seconds
[2025-05-02 17:14:06,868] {processor.py:153} INFO - Started process (PID=9173) to work on /root/Documents/airflowalu/venv/lib/python3.9/site-packages/airflow/example_dags/example_latest_only.py
[2025-05-02 17:14:06,869] {processor.py:641} INFO - Processing file /root/Documents/airflowalu/venv/lib/python3.9/site-packages/airflow/example_dags/example_latest_only.py for tasks to queue
[2025-05-02 17:14:06,869] {logging_mixin.py:115} INFO - [2025-05-02 17:14:06,869] {dagbag.py:507} INFO - Filling up the DagBag from /root/Documents/airflowalu/venv/lib/python3.9/site-packages/airflow/example_dags/example_latest_only.py
[2025-05-02 17:14:06,872] {processor.py:651} INFO - DAG(s) dict_keys(['latest_only']) retrieved from /root/Documents/airflowalu/venv/lib/python3.9/site-packages/airflow/example_dags/example_latest_only.py
[2025-05-02 17:14:06,882] {logging_mixin.py:115} INFO - [2025-05-02 17:14:06,882] {dag.py:2379} INFO - Sync 1 DAGs
[2025-05-02 17:14:06,891] {logging_mixin.py:115} INFO - [2025-05-02 17:14:06,890] {dag.py:2927} INFO - Setting next_dagrun for latest_only to 2025-05-02T16:14:06.890792+00:00, run_after=2025-05-02T20:14:06.890792+00:00
[2025-05-02 17:14:06,901] {processor.py:161} INFO - Processing /root/Documents/airflowalu/venv/lib/python3.9/site-packages/airflow/example_dags/example_latest_only.py took 0.035 seconds
[2025-05-02 17:14:37,148] {processor.py:153} INFO - Started process (PID=9304) to work on /root/Documents/airflowalu/venv/lib/python3.9/site-packages/airflow/example_dags/example_latest_only.py
[2025-05-02 17:14:37,148] {processor.py:641} INFO - Processing file /root/Documents/airflowalu/venv/lib/python3.9/site-packages/airflow/example_dags/example_latest_only.py for tasks to queue
[2025-05-02 17:14:37,149] {logging_mixin.py:115} INFO - [2025-05-02 17:14:37,149] {dagbag.py:507} INFO - Filling up the DagBag from /root/Documents/airflowalu/venv/lib/python3.9/site-packages/airflow/example_dags/example_latest_only.py
[2025-05-02 17:14:37,152] {processor.py:651} INFO - DAG(s) dict_keys(['latest_only']) retrieved from /root/Documents/airflowalu/venv/lib/python3.9/site-packages/airflow/example_dags/example_latest_only.py
[2025-05-02 17:14:37,165] {logging_mixin.py:115} INFO - [2025-05-02 17:14:37,165] {dag.py:2379} INFO - Sync 1 DAGs
[2025-05-02 17:14:37,179] {logging_mixin.py:115} INFO - [2025-05-02 17:14:37,179] {dag.py:2927} INFO - Setting next_dagrun for latest_only to 2025-05-02T16:14:37.178995+00:00, run_after=2025-05-02T20:14:37.178995+00:00
[2025-05-02 17:14:37,191] {processor.py:161} INFO - Processing /root/Documents/airflowalu/venv/lib/python3.9/site-packages/airflow/example_dags/example_latest_only.py took 0.044 seconds
[2025-05-02 17:15:09,511] {processor.py:153} INFO - Started process (PID=9443) to work on /root/Documents/airflowalu/venv/lib/python3.9/site-packages/airflow/example_dags/example_latest_only.py
[2025-05-02 17:15:09,512] {processor.py:641} INFO - Processing file /root/Documents/airflowalu/venv/lib/python3.9/site-packages/airflow/example_dags/example_latest_only.py for tasks to queue
[2025-05-02 17:15:09,512] {logging_mixin.py:115} INFO - [2025-05-02 17:15:09,512] {dagbag.py:507} INFO - Filling up the DagBag from /root/Documents/airflowalu/venv/lib/python3.9/site-packages/airflow/example_dags/example_latest_only.py
[2025-05-02 17:15:09,515] {processor.py:651} INFO - DAG(s) dict_keys(['latest_only']) retrieved from /root/Documents/airflowalu/venv/lib/python3.9/site-packages/airflow/example_dags/example_latest_only.py
[2025-05-02 17:15:09,526] {logging_mixin.py:115} INFO - [2025-05-02 17:15:09,526] {dag.py:2379} INFO - Sync 1 DAGs
[2025-05-02 17:15:09,535] {logging_mixin.py:115} INFO - [2025-05-02 17:15:09,535] {dag.py:2927} INFO - Setting next_dagrun for latest_only to 2025-05-02T16:15:09.535573+00:00, run_after=2025-05-02T20:15:09.535573+00:00
[2025-05-02 17:15:09,546] {processor.py:161} INFO - Processing /root/Documents/airflowalu/venv/lib/python3.9/site-packages/airflow/example_dags/example_latest_only.py took 0.036 seconds
[2025-05-02 17:15:40,606] {processor.py:153} INFO - Started process (PID=9574) to work on /root/Documents/airflowalu/venv/lib/python3.9/site-packages/airflow/example_dags/example_latest_only.py
[2025-05-02 17:15:40,606] {processor.py:641} INFO - Processing file /root/Documents/airflowalu/venv/lib/python3.9/site-packages/airflow/example_dags/example_latest_only.py for tasks to queue
[2025-05-02 17:15:40,607] {logging_mixin.py:115} INFO - [2025-05-02 17:15:40,607] {dagbag.py:507} INFO - Filling up the DagBag from /root/Documents/airflowalu/venv/lib/python3.9/site-packages/airflow/example_dags/example_latest_only.py
[2025-05-02 17:15:40,610] {processor.py:651} INFO - DAG(s) dict_keys(['latest_only']) retrieved from /root/Documents/airflowalu/venv/lib/python3.9/site-packages/airflow/example_dags/example_latest_only.py
[2025-05-02 17:15:40,621] {logging_mixin.py:115} INFO - [2025-05-02 17:15:40,620] {dag.py:2379} INFO - Sync 1 DAGs
[2025-05-02 17:15:40,632] {logging_mixin.py:115} INFO - [2025-05-02 17:15:40,631] {dag.py:2927} INFO - Setting next_dagrun for latest_only to 2025-05-02T16:15:40.631753+00:00, run_after=2025-05-02T20:15:40.631753+00:00
[2025-05-02 17:15:40,644] {processor.py:161} INFO - Processing /root/Documents/airflowalu/venv/lib/python3.9/site-packages/airflow/example_dags/example_latest_only.py took 0.040 seconds
[2025-05-02 17:16:12,088] {processor.py:153} INFO - Started process (PID=9706) to work on /root/Documents/airflowalu/venv/lib/python3.9/site-packages/airflow/example_dags/example_latest_only.py
[2025-05-02 17:16:12,088] {processor.py:641} INFO - Processing file /root/Documents/airflowalu/venv/lib/python3.9/site-packages/airflow/example_dags/example_latest_only.py for tasks to queue
[2025-05-02 17:16:12,089] {logging_mixin.py:115} INFO - [2025-05-02 17:16:12,089] {dagbag.py:507} INFO - Filling up the DagBag from /root/Documents/airflowalu/venv/lib/python3.9/site-packages/airflow/example_dags/example_latest_only.py
[2025-05-02 17:16:12,091] {processor.py:651} INFO - DAG(s) dict_keys(['latest_only']) retrieved from /root/Documents/airflowalu/venv/lib/python3.9/site-packages/airflow/example_dags/example_latest_only.py
[2025-05-02 17:16:12,101] {logging_mixin.py:115} INFO - [2025-05-02 17:16:12,101] {dag.py:2379} INFO - Sync 1 DAGs
[2025-05-02 17:16:12,110] {logging_mixin.py:115} INFO - [2025-05-02 17:16:12,109] {dag.py:2927} INFO - Setting next_dagrun for latest_only to 2025-05-02T16:16:12.109813+00:00, run_after=2025-05-02T20:16:12.109813+00:00
[2025-05-02 17:16:12,119] {processor.py:161} INFO - Processing /root/Documents/airflowalu/venv/lib/python3.9/site-packages/airflow/example_dags/example_latest_only.py took 0.033 seconds
[2025-05-02 17:16:43,058] {processor.py:153} INFO - Started process (PID=9836) to work on /root/Documents/airflowalu/venv/lib/python3.9/site-packages/airflow/example_dags/example_latest_only.py
[2025-05-02 17:16:43,059] {processor.py:641} INFO - Processing file /root/Documents/airflowalu/venv/lib/python3.9/site-packages/airflow/example_dags/example_latest_only.py for tasks to queue
[2025-05-02 17:16:43,059] {logging_mixin.py:115} INFO - [2025-05-02 17:16:43,059] {dagbag.py:507} INFO - Filling up the DagBag from /root/Documents/airflowalu/venv/lib/python3.9/site-packages/airflow/example_dags/example_latest_only.py
[2025-05-02 17:16:43,062] {processor.py:651} INFO - DAG(s) dict_keys(['latest_only']) retrieved from /root/Documents/airflowalu/venv/lib/python3.9/site-packages/airflow/example_dags/example_latest_only.py
[2025-05-02 17:16:43,073] {logging_mixin.py:115} INFO - [2025-05-02 17:16:43,073] {dag.py:2379} INFO - Sync 1 DAGs
[2025-05-02 17:16:43,082] {logging_mixin.py:115} INFO - [2025-05-02 17:16:43,082] {dag.py:2927} INFO - Setting next_dagrun for latest_only to 2025-05-02T16:16:43.081897+00:00, run_after=2025-05-02T20:16:43.081897+00:00
[2025-05-02 17:16:43,091] {processor.py:161} INFO - Processing /root/Documents/airflowalu/venv/lib/python3.9/site-packages/airflow/example_dags/example_latest_only.py took 0.035 seconds
[2025-05-02 17:17:13,942] {processor.py:153} INFO - Started process (PID=9972) to work on /root/Documents/airflowalu/venv/lib/python3.9/site-packages/airflow/example_dags/example_latest_only.py
[2025-05-02 17:17:13,942] {processor.py:641} INFO - Processing file /root/Documents/airflowalu/venv/lib/python3.9/site-packages/airflow/example_dags/example_latest_only.py for tasks to queue
[2025-05-02 17:17:13,943] {logging_mixin.py:115} INFO - [2025-05-02 17:17:13,943] {dagbag.py:507} INFO - Filling up the DagBag from /root/Documents/airflowalu/venv/lib/python3.9/site-packages/airflow/example_dags/example_latest_only.py
[2025-05-02 17:17:13,945] {processor.py:651} INFO - DAG(s) dict_keys(['latest_only']) retrieved from /root/Documents/airflowalu/venv/lib/python3.9/site-packages/airflow/example_dags/example_latest_only.py
[2025-05-02 17:17:13,955] {logging_mixin.py:115} INFO - [2025-05-02 17:17:13,955] {dag.py:2379} INFO - Sync 1 DAGs
[2025-05-02 17:17:13,964] {logging_mixin.py:115} INFO - [2025-05-02 17:17:13,964] {dag.py:2927} INFO - Setting next_dagrun for latest_only to 2025-05-02T16:17:13.963981+00:00, run_after=2025-05-02T20:17:13.963981+00:00
[2025-05-02 17:17:13,976] {processor.py:161} INFO - Processing /root/Documents/airflowalu/venv/lib/python3.9/site-packages/airflow/example_dags/example_latest_only.py took 0.035 seconds
[2025-05-02 17:17:45,522] {processor.py:153} INFO - Started process (PID=10103) to work on /root/Documents/airflowalu/venv/lib/python3.9/site-packages/airflow/example_dags/example_latest_only.py
[2025-05-02 17:17:45,523] {processor.py:641} INFO - Processing file /root/Documents/airflowalu/venv/lib/python3.9/site-packages/airflow/example_dags/example_latest_only.py for tasks to queue
[2025-05-02 17:17:45,523] {logging_mixin.py:115} INFO - [2025-05-02 17:17:45,523] {dagbag.py:507} INFO - Filling up the DagBag from /root/Documents/airflowalu/venv/lib/python3.9/site-packages/airflow/example_dags/example_latest_only.py
[2025-05-02 17:17:45,526] {processor.py:651} INFO - DAG(s) dict_keys(['latest_only']) retrieved from /root/Documents/airflowalu/venv/lib/python3.9/site-packages/airflow/example_dags/example_latest_only.py
[2025-05-02 17:17:45,536] {logging_mixin.py:115} INFO - [2025-05-02 17:17:45,536] {dag.py:2379} INFO - Sync 1 DAGs
[2025-05-02 17:17:45,545] {logging_mixin.py:115} INFO - [2025-05-02 17:17:45,545] {dag.py:2927} INFO - Setting next_dagrun for latest_only to 2025-05-02T16:17:45.545163+00:00, run_after=2025-05-02T20:17:45.545163+00:00
[2025-05-02 17:17:45,555] {processor.py:161} INFO - Processing /root/Documents/airflowalu/venv/lib/python3.9/site-packages/airflow/example_dags/example_latest_only.py took 0.034 seconds
[2025-05-02 17:18:16,347] {processor.py:153} INFO - Started process (PID=10236) to work on /root/Documents/airflowalu/venv/lib/python3.9/site-packages/airflow/example_dags/example_latest_only.py
[2025-05-02 17:18:16,347] {processor.py:641} INFO - Processing file /root/Documents/airflowalu/venv/lib/python3.9/site-packages/airflow/example_dags/example_latest_only.py for tasks to queue
[2025-05-02 17:18:16,348] {logging_mixin.py:115} INFO - [2025-05-02 17:18:16,347] {dagbag.py:507} INFO - Filling up the DagBag from /root/Documents/airflowalu/venv/lib/python3.9/site-packages/airflow/example_dags/example_latest_only.py
[2025-05-02 17:18:16,350] {processor.py:651} INFO - DAG(s) dict_keys(['latest_only']) retrieved from /root/Documents/airflowalu/venv/lib/python3.9/site-packages/airflow/example_dags/example_latest_only.py
[2025-05-02 17:18:16,362] {logging_mixin.py:115} INFO - [2025-05-02 17:18:16,362] {dag.py:2379} INFO - Sync 1 DAGs
[2025-05-02 17:18:16,371] {logging_mixin.py:115} INFO - [2025-05-02 17:18:16,371] {dag.py:2927} INFO - Setting next_dagrun for latest_only to 2025-05-02T16:18:16.371405+00:00, run_after=2025-05-02T20:18:16.371405+00:00
[2025-05-02 17:18:16,382] {processor.py:161} INFO - Processing /root/Documents/airflowalu/venv/lib/python3.9/site-packages/airflow/example_dags/example_latest_only.py took 0.037 seconds
[2025-05-02 17:18:47,377] {processor.py:153} INFO - Started process (PID=10369) to work on /root/Documents/airflowalu/venv/lib/python3.9/site-packages/airflow/example_dags/example_latest_only.py
[2025-05-02 17:18:47,377] {processor.py:641} INFO - Processing file /root/Documents/airflowalu/venv/lib/python3.9/site-packages/airflow/example_dags/example_latest_only.py for tasks to queue
[2025-05-02 17:18:47,377] {logging_mixin.py:115} INFO - [2025-05-02 17:18:47,377] {dagbag.py:507} INFO - Filling up the DagBag from /root/Documents/airflowalu/venv/lib/python3.9/site-packages/airflow/example_dags/example_latest_only.py
[2025-05-02 17:18:47,380] {processor.py:651} INFO - DAG(s) dict_keys(['latest_only']) retrieved from /root/Documents/airflowalu/venv/lib/python3.9/site-packages/airflow/example_dags/example_latest_only.py
[2025-05-02 17:18:47,389] {logging_mixin.py:115} INFO - [2025-05-02 17:18:47,389] {dag.py:2379} INFO - Sync 1 DAGs
[2025-05-02 17:18:47,398] {logging_mixin.py:115} INFO - [2025-05-02 17:18:47,398] {dag.py:2927} INFO - Setting next_dagrun for latest_only to 2025-05-02T16:18:47.398751+00:00, run_after=2025-05-02T20:18:47.398751+00:00
[2025-05-02 17:18:47,409] {processor.py:161} INFO - Processing /root/Documents/airflowalu/venv/lib/python3.9/site-packages/airflow/example_dags/example_latest_only.py took 0.034 seconds
[2025-05-02 17:19:22,196] {processor.py:153} INFO - Started process (PID=10514) to work on /root/Documents/airflowalu/venv/lib/python3.9/site-packages/airflow/example_dags/example_latest_only.py
[2025-05-02 17:19:22,197] {processor.py:641} INFO - Processing file /root/Documents/airflowalu/venv/lib/python3.9/site-packages/airflow/example_dags/example_latest_only.py for tasks to queue
[2025-05-02 17:19:22,197] {logging_mixin.py:115} INFO - [2025-05-02 17:19:22,197] {dagbag.py:507} INFO - Filling up the DagBag from /root/Documents/airflowalu/venv/lib/python3.9/site-packages/airflow/example_dags/example_latest_only.py
[2025-05-02 17:19:22,200] {processor.py:651} INFO - DAG(s) dict_keys(['latest_only']) retrieved from /root/Documents/airflowalu/venv/lib/python3.9/site-packages/airflow/example_dags/example_latest_only.py
[2025-05-02 17:19:22,210] {logging_mixin.py:115} INFO - [2025-05-02 17:19:22,210] {dag.py:2379} INFO - Sync 1 DAGs
[2025-05-02 17:19:22,219] {logging_mixin.py:115} INFO - [2025-05-02 17:19:22,219] {dag.py:2927} INFO - Setting next_dagrun for latest_only to 2025-05-02T16:19:22.219612+00:00, run_after=2025-05-02T20:19:22.219612+00:00
[2025-05-02 17:19:22,230] {processor.py:161} INFO - Processing /root/Documents/airflowalu/venv/lib/python3.9/site-packages/airflow/example_dags/example_latest_only.py took 0.035 seconds
[2025-05-02 17:19:53,042] {processor.py:153} INFO - Started process (PID=10649) to work on /root/Documents/airflowalu/venv/lib/python3.9/site-packages/airflow/example_dags/example_latest_only.py
[2025-05-02 17:19:53,043] {processor.py:641} INFO - Processing file /root/Documents/airflowalu/venv/lib/python3.9/site-packages/airflow/example_dags/example_latest_only.py for tasks to queue
[2025-05-02 17:19:53,043] {logging_mixin.py:115} INFO - [2025-05-02 17:19:53,043] {dagbag.py:507} INFO - Filling up the DagBag from /root/Documents/airflowalu/venv/lib/python3.9/site-packages/airflow/example_dags/example_latest_only.py
[2025-05-02 17:19:53,046] {processor.py:651} INFO - DAG(s) dict_keys(['latest_only']) retrieved from /root/Documents/airflowalu/venv/lib/python3.9/site-packages/airflow/example_dags/example_latest_only.py
[2025-05-02 17:19:53,056] {logging_mixin.py:115} INFO - [2025-05-02 17:19:53,056] {dag.py:2379} INFO - Sync 1 DAGs
[2025-05-02 17:19:53,065] {logging_mixin.py:115} INFO - [2025-05-02 17:19:53,065] {dag.py:2927} INFO - Setting next_dagrun for latest_only to 2025-05-02T16:19:53.065130+00:00, run_after=2025-05-02T20:19:53.065130+00:00
[2025-05-02 17:19:53,076] {processor.py:161} INFO - Processing /root/Documents/airflowalu/venv/lib/python3.9/site-packages/airflow/example_dags/example_latest_only.py took 0.035 seconds
[2025-05-02 17:20:25,590] {processor.py:153} INFO - Started process (PID=10788) to work on /root/Documents/airflowalu/venv/lib/python3.9/site-packages/airflow/example_dags/example_latest_only.py
[2025-05-02 17:20:25,591] {processor.py:641} INFO - Processing file /root/Documents/airflowalu/venv/lib/python3.9/site-packages/airflow/example_dags/example_latest_only.py for tasks to queue
[2025-05-02 17:20:25,591] {logging_mixin.py:115} INFO - [2025-05-02 17:20:25,591] {dagbag.py:507} INFO - Filling up the DagBag from /root/Documents/airflowalu/venv/lib/python3.9/site-packages/airflow/example_dags/example_latest_only.py
[2025-05-02 17:20:25,594] {processor.py:651} INFO - DAG(s) dict_keys(['latest_only']) retrieved from /root/Documents/airflowalu/venv/lib/python3.9/site-packages/airflow/example_dags/example_latest_only.py
[2025-05-02 17:20:25,604] {logging_mixin.py:115} INFO - [2025-05-02 17:20:25,604] {dag.py:2379} INFO - Sync 1 DAGs
[2025-05-02 17:20:25,613] {logging_mixin.py:115} INFO - [2025-05-02 17:20:25,613] {dag.py:2927} INFO - Setting next_dagrun for latest_only to 2025-05-02T16:20:25.612855+00:00, run_after=2025-05-02T20:20:25.612855+00:00
[2025-05-02 17:20:25,623] {processor.py:161} INFO - Processing /root/Documents/airflowalu/venv/lib/python3.9/site-packages/airflow/example_dags/example_latest_only.py took 0.035 seconds
[2025-05-02 17:20:56,145] {processor.py:153} INFO - Started process (PID=10932) to work on /root/Documents/airflowalu/venv/lib/python3.9/site-packages/airflow/example_dags/example_latest_only.py
[2025-05-02 17:20:56,146] {processor.py:641} INFO - Processing file /root/Documents/airflowalu/venv/lib/python3.9/site-packages/airflow/example_dags/example_latest_only.py for tasks to queue
[2025-05-02 17:20:56,146] {logging_mixin.py:115} INFO - [2025-05-02 17:20:56,146] {dagbag.py:507} INFO - Filling up the DagBag from /root/Documents/airflowalu/venv/lib/python3.9/site-packages/airflow/example_dags/example_latest_only.py
[2025-05-02 17:20:56,150] {processor.py:651} INFO - DAG(s) dict_keys(['latest_only']) retrieved from /root/Documents/airflowalu/venv/lib/python3.9/site-packages/airflow/example_dags/example_latest_only.py
[2025-05-02 17:20:56,160] {logging_mixin.py:115} INFO - [2025-05-02 17:20:56,160] {dag.py:2379} INFO - Sync 1 DAGs
[2025-05-02 17:20:56,169] {logging_mixin.py:115} INFO - [2025-05-02 17:20:56,169] {dag.py:2927} INFO - Setting next_dagrun for latest_only to 2025-05-02T16:20:56.169225+00:00, run_after=2025-05-02T20:20:56.169225+00:00
[2025-05-02 17:20:56,180] {processor.py:161} INFO - Processing /root/Documents/airflowalu/venv/lib/python3.9/site-packages/airflow/example_dags/example_latest_only.py took 0.036 seconds
[2025-05-02 17:21:26,590] {processor.py:153} INFO - Started process (PID=11067) to work on /root/Documents/airflowalu/venv/lib/python3.9/site-packages/airflow/example_dags/example_latest_only.py
[2025-05-02 17:21:26,590] {processor.py:641} INFO - Processing file /root/Documents/airflowalu/venv/lib/python3.9/site-packages/airflow/example_dags/example_latest_only.py for tasks to queue
[2025-05-02 17:21:26,591] {logging_mixin.py:115} INFO - [2025-05-02 17:21:26,591] {dagbag.py:507} INFO - Filling up the DagBag from /root/Documents/airflowalu/venv/lib/python3.9/site-packages/airflow/example_dags/example_latest_only.py
[2025-05-02 17:21:26,593] {processor.py:651} INFO - DAG(s) dict_keys(['latest_only']) retrieved from /root/Documents/airflowalu/venv/lib/python3.9/site-packages/airflow/example_dags/example_latest_only.py
[2025-05-02 17:21:26,603] {logging_mixin.py:115} INFO - [2025-05-02 17:21:26,603] {dag.py:2379} INFO - Sync 1 DAGs
[2025-05-02 17:21:26,612] {logging_mixin.py:115} INFO - [2025-05-02 17:21:26,612] {dag.py:2927} INFO - Setting next_dagrun for latest_only to 2025-05-02T16:21:26.612275+00:00, run_after=2025-05-02T20:21:26.612275+00:00
[2025-05-02 17:21:26,622] {processor.py:161} INFO - Processing /root/Documents/airflowalu/venv/lib/python3.9/site-packages/airflow/example_dags/example_latest_only.py took 0.034 seconds
[2025-05-02 17:21:58,537] {processor.py:153} INFO - Started process (PID=11207) to work on /root/Documents/airflowalu/venv/lib/python3.9/site-packages/airflow/example_dags/example_latest_only.py
[2025-05-02 17:21:58,538] {processor.py:641} INFO - Processing file /root/Documents/airflowalu/venv/lib/python3.9/site-packages/airflow/example_dags/example_latest_only.py for tasks to queue
[2025-05-02 17:21:58,538] {logging_mixin.py:115} INFO - [2025-05-02 17:21:58,538] {dagbag.py:507} INFO - Filling up the DagBag from /root/Documents/airflowalu/venv/lib/python3.9/site-packages/airflow/example_dags/example_latest_only.py
[2025-05-02 17:21:58,541] {processor.py:651} INFO - DAG(s) dict_keys(['latest_only']) retrieved from /root/Documents/airflowalu/venv/lib/python3.9/site-packages/airflow/example_dags/example_latest_only.py
[2025-05-02 17:21:58,551] {logging_mixin.py:115} INFO - [2025-05-02 17:21:58,551] {dag.py:2379} INFO - Sync 1 DAGs
[2025-05-02 17:21:58,560] {logging_mixin.py:115} INFO - [2025-05-02 17:21:58,560] {dag.py:2927} INFO - Setting next_dagrun for latest_only to 2025-05-02T16:21:58.560238+00:00, run_after=2025-05-02T20:21:58.560238+00:00
[2025-05-02 17:21:58,571] {processor.py:161} INFO - Processing /root/Documents/airflowalu/venv/lib/python3.9/site-packages/airflow/example_dags/example_latest_only.py took 0.035 seconds
[2025-05-02 17:22:31,052] {processor.py:153} INFO - Started process (PID=11343) to work on /root/Documents/airflowalu/venv/lib/python3.9/site-packages/airflow/example_dags/example_latest_only.py
[2025-05-02 17:22:31,052] {processor.py:641} INFO - Processing file /root/Documents/airflowalu/venv/lib/python3.9/site-packages/airflow/example_dags/example_latest_only.py for tasks to queue
[2025-05-02 17:22:31,053] {logging_mixin.py:115} INFO - [2025-05-02 17:22:31,053] {dagbag.py:507} INFO - Filling up the DagBag from /root/Documents/airflowalu/venv/lib/python3.9/site-packages/airflow/example_dags/example_latest_only.py
[2025-05-02 17:22:31,060] {processor.py:651} INFO - DAG(s) dict_keys(['latest_only']) retrieved from /root/Documents/airflowalu/venv/lib/python3.9/site-packages/airflow/example_dags/example_latest_only.py
[2025-05-02 17:22:31,069] {logging_mixin.py:115} INFO - [2025-05-02 17:22:31,069] {dag.py:2379} INFO - Sync 1 DAGs
[2025-05-02 17:22:31,081] {logging_mixin.py:115} INFO - [2025-05-02 17:22:31,081] {dag.py:2927} INFO - Setting next_dagrun for latest_only to 2025-05-02T16:22:31.080900+00:00, run_after=2025-05-02T20:22:31.080900+00:00
[2025-05-02 17:22:31,093] {processor.py:161} INFO - Processing /root/Documents/airflowalu/venv/lib/python3.9/site-packages/airflow/example_dags/example_latest_only.py took 0.043 seconds
[2025-05-02 17:23:03,157] {processor.py:153} INFO - Started process (PID=11483) to work on /root/Documents/airflowalu/venv/lib/python3.9/site-packages/airflow/example_dags/example_latest_only.py
[2025-05-02 17:23:03,157] {processor.py:641} INFO - Processing file /root/Documents/airflowalu/venv/lib/python3.9/site-packages/airflow/example_dags/example_latest_only.py for tasks to queue
[2025-05-02 17:23:03,158] {logging_mixin.py:115} INFO - [2025-05-02 17:23:03,158] {dagbag.py:507} INFO - Filling up the DagBag from /root/Documents/airflowalu/venv/lib/python3.9/site-packages/airflow/example_dags/example_latest_only.py
[2025-05-02 17:23:03,162] {processor.py:651} INFO - DAG(s) dict_keys(['latest_only']) retrieved from /root/Documents/airflowalu/venv/lib/python3.9/site-packages/airflow/example_dags/example_latest_only.py
[2025-05-02 17:23:03,171] {logging_mixin.py:115} INFO - [2025-05-02 17:23:03,171] {dag.py:2379} INFO - Sync 1 DAGs
[2025-05-02 17:23:03,180] {logging_mixin.py:115} INFO - [2025-05-02 17:23:03,180] {dag.py:2927} INFO - Setting next_dagrun for latest_only to 2025-05-02T16:23:03.180193+00:00, run_after=2025-05-02T20:23:03.180193+00:00
[2025-05-02 17:23:03,191] {processor.py:161} INFO - Processing /root/Documents/airflowalu/venv/lib/python3.9/site-packages/airflow/example_dags/example_latest_only.py took 0.036 seconds
[2025-05-02 17:23:34,639] {processor.py:153} INFO - Started process (PID=11615) to work on /root/Documents/airflowalu/venv/lib/python3.9/site-packages/airflow/example_dags/example_latest_only.py
[2025-05-02 17:23:34,639] {processor.py:641} INFO - Processing file /root/Documents/airflowalu/venv/lib/python3.9/site-packages/airflow/example_dags/example_latest_only.py for tasks to queue
[2025-05-02 17:23:34,640] {logging_mixin.py:115} INFO - [2025-05-02 17:23:34,640] {dagbag.py:507} INFO - Filling up the DagBag from /root/Documents/airflowalu/venv/lib/python3.9/site-packages/airflow/example_dags/example_latest_only.py
[2025-05-02 17:23:34,645] {processor.py:651} INFO - DAG(s) dict_keys(['latest_only']) retrieved from /root/Documents/airflowalu/venv/lib/python3.9/site-packages/airflow/example_dags/example_latest_only.py
[2025-05-02 17:23:34,653] {logging_mixin.py:115} INFO - [2025-05-02 17:23:34,653] {dag.py:2379} INFO - Sync 1 DAGs
[2025-05-02 17:23:34,662] {logging_mixin.py:115} INFO - [2025-05-02 17:23:34,662] {dag.py:2927} INFO - Setting next_dagrun for latest_only to 2025-05-02T16:23:34.662249+00:00, run_after=2025-05-02T20:23:34.662249+00:00
[2025-05-02 17:23:34,672] {processor.py:161} INFO - Processing /root/Documents/airflowalu/venv/lib/python3.9/site-packages/airflow/example_dags/example_latest_only.py took 0.035 seconds
[2025-05-02 17:24:07,212] {processor.py:153} INFO - Started process (PID=11755) to work on /root/Documents/airflowalu/venv/lib/python3.9/site-packages/airflow/example_dags/example_latest_only.py
[2025-05-02 17:24:07,212] {processor.py:641} INFO - Processing file /root/Documents/airflowalu/venv/lib/python3.9/site-packages/airflow/example_dags/example_latest_only.py for tasks to queue
[2025-05-02 17:24:07,213] {logging_mixin.py:115} INFO - [2025-05-02 17:24:07,213] {dagbag.py:507} INFO - Filling up the DagBag from /root/Documents/airflowalu/venv/lib/python3.9/site-packages/airflow/example_dags/example_latest_only.py
[2025-05-02 17:24:07,218] {processor.py:651} INFO - DAG(s) dict_keys(['latest_only']) retrieved from /root/Documents/airflowalu/venv/lib/python3.9/site-packages/airflow/example_dags/example_latest_only.py
[2025-05-02 17:24:07,227] {logging_mixin.py:115} INFO - [2025-05-02 17:24:07,227] {dag.py:2379} INFO - Sync 1 DAGs
[2025-05-02 17:24:07,237] {logging_mixin.py:115} INFO - [2025-05-02 17:24:07,237] {dag.py:2927} INFO - Setting next_dagrun for latest_only to 2025-05-02T16:24:07.237295+00:00, run_after=2025-05-02T20:24:07.237295+00:00
[2025-05-02 17:24:07,248] {processor.py:161} INFO - Processing /root/Documents/airflowalu/venv/lib/python3.9/site-packages/airflow/example_dags/example_latest_only.py took 0.038 seconds
[2025-05-02 17:24:37,866] {processor.py:153} INFO - Started process (PID=11885) to work on /root/Documents/airflowalu/venv/lib/python3.9/site-packages/airflow/example_dags/example_latest_only.py
[2025-05-02 17:24:37,867] {processor.py:641} INFO - Processing file /root/Documents/airflowalu/venv/lib/python3.9/site-packages/airflow/example_dags/example_latest_only.py for tasks to queue
[2025-05-02 17:24:37,867] {logging_mixin.py:115} INFO - [2025-05-02 17:24:37,867] {dagbag.py:507} INFO - Filling up the DagBag from /root/Documents/airflowalu/venv/lib/python3.9/site-packages/airflow/example_dags/example_latest_only.py
[2025-05-02 17:24:37,871] {processor.py:651} INFO - DAG(s) dict_keys(['latest_only']) retrieved from /root/Documents/airflowalu/venv/lib/python3.9/site-packages/airflow/example_dags/example_latest_only.py
[2025-05-02 17:24:37,880] {logging_mixin.py:115} INFO - [2025-05-02 17:24:37,880] {dag.py:2379} INFO - Sync 1 DAGs
[2025-05-02 17:24:37,891] {logging_mixin.py:115} INFO - [2025-05-02 17:24:37,891] {dag.py:2927} INFO - Setting next_dagrun for latest_only to 2025-05-02T16:24:37.891436+00:00, run_after=2025-05-02T20:24:37.891436+00:00
[2025-05-02 17:24:37,902] {processor.py:161} INFO - Processing /root/Documents/airflowalu/venv/lib/python3.9/site-packages/airflow/example_dags/example_latest_only.py took 0.037 seconds
[2025-05-02 17:25:08,510] {processor.py:153} INFO - Started process (PID=12010) to work on /root/Documents/airflowalu/venv/lib/python3.9/site-packages/airflow/example_dags/example_latest_only.py
[2025-05-02 17:25:08,511] {processor.py:641} INFO - Processing file /root/Documents/airflowalu/venv/lib/python3.9/site-packages/airflow/example_dags/example_latest_only.py for tasks to queue
[2025-05-02 17:25:08,511] {logging_mixin.py:115} INFO - [2025-05-02 17:25:08,511] {dagbag.py:507} INFO - Filling up the DagBag from /root/Documents/airflowalu/venv/lib/python3.9/site-packages/airflow/example_dags/example_latest_only.py
[2025-05-02 17:25:08,517] {processor.py:651} INFO - DAG(s) dict_keys(['latest_only']) retrieved from /root/Documents/airflowalu/venv/lib/python3.9/site-packages/airflow/example_dags/example_latest_only.py
[2025-05-02 17:25:08,528] {logging_mixin.py:115} INFO - [2025-05-02 17:25:08,527] {dag.py:2379} INFO - Sync 1 DAGs
[2025-05-02 17:25:08,538] {logging_mixin.py:115} INFO - [2025-05-02 17:25:08,538] {dag.py:2927} INFO - Setting next_dagrun for latest_only to 2025-05-02T16:25:08.538125+00:00, run_after=2025-05-02T20:25:08.538125+00:00
[2025-05-02 17:25:08,552] {processor.py:161} INFO - Processing /root/Documents/airflowalu/venv/lib/python3.9/site-packages/airflow/example_dags/example_latest_only.py took 0.043 seconds
[2025-05-02 17:25:39,234] {processor.py:153} INFO - Started process (PID=12141) to work on /root/Documents/airflowalu/venv/lib/python3.9/site-packages/airflow/example_dags/example_latest_only.py
[2025-05-02 17:25:39,235] {processor.py:641} INFO - Processing file /root/Documents/airflowalu/venv/lib/python3.9/site-packages/airflow/example_dags/example_latest_only.py for tasks to queue
[2025-05-02 17:25:39,235] {logging_mixin.py:115} INFO - [2025-05-02 17:25:39,235] {dagbag.py:507} INFO - Filling up the DagBag from /root/Documents/airflowalu/venv/lib/python3.9/site-packages/airflow/example_dags/example_latest_only.py
[2025-05-02 17:25:39,240] {processor.py:651} INFO - DAG(s) dict_keys(['latest_only']) retrieved from /root/Documents/airflowalu/venv/lib/python3.9/site-packages/airflow/example_dags/example_latest_only.py
[2025-05-02 17:25:39,249] {logging_mixin.py:115} INFO - [2025-05-02 17:25:39,249] {dag.py:2379} INFO - Sync 1 DAGs
[2025-05-02 17:25:39,258] {logging_mixin.py:115} INFO - [2025-05-02 17:25:39,258] {dag.py:2927} INFO - Setting next_dagrun for latest_only to 2025-05-02T16:25:39.258401+00:00, run_after=2025-05-02T20:25:39.258401+00:00
[2025-05-02 17:25:39,268] {processor.py:161} INFO - Processing /root/Documents/airflowalu/venv/lib/python3.9/site-packages/airflow/example_dags/example_latest_only.py took 0.035 seconds
[2025-05-02 17:26:10,715] {processor.py:153} INFO - Started process (PID=12274) to work on /root/Documents/airflowalu/venv/lib/python3.9/site-packages/airflow/example_dags/example_latest_only.py
[2025-05-02 17:26:10,715] {processor.py:641} INFO - Processing file /root/Documents/airflowalu/venv/lib/python3.9/site-packages/airflow/example_dags/example_latest_only.py for tasks to queue
[2025-05-02 17:26:10,716] {logging_mixin.py:115} INFO - [2025-05-02 17:26:10,716] {dagbag.py:507} INFO - Filling up the DagBag from /root/Documents/airflowalu/venv/lib/python3.9/site-packages/airflow/example_dags/example_latest_only.py
[2025-05-02 17:26:10,722] {processor.py:651} INFO - DAG(s) dict_keys(['latest_only']) retrieved from /root/Documents/airflowalu/venv/lib/python3.9/site-packages/airflow/example_dags/example_latest_only.py
[2025-05-02 17:26:10,733] {logging_mixin.py:115} INFO - [2025-05-02 17:26:10,733] {dag.py:2379} INFO - Sync 1 DAGs
[2025-05-02 17:26:10,744] {logging_mixin.py:115} INFO - [2025-05-02 17:26:10,744] {dag.py:2927} INFO - Setting next_dagrun for latest_only to 2025-05-02T16:26:10.744409+00:00, run_after=2025-05-02T20:26:10.744409+00:00
[2025-05-02 17:26:10,755] {processor.py:161} INFO - Processing /root/Documents/airflowalu/venv/lib/python3.9/site-packages/airflow/example_dags/example_latest_only.py took 0.044 seconds
[2025-05-02 17:26:44,254] {processor.py:153} INFO - Started process (PID=12416) to work on /root/Documents/airflowalu/venv/lib/python3.9/site-packages/airflow/example_dags/example_latest_only.py
[2025-05-02 17:26:44,255] {processor.py:641} INFO - Processing file /root/Documents/airflowalu/venv/lib/python3.9/site-packages/airflow/example_dags/example_latest_only.py for tasks to queue
[2025-05-02 17:26:44,255] {logging_mixin.py:115} INFO - [2025-05-02 17:26:44,255] {dagbag.py:507} INFO - Filling up the DagBag from /root/Documents/airflowalu/venv/lib/python3.9/site-packages/airflow/example_dags/example_latest_only.py
[2025-05-02 17:26:44,260] {processor.py:651} INFO - DAG(s) dict_keys(['latest_only']) retrieved from /root/Documents/airflowalu/venv/lib/python3.9/site-packages/airflow/example_dags/example_latest_only.py
[2025-05-02 17:26:44,268] {logging_mixin.py:115} INFO - [2025-05-02 17:26:44,268] {dag.py:2379} INFO - Sync 1 DAGs
[2025-05-02 17:26:44,278] {logging_mixin.py:115} INFO - [2025-05-02 17:26:44,278] {dag.py:2927} INFO - Setting next_dagrun for latest_only to 2025-05-02T16:26:44.278004+00:00, run_after=2025-05-02T20:26:44.278004+00:00
[2025-05-02 17:26:44,288] {processor.py:161} INFO - Processing /root/Documents/airflowalu/venv/lib/python3.9/site-packages/airflow/example_dags/example_latest_only.py took 0.036 seconds
[2025-05-02 17:27:14,363] {processor.py:153} INFO - Started process (PID=12541) to work on /root/Documents/airflowalu/venv/lib/python3.9/site-packages/airflow/example_dags/example_latest_only.py
[2025-05-02 17:27:14,364] {processor.py:641} INFO - Processing file /root/Documents/airflowalu/venv/lib/python3.9/site-packages/airflow/example_dags/example_latest_only.py for tasks to queue
[2025-05-02 17:27:14,365] {logging_mixin.py:115} INFO - [2025-05-02 17:27:14,365] {dagbag.py:507} INFO - Filling up the DagBag from /root/Documents/airflowalu/venv/lib/python3.9/site-packages/airflow/example_dags/example_latest_only.py
[2025-05-02 17:27:14,371] {processor.py:651} INFO - DAG(s) dict_keys(['latest_only']) retrieved from /root/Documents/airflowalu/venv/lib/python3.9/site-packages/airflow/example_dags/example_latest_only.py
[2025-05-02 17:27:14,385] {logging_mixin.py:115} INFO - [2025-05-02 17:27:14,385] {dag.py:2379} INFO - Sync 1 DAGs
[2025-05-02 17:27:14,396] {logging_mixin.py:115} INFO - [2025-05-02 17:27:14,396] {dag.py:2927} INFO - Setting next_dagrun for latest_only to 2025-05-02T16:27:14.396077+00:00, run_after=2025-05-02T20:27:14.396077+00:00
[2025-05-02 17:27:14,407] {processor.py:161} INFO - Processing /root/Documents/airflowalu/venv/lib/python3.9/site-packages/airflow/example_dags/example_latest_only.py took 0.045 seconds
[2025-05-02 17:27:47,849] {processor.py:153} INFO - Started process (PID=12681) to work on /root/Documents/airflowalu/venv/lib/python3.9/site-packages/airflow/example_dags/example_latest_only.py
[2025-05-02 17:27:47,850] {processor.py:641} INFO - Processing file /root/Documents/airflowalu/venv/lib/python3.9/site-packages/airflow/example_dags/example_latest_only.py for tasks to queue
[2025-05-02 17:27:47,850] {logging_mixin.py:115} INFO - [2025-05-02 17:27:47,850] {dagbag.py:507} INFO - Filling up the DagBag from /root/Documents/airflowalu/venv/lib/python3.9/site-packages/airflow/example_dags/example_latest_only.py
[2025-05-02 17:27:47,855] {processor.py:651} INFO - DAG(s) dict_keys(['latest_only']) retrieved from /root/Documents/airflowalu/venv/lib/python3.9/site-packages/airflow/example_dags/example_latest_only.py
[2025-05-02 17:27:47,869] {logging_mixin.py:115} INFO - [2025-05-02 17:27:47,868] {dag.py:2379} INFO - Sync 1 DAGs
[2025-05-02 17:27:47,882] {logging_mixin.py:115} INFO - [2025-05-02 17:27:47,881] {dag.py:2927} INFO - Setting next_dagrun for latest_only to 2025-05-02T16:27:47.881607+00:00, run_after=2025-05-02T20:27:47.881607+00:00
[2025-05-02 17:27:47,895] {processor.py:161} INFO - Processing /root/Documents/airflowalu/venv/lib/python3.9/site-packages/airflow/example_dags/example_latest_only.py took 0.049 seconds
[2025-05-02 17:29:56,103] {processor.py:153} INFO - Started process (PID=13422) to work on /root/Documents/airflowalu/venv/lib/python3.9/site-packages/airflow/example_dags/example_latest_only.py
[2025-05-02 17:29:56,104] {processor.py:641} INFO - Processing file /root/Documents/airflowalu/venv/lib/python3.9/site-packages/airflow/example_dags/example_latest_only.py for tasks to queue
[2025-05-02 17:29:56,105] {logging_mixin.py:115} INFO - [2025-05-02 17:29:56,105] {dagbag.py:507} INFO - Filling up the DagBag from /root/Documents/airflowalu/venv/lib/python3.9/site-packages/airflow/example_dags/example_latest_only.py
[2025-05-02 17:29:56,108] {processor.py:651} INFO - DAG(s) dict_keys(['latest_only']) retrieved from /root/Documents/airflowalu/venv/lib/python3.9/site-packages/airflow/example_dags/example_latest_only.py
[2025-05-02 17:29:56,119] {logging_mixin.py:115} INFO - [2025-05-02 17:29:56,119] {dag.py:2379} INFO - Sync 1 DAGs
[2025-05-02 17:29:56,131] {logging_mixin.py:115} INFO - [2025-05-02 17:29:56,131] {dag.py:2927} INFO - Setting next_dagrun for latest_only to 2025-05-02T16:29:56.131225+00:00, run_after=2025-05-02T20:29:56.131225+00:00
[2025-05-02 17:29:56,147] {processor.py:161} INFO - Processing /root/Documents/airflowalu/venv/lib/python3.9/site-packages/airflow/example_dags/example_latest_only.py took 0.045 seconds
[2025-05-02 17:30:28,496] {processor.py:153} INFO - Started process (PID=13642) to work on /root/Documents/airflowalu/venv/lib/python3.9/site-packages/airflow/example_dags/example_latest_only.py
[2025-05-02 17:30:28,496] {processor.py:641} INFO - Processing file /root/Documents/airflowalu/venv/lib/python3.9/site-packages/airflow/example_dags/example_latest_only.py for tasks to queue
[2025-05-02 17:30:28,497] {logging_mixin.py:115} INFO - [2025-05-02 17:30:28,497] {dagbag.py:507} INFO - Filling up the DagBag from /root/Documents/airflowalu/venv/lib/python3.9/site-packages/airflow/example_dags/example_latest_only.py
[2025-05-02 17:30:28,500] {processor.py:651} INFO - DAG(s) dict_keys(['latest_only']) retrieved from /root/Documents/airflowalu/venv/lib/python3.9/site-packages/airflow/example_dags/example_latest_only.py
[2025-05-02 17:30:28,513] {logging_mixin.py:115} INFO - [2025-05-02 17:30:28,513] {dag.py:2379} INFO - Sync 1 DAGs
[2025-05-02 17:30:26,374] {logging_mixin.py:115} INFO - [2025-05-02 17:30:26,374] {dag.py:2927} INFO - Setting next_dagrun for latest_only to 2025-05-02T16:30:26.373860+00:00, run_after=2025-05-02T20:30:26.373860+00:00
[2025-05-02 17:30:26,392] {processor.py:161} INFO - Processing /root/Documents/airflowalu/venv/lib/python3.9/site-packages/airflow/example_dags/example_latest_only.py took 0.058 seconds
[2025-05-02 17:30:58,967] {processor.py:153} INFO - Started process (PID=13861) to work on /root/Documents/airflowalu/venv/lib/python3.9/site-packages/airflow/example_dags/example_latest_only.py
[2025-05-02 17:30:58,967] {processor.py:641} INFO - Processing file /root/Documents/airflowalu/venv/lib/python3.9/site-packages/airflow/example_dags/example_latest_only.py for tasks to queue
[2025-05-02 17:30:58,968] {logging_mixin.py:115} INFO - [2025-05-02 17:30:58,968] {dagbag.py:507} INFO - Filling up the DagBag from /root/Documents/airflowalu/venv/lib/python3.9/site-packages/airflow/example_dags/example_latest_only.py
[2025-05-02 17:30:58,971] {processor.py:651} INFO - DAG(s) dict_keys(['latest_only']) retrieved from /root/Documents/airflowalu/venv/lib/python3.9/site-packages/airflow/example_dags/example_latest_only.py
[2025-05-02 17:30:58,986] {logging_mixin.py:115} INFO - [2025-05-02 17:30:58,986] {dag.py:2379} INFO - Sync 1 DAGs
[2025-05-02 17:30:58,999] {logging_mixin.py:115} INFO - [2025-05-02 17:30:58,999] {dag.py:2927} INFO - Setting next_dagrun for latest_only to 2025-05-02T16:30:58.998789+00:00, run_after=2025-05-02T20:30:58.998789+00:00
[2025-05-02 17:30:59,013] {processor.py:161} INFO - Processing /root/Documents/airflowalu/venv/lib/python3.9/site-packages/airflow/example_dags/example_latest_only.py took 0.048 seconds
[2025-05-02 20:39:55,997] {processor.py:153} INFO - Started process (PID=463) to work on /root/Documents/airflowalu/venv/lib/python3.9/site-packages/airflow/example_dags/example_latest_only.py
[2025-05-02 20:39:55,998] {processor.py:641} INFO - Processing file /root/Documents/airflowalu/venv/lib/python3.9/site-packages/airflow/example_dags/example_latest_only.py for tasks to queue
[2025-05-02 20:39:55,998] {logging_mixin.py:115} INFO - [2025-05-02 20:39:55,998] {dagbag.py:507} INFO - Filling up the DagBag from /root/Documents/airflowalu/venv/lib/python3.9/site-packages/airflow/example_dags/example_latest_only.py
[2025-05-02 20:39:56,001] {processor.py:651} INFO - DAG(s) dict_keys(['latest_only']) retrieved from /root/Documents/airflowalu/venv/lib/python3.9/site-packages/airflow/example_dags/example_latest_only.py
[2025-05-02 20:39:56,009] {logging_mixin.py:115} INFO - [2025-05-02 20:39:56,009] {dag.py:2379} INFO - Sync 1 DAGs
[2025-05-02 20:39:56,018] {logging_mixin.py:115} INFO - [2025-05-02 20:39:56,018] {dag.py:2927} INFO - Setting next_dagrun for latest_only to 2025-05-02T19:39:56.018625+00:00, run_after=2025-05-02T23:39:56.018625+00:00
[2025-05-02 20:39:56,027] {processor.py:161} INFO - Processing /root/Documents/airflowalu/venv/lib/python3.9/site-packages/airflow/example_dags/example_latest_only.py took 0.031 seconds
