[2025-05-02 16:52:48,017] {processor.py:153} INFO - Started process (PID=2870) to work on /root/Documents/airflowalu/venv/lib/python3.9/site-packages/airflow/example_dags/example_latest_only_with_trigger.py
[2025-05-02 16:52:48,017] {processor.py:641} INFO - Processing file /root/Documents/airflowalu/venv/lib/python3.9/site-packages/airflow/example_dags/example_latest_only_with_trigger.py for tasks to queue
[2025-05-02 16:52:48,017] {logging_mixin.py:115} INFO - [2025-05-02 16:52:48,017] {dagbag.py:507} INFO - Filling up the DagBag from /root/Documents/airflowalu/venv/lib/python3.9/site-packages/airflow/example_dags/example_latest_only_with_trigger.py
[2025-05-02 16:52:48,020] {processor.py:651} INFO - DAG(s) dict_keys(['latest_only_with_trigger']) retrieved from /root/Documents/airflowalu/venv/lib/python3.9/site-packages/airflow/example_dags/example_latest_only_with_trigger.py
[2025-05-02 16:52:48,077] {logging_mixin.py:115} INFO - [2025-05-02 16:52:48,077] {manager.py:508} INFO - Created Permission View: can edit on DAG:latest_only_with_trigger
[2025-05-02 16:52:48,085] {logging_mixin.py:115} INFO - [2025-05-02 16:52:48,085] {manager.py:508} INFO - Created Permission View: can delete on DAG:latest_only_with_trigger
[2025-05-02 16:52:48,092] {logging_mixin.py:115} INFO - [2025-05-02 16:52:48,092] {manager.py:508} INFO - Created Permission View: can read on DAG:latest_only_with_trigger
[2025-05-02 16:52:48,092] {logging_mixin.py:115} INFO - [2025-05-02 16:52:48,092] {dag.py:2379} INFO - Sync 1 DAGs
[2025-05-02 16:52:48,097] {logging_mixin.py:115} INFO - [2025-05-02 16:52:48,097] {dag.py:2398} INFO - Creating ORM DAG for latest_only_with_trigger
[2025-05-02 16:52:48,102] {logging_mixin.py:115} INFO - [2025-05-02 16:52:48,102] {dag.py:2927} INFO - Setting next_dagrun for latest_only_with_trigger to 2025-05-02T15:52:48.102350+00:00, run_after=2025-05-02T19:52:48.102350+00:00
[2025-05-02 16:52:48,114] {processor.py:161} INFO - Processing /root/Documents/airflowalu/venv/lib/python3.9/site-packages/airflow/example_dags/example_latest_only_with_trigger.py took 0.099 seconds
[2025-05-02 16:53:18,518] {processor.py:153} INFO - Started process (PID=3252) to work on /root/Documents/airflowalu/venv/lib/python3.9/site-packages/airflow/example_dags/example_latest_only_with_trigger.py
[2025-05-02 16:53:18,518] {processor.py:641} INFO - Processing file /root/Documents/airflowalu/venv/lib/python3.9/site-packages/airflow/example_dags/example_latest_only_with_trigger.py for tasks to queue
[2025-05-02 16:53:18,519] {logging_mixin.py:115} INFO - [2025-05-02 16:53:18,519] {dagbag.py:507} INFO - Filling up the DagBag from /root/Documents/airflowalu/venv/lib/python3.9/site-packages/airflow/example_dags/example_latest_only_with_trigger.py
[2025-05-02 16:53:18,522] {processor.py:651} INFO - DAG(s) dict_keys(['latest_only_with_trigger']) retrieved from /root/Documents/airflowalu/venv/lib/python3.9/site-packages/airflow/example_dags/example_latest_only_with_trigger.py
[2025-05-02 16:53:18,530] {logging_mixin.py:115} INFO - [2025-05-02 16:53:18,530] {dag.py:2379} INFO - Sync 1 DAGs
[2025-05-02 16:53:18,540] {logging_mixin.py:115} INFO - [2025-05-02 16:53:18,540] {dag.py:2927} INFO - Setting next_dagrun for latest_only_with_trigger to 2025-05-02T15:53:18.540703+00:00, run_after=2025-05-02T19:53:18.540703+00:00
[2025-05-02 16:53:18,551] {processor.py:161} INFO - Processing /root/Documents/airflowalu/venv/lib/python3.9/site-packages/airflow/example_dags/example_latest_only_with_trigger.py took 0.035 seconds
[2025-05-02 16:53:48,321] {processor.py:153} INFO - Started process (PID=3665) to work on /root/Documents/airflowalu/venv/lib/python3.9/site-packages/airflow/example_dags/example_latest_only_with_trigger.py
[2025-05-02 16:53:48,322] {processor.py:641} INFO - Processing file /root/Documents/airflowalu/venv/lib/python3.9/site-packages/airflow/example_dags/example_latest_only_with_trigger.py for tasks to queue
[2025-05-02 16:53:48,322] {logging_mixin.py:115} INFO - [2025-05-02 16:53:48,322] {dagbag.py:507} INFO - Filling up the DagBag from /root/Documents/airflowalu/venv/lib/python3.9/site-packages/airflow/example_dags/example_latest_only_with_trigger.py
[2025-05-02 16:53:48,325] {processor.py:651} INFO - DAG(s) dict_keys(['latest_only_with_trigger']) retrieved from /root/Documents/airflowalu/venv/lib/python3.9/site-packages/airflow/example_dags/example_latest_only_with_trigger.py
[2025-05-02 16:53:48,334] {logging_mixin.py:115} INFO - [2025-05-02 16:53:48,334] {dag.py:2379} INFO - Sync 1 DAGs
[2025-05-02 16:53:48,344] {logging_mixin.py:115} INFO - [2025-05-02 16:53:48,344] {dag.py:2927} INFO - Setting next_dagrun for latest_only_with_trigger to 2025-05-02T15:53:48.344179+00:00, run_after=2025-05-02T19:53:48.344179+00:00
[2025-05-02 16:53:48,353] {processor.py:161} INFO - Processing /root/Documents/airflowalu/venv/lib/python3.9/site-packages/airflow/example_dags/example_latest_only_with_trigger.py took 0.034 seconds
[2025-05-02 16:54:19,777] {processor.py:153} INFO - Started process (PID=3804) to work on /root/Documents/airflowalu/venv/lib/python3.9/site-packages/airflow/example_dags/example_latest_only_with_trigger.py
[2025-05-02 16:54:19,778] {processor.py:641} INFO - Processing file /root/Documents/airflowalu/venv/lib/python3.9/site-packages/airflow/example_dags/example_latest_only_with_trigger.py for tasks to queue
[2025-05-02 16:54:19,778] {logging_mixin.py:115} INFO - [2025-05-02 16:54:19,778] {dagbag.py:507} INFO - Filling up the DagBag from /root/Documents/airflowalu/venv/lib/python3.9/site-packages/airflow/example_dags/example_latest_only_with_trigger.py
[2025-05-02 16:54:19,781] {processor.py:651} INFO - DAG(s) dict_keys(['latest_only_with_trigger']) retrieved from /root/Documents/airflowalu/venv/lib/python3.9/site-packages/airflow/example_dags/example_latest_only_with_trigger.py
[2025-05-02 16:54:19,789] {logging_mixin.py:115} INFO - [2025-05-02 16:54:19,789] {dag.py:2379} INFO - Sync 1 DAGs
[2025-05-02 16:54:19,800] {logging_mixin.py:115} INFO - [2025-05-02 16:54:19,800] {dag.py:2927} INFO - Setting next_dagrun for latest_only_with_trigger to 2025-05-02T15:54:19.799917+00:00, run_after=2025-05-02T19:54:19.799917+00:00
[2025-05-02 16:54:19,811] {processor.py:161} INFO - Processing /root/Documents/airflowalu/venv/lib/python3.9/site-packages/airflow/example_dags/example_latest_only_with_trigger.py took 0.035 seconds
[2025-05-02 16:54:52,149] {processor.py:153} INFO - Started process (PID=3934) to work on /root/Documents/airflowalu/venv/lib/python3.9/site-packages/airflow/example_dags/example_latest_only_with_trigger.py
[2025-05-02 16:54:52,150] {processor.py:641} INFO - Processing file /root/Documents/airflowalu/venv/lib/python3.9/site-packages/airflow/example_dags/example_latest_only_with_trigger.py for tasks to queue
[2025-05-02 16:54:52,150] {logging_mixin.py:115} INFO - [2025-05-02 16:54:52,150] {dagbag.py:507} INFO - Filling up the DagBag from /root/Documents/airflowalu/venv/lib/python3.9/site-packages/airflow/example_dags/example_latest_only_with_trigger.py
[2025-05-02 16:54:52,154] {processor.py:651} INFO - DAG(s) dict_keys(['latest_only_with_trigger']) retrieved from /root/Documents/airflowalu/venv/lib/python3.9/site-packages/airflow/example_dags/example_latest_only_with_trigger.py
[2025-05-02 16:54:52,164] {logging_mixin.py:115} INFO - [2025-05-02 16:54:52,164] {dag.py:2379} INFO - Sync 1 DAGs
[2025-05-02 16:54:52,179] {logging_mixin.py:115} INFO - [2025-05-02 16:54:52,178] {dag.py:2927} INFO - Setting next_dagrun for latest_only_with_trigger to 2025-05-02T15:54:52.178672+00:00, run_after=2025-05-02T19:54:52.178672+00:00
[2025-05-02 16:54:52,192] {processor.py:161} INFO - Processing /root/Documents/airflowalu/venv/lib/python3.9/site-packages/airflow/example_dags/example_latest_only_with_trigger.py took 0.044 seconds
[2025-05-02 16:55:23,697] {processor.py:153} INFO - Started process (PID=4073) to work on /root/Documents/airflowalu/venv/lib/python3.9/site-packages/airflow/example_dags/example_latest_only_with_trigger.py
[2025-05-02 16:55:23,698] {processor.py:641} INFO - Processing file /root/Documents/airflowalu/venv/lib/python3.9/site-packages/airflow/example_dags/example_latest_only_with_trigger.py for tasks to queue
[2025-05-02 16:55:23,698] {logging_mixin.py:115} INFO - [2025-05-02 16:55:23,698] {dagbag.py:507} INFO - Filling up the DagBag from /root/Documents/airflowalu/venv/lib/python3.9/site-packages/airflow/example_dags/example_latest_only_with_trigger.py
[2025-05-02 16:55:23,702] {processor.py:651} INFO - DAG(s) dict_keys(['latest_only_with_trigger']) retrieved from /root/Documents/airflowalu/venv/lib/python3.9/site-packages/airflow/example_dags/example_latest_only_with_trigger.py
[2025-05-02 16:55:23,713] {logging_mixin.py:115} INFO - [2025-05-02 16:55:23,713] {dag.py:2379} INFO - Sync 1 DAGs
[2025-05-02 16:55:23,725] {logging_mixin.py:115} INFO - [2025-05-02 16:55:23,725] {dag.py:2927} INFO - Setting next_dagrun for latest_only_with_trigger to 2025-05-02T15:55:23.725221+00:00, run_after=2025-05-02T19:55:23.725221+00:00
[2025-05-02 16:55:23,738] {processor.py:161} INFO - Processing /root/Documents/airflowalu/venv/lib/python3.9/site-packages/airflow/example_dags/example_latest_only_with_trigger.py took 0.042 seconds
[2025-05-02 16:55:55,497] {processor.py:153} INFO - Started process (PID=4498) to work on /root/Documents/airflowalu/venv/lib/python3.9/site-packages/airflow/example_dags/example_latest_only_with_trigger.py
[2025-05-02 16:55:55,498] {processor.py:641} INFO - Processing file /root/Documents/airflowalu/venv/lib/python3.9/site-packages/airflow/example_dags/example_latest_only_with_trigger.py for tasks to queue
[2025-05-02 16:55:55,498] {logging_mixin.py:115} INFO - [2025-05-02 16:55:55,498] {dagbag.py:507} INFO - Filling up the DagBag from /root/Documents/airflowalu/venv/lib/python3.9/site-packages/airflow/example_dags/example_latest_only_with_trigger.py
[2025-05-02 16:55:55,501] {processor.py:651} INFO - DAG(s) dict_keys(['latest_only_with_trigger']) retrieved from /root/Documents/airflowalu/venv/lib/python3.9/site-packages/airflow/example_dags/example_latest_only_with_trigger.py
[2025-05-02 16:55:55,510] {logging_mixin.py:115} INFO - [2025-05-02 16:55:55,510] {dag.py:2379} INFO - Sync 1 DAGs
[2025-05-02 16:55:55,522] {logging_mixin.py:115} INFO - [2025-05-02 16:55:55,522] {dag.py:2927} INFO - Setting next_dagrun for latest_only_with_trigger to 2025-05-02T15:55:55.521907+00:00, run_after=2025-05-02T19:55:55.521907+00:00
[2025-05-02 16:55:55,533] {processor.py:161} INFO - Processing /root/Documents/airflowalu/venv/lib/python3.9/site-packages/airflow/example_dags/example_latest_only_with_trigger.py took 0.037 seconds
[2025-05-02 16:56:26,077] {processor.py:153} INFO - Started process (PID=4624) to work on /root/Documents/airflowalu/venv/lib/python3.9/site-packages/airflow/example_dags/example_latest_only_with_trigger.py
[2025-05-02 16:56:26,078] {processor.py:641} INFO - Processing file /root/Documents/airflowalu/venv/lib/python3.9/site-packages/airflow/example_dags/example_latest_only_with_trigger.py for tasks to queue
[2025-05-02 16:56:26,079] {logging_mixin.py:115} INFO - [2025-05-02 16:56:26,078] {dagbag.py:507} INFO - Filling up the DagBag from /root/Documents/airflowalu/venv/lib/python3.9/site-packages/airflow/example_dags/example_latest_only_with_trigger.py
[2025-05-02 16:56:26,082] {processor.py:651} INFO - DAG(s) dict_keys(['latest_only_with_trigger']) retrieved from /root/Documents/airflowalu/venv/lib/python3.9/site-packages/airflow/example_dags/example_latest_only_with_trigger.py
[2025-05-02 16:56:26,093] {logging_mixin.py:115} INFO - [2025-05-02 16:56:26,093] {dag.py:2379} INFO - Sync 1 DAGs
[2025-05-02 16:56:26,105] {logging_mixin.py:115} INFO - [2025-05-02 16:56:26,104] {dag.py:2927} INFO - Setting next_dagrun for latest_only_with_trigger to 2025-05-02T15:56:26.104728+00:00, run_after=2025-05-02T19:56:26.104728+00:00
[2025-05-02 16:56:26,117] {processor.py:161} INFO - Processing /root/Documents/airflowalu/venv/lib/python3.9/site-packages/airflow/example_dags/example_latest_only_with_trigger.py took 0.041 seconds
[2025-05-02 16:56:59,142] {processor.py:153} INFO - Started process (PID=4762) to work on /root/Documents/airflowalu/venv/lib/python3.9/site-packages/airflow/example_dags/example_latest_only_with_trigger.py
[2025-05-02 16:56:59,143] {processor.py:641} INFO - Processing file /root/Documents/airflowalu/venv/lib/python3.9/site-packages/airflow/example_dags/example_latest_only_with_trigger.py for tasks to queue
[2025-05-02 16:56:59,143] {logging_mixin.py:115} INFO - [2025-05-02 16:56:59,143] {dagbag.py:507} INFO - Filling up the DagBag from /root/Documents/airflowalu/venv/lib/python3.9/site-packages/airflow/example_dags/example_latest_only_with_trigger.py
[2025-05-02 16:56:59,147] {processor.py:651} INFO - DAG(s) dict_keys(['latest_only_with_trigger']) retrieved from /root/Documents/airflowalu/venv/lib/python3.9/site-packages/airflow/example_dags/example_latest_only_with_trigger.py
[2025-05-02 16:56:59,155] {logging_mixin.py:115} INFO - [2025-05-02 16:56:59,155] {dag.py:2379} INFO - Sync 1 DAGs
[2025-05-02 16:56:59,165] {logging_mixin.py:115} INFO - [2025-05-02 16:56:59,165] {dag.py:2927} INFO - Setting next_dagrun for latest_only_with_trigger to 2025-05-02T15:56:59.165735+00:00, run_after=2025-05-02T19:56:59.165735+00:00
[2025-05-02 16:56:59,175] {processor.py:161} INFO - Processing /root/Documents/airflowalu/venv/lib/python3.9/site-packages/airflow/example_dags/example_latest_only_with_trigger.py took 0.035 seconds
[2025-05-02 16:57:30,797] {processor.py:153} INFO - Started process (PID=4904) to work on /root/Documents/airflowalu/venv/lib/python3.9/site-packages/airflow/example_dags/example_latest_only_with_trigger.py
[2025-05-02 16:57:30,798] {processor.py:641} INFO - Processing file /root/Documents/airflowalu/venv/lib/python3.9/site-packages/airflow/example_dags/example_latest_only_with_trigger.py for tasks to queue
[2025-05-02 16:57:30,798] {logging_mixin.py:115} INFO - [2025-05-02 16:57:30,798] {dagbag.py:507} INFO - Filling up the DagBag from /root/Documents/airflowalu/venv/lib/python3.9/site-packages/airflow/example_dags/example_latest_only_with_trigger.py
[2025-05-02 16:57:30,801] {processor.py:651} INFO - DAG(s) dict_keys(['latest_only_with_trigger']) retrieved from /root/Documents/airflowalu/venv/lib/python3.9/site-packages/airflow/example_dags/example_latest_only_with_trigger.py
[2025-05-02 16:57:30,810] {logging_mixin.py:115} INFO - [2025-05-02 16:57:30,809] {dag.py:2379} INFO - Sync 1 DAGs
[2025-05-02 16:57:30,820] {logging_mixin.py:115} INFO - [2025-05-02 16:57:30,820] {dag.py:2927} INFO - Setting next_dagrun for latest_only_with_trigger to 2025-05-02T15:57:30.820035+00:00, run_after=2025-05-02T19:57:30.820035+00:00
[2025-05-02 16:57:30,831] {processor.py:161} INFO - Processing /root/Documents/airflowalu/venv/lib/python3.9/site-packages/airflow/example_dags/example_latest_only_with_trigger.py took 0.035 seconds
[2025-05-02 16:58:01,816] {processor.py:153} INFO - Started process (PID=5035) to work on /root/Documents/airflowalu/venv/lib/python3.9/site-packages/airflow/example_dags/example_latest_only_with_trigger.py
[2025-05-02 16:58:01,816] {processor.py:641} INFO - Processing file /root/Documents/airflowalu/venv/lib/python3.9/site-packages/airflow/example_dags/example_latest_only_with_trigger.py for tasks to queue
[2025-05-02 16:58:01,817] {logging_mixin.py:115} INFO - [2025-05-02 16:58:01,817] {dagbag.py:507} INFO - Filling up the DagBag from /root/Documents/airflowalu/venv/lib/python3.9/site-packages/airflow/example_dags/example_latest_only_with_trigger.py
[2025-05-02 16:58:01,820] {processor.py:651} INFO - DAG(s) dict_keys(['latest_only_with_trigger']) retrieved from /root/Documents/airflowalu/venv/lib/python3.9/site-packages/airflow/example_dags/example_latest_only_with_trigger.py
[2025-05-02 16:58:01,829] {logging_mixin.py:115} INFO - [2025-05-02 16:58:01,829] {dag.py:2379} INFO - Sync 1 DAGs
[2025-05-02 16:58:01,839] {logging_mixin.py:115} INFO - [2025-05-02 16:58:01,839] {dag.py:2927} INFO - Setting next_dagrun for latest_only_with_trigger to 2025-05-02T15:58:01.839766+00:00, run_after=2025-05-02T19:58:01.839766+00:00
[2025-05-02 16:58:01,849] {processor.py:161} INFO - Processing /root/Documents/airflowalu/venv/lib/python3.9/site-packages/airflow/example_dags/example_latest_only_with_trigger.py took 0.035 seconds
[2025-05-02 16:58:34,619] {processor.py:153} INFO - Started process (PID=5178) to work on /root/Documents/airflowalu/venv/lib/python3.9/site-packages/airflow/example_dags/example_latest_only_with_trigger.py
[2025-05-02 16:58:34,620] {processor.py:641} INFO - Processing file /root/Documents/airflowalu/venv/lib/python3.9/site-packages/airflow/example_dags/example_latest_only_with_trigger.py for tasks to queue
[2025-05-02 16:58:34,620] {logging_mixin.py:115} INFO - [2025-05-02 16:58:34,620] {dagbag.py:507} INFO - Filling up the DagBag from /root/Documents/airflowalu/venv/lib/python3.9/site-packages/airflow/example_dags/example_latest_only_with_trigger.py
[2025-05-02 16:58:34,623] {processor.py:651} INFO - DAG(s) dict_keys(['latest_only_with_trigger']) retrieved from /root/Documents/airflowalu/venv/lib/python3.9/site-packages/airflow/example_dags/example_latest_only_with_trigger.py
[2025-05-02 16:58:34,632] {logging_mixin.py:115} INFO - [2025-05-02 16:58:34,632] {dag.py:2379} INFO - Sync 1 DAGs
[2025-05-02 16:58:34,643] {logging_mixin.py:115} INFO - [2025-05-02 16:58:34,643] {dag.py:2927} INFO - Setting next_dagrun for latest_only_with_trigger to 2025-05-02T15:58:34.643515+00:00, run_after=2025-05-02T19:58:34.643515+00:00
[2025-05-02 16:58:34,655] {processor.py:161} INFO - Processing /root/Documents/airflowalu/venv/lib/python3.9/site-packages/airflow/example_dags/example_latest_only_with_trigger.py took 0.037 seconds
[2025-05-02 16:59:10,131] {processor.py:153} INFO - Started process (PID=5325) to work on /root/Documents/airflowalu/venv/lib/python3.9/site-packages/airflow/example_dags/example_latest_only_with_trigger.py
[2025-05-02 16:59:10,132] {processor.py:641} INFO - Processing file /root/Documents/airflowalu/venv/lib/python3.9/site-packages/airflow/example_dags/example_latest_only_with_trigger.py for tasks to queue
[2025-05-02 16:59:10,132] {logging_mixin.py:115} INFO - [2025-05-02 16:59:10,132] {dagbag.py:507} INFO - Filling up the DagBag from /root/Documents/airflowalu/venv/lib/python3.9/site-packages/airflow/example_dags/example_latest_only_with_trigger.py
[2025-05-02 16:59:10,135] {processor.py:651} INFO - DAG(s) dict_keys(['latest_only_with_trigger']) retrieved from /root/Documents/airflowalu/venv/lib/python3.9/site-packages/airflow/example_dags/example_latest_only_with_trigger.py
[2025-05-02 16:59:10,144] {logging_mixin.py:115} INFO - [2025-05-02 16:59:10,144] {dag.py:2379} INFO - Sync 1 DAGs
[2025-05-02 16:59:10,154] {logging_mixin.py:115} INFO - [2025-05-02 16:59:10,154] {dag.py:2927} INFO - Setting next_dagrun for latest_only_with_trigger to 2025-05-02T15:59:10.154153+00:00, run_after=2025-05-02T19:59:10.154153+00:00
[2025-05-02 16:59:10,163] {processor.py:161} INFO - Processing /root/Documents/airflowalu/venv/lib/python3.9/site-packages/airflow/example_dags/example_latest_only_with_trigger.py took 0.034 seconds
[2025-05-02 16:59:42,336] {processor.py:153} INFO - Started process (PID=5456) to work on /root/Documents/airflowalu/venv/lib/python3.9/site-packages/airflow/example_dags/example_latest_only_with_trigger.py
[2025-05-02 16:59:42,337] {processor.py:641} INFO - Processing file /root/Documents/airflowalu/venv/lib/python3.9/site-packages/airflow/example_dags/example_latest_only_with_trigger.py for tasks to queue
[2025-05-02 16:59:42,337] {logging_mixin.py:115} INFO - [2025-05-02 16:59:42,337] {dagbag.py:507} INFO - Filling up the DagBag from /root/Documents/airflowalu/venv/lib/python3.9/site-packages/airflow/example_dags/example_latest_only_with_trigger.py
[2025-05-02 16:59:42,340] {processor.py:651} INFO - DAG(s) dict_keys(['latest_only_with_trigger']) retrieved from /root/Documents/airflowalu/venv/lib/python3.9/site-packages/airflow/example_dags/example_latest_only_with_trigger.py
[2025-05-02 16:59:42,348] {logging_mixin.py:115} INFO - [2025-05-02 16:59:42,348] {dag.py:2379} INFO - Sync 1 DAGs
[2025-05-02 16:59:42,358] {logging_mixin.py:115} INFO - [2025-05-02 16:59:42,358] {dag.py:2927} INFO - Setting next_dagrun for latest_only_with_trigger to 2025-05-02T15:59:42.358047+00:00, run_after=2025-05-02T19:59:42.358047+00:00
[2025-05-02 16:59:42,367] {processor.py:161} INFO - Processing /root/Documents/airflowalu/venv/lib/python3.9/site-packages/airflow/example_dags/example_latest_only_with_trigger.py took 0.033 seconds
[2025-05-02 17:00:15,898] {processor.py:153} INFO - Started process (PID=5602) to work on /root/Documents/airflowalu/venv/lib/python3.9/site-packages/airflow/example_dags/example_latest_only_with_trigger.py
[2025-05-02 17:00:15,899] {processor.py:641} INFO - Processing file /root/Documents/airflowalu/venv/lib/python3.9/site-packages/airflow/example_dags/example_latest_only_with_trigger.py for tasks to queue
[2025-05-02 17:00:15,899] {logging_mixin.py:115} INFO - [2025-05-02 17:00:15,899] {dagbag.py:507} INFO - Filling up the DagBag from /root/Documents/airflowalu/venv/lib/python3.9/site-packages/airflow/example_dags/example_latest_only_with_trigger.py
[2025-05-02 17:00:15,902] {processor.py:651} INFO - DAG(s) dict_keys(['latest_only_with_trigger']) retrieved from /root/Documents/airflowalu/venv/lib/python3.9/site-packages/airflow/example_dags/example_latest_only_with_trigger.py
[2025-05-02 17:00:15,911] {logging_mixin.py:115} INFO - [2025-05-02 17:00:15,910] {dag.py:2379} INFO - Sync 1 DAGs
[2025-05-02 17:00:15,920] {logging_mixin.py:115} INFO - [2025-05-02 17:00:15,920] {dag.py:2927} INFO - Setting next_dagrun for latest_only_with_trigger to 2025-05-02T16:00:15.920680+00:00, run_after=2025-05-02T20:00:15.920680+00:00
[2025-05-02 17:00:15,931] {processor.py:161} INFO - Processing /root/Documents/airflowalu/venv/lib/python3.9/site-packages/airflow/example_dags/example_latest_only_with_trigger.py took 0.034 seconds
[2025-05-02 17:00:47,540] {processor.py:153} INFO - Started process (PID=5734) to work on /root/Documents/airflowalu/venv/lib/python3.9/site-packages/airflow/example_dags/example_latest_only_with_trigger.py
[2025-05-02 17:00:47,541] {processor.py:641} INFO - Processing file /root/Documents/airflowalu/venv/lib/python3.9/site-packages/airflow/example_dags/example_latest_only_with_trigger.py for tasks to queue
[2025-05-02 17:00:47,541] {logging_mixin.py:115} INFO - [2025-05-02 17:00:47,541] {dagbag.py:507} INFO - Filling up the DagBag from /root/Documents/airflowalu/venv/lib/python3.9/site-packages/airflow/example_dags/example_latest_only_with_trigger.py
[2025-05-02 17:00:47,544] {processor.py:651} INFO - DAG(s) dict_keys(['latest_only_with_trigger']) retrieved from /root/Documents/airflowalu/venv/lib/python3.9/site-packages/airflow/example_dags/example_latest_only_with_trigger.py
[2025-05-02 17:00:47,553] {logging_mixin.py:115} INFO - [2025-05-02 17:00:47,553] {dag.py:2379} INFO - Sync 1 DAGs
[2025-05-02 17:00:47,563] {logging_mixin.py:115} INFO - [2025-05-02 17:00:47,563] {dag.py:2927} INFO - Setting next_dagrun for latest_only_with_trigger to 2025-05-02T16:00:47.563227+00:00, run_after=2025-05-02T20:00:47.563227+00:00
[2025-05-02 17:00:47,573] {processor.py:161} INFO - Processing /root/Documents/airflowalu/venv/lib/python3.9/site-packages/airflow/example_dags/example_latest_only_with_trigger.py took 0.035 seconds
[2025-05-02 17:01:21,188] {processor.py:153} INFO - Started process (PID=5874) to work on /root/Documents/airflowalu/venv/lib/python3.9/site-packages/airflow/example_dags/example_latest_only_with_trigger.py
[2025-05-02 17:01:21,189] {processor.py:641} INFO - Processing file /root/Documents/airflowalu/venv/lib/python3.9/site-packages/airflow/example_dags/example_latest_only_with_trigger.py for tasks to queue
[2025-05-02 17:01:21,189] {logging_mixin.py:115} INFO - [2025-05-02 17:01:21,189] {dagbag.py:507} INFO - Filling up the DagBag from /root/Documents/airflowalu/venv/lib/python3.9/site-packages/airflow/example_dags/example_latest_only_with_trigger.py
[2025-05-02 17:01:21,192] {processor.py:651} INFO - DAG(s) dict_keys(['latest_only_with_trigger']) retrieved from /root/Documents/airflowalu/venv/lib/python3.9/site-packages/airflow/example_dags/example_latest_only_with_trigger.py
[2025-05-02 17:01:21,201] {logging_mixin.py:115} INFO - [2025-05-02 17:01:21,201] {dag.py:2379} INFO - Sync 1 DAGs
[2025-05-02 17:01:21,211] {logging_mixin.py:115} INFO - [2025-05-02 17:01:21,211] {dag.py:2927} INFO - Setting next_dagrun for latest_only_with_trigger to 2025-05-02T16:01:21.211622+00:00, run_after=2025-05-02T20:01:21.211622+00:00
[2025-05-02 17:01:21,221] {processor.py:161} INFO - Processing /root/Documents/airflowalu/venv/lib/python3.9/site-packages/airflow/example_dags/example_latest_only_with_trigger.py took 0.035 seconds
[2025-05-02 17:01:50,367] {processor.py:153} INFO - Started process (PID=6008) to work on /root/Documents/airflowalu/venv/lib/python3.9/site-packages/airflow/example_dags/example_latest_only_with_trigger.py
[2025-05-02 17:01:50,368] {processor.py:641} INFO - Processing file /root/Documents/airflowalu/venv/lib/python3.9/site-packages/airflow/example_dags/example_latest_only_with_trigger.py for tasks to queue
[2025-05-02 17:01:50,368] {logging_mixin.py:115} INFO - [2025-05-02 17:01:50,368] {dagbag.py:507} INFO - Filling up the DagBag from /root/Documents/airflowalu/venv/lib/python3.9/site-packages/airflow/example_dags/example_latest_only_with_trigger.py
[2025-05-02 17:01:50,371] {processor.py:651} INFO - DAG(s) dict_keys(['latest_only_with_trigger']) retrieved from /root/Documents/airflowalu/venv/lib/python3.9/site-packages/airflow/example_dags/example_latest_only_with_trigger.py
[2025-05-02 17:01:50,381] {logging_mixin.py:115} INFO - [2025-05-02 17:01:50,381] {dag.py:2379} INFO - Sync 1 DAGs
[2025-05-02 17:01:50,391] {logging_mixin.py:115} INFO - [2025-05-02 17:01:50,391] {dag.py:2927} INFO - Setting next_dagrun for latest_only_with_trigger to 2025-05-02T16:01:50.391704+00:00, run_after=2025-05-02T20:01:50.391704+00:00
[2025-05-02 17:01:50,401] {processor.py:161} INFO - Processing /root/Documents/airflowalu/venv/lib/python3.9/site-packages/airflow/example_dags/example_latest_only_with_trigger.py took 0.036 seconds
[2025-05-02 17:02:21,793] {processor.py:153} INFO - Started process (PID=6133) to work on /root/Documents/airflowalu/venv/lib/python3.9/site-packages/airflow/example_dags/example_latest_only_with_trigger.py
[2025-05-02 17:02:21,793] {processor.py:641} INFO - Processing file /root/Documents/airflowalu/venv/lib/python3.9/site-packages/airflow/example_dags/example_latest_only_with_trigger.py for tasks to queue
[2025-05-02 17:02:21,794] {logging_mixin.py:115} INFO - [2025-05-02 17:02:21,793] {dagbag.py:507} INFO - Filling up the DagBag from /root/Documents/airflowalu/venv/lib/python3.9/site-packages/airflow/example_dags/example_latest_only_with_trigger.py
[2025-05-02 17:02:21,797] {processor.py:651} INFO - DAG(s) dict_keys(['latest_only_with_trigger']) retrieved from /root/Documents/airflowalu/venv/lib/python3.9/site-packages/airflow/example_dags/example_latest_only_with_trigger.py
[2025-05-02 17:02:21,805] {logging_mixin.py:115} INFO - [2025-05-02 17:02:21,805] {dag.py:2379} INFO - Sync 1 DAGs
[2025-05-02 17:02:21,815] {logging_mixin.py:115} INFO - [2025-05-02 17:02:21,815] {dag.py:2927} INFO - Setting next_dagrun for latest_only_with_trigger to 2025-05-02T16:02:21.815625+00:00, run_after=2025-05-02T20:02:21.815625+00:00
[2025-05-02 17:02:21,826] {processor.py:161} INFO - Processing /root/Documents/airflowalu/venv/lib/python3.9/site-packages/airflow/example_dags/example_latest_only_with_trigger.py took 0.035 seconds
[2025-05-02 17:02:54,086] {processor.py:153} INFO - Started process (PID=6277) to work on /root/Documents/airflowalu/venv/lib/python3.9/site-packages/airflow/example_dags/example_latest_only_with_trigger.py
[2025-05-02 17:02:54,087] {processor.py:641} INFO - Processing file /root/Documents/airflowalu/venv/lib/python3.9/site-packages/airflow/example_dags/example_latest_only_with_trigger.py for tasks to queue
[2025-05-02 17:02:54,088] {logging_mixin.py:115} INFO - [2025-05-02 17:02:54,087] {dagbag.py:507} INFO - Filling up the DagBag from /root/Documents/airflowalu/venv/lib/python3.9/site-packages/airflow/example_dags/example_latest_only_with_trigger.py
[2025-05-02 17:02:54,091] {processor.py:651} INFO - DAG(s) dict_keys(['latest_only_with_trigger']) retrieved from /root/Documents/airflowalu/venv/lib/python3.9/site-packages/airflow/example_dags/example_latest_only_with_trigger.py
[2025-05-02 17:02:54,103] {logging_mixin.py:115} INFO - [2025-05-02 17:02:54,103] {dag.py:2379} INFO - Sync 1 DAGs
[2025-05-02 17:02:54,119] {logging_mixin.py:115} INFO - [2025-05-02 17:02:54,119] {dag.py:2927} INFO - Setting next_dagrun for latest_only_with_trigger to 2025-05-02T16:02:54.119113+00:00, run_after=2025-05-02T20:02:54.119113+00:00
[2025-05-02 17:02:54,130] {processor.py:161} INFO - Processing /root/Documents/airflowalu/venv/lib/python3.9/site-packages/airflow/example_dags/example_latest_only_with_trigger.py took 0.045 seconds
[2025-05-02 17:03:28,263] {processor.py:153} INFO - Started process (PID=6430) to work on /root/Documents/airflowalu/venv/lib/python3.9/site-packages/airflow/example_dags/example_latest_only_with_trigger.py
[2025-05-02 17:03:28,264] {processor.py:641} INFO - Processing file /root/Documents/airflowalu/venv/lib/python3.9/site-packages/airflow/example_dags/example_latest_only_with_trigger.py for tasks to queue
[2025-05-02 17:03:28,264] {logging_mixin.py:115} INFO - [2025-05-02 17:03:28,264] {dagbag.py:507} INFO - Filling up the DagBag from /root/Documents/airflowalu/venv/lib/python3.9/site-packages/airflow/example_dags/example_latest_only_with_trigger.py
[2025-05-02 17:03:28,268] {processor.py:651} INFO - DAG(s) dict_keys(['latest_only_with_trigger']) retrieved from /root/Documents/airflowalu/venv/lib/python3.9/site-packages/airflow/example_dags/example_latest_only_with_trigger.py
[2025-05-02 17:03:28,277] {logging_mixin.py:115} INFO - [2025-05-02 17:03:28,277] {dag.py:2379} INFO - Sync 1 DAGs
[2025-05-02 17:03:28,289] {logging_mixin.py:115} INFO - [2025-05-02 17:03:28,289] {dag.py:2927} INFO - Setting next_dagrun for latest_only_with_trigger to 2025-05-02T16:03:28.289519+00:00, run_after=2025-05-02T20:03:28.289519+00:00
[2025-05-02 17:03:28,301] {processor.py:161} INFO - Processing /root/Documents/airflowalu/venv/lib/python3.9/site-packages/airflow/example_dags/example_latest_only_with_trigger.py took 0.039 seconds
[2025-05-02 17:03:59,405] {processor.py:153} INFO - Started process (PID=6561) to work on /root/Documents/airflowalu/venv/lib/python3.9/site-packages/airflow/example_dags/example_latest_only_with_trigger.py
[2025-05-02 17:03:59,406] {processor.py:641} INFO - Processing file /root/Documents/airflowalu/venv/lib/python3.9/site-packages/airflow/example_dags/example_latest_only_with_trigger.py for tasks to queue
[2025-05-02 17:03:59,406] {logging_mixin.py:115} INFO - [2025-05-02 17:03:59,406] {dagbag.py:507} INFO - Filling up the DagBag from /root/Documents/airflowalu/venv/lib/python3.9/site-packages/airflow/example_dags/example_latest_only_with_trigger.py
[2025-05-02 17:03:59,410] {processor.py:651} INFO - DAG(s) dict_keys(['latest_only_with_trigger']) retrieved from /root/Documents/airflowalu/venv/lib/python3.9/site-packages/airflow/example_dags/example_latest_only_with_trigger.py
[2025-05-02 17:03:59,418] {logging_mixin.py:115} INFO - [2025-05-02 17:03:59,418] {dag.py:2379} INFO - Sync 1 DAGs
[2025-05-02 17:03:59,429] {logging_mixin.py:115} INFO - [2025-05-02 17:03:59,428] {dag.py:2927} INFO - Setting next_dagrun for latest_only_with_trigger to 2025-05-02T16:03:59.428811+00:00, run_after=2025-05-02T20:03:59.428811+00:00
[2025-05-02 17:03:59,440] {processor.py:161} INFO - Processing /root/Documents/airflowalu/venv/lib/python3.9/site-packages/airflow/example_dags/example_latest_only_with_trigger.py took 0.036 seconds
[2025-05-02 17:04:33,345] {processor.py:153} INFO - Started process (PID=6703) to work on /root/Documents/airflowalu/venv/lib/python3.9/site-packages/airflow/example_dags/example_latest_only_with_trigger.py
[2025-05-02 17:04:33,346] {processor.py:641} INFO - Processing file /root/Documents/airflowalu/venv/lib/python3.9/site-packages/airflow/example_dags/example_latest_only_with_trigger.py for tasks to queue
[2025-05-02 17:04:33,347] {logging_mixin.py:115} INFO - [2025-05-02 17:04:33,347] {dagbag.py:507} INFO - Filling up the DagBag from /root/Documents/airflowalu/venv/lib/python3.9/site-packages/airflow/example_dags/example_latest_only_with_trigger.py
[2025-05-02 17:04:33,350] {processor.py:651} INFO - DAG(s) dict_keys(['latest_only_with_trigger']) retrieved from /root/Documents/airflowalu/venv/lib/python3.9/site-packages/airflow/example_dags/example_latest_only_with_trigger.py
[2025-05-02 17:04:33,361] {logging_mixin.py:115} INFO - [2025-05-02 17:04:33,361] {dag.py:2379} INFO - Sync 1 DAGs
[2025-05-02 17:04:33,372] {logging_mixin.py:115} INFO - [2025-05-02 17:04:33,372] {dag.py:2927} INFO - Setting next_dagrun for latest_only_with_trigger to 2025-05-02T16:04:33.372235+00:00, run_after=2025-05-02T20:04:33.372235+00:00
[2025-05-02 17:04:33,383] {processor.py:161} INFO - Processing /root/Documents/airflowalu/venv/lib/python3.9/site-packages/airflow/example_dags/example_latest_only_with_trigger.py took 0.039 seconds
[2025-05-02 17:05:04,906] {processor.py:153} INFO - Started process (PID=6838) to work on /root/Documents/airflowalu/venv/lib/python3.9/site-packages/airflow/example_dags/example_latest_only_with_trigger.py
[2025-05-02 17:05:04,906] {processor.py:641} INFO - Processing file /root/Documents/airflowalu/venv/lib/python3.9/site-packages/airflow/example_dags/example_latest_only_with_trigger.py for tasks to queue
[2025-05-02 17:05:04,907] {logging_mixin.py:115} INFO - [2025-05-02 17:05:04,907] {dagbag.py:507} INFO - Filling up the DagBag from /root/Documents/airflowalu/venv/lib/python3.9/site-packages/airflow/example_dags/example_latest_only_with_trigger.py
[2025-05-02 17:05:04,910] {processor.py:651} INFO - DAG(s) dict_keys(['latest_only_with_trigger']) retrieved from /root/Documents/airflowalu/venv/lib/python3.9/site-packages/airflow/example_dags/example_latest_only_with_trigger.py
[2025-05-02 17:05:04,919] {logging_mixin.py:115} INFO - [2025-05-02 17:05:04,919] {dag.py:2379} INFO - Sync 1 DAGs
[2025-05-02 17:05:04,929] {logging_mixin.py:115} INFO - [2025-05-02 17:05:04,929] {dag.py:2927} INFO - Setting next_dagrun for latest_only_with_trigger to 2025-05-02T16:05:04.929589+00:00, run_after=2025-05-02T20:05:04.929589+00:00
[2025-05-02 17:05:04,943] {processor.py:161} INFO - Processing /root/Documents/airflowalu/venv/lib/python3.9/site-packages/airflow/example_dags/example_latest_only_with_trigger.py took 0.039 seconds
[2025-05-02 17:05:38,592] {processor.py:153} INFO - Started process (PID=6983) to work on /root/Documents/airflowalu/venv/lib/python3.9/site-packages/airflow/example_dags/example_latest_only_with_trigger.py
[2025-05-02 17:05:38,593] {processor.py:641} INFO - Processing file /root/Documents/airflowalu/venv/lib/python3.9/site-packages/airflow/example_dags/example_latest_only_with_trigger.py for tasks to queue
[2025-05-02 17:05:38,593] {logging_mixin.py:115} INFO - [2025-05-02 17:05:38,593] {dagbag.py:507} INFO - Filling up the DagBag from /root/Documents/airflowalu/venv/lib/python3.9/site-packages/airflow/example_dags/example_latest_only_with_trigger.py
[2025-05-02 17:05:38,597] {processor.py:651} INFO - DAG(s) dict_keys(['latest_only_with_trigger']) retrieved from /root/Documents/airflowalu/venv/lib/python3.9/site-packages/airflow/example_dags/example_latest_only_with_trigger.py
[2025-05-02 17:05:38,606] {logging_mixin.py:115} INFO - [2025-05-02 17:05:38,606] {dag.py:2379} INFO - Sync 1 DAGs
[2025-05-02 17:05:38,616] {logging_mixin.py:115} INFO - [2025-05-02 17:05:38,616] {dag.py:2927} INFO - Setting next_dagrun for latest_only_with_trigger to 2025-05-02T16:05:38.616402+00:00, run_after=2025-05-02T20:05:38.616402+00:00
[2025-05-02 17:05:38,632] {processor.py:161} INFO - Processing /root/Documents/airflowalu/venv/lib/python3.9/site-packages/airflow/example_dags/example_latest_only_with_trigger.py took 0.041 seconds
[2025-05-02 17:06:12,216] {processor.py:153} INFO - Started process (PID=7125) to work on /root/Documents/airflowalu/venv/lib/python3.9/site-packages/airflow/example_dags/example_latest_only_with_trigger.py
[2025-05-02 17:06:12,217] {processor.py:641} INFO - Processing file /root/Documents/airflowalu/venv/lib/python3.9/site-packages/airflow/example_dags/example_latest_only_with_trigger.py for tasks to queue
[2025-05-02 17:06:12,218] {logging_mixin.py:115} INFO - [2025-05-02 17:06:12,217] {dagbag.py:507} INFO - Filling up the DagBag from /root/Documents/airflowalu/venv/lib/python3.9/site-packages/airflow/example_dags/example_latest_only_with_trigger.py
[2025-05-02 17:06:12,223] {processor.py:651} INFO - DAG(s) dict_keys(['latest_only_with_trigger']) retrieved from /root/Documents/airflowalu/venv/lib/python3.9/site-packages/airflow/example_dags/example_latest_only_with_trigger.py
[2025-05-02 17:06:12,237] {logging_mixin.py:115} INFO - [2025-05-02 17:06:12,237] {dag.py:2379} INFO - Sync 1 DAGs
[2025-05-02 17:06:12,248] {logging_mixin.py:115} INFO - [2025-05-02 17:06:12,248] {dag.py:2927} INFO - Setting next_dagrun for latest_only_with_trigger to 2025-05-02T16:06:12.248583+00:00, run_after=2025-05-02T20:06:12.248583+00:00
[2025-05-02 17:06:12,259] {processor.py:161} INFO - Processing /root/Documents/airflowalu/venv/lib/python3.9/site-packages/airflow/example_dags/example_latest_only_with_trigger.py took 0.045 seconds
[2025-05-02 17:06:43,565] {processor.py:153} INFO - Started process (PID=7256) to work on /root/Documents/airflowalu/venv/lib/python3.9/site-packages/airflow/example_dags/example_latest_only_with_trigger.py
[2025-05-02 17:06:43,566] {processor.py:641} INFO - Processing file /root/Documents/airflowalu/venv/lib/python3.9/site-packages/airflow/example_dags/example_latest_only_with_trigger.py for tasks to queue
[2025-05-02 17:06:43,566] {logging_mixin.py:115} INFO - [2025-05-02 17:06:43,566] {dagbag.py:507} INFO - Filling up the DagBag from /root/Documents/airflowalu/venv/lib/python3.9/site-packages/airflow/example_dags/example_latest_only_with_trigger.py
[2025-05-02 17:06:43,569] {processor.py:651} INFO - DAG(s) dict_keys(['latest_only_with_trigger']) retrieved from /root/Documents/airflowalu/venv/lib/python3.9/site-packages/airflow/example_dags/example_latest_only_with_trigger.py
[2025-05-02 17:06:43,578] {logging_mixin.py:115} INFO - [2025-05-02 17:06:43,578] {dag.py:2379} INFO - Sync 1 DAGs
[2025-05-02 17:06:43,590] {logging_mixin.py:115} INFO - [2025-05-02 17:06:43,590] {dag.py:2927} INFO - Setting next_dagrun for latest_only_with_trigger to 2025-05-02T16:06:43.590179+00:00, run_after=2025-05-02T20:06:43.590179+00:00
[2025-05-02 17:06:43,602] {processor.py:161} INFO - Processing /root/Documents/airflowalu/venv/lib/python3.9/site-packages/airflow/example_dags/example_latest_only_with_trigger.py took 0.039 seconds
[2025-05-02 17:07:14,363] {processor.py:153} INFO - Started process (PID=7391) to work on /root/Documents/airflowalu/venv/lib/python3.9/site-packages/airflow/example_dags/example_latest_only_with_trigger.py
[2025-05-02 17:07:14,364] {processor.py:641} INFO - Processing file /root/Documents/airflowalu/venv/lib/python3.9/site-packages/airflow/example_dags/example_latest_only_with_trigger.py for tasks to queue
[2025-05-02 17:07:14,364] {logging_mixin.py:115} INFO - [2025-05-02 17:07:14,364] {dagbag.py:507} INFO - Filling up the DagBag from /root/Documents/airflowalu/venv/lib/python3.9/site-packages/airflow/example_dags/example_latest_only_with_trigger.py
[2025-05-02 17:07:14,368] {processor.py:651} INFO - DAG(s) dict_keys(['latest_only_with_trigger']) retrieved from /root/Documents/airflowalu/venv/lib/python3.9/site-packages/airflow/example_dags/example_latest_only_with_trigger.py
[2025-05-02 17:07:14,377] {logging_mixin.py:115} INFO - [2025-05-02 17:07:14,377] {dag.py:2379} INFO - Sync 1 DAGs
[2025-05-02 17:07:14,387] {logging_mixin.py:115} INFO - [2025-05-02 17:07:14,387] {dag.py:2927} INFO - Setting next_dagrun for latest_only_with_trigger to 2025-05-02T16:07:14.387605+00:00, run_after=2025-05-02T20:07:14.387605+00:00
[2025-05-02 17:07:14,398] {processor.py:161} INFO - Processing /root/Documents/airflowalu/venv/lib/python3.9/site-packages/airflow/example_dags/example_latest_only_with_trigger.py took 0.037 seconds
[2025-05-02 17:07:49,904] {processor.py:153} INFO - Started process (PID=7536) to work on /root/Documents/airflowalu/venv/lib/python3.9/site-packages/airflow/example_dags/example_latest_only_with_trigger.py
[2025-05-02 17:07:49,904] {processor.py:641} INFO - Processing file /root/Documents/airflowalu/venv/lib/python3.9/site-packages/airflow/example_dags/example_latest_only_with_trigger.py for tasks to queue
[2025-05-02 17:07:49,905] {logging_mixin.py:115} INFO - [2025-05-02 17:07:49,905] {dagbag.py:507} INFO - Filling up the DagBag from /root/Documents/airflowalu/venv/lib/python3.9/site-packages/airflow/example_dags/example_latest_only_with_trigger.py
[2025-05-02 17:07:49,908] {processor.py:651} INFO - DAG(s) dict_keys(['latest_only_with_trigger']) retrieved from /root/Documents/airflowalu/venv/lib/python3.9/site-packages/airflow/example_dags/example_latest_only_with_trigger.py
[2025-05-02 17:07:49,920] {logging_mixin.py:115} INFO - [2025-05-02 17:07:49,920] {dag.py:2379} INFO - Sync 1 DAGs
[2025-05-02 17:07:49,933] {logging_mixin.py:115} INFO - [2025-05-02 17:07:49,933] {dag.py:2927} INFO - Setting next_dagrun for latest_only_with_trigger to 2025-05-02T16:07:49.933516+00:00, run_after=2025-05-02T20:07:49.933516+00:00
[2025-05-02 17:07:49,945] {processor.py:161} INFO - Processing /root/Documents/airflowalu/venv/lib/python3.9/site-packages/airflow/example_dags/example_latest_only_with_trigger.py took 0.043 seconds
[2025-05-02 17:08:23,005] {processor.py:153} INFO - Started process (PID=7677) to work on /root/Documents/airflowalu/venv/lib/python3.9/site-packages/airflow/example_dags/example_latest_only_with_trigger.py
[2025-05-02 17:08:23,006] {processor.py:641} INFO - Processing file /root/Documents/airflowalu/venv/lib/python3.9/site-packages/airflow/example_dags/example_latest_only_with_trigger.py for tasks to queue
[2025-05-02 17:08:23,006] {logging_mixin.py:115} INFO - [2025-05-02 17:08:23,006] {dagbag.py:507} INFO - Filling up the DagBag from /root/Documents/airflowalu/venv/lib/python3.9/site-packages/airflow/example_dags/example_latest_only_with_trigger.py
[2025-05-02 17:08:23,010] {processor.py:651} INFO - DAG(s) dict_keys(['latest_only_with_trigger']) retrieved from /root/Documents/airflowalu/venv/lib/python3.9/site-packages/airflow/example_dags/example_latest_only_with_trigger.py
[2025-05-02 17:08:23,019] {logging_mixin.py:115} INFO - [2025-05-02 17:08:23,019] {dag.py:2379} INFO - Sync 1 DAGs
[2025-05-02 17:08:23,031] {logging_mixin.py:115} INFO - [2025-05-02 17:08:23,031] {dag.py:2927} INFO - Setting next_dagrun for latest_only_with_trigger to 2025-05-02T16:08:23.031032+00:00, run_after=2025-05-02T20:08:23.031032+00:00
[2025-05-02 17:08:23,041] {processor.py:161} INFO - Processing /root/Documents/airflowalu/venv/lib/python3.9/site-packages/airflow/example_dags/example_latest_only_with_trigger.py took 0.037 seconds
[2025-05-02 17:08:53,288] {processor.py:153} INFO - Started process (PID=7817) to work on /root/Documents/airflowalu/venv/lib/python3.9/site-packages/airflow/example_dags/example_latest_only_with_trigger.py
[2025-05-02 17:08:53,289] {processor.py:641} INFO - Processing file /root/Documents/airflowalu/venv/lib/python3.9/site-packages/airflow/example_dags/example_latest_only_with_trigger.py for tasks to queue
[2025-05-02 17:08:53,289] {logging_mixin.py:115} INFO - [2025-05-02 17:08:53,289] {dagbag.py:507} INFO - Filling up the DagBag from /root/Documents/airflowalu/venv/lib/python3.9/site-packages/airflow/example_dags/example_latest_only_with_trigger.py
[2025-05-02 17:08:53,294] {processor.py:651} INFO - DAG(s) dict_keys(['latest_only_with_trigger']) retrieved from /root/Documents/airflowalu/venv/lib/python3.9/site-packages/airflow/example_dags/example_latest_only_with_trigger.py
[2025-05-02 17:08:53,307] {logging_mixin.py:115} INFO - [2025-05-02 17:08:53,307] {dag.py:2379} INFO - Sync 1 DAGs
[2025-05-02 17:08:53,319] {logging_mixin.py:115} INFO - [2025-05-02 17:08:53,319] {dag.py:2927} INFO - Setting next_dagrun for latest_only_with_trigger to 2025-05-02T16:08:53.319689+00:00, run_after=2025-05-02T20:08:53.319689+00:00
[2025-05-02 17:08:53,331] {processor.py:161} INFO - Processing /root/Documents/airflowalu/venv/lib/python3.9/site-packages/airflow/example_dags/example_latest_only_with_trigger.py took 0.045 seconds
[2025-05-02 17:09:25,341] {processor.py:153} INFO - Started process (PID=7950) to work on /root/Documents/airflowalu/venv/lib/python3.9/site-packages/airflow/example_dags/example_latest_only_with_trigger.py
[2025-05-02 17:09:25,342] {processor.py:641} INFO - Processing file /root/Documents/airflowalu/venv/lib/python3.9/site-packages/airflow/example_dags/example_latest_only_with_trigger.py for tasks to queue
[2025-05-02 17:09:25,342] {logging_mixin.py:115} INFO - [2025-05-02 17:09:25,342] {dagbag.py:507} INFO - Filling up the DagBag from /root/Documents/airflowalu/venv/lib/python3.9/site-packages/airflow/example_dags/example_latest_only_with_trigger.py
[2025-05-02 17:09:25,345] {processor.py:651} INFO - DAG(s) dict_keys(['latest_only_with_trigger']) retrieved from /root/Documents/airflowalu/venv/lib/python3.9/site-packages/airflow/example_dags/example_latest_only_with_trigger.py
[2025-05-02 17:09:25,355] {logging_mixin.py:115} INFO - [2025-05-02 17:09:25,355] {dag.py:2379} INFO - Sync 1 DAGs
[2025-05-02 17:09:25,365] {logging_mixin.py:115} INFO - [2025-05-02 17:09:25,365] {dag.py:2927} INFO - Setting next_dagrun for latest_only_with_trigger to 2025-05-02T16:09:25.365254+00:00, run_after=2025-05-02T20:09:25.365254+00:00
[2025-05-02 17:09:25,375] {processor.py:161} INFO - Processing /root/Documents/airflowalu/venv/lib/python3.9/site-packages/airflow/example_dags/example_latest_only_with_trigger.py took 0.035 seconds
[2025-05-02 17:09:57,275] {processor.py:153} INFO - Started process (PID=8087) to work on /root/Documents/airflowalu/venv/lib/python3.9/site-packages/airflow/example_dags/example_latest_only_with_trigger.py
[2025-05-02 17:09:57,276] {processor.py:641} INFO - Processing file /root/Documents/airflowalu/venv/lib/python3.9/site-packages/airflow/example_dags/example_latest_only_with_trigger.py for tasks to queue
[2025-05-02 17:09:57,276] {logging_mixin.py:115} INFO - [2025-05-02 17:09:57,276] {dagbag.py:507} INFO - Filling up the DagBag from /root/Documents/airflowalu/venv/lib/python3.9/site-packages/airflow/example_dags/example_latest_only_with_trigger.py
[2025-05-02 17:09:57,279] {processor.py:651} INFO - DAG(s) dict_keys(['latest_only_with_trigger']) retrieved from /root/Documents/airflowalu/venv/lib/python3.9/site-packages/airflow/example_dags/example_latest_only_with_trigger.py
[2025-05-02 17:09:57,288] {logging_mixin.py:115} INFO - [2025-05-02 17:09:57,288] {dag.py:2379} INFO - Sync 1 DAGs
[2025-05-02 17:09:57,298] {logging_mixin.py:115} INFO - [2025-05-02 17:09:57,298] {dag.py:2927} INFO - Setting next_dagrun for latest_only_with_trigger to 2025-05-02T16:09:57.298478+00:00, run_after=2025-05-02T20:09:57.298478+00:00
[2025-05-02 17:09:57,311] {processor.py:161} INFO - Processing /root/Documents/airflowalu/venv/lib/python3.9/site-packages/airflow/example_dags/example_latest_only_with_trigger.py took 0.038 seconds
[2025-05-02 17:10:30,603] {processor.py:153} INFO - Started process (PID=8226) to work on /root/Documents/airflowalu/venv/lib/python3.9/site-packages/airflow/example_dags/example_latest_only_with_trigger.py
[2025-05-02 17:10:30,604] {processor.py:641} INFO - Processing file /root/Documents/airflowalu/venv/lib/python3.9/site-packages/airflow/example_dags/example_latest_only_with_trigger.py for tasks to queue
[2025-05-02 17:10:30,604] {logging_mixin.py:115} INFO - [2025-05-02 17:10:30,604] {dagbag.py:507} INFO - Filling up the DagBag from /root/Documents/airflowalu/venv/lib/python3.9/site-packages/airflow/example_dags/example_latest_only_with_trigger.py
[2025-05-02 17:10:30,607] {processor.py:651} INFO - DAG(s) dict_keys(['latest_only_with_trigger']) retrieved from /root/Documents/airflowalu/venv/lib/python3.9/site-packages/airflow/example_dags/example_latest_only_with_trigger.py
[2025-05-02 17:10:30,615] {logging_mixin.py:115} INFO - [2025-05-02 17:10:30,615] {dag.py:2379} INFO - Sync 1 DAGs
[2025-05-02 17:10:30,626] {logging_mixin.py:115} INFO - [2025-05-02 17:10:30,626] {dag.py:2927} INFO - Setting next_dagrun for latest_only_with_trigger to 2025-05-02T16:10:30.626516+00:00, run_after=2025-05-02T20:10:30.626516+00:00
[2025-05-02 17:10:30,636] {processor.py:161} INFO - Processing /root/Documents/airflowalu/venv/lib/python3.9/site-packages/airflow/example_dags/example_latest_only_with_trigger.py took 0.035 seconds
[2025-05-02 17:11:03,945] {processor.py:153} INFO - Started process (PID=8376) to work on /root/Documents/airflowalu/venv/lib/python3.9/site-packages/airflow/example_dags/example_latest_only_with_trigger.py
[2025-05-02 17:11:03,946] {processor.py:641} INFO - Processing file /root/Documents/airflowalu/venv/lib/python3.9/site-packages/airflow/example_dags/example_latest_only_with_trigger.py for tasks to queue
[2025-05-02 17:11:03,946] {logging_mixin.py:115} INFO - [2025-05-02 17:11:03,946] {dagbag.py:507} INFO - Filling up the DagBag from /root/Documents/airflowalu/venv/lib/python3.9/site-packages/airflow/example_dags/example_latest_only_with_trigger.py
[2025-05-02 17:11:03,949] {processor.py:651} INFO - DAG(s) dict_keys(['latest_only_with_trigger']) retrieved from /root/Documents/airflowalu/venv/lib/python3.9/site-packages/airflow/example_dags/example_latest_only_with_trigger.py
[2025-05-02 17:11:03,958] {logging_mixin.py:115} INFO - [2025-05-02 17:11:03,958] {dag.py:2379} INFO - Sync 1 DAGs
[2025-05-02 17:11:03,968] {logging_mixin.py:115} INFO - [2025-05-02 17:11:03,968] {dag.py:2927} INFO - Setting next_dagrun for latest_only_with_trigger to 2025-05-02T16:11:03.968467+00:00, run_after=2025-05-02T20:11:03.968467+00:00
[2025-05-02 17:11:03,980] {processor.py:161} INFO - Processing /root/Documents/airflowalu/venv/lib/python3.9/site-packages/airflow/example_dags/example_latest_only_with_trigger.py took 0.036 seconds
[2025-05-02 17:11:37,239] {processor.py:153} INFO - Started process (PID=8521) to work on /root/Documents/airflowalu/venv/lib/python3.9/site-packages/airflow/example_dags/example_latest_only_with_trigger.py
[2025-05-02 17:11:37,239] {processor.py:641} INFO - Processing file /root/Documents/airflowalu/venv/lib/python3.9/site-packages/airflow/example_dags/example_latest_only_with_trigger.py for tasks to queue
[2025-05-02 17:11:37,240] {logging_mixin.py:115} INFO - [2025-05-02 17:11:37,240] {dagbag.py:507} INFO - Filling up the DagBag from /root/Documents/airflowalu/venv/lib/python3.9/site-packages/airflow/example_dags/example_latest_only_with_trigger.py
[2025-05-02 17:11:37,243] {processor.py:651} INFO - DAG(s) dict_keys(['latest_only_with_trigger']) retrieved from /root/Documents/airflowalu/venv/lib/python3.9/site-packages/airflow/example_dags/example_latest_only_with_trigger.py
[2025-05-02 17:11:37,252] {logging_mixin.py:115} INFO - [2025-05-02 17:11:37,252] {dag.py:2379} INFO - Sync 1 DAGs
[2025-05-02 17:11:37,262] {logging_mixin.py:115} INFO - [2025-05-02 17:11:37,262] {dag.py:2927} INFO - Setting next_dagrun for latest_only_with_trigger to 2025-05-02T16:11:37.262223+00:00, run_after=2025-05-02T20:11:37.262223+00:00
[2025-05-02 17:11:37,273] {processor.py:161} INFO - Processing /root/Documents/airflowalu/venv/lib/python3.9/site-packages/airflow/example_dags/example_latest_only_with_trigger.py took 0.036 seconds
[2025-05-02 17:12:09,922] {processor.py:153} INFO - Started process (PID=8666) to work on /root/Documents/airflowalu/venv/lib/python3.9/site-packages/airflow/example_dags/example_latest_only_with_trigger.py
[2025-05-02 17:12:09,923] {processor.py:641} INFO - Processing file /root/Documents/airflowalu/venv/lib/python3.9/site-packages/airflow/example_dags/example_latest_only_with_trigger.py for tasks to queue
[2025-05-02 17:12:09,923] {logging_mixin.py:115} INFO - [2025-05-02 17:12:09,923] {dagbag.py:507} INFO - Filling up the DagBag from /root/Documents/airflowalu/venv/lib/python3.9/site-packages/airflow/example_dags/example_latest_only_with_trigger.py
[2025-05-02 17:12:09,927] {processor.py:651} INFO - DAG(s) dict_keys(['latest_only_with_trigger']) retrieved from /root/Documents/airflowalu/venv/lib/python3.9/site-packages/airflow/example_dags/example_latest_only_with_trigger.py
[2025-05-02 17:12:09,937] {logging_mixin.py:115} INFO - [2025-05-02 17:12:09,937] {dag.py:2379} INFO - Sync 1 DAGs
[2025-05-02 17:12:09,948] {logging_mixin.py:115} INFO - [2025-05-02 17:12:09,948] {dag.py:2927} INFO - Setting next_dagrun for latest_only_with_trigger to 2025-05-02T16:12:09.948437+00:00, run_after=2025-05-02T20:12:09.948437+00:00
[2025-05-02 17:12:09,959] {processor.py:161} INFO - Processing /root/Documents/airflowalu/venv/lib/python3.9/site-packages/airflow/example_dags/example_latest_only_with_trigger.py took 0.038 seconds
[2025-05-02 17:12:41,296] {processor.py:153} INFO - Started process (PID=8799) to work on /root/Documents/airflowalu/venv/lib/python3.9/site-packages/airflow/example_dags/example_latest_only_with_trigger.py
[2025-05-02 17:12:41,297] {processor.py:641} INFO - Processing file /root/Documents/airflowalu/venv/lib/python3.9/site-packages/airflow/example_dags/example_latest_only_with_trigger.py for tasks to queue
[2025-05-02 17:12:41,297] {logging_mixin.py:115} INFO - [2025-05-02 17:12:41,297] {dagbag.py:507} INFO - Filling up the DagBag from /root/Documents/airflowalu/venv/lib/python3.9/site-packages/airflow/example_dags/example_latest_only_with_trigger.py
[2025-05-02 17:12:41,302] {processor.py:651} INFO - DAG(s) dict_keys(['latest_only_with_trigger']) retrieved from /root/Documents/airflowalu/venv/lib/python3.9/site-packages/airflow/example_dags/example_latest_only_with_trigger.py
[2025-05-02 17:12:41,317] {logging_mixin.py:115} INFO - [2025-05-02 17:12:41,317] {dag.py:2379} INFO - Sync 1 DAGs
[2025-05-02 17:12:41,329] {logging_mixin.py:115} INFO - [2025-05-02 17:12:41,328] {dag.py:2927} INFO - Setting next_dagrun for latest_only_with_trigger to 2025-05-02T16:12:41.328658+00:00, run_after=2025-05-02T20:12:41.328658+00:00
[2025-05-02 17:12:41,339] {processor.py:161} INFO - Processing /root/Documents/airflowalu/venv/lib/python3.9/site-packages/airflow/example_dags/example_latest_only_with_trigger.py took 0.045 seconds
[2025-05-02 17:13:13,107] {processor.py:153} INFO - Started process (PID=8943) to work on /root/Documents/airflowalu/venv/lib/python3.9/site-packages/airflow/example_dags/example_latest_only_with_trigger.py
[2025-05-02 17:13:13,107] {processor.py:641} INFO - Processing file /root/Documents/airflowalu/venv/lib/python3.9/site-packages/airflow/example_dags/example_latest_only_with_trigger.py for tasks to queue
[2025-05-02 17:13:13,108] {logging_mixin.py:115} INFO - [2025-05-02 17:13:13,108] {dagbag.py:507} INFO - Filling up the DagBag from /root/Documents/airflowalu/venv/lib/python3.9/site-packages/airflow/example_dags/example_latest_only_with_trigger.py
[2025-05-02 17:13:13,111] {processor.py:651} INFO - DAG(s) dict_keys(['latest_only_with_trigger']) retrieved from /root/Documents/airflowalu/venv/lib/python3.9/site-packages/airflow/example_dags/example_latest_only_with_trigger.py
[2025-05-02 17:13:13,121] {logging_mixin.py:115} INFO - [2025-05-02 17:13:13,121] {dag.py:2379} INFO - Sync 1 DAGs
[2025-05-02 17:13:13,131] {logging_mixin.py:115} INFO - [2025-05-02 17:13:13,131] {dag.py:2927} INFO - Setting next_dagrun for latest_only_with_trigger to 2025-05-02T16:13:13.131293+00:00, run_after=2025-05-02T20:13:13.131293+00:00
[2025-05-02 17:13:13,143] {processor.py:161} INFO - Processing /root/Documents/airflowalu/venv/lib/python3.9/site-packages/airflow/example_dags/example_latest_only_with_trigger.py took 0.038 seconds
[2025-05-02 17:13:43,766] {processor.py:153} INFO - Started process (PID=9074) to work on /root/Documents/airflowalu/venv/lib/python3.9/site-packages/airflow/example_dags/example_latest_only_with_trigger.py
[2025-05-02 17:13:43,767] {processor.py:641} INFO - Processing file /root/Documents/airflowalu/venv/lib/python3.9/site-packages/airflow/example_dags/example_latest_only_with_trigger.py for tasks to queue
[2025-05-02 17:13:43,767] {logging_mixin.py:115} INFO - [2025-05-02 17:13:43,767] {dagbag.py:507} INFO - Filling up the DagBag from /root/Documents/airflowalu/venv/lib/python3.9/site-packages/airflow/example_dags/example_latest_only_with_trigger.py
[2025-05-02 17:13:43,770] {processor.py:651} INFO - DAG(s) dict_keys(['latest_only_with_trigger']) retrieved from /root/Documents/airflowalu/venv/lib/python3.9/site-packages/airflow/example_dags/example_latest_only_with_trigger.py
[2025-05-02 17:13:43,779] {logging_mixin.py:115} INFO - [2025-05-02 17:13:43,779] {dag.py:2379} INFO - Sync 1 DAGs
[2025-05-02 17:13:43,787] {logging_mixin.py:115} INFO - [2025-05-02 17:13:43,787] {dag.py:2927} INFO - Setting next_dagrun for latest_only_with_trigger to 2025-05-02T16:13:43.787690+00:00, run_after=2025-05-02T20:13:43.787690+00:00
[2025-05-02 17:13:43,797] {processor.py:161} INFO - Processing /root/Documents/airflowalu/venv/lib/python3.9/site-packages/airflow/example_dags/example_latest_only_with_trigger.py took 0.033 seconds
[2025-05-02 17:14:16,334] {processor.py:153} INFO - Started process (PID=9213) to work on /root/Documents/airflowalu/venv/lib/python3.9/site-packages/airflow/example_dags/example_latest_only_with_trigger.py
[2025-05-02 17:14:16,334] {processor.py:641} INFO - Processing file /root/Documents/airflowalu/venv/lib/python3.9/site-packages/airflow/example_dags/example_latest_only_with_trigger.py for tasks to queue
[2025-05-02 17:14:16,335] {logging_mixin.py:115} INFO - [2025-05-02 17:14:16,335] {dagbag.py:507} INFO - Filling up the DagBag from /root/Documents/airflowalu/venv/lib/python3.9/site-packages/airflow/example_dags/example_latest_only_with_trigger.py
[2025-05-02 17:14:16,338] {processor.py:651} INFO - DAG(s) dict_keys(['latest_only_with_trigger']) retrieved from /root/Documents/airflowalu/venv/lib/python3.9/site-packages/airflow/example_dags/example_latest_only_with_trigger.py
[2025-05-02 17:14:16,349] {logging_mixin.py:115} INFO - [2025-05-02 17:14:16,348] {dag.py:2379} INFO - Sync 1 DAGs
[2025-05-02 17:14:16,357] {logging_mixin.py:115} INFO - [2025-05-02 17:14:16,357] {dag.py:2927} INFO - Setting next_dagrun for latest_only_with_trigger to 2025-05-02T16:14:16.357288+00:00, run_after=2025-05-02T20:14:16.357288+00:00
[2025-05-02 17:14:16,367] {processor.py:161} INFO - Processing /root/Documents/airflowalu/venv/lib/python3.9/site-packages/airflow/example_dags/example_latest_only_with_trigger.py took 0.035 seconds
[2025-05-02 17:14:50,264] {processor.py:153} INFO - Started process (PID=9353) to work on /root/Documents/airflowalu/venv/lib/python3.9/site-packages/airflow/example_dags/example_latest_only_with_trigger.py
[2025-05-02 17:14:50,265] {processor.py:641} INFO - Processing file /root/Documents/airflowalu/venv/lib/python3.9/site-packages/airflow/example_dags/example_latest_only_with_trigger.py for tasks to queue
[2025-05-02 17:14:50,265] {logging_mixin.py:115} INFO - [2025-05-02 17:14:50,265] {dagbag.py:507} INFO - Filling up the DagBag from /root/Documents/airflowalu/venv/lib/python3.9/site-packages/airflow/example_dags/example_latest_only_with_trigger.py
[2025-05-02 17:14:50,268] {processor.py:651} INFO - DAG(s) dict_keys(['latest_only_with_trigger']) retrieved from /root/Documents/airflowalu/venv/lib/python3.9/site-packages/airflow/example_dags/example_latest_only_with_trigger.py
[2025-05-02 17:14:50,283] {logging_mixin.py:115} INFO - [2025-05-02 17:14:50,283] {dag.py:2379} INFO - Sync 1 DAGs
[2025-05-02 17:14:50,293] {logging_mixin.py:115} INFO - [2025-05-02 17:14:50,293] {dag.py:2927} INFO - Setting next_dagrun for latest_only_with_trigger to 2025-05-02T16:14:50.293460+00:00, run_after=2025-05-02T20:14:50.293460+00:00
[2025-05-02 17:14:50,304] {processor.py:161} INFO - Processing /root/Documents/airflowalu/venv/lib/python3.9/site-packages/airflow/example_dags/example_latest_only_with_trigger.py took 0.041 seconds
[2025-05-02 17:15:21,113] {processor.py:153} INFO - Started process (PID=9486) to work on /root/Documents/airflowalu/venv/lib/python3.9/site-packages/airflow/example_dags/example_latest_only_with_trigger.py
[2025-05-02 17:15:21,113] {processor.py:641} INFO - Processing file /root/Documents/airflowalu/venv/lib/python3.9/site-packages/airflow/example_dags/example_latest_only_with_trigger.py for tasks to queue
[2025-05-02 17:15:21,114] {logging_mixin.py:115} INFO - [2025-05-02 17:15:21,114] {dagbag.py:507} INFO - Filling up the DagBag from /root/Documents/airflowalu/venv/lib/python3.9/site-packages/airflow/example_dags/example_latest_only_with_trigger.py
[2025-05-02 17:15:21,117] {processor.py:651} INFO - DAG(s) dict_keys(['latest_only_with_trigger']) retrieved from /root/Documents/airflowalu/venv/lib/python3.9/site-packages/airflow/example_dags/example_latest_only_with_trigger.py
[2025-05-02 17:15:21,129] {logging_mixin.py:115} INFO - [2025-05-02 17:15:21,129] {dag.py:2379} INFO - Sync 1 DAGs
[2025-05-02 17:15:21,138] {logging_mixin.py:115} INFO - [2025-05-02 17:15:21,138] {dag.py:2927} INFO - Setting next_dagrun for latest_only_with_trigger to 2025-05-02T16:15:21.138036+00:00, run_after=2025-05-02T20:15:21.138036+00:00
[2025-05-02 17:15:21,149] {processor.py:161} INFO - Processing /root/Documents/airflowalu/venv/lib/python3.9/site-packages/airflow/example_dags/example_latest_only_with_trigger.py took 0.038 seconds
[2025-05-02 17:15:55,816] {processor.py:153} INFO - Started process (PID=9639) to work on /root/Documents/airflowalu/venv/lib/python3.9/site-packages/airflow/example_dags/example_latest_only_with_trigger.py
[2025-05-02 17:15:55,817] {processor.py:641} INFO - Processing file /root/Documents/airflowalu/venv/lib/python3.9/site-packages/airflow/example_dags/example_latest_only_with_trigger.py for tasks to queue
[2025-05-02 17:15:55,817] {logging_mixin.py:115} INFO - [2025-05-02 17:15:55,817] {dagbag.py:507} INFO - Filling up the DagBag from /root/Documents/airflowalu/venv/lib/python3.9/site-packages/airflow/example_dags/example_latest_only_with_trigger.py
[2025-05-02 17:15:55,821] {processor.py:651} INFO - DAG(s) dict_keys(['latest_only_with_trigger']) retrieved from /root/Documents/airflowalu/venv/lib/python3.9/site-packages/airflow/example_dags/example_latest_only_with_trigger.py
[2025-05-02 17:15:55,834] {logging_mixin.py:115} INFO - [2025-05-02 17:15:55,834] {dag.py:2379} INFO - Sync 1 DAGs
[2025-05-02 17:15:55,847] {logging_mixin.py:115} INFO - [2025-05-02 17:15:55,847] {dag.py:2927} INFO - Setting next_dagrun for latest_only_with_trigger to 2025-05-02T16:15:55.846782+00:00, run_after=2025-05-02T20:15:55.846782+00:00
[2025-05-02 17:15:55,863] {processor.py:161} INFO - Processing /root/Documents/airflowalu/venv/lib/python3.9/site-packages/airflow/example_dags/example_latest_only_with_trigger.py took 0.049 seconds
[2025-05-02 17:16:26,800] {processor.py:153} INFO - Started process (PID=9772) to work on /root/Documents/airflowalu/venv/lib/python3.9/site-packages/airflow/example_dags/example_latest_only_with_trigger.py
[2025-05-02 17:16:26,800] {processor.py:641} INFO - Processing file /root/Documents/airflowalu/venv/lib/python3.9/site-packages/airflow/example_dags/example_latest_only_with_trigger.py for tasks to queue
[2025-05-02 17:16:26,801] {logging_mixin.py:115} INFO - [2025-05-02 17:16:26,801] {dagbag.py:507} INFO - Filling up the DagBag from /root/Documents/airflowalu/venv/lib/python3.9/site-packages/airflow/example_dags/example_latest_only_with_trigger.py
[2025-05-02 17:16:26,804] {processor.py:651} INFO - DAG(s) dict_keys(['latest_only_with_trigger']) retrieved from /root/Documents/airflowalu/venv/lib/python3.9/site-packages/airflow/example_dags/example_latest_only_with_trigger.py
[2025-05-02 17:16:26,813] {logging_mixin.py:115} INFO - [2025-05-02 17:16:26,813] {dag.py:2379} INFO - Sync 1 DAGs
[2025-05-02 17:16:26,822] {logging_mixin.py:115} INFO - [2025-05-02 17:16:26,822] {dag.py:2927} INFO - Setting next_dagrun for latest_only_with_trigger to 2025-05-02T16:16:26.821966+00:00, run_after=2025-05-02T20:16:26.821966+00:00
[2025-05-02 17:16:26,834] {processor.py:161} INFO - Processing /root/Documents/airflowalu/venv/lib/python3.9/site-packages/airflow/example_dags/example_latest_only_with_trigger.py took 0.035 seconds
[2025-05-02 17:16:58,785] {processor.py:153} INFO - Started process (PID=9909) to work on /root/Documents/airflowalu/venv/lib/python3.9/site-packages/airflow/example_dags/example_latest_only_with_trigger.py
[2025-05-02 17:16:58,786] {processor.py:641} INFO - Processing file /root/Documents/airflowalu/venv/lib/python3.9/site-packages/airflow/example_dags/example_latest_only_with_trigger.py for tasks to queue
[2025-05-02 17:16:58,786] {logging_mixin.py:115} INFO - [2025-05-02 17:16:58,786] {dagbag.py:507} INFO - Filling up the DagBag from /root/Documents/airflowalu/venv/lib/python3.9/site-packages/airflow/example_dags/example_latest_only_with_trigger.py
[2025-05-02 17:16:58,790] {processor.py:651} INFO - DAG(s) dict_keys(['latest_only_with_trigger']) retrieved from /root/Documents/airflowalu/venv/lib/python3.9/site-packages/airflow/example_dags/example_latest_only_with_trigger.py
[2025-05-02 17:16:58,801] {logging_mixin.py:115} INFO - [2025-05-02 17:16:58,801] {dag.py:2379} INFO - Sync 1 DAGs
[2025-05-02 17:16:58,810] {logging_mixin.py:115} INFO - [2025-05-02 17:16:58,810] {dag.py:2927} INFO - Setting next_dagrun for latest_only_with_trigger to 2025-05-02T16:16:58.810686+00:00, run_after=2025-05-02T20:16:58.810686+00:00
[2025-05-02 17:16:58,821] {processor.py:161} INFO - Processing /root/Documents/airflowalu/venv/lib/python3.9/site-packages/airflow/example_dags/example_latest_only_with_trigger.py took 0.037 seconds
[2025-05-02 17:17:31,264] {processor.py:153} INFO - Started process (PID=10045) to work on /root/Documents/airflowalu/venv/lib/python3.9/site-packages/airflow/example_dags/example_latest_only_with_trigger.py
[2025-05-02 17:17:31,265] {processor.py:641} INFO - Processing file /root/Documents/airflowalu/venv/lib/python3.9/site-packages/airflow/example_dags/example_latest_only_with_trigger.py for tasks to queue
[2025-05-02 17:17:31,265] {logging_mixin.py:115} INFO - [2025-05-02 17:17:31,265] {dagbag.py:507} INFO - Filling up the DagBag from /root/Documents/airflowalu/venv/lib/python3.9/site-packages/airflow/example_dags/example_latest_only_with_trigger.py
[2025-05-02 17:17:31,268] {processor.py:651} INFO - DAG(s) dict_keys(['latest_only_with_trigger']) retrieved from /root/Documents/airflowalu/venv/lib/python3.9/site-packages/airflow/example_dags/example_latest_only_with_trigger.py
[2025-05-02 17:17:31,279] {logging_mixin.py:115} INFO - [2025-05-02 17:17:31,279] {dag.py:2379} INFO - Sync 1 DAGs
[2025-05-02 17:17:31,288] {logging_mixin.py:115} INFO - [2025-05-02 17:17:31,288] {dag.py:2927} INFO - Setting next_dagrun for latest_only_with_trigger to 2025-05-02T16:17:31.288196+00:00, run_after=2025-05-02T20:17:31.288196+00:00
[2025-05-02 17:17:31,300] {processor.py:161} INFO - Processing /root/Documents/airflowalu/venv/lib/python3.9/site-packages/airflow/example_dags/example_latest_only_with_trigger.py took 0.037 seconds
[2025-05-02 17:18:02,308] {processor.py:153} INFO - Started process (PID=10180) to work on /root/Documents/airflowalu/venv/lib/python3.9/site-packages/airflow/example_dags/example_latest_only_with_trigger.py
[2025-05-02 17:18:02,309] {processor.py:641} INFO - Processing file /root/Documents/airflowalu/venv/lib/python3.9/site-packages/airflow/example_dags/example_latest_only_with_trigger.py for tasks to queue
[2025-05-02 17:18:02,309] {logging_mixin.py:115} INFO - [2025-05-02 17:18:02,309] {dagbag.py:507} INFO - Filling up the DagBag from /root/Documents/airflowalu/venv/lib/python3.9/site-packages/airflow/example_dags/example_latest_only_with_trigger.py
[2025-05-02 17:18:02,312] {processor.py:651} INFO - DAG(s) dict_keys(['latest_only_with_trigger']) retrieved from /root/Documents/airflowalu/venv/lib/python3.9/site-packages/airflow/example_dags/example_latest_only_with_trigger.py
[2025-05-02 17:18:02,322] {logging_mixin.py:115} INFO - [2025-05-02 17:18:02,322] {dag.py:2379} INFO - Sync 1 DAGs
[2025-05-02 17:18:02,331] {logging_mixin.py:115} INFO - [2025-05-02 17:18:02,331] {dag.py:2927} INFO - Setting next_dagrun for latest_only_with_trigger to 2025-05-02T16:18:02.330952+00:00, run_after=2025-05-02T20:18:02.330952+00:00
[2025-05-02 17:18:02,341] {processor.py:161} INFO - Processing /root/Documents/airflowalu/venv/lib/python3.9/site-packages/airflow/example_dags/example_latest_only_with_trigger.py took 0.034 seconds
[2025-05-02 17:18:33,386] {processor.py:153} INFO - Started process (PID=10311) to work on /root/Documents/airflowalu/venv/lib/python3.9/site-packages/airflow/example_dags/example_latest_only_with_trigger.py
[2025-05-02 17:18:33,387] {processor.py:641} INFO - Processing file /root/Documents/airflowalu/venv/lib/python3.9/site-packages/airflow/example_dags/example_latest_only_with_trigger.py for tasks to queue
[2025-05-02 17:18:33,387] {logging_mixin.py:115} INFO - [2025-05-02 17:18:33,387] {dagbag.py:507} INFO - Filling up the DagBag from /root/Documents/airflowalu/venv/lib/python3.9/site-packages/airflow/example_dags/example_latest_only_with_trigger.py
[2025-05-02 17:18:33,390] {processor.py:651} INFO - DAG(s) dict_keys(['latest_only_with_trigger']) retrieved from /root/Documents/airflowalu/venv/lib/python3.9/site-packages/airflow/example_dags/example_latest_only_with_trigger.py
[2025-05-02 17:18:33,400] {logging_mixin.py:115} INFO - [2025-05-02 17:18:33,400] {dag.py:2379} INFO - Sync 1 DAGs
[2025-05-02 17:18:33,409] {logging_mixin.py:115} INFO - [2025-05-02 17:18:33,408] {dag.py:2927} INFO - Setting next_dagrun for latest_only_with_trigger to 2025-05-02T16:18:33.408821+00:00, run_after=2025-05-02T20:18:33.408821+00:00
[2025-05-02 17:18:33,419] {processor.py:161} INFO - Processing /root/Documents/airflowalu/venv/lib/python3.9/site-packages/airflow/example_dags/example_latest_only_with_trigger.py took 0.034 seconds
[2025-05-02 17:19:09,649] {processor.py:153} INFO - Started process (PID=10466) to work on /root/Documents/airflowalu/venv/lib/python3.9/site-packages/airflow/example_dags/example_latest_only_with_trigger.py
[2025-05-02 17:19:09,650] {processor.py:641} INFO - Processing file /root/Documents/airflowalu/venv/lib/python3.9/site-packages/airflow/example_dags/example_latest_only_with_trigger.py for tasks to queue
[2025-05-02 17:19:09,650] {logging_mixin.py:115} INFO - [2025-05-02 17:19:09,650] {dagbag.py:507} INFO - Filling up the DagBag from /root/Documents/airflowalu/venv/lib/python3.9/site-packages/airflow/example_dags/example_latest_only_with_trigger.py
[2025-05-02 17:19:09,653] {processor.py:651} INFO - DAG(s) dict_keys(['latest_only_with_trigger']) retrieved from /root/Documents/airflowalu/venv/lib/python3.9/site-packages/airflow/example_dags/example_latest_only_with_trigger.py
[2025-05-02 17:19:09,664] {logging_mixin.py:115} INFO - [2025-05-02 17:19:09,664] {dag.py:2379} INFO - Sync 1 DAGs
[2025-05-02 17:19:09,673] {logging_mixin.py:115} INFO - [2025-05-02 17:19:09,673] {dag.py:2927} INFO - Setting next_dagrun for latest_only_with_trigger to 2025-05-02T16:19:09.673556+00:00, run_after=2025-05-02T20:19:09.673556+00:00
[2025-05-02 17:19:09,685] {processor.py:161} INFO - Processing /root/Documents/airflowalu/venv/lib/python3.9/site-packages/airflow/example_dags/example_latest_only_with_trigger.py took 0.037 seconds
[2025-05-02 17:19:40,710] {processor.py:153} INFO - Started process (PID=10601) to work on /root/Documents/airflowalu/venv/lib/python3.9/site-packages/airflow/example_dags/example_latest_only_with_trigger.py
[2025-05-02 17:19:40,710] {processor.py:641} INFO - Processing file /root/Documents/airflowalu/venv/lib/python3.9/site-packages/airflow/example_dags/example_latest_only_with_trigger.py for tasks to queue
[2025-05-02 17:19:40,711] {logging_mixin.py:115} INFO - [2025-05-02 17:19:40,711] {dagbag.py:507} INFO - Filling up the DagBag from /root/Documents/airflowalu/venv/lib/python3.9/site-packages/airflow/example_dags/example_latest_only_with_trigger.py
[2025-05-02 17:19:40,714] {processor.py:651} INFO - DAG(s) dict_keys(['latest_only_with_trigger']) retrieved from /root/Documents/airflowalu/venv/lib/python3.9/site-packages/airflow/example_dags/example_latest_only_with_trigger.py
[2025-05-02 17:19:40,725] {logging_mixin.py:115} INFO - [2025-05-02 17:19:40,725] {dag.py:2379} INFO - Sync 1 DAGs
[2025-05-02 17:19:40,735] {logging_mixin.py:115} INFO - [2025-05-02 17:19:40,735] {dag.py:2927} INFO - Setting next_dagrun for latest_only_with_trigger to 2025-05-02T16:19:40.735263+00:00, run_after=2025-05-02T20:19:40.735263+00:00
[2025-05-02 17:19:40,745] {processor.py:161} INFO - Processing /root/Documents/airflowalu/venv/lib/python3.9/site-packages/airflow/example_dags/example_latest_only_with_trigger.py took 0.038 seconds
[2025-05-02 17:20:16,778] {processor.py:153} INFO - Started process (PID=10748) to work on /root/Documents/airflowalu/venv/lib/python3.9/site-packages/airflow/example_dags/example_latest_only_with_trigger.py
[2025-05-02 17:20:16,779] {processor.py:641} INFO - Processing file /root/Documents/airflowalu/venv/lib/python3.9/site-packages/airflow/example_dags/example_latest_only_with_trigger.py for tasks to queue
[2025-05-02 17:20:16,779] {logging_mixin.py:115} INFO - [2025-05-02 17:20:16,779] {dagbag.py:507} INFO - Filling up the DagBag from /root/Documents/airflowalu/venv/lib/python3.9/site-packages/airflow/example_dags/example_latest_only_with_trigger.py
[2025-05-02 17:20:16,783] {processor.py:651} INFO - DAG(s) dict_keys(['latest_only_with_trigger']) retrieved from /root/Documents/airflowalu/venv/lib/python3.9/site-packages/airflow/example_dags/example_latest_only_with_trigger.py
[2025-05-02 17:20:16,793] {logging_mixin.py:115} INFO - [2025-05-02 17:20:16,793] {dag.py:2379} INFO - Sync 1 DAGs
[2025-05-02 17:20:16,802] {logging_mixin.py:115} INFO - [2025-05-02 17:20:16,801] {dag.py:2927} INFO - Setting next_dagrun for latest_only_with_trigger to 2025-05-02T16:20:16.801758+00:00, run_after=2025-05-02T20:20:16.801758+00:00
[2025-05-02 17:20:16,812] {processor.py:161} INFO - Processing /root/Documents/airflowalu/venv/lib/python3.9/site-packages/airflow/example_dags/example_latest_only_with_trigger.py took 0.035 seconds
[2025-05-02 17:20:47,086] {processor.py:153} INFO - Started process (PID=10889) to work on /root/Documents/airflowalu/venv/lib/python3.9/site-packages/airflow/example_dags/example_latest_only_with_trigger.py
[2025-05-02 17:20:47,086] {processor.py:641} INFO - Processing file /root/Documents/airflowalu/venv/lib/python3.9/site-packages/airflow/example_dags/example_latest_only_with_trigger.py for tasks to queue
[2025-05-02 17:20:47,087] {logging_mixin.py:115} INFO - [2025-05-02 17:20:47,087] {dagbag.py:507} INFO - Filling up the DagBag from /root/Documents/airflowalu/venv/lib/python3.9/site-packages/airflow/example_dags/example_latest_only_with_trigger.py
[2025-05-02 17:20:47,090] {processor.py:651} INFO - DAG(s) dict_keys(['latest_only_with_trigger']) retrieved from /root/Documents/airflowalu/venv/lib/python3.9/site-packages/airflow/example_dags/example_latest_only_with_trigger.py
[2025-05-02 17:20:47,100] {logging_mixin.py:115} INFO - [2025-05-02 17:20:47,100] {dag.py:2379} INFO - Sync 1 DAGs
[2025-05-02 17:20:47,109] {logging_mixin.py:115} INFO - [2025-05-02 17:20:47,109] {dag.py:2927} INFO - Setting next_dagrun for latest_only_with_trigger to 2025-05-02T16:20:47.109298+00:00, run_after=2025-05-02T20:20:47.109298+00:00
[2025-05-02 17:20:47,121] {processor.py:161} INFO - Processing /root/Documents/airflowalu/venv/lib/python3.9/site-packages/airflow/example_dags/example_latest_only_with_trigger.py took 0.037 seconds
[2025-05-02 17:21:19,030] {processor.py:153} INFO - Started process (PID=11030) to work on /root/Documents/airflowalu/venv/lib/python3.9/site-packages/airflow/example_dags/example_latest_only_with_trigger.py
[2025-05-02 17:21:19,031] {processor.py:641} INFO - Processing file /root/Documents/airflowalu/venv/lib/python3.9/site-packages/airflow/example_dags/example_latest_only_with_trigger.py for tasks to queue
[2025-05-02 17:21:19,031] {logging_mixin.py:115} INFO - [2025-05-02 17:21:19,031] {dagbag.py:507} INFO - Filling up the DagBag from /root/Documents/airflowalu/venv/lib/python3.9/site-packages/airflow/example_dags/example_latest_only_with_trigger.py
[2025-05-02 17:21:19,034] {processor.py:651} INFO - DAG(s) dict_keys(['latest_only_with_trigger']) retrieved from /root/Documents/airflowalu/venv/lib/python3.9/site-packages/airflow/example_dags/example_latest_only_with_trigger.py
[2025-05-02 17:21:19,044] {logging_mixin.py:115} INFO - [2025-05-02 17:21:19,044] {dag.py:2379} INFO - Sync 1 DAGs
[2025-05-02 17:21:19,054] {logging_mixin.py:115} INFO - [2025-05-02 17:21:19,054] {dag.py:2927} INFO - Setting next_dagrun for latest_only_with_trigger to 2025-05-02T16:21:19.053856+00:00, run_after=2025-05-02T20:21:19.053856+00:00
[2025-05-02 17:21:19,065] {processor.py:161} INFO - Processing /root/Documents/airflowalu/venv/lib/python3.9/site-packages/airflow/example_dags/example_latest_only_with_trigger.py took 0.037 seconds
[2025-05-02 17:21:52,726] {processor.py:153} INFO - Started process (PID=11173) to work on /root/Documents/airflowalu/venv/lib/python3.9/site-packages/airflow/example_dags/example_latest_only_with_trigger.py
[2025-05-02 17:21:52,745] {processor.py:641} INFO - Processing file /root/Documents/airflowalu/venv/lib/python3.9/site-packages/airflow/example_dags/example_latest_only_with_trigger.py for tasks to queue
[2025-05-02 17:21:52,746] {logging_mixin.py:115} INFO - [2025-05-02 17:21:52,746] {dagbag.py:507} INFO - Filling up the DagBag from /root/Documents/airflowalu/venv/lib/python3.9/site-packages/airflow/example_dags/example_latest_only_with_trigger.py
[2025-05-02 17:21:52,750] {processor.py:651} INFO - DAG(s) dict_keys(['latest_only_with_trigger']) retrieved from /root/Documents/airflowalu/venv/lib/python3.9/site-packages/airflow/example_dags/example_latest_only_with_trigger.py
[2025-05-02 17:21:52,762] {logging_mixin.py:115} INFO - [2025-05-02 17:21:52,762] {dag.py:2379} INFO - Sync 1 DAGs
[2025-05-02 17:21:52,773] {logging_mixin.py:115} INFO - [2025-05-02 17:21:52,773] {dag.py:2927} INFO - Setting next_dagrun for latest_only_with_trigger to 2025-05-02T16:21:52.773379+00:00, run_after=2025-05-02T20:21:52.773379+00:00
[2025-05-02 17:21:52,786] {processor.py:161} INFO - Processing /root/Documents/airflowalu/venv/lib/python3.9/site-packages/airflow/example_dags/example_latest_only_with_trigger.py took 0.062 seconds
[2025-05-02 17:22:26,463] {processor.py:153} INFO - Started process (PID=11315) to work on /root/Documents/airflowalu/venv/lib/python3.9/site-packages/airflow/example_dags/example_latest_only_with_trigger.py
[2025-05-02 17:22:26,463] {processor.py:641} INFO - Processing file /root/Documents/airflowalu/venv/lib/python3.9/site-packages/airflow/example_dags/example_latest_only_with_trigger.py for tasks to queue
[2025-05-02 17:22:26,464] {logging_mixin.py:115} INFO - [2025-05-02 17:22:26,464] {dagbag.py:507} INFO - Filling up the DagBag from /root/Documents/airflowalu/venv/lib/python3.9/site-packages/airflow/example_dags/example_latest_only_with_trigger.py
[2025-05-02 17:22:26,469] {processor.py:651} INFO - DAG(s) dict_keys(['latest_only_with_trigger']) retrieved from /root/Documents/airflowalu/venv/lib/python3.9/site-packages/airflow/example_dags/example_latest_only_with_trigger.py
[2025-05-02 17:22:26,477] {logging_mixin.py:115} INFO - [2025-05-02 17:22:26,477] {dag.py:2379} INFO - Sync 1 DAGs
[2025-05-02 17:22:26,486] {logging_mixin.py:115} INFO - [2025-05-02 17:22:26,486] {dag.py:2927} INFO - Setting next_dagrun for latest_only_with_trigger to 2025-05-02T16:22:26.486164+00:00, run_after=2025-05-02T20:22:26.486164+00:00
[2025-05-02 17:22:26,497] {processor.py:161} INFO - Processing /root/Documents/airflowalu/venv/lib/python3.9/site-packages/airflow/example_dags/example_latest_only_with_trigger.py took 0.035 seconds
[2025-05-02 17:22:58,076] {processor.py:153} INFO - Started process (PID=11460) to work on /root/Documents/airflowalu/venv/lib/python3.9/site-packages/airflow/example_dags/example_latest_only_with_trigger.py
[2025-05-02 17:22:58,076] {processor.py:641} INFO - Processing file /root/Documents/airflowalu/venv/lib/python3.9/site-packages/airflow/example_dags/example_latest_only_with_trigger.py for tasks to queue
[2025-05-02 17:22:58,077] {logging_mixin.py:115} INFO - [2025-05-02 17:22:58,077] {dagbag.py:507} INFO - Filling up the DagBag from /root/Documents/airflowalu/venv/lib/python3.9/site-packages/airflow/example_dags/example_latest_only_with_trigger.py
[2025-05-02 17:22:58,082] {processor.py:651} INFO - DAG(s) dict_keys(['latest_only_with_trigger']) retrieved from /root/Documents/airflowalu/venv/lib/python3.9/site-packages/airflow/example_dags/example_latest_only_with_trigger.py
[2025-05-02 17:22:58,090] {logging_mixin.py:115} INFO - [2025-05-02 17:22:58,090] {dag.py:2379} INFO - Sync 1 DAGs
[2025-05-02 17:22:58,100] {logging_mixin.py:115} INFO - [2025-05-02 17:22:58,100] {dag.py:2927} INFO - Setting next_dagrun for latest_only_with_trigger to 2025-05-02T16:22:58.099869+00:00, run_after=2025-05-02T20:22:58.099869+00:00
[2025-05-02 17:22:58,110] {processor.py:161} INFO - Processing /root/Documents/airflowalu/venv/lib/python3.9/site-packages/airflow/example_dags/example_latest_only_with_trigger.py took 0.035 seconds
[2025-05-02 17:23:33,515] {processor.py:153} INFO - Started process (PID=11608) to work on /root/Documents/airflowalu/venv/lib/python3.9/site-packages/airflow/example_dags/example_latest_only_with_trigger.py
[2025-05-02 17:23:33,515] {processor.py:641} INFO - Processing file /root/Documents/airflowalu/venv/lib/python3.9/site-packages/airflow/example_dags/example_latest_only_with_trigger.py for tasks to queue
[2025-05-02 17:23:33,516] {logging_mixin.py:115} INFO - [2025-05-02 17:23:33,516] {dagbag.py:507} INFO - Filling up the DagBag from /root/Documents/airflowalu/venv/lib/python3.9/site-packages/airflow/example_dags/example_latest_only_with_trigger.py
[2025-05-02 17:23:33,521] {processor.py:651} INFO - DAG(s) dict_keys(['latest_only_with_trigger']) retrieved from /root/Documents/airflowalu/venv/lib/python3.9/site-packages/airflow/example_dags/example_latest_only_with_trigger.py
[2025-05-02 17:23:33,530] {logging_mixin.py:115} INFO - [2025-05-02 17:23:33,530] {dag.py:2379} INFO - Sync 1 DAGs
[2025-05-02 17:23:33,540] {logging_mixin.py:115} INFO - [2025-05-02 17:23:33,540] {dag.py:2927} INFO - Setting next_dagrun for latest_only_with_trigger to 2025-05-02T16:23:33.540129+00:00, run_after=2025-05-02T20:23:33.540129+00:00
[2025-05-02 17:23:33,550] {processor.py:161} INFO - Processing /root/Documents/airflowalu/venv/lib/python3.9/site-packages/airflow/example_dags/example_latest_only_with_trigger.py took 0.037 seconds
[2025-05-02 17:24:06,075] {processor.py:153} INFO - Started process (PID=11748) to work on /root/Documents/airflowalu/venv/lib/python3.9/site-packages/airflow/example_dags/example_latest_only_with_trigger.py
[2025-05-02 17:24:06,076] {processor.py:641} INFO - Processing file /root/Documents/airflowalu/venv/lib/python3.9/site-packages/airflow/example_dags/example_latest_only_with_trigger.py for tasks to queue
[2025-05-02 17:24:06,076] {logging_mixin.py:115} INFO - [2025-05-02 17:24:06,076] {dagbag.py:507} INFO - Filling up the DagBag from /root/Documents/airflowalu/venv/lib/python3.9/site-packages/airflow/example_dags/example_latest_only_with_trigger.py
[2025-05-02 17:24:06,082] {processor.py:651} INFO - DAG(s) dict_keys(['latest_only_with_trigger']) retrieved from /root/Documents/airflowalu/venv/lib/python3.9/site-packages/airflow/example_dags/example_latest_only_with_trigger.py
[2025-05-02 17:24:06,092] {logging_mixin.py:115} INFO - [2025-05-02 17:24:06,092] {dag.py:2379} INFO - Sync 1 DAGs
[2025-05-02 17:24:06,102] {logging_mixin.py:115} INFO - [2025-05-02 17:24:06,102] {dag.py:2927} INFO - Setting next_dagrun for latest_only_with_trigger to 2025-05-02T16:24:06.102151+00:00, run_after=2025-05-02T20:24:06.102151+00:00
[2025-05-02 17:24:06,113] {processor.py:161} INFO - Processing /root/Documents/airflowalu/venv/lib/python3.9/site-packages/airflow/example_dags/example_latest_only_with_trigger.py took 0.040 seconds
[2025-05-02 17:24:40,980] {processor.py:153} INFO - Started process (PID=11894) to work on /root/Documents/airflowalu/venv/lib/python3.9/site-packages/airflow/example_dags/example_latest_only_with_trigger.py
[2025-05-02 17:24:40,981] {processor.py:641} INFO - Processing file /root/Documents/airflowalu/venv/lib/python3.9/site-packages/airflow/example_dags/example_latest_only_with_trigger.py for tasks to queue
[2025-05-02 17:24:40,981] {logging_mixin.py:115} INFO - [2025-05-02 17:24:40,981] {dagbag.py:507} INFO - Filling up the DagBag from /root/Documents/airflowalu/venv/lib/python3.9/site-packages/airflow/example_dags/example_latest_only_with_trigger.py
[2025-05-02 17:24:40,987] {processor.py:651} INFO - DAG(s) dict_keys(['latest_only_with_trigger']) retrieved from /root/Documents/airflowalu/venv/lib/python3.9/site-packages/airflow/example_dags/example_latest_only_with_trigger.py
[2025-05-02 17:24:40,998] {logging_mixin.py:115} INFO - [2025-05-02 17:24:40,997] {dag.py:2379} INFO - Sync 1 DAGs
[2025-05-02 17:24:41,008] {logging_mixin.py:115} INFO - [2025-05-02 17:24:41,008] {dag.py:2927} INFO - Setting next_dagrun for latest_only_with_trigger to 2025-05-02T16:24:41.008388+00:00, run_after=2025-05-02T20:24:41.008388+00:00
[2025-05-02 17:24:41,022] {processor.py:161} INFO - Processing /root/Documents/airflowalu/venv/lib/python3.9/site-packages/airflow/example_dags/example_latest_only_with_trigger.py took 0.044 seconds
[2025-05-02 17:25:13,529] {processor.py:153} INFO - Started process (PID=12033) to work on /root/Documents/airflowalu/venv/lib/python3.9/site-packages/airflow/example_dags/example_latest_only_with_trigger.py
[2025-05-02 17:25:13,529] {processor.py:641} INFO - Processing file /root/Documents/airflowalu/venv/lib/python3.9/site-packages/airflow/example_dags/example_latest_only_with_trigger.py for tasks to queue
[2025-05-02 17:25:13,530] {logging_mixin.py:115} INFO - [2025-05-02 17:25:13,530] {dagbag.py:507} INFO - Filling up the DagBag from /root/Documents/airflowalu/venv/lib/python3.9/site-packages/airflow/example_dags/example_latest_only_with_trigger.py
[2025-05-02 17:25:13,535] {processor.py:651} INFO - DAG(s) dict_keys(['latest_only_with_trigger']) retrieved from /root/Documents/airflowalu/venv/lib/python3.9/site-packages/airflow/example_dags/example_latest_only_with_trigger.py
[2025-05-02 17:25:13,544] {logging_mixin.py:115} INFO - [2025-05-02 17:25:13,544] {dag.py:2379} INFO - Sync 1 DAGs
[2025-05-02 17:25:13,553] {logging_mixin.py:115} INFO - [2025-05-02 17:25:13,553] {dag.py:2927} INFO - Setting next_dagrun for latest_only_with_trigger to 2025-05-02T16:25:13.553084+00:00, run_after=2025-05-02T20:25:13.553084+00:00
[2025-05-02 17:25:13,562] {processor.py:161} INFO - Processing /root/Documents/airflowalu/venv/lib/python3.9/site-packages/airflow/example_dags/example_latest_only_with_trigger.py took 0.035 seconds
[2025-05-02 17:25:45,474] {processor.py:153} INFO - Started process (PID=12166) to work on /root/Documents/airflowalu/venv/lib/python3.9/site-packages/airflow/example_dags/example_latest_only_with_trigger.py
[2025-05-02 17:25:45,475] {processor.py:641} INFO - Processing file /root/Documents/airflowalu/venv/lib/python3.9/site-packages/airflow/example_dags/example_latest_only_with_trigger.py for tasks to queue
[2025-05-02 17:25:45,475] {logging_mixin.py:115} INFO - [2025-05-02 17:25:45,475] {dagbag.py:507} INFO - Filling up the DagBag from /root/Documents/airflowalu/venv/lib/python3.9/site-packages/airflow/example_dags/example_latest_only_with_trigger.py
[2025-05-02 17:25:45,480] {processor.py:651} INFO - DAG(s) dict_keys(['latest_only_with_trigger']) retrieved from /root/Documents/airflowalu/venv/lib/python3.9/site-packages/airflow/example_dags/example_latest_only_with_trigger.py
[2025-05-02 17:25:45,489] {logging_mixin.py:115} INFO - [2025-05-02 17:25:45,489] {dag.py:2379} INFO - Sync 1 DAGs
[2025-05-02 17:25:45,498] {logging_mixin.py:115} INFO - [2025-05-02 17:25:45,498] {dag.py:2927} INFO - Setting next_dagrun for latest_only_with_trigger to 2025-05-02T16:25:45.498350+00:00, run_after=2025-05-02T20:25:45.498350+00:00
[2025-05-02 17:25:45,508] {processor.py:161} INFO - Processing /root/Documents/airflowalu/venv/lib/python3.9/site-packages/airflow/example_dags/example_latest_only_with_trigger.py took 0.036 seconds
[2025-05-02 17:26:16,965] {processor.py:153} INFO - Started process (PID=12300) to work on /root/Documents/airflowalu/venv/lib/python3.9/site-packages/airflow/example_dags/example_latest_only_with_trigger.py
[2025-05-02 17:26:16,966] {processor.py:641} INFO - Processing file /root/Documents/airflowalu/venv/lib/python3.9/site-packages/airflow/example_dags/example_latest_only_with_trigger.py for tasks to queue
[2025-05-02 17:26:16,966] {logging_mixin.py:115} INFO - [2025-05-02 17:26:16,966] {dagbag.py:507} INFO - Filling up the DagBag from /root/Documents/airflowalu/venv/lib/python3.9/site-packages/airflow/example_dags/example_latest_only_with_trigger.py
[2025-05-02 17:26:16,971] {processor.py:651} INFO - DAG(s) dict_keys(['latest_only_with_trigger']) retrieved from /root/Documents/airflowalu/venv/lib/python3.9/site-packages/airflow/example_dags/example_latest_only_with_trigger.py
[2025-05-02 17:26:16,980] {logging_mixin.py:115} INFO - [2025-05-02 17:26:16,980] {dag.py:2379} INFO - Sync 1 DAGs
[2025-05-02 17:26:16,989] {logging_mixin.py:115} INFO - [2025-05-02 17:26:16,989] {dag.py:2927} INFO - Setting next_dagrun for latest_only_with_trigger to 2025-05-02T16:26:16.989455+00:00, run_after=2025-05-02T20:26:16.989455+00:00
[2025-05-02 17:26:17,000] {processor.py:161} INFO - Processing /root/Documents/airflowalu/venv/lib/python3.9/site-packages/airflow/example_dags/example_latest_only_with_trigger.py took 0.036 seconds
[2025-05-02 17:26:50,623] {processor.py:153} INFO - Started process (PID=12441) to work on /root/Documents/airflowalu/venv/lib/python3.9/site-packages/airflow/example_dags/example_latest_only_with_trigger.py
[2025-05-02 17:26:50,624] {processor.py:641} INFO - Processing file /root/Documents/airflowalu/venv/lib/python3.9/site-packages/airflow/example_dags/example_latest_only_with_trigger.py for tasks to queue
[2025-05-02 17:26:50,624] {logging_mixin.py:115} INFO - [2025-05-02 17:26:50,624] {dagbag.py:507} INFO - Filling up the DagBag from /root/Documents/airflowalu/venv/lib/python3.9/site-packages/airflow/example_dags/example_latest_only_with_trigger.py
[2025-05-02 17:26:50,629] {processor.py:651} INFO - DAG(s) dict_keys(['latest_only_with_trigger']) retrieved from /root/Documents/airflowalu/venv/lib/python3.9/site-packages/airflow/example_dags/example_latest_only_with_trigger.py
[2025-05-02 17:26:50,638] {logging_mixin.py:115} INFO - [2025-05-02 17:26:50,638] {dag.py:2379} INFO - Sync 1 DAGs
[2025-05-02 17:26:50,647] {logging_mixin.py:115} INFO - [2025-05-02 17:26:50,646] {dag.py:2927} INFO - Setting next_dagrun for latest_only_with_trigger to 2025-05-02T16:26:50.646810+00:00, run_after=2025-05-02T20:26:50.646810+00:00
[2025-05-02 17:26:50,657] {processor.py:161} INFO - Processing /root/Documents/airflowalu/venv/lib/python3.9/site-packages/airflow/example_dags/example_latest_only_with_trigger.py took 0.036 seconds
[2025-05-02 17:27:22,663] {processor.py:153} INFO - Started process (PID=12573) to work on /root/Documents/airflowalu/venv/lib/python3.9/site-packages/airflow/example_dags/example_latest_only_with_trigger.py
[2025-05-02 17:27:22,664] {processor.py:641} INFO - Processing file /root/Documents/airflowalu/venv/lib/python3.9/site-packages/airflow/example_dags/example_latest_only_with_trigger.py for tasks to queue
[2025-05-02 17:27:22,664] {logging_mixin.py:115} INFO - [2025-05-02 17:27:22,664] {dagbag.py:507} INFO - Filling up the DagBag from /root/Documents/airflowalu/venv/lib/python3.9/site-packages/airflow/example_dags/example_latest_only_with_trigger.py
[2025-05-02 17:27:22,669] {processor.py:651} INFO - DAG(s) dict_keys(['latest_only_with_trigger']) retrieved from /root/Documents/airflowalu/venv/lib/python3.9/site-packages/airflow/example_dags/example_latest_only_with_trigger.py
[2025-05-02 17:27:22,680] {logging_mixin.py:115} INFO - [2025-05-02 17:27:22,680] {dag.py:2379} INFO - Sync 1 DAGs
[2025-05-02 17:27:22,695] {logging_mixin.py:115} INFO - [2025-05-02 17:27:22,695] {dag.py:2927} INFO - Setting next_dagrun for latest_only_with_trigger to 2025-05-02T16:27:22.695456+00:00, run_after=2025-05-02T20:27:22.695456+00:00
[2025-05-02 17:27:22,707] {processor.py:161} INFO - Processing /root/Documents/airflowalu/venv/lib/python3.9/site-packages/airflow/example_dags/example_latest_only_with_trigger.py took 0.045 seconds
[2025-05-02 17:27:58,280] {processor.py:153} INFO - Started process (PID=12733) to work on /root/Documents/airflowalu/venv/lib/python3.9/site-packages/airflow/example_dags/example_latest_only_with_trigger.py
[2025-05-02 17:27:58,281] {processor.py:641} INFO - Processing file /root/Documents/airflowalu/venv/lib/python3.9/site-packages/airflow/example_dags/example_latest_only_with_trigger.py for tasks to queue
[2025-05-02 17:27:58,281] {logging_mixin.py:115} INFO - [2025-05-02 17:27:58,281] {dagbag.py:507} INFO - Filling up the DagBag from /root/Documents/airflowalu/venv/lib/python3.9/site-packages/airflow/example_dags/example_latest_only_with_trigger.py
[2025-05-02 17:27:58,284] {processor.py:651} INFO - DAG(s) dict_keys(['latest_only_with_trigger']) retrieved from /root/Documents/airflowalu/venv/lib/python3.9/site-packages/airflow/example_dags/example_latest_only_with_trigger.py
[2025-05-02 17:27:58,293] {logging_mixin.py:115} INFO - [2025-05-02 17:27:58,293] {dag.py:2379} INFO - Sync 1 DAGs
[2025-05-02 17:27:58,302] {logging_mixin.py:115} INFO - [2025-05-02 17:27:58,302] {dag.py:2927} INFO - Setting next_dagrun for latest_only_with_trigger to 2025-05-02T16:27:58.302605+00:00, run_after=2025-05-02T20:27:58.302605+00:00
[2025-05-02 17:27:58,313] {processor.py:161} INFO - Processing /root/Documents/airflowalu/venv/lib/python3.9/site-packages/airflow/example_dags/example_latest_only_with_trigger.py took 0.034 seconds
[2025-05-02 17:30:16,534] {processor.py:153} INFO - Started process (PID=13562) to work on /root/Documents/airflowalu/venv/lib/python3.9/site-packages/airflow/example_dags/example_latest_only_with_trigger.py
[2025-05-02 17:30:16,535] {processor.py:641} INFO - Processing file /root/Documents/airflowalu/venv/lib/python3.9/site-packages/airflow/example_dags/example_latest_only_with_trigger.py for tasks to queue
[2025-05-02 17:30:16,535] {logging_mixin.py:115} INFO - [2025-05-02 17:30:16,535] {dagbag.py:507} INFO - Filling up the DagBag from /root/Documents/airflowalu/venv/lib/python3.9/site-packages/airflow/example_dags/example_latest_only_with_trigger.py
[2025-05-02 17:30:16,539] {processor.py:651} INFO - DAG(s) dict_keys(['latest_only_with_trigger']) retrieved from /root/Documents/airflowalu/venv/lib/python3.9/site-packages/airflow/example_dags/example_latest_only_with_trigger.py
[2025-05-02 17:30:16,549] {logging_mixin.py:115} INFO - [2025-05-02 17:30:16,549] {dag.py:2379} INFO - Sync 1 DAGs
[2025-05-02 17:30:16,561] {logging_mixin.py:115} INFO - [2025-05-02 17:30:16,561] {dag.py:2927} INFO - Setting next_dagrun for latest_only_with_trigger to 2025-05-02T16:30:16.561089+00:00, run_after=2025-05-02T20:30:16.561089+00:00
[2025-05-02 17:30:16,572] {processor.py:161} INFO - Processing /root/Documents/airflowalu/venv/lib/python3.9/site-packages/airflow/example_dags/example_latest_only_with_trigger.py took 0.040 seconds
[2025-05-02 17:30:46,866] {processor.py:153} INFO - Started process (PID=13773) to work on /root/Documents/airflowalu/venv/lib/python3.9/site-packages/airflow/example_dags/example_latest_only_with_trigger.py
[2025-05-02 17:30:46,867] {processor.py:641} INFO - Processing file /root/Documents/airflowalu/venv/lib/python3.9/site-packages/airflow/example_dags/example_latest_only_with_trigger.py for tasks to queue
[2025-05-02 17:30:46,867] {logging_mixin.py:115} INFO - [2025-05-02 17:30:46,867] {dagbag.py:507} INFO - Filling up the DagBag from /root/Documents/airflowalu/venv/lib/python3.9/site-packages/airflow/example_dags/example_latest_only_with_trigger.py
[2025-05-02 17:30:46,874] {processor.py:651} INFO - DAG(s) dict_keys(['latest_only_with_trigger']) retrieved from /root/Documents/airflowalu/venv/lib/python3.9/site-packages/airflow/example_dags/example_latest_only_with_trigger.py
[2025-05-02 17:30:46,888] {logging_mixin.py:115} INFO - [2025-05-02 17:30:46,888] {dag.py:2379} INFO - Sync 1 DAGs
[2025-05-02 17:30:46,909] {logging_mixin.py:115} INFO - [2025-05-02 17:30:46,908] {dag.py:2927} INFO - Setting next_dagrun for latest_only_with_trigger to 2025-05-02T16:30:46.908591+00:00, run_after=2025-05-02T20:30:46.908591+00:00
[2025-05-02 17:30:46,929] {processor.py:161} INFO - Processing /root/Documents/airflowalu/venv/lib/python3.9/site-packages/airflow/example_dags/example_latest_only_with_trigger.py took 0.067 seconds
[2025-05-02 20:40:15,233] {processor.py:153} INFO - Started process (PID=520) to work on /root/Documents/airflowalu/venv/lib/python3.9/site-packages/airflow/example_dags/example_latest_only_with_trigger.py
[2025-05-02 20:40:15,234] {processor.py:641} INFO - Processing file /root/Documents/airflowalu/venv/lib/python3.9/site-packages/airflow/example_dags/example_latest_only_with_trigger.py for tasks to queue
[2025-05-02 20:40:15,234] {logging_mixin.py:115} INFO - [2025-05-02 20:40:15,234] {dagbag.py:507} INFO - Filling up the DagBag from /root/Documents/airflowalu/venv/lib/python3.9/site-packages/airflow/example_dags/example_latest_only_with_trigger.py
[2025-05-02 20:40:15,237] {processor.py:651} INFO - DAG(s) dict_keys(['latest_only_with_trigger']) retrieved from /root/Documents/airflowalu/venv/lib/python3.9/site-packages/airflow/example_dags/example_latest_only_with_trigger.py
[2025-05-02 20:40:15,247] {logging_mixin.py:115} INFO - [2025-05-02 20:40:15,247] {dag.py:2379} INFO - Sync 1 DAGs
[2025-05-02 20:40:15,258] {logging_mixin.py:115} INFO - [2025-05-02 20:40:15,258] {dag.py:2927} INFO - Setting next_dagrun for latest_only_with_trigger to 2025-05-02T19:40:15.258330+00:00, run_after=2025-05-02T23:40:15.258330+00:00
[2025-05-02 20:40:15,268] {processor.py:161} INFO - Processing /root/Documents/airflowalu/venv/lib/python3.9/site-packages/airflow/example_dags/example_latest_only_with_trigger.py took 0.036 seconds
