[2025-05-02 16:52:38,775] {processor.py:153} INFO - Started process (PID=2856) to work on /root/Documents/airflowalu/venv/lib/python3.9/site-packages/airflow/example_dags/example_dag_decorator.py
[2025-05-02 16:52:38,775] {processor.py:641} INFO - Processing file /root/Documents/airflowalu/venv/lib/python3.9/site-packages/airflow/example_dags/example_dag_decorator.py for tasks to queue
[2025-05-02 16:52:38,775] {logging_mixin.py:115} INFO - [2025-05-02 16:52:38,775] {dagbag.py:507} INFO - Filling up the DagBag from /root/Documents/airflowalu/venv/lib/python3.9/site-packages/airflow/example_dags/example_dag_decorator.py
[2025-05-02 16:52:38,787] {processor.py:651} INFO - DAG(s) dict_keys(['example_dag_decorator']) retrieved from /root/Documents/airflowalu/venv/lib/python3.9/site-packages/airflow/example_dags/example_dag_decorator.py
[2025-05-02 16:52:38,826] {logging_mixin.py:115} INFO - [2025-05-02 16:52:38,826] {manager.py:508} INFO - Created Permission View: can edit on DAG:example_dag_decorator
[2025-05-02 16:52:38,835] {logging_mixin.py:115} INFO - [2025-05-02 16:52:38,835] {manager.py:508} INFO - Created Permission View: can delete on DAG:example_dag_decorator
[2025-05-02 16:52:38,844] {logging_mixin.py:115} INFO - [2025-05-02 16:52:38,844] {manager.py:508} INFO - Created Permission View: can read on DAG:example_dag_decorator
[2025-05-02 16:52:38,844] {logging_mixin.py:115} INFO - [2025-05-02 16:52:38,844] {dag.py:2379} INFO - Sync 1 DAGs
[2025-05-02 16:52:38,848] {logging_mixin.py:115} INFO - [2025-05-02 16:52:38,848] {dag.py:2398} INFO - Creating ORM DAG for example_dag_decorator
[2025-05-02 16:52:38,853] {logging_mixin.py:115} INFO - [2025-05-02 16:52:38,853] {dag.py:2927} INFO - Setting next_dagrun for example_dag_decorator to None, run_after=None
[2025-05-02 16:52:38,868] {processor.py:161} INFO - Processing /root/Documents/airflowalu/venv/lib/python3.9/site-packages/airflow/example_dags/example_dag_decorator.py took 0.094 seconds
[2025-05-02 16:53:10,356] {processor.py:153} INFO - Started process (PID=2953) to work on /root/Documents/airflowalu/venv/lib/python3.9/site-packages/airflow/example_dags/example_dag_decorator.py
[2025-05-02 16:53:10,357] {processor.py:641} INFO - Processing file /root/Documents/airflowalu/venv/lib/python3.9/site-packages/airflow/example_dags/example_dag_decorator.py for tasks to queue
[2025-05-02 16:53:10,357] {logging_mixin.py:115} INFO - [2025-05-02 16:53:10,357] {dagbag.py:507} INFO - Filling up the DagBag from /root/Documents/airflowalu/venv/lib/python3.9/site-packages/airflow/example_dags/example_dag_decorator.py
[2025-05-02 16:53:10,374] {processor.py:651} INFO - DAG(s) dict_keys(['example_dag_decorator']) retrieved from /root/Documents/airflowalu/venv/lib/python3.9/site-packages/airflow/example_dags/example_dag_decorator.py
[2025-05-02 16:53:10,403] {logging_mixin.py:115} INFO - [2025-05-02 16:53:10,403] {dag.py:2379} INFO - Sync 1 DAGs
[2025-05-02 16:53:10,412] {logging_mixin.py:115} INFO - [2025-05-02 16:53:10,412] {dag.py:2927} INFO - Setting next_dagrun for example_dag_decorator to None, run_after=None
[2025-05-02 16:53:10,424] {processor.py:161} INFO - Processing /root/Documents/airflowalu/venv/lib/python3.9/site-packages/airflow/example_dags/example_dag_decorator.py took 0.070 seconds
[2025-05-02 16:53:42,397] {processor.py:153} INFO - Started process (PID=3628) to work on /root/Documents/airflowalu/venv/lib/python3.9/site-packages/airflow/example_dags/example_dag_decorator.py
[2025-05-02 16:53:42,398] {processor.py:641} INFO - Processing file /root/Documents/airflowalu/venv/lib/python3.9/site-packages/airflow/example_dags/example_dag_decorator.py for tasks to queue
[2025-05-02 16:53:42,398] {logging_mixin.py:115} INFO - [2025-05-02 16:53:42,398] {dagbag.py:507} INFO - Filling up the DagBag from /root/Documents/airflowalu/venv/lib/python3.9/site-packages/airflow/example_dags/example_dag_decorator.py
[2025-05-02 16:53:42,410] {processor.py:651} INFO - DAG(s) dict_keys(['example_dag_decorator']) retrieved from /root/Documents/airflowalu/venv/lib/python3.9/site-packages/airflow/example_dags/example_dag_decorator.py
[2025-05-02 16:53:42,419] {logging_mixin.py:115} INFO - [2025-05-02 16:53:42,419] {dag.py:2379} INFO - Sync 1 DAGs
[2025-05-02 16:53:42,429] {logging_mixin.py:115} INFO - [2025-05-02 16:53:42,428] {dag.py:2927} INFO - Setting next_dagrun for example_dag_decorator to None, run_after=None
[2025-05-02 16:53:42,439] {processor.py:161} INFO - Processing /root/Documents/airflowalu/venv/lib/python3.9/site-packages/airflow/example_dags/example_dag_decorator.py took 0.044 seconds
[2025-05-02 16:54:14,537] {processor.py:153} INFO - Started process (PID=3772) to work on /root/Documents/airflowalu/venv/lib/python3.9/site-packages/airflow/example_dags/example_dag_decorator.py
[2025-05-02 16:54:14,538] {processor.py:641} INFO - Processing file /root/Documents/airflowalu/venv/lib/python3.9/site-packages/airflow/example_dags/example_dag_decorator.py for tasks to queue
[2025-05-02 16:54:14,538] {logging_mixin.py:115} INFO - [2025-05-02 16:54:14,538] {dagbag.py:507} INFO - Filling up the DagBag from /root/Documents/airflowalu/venv/lib/python3.9/site-packages/airflow/example_dags/example_dag_decorator.py
[2025-05-02 16:54:14,551] {processor.py:651} INFO - DAG(s) dict_keys(['example_dag_decorator']) retrieved from /root/Documents/airflowalu/venv/lib/python3.9/site-packages/airflow/example_dags/example_dag_decorator.py
[2025-05-02 16:54:14,576] {logging_mixin.py:115} INFO - [2025-05-02 16:54:14,576] {dag.py:2379} INFO - Sync 1 DAGs
[2025-05-02 16:54:14,584] {logging_mixin.py:115} INFO - [2025-05-02 16:54:14,583] {dag.py:2927} INFO - Setting next_dagrun for example_dag_decorator to None, run_after=None
[2025-05-02 16:54:14,594] {processor.py:161} INFO - Processing /root/Documents/airflowalu/venv/lib/python3.9/site-packages/airflow/example_dags/example_dag_decorator.py took 0.059 seconds
[2025-05-02 16:54:45,705] {processor.py:153} INFO - Started process (PID=3902) to work on /root/Documents/airflowalu/venv/lib/python3.9/site-packages/airflow/example_dags/example_dag_decorator.py
[2025-05-02 16:54:45,706] {processor.py:641} INFO - Processing file /root/Documents/airflowalu/venv/lib/python3.9/site-packages/airflow/example_dags/example_dag_decorator.py for tasks to queue
[2025-05-02 16:54:45,707] {logging_mixin.py:115} INFO - [2025-05-02 16:54:45,706] {dagbag.py:507} INFO - Filling up the DagBag from /root/Documents/airflowalu/venv/lib/python3.9/site-packages/airflow/example_dags/example_dag_decorator.py
[2025-05-02 16:54:45,726] {processor.py:651} INFO - DAG(s) dict_keys(['example_dag_decorator']) retrieved from /root/Documents/airflowalu/venv/lib/python3.9/site-packages/airflow/example_dags/example_dag_decorator.py
[2025-05-02 16:54:45,758] {logging_mixin.py:115} INFO - [2025-05-02 16:54:45,757] {dag.py:2379} INFO - Sync 1 DAGs
[2025-05-02 16:54:45,769] {logging_mixin.py:115} INFO - [2025-05-02 16:54:45,769] {dag.py:2927} INFO - Setting next_dagrun for example_dag_decorator to None, run_after=None
[2025-05-02 16:54:45,783] {processor.py:161} INFO - Processing /root/Documents/airflowalu/venv/lib/python3.9/site-packages/airflow/example_dags/example_dag_decorator.py took 0.080 seconds
[2025-05-02 16:55:16,703] {processor.py:153} INFO - Started process (PID=4034) to work on /root/Documents/airflowalu/venv/lib/python3.9/site-packages/airflow/example_dags/example_dag_decorator.py
[2025-05-02 16:55:16,703] {processor.py:641} INFO - Processing file /root/Documents/airflowalu/venv/lib/python3.9/site-packages/airflow/example_dags/example_dag_decorator.py for tasks to queue
[2025-05-02 16:55:16,704] {logging_mixin.py:115} INFO - [2025-05-02 16:55:16,704] {dagbag.py:507} INFO - Filling up the DagBag from /root/Documents/airflowalu/venv/lib/python3.9/site-packages/airflow/example_dags/example_dag_decorator.py
[2025-05-02 16:55:16,716] {processor.py:651} INFO - DAG(s) dict_keys(['example_dag_decorator']) retrieved from /root/Documents/airflowalu/venv/lib/python3.9/site-packages/airflow/example_dags/example_dag_decorator.py
[2025-05-02 16:55:16,741] {logging_mixin.py:115} INFO - [2025-05-02 16:55:16,741] {dag.py:2379} INFO - Sync 1 DAGs
[2025-05-02 16:55:16,748] {logging_mixin.py:115} INFO - [2025-05-02 16:55:16,748] {dag.py:2927} INFO - Setting next_dagrun for example_dag_decorator to None, run_after=None
[2025-05-02 16:55:16,760] {processor.py:161} INFO - Processing /root/Documents/airflowalu/venv/lib/python3.9/site-packages/airflow/example_dags/example_dag_decorator.py took 0.059 seconds
[2025-05-02 16:55:48,739] {processor.py:153} INFO - Started process (PID=4459) to work on /root/Documents/airflowalu/venv/lib/python3.9/site-packages/airflow/example_dags/example_dag_decorator.py
[2025-05-02 16:55:48,740] {processor.py:641} INFO - Processing file /root/Documents/airflowalu/venv/lib/python3.9/site-packages/airflow/example_dags/example_dag_decorator.py for tasks to queue
[2025-05-02 16:55:48,740] {logging_mixin.py:115} INFO - [2025-05-02 16:55:48,740] {dagbag.py:507} INFO - Filling up the DagBag from /root/Documents/airflowalu/venv/lib/python3.9/site-packages/airflow/example_dags/example_dag_decorator.py
[2025-05-02 16:55:48,753] {processor.py:651} INFO - DAG(s) dict_keys(['example_dag_decorator']) retrieved from /root/Documents/airflowalu/venv/lib/python3.9/site-packages/airflow/example_dags/example_dag_decorator.py
[2025-05-02 16:55:48,778] {logging_mixin.py:115} INFO - [2025-05-02 16:55:48,778] {dag.py:2379} INFO - Sync 1 DAGs
[2025-05-02 16:55:48,788] {logging_mixin.py:115} INFO - [2025-05-02 16:55:48,788] {dag.py:2927} INFO - Setting next_dagrun for example_dag_decorator to None, run_after=None
[2025-05-02 16:55:48,799] {processor.py:161} INFO - Processing /root/Documents/airflowalu/venv/lib/python3.9/site-packages/airflow/example_dags/example_dag_decorator.py took 0.062 seconds
[2025-05-02 16:56:20,650] {processor.py:153} INFO - Started process (PID=4597) to work on /root/Documents/airflowalu/venv/lib/python3.9/site-packages/airflow/example_dags/example_dag_decorator.py
[2025-05-02 16:56:20,651] {processor.py:641} INFO - Processing file /root/Documents/airflowalu/venv/lib/python3.9/site-packages/airflow/example_dags/example_dag_decorator.py for tasks to queue
[2025-05-02 16:56:20,651] {logging_mixin.py:115} INFO - [2025-05-02 16:56:20,651] {dagbag.py:507} INFO - Filling up the DagBag from /root/Documents/airflowalu/venv/lib/python3.9/site-packages/airflow/example_dags/example_dag_decorator.py
[2025-05-02 16:56:20,669] {processor.py:651} INFO - DAG(s) dict_keys(['example_dag_decorator']) retrieved from /root/Documents/airflowalu/venv/lib/python3.9/site-packages/airflow/example_dags/example_dag_decorator.py
[2025-05-02 16:56:18,561] {logging_mixin.py:115} INFO - [2025-05-02 16:56:18,561] {dag.py:2379} INFO - Sync 1 DAGs
[2025-05-02 16:56:18,572] {logging_mixin.py:115} INFO - [2025-05-02 16:56:18,572] {dag.py:2927} INFO - Setting next_dagrun for example_dag_decorator to None, run_after=None
[2025-05-02 16:56:18,585] {processor.py:161} INFO - Processing /root/Documents/airflowalu/venv/lib/python3.9/site-packages/airflow/example_dags/example_dag_decorator.py took 0.076 seconds
[2025-05-02 16:56:49,963] {processor.py:153} INFO - Started process (PID=4719) to work on /root/Documents/airflowalu/venv/lib/python3.9/site-packages/airflow/example_dags/example_dag_decorator.py
[2025-05-02 16:56:49,964] {processor.py:641} INFO - Processing file /root/Documents/airflowalu/venv/lib/python3.9/site-packages/airflow/example_dags/example_dag_decorator.py for tasks to queue
[2025-05-02 16:56:49,964] {logging_mixin.py:115} INFO - [2025-05-02 16:56:49,964] {dagbag.py:507} INFO - Filling up the DagBag from /root/Documents/airflowalu/venv/lib/python3.9/site-packages/airflow/example_dags/example_dag_decorator.py
[2025-05-02 16:56:49,977] {processor.py:651} INFO - DAG(s) dict_keys(['example_dag_decorator']) retrieved from /root/Documents/airflowalu/venv/lib/python3.9/site-packages/airflow/example_dags/example_dag_decorator.py
[2025-05-02 16:56:49,983] {logging_mixin.py:115} INFO - [2025-05-02 16:56:49,983] {dag.py:2379} INFO - Sync 1 DAGs
[2025-05-02 16:56:49,992] {logging_mixin.py:115} INFO - [2025-05-02 16:56:49,992] {dag.py:2927} INFO - Setting next_dagrun for example_dag_decorator to None, run_after=None
[2025-05-02 16:56:50,004] {processor.py:161} INFO - Processing /root/Documents/airflowalu/venv/lib/python3.9/site-packages/airflow/example_dags/example_dag_decorator.py took 0.043 seconds
[2025-05-02 16:57:20,551] {processor.py:153} INFO - Started process (PID=4864) to work on /root/Documents/airflowalu/venv/lib/python3.9/site-packages/airflow/example_dags/example_dag_decorator.py
[2025-05-02 16:57:20,552] {processor.py:641} INFO - Processing file /root/Documents/airflowalu/venv/lib/python3.9/site-packages/airflow/example_dags/example_dag_decorator.py for tasks to queue
[2025-05-02 16:57:20,552] {logging_mixin.py:115} INFO - [2025-05-02 16:57:20,552] {dagbag.py:507} INFO - Filling up the DagBag from /root/Documents/airflowalu/venv/lib/python3.9/site-packages/airflow/example_dags/example_dag_decorator.py
[2025-05-02 16:57:20,564] {processor.py:651} INFO - DAG(s) dict_keys(['example_dag_decorator']) retrieved from /root/Documents/airflowalu/venv/lib/python3.9/site-packages/airflow/example_dags/example_dag_decorator.py
[2025-05-02 16:57:20,587] {logging_mixin.py:115} INFO - [2025-05-02 16:57:20,587] {dag.py:2379} INFO - Sync 1 DAGs
[2025-05-02 16:57:20,594] {logging_mixin.py:115} INFO - [2025-05-02 16:57:20,594] {dag.py:2927} INFO - Setting next_dagrun for example_dag_decorator to None, run_after=None
[2025-05-02 16:57:20,604] {processor.py:161} INFO - Processing /root/Documents/airflowalu/venv/lib/python3.9/site-packages/airflow/example_dags/example_dag_decorator.py took 0.055 seconds
[2025-05-02 16:57:51,921] {processor.py:153} INFO - Started process (PID=4995) to work on /root/Documents/airflowalu/venv/lib/python3.9/site-packages/airflow/example_dags/example_dag_decorator.py
[2025-05-02 16:57:51,921] {processor.py:641} INFO - Processing file /root/Documents/airflowalu/venv/lib/python3.9/site-packages/airflow/example_dags/example_dag_decorator.py for tasks to queue
[2025-05-02 16:57:51,922] {logging_mixin.py:115} INFO - [2025-05-02 16:57:51,921] {dagbag.py:507} INFO - Filling up the DagBag from /root/Documents/airflowalu/venv/lib/python3.9/site-packages/airflow/example_dags/example_dag_decorator.py
[2025-05-02 16:57:51,936] {processor.py:651} INFO - DAG(s) dict_keys(['example_dag_decorator']) retrieved from /root/Documents/airflowalu/venv/lib/python3.9/site-packages/airflow/example_dags/example_dag_decorator.py
[2025-05-02 16:57:51,958] {logging_mixin.py:115} INFO - [2025-05-02 16:57:51,958] {dag.py:2379} INFO - Sync 1 DAGs
[2025-05-02 16:57:51,965] {logging_mixin.py:115} INFO - [2025-05-02 16:57:51,965] {dag.py:2927} INFO - Setting next_dagrun for example_dag_decorator to None, run_after=None
[2025-05-02 16:57:51,976] {processor.py:161} INFO - Processing /root/Documents/airflowalu/venv/lib/python3.9/site-packages/airflow/example_dags/example_dag_decorator.py took 0.057 seconds
[2025-05-02 16:58:25,497] {processor.py:153} INFO - Started process (PID=5138) to work on /root/Documents/airflowalu/venv/lib/python3.9/site-packages/airflow/example_dags/example_dag_decorator.py
[2025-05-02 16:58:25,498] {processor.py:641} INFO - Processing file /root/Documents/airflowalu/venv/lib/python3.9/site-packages/airflow/example_dags/example_dag_decorator.py for tasks to queue
[2025-05-02 16:58:25,498] {logging_mixin.py:115} INFO - [2025-05-02 16:58:25,498] {dagbag.py:507} INFO - Filling up the DagBag from /root/Documents/airflowalu/venv/lib/python3.9/site-packages/airflow/example_dags/example_dag_decorator.py
[2025-05-02 16:58:25,512] {processor.py:651} INFO - DAG(s) dict_keys(['example_dag_decorator']) retrieved from /root/Documents/airflowalu/venv/lib/python3.9/site-packages/airflow/example_dags/example_dag_decorator.py
[2025-05-02 16:58:25,520] {logging_mixin.py:115} INFO - [2025-05-02 16:58:25,520] {dag.py:2379} INFO - Sync 1 DAGs
[2025-05-02 16:58:25,529] {logging_mixin.py:115} INFO - [2025-05-02 16:58:25,529] {dag.py:2927} INFO - Setting next_dagrun for example_dag_decorator to None, run_after=None
[2025-05-02 16:58:25,540] {processor.py:161} INFO - Processing /root/Documents/airflowalu/venv/lib/python3.9/site-packages/airflow/example_dags/example_dag_decorator.py took 0.044 seconds
[2025-05-02 16:58:58,006] {processor.py:153} INFO - Started process (PID=5275) to work on /root/Documents/airflowalu/venv/lib/python3.9/site-packages/airflow/example_dags/example_dag_decorator.py
[2025-05-02 16:58:58,007] {processor.py:641} INFO - Processing file /root/Documents/airflowalu/venv/lib/python3.9/site-packages/airflow/example_dags/example_dag_decorator.py for tasks to queue
[2025-05-02 16:58:58,007] {logging_mixin.py:115} INFO - [2025-05-02 16:58:58,007] {dagbag.py:507} INFO - Filling up the DagBag from /root/Documents/airflowalu/venv/lib/python3.9/site-packages/airflow/example_dags/example_dag_decorator.py
[2025-05-02 16:58:58,021] {processor.py:651} INFO - DAG(s) dict_keys(['example_dag_decorator']) retrieved from /root/Documents/airflowalu/venv/lib/python3.9/site-packages/airflow/example_dags/example_dag_decorator.py
[2025-05-02 16:58:58,044] {logging_mixin.py:115} INFO - [2025-05-02 16:58:58,044] {dag.py:2379} INFO - Sync 1 DAGs
[2025-05-02 16:58:58,052] {logging_mixin.py:115} INFO - [2025-05-02 16:58:58,052] {dag.py:2927} INFO - Setting next_dagrun for example_dag_decorator to None, run_after=None
[2025-05-02 16:58:58,063] {processor.py:161} INFO - Processing /root/Documents/airflowalu/venv/lib/python3.9/site-packages/airflow/example_dags/example_dag_decorator.py took 0.059 seconds
[2025-05-02 16:59:30,735] {processor.py:153} INFO - Started process (PID=5414) to work on /root/Documents/airflowalu/venv/lib/python3.9/site-packages/airflow/example_dags/example_dag_decorator.py
[2025-05-02 16:59:30,735] {processor.py:641} INFO - Processing file /root/Documents/airflowalu/venv/lib/python3.9/site-packages/airflow/example_dags/example_dag_decorator.py for tasks to queue
[2025-05-02 16:59:30,736] {logging_mixin.py:115} INFO - [2025-05-02 16:59:30,736] {dagbag.py:507} INFO - Filling up the DagBag from /root/Documents/airflowalu/venv/lib/python3.9/site-packages/airflow/example_dags/example_dag_decorator.py
[2025-05-02 16:59:30,750] {processor.py:651} INFO - DAG(s) dict_keys(['example_dag_decorator']) retrieved from /root/Documents/airflowalu/venv/lib/python3.9/site-packages/airflow/example_dags/example_dag_decorator.py
[2025-05-02 16:59:30,759] {logging_mixin.py:115} INFO - [2025-05-02 16:59:30,759] {dag.py:2379} INFO - Sync 1 DAGs
[2025-05-02 16:59:30,767] {logging_mixin.py:115} INFO - [2025-05-02 16:59:30,767] {dag.py:2927} INFO - Setting next_dagrun for example_dag_decorator to None, run_after=None
[2025-05-02 16:59:30,777] {processor.py:161} INFO - Processing /root/Documents/airflowalu/venv/lib/python3.9/site-packages/airflow/example_dags/example_dag_decorator.py took 0.044 seconds
[2025-05-02 17:00:02,396] {processor.py:153} INFO - Started process (PID=5547) to work on /root/Documents/airflowalu/venv/lib/python3.9/site-packages/airflow/example_dags/example_dag_decorator.py
[2025-05-02 17:00:02,397] {processor.py:641} INFO - Processing file /root/Documents/airflowalu/venv/lib/python3.9/site-packages/airflow/example_dags/example_dag_decorator.py for tasks to queue
[2025-05-02 17:00:02,397] {logging_mixin.py:115} INFO - [2025-05-02 17:00:02,397] {dagbag.py:507} INFO - Filling up the DagBag from /root/Documents/airflowalu/venv/lib/python3.9/site-packages/airflow/example_dags/example_dag_decorator.py
[2025-05-02 17:00:02,411] {processor.py:651} INFO - DAG(s) dict_keys(['example_dag_decorator']) retrieved from /root/Documents/airflowalu/venv/lib/python3.9/site-packages/airflow/example_dags/example_dag_decorator.py
[2025-05-02 17:00:02,418] {logging_mixin.py:115} INFO - [2025-05-02 17:00:02,418] {dag.py:2379} INFO - Sync 1 DAGs
[2025-05-02 17:00:02,427] {logging_mixin.py:115} INFO - [2025-05-02 17:00:02,427] {dag.py:2927} INFO - Setting next_dagrun for example_dag_decorator to None, run_after=None
[2025-05-02 17:00:02,437] {processor.py:161} INFO - Processing /root/Documents/airflowalu/venv/lib/python3.9/site-packages/airflow/example_dags/example_dag_decorator.py took 0.043 seconds
[2025-05-02 17:00:35,179] {processor.py:153} INFO - Started process (PID=5685) to work on /root/Documents/airflowalu/venv/lib/python3.9/site-packages/airflow/example_dags/example_dag_decorator.py
[2025-05-02 17:00:35,179] {processor.py:641} INFO - Processing file /root/Documents/airflowalu/venv/lib/python3.9/site-packages/airflow/example_dags/example_dag_decorator.py for tasks to queue
[2025-05-02 17:00:35,180] {logging_mixin.py:115} INFO - [2025-05-02 17:00:35,179] {dagbag.py:507} INFO - Filling up the DagBag from /root/Documents/airflowalu/venv/lib/python3.9/site-packages/airflow/example_dags/example_dag_decorator.py
[2025-05-02 17:00:35,193] {processor.py:651} INFO - DAG(s) dict_keys(['example_dag_decorator']) retrieved from /root/Documents/airflowalu/venv/lib/python3.9/site-packages/airflow/example_dags/example_dag_decorator.py
[2025-05-02 17:00:35,215] {logging_mixin.py:115} INFO - [2025-05-02 17:00:35,215] {dag.py:2379} INFO - Sync 1 DAGs
[2025-05-02 17:00:35,223] {logging_mixin.py:115} INFO - [2025-05-02 17:00:35,223] {dag.py:2927} INFO - Setting next_dagrun for example_dag_decorator to None, run_after=None
[2025-05-02 17:00:35,234] {processor.py:161} INFO - Processing /root/Documents/airflowalu/venv/lib/python3.9/site-packages/airflow/example_dags/example_dag_decorator.py took 0.057 seconds
[2025-05-02 17:01:06,950] {processor.py:153} INFO - Started process (PID=5818) to work on /root/Documents/airflowalu/venv/lib/python3.9/site-packages/airflow/example_dags/example_dag_decorator.py
[2025-05-02 17:01:06,950] {processor.py:641} INFO - Processing file /root/Documents/airflowalu/venv/lib/python3.9/site-packages/airflow/example_dags/example_dag_decorator.py for tasks to queue
[2025-05-02 17:01:06,951] {logging_mixin.py:115} INFO - [2025-05-02 17:01:06,951] {dagbag.py:507} INFO - Filling up the DagBag from /root/Documents/airflowalu/venv/lib/python3.9/site-packages/airflow/example_dags/example_dag_decorator.py
[2025-05-02 17:01:06,964] {processor.py:651} INFO - DAG(s) dict_keys(['example_dag_decorator']) retrieved from /root/Documents/airflowalu/venv/lib/python3.9/site-packages/airflow/example_dags/example_dag_decorator.py
[2025-05-02 17:01:06,972] {logging_mixin.py:115} INFO - [2025-05-02 17:01:06,972] {dag.py:2379} INFO - Sync 1 DAGs
[2025-05-02 17:01:06,981] {logging_mixin.py:115} INFO - [2025-05-02 17:01:06,981] {dag.py:2927} INFO - Setting next_dagrun for example_dag_decorator to None, run_after=None
[2025-05-02 17:01:06,991] {processor.py:161} INFO - Processing /root/Documents/airflowalu/venv/lib/python3.9/site-packages/airflow/example_dags/example_dag_decorator.py took 0.043 seconds
[2025-05-02 17:01:39,609] {processor.py:153} INFO - Started process (PID=5958) to work on /root/Documents/airflowalu/venv/lib/python3.9/site-packages/airflow/example_dags/example_dag_decorator.py
[2025-05-02 17:01:39,610] {processor.py:641} INFO - Processing file /root/Documents/airflowalu/venv/lib/python3.9/site-packages/airflow/example_dags/example_dag_decorator.py for tasks to queue
[2025-05-02 17:01:39,610] {logging_mixin.py:115} INFO - [2025-05-02 17:01:39,610] {dagbag.py:507} INFO - Filling up the DagBag from /root/Documents/airflowalu/venv/lib/python3.9/site-packages/airflow/example_dags/example_dag_decorator.py
[2025-05-02 17:01:39,623] {processor.py:651} INFO - DAG(s) dict_keys(['example_dag_decorator']) retrieved from /root/Documents/airflowalu/venv/lib/python3.9/site-packages/airflow/example_dags/example_dag_decorator.py
[2025-05-02 17:01:39,632] {logging_mixin.py:115} INFO - [2025-05-02 17:01:39,632] {dag.py:2379} INFO - Sync 1 DAGs
[2025-05-02 17:01:39,640] {logging_mixin.py:115} INFO - [2025-05-02 17:01:39,640] {dag.py:2927} INFO - Setting next_dagrun for example_dag_decorator to None, run_after=None
[2025-05-02 17:01:39,650] {processor.py:161} INFO - Processing /root/Documents/airflowalu/venv/lib/python3.9/site-packages/airflow/example_dags/example_dag_decorator.py took 0.043 seconds
[2025-05-02 17:02:10,521] {processor.py:153} INFO - Started process (PID=6091) to work on /root/Documents/airflowalu/venv/lib/python3.9/site-packages/airflow/example_dags/example_dag_decorator.py
[2025-05-02 17:02:10,522] {processor.py:641} INFO - Processing file /root/Documents/airflowalu/venv/lib/python3.9/site-packages/airflow/example_dags/example_dag_decorator.py for tasks to queue
[2025-05-02 17:02:10,522] {logging_mixin.py:115} INFO - [2025-05-02 17:02:10,522] {dagbag.py:507} INFO - Filling up the DagBag from /root/Documents/airflowalu/venv/lib/python3.9/site-packages/airflow/example_dags/example_dag_decorator.py
[2025-05-02 17:02:10,536] {processor.py:651} INFO - DAG(s) dict_keys(['example_dag_decorator']) retrieved from /root/Documents/airflowalu/venv/lib/python3.9/site-packages/airflow/example_dags/example_dag_decorator.py
[2025-05-02 17:02:10,544] {logging_mixin.py:115} INFO - [2025-05-02 17:02:10,544] {dag.py:2379} INFO - Sync 1 DAGs
[2025-05-02 17:02:10,552] {logging_mixin.py:115} INFO - [2025-05-02 17:02:10,552] {dag.py:2927} INFO - Setting next_dagrun for example_dag_decorator to None, run_after=None
[2025-05-02 17:02:10,562] {processor.py:161} INFO - Processing /root/Documents/airflowalu/venv/lib/python3.9/site-packages/airflow/example_dags/example_dag_decorator.py took 0.042 seconds
[2025-05-02 17:02:43,659] {processor.py:153} INFO - Started process (PID=6228) to work on /root/Documents/airflowalu/venv/lib/python3.9/site-packages/airflow/example_dags/example_dag_decorator.py
[2025-05-02 17:02:43,659] {processor.py:641} INFO - Processing file /root/Documents/airflowalu/venv/lib/python3.9/site-packages/airflow/example_dags/example_dag_decorator.py for tasks to queue
[2025-05-02 17:02:43,660] {logging_mixin.py:115} INFO - [2025-05-02 17:02:43,660] {dagbag.py:507} INFO - Filling up the DagBag from /root/Documents/airflowalu/venv/lib/python3.9/site-packages/airflow/example_dags/example_dag_decorator.py
[2025-05-02 17:02:43,673] {processor.py:651} INFO - DAG(s) dict_keys(['example_dag_decorator']) retrieved from /root/Documents/airflowalu/venv/lib/python3.9/site-packages/airflow/example_dags/example_dag_decorator.py
[2025-05-02 17:02:43,694] {logging_mixin.py:115} INFO - [2025-05-02 17:02:43,694] {dag.py:2379} INFO - Sync 1 DAGs
[2025-05-02 17:02:43,701] {logging_mixin.py:115} INFO - [2025-05-02 17:02:43,701] {dag.py:2927} INFO - Setting next_dagrun for example_dag_decorator to None, run_after=None
[2025-05-02 17:02:43,711] {processor.py:161} INFO - Processing /root/Documents/airflowalu/venv/lib/python3.9/site-packages/airflow/example_dags/example_dag_decorator.py took 0.054 seconds
[2025-05-02 17:03:16,102] {processor.py:153} INFO - Started process (PID=6372) to work on /root/Documents/airflowalu/venv/lib/python3.9/site-packages/airflow/example_dags/example_dag_decorator.py
[2025-05-02 17:03:16,103] {processor.py:641} INFO - Processing file /root/Documents/airflowalu/venv/lib/python3.9/site-packages/airflow/example_dags/example_dag_decorator.py for tasks to queue
[2025-05-02 17:03:16,103] {logging_mixin.py:115} INFO - [2025-05-02 17:03:16,103] {dagbag.py:507} INFO - Filling up the DagBag from /root/Documents/airflowalu/venv/lib/python3.9/site-packages/airflow/example_dags/example_dag_decorator.py
[2025-05-02 17:03:16,117] {processor.py:651} INFO - DAG(s) dict_keys(['example_dag_decorator']) retrieved from /root/Documents/airflowalu/venv/lib/python3.9/site-packages/airflow/example_dags/example_dag_decorator.py
[2025-05-02 17:03:16,126] {logging_mixin.py:115} INFO - [2025-05-02 17:03:16,126] {dag.py:2379} INFO - Sync 1 DAGs
[2025-05-02 17:03:16,136] {logging_mixin.py:115} INFO - [2025-05-02 17:03:16,136] {dag.py:2927} INFO - Setting next_dagrun for example_dag_decorator to None, run_after=None
[2025-05-02 17:03:16,146] {processor.py:161} INFO - Processing /root/Documents/airflowalu/venv/lib/python3.9/site-packages/airflow/example_dags/example_dag_decorator.py took 0.045 seconds
[2025-05-02 17:03:48,923] {processor.py:153} INFO - Started process (PID=6511) to work on /root/Documents/airflowalu/venv/lib/python3.9/site-packages/airflow/example_dags/example_dag_decorator.py
[2025-05-02 17:03:48,924] {processor.py:641} INFO - Processing file /root/Documents/airflowalu/venv/lib/python3.9/site-packages/airflow/example_dags/example_dag_decorator.py for tasks to queue
[2025-05-02 17:03:48,924] {logging_mixin.py:115} INFO - [2025-05-02 17:03:48,924] {dagbag.py:507} INFO - Filling up the DagBag from /root/Documents/airflowalu/venv/lib/python3.9/site-packages/airflow/example_dags/example_dag_decorator.py
[2025-05-02 17:03:48,938] {processor.py:651} INFO - DAG(s) dict_keys(['example_dag_decorator']) retrieved from /root/Documents/airflowalu/venv/lib/python3.9/site-packages/airflow/example_dags/example_dag_decorator.py
[2025-05-02 17:03:48,948] {logging_mixin.py:115} INFO - [2025-05-02 17:03:48,948] {dag.py:2379} INFO - Sync 1 DAGs
[2025-05-02 17:03:48,957] {logging_mixin.py:115} INFO - [2025-05-02 17:03:48,957] {dag.py:2927} INFO - Setting next_dagrun for example_dag_decorator to None, run_after=None
[2025-05-02 17:03:48,969] {processor.py:161} INFO - Processing /root/Documents/airflowalu/venv/lib/python3.9/site-packages/airflow/example_dags/example_dag_decorator.py took 0.047 seconds
[2025-05-02 17:04:20,248] {processor.py:153} INFO - Started process (PID=6644) to work on /root/Documents/airflowalu/venv/lib/python3.9/site-packages/airflow/example_dags/example_dag_decorator.py
[2025-05-02 17:04:20,249] {processor.py:641} INFO - Processing file /root/Documents/airflowalu/venv/lib/python3.9/site-packages/airflow/example_dags/example_dag_decorator.py for tasks to queue
[2025-05-02 17:04:20,249] {logging_mixin.py:115} INFO - [2025-05-02 17:04:20,249] {dagbag.py:507} INFO - Filling up the DagBag from /root/Documents/airflowalu/venv/lib/python3.9/site-packages/airflow/example_dags/example_dag_decorator.py
[2025-05-02 17:04:20,263] {processor.py:651} INFO - DAG(s) dict_keys(['example_dag_decorator']) retrieved from /root/Documents/airflowalu/venv/lib/python3.9/site-packages/airflow/example_dags/example_dag_decorator.py
[2025-05-02 17:04:20,271] {logging_mixin.py:115} INFO - [2025-05-02 17:04:20,271] {dag.py:2379} INFO - Sync 1 DAGs
[2025-05-02 17:04:20,279] {logging_mixin.py:115} INFO - [2025-05-02 17:04:20,279] {dag.py:2927} INFO - Setting next_dagrun for example_dag_decorator to None, run_after=None
[2025-05-02 17:04:20,289] {processor.py:161} INFO - Processing /root/Documents/airflowalu/venv/lib/python3.9/site-packages/airflow/example_dags/example_dag_decorator.py took 0.042 seconds
[2025-05-02 17:04:51,124] {processor.py:153} INFO - Started process (PID=6777) to work on /root/Documents/airflowalu/venv/lib/python3.9/site-packages/airflow/example_dags/example_dag_decorator.py
[2025-05-02 17:04:51,125] {processor.py:641} INFO - Processing file /root/Documents/airflowalu/venv/lib/python3.9/site-packages/airflow/example_dags/example_dag_decorator.py for tasks to queue
[2025-05-02 17:04:51,125] {logging_mixin.py:115} INFO - [2025-05-02 17:04:51,125] {dagbag.py:507} INFO - Filling up the DagBag from /root/Documents/airflowalu/venv/lib/python3.9/site-packages/airflow/example_dags/example_dag_decorator.py
[2025-05-02 17:04:51,139] {processor.py:651} INFO - DAG(s) dict_keys(['example_dag_decorator']) retrieved from /root/Documents/airflowalu/venv/lib/python3.9/site-packages/airflow/example_dags/example_dag_decorator.py
[2025-05-02 17:04:51,147] {logging_mixin.py:115} INFO - [2025-05-02 17:04:51,147] {dag.py:2379} INFO - Sync 1 DAGs
[2025-05-02 17:04:51,156] {logging_mixin.py:115} INFO - [2025-05-02 17:04:51,156] {dag.py:2927} INFO - Setting next_dagrun for example_dag_decorator to None, run_after=None
[2025-05-02 17:04:51,166] {processor.py:161} INFO - Processing /root/Documents/airflowalu/venv/lib/python3.9/site-packages/airflow/example_dags/example_dag_decorator.py took 0.044 seconds
[2025-05-02 17:05:24,444] {processor.py:153} INFO - Started process (PID=6925) to work on /root/Documents/airflowalu/venv/lib/python3.9/site-packages/airflow/example_dags/example_dag_decorator.py
[2025-05-02 17:05:24,445] {processor.py:641} INFO - Processing file /root/Documents/airflowalu/venv/lib/python3.9/site-packages/airflow/example_dags/example_dag_decorator.py for tasks to queue
[2025-05-02 17:05:24,445] {logging_mixin.py:115} INFO - [2025-05-02 17:05:24,445] {dagbag.py:507} INFO - Filling up the DagBag from /root/Documents/airflowalu/venv/lib/python3.9/site-packages/airflow/example_dags/example_dag_decorator.py
[2025-05-02 17:05:24,459] {processor.py:651} INFO - DAG(s) dict_keys(['example_dag_decorator']) retrieved from /root/Documents/airflowalu/venv/lib/python3.9/site-packages/airflow/example_dags/example_dag_decorator.py
[2025-05-02 17:05:24,467] {logging_mixin.py:115} INFO - [2025-05-02 17:05:24,467] {dag.py:2379} INFO - Sync 1 DAGs
[2025-05-02 17:05:24,476] {logging_mixin.py:115} INFO - [2025-05-02 17:05:24,476] {dag.py:2927} INFO - Setting next_dagrun for example_dag_decorator to None, run_after=None
[2025-05-02 17:05:24,487] {processor.py:161} INFO - Processing /root/Documents/airflowalu/venv/lib/python3.9/site-packages/airflow/example_dags/example_dag_decorator.py took 0.044 seconds
[2025-05-02 17:05:55,552] {processor.py:153} INFO - Started process (PID=7059) to work on /root/Documents/airflowalu/venv/lib/python3.9/site-packages/airflow/example_dags/example_dag_decorator.py
[2025-05-02 17:05:55,553] {processor.py:641} INFO - Processing file /root/Documents/airflowalu/venv/lib/python3.9/site-packages/airflow/example_dags/example_dag_decorator.py for tasks to queue
[2025-05-02 17:05:55,554] {logging_mixin.py:115} INFO - [2025-05-02 17:05:55,554] {dagbag.py:507} INFO - Filling up the DagBag from /root/Documents/airflowalu/venv/lib/python3.9/site-packages/airflow/example_dags/example_dag_decorator.py
[2025-05-02 17:05:55,571] {processor.py:651} INFO - DAG(s) dict_keys(['example_dag_decorator']) retrieved from /root/Documents/airflowalu/venv/lib/python3.9/site-packages/airflow/example_dags/example_dag_decorator.py
[2025-05-02 17:05:55,580] {logging_mixin.py:115} INFO - [2025-05-02 17:05:55,580] {dag.py:2379} INFO - Sync 1 DAGs
[2025-05-02 17:05:55,592] {logging_mixin.py:115} INFO - [2025-05-02 17:05:55,592] {dag.py:2927} INFO - Setting next_dagrun for example_dag_decorator to None, run_after=None
[2025-05-02 17:05:55,603] {processor.py:161} INFO - Processing /root/Documents/airflowalu/venv/lib/python3.9/site-packages/airflow/example_dags/example_dag_decorator.py took 0.053 seconds
[2025-05-02 17:06:27,156] {processor.py:153} INFO - Started process (PID=7191) to work on /root/Documents/airflowalu/venv/lib/python3.9/site-packages/airflow/example_dags/example_dag_decorator.py
[2025-05-02 17:06:27,157] {processor.py:641} INFO - Processing file /root/Documents/airflowalu/venv/lib/python3.9/site-packages/airflow/example_dags/example_dag_decorator.py for tasks to queue
[2025-05-02 17:06:27,157] {logging_mixin.py:115} INFO - [2025-05-02 17:06:27,157] {dagbag.py:507} INFO - Filling up the DagBag from /root/Documents/airflowalu/venv/lib/python3.9/site-packages/airflow/example_dags/example_dag_decorator.py
[2025-05-02 17:06:27,173] {processor.py:651} INFO - DAG(s) dict_keys(['example_dag_decorator']) retrieved from /root/Documents/airflowalu/venv/lib/python3.9/site-packages/airflow/example_dags/example_dag_decorator.py
[2025-05-02 17:06:27,181] {logging_mixin.py:115} INFO - [2025-05-02 17:06:27,181] {dag.py:2379} INFO - Sync 1 DAGs
[2025-05-02 17:06:27,190] {logging_mixin.py:115} INFO - [2025-05-02 17:06:27,190] {dag.py:2927} INFO - Setting next_dagrun for example_dag_decorator to None, run_after=None
[2025-05-02 17:06:27,200] {processor.py:161} INFO - Processing /root/Documents/airflowalu/venv/lib/python3.9/site-packages/airflow/example_dags/example_dag_decorator.py took 0.046 seconds
[2025-05-02 17:06:57,731] {processor.py:153} INFO - Started process (PID=7322) to work on /root/Documents/airflowalu/venv/lib/python3.9/site-packages/airflow/example_dags/example_dag_decorator.py
[2025-05-02 17:06:57,732] {processor.py:641} INFO - Processing file /root/Documents/airflowalu/venv/lib/python3.9/site-packages/airflow/example_dags/example_dag_decorator.py for tasks to queue
[2025-05-02 17:06:57,732] {logging_mixin.py:115} INFO - [2025-05-02 17:06:57,732] {dagbag.py:507} INFO - Filling up the DagBag from /root/Documents/airflowalu/venv/lib/python3.9/site-packages/airflow/example_dags/example_dag_decorator.py
[2025-05-02 17:06:57,748] {processor.py:651} INFO - DAG(s) dict_keys(['example_dag_decorator']) retrieved from /root/Documents/airflowalu/venv/lib/python3.9/site-packages/airflow/example_dags/example_dag_decorator.py
[2025-05-02 17:06:57,757] {logging_mixin.py:115} INFO - [2025-05-02 17:06:57,757] {dag.py:2379} INFO - Sync 1 DAGs
[2025-05-02 17:06:57,766] {logging_mixin.py:115} INFO - [2025-05-02 17:06:57,766] {dag.py:2927} INFO - Setting next_dagrun for example_dag_decorator to None, run_after=None
[2025-05-02 17:06:57,777] {processor.py:161} INFO - Processing /root/Documents/airflowalu/venv/lib/python3.9/site-packages/airflow/example_dags/example_dag_decorator.py took 0.048 seconds
[2025-05-02 17:07:30,639] {processor.py:153} INFO - Started process (PID=7463) to work on /root/Documents/airflowalu/venv/lib/python3.9/site-packages/airflow/example_dags/example_dag_decorator.py
[2025-05-02 17:07:30,639] {processor.py:641} INFO - Processing file /root/Documents/airflowalu/venv/lib/python3.9/site-packages/airflow/example_dags/example_dag_decorator.py for tasks to queue
[2025-05-02 17:07:30,640] {logging_mixin.py:115} INFO - [2025-05-02 17:07:30,640] {dagbag.py:507} INFO - Filling up the DagBag from /root/Documents/airflowalu/venv/lib/python3.9/site-packages/airflow/example_dags/example_dag_decorator.py
[2025-05-02 17:07:30,654] {processor.py:651} INFO - DAG(s) dict_keys(['example_dag_decorator']) retrieved from /root/Documents/airflowalu/venv/lib/python3.9/site-packages/airflow/example_dags/example_dag_decorator.py
[2025-05-02 17:07:30,677] {logging_mixin.py:115} INFO - [2025-05-02 17:07:30,677] {dag.py:2379} INFO - Sync 1 DAGs
[2025-05-02 17:07:30,685] {logging_mixin.py:115} INFO - [2025-05-02 17:07:30,685] {dag.py:2927} INFO - Setting next_dagrun for example_dag_decorator to None, run_after=None
[2025-05-02 17:07:30,706] {processor.py:161} INFO - Processing /root/Documents/airflowalu/venv/lib/python3.9/site-packages/airflow/example_dags/example_dag_decorator.py took 0.069 seconds
[2025-05-02 17:08:05,206] {processor.py:153} INFO - Started process (PID=7611) to work on /root/Documents/airflowalu/venv/lib/python3.9/site-packages/airflow/example_dags/example_dag_decorator.py
[2025-05-02 17:08:05,207] {processor.py:641} INFO - Processing file /root/Documents/airflowalu/venv/lib/python3.9/site-packages/airflow/example_dags/example_dag_decorator.py for tasks to queue
[2025-05-02 17:08:05,207] {logging_mixin.py:115} INFO - [2025-05-02 17:08:05,207] {dagbag.py:507} INFO - Filling up the DagBag from /root/Documents/airflowalu/venv/lib/python3.9/site-packages/airflow/example_dags/example_dag_decorator.py
[2025-05-02 17:08:05,221] {processor.py:651} INFO - DAG(s) dict_keys(['example_dag_decorator']) retrieved from /root/Documents/airflowalu/venv/lib/python3.9/site-packages/airflow/example_dags/example_dag_decorator.py
[2025-05-02 17:08:05,242] {logging_mixin.py:115} INFO - [2025-05-02 17:08:05,242] {dag.py:2379} INFO - Sync 1 DAGs
[2025-05-02 17:08:05,250] {logging_mixin.py:115} INFO - [2025-05-02 17:08:05,250] {dag.py:2927} INFO - Setting next_dagrun for example_dag_decorator to None, run_after=None
[2025-05-02 17:08:05,261] {processor.py:161} INFO - Processing /root/Documents/airflowalu/venv/lib/python3.9/site-packages/airflow/example_dags/example_dag_decorator.py took 0.057 seconds
[2025-05-02 17:08:36,569] {processor.py:153} INFO - Started process (PID=7744) to work on /root/Documents/airflowalu/venv/lib/python3.9/site-packages/airflow/example_dags/example_dag_decorator.py
[2025-05-02 17:08:36,570] {processor.py:641} INFO - Processing file /root/Documents/airflowalu/venv/lib/python3.9/site-packages/airflow/example_dags/example_dag_decorator.py for tasks to queue
[2025-05-02 17:08:36,571] {logging_mixin.py:115} INFO - [2025-05-02 17:08:36,570] {dagbag.py:507} INFO - Filling up the DagBag from /root/Documents/airflowalu/venv/lib/python3.9/site-packages/airflow/example_dags/example_dag_decorator.py
[2025-05-02 17:08:36,588] {processor.py:651} INFO - DAG(s) dict_keys(['example_dag_decorator']) retrieved from /root/Documents/airflowalu/venv/lib/python3.9/site-packages/airflow/example_dags/example_dag_decorator.py
[2025-05-02 17:08:36,597] {logging_mixin.py:115} INFO - [2025-05-02 17:08:36,597] {dag.py:2379} INFO - Sync 1 DAGs
[2025-05-02 17:08:36,606] {logging_mixin.py:115} INFO - [2025-05-02 17:08:36,606] {dag.py:2927} INFO - Setting next_dagrun for example_dag_decorator to None, run_after=None
[2025-05-02 17:08:36,617] {processor.py:161} INFO - Processing /root/Documents/airflowalu/venv/lib/python3.9/site-packages/airflow/example_dags/example_dag_decorator.py took 0.050 seconds
[2025-05-02 17:09:08,375] {processor.py:153} INFO - Started process (PID=7876) to work on /root/Documents/airflowalu/venv/lib/python3.9/site-packages/airflow/example_dags/example_dag_decorator.py
[2025-05-02 17:09:08,375] {processor.py:641} INFO - Processing file /root/Documents/airflowalu/venv/lib/python3.9/site-packages/airflow/example_dags/example_dag_decorator.py for tasks to queue
[2025-05-02 17:09:08,376] {logging_mixin.py:115} INFO - [2025-05-02 17:09:08,376] {dagbag.py:507} INFO - Filling up the DagBag from /root/Documents/airflowalu/venv/lib/python3.9/site-packages/airflow/example_dags/example_dag_decorator.py
[2025-05-02 17:09:08,391] {processor.py:651} INFO - DAG(s) dict_keys(['example_dag_decorator']) retrieved from /root/Documents/airflowalu/venv/lib/python3.9/site-packages/airflow/example_dags/example_dag_decorator.py
[2025-05-02 17:09:08,399] {logging_mixin.py:115} INFO - [2025-05-02 17:09:08,399] {dag.py:2379} INFO - Sync 1 DAGs
[2025-05-02 17:09:08,408] {logging_mixin.py:115} INFO - [2025-05-02 17:09:08,408] {dag.py:2927} INFO - Setting next_dagrun for example_dag_decorator to None, run_after=None
[2025-05-02 17:09:08,417] {processor.py:161} INFO - Processing /root/Documents/airflowalu/venv/lib/python3.9/site-packages/airflow/example_dags/example_dag_decorator.py took 0.044 seconds
[2025-05-02 17:09:40,017] {processor.py:153} INFO - Started process (PID=8006) to work on /root/Documents/airflowalu/venv/lib/python3.9/site-packages/airflow/example_dags/example_dag_decorator.py
[2025-05-02 17:09:40,017] {processor.py:641} INFO - Processing file /root/Documents/airflowalu/venv/lib/python3.9/site-packages/airflow/example_dags/example_dag_decorator.py for tasks to queue
[2025-05-02 17:09:40,018] {logging_mixin.py:115} INFO - [2025-05-02 17:09:40,018] {dagbag.py:507} INFO - Filling up the DagBag from /root/Documents/airflowalu/venv/lib/python3.9/site-packages/airflow/example_dags/example_dag_decorator.py
[2025-05-02 17:09:40,031] {processor.py:651} INFO - DAG(s) dict_keys(['example_dag_decorator']) retrieved from /root/Documents/airflowalu/venv/lib/python3.9/site-packages/airflow/example_dags/example_dag_decorator.py
[2025-05-02 17:09:40,039] {logging_mixin.py:115} INFO - [2025-05-02 17:09:40,039] {dag.py:2379} INFO - Sync 1 DAGs
[2025-05-02 17:09:40,048] {logging_mixin.py:115} INFO - [2025-05-02 17:09:40,048] {dag.py:2927} INFO - Setting next_dagrun for example_dag_decorator to None, run_after=None
[2025-05-02 17:09:40,057] {processor.py:161} INFO - Processing /root/Documents/airflowalu/venv/lib/python3.9/site-packages/airflow/example_dags/example_dag_decorator.py took 0.042 seconds
[2025-05-02 17:10:11,991] {processor.py:153} INFO - Started process (PID=8145) to work on /root/Documents/airflowalu/venv/lib/python3.9/site-packages/airflow/example_dags/example_dag_decorator.py
[2025-05-02 17:10:11,991] {processor.py:641} INFO - Processing file /root/Documents/airflowalu/venv/lib/python3.9/site-packages/airflow/example_dags/example_dag_decorator.py for tasks to queue
[2025-05-02 17:10:11,992] {logging_mixin.py:115} INFO - [2025-05-02 17:10:11,992] {dagbag.py:507} INFO - Filling up the DagBag from /root/Documents/airflowalu/venv/lib/python3.9/site-packages/airflow/example_dags/example_dag_decorator.py
[2025-05-02 17:10:12,005] {processor.py:651} INFO - DAG(s) dict_keys(['example_dag_decorator']) retrieved from /root/Documents/airflowalu/venv/lib/python3.9/site-packages/airflow/example_dags/example_dag_decorator.py
[2025-05-02 17:10:12,012] {logging_mixin.py:115} INFO - [2025-05-02 17:10:12,012] {dag.py:2379} INFO - Sync 1 DAGs
[2025-05-02 17:10:12,021] {logging_mixin.py:115} INFO - [2025-05-02 17:10:12,021] {dag.py:2927} INFO - Setting next_dagrun for example_dag_decorator to None, run_after=None
[2025-05-02 17:10:12,031] {processor.py:161} INFO - Processing /root/Documents/airflowalu/venv/lib/python3.9/site-packages/airflow/example_dags/example_dag_decorator.py took 0.042 seconds
[2025-05-02 17:10:42,250] {processor.py:153} INFO - Started process (PID=8273) to work on /root/Documents/airflowalu/venv/lib/python3.9/site-packages/airflow/example_dags/example_dag_decorator.py
[2025-05-02 17:10:42,251] {processor.py:641} INFO - Processing file /root/Documents/airflowalu/venv/lib/python3.9/site-packages/airflow/example_dags/example_dag_decorator.py for tasks to queue
[2025-05-02 17:10:42,251] {logging_mixin.py:115} INFO - [2025-05-02 17:10:42,251] {dagbag.py:507} INFO - Filling up the DagBag from /root/Documents/airflowalu/venv/lib/python3.9/site-packages/airflow/example_dags/example_dag_decorator.py
[2025-05-02 17:10:42,270] {processor.py:651} INFO - DAG(s) dict_keys(['example_dag_decorator']) retrieved from /root/Documents/airflowalu/venv/lib/python3.9/site-packages/airflow/example_dags/example_dag_decorator.py
[2025-05-02 17:10:42,282] {logging_mixin.py:115} INFO - [2025-05-02 17:10:42,282] {dag.py:2379} INFO - Sync 1 DAGs
[2025-05-02 17:10:42,294] {logging_mixin.py:115} INFO - [2025-05-02 17:10:42,294] {dag.py:2927} INFO - Setting next_dagrun for example_dag_decorator to None, run_after=None
[2025-05-02 17:10:42,306] {processor.py:161} INFO - Processing /root/Documents/airflowalu/venv/lib/python3.9/site-packages/airflow/example_dags/example_dag_decorator.py took 0.057 seconds
[2025-05-02 17:11:15,975] {processor.py:153} INFO - Started process (PID=8426) to work on /root/Documents/airflowalu/venv/lib/python3.9/site-packages/airflow/example_dags/example_dag_decorator.py
[2025-05-02 17:11:15,976] {processor.py:641} INFO - Processing file /root/Documents/airflowalu/venv/lib/python3.9/site-packages/airflow/example_dags/example_dag_decorator.py for tasks to queue
[2025-05-02 17:11:15,976] {logging_mixin.py:115} INFO - [2025-05-02 17:11:15,976] {dagbag.py:507} INFO - Filling up the DagBag from /root/Documents/airflowalu/venv/lib/python3.9/site-packages/airflow/example_dags/example_dag_decorator.py
[2025-05-02 17:11:15,989] {processor.py:651} INFO - DAG(s) dict_keys(['example_dag_decorator']) retrieved from /root/Documents/airflowalu/venv/lib/python3.9/site-packages/airflow/example_dags/example_dag_decorator.py
[2025-05-02 17:11:15,996] {logging_mixin.py:115} INFO - [2025-05-02 17:11:15,996] {dag.py:2379} INFO - Sync 1 DAGs
[2025-05-02 17:11:16,004] {logging_mixin.py:115} INFO - [2025-05-02 17:11:16,004] {dag.py:2927} INFO - Setting next_dagrun for example_dag_decorator to None, run_after=None
[2025-05-02 17:11:16,014] {processor.py:161} INFO - Processing /root/Documents/airflowalu/venv/lib/python3.9/site-packages/airflow/example_dags/example_dag_decorator.py took 0.040 seconds
[2025-05-02 17:11:48,628] {processor.py:153} INFO - Started process (PID=8571) to work on /root/Documents/airflowalu/venv/lib/python3.9/site-packages/airflow/example_dags/example_dag_decorator.py
[2025-05-02 17:11:48,628] {processor.py:641} INFO - Processing file /root/Documents/airflowalu/venv/lib/python3.9/site-packages/airflow/example_dags/example_dag_decorator.py for tasks to queue
[2025-05-02 17:11:48,629] {logging_mixin.py:115} INFO - [2025-05-02 17:11:48,628] {dagbag.py:507} INFO - Filling up the DagBag from /root/Documents/airflowalu/venv/lib/python3.9/site-packages/airflow/example_dags/example_dag_decorator.py
[2025-05-02 17:11:48,642] {processor.py:651} INFO - DAG(s) dict_keys(['example_dag_decorator']) retrieved from /root/Documents/airflowalu/venv/lib/python3.9/site-packages/airflow/example_dags/example_dag_decorator.py
[2025-05-02 17:11:48,650] {logging_mixin.py:115} INFO - [2025-05-02 17:11:48,650] {dag.py:2379} INFO - Sync 1 DAGs
[2025-05-02 17:11:48,658] {logging_mixin.py:115} INFO - [2025-05-02 17:11:48,658] {dag.py:2927} INFO - Setting next_dagrun for example_dag_decorator to None, run_after=None
[2025-05-02 17:11:48,670] {processor.py:161} INFO - Processing /root/Documents/airflowalu/venv/lib/python3.9/site-packages/airflow/example_dags/example_dag_decorator.py took 0.044 seconds
[2025-05-02 17:12:21,192] {processor.py:153} INFO - Started process (PID=8707) to work on /root/Documents/airflowalu/venv/lib/python3.9/site-packages/airflow/example_dags/example_dag_decorator.py
[2025-05-02 17:12:21,193] {processor.py:641} INFO - Processing file /root/Documents/airflowalu/venv/lib/python3.9/site-packages/airflow/example_dags/example_dag_decorator.py for tasks to queue
[2025-05-02 17:12:21,193] {logging_mixin.py:115} INFO - [2025-05-02 17:12:21,193] {dagbag.py:507} INFO - Filling up the DagBag from /root/Documents/airflowalu/venv/lib/python3.9/site-packages/airflow/example_dags/example_dag_decorator.py
[2025-05-02 17:12:21,206] {processor.py:651} INFO - DAG(s) dict_keys(['example_dag_decorator']) retrieved from /root/Documents/airflowalu/venv/lib/python3.9/site-packages/airflow/example_dags/example_dag_decorator.py
[2025-05-02 17:12:21,214] {logging_mixin.py:115} INFO - [2025-05-02 17:12:21,214] {dag.py:2379} INFO - Sync 1 DAGs
[2025-05-02 17:12:21,222] {logging_mixin.py:115} INFO - [2025-05-02 17:12:21,222] {dag.py:2927} INFO - Setting next_dagrun for example_dag_decorator to None, run_after=None
[2025-05-02 17:12:21,231] {processor.py:161} INFO - Processing /root/Documents/airflowalu/venv/lib/python3.9/site-packages/airflow/example_dags/example_dag_decorator.py took 0.041 seconds
[2025-05-02 17:12:51,553] {processor.py:153} INFO - Started process (PID=8840) to work on /root/Documents/airflowalu/venv/lib/python3.9/site-packages/airflow/example_dags/example_dag_decorator.py
[2025-05-02 17:12:51,554] {processor.py:641} INFO - Processing file /root/Documents/airflowalu/venv/lib/python3.9/site-packages/airflow/example_dags/example_dag_decorator.py for tasks to queue
[2025-05-02 17:12:51,554] {logging_mixin.py:115} INFO - [2025-05-02 17:12:51,554] {dagbag.py:507} INFO - Filling up the DagBag from /root/Documents/airflowalu/venv/lib/python3.9/site-packages/airflow/example_dags/example_dag_decorator.py
[2025-05-02 17:12:51,568] {processor.py:651} INFO - DAG(s) dict_keys(['example_dag_decorator']) retrieved from /root/Documents/airflowalu/venv/lib/python3.9/site-packages/airflow/example_dags/example_dag_decorator.py
[2025-05-02 17:12:51,590] {logging_mixin.py:115} INFO - [2025-05-02 17:12:51,590] {dag.py:2379} INFO - Sync 1 DAGs
[2025-05-02 17:12:51,598] {logging_mixin.py:115} INFO - [2025-05-02 17:12:51,598] {dag.py:2927} INFO - Setting next_dagrun for example_dag_decorator to None, run_after=None
[2025-05-02 17:12:51,611] {processor.py:161} INFO - Processing /root/Documents/airflowalu/venv/lib/python3.9/site-packages/airflow/example_dags/example_dag_decorator.py took 0.059 seconds
[2025-05-02 17:13:23,231] {processor.py:153} INFO - Started process (PID=8984) to work on /root/Documents/airflowalu/venv/lib/python3.9/site-packages/airflow/example_dags/example_dag_decorator.py
[2025-05-02 17:13:23,232] {processor.py:641} INFO - Processing file /root/Documents/airflowalu/venv/lib/python3.9/site-packages/airflow/example_dags/example_dag_decorator.py for tasks to queue
[2025-05-02 17:13:23,232] {logging_mixin.py:115} INFO - [2025-05-02 17:13:23,232] {dagbag.py:507} INFO - Filling up the DagBag from /root/Documents/airflowalu/venv/lib/python3.9/site-packages/airflow/example_dags/example_dag_decorator.py
[2025-05-02 17:13:23,246] {processor.py:651} INFO - DAG(s) dict_keys(['example_dag_decorator']) retrieved from /root/Documents/airflowalu/venv/lib/python3.9/site-packages/airflow/example_dags/example_dag_decorator.py
[2025-05-02 17:13:23,255] {logging_mixin.py:115} INFO - [2025-05-02 17:13:23,255] {dag.py:2379} INFO - Sync 1 DAGs
[2025-05-02 17:13:23,265] {logging_mixin.py:115} INFO - [2025-05-02 17:13:23,264] {dag.py:2927} INFO - Setting next_dagrun for example_dag_decorator to None, run_after=None
[2025-05-02 17:13:23,276] {processor.py:161} INFO - Processing /root/Documents/airflowalu/venv/lib/python3.9/site-packages/airflow/example_dags/example_dag_decorator.py took 0.046 seconds
[2025-05-02 17:13:54,023] {processor.py:153} INFO - Started process (PID=9115) to work on /root/Documents/airflowalu/venv/lib/python3.9/site-packages/airflow/example_dags/example_dag_decorator.py
[2025-05-02 17:13:54,024] {processor.py:641} INFO - Processing file /root/Documents/airflowalu/venv/lib/python3.9/site-packages/airflow/example_dags/example_dag_decorator.py for tasks to queue
[2025-05-02 17:13:54,024] {logging_mixin.py:115} INFO - [2025-05-02 17:13:54,024] {dagbag.py:507} INFO - Filling up the DagBag from /root/Documents/airflowalu/venv/lib/python3.9/site-packages/airflow/example_dags/example_dag_decorator.py
[2025-05-02 17:13:54,038] {processor.py:651} INFO - DAG(s) dict_keys(['example_dag_decorator']) retrieved from /root/Documents/airflowalu/venv/lib/python3.9/site-packages/airflow/example_dags/example_dag_decorator.py
[2025-05-02 17:13:54,046] {logging_mixin.py:115} INFO - [2025-05-02 17:13:54,046] {dag.py:2379} INFO - Sync 1 DAGs
[2025-05-02 17:13:54,055] {logging_mixin.py:115} INFO - [2025-05-02 17:13:54,055] {dag.py:2927} INFO - Setting next_dagrun for example_dag_decorator to None, run_after=None
[2025-05-02 17:13:54,066] {processor.py:161} INFO - Processing /root/Documents/airflowalu/venv/lib/python3.9/site-packages/airflow/example_dags/example_dag_decorator.py took 0.045 seconds
[2025-05-02 17:14:26,893] {processor.py:153} INFO - Started process (PID=9262) to work on /root/Documents/airflowalu/venv/lib/python3.9/site-packages/airflow/example_dags/example_dag_decorator.py
[2025-05-02 17:14:26,894] {processor.py:641} INFO - Processing file /root/Documents/airflowalu/venv/lib/python3.9/site-packages/airflow/example_dags/example_dag_decorator.py for tasks to queue
[2025-05-02 17:14:26,894] {logging_mixin.py:115} INFO - [2025-05-02 17:14:26,894] {dagbag.py:507} INFO - Filling up the DagBag from /root/Documents/airflowalu/venv/lib/python3.9/site-packages/airflow/example_dags/example_dag_decorator.py
[2025-05-02 17:14:26,915] {processor.py:651} INFO - DAG(s) dict_keys(['example_dag_decorator']) retrieved from /root/Documents/airflowalu/venv/lib/python3.9/site-packages/airflow/example_dags/example_dag_decorator.py
[2025-05-02 17:14:26,927] {logging_mixin.py:115} INFO - [2025-05-02 17:14:26,926] {dag.py:2379} INFO - Sync 1 DAGs
[2025-05-02 17:14:26,938] {logging_mixin.py:115} INFO - [2025-05-02 17:14:26,938] {dag.py:2927} INFO - Setting next_dagrun for example_dag_decorator to None, run_after=None
[2025-05-02 17:14:26,951] {processor.py:161} INFO - Processing /root/Documents/airflowalu/venv/lib/python3.9/site-packages/airflow/example_dags/example_dag_decorator.py took 0.061 seconds
[2025-05-02 17:14:58,587] {processor.py:153} INFO - Started process (PID=9397) to work on /root/Documents/airflowalu/venv/lib/python3.9/site-packages/airflow/example_dags/example_dag_decorator.py
[2025-05-02 17:14:58,588] {processor.py:641} INFO - Processing file /root/Documents/airflowalu/venv/lib/python3.9/site-packages/airflow/example_dags/example_dag_decorator.py for tasks to queue
[2025-05-02 17:14:58,589] {logging_mixin.py:115} INFO - [2025-05-02 17:14:58,589] {dagbag.py:507} INFO - Filling up the DagBag from /root/Documents/airflowalu/venv/lib/python3.9/site-packages/airflow/example_dags/example_dag_decorator.py
[2025-05-02 17:14:58,607] {processor.py:651} INFO - DAG(s) dict_keys(['example_dag_decorator']) retrieved from /root/Documents/airflowalu/venv/lib/python3.9/site-packages/airflow/example_dags/example_dag_decorator.py
[2025-05-02 17:14:58,618] {logging_mixin.py:115} INFO - [2025-05-02 17:14:58,618] {dag.py:2379} INFO - Sync 1 DAGs
[2025-05-02 17:14:58,632] {logging_mixin.py:115} INFO - [2025-05-02 17:14:58,631] {dag.py:2927} INFO - Setting next_dagrun for example_dag_decorator to None, run_after=None
[2025-05-02 17:14:58,644] {processor.py:161} INFO - Processing /root/Documents/airflowalu/venv/lib/python3.9/site-packages/airflow/example_dags/example_dag_decorator.py took 0.059 seconds
[2025-05-02 17:15:29,236] {processor.py:153} INFO - Started process (PID=9526) to work on /root/Documents/airflowalu/venv/lib/python3.9/site-packages/airflow/example_dags/example_dag_decorator.py
[2025-05-02 17:15:29,237] {processor.py:641} INFO - Processing file /root/Documents/airflowalu/venv/lib/python3.9/site-packages/airflow/example_dags/example_dag_decorator.py for tasks to queue
[2025-05-02 17:15:29,237] {logging_mixin.py:115} INFO - [2025-05-02 17:15:29,237] {dagbag.py:507} INFO - Filling up the DagBag from /root/Documents/airflowalu/venv/lib/python3.9/site-packages/airflow/example_dags/example_dag_decorator.py
[2025-05-02 17:15:29,251] {processor.py:651} INFO - DAG(s) dict_keys(['example_dag_decorator']) retrieved from /root/Documents/airflowalu/venv/lib/python3.9/site-packages/airflow/example_dags/example_dag_decorator.py
[2025-05-02 17:15:29,259] {logging_mixin.py:115} INFO - [2025-05-02 17:15:29,259] {dag.py:2379} INFO - Sync 1 DAGs
[2025-05-02 17:15:29,268] {logging_mixin.py:115} INFO - [2025-05-02 17:15:29,268] {dag.py:2927} INFO - Setting next_dagrun for example_dag_decorator to None, run_after=None
[2025-05-02 17:15:29,280] {processor.py:161} INFO - Processing /root/Documents/airflowalu/venv/lib/python3.9/site-packages/airflow/example_dags/example_dag_decorator.py took 0.046 seconds
[2025-05-02 17:16:02,333] {processor.py:153} INFO - Started process (PID=9665) to work on /root/Documents/airflowalu/venv/lib/python3.9/site-packages/airflow/example_dags/example_dag_decorator.py
[2025-05-02 17:16:02,334] {processor.py:641} INFO - Processing file /root/Documents/airflowalu/venv/lib/python3.9/site-packages/airflow/example_dags/example_dag_decorator.py for tasks to queue
[2025-05-02 17:16:02,334] {logging_mixin.py:115} INFO - [2025-05-02 17:16:02,334] {dagbag.py:507} INFO - Filling up the DagBag from /root/Documents/airflowalu/venv/lib/python3.9/site-packages/airflow/example_dags/example_dag_decorator.py
[2025-05-02 17:16:02,347] {processor.py:651} INFO - DAG(s) dict_keys(['example_dag_decorator']) retrieved from /root/Documents/airflowalu/venv/lib/python3.9/site-packages/airflow/example_dags/example_dag_decorator.py
[2025-05-02 17:16:02,355] {logging_mixin.py:115} INFO - [2025-05-02 17:16:02,355] {dag.py:2379} INFO - Sync 1 DAGs
[2025-05-02 17:16:02,363] {logging_mixin.py:115} INFO - [2025-05-02 17:16:02,363] {dag.py:2927} INFO - Setting next_dagrun for example_dag_decorator to None, run_after=None
[2025-05-02 17:16:02,372] {processor.py:161} INFO - Processing /root/Documents/airflowalu/venv/lib/python3.9/site-packages/airflow/example_dags/example_dag_decorator.py took 0.041 seconds
[2025-05-02 17:16:32,927] {processor.py:153} INFO - Started process (PID=9796) to work on /root/Documents/airflowalu/venv/lib/python3.9/site-packages/airflow/example_dags/example_dag_decorator.py
[2025-05-02 17:16:32,928] {processor.py:641} INFO - Processing file /root/Documents/airflowalu/venv/lib/python3.9/site-packages/airflow/example_dags/example_dag_decorator.py for tasks to queue
[2025-05-02 17:16:32,928] {logging_mixin.py:115} INFO - [2025-05-02 17:16:32,928] {dagbag.py:507} INFO - Filling up the DagBag from /root/Documents/airflowalu/venv/lib/python3.9/site-packages/airflow/example_dags/example_dag_decorator.py
[2025-05-02 17:16:32,942] {processor.py:651} INFO - DAG(s) dict_keys(['example_dag_decorator']) retrieved from /root/Documents/airflowalu/venv/lib/python3.9/site-packages/airflow/example_dags/example_dag_decorator.py
[2025-05-02 17:16:32,949] {logging_mixin.py:115} INFO - [2025-05-02 17:16:32,949] {dag.py:2379} INFO - Sync 1 DAGs
[2025-05-02 17:16:32,957] {logging_mixin.py:115} INFO - [2025-05-02 17:16:32,957] {dag.py:2927} INFO - Setting next_dagrun for example_dag_decorator to None, run_after=None
[2025-05-02 17:16:32,968] {processor.py:161} INFO - Processing /root/Documents/airflowalu/venv/lib/python3.9/site-packages/airflow/example_dags/example_dag_decorator.py took 0.042 seconds
[2025-05-02 17:17:03,782] {processor.py:153} INFO - Started process (PID=9932) to work on /root/Documents/airflowalu/venv/lib/python3.9/site-packages/airflow/example_dags/example_dag_decorator.py
[2025-05-02 17:17:03,782] {processor.py:641} INFO - Processing file /root/Documents/airflowalu/venv/lib/python3.9/site-packages/airflow/example_dags/example_dag_decorator.py for tasks to queue
[2025-05-02 17:17:03,783] {logging_mixin.py:115} INFO - [2025-05-02 17:17:03,783] {dagbag.py:507} INFO - Filling up the DagBag from /root/Documents/airflowalu/venv/lib/python3.9/site-packages/airflow/example_dags/example_dag_decorator.py
[2025-05-02 17:17:03,796] {processor.py:651} INFO - DAG(s) dict_keys(['example_dag_decorator']) retrieved from /root/Documents/airflowalu/venv/lib/python3.9/site-packages/airflow/example_dags/example_dag_decorator.py
[2025-05-02 17:17:03,805] {logging_mixin.py:115} INFO - [2025-05-02 17:17:03,805] {dag.py:2379} INFO - Sync 1 DAGs
[2025-05-02 17:17:03,814] {logging_mixin.py:115} INFO - [2025-05-02 17:17:03,814] {dag.py:2927} INFO - Setting next_dagrun for example_dag_decorator to None, run_after=None
[2025-05-02 17:17:03,824] {processor.py:161} INFO - Processing /root/Documents/airflowalu/venv/lib/python3.9/site-packages/airflow/example_dags/example_dag_decorator.py took 0.043 seconds
[2025-05-02 17:17:37,056] {processor.py:153} INFO - Started process (PID=10069) to work on /root/Documents/airflowalu/venv/lib/python3.9/site-packages/airflow/example_dags/example_dag_decorator.py
[2025-05-02 17:17:37,057] {processor.py:641} INFO - Processing file /root/Documents/airflowalu/venv/lib/python3.9/site-packages/airflow/example_dags/example_dag_decorator.py for tasks to queue
[2025-05-02 17:17:37,057] {logging_mixin.py:115} INFO - [2025-05-02 17:17:37,057] {dagbag.py:507} INFO - Filling up the DagBag from /root/Documents/airflowalu/venv/lib/python3.9/site-packages/airflow/example_dags/example_dag_decorator.py
[2025-05-02 17:17:37,070] {processor.py:651} INFO - DAG(s) dict_keys(['example_dag_decorator']) retrieved from /root/Documents/airflowalu/venv/lib/python3.9/site-packages/airflow/example_dags/example_dag_decorator.py
[2025-05-02 17:17:37,095] {logging_mixin.py:115} INFO - [2025-05-02 17:17:37,095] {dag.py:2379} INFO - Sync 1 DAGs
[2025-05-02 17:17:37,106] {logging_mixin.py:115} INFO - [2025-05-02 17:17:37,105] {dag.py:2927} INFO - Setting next_dagrun for example_dag_decorator to None, run_after=None
[2025-05-02 17:17:37,117] {processor.py:161} INFO - Processing /root/Documents/airflowalu/venv/lib/python3.9/site-packages/airflow/example_dags/example_dag_decorator.py took 0.063 seconds
[2025-05-02 17:18:08,463] {processor.py:153} INFO - Started process (PID=10204) to work on /root/Documents/airflowalu/venv/lib/python3.9/site-packages/airflow/example_dags/example_dag_decorator.py
[2025-05-02 17:18:08,464] {processor.py:641} INFO - Processing file /root/Documents/airflowalu/venv/lib/python3.9/site-packages/airflow/example_dags/example_dag_decorator.py for tasks to queue
[2025-05-02 17:18:08,464] {logging_mixin.py:115} INFO - [2025-05-02 17:18:08,464] {dagbag.py:507} INFO - Filling up the DagBag from /root/Documents/airflowalu/venv/lib/python3.9/site-packages/airflow/example_dags/example_dag_decorator.py
[2025-05-02 17:18:08,478] {processor.py:651} INFO - DAG(s) dict_keys(['example_dag_decorator']) retrieved from /root/Documents/airflowalu/venv/lib/python3.9/site-packages/airflow/example_dags/example_dag_decorator.py
[2025-05-02 17:18:08,499] {logging_mixin.py:115} INFO - [2025-05-02 17:18:08,499] {dag.py:2379} INFO - Sync 1 DAGs
[2025-05-02 17:18:08,507] {logging_mixin.py:115} INFO - [2025-05-02 17:18:08,507] {dag.py:2927} INFO - Setting next_dagrun for example_dag_decorator to None, run_after=None
[2025-05-02 17:18:08,517] {processor.py:161} INFO - Processing /root/Documents/airflowalu/venv/lib/python3.9/site-packages/airflow/example_dags/example_dag_decorator.py took 0.056 seconds
[2025-05-02 17:18:39,386] {processor.py:153} INFO - Started process (PID=10335) to work on /root/Documents/airflowalu/venv/lib/python3.9/site-packages/airflow/example_dags/example_dag_decorator.py
[2025-05-02 17:18:39,387] {processor.py:641} INFO - Processing file /root/Documents/airflowalu/venv/lib/python3.9/site-packages/airflow/example_dags/example_dag_decorator.py for tasks to queue
[2025-05-02 17:18:39,387] {logging_mixin.py:115} INFO - [2025-05-02 17:18:39,387] {dagbag.py:507} INFO - Filling up the DagBag from /root/Documents/airflowalu/venv/lib/python3.9/site-packages/airflow/example_dags/example_dag_decorator.py
[2025-05-02 17:18:39,400] {processor.py:651} INFO - DAG(s) dict_keys(['example_dag_decorator']) retrieved from /root/Documents/airflowalu/venv/lib/python3.9/site-packages/airflow/example_dags/example_dag_decorator.py
[2025-05-02 17:18:39,408] {logging_mixin.py:115} INFO - [2025-05-02 17:18:39,408] {dag.py:2379} INFO - Sync 1 DAGs
[2025-05-02 17:18:39,416] {logging_mixin.py:115} INFO - [2025-05-02 17:18:39,416] {dag.py:2927} INFO - Setting next_dagrun for example_dag_decorator to None, run_after=None
[2025-05-02 17:18:39,427] {processor.py:161} INFO - Processing /root/Documents/airflowalu/venv/lib/python3.9/site-packages/airflow/example_dags/example_dag_decorator.py took 0.042 seconds
[2025-05-02 17:19:13,730] {processor.py:153} INFO - Started process (PID=10482) to work on /root/Documents/airflowalu/venv/lib/python3.9/site-packages/airflow/example_dags/example_dag_decorator.py
[2025-05-02 17:19:13,731] {processor.py:641} INFO - Processing file /root/Documents/airflowalu/venv/lib/python3.9/site-packages/airflow/example_dags/example_dag_decorator.py for tasks to queue
[2025-05-02 17:19:13,732] {logging_mixin.py:115} INFO - [2025-05-02 17:19:13,731] {dagbag.py:507} INFO - Filling up the DagBag from /root/Documents/airflowalu/venv/lib/python3.9/site-packages/airflow/example_dags/example_dag_decorator.py
[2025-05-02 17:19:13,747] {processor.py:651} INFO - DAG(s) dict_keys(['example_dag_decorator']) retrieved from /root/Documents/airflowalu/venv/lib/python3.9/site-packages/airflow/example_dags/example_dag_decorator.py
[2025-05-02 17:19:13,755] {logging_mixin.py:115} INFO - [2025-05-02 17:19:13,755] {dag.py:2379} INFO - Sync 1 DAGs
[2025-05-02 17:19:13,764] {logging_mixin.py:115} INFO - [2025-05-02 17:19:13,764] {dag.py:2927} INFO - Setting next_dagrun for example_dag_decorator to None, run_after=None
[2025-05-02 17:19:13,775] {processor.py:161} INFO - Processing /root/Documents/airflowalu/venv/lib/python3.9/site-packages/airflow/example_dags/example_dag_decorator.py took 0.046 seconds
[2025-05-02 17:19:44,503] {processor.py:153} INFO - Started process (PID=10617) to work on /root/Documents/airflowalu/venv/lib/python3.9/site-packages/airflow/example_dags/example_dag_decorator.py
[2025-05-02 17:19:44,504] {processor.py:641} INFO - Processing file /root/Documents/airflowalu/venv/lib/python3.9/site-packages/airflow/example_dags/example_dag_decorator.py for tasks to queue
[2025-05-02 17:19:44,504] {logging_mixin.py:115} INFO - [2025-05-02 17:19:44,504] {dagbag.py:507} INFO - Filling up the DagBag from /root/Documents/airflowalu/venv/lib/python3.9/site-packages/airflow/example_dags/example_dag_decorator.py
[2025-05-02 17:19:44,518] {processor.py:651} INFO - DAG(s) dict_keys(['example_dag_decorator']) retrieved from /root/Documents/airflowalu/venv/lib/python3.9/site-packages/airflow/example_dags/example_dag_decorator.py
[2025-05-02 17:19:44,526] {logging_mixin.py:115} INFO - [2025-05-02 17:19:44,526] {dag.py:2379} INFO - Sync 1 DAGs
[2025-05-02 17:19:44,534] {logging_mixin.py:115} INFO - [2025-05-02 17:19:44,534] {dag.py:2927} INFO - Setting next_dagrun for example_dag_decorator to None, run_after=None
[2025-05-02 17:19:44,547] {processor.py:161} INFO - Processing /root/Documents/airflowalu/venv/lib/python3.9/site-packages/airflow/example_dags/example_dag_decorator.py took 0.045 seconds
[2025-05-02 17:20:18,981] {processor.py:153} INFO - Started process (PID=10757) to work on /root/Documents/airflowalu/venv/lib/python3.9/site-packages/airflow/example_dags/example_dag_decorator.py
[2025-05-02 17:20:18,982] {processor.py:641} INFO - Processing file /root/Documents/airflowalu/venv/lib/python3.9/site-packages/airflow/example_dags/example_dag_decorator.py for tasks to queue
[2025-05-02 17:20:18,982] {logging_mixin.py:115} INFO - [2025-05-02 17:20:18,982] {dagbag.py:507} INFO - Filling up the DagBag from /root/Documents/airflowalu/venv/lib/python3.9/site-packages/airflow/example_dags/example_dag_decorator.py
[2025-05-02 17:20:18,997] {processor.py:651} INFO - DAG(s) dict_keys(['example_dag_decorator']) retrieved from /root/Documents/airflowalu/venv/lib/python3.9/site-packages/airflow/example_dags/example_dag_decorator.py
[2025-05-02 17:20:19,006] {logging_mixin.py:115} INFO - [2025-05-02 17:20:19,006] {dag.py:2379} INFO - Sync 1 DAGs
[2025-05-02 17:20:19,014] {logging_mixin.py:115} INFO - [2025-05-02 17:20:19,014] {dag.py:2927} INFO - Setting next_dagrun for example_dag_decorator to None, run_after=None
[2025-05-02 17:20:19,026] {processor.py:161} INFO - Processing /root/Documents/airflowalu/venv/lib/python3.9/site-packages/airflow/example_dags/example_dag_decorator.py took 0.046 seconds
[2025-05-02 17:20:50,500] {processor.py:153} INFO - Started process (PID=10904) to work on /root/Documents/airflowalu/venv/lib/python3.9/site-packages/airflow/example_dags/example_dag_decorator.py
[2025-05-02 17:20:50,501] {processor.py:641} INFO - Processing file /root/Documents/airflowalu/venv/lib/python3.9/site-packages/airflow/example_dags/example_dag_decorator.py for tasks to queue
[2025-05-02 17:20:50,501] {logging_mixin.py:115} INFO - [2025-05-02 17:20:50,501] {dagbag.py:507} INFO - Filling up the DagBag from /root/Documents/airflowalu/venv/lib/python3.9/site-packages/airflow/example_dags/example_dag_decorator.py
[2025-05-02 17:20:50,516] {processor.py:651} INFO - DAG(s) dict_keys(['example_dag_decorator']) retrieved from /root/Documents/airflowalu/venv/lib/python3.9/site-packages/airflow/example_dags/example_dag_decorator.py
[2025-05-02 17:20:50,524] {logging_mixin.py:115} INFO - [2025-05-02 17:20:50,524] {dag.py:2379} INFO - Sync 1 DAGs
[2025-05-02 17:20:50,534] {logging_mixin.py:115} INFO - [2025-05-02 17:20:50,534] {dag.py:2927} INFO - Setting next_dagrun for example_dag_decorator to None, run_after=None
[2025-05-02 17:20:50,544] {processor.py:161} INFO - Processing /root/Documents/airflowalu/venv/lib/python3.9/site-packages/airflow/example_dags/example_dag_decorator.py took 0.046 seconds
[2025-05-02 17:21:21,788] {processor.py:153} INFO - Started process (PID=11042) to work on /root/Documents/airflowalu/venv/lib/python3.9/site-packages/airflow/example_dags/example_dag_decorator.py
[2025-05-02 17:21:21,789] {processor.py:641} INFO - Processing file /root/Documents/airflowalu/venv/lib/python3.9/site-packages/airflow/example_dags/example_dag_decorator.py for tasks to queue
[2025-05-02 17:21:21,790] {logging_mixin.py:115} INFO - [2025-05-02 17:21:21,790] {dagbag.py:507} INFO - Filling up the DagBag from /root/Documents/airflowalu/venv/lib/python3.9/site-packages/airflow/example_dags/example_dag_decorator.py
[2025-05-02 17:21:21,809] {processor.py:651} INFO - DAG(s) dict_keys(['example_dag_decorator']) retrieved from /root/Documents/airflowalu/venv/lib/python3.9/site-packages/airflow/example_dags/example_dag_decorator.py
[2025-05-02 17:21:21,820] {logging_mixin.py:115} INFO - [2025-05-02 17:21:21,820] {dag.py:2379} INFO - Sync 1 DAGs
[2025-05-02 17:21:21,831] {logging_mixin.py:115} INFO - [2025-05-02 17:21:21,831] {dag.py:2927} INFO - Setting next_dagrun for example_dag_decorator to None, run_after=None
[2025-05-02 17:21:21,845] {processor.py:161} INFO - Processing /root/Documents/airflowalu/venv/lib/python3.9/site-packages/airflow/example_dags/example_dag_decorator.py took 0.058 seconds
[2025-05-02 17:21:54,828] {processor.py:153} INFO - Started process (PID=11183) to work on /root/Documents/airflowalu/venv/lib/python3.9/site-packages/airflow/example_dags/example_dag_decorator.py
[2025-05-02 17:21:54,829] {processor.py:641} INFO - Processing file /root/Documents/airflowalu/venv/lib/python3.9/site-packages/airflow/example_dags/example_dag_decorator.py for tasks to queue
[2025-05-02 17:21:54,829] {logging_mixin.py:115} INFO - [2025-05-02 17:21:54,829] {dagbag.py:507} INFO - Filling up the DagBag from /root/Documents/airflowalu/venv/lib/python3.9/site-packages/airflow/example_dags/example_dag_decorator.py
[2025-05-02 17:21:54,844] {processor.py:651} INFO - DAG(s) dict_keys(['example_dag_decorator']) retrieved from /root/Documents/airflowalu/venv/lib/python3.9/site-packages/airflow/example_dags/example_dag_decorator.py
[2025-05-02 17:21:54,853] {logging_mixin.py:115} INFO - [2025-05-02 17:21:54,853] {dag.py:2379} INFO - Sync 1 DAGs
[2025-05-02 17:21:54,862] {logging_mixin.py:115} INFO - [2025-05-02 17:21:54,862] {dag.py:2927} INFO - Setting next_dagrun for example_dag_decorator to None, run_after=None
[2025-05-02 17:21:54,871] {processor.py:161} INFO - Processing /root/Documents/airflowalu/venv/lib/python3.9/site-packages/airflow/example_dags/example_dag_decorator.py took 0.045 seconds
[2025-05-02 17:22:27,048] {processor.py:153} INFO - Started process (PID=11324) to work on /root/Documents/airflowalu/venv/lib/python3.9/site-packages/airflow/example_dags/example_dag_decorator.py
[2025-05-02 17:22:27,048] {processor.py:641} INFO - Processing file /root/Documents/airflowalu/venv/lib/python3.9/site-packages/airflow/example_dags/example_dag_decorator.py for tasks to queue
[2025-05-02 17:22:27,048] {logging_mixin.py:115} INFO - [2025-05-02 17:22:27,048] {dagbag.py:507} INFO - Filling up the DagBag from /root/Documents/airflowalu/venv/lib/python3.9/site-packages/airflow/example_dags/example_dag_decorator.py
[2025-05-02 17:22:27,063] {processor.py:651} INFO - DAG(s) dict_keys(['example_dag_decorator']) retrieved from /root/Documents/airflowalu/venv/lib/python3.9/site-packages/airflow/example_dags/example_dag_decorator.py
[2025-05-02 17:22:27,086] {logging_mixin.py:115} INFO - [2025-05-02 17:22:27,086] {dag.py:2379} INFO - Sync 1 DAGs
[2025-05-02 17:22:27,095] {logging_mixin.py:115} INFO - [2025-05-02 17:22:27,095] {dag.py:2927} INFO - Setting next_dagrun for example_dag_decorator to None, run_after=None
[2025-05-02 17:22:27,105] {processor.py:161} INFO - Processing /root/Documents/airflowalu/venv/lib/python3.9/site-packages/airflow/example_dags/example_dag_decorator.py took 0.059 seconds
[2025-05-02 17:22:57,461] {processor.py:153} INFO - Started process (PID=11459) to work on /root/Documents/airflowalu/venv/lib/python3.9/site-packages/airflow/example_dags/example_dag_decorator.py
[2025-05-02 17:22:57,462] {processor.py:641} INFO - Processing file /root/Documents/airflowalu/venv/lib/python3.9/site-packages/airflow/example_dags/example_dag_decorator.py for tasks to queue
[2025-05-02 17:22:57,462] {logging_mixin.py:115} INFO - [2025-05-02 17:22:57,462] {dagbag.py:507} INFO - Filling up the DagBag from /root/Documents/airflowalu/venv/lib/python3.9/site-packages/airflow/example_dags/example_dag_decorator.py
[2025-05-02 17:22:57,476] {processor.py:651} INFO - DAG(s) dict_keys(['example_dag_decorator']) retrieved from /root/Documents/airflowalu/venv/lib/python3.9/site-packages/airflow/example_dags/example_dag_decorator.py
[2025-05-02 17:22:57,484] {logging_mixin.py:115} INFO - [2025-05-02 17:22:57,484] {dag.py:2379} INFO - Sync 1 DAGs
[2025-05-02 17:22:57,493] {logging_mixin.py:115} INFO - [2025-05-02 17:22:57,493] {dag.py:2927} INFO - Setting next_dagrun for example_dag_decorator to None, run_after=None
[2025-05-02 17:22:57,503] {processor.py:161} INFO - Processing /root/Documents/airflowalu/venv/lib/python3.9/site-packages/airflow/example_dags/example_dag_decorator.py took 0.043 seconds
[2025-05-02 17:23:30,635] {processor.py:153} INFO - Started process (PID=11599) to work on /root/Documents/airflowalu/venv/lib/python3.9/site-packages/airflow/example_dags/example_dag_decorator.py
[2025-05-02 17:23:30,636] {processor.py:641} INFO - Processing file /root/Documents/airflowalu/venv/lib/python3.9/site-packages/airflow/example_dags/example_dag_decorator.py for tasks to queue
[2025-05-02 17:23:30,636] {logging_mixin.py:115} INFO - [2025-05-02 17:23:30,636] {dagbag.py:507} INFO - Filling up the DagBag from /root/Documents/airflowalu/venv/lib/python3.9/site-packages/airflow/example_dags/example_dag_decorator.py
[2025-05-02 17:23:30,651] {processor.py:651} INFO - DAG(s) dict_keys(['example_dag_decorator']) retrieved from /root/Documents/airflowalu/venv/lib/python3.9/site-packages/airflow/example_dags/example_dag_decorator.py
[2025-05-02 17:23:30,659] {logging_mixin.py:115} INFO - [2025-05-02 17:23:30,659] {dag.py:2379} INFO - Sync 1 DAGs
[2025-05-02 17:23:30,668] {logging_mixin.py:115} INFO - [2025-05-02 17:23:30,668] {dag.py:2927} INFO - Setting next_dagrun for example_dag_decorator to None, run_after=None
[2025-05-02 17:23:30,679] {processor.py:161} INFO - Processing /root/Documents/airflowalu/venv/lib/python3.9/site-packages/airflow/example_dags/example_dag_decorator.py took 0.046 seconds
[2025-05-02 17:24:02,092] {processor.py:153} INFO - Started process (PID=11731) to work on /root/Documents/airflowalu/venv/lib/python3.9/site-packages/airflow/example_dags/example_dag_decorator.py
[2025-05-02 17:24:02,093] {processor.py:641} INFO - Processing file /root/Documents/airflowalu/venv/lib/python3.9/site-packages/airflow/example_dags/example_dag_decorator.py for tasks to queue
[2025-05-02 17:24:02,093] {logging_mixin.py:115} INFO - [2025-05-02 17:24:02,093] {dagbag.py:507} INFO - Filling up the DagBag from /root/Documents/airflowalu/venv/lib/python3.9/site-packages/airflow/example_dags/example_dag_decorator.py
[2025-05-02 17:24:02,107] {processor.py:651} INFO - DAG(s) dict_keys(['example_dag_decorator']) retrieved from /root/Documents/airflowalu/venv/lib/python3.9/site-packages/airflow/example_dags/example_dag_decorator.py
[2025-05-02 17:24:02,115] {logging_mixin.py:115} INFO - [2025-05-02 17:24:02,115] {dag.py:2379} INFO - Sync 1 DAGs
[2025-05-02 17:24:02,123] {logging_mixin.py:115} INFO - [2025-05-02 17:24:02,123] {dag.py:2927} INFO - Setting next_dagrun for example_dag_decorator to None, run_after=None
[2025-05-02 17:24:02,133] {processor.py:161} INFO - Processing /root/Documents/airflowalu/venv/lib/python3.9/site-packages/airflow/example_dags/example_dag_decorator.py took 0.043 seconds
[2025-05-02 17:24:34,049] {processor.py:153} INFO - Started process (PID=11869) to work on /root/Documents/airflowalu/venv/lib/python3.9/site-packages/airflow/example_dags/example_dag_decorator.py
[2025-05-02 17:24:34,049] {processor.py:641} INFO - Processing file /root/Documents/airflowalu/venv/lib/python3.9/site-packages/airflow/example_dags/example_dag_decorator.py for tasks to queue
[2025-05-02 17:24:34,050] {logging_mixin.py:115} INFO - [2025-05-02 17:24:34,050] {dagbag.py:507} INFO - Filling up the DagBag from /root/Documents/airflowalu/venv/lib/python3.9/site-packages/airflow/example_dags/example_dag_decorator.py
[2025-05-02 17:24:34,064] {processor.py:651} INFO - DAG(s) dict_keys(['example_dag_decorator']) retrieved from /root/Documents/airflowalu/venv/lib/python3.9/site-packages/airflow/example_dags/example_dag_decorator.py
[2025-05-02 17:24:34,073] {logging_mixin.py:115} INFO - [2025-05-02 17:24:34,073] {dag.py:2379} INFO - Sync 1 DAGs
[2025-05-02 17:24:34,081] {logging_mixin.py:115} INFO - [2025-05-02 17:24:34,081] {dag.py:2927} INFO - Setting next_dagrun for example_dag_decorator to None, run_after=None
[2025-05-02 17:24:34,091] {processor.py:161} INFO - Processing /root/Documents/airflowalu/venv/lib/python3.9/site-packages/airflow/example_dags/example_dag_decorator.py took 0.044 seconds
[2025-05-02 17:25:05,977] {processor.py:153} INFO - Started process (PID=12001) to work on /root/Documents/airflowalu/venv/lib/python3.9/site-packages/airflow/example_dags/example_dag_decorator.py
[2025-05-02 17:25:05,978] {processor.py:641} INFO - Processing file /root/Documents/airflowalu/venv/lib/python3.9/site-packages/airflow/example_dags/example_dag_decorator.py for tasks to queue
[2025-05-02 17:25:05,978] {logging_mixin.py:115} INFO - [2025-05-02 17:25:05,978] {dagbag.py:507} INFO - Filling up the DagBag from /root/Documents/airflowalu/venv/lib/python3.9/site-packages/airflow/example_dags/example_dag_decorator.py
[2025-05-02 17:25:05,992] {processor.py:651} INFO - DAG(s) dict_keys(['example_dag_decorator']) retrieved from /root/Documents/airflowalu/venv/lib/python3.9/site-packages/airflow/example_dags/example_dag_decorator.py
[2025-05-02 17:25:06,000] {logging_mixin.py:115} INFO - [2025-05-02 17:25:06,000] {dag.py:2379} INFO - Sync 1 DAGs
[2025-05-02 17:25:06,008] {logging_mixin.py:115} INFO - [2025-05-02 17:25:06,008] {dag.py:2927} INFO - Setting next_dagrun for example_dag_decorator to None, run_after=None
[2025-05-02 17:25:06,020] {processor.py:161} INFO - Processing /root/Documents/airflowalu/venv/lib/python3.9/site-packages/airflow/example_dags/example_dag_decorator.py took 0.044 seconds
[2025-05-02 17:25:36,958] {processor.py:153} INFO - Started process (PID=12133) to work on /root/Documents/airflowalu/venv/lib/python3.9/site-packages/airflow/example_dags/example_dag_decorator.py
[2025-05-02 17:25:36,959] {processor.py:641} INFO - Processing file /root/Documents/airflowalu/venv/lib/python3.9/site-packages/airflow/example_dags/example_dag_decorator.py for tasks to queue
[2025-05-02 17:25:36,960] {logging_mixin.py:115} INFO - [2025-05-02 17:25:36,960] {dagbag.py:507} INFO - Filling up the DagBag from /root/Documents/airflowalu/venv/lib/python3.9/site-packages/airflow/example_dags/example_dag_decorator.py
[2025-05-02 17:25:36,974] {processor.py:651} INFO - DAG(s) dict_keys(['example_dag_decorator']) retrieved from /root/Documents/airflowalu/venv/lib/python3.9/site-packages/airflow/example_dags/example_dag_decorator.py
[2025-05-02 17:25:36,982] {logging_mixin.py:115} INFO - [2025-05-02 17:25:36,982] {dag.py:2379} INFO - Sync 1 DAGs
[2025-05-02 17:25:36,991] {logging_mixin.py:115} INFO - [2025-05-02 17:25:36,991] {dag.py:2927} INFO - Setting next_dagrun for example_dag_decorator to None, run_after=None
[2025-05-02 17:25:37,003] {processor.py:161} INFO - Processing /root/Documents/airflowalu/venv/lib/python3.9/site-packages/airflow/example_dags/example_dag_decorator.py took 0.046 seconds
[2025-05-02 17:26:08,854] {processor.py:153} INFO - Started process (PID=12271) to work on /root/Documents/airflowalu/venv/lib/python3.9/site-packages/airflow/example_dags/example_dag_decorator.py
[2025-05-02 17:26:08,854] {processor.py:641} INFO - Processing file /root/Documents/airflowalu/venv/lib/python3.9/site-packages/airflow/example_dags/example_dag_decorator.py for tasks to queue
[2025-05-02 17:26:08,855] {logging_mixin.py:115} INFO - [2025-05-02 17:26:08,855] {dagbag.py:507} INFO - Filling up the DagBag from /root/Documents/airflowalu/venv/lib/python3.9/site-packages/airflow/example_dags/example_dag_decorator.py
[2025-05-02 17:26:08,869] {processor.py:651} INFO - DAG(s) dict_keys(['example_dag_decorator']) retrieved from /root/Documents/airflowalu/venv/lib/python3.9/site-packages/airflow/example_dags/example_dag_decorator.py
[2025-05-02 17:26:08,892] {logging_mixin.py:115} INFO - [2025-05-02 17:26:08,892] {dag.py:2379} INFO - Sync 1 DAGs
[2025-05-02 17:26:08,900] {logging_mixin.py:115} INFO - [2025-05-02 17:26:08,900] {dag.py:2927} INFO - Setting next_dagrun for example_dag_decorator to None, run_after=None
[2025-05-02 17:26:08,911] {processor.py:161} INFO - Processing /root/Documents/airflowalu/venv/lib/python3.9/site-packages/airflow/example_dags/example_dag_decorator.py took 0.059 seconds
[2025-05-02 17:26:41,613] {processor.py:153} INFO - Started process (PID=12401) to work on /root/Documents/airflowalu/venv/lib/python3.9/site-packages/airflow/example_dags/example_dag_decorator.py
[2025-05-02 17:26:41,614] {processor.py:641} INFO - Processing file /root/Documents/airflowalu/venv/lib/python3.9/site-packages/airflow/example_dags/example_dag_decorator.py for tasks to queue
[2025-05-02 17:26:41,614] {logging_mixin.py:115} INFO - [2025-05-02 17:26:41,614] {dagbag.py:507} INFO - Filling up the DagBag from /root/Documents/airflowalu/venv/lib/python3.9/site-packages/airflow/example_dags/example_dag_decorator.py
[2025-05-02 17:26:41,628] {processor.py:651} INFO - DAG(s) dict_keys(['example_dag_decorator']) retrieved from /root/Documents/airflowalu/venv/lib/python3.9/site-packages/airflow/example_dags/example_dag_decorator.py
[2025-05-02 17:26:41,636] {logging_mixin.py:115} INFO - [2025-05-02 17:26:41,636] {dag.py:2379} INFO - Sync 1 DAGs
[2025-05-02 17:26:41,645] {logging_mixin.py:115} INFO - [2025-05-02 17:26:41,645] {dag.py:2927} INFO - Setting next_dagrun for example_dag_decorator to None, run_after=None
[2025-05-02 17:26:41,655] {processor.py:161} INFO - Processing /root/Documents/airflowalu/venv/lib/python3.9/site-packages/airflow/example_dags/example_dag_decorator.py took 0.043 seconds
[2025-05-02 17:27:13,007] {processor.py:153} INFO - Started process (PID=12539) to work on /root/Documents/airflowalu/venv/lib/python3.9/site-packages/airflow/example_dags/example_dag_decorator.py
[2025-05-02 17:27:13,008] {processor.py:641} INFO - Processing file /root/Documents/airflowalu/venv/lib/python3.9/site-packages/airflow/example_dags/example_dag_decorator.py for tasks to queue
[2025-05-02 17:27:13,008] {logging_mixin.py:115} INFO - [2025-05-02 17:27:13,008] {dagbag.py:507} INFO - Filling up the DagBag from /root/Documents/airflowalu/venv/lib/python3.9/site-packages/airflow/example_dags/example_dag_decorator.py
[2025-05-02 17:27:13,024] {processor.py:651} INFO - DAG(s) dict_keys(['example_dag_decorator']) retrieved from /root/Documents/airflowalu/venv/lib/python3.9/site-packages/airflow/example_dags/example_dag_decorator.py
[2025-05-02 17:27:13,034] {logging_mixin.py:115} INFO - [2025-05-02 17:27:13,034] {dag.py:2379} INFO - Sync 1 DAGs
[2025-05-02 17:27:13,044] {logging_mixin.py:115} INFO - [2025-05-02 17:27:13,044] {dag.py:2927} INFO - Setting next_dagrun for example_dag_decorator to None, run_after=None
[2025-05-02 17:27:13,057] {processor.py:161} INFO - Processing /root/Documents/airflowalu/venv/lib/python3.9/site-packages/airflow/example_dags/example_dag_decorator.py took 0.052 seconds
[2025-05-02 17:27:45,929] {processor.py:153} INFO - Started process (PID=12676) to work on /root/Documents/airflowalu/venv/lib/python3.9/site-packages/airflow/example_dags/example_dag_decorator.py
[2025-05-02 17:27:45,930] {processor.py:641} INFO - Processing file /root/Documents/airflowalu/venv/lib/python3.9/site-packages/airflow/example_dags/example_dag_decorator.py for tasks to queue
[2025-05-02 17:27:45,930] {logging_mixin.py:115} INFO - [2025-05-02 17:27:45,930] {dagbag.py:507} INFO - Filling up the DagBag from /root/Documents/airflowalu/venv/lib/python3.9/site-packages/airflow/example_dags/example_dag_decorator.py
[2025-05-02 17:27:45,942] {processor.py:651} INFO - DAG(s) dict_keys(['example_dag_decorator']) retrieved from /root/Documents/airflowalu/venv/lib/python3.9/site-packages/airflow/example_dags/example_dag_decorator.py
[2025-05-02 17:27:45,965] {logging_mixin.py:115} INFO - [2025-05-02 17:27:45,965] {dag.py:2379} INFO - Sync 1 DAGs
[2025-05-02 17:27:45,974] {logging_mixin.py:115} INFO - [2025-05-02 17:27:45,974] {dag.py:2927} INFO - Setting next_dagrun for example_dag_decorator to None, run_after=None
[2025-05-02 17:27:45,985] {processor.py:161} INFO - Processing /root/Documents/airflowalu/venv/lib/python3.9/site-packages/airflow/example_dags/example_dag_decorator.py took 0.058 seconds
[2025-05-02 17:30:05,114] {processor.py:153} INFO - Started process (PID=13497) to work on /root/Documents/airflowalu/venv/lib/python3.9/site-packages/airflow/example_dags/example_dag_decorator.py
[2025-05-02 17:30:05,115] {processor.py:641} INFO - Processing file /root/Documents/airflowalu/venv/lib/python3.9/site-packages/airflow/example_dags/example_dag_decorator.py for tasks to queue
[2025-05-02 17:30:05,115] {logging_mixin.py:115} INFO - [2025-05-02 17:30:05,115] {dagbag.py:507} INFO - Filling up the DagBag from /root/Documents/airflowalu/venv/lib/python3.9/site-packages/airflow/example_dags/example_dag_decorator.py
[2025-05-02 17:30:05,131] {processor.py:651} INFO - DAG(s) dict_keys(['example_dag_decorator']) retrieved from /root/Documents/airflowalu/venv/lib/python3.9/site-packages/airflow/example_dags/example_dag_decorator.py
[2025-05-02 17:30:05,161] {logging_mixin.py:115} INFO - [2025-05-02 17:30:05,161] {dag.py:2379} INFO - Sync 1 DAGs
[2025-05-02 17:30:05,189] {logging_mixin.py:115} INFO - [2025-05-02 17:30:05,189] {dag.py:2927} INFO - Setting next_dagrun for example_dag_decorator to None, run_after=None
[2025-05-02 17:30:05,202] {processor.py:161} INFO - Processing /root/Documents/airflowalu/venv/lib/python3.9/site-packages/airflow/example_dags/example_dag_decorator.py took 0.089 seconds
[2025-05-02 17:30:36,599] {processor.py:153} INFO - Started process (PID=13708) to work on /root/Documents/airflowalu/venv/lib/python3.9/site-packages/airflow/example_dags/example_dag_decorator.py
[2025-05-02 17:30:36,600] {processor.py:641} INFO - Processing file /root/Documents/airflowalu/venv/lib/python3.9/site-packages/airflow/example_dags/example_dag_decorator.py for tasks to queue
[2025-05-02 17:30:36,600] {logging_mixin.py:115} INFO - [2025-05-02 17:30:36,600] {dagbag.py:507} INFO - Filling up the DagBag from /root/Documents/airflowalu/venv/lib/python3.9/site-packages/airflow/example_dags/example_dag_decorator.py
[2025-05-02 17:30:36,616] {processor.py:651} INFO - DAG(s) dict_keys(['example_dag_decorator']) retrieved from /root/Documents/airflowalu/venv/lib/python3.9/site-packages/airflow/example_dags/example_dag_decorator.py
[2025-05-02 17:30:36,645] {logging_mixin.py:115} INFO - [2025-05-02 17:30:36,645] {dag.py:2379} INFO - Sync 1 DAGs
[2025-05-02 17:30:36,655] {logging_mixin.py:115} INFO - [2025-05-02 17:30:36,655] {dag.py:2927} INFO - Setting next_dagrun for example_dag_decorator to None, run_after=None
[2025-05-02 17:30:36,672] {processor.py:161} INFO - Processing /root/Documents/airflowalu/venv/lib/python3.9/site-packages/airflow/example_dags/example_dag_decorator.py took 0.075 seconds
[2025-05-02 20:40:06,145] {processor.py:153} INFO - Started process (PID=477) to work on /root/Documents/airflowalu/venv/lib/python3.9/site-packages/airflow/example_dags/example_dag_decorator.py
[2025-05-02 20:40:06,146] {processor.py:641} INFO - Processing file /root/Documents/airflowalu/venv/lib/python3.9/site-packages/airflow/example_dags/example_dag_decorator.py for tasks to queue
[2025-05-02 20:40:06,146] {logging_mixin.py:115} INFO - [2025-05-02 20:40:06,146] {dagbag.py:507} INFO - Filling up the DagBag from /root/Documents/airflowalu/venv/lib/python3.9/site-packages/airflow/example_dags/example_dag_decorator.py
[2025-05-02 20:40:06,158] {processor.py:651} INFO - DAG(s) dict_keys(['example_dag_decorator']) retrieved from /root/Documents/airflowalu/venv/lib/python3.9/site-packages/airflow/example_dags/example_dag_decorator.py
[2025-05-02 20:40:06,183] {logging_mixin.py:115} INFO - [2025-05-02 20:40:06,183] {dag.py:2379} INFO - Sync 1 DAGs
[2025-05-02 20:40:06,191] {logging_mixin.py:115} INFO - [2025-05-02 20:40:06,191] {dag.py:2927} INFO - Setting next_dagrun for example_dag_decorator to None, run_after=None
[2025-05-02 20:40:06,202] {processor.py:161} INFO - Processing /root/Documents/airflowalu/venv/lib/python3.9/site-packages/airflow/example_dags/example_dag_decorator.py took 0.059 seconds
