[2025-05-02 16:52:44,952] {processor.py:153} INFO - Started process (PID=2862) to work on /root/Documents/airflowalu/venv/lib/python3.9/site-packages/airflow/example_dags/example_time_delta_sensor_async.py
[2025-05-02 16:52:44,952] {processor.py:641} INFO - Processing file /root/Documents/airflowalu/venv/lib/python3.9/site-packages/airflow/example_dags/example_time_delta_sensor_async.py for tasks to queue
[2025-05-02 16:52:44,952] {logging_mixin.py:115} INFO - [2025-05-02 16:52:44,952] {dagbag.py:507} INFO - Filling up the DagBag from /root/Documents/airflowalu/venv/lib/python3.9/site-packages/airflow/example_dags/example_time_delta_sensor_async.py
[2025-05-02 16:52:44,955] {processor.py:651} INFO - DAG(s) dict_keys(['example_time_delta_sensor_async']) retrieved from /root/Documents/airflowalu/venv/lib/python3.9/site-packages/airflow/example_dags/example_time_delta_sensor_async.py
[2025-05-02 16:52:44,997] {logging_mixin.py:115} INFO - [2025-05-02 16:52:44,997] {manager.py:508} INFO - Created Permission View: can edit on DAG:example_time_delta_sensor_async
[2025-05-02 16:52:45,005] {logging_mixin.py:115} INFO - [2025-05-02 16:52:45,005] {manager.py:508} INFO - Created Permission View: can delete on DAG:example_time_delta_sensor_async
[2025-05-02 16:52:45,012] {logging_mixin.py:115} INFO - [2025-05-02 16:52:45,012] {manager.py:508} INFO - Created Permission View: can read on DAG:example_time_delta_sensor_async
[2025-05-02 16:52:45,012] {logging_mixin.py:115} INFO - [2025-05-02 16:52:45,012] {dag.py:2379} INFO - Sync 1 DAGs
[2025-05-02 16:52:45,016] {logging_mixin.py:115} INFO - [2025-05-02 16:52:45,016] {dag.py:2398} INFO - Creating ORM DAG for example_time_delta_sensor_async
[2025-05-02 16:52:45,021] {logging_mixin.py:115} INFO - [2025-05-02 16:52:45,021] {dag.py:2927} INFO - Setting next_dagrun for example_time_delta_sensor_async to None, run_after=None
[2025-05-02 16:52:45,032] {processor.py:161} INFO - Processing /root/Documents/airflowalu/venv/lib/python3.9/site-packages/airflow/example_dags/example_time_delta_sensor_async.py took 0.081 seconds
[2025-05-02 16:53:16,624] {processor.py:153} INFO - Started process (PID=3150) to work on /root/Documents/airflowalu/venv/lib/python3.9/site-packages/airflow/example_dags/example_time_delta_sensor_async.py
[2025-05-02 16:53:16,624] {processor.py:641} INFO - Processing file /root/Documents/airflowalu/venv/lib/python3.9/site-packages/airflow/example_dags/example_time_delta_sensor_async.py for tasks to queue
[2025-05-02 16:53:16,625] {logging_mixin.py:115} INFO - [2025-05-02 16:53:16,625] {dagbag.py:507} INFO - Filling up the DagBag from /root/Documents/airflowalu/venv/lib/python3.9/site-packages/airflow/example_dags/example_time_delta_sensor_async.py
[2025-05-02 16:53:16,628] {processor.py:651} INFO - DAG(s) dict_keys(['example_time_delta_sensor_async']) retrieved from /root/Documents/airflowalu/venv/lib/python3.9/site-packages/airflow/example_dags/example_time_delta_sensor_async.py
[2025-05-02 16:53:16,643] {logging_mixin.py:115} INFO - [2025-05-02 16:53:16,643] {dag.py:2379} INFO - Sync 1 DAGs
[2025-05-02 16:53:16,659] {logging_mixin.py:115} INFO - [2025-05-02 16:53:16,659] {dag.py:2927} INFO - Setting next_dagrun for example_time_delta_sensor_async to None, run_after=None
[2025-05-02 16:53:16,673] {processor.py:161} INFO - Processing /root/Documents/airflowalu/venv/lib/python3.9/site-packages/airflow/example_dags/example_time_delta_sensor_async.py took 0.051 seconds
[2025-05-02 16:53:47,841] {processor.py:153} INFO - Started process (PID=3654) to work on /root/Documents/airflowalu/venv/lib/python3.9/site-packages/airflow/example_dags/example_time_delta_sensor_async.py
[2025-05-02 16:53:47,842] {processor.py:641} INFO - Processing file /root/Documents/airflowalu/venv/lib/python3.9/site-packages/airflow/example_dags/example_time_delta_sensor_async.py for tasks to queue
[2025-05-02 16:53:47,842] {logging_mixin.py:115} INFO - [2025-05-02 16:53:47,842] {dagbag.py:507} INFO - Filling up the DagBag from /root/Documents/airflowalu/venv/lib/python3.9/site-packages/airflow/example_dags/example_time_delta_sensor_async.py
[2025-05-02 16:53:47,845] {processor.py:651} INFO - DAG(s) dict_keys(['example_time_delta_sensor_async']) retrieved from /root/Documents/airflowalu/venv/lib/python3.9/site-packages/airflow/example_dags/example_time_delta_sensor_async.py
[2025-05-02 16:53:47,856] {logging_mixin.py:115} INFO - [2025-05-02 16:53:47,856] {dag.py:2379} INFO - Sync 1 DAGs
[2025-05-02 16:53:47,866] {logging_mixin.py:115} INFO - [2025-05-02 16:53:47,866] {dag.py:2927} INFO - Setting next_dagrun for example_time_delta_sensor_async to None, run_after=None
[2025-05-02 16:53:47,877] {processor.py:161} INFO - Processing /root/Documents/airflowalu/venv/lib/python3.9/site-packages/airflow/example_dags/example_time_delta_sensor_async.py took 0.037 seconds
[2025-05-02 16:54:19,692] {processor.py:153} INFO - Started process (PID=3793) to work on /root/Documents/airflowalu/venv/lib/python3.9/site-packages/airflow/example_dags/example_time_delta_sensor_async.py
[2025-05-02 16:54:19,692] {processor.py:641} INFO - Processing file /root/Documents/airflowalu/venv/lib/python3.9/site-packages/airflow/example_dags/example_time_delta_sensor_async.py for tasks to queue
[2025-05-02 16:54:19,693] {logging_mixin.py:115} INFO - [2025-05-02 16:54:19,692] {dagbag.py:507} INFO - Filling up the DagBag from /root/Documents/airflowalu/venv/lib/python3.9/site-packages/airflow/example_dags/example_time_delta_sensor_async.py
[2025-05-02 16:54:19,695] {processor.py:651} INFO - DAG(s) dict_keys(['example_time_delta_sensor_async']) retrieved from /root/Documents/airflowalu/venv/lib/python3.9/site-packages/airflow/example_dags/example_time_delta_sensor_async.py
[2025-05-02 16:54:19,707] {logging_mixin.py:115} INFO - [2025-05-02 16:54:19,707] {dag.py:2379} INFO - Sync 1 DAGs
[2025-05-02 16:54:19,720] {logging_mixin.py:115} INFO - [2025-05-02 16:54:19,720] {dag.py:2927} INFO - Setting next_dagrun for example_time_delta_sensor_async to None, run_after=None
[2025-05-02 16:54:19,732] {processor.py:161} INFO - Processing /root/Documents/airflowalu/venv/lib/python3.9/site-packages/airflow/example_dags/example_time_delta_sensor_async.py took 0.042 seconds
[2025-05-02 16:54:49,887] {processor.py:153} INFO - Started process (PID=3926) to work on /root/Documents/airflowalu/venv/lib/python3.9/site-packages/airflow/example_dags/example_time_delta_sensor_async.py
[2025-05-02 16:54:49,888] {processor.py:641} INFO - Processing file /root/Documents/airflowalu/venv/lib/python3.9/site-packages/airflow/example_dags/example_time_delta_sensor_async.py for tasks to queue
[2025-05-02 16:54:49,888] {logging_mixin.py:115} INFO - [2025-05-02 16:54:49,888] {dagbag.py:507} INFO - Filling up the DagBag from /root/Documents/airflowalu/venv/lib/python3.9/site-packages/airflow/example_dags/example_time_delta_sensor_async.py
[2025-05-02 16:54:49,891] {processor.py:651} INFO - DAG(s) dict_keys(['example_time_delta_sensor_async']) retrieved from /root/Documents/airflowalu/venv/lib/python3.9/site-packages/airflow/example_dags/example_time_delta_sensor_async.py
[2025-05-02 16:54:49,902] {logging_mixin.py:115} INFO - [2025-05-02 16:54:49,902] {dag.py:2379} INFO - Sync 1 DAGs
[2025-05-02 16:54:49,912] {logging_mixin.py:115} INFO - [2025-05-02 16:54:49,912] {dag.py:2927} INFO - Setting next_dagrun for example_time_delta_sensor_async to None, run_after=None
[2025-05-02 16:54:49,923] {processor.py:161} INFO - Processing /root/Documents/airflowalu/venv/lib/python3.9/site-packages/airflow/example_dags/example_time_delta_sensor_async.py took 0.037 seconds
[2025-05-02 16:55:19,677] {processor.py:153} INFO - Started process (PID=4057) to work on /root/Documents/airflowalu/venv/lib/python3.9/site-packages/airflow/example_dags/example_time_delta_sensor_async.py
[2025-05-02 16:55:19,678] {processor.py:641} INFO - Processing file /root/Documents/airflowalu/venv/lib/python3.9/site-packages/airflow/example_dags/example_time_delta_sensor_async.py for tasks to queue
[2025-05-02 16:55:19,678] {logging_mixin.py:115} INFO - [2025-05-02 16:55:19,678] {dagbag.py:507} INFO - Filling up the DagBag from /root/Documents/airflowalu/venv/lib/python3.9/site-packages/airflow/example_dags/example_time_delta_sensor_async.py
[2025-05-02 16:55:19,681] {processor.py:651} INFO - DAG(s) dict_keys(['example_time_delta_sensor_async']) retrieved from /root/Documents/airflowalu/venv/lib/python3.9/site-packages/airflow/example_dags/example_time_delta_sensor_async.py
[2025-05-02 16:55:19,691] {logging_mixin.py:115} INFO - [2025-05-02 16:55:19,691] {dag.py:2379} INFO - Sync 1 DAGs
[2025-05-02 16:55:19,702] {logging_mixin.py:115} INFO - [2025-05-02 16:55:19,702] {dag.py:2927} INFO - Setting next_dagrun for example_time_delta_sensor_async to None, run_after=None
[2025-05-02 16:55:19,713] {processor.py:161} INFO - Processing /root/Documents/airflowalu/venv/lib/python3.9/site-packages/airflow/example_dags/example_time_delta_sensor_async.py took 0.037 seconds
[2025-05-02 16:55:51,366] {processor.py:153} INFO - Started process (PID=4482) to work on /root/Documents/airflowalu/venv/lib/python3.9/site-packages/airflow/example_dags/example_time_delta_sensor_async.py
[2025-05-02 16:55:51,367] {processor.py:641} INFO - Processing file /root/Documents/airflowalu/venv/lib/python3.9/site-packages/airflow/example_dags/example_time_delta_sensor_async.py for tasks to queue
[2025-05-02 16:55:51,367] {logging_mixin.py:115} INFO - [2025-05-02 16:55:51,367] {dagbag.py:507} INFO - Filling up the DagBag from /root/Documents/airflowalu/venv/lib/python3.9/site-packages/airflow/example_dags/example_time_delta_sensor_async.py
[2025-05-02 16:55:51,370] {processor.py:651} INFO - DAG(s) dict_keys(['example_time_delta_sensor_async']) retrieved from /root/Documents/airflowalu/venv/lib/python3.9/site-packages/airflow/example_dags/example_time_delta_sensor_async.py
[2025-05-02 16:55:51,383] {logging_mixin.py:115} INFO - [2025-05-02 16:55:51,383] {dag.py:2379} INFO - Sync 1 DAGs
[2025-05-02 16:55:51,399] {logging_mixin.py:115} INFO - [2025-05-02 16:55:51,399] {dag.py:2927} INFO - Setting next_dagrun for example_time_delta_sensor_async to None, run_after=None
[2025-05-02 16:55:51,413] {processor.py:161} INFO - Processing /root/Documents/airflowalu/venv/lib/python3.9/site-packages/airflow/example_dags/example_time_delta_sensor_async.py took 0.049 seconds
[2025-05-02 16:56:23,652] {processor.py:153} INFO - Started process (PID=4615) to work on /root/Documents/airflowalu/venv/lib/python3.9/site-packages/airflow/example_dags/example_time_delta_sensor_async.py
[2025-05-02 16:56:23,652] {processor.py:641} INFO - Processing file /root/Documents/airflowalu/venv/lib/python3.9/site-packages/airflow/example_dags/example_time_delta_sensor_async.py for tasks to queue
[2025-05-02 16:56:23,653] {logging_mixin.py:115} INFO - [2025-05-02 16:56:23,653] {dagbag.py:507} INFO - Filling up the DagBag from /root/Documents/airflowalu/venv/lib/python3.9/site-packages/airflow/example_dags/example_time_delta_sensor_async.py
[2025-05-02 16:56:23,655] {processor.py:651} INFO - DAG(s) dict_keys(['example_time_delta_sensor_async']) retrieved from /root/Documents/airflowalu/venv/lib/python3.9/site-packages/airflow/example_dags/example_time_delta_sensor_async.py
[2025-05-02 16:56:23,666] {logging_mixin.py:115} INFO - [2025-05-02 16:56:23,666] {dag.py:2379} INFO - Sync 1 DAGs
[2025-05-02 16:56:23,676] {logging_mixin.py:115} INFO - [2025-05-02 16:56:23,676] {dag.py:2927} INFO - Setting next_dagrun for example_time_delta_sensor_async to None, run_after=None
[2025-05-02 16:56:23,686] {processor.py:161} INFO - Processing /root/Documents/airflowalu/venv/lib/python3.9/site-packages/airflow/example_dags/example_time_delta_sensor_async.py took 0.036 seconds
[2025-05-02 16:56:55,755] {processor.py:153} INFO - Started process (PID=4753) to work on /root/Documents/airflowalu/venv/lib/python3.9/site-packages/airflow/example_dags/example_time_delta_sensor_async.py
[2025-05-02 16:56:55,755] {processor.py:641} INFO - Processing file /root/Documents/airflowalu/venv/lib/python3.9/site-packages/airflow/example_dags/example_time_delta_sensor_async.py for tasks to queue
[2025-05-02 16:56:55,756] {logging_mixin.py:115} INFO - [2025-05-02 16:56:55,756] {dagbag.py:507} INFO - Filling up the DagBag from /root/Documents/airflowalu/venv/lib/python3.9/site-packages/airflow/example_dags/example_time_delta_sensor_async.py
[2025-05-02 16:56:55,759] {processor.py:651} INFO - DAG(s) dict_keys(['example_time_delta_sensor_async']) retrieved from /root/Documents/airflowalu/venv/lib/python3.9/site-packages/airflow/example_dags/example_time_delta_sensor_async.py
[2025-05-02 16:56:55,770] {logging_mixin.py:115} INFO - [2025-05-02 16:56:55,770] {dag.py:2379} INFO - Sync 1 DAGs
[2025-05-02 16:56:55,779] {logging_mixin.py:115} INFO - [2025-05-02 16:56:55,779] {dag.py:2927} INFO - Setting next_dagrun for example_time_delta_sensor_async to None, run_after=None
[2025-05-02 16:56:55,789] {processor.py:161} INFO - Processing /root/Documents/airflowalu/venv/lib/python3.9/site-packages/airflow/example_dags/example_time_delta_sensor_async.py took 0.036 seconds
[2025-05-02 16:57:27,392] {processor.py:153} INFO - Started process (PID=4889) to work on /root/Documents/airflowalu/venv/lib/python3.9/site-packages/airflow/example_dags/example_time_delta_sensor_async.py
[2025-05-02 16:57:27,392] {processor.py:641} INFO - Processing file /root/Documents/airflowalu/venv/lib/python3.9/site-packages/airflow/example_dags/example_time_delta_sensor_async.py for tasks to queue
[2025-05-02 16:57:27,393] {logging_mixin.py:115} INFO - [2025-05-02 16:57:27,393] {dagbag.py:507} INFO - Filling up the DagBag from /root/Documents/airflowalu/venv/lib/python3.9/site-packages/airflow/example_dags/example_time_delta_sensor_async.py
[2025-05-02 16:57:27,395] {processor.py:651} INFO - DAG(s) dict_keys(['example_time_delta_sensor_async']) retrieved from /root/Documents/airflowalu/venv/lib/python3.9/site-packages/airflow/example_dags/example_time_delta_sensor_async.py
[2025-05-02 16:57:27,416] {logging_mixin.py:115} INFO - [2025-05-02 16:57:27,416] {dag.py:2379} INFO - Sync 1 DAGs
[2025-05-02 16:57:27,426] {logging_mixin.py:115} INFO - [2025-05-02 16:57:27,426] {dag.py:2927} INFO - Setting next_dagrun for example_time_delta_sensor_async to None, run_after=None
[2025-05-02 16:57:27,436] {processor.py:161} INFO - Processing /root/Documents/airflowalu/venv/lib/python3.9/site-packages/airflow/example_dags/example_time_delta_sensor_async.py took 0.046 seconds
[2025-05-02 16:57:58,177] {processor.py:153} INFO - Started process (PID=5020) to work on /root/Documents/airflowalu/venv/lib/python3.9/site-packages/airflow/example_dags/example_time_delta_sensor_async.py
[2025-05-02 16:57:58,177] {processor.py:641} INFO - Processing file /root/Documents/airflowalu/venv/lib/python3.9/site-packages/airflow/example_dags/example_time_delta_sensor_async.py for tasks to queue
[2025-05-02 16:57:58,178] {logging_mixin.py:115} INFO - [2025-05-02 16:57:58,178] {dagbag.py:507} INFO - Filling up the DagBag from /root/Documents/airflowalu/venv/lib/python3.9/site-packages/airflow/example_dags/example_time_delta_sensor_async.py
[2025-05-02 16:57:58,181] {processor.py:651} INFO - DAG(s) dict_keys(['example_time_delta_sensor_async']) retrieved from /root/Documents/airflowalu/venv/lib/python3.9/site-packages/airflow/example_dags/example_time_delta_sensor_async.py
[2025-05-02 16:57:58,191] {logging_mixin.py:115} INFO - [2025-05-02 16:57:58,191] {dag.py:2379} INFO - Sync 1 DAGs
[2025-05-02 16:57:58,201] {logging_mixin.py:115} INFO - [2025-05-02 16:57:58,201] {dag.py:2927} INFO - Setting next_dagrun for example_time_delta_sensor_async to None, run_after=None
[2025-05-02 16:57:58,210] {processor.py:161} INFO - Processing /root/Documents/airflowalu/venv/lib/python3.9/site-packages/airflow/example_dags/example_time_delta_sensor_async.py took 0.035 seconds
[2025-05-02 16:58:30,979] {processor.py:153} INFO - Started process (PID=5162) to work on /root/Documents/airflowalu/venv/lib/python3.9/site-packages/airflow/example_dags/example_time_delta_sensor_async.py
[2025-05-02 16:58:30,979] {processor.py:641} INFO - Processing file /root/Documents/airflowalu/venv/lib/python3.9/site-packages/airflow/example_dags/example_time_delta_sensor_async.py for tasks to queue
[2025-05-02 16:58:30,980] {logging_mixin.py:115} INFO - [2025-05-02 16:58:30,980] {dagbag.py:507} INFO - Filling up the DagBag from /root/Documents/airflowalu/venv/lib/python3.9/site-packages/airflow/example_dags/example_time_delta_sensor_async.py
[2025-05-02 16:58:30,982] {processor.py:651} INFO - DAG(s) dict_keys(['example_time_delta_sensor_async']) retrieved from /root/Documents/airflowalu/venv/lib/python3.9/site-packages/airflow/example_dags/example_time_delta_sensor_async.py
[2025-05-02 16:58:30,994] {logging_mixin.py:115} INFO - [2025-05-02 16:58:30,993] {dag.py:2379} INFO - Sync 1 DAGs
[2025-05-02 16:58:31,004] {logging_mixin.py:115} INFO - [2025-05-02 16:58:31,003] {dag.py:2927} INFO - Setting next_dagrun for example_time_delta_sensor_async to None, run_after=None
[2025-05-02 16:58:31,013] {processor.py:161} INFO - Processing /root/Documents/airflowalu/venv/lib/python3.9/site-packages/airflow/example_dags/example_time_delta_sensor_async.py took 0.036 seconds
[2025-05-02 16:59:04,404] {processor.py:153} INFO - Started process (PID=5301) to work on /root/Documents/airflowalu/venv/lib/python3.9/site-packages/airflow/example_dags/example_time_delta_sensor_async.py
[2025-05-02 16:59:04,404] {processor.py:641} INFO - Processing file /root/Documents/airflowalu/venv/lib/python3.9/site-packages/airflow/example_dags/example_time_delta_sensor_async.py for tasks to queue
[2025-05-02 16:59:04,405] {logging_mixin.py:115} INFO - [2025-05-02 16:59:04,405] {dagbag.py:507} INFO - Filling up the DagBag from /root/Documents/airflowalu/venv/lib/python3.9/site-packages/airflow/example_dags/example_time_delta_sensor_async.py
[2025-05-02 16:59:04,407] {processor.py:651} INFO - DAG(s) dict_keys(['example_time_delta_sensor_async']) retrieved from /root/Documents/airflowalu/venv/lib/python3.9/site-packages/airflow/example_dags/example_time_delta_sensor_async.py
[2025-05-02 16:59:04,418] {logging_mixin.py:115} INFO - [2025-05-02 16:59:04,418] {dag.py:2379} INFO - Sync 1 DAGs
[2025-05-02 16:59:04,429] {logging_mixin.py:115} INFO - [2025-05-02 16:59:04,429] {dag.py:2927} INFO - Setting next_dagrun for example_time_delta_sensor_async to None, run_after=None
[2025-05-02 16:59:04,439] {processor.py:161} INFO - Processing /root/Documents/airflowalu/venv/lib/python3.9/site-packages/airflow/example_dags/example_time_delta_sensor_async.py took 0.037 seconds
[2025-05-02 16:59:36,996] {processor.py:153} INFO - Started process (PID=5438) to work on /root/Documents/airflowalu/venv/lib/python3.9/site-packages/airflow/example_dags/example_time_delta_sensor_async.py
[2025-05-02 16:59:36,996] {processor.py:641} INFO - Processing file /root/Documents/airflowalu/venv/lib/python3.9/site-packages/airflow/example_dags/example_time_delta_sensor_async.py for tasks to queue
[2025-05-02 16:59:36,997] {logging_mixin.py:115} INFO - [2025-05-02 16:59:36,996] {dagbag.py:507} INFO - Filling up the DagBag from /root/Documents/airflowalu/venv/lib/python3.9/site-packages/airflow/example_dags/example_time_delta_sensor_async.py
[2025-05-02 16:59:36,999] {processor.py:651} INFO - DAG(s) dict_keys(['example_time_delta_sensor_async']) retrieved from /root/Documents/airflowalu/venv/lib/python3.9/site-packages/airflow/example_dags/example_time_delta_sensor_async.py
[2025-05-02 16:59:37,013] {logging_mixin.py:115} INFO - [2025-05-02 16:59:37,013] {dag.py:2379} INFO - Sync 1 DAGs
[2025-05-02 16:59:37,024] {logging_mixin.py:115} INFO - [2025-05-02 16:59:37,024] {dag.py:2927} INFO - Setting next_dagrun for example_time_delta_sensor_async to None, run_after=None
[2025-05-02 16:59:37,034] {processor.py:161} INFO - Processing /root/Documents/airflowalu/venv/lib/python3.9/site-packages/airflow/example_dags/example_time_delta_sensor_async.py took 0.040 seconds
[2025-05-02 17:00:08,219] {processor.py:153} INFO - Started process (PID=5571) to work on /root/Documents/airflowalu/venv/lib/python3.9/site-packages/airflow/example_dags/example_time_delta_sensor_async.py
[2025-05-02 17:00:08,220] {processor.py:641} INFO - Processing file /root/Documents/airflowalu/venv/lib/python3.9/site-packages/airflow/example_dags/example_time_delta_sensor_async.py for tasks to queue
[2025-05-02 17:00:08,220] {logging_mixin.py:115} INFO - [2025-05-02 17:00:08,220] {dagbag.py:507} INFO - Filling up the DagBag from /root/Documents/airflowalu/venv/lib/python3.9/site-packages/airflow/example_dags/example_time_delta_sensor_async.py
[2025-05-02 17:00:08,223] {processor.py:651} INFO - DAG(s) dict_keys(['example_time_delta_sensor_async']) retrieved from /root/Documents/airflowalu/venv/lib/python3.9/site-packages/airflow/example_dags/example_time_delta_sensor_async.py
[2025-05-02 17:00:08,234] {logging_mixin.py:115} INFO - [2025-05-02 17:00:08,234] {dag.py:2379} INFO - Sync 1 DAGs
[2025-05-02 17:00:08,245] {logging_mixin.py:115} INFO - [2025-05-02 17:00:08,245] {dag.py:2927} INFO - Setting next_dagrun for example_time_delta_sensor_async to None, run_after=None
[2025-05-02 17:00:08,256] {processor.py:161} INFO - Processing /root/Documents/airflowalu/venv/lib/python3.9/site-packages/airflow/example_dags/example_time_delta_sensor_async.py took 0.038 seconds
[2025-05-02 17:00:40,913] {processor.py:153} INFO - Started process (PID=5709) to work on /root/Documents/airflowalu/venv/lib/python3.9/site-packages/airflow/example_dags/example_time_delta_sensor_async.py
[2025-05-02 17:00:40,914] {processor.py:641} INFO - Processing file /root/Documents/airflowalu/venv/lib/python3.9/site-packages/airflow/example_dags/example_time_delta_sensor_async.py for tasks to queue
[2025-05-02 17:00:40,914] {logging_mixin.py:115} INFO - [2025-05-02 17:00:40,914] {dagbag.py:507} INFO - Filling up the DagBag from /root/Documents/airflowalu/venv/lib/python3.9/site-packages/airflow/example_dags/example_time_delta_sensor_async.py
[2025-05-02 17:00:40,917] {processor.py:651} INFO - DAG(s) dict_keys(['example_time_delta_sensor_async']) retrieved from /root/Documents/airflowalu/venv/lib/python3.9/site-packages/airflow/example_dags/example_time_delta_sensor_async.py
[2025-05-02 17:00:40,928] {logging_mixin.py:115} INFO - [2025-05-02 17:00:40,928] {dag.py:2379} INFO - Sync 1 DAGs
[2025-05-02 17:00:40,938] {logging_mixin.py:115} INFO - [2025-05-02 17:00:40,938] {dag.py:2927} INFO - Setting next_dagrun for example_time_delta_sensor_async to None, run_after=None
[2025-05-02 17:00:40,948] {processor.py:161} INFO - Processing /root/Documents/airflowalu/venv/lib/python3.9/site-packages/airflow/example_dags/example_time_delta_sensor_async.py took 0.036 seconds
[2025-05-02 17:01:14,051] {processor.py:153} INFO - Started process (PID=5849) to work on /root/Documents/airflowalu/venv/lib/python3.9/site-packages/airflow/example_dags/example_time_delta_sensor_async.py
[2025-05-02 17:01:14,052] {processor.py:641} INFO - Processing file /root/Documents/airflowalu/venv/lib/python3.9/site-packages/airflow/example_dags/example_time_delta_sensor_async.py for tasks to queue
[2025-05-02 17:01:14,052] {logging_mixin.py:115} INFO - [2025-05-02 17:01:14,052] {dagbag.py:507} INFO - Filling up the DagBag from /root/Documents/airflowalu/venv/lib/python3.9/site-packages/airflow/example_dags/example_time_delta_sensor_async.py
[2025-05-02 17:01:14,054] {processor.py:651} INFO - DAG(s) dict_keys(['example_time_delta_sensor_async']) retrieved from /root/Documents/airflowalu/venv/lib/python3.9/site-packages/airflow/example_dags/example_time_delta_sensor_async.py
[2025-05-02 17:01:14,065] {logging_mixin.py:115} INFO - [2025-05-02 17:01:14,065] {dag.py:2379} INFO - Sync 1 DAGs
[2025-05-02 17:01:14,076] {logging_mixin.py:115} INFO - [2025-05-02 17:01:14,076] {dag.py:2927} INFO - Setting next_dagrun for example_time_delta_sensor_async to None, run_after=None
[2025-05-02 17:01:14,086] {processor.py:161} INFO - Processing /root/Documents/airflowalu/venv/lib/python3.9/site-packages/airflow/example_dags/example_time_delta_sensor_async.py took 0.036 seconds
[2025-05-02 17:01:45,861] {processor.py:153} INFO - Started process (PID=5983) to work on /root/Documents/airflowalu/venv/lib/python3.9/site-packages/airflow/example_dags/example_time_delta_sensor_async.py
[2025-05-02 17:01:45,862] {processor.py:641} INFO - Processing file /root/Documents/airflowalu/venv/lib/python3.9/site-packages/airflow/example_dags/example_time_delta_sensor_async.py for tasks to queue
[2025-05-02 17:01:45,862] {logging_mixin.py:115} INFO - [2025-05-02 17:01:45,862] {dagbag.py:507} INFO - Filling up the DagBag from /root/Documents/airflowalu/venv/lib/python3.9/site-packages/airflow/example_dags/example_time_delta_sensor_async.py
[2025-05-02 17:01:45,865] {processor.py:651} INFO - DAG(s) dict_keys(['example_time_delta_sensor_async']) retrieved from /root/Documents/airflowalu/venv/lib/python3.9/site-packages/airflow/example_dags/example_time_delta_sensor_async.py
[2025-05-02 17:01:45,876] {logging_mixin.py:115} INFO - [2025-05-02 17:01:45,875] {dag.py:2379} INFO - Sync 1 DAGs
[2025-05-02 17:01:45,885] {logging_mixin.py:115} INFO - [2025-05-02 17:01:45,885] {dag.py:2927} INFO - Setting next_dagrun for example_time_delta_sensor_async to None, run_after=None
[2025-05-02 17:01:45,896] {processor.py:161} INFO - Processing /root/Documents/airflowalu/venv/lib/python3.9/site-packages/airflow/example_dags/example_time_delta_sensor_async.py took 0.036 seconds
[2025-05-02 17:02:16,915] {processor.py:153} INFO - Started process (PID=6116) to work on /root/Documents/airflowalu/venv/lib/python3.9/site-packages/airflow/example_dags/example_time_delta_sensor_async.py
[2025-05-02 17:02:16,915] {processor.py:641} INFO - Processing file /root/Documents/airflowalu/venv/lib/python3.9/site-packages/airflow/example_dags/example_time_delta_sensor_async.py for tasks to queue
[2025-05-02 17:02:16,916] {logging_mixin.py:115} INFO - [2025-05-02 17:02:16,916] {dagbag.py:507} INFO - Filling up the DagBag from /root/Documents/airflowalu/venv/lib/python3.9/site-packages/airflow/example_dags/example_time_delta_sensor_async.py
[2025-05-02 17:02:16,919] {processor.py:651} INFO - DAG(s) dict_keys(['example_time_delta_sensor_async']) retrieved from /root/Documents/airflowalu/venv/lib/python3.9/site-packages/airflow/example_dags/example_time_delta_sensor_async.py
[2025-05-02 17:02:16,936] {logging_mixin.py:115} INFO - [2025-05-02 17:02:16,936] {dag.py:2379} INFO - Sync 1 DAGs
[2025-05-02 17:02:16,948] {logging_mixin.py:115} INFO - [2025-05-02 17:02:16,948] {dag.py:2927} INFO - Setting next_dagrun for example_time_delta_sensor_async to None, run_after=None
[2025-05-02 17:02:16,958] {processor.py:161} INFO - Processing /root/Documents/airflowalu/venv/lib/python3.9/site-packages/airflow/example_dags/example_time_delta_sensor_async.py took 0.045 seconds
[2025-05-02 17:02:50,108] {processor.py:153} INFO - Started process (PID=6253) to work on /root/Documents/airflowalu/venv/lib/python3.9/site-packages/airflow/example_dags/example_time_delta_sensor_async.py
[2025-05-02 17:02:50,108] {processor.py:641} INFO - Processing file /root/Documents/airflowalu/venv/lib/python3.9/site-packages/airflow/example_dags/example_time_delta_sensor_async.py for tasks to queue
[2025-05-02 17:02:50,109] {logging_mixin.py:115} INFO - [2025-05-02 17:02:50,109] {dagbag.py:507} INFO - Filling up the DagBag from /root/Documents/airflowalu/venv/lib/python3.9/site-packages/airflow/example_dags/example_time_delta_sensor_async.py
[2025-05-02 17:02:50,112] {processor.py:651} INFO - DAG(s) dict_keys(['example_time_delta_sensor_async']) retrieved from /root/Documents/airflowalu/venv/lib/python3.9/site-packages/airflow/example_dags/example_time_delta_sensor_async.py
[2025-05-02 17:02:50,124] {logging_mixin.py:115} INFO - [2025-05-02 17:02:50,124] {dag.py:2379} INFO - Sync 1 DAGs
[2025-05-02 17:02:50,135] {logging_mixin.py:115} INFO - [2025-05-02 17:02:50,135] {dag.py:2927} INFO - Setting next_dagrun for example_time_delta_sensor_async to None, run_after=None
[2025-05-02 17:02:50,145] {processor.py:161} INFO - Processing /root/Documents/airflowalu/venv/lib/python3.9/site-packages/airflow/example_dags/example_time_delta_sensor_async.py took 0.039 seconds
[2025-05-02 17:03:21,649] {processor.py:153} INFO - Started process (PID=6397) to work on /root/Documents/airflowalu/venv/lib/python3.9/site-packages/airflow/example_dags/example_time_delta_sensor_async.py
[2025-05-02 17:03:21,650] {processor.py:641} INFO - Processing file /root/Documents/airflowalu/venv/lib/python3.9/site-packages/airflow/example_dags/example_time_delta_sensor_async.py for tasks to queue
[2025-05-02 17:03:21,650] {logging_mixin.py:115} INFO - [2025-05-02 17:03:21,650] {dagbag.py:507} INFO - Filling up the DagBag from /root/Documents/airflowalu/venv/lib/python3.9/site-packages/airflow/example_dags/example_time_delta_sensor_async.py
[2025-05-02 17:03:21,653] {processor.py:651} INFO - DAG(s) dict_keys(['example_time_delta_sensor_async']) retrieved from /root/Documents/airflowalu/venv/lib/python3.9/site-packages/airflow/example_dags/example_time_delta_sensor_async.py
[2025-05-02 17:03:21,665] {logging_mixin.py:115} INFO - [2025-05-02 17:03:21,665] {dag.py:2379} INFO - Sync 1 DAGs
[2025-05-02 17:03:21,675] {logging_mixin.py:115} INFO - [2025-05-02 17:03:21,675] {dag.py:2927} INFO - Setting next_dagrun for example_time_delta_sensor_async to None, run_after=None
[2025-05-02 17:03:21,687] {processor.py:161} INFO - Processing /root/Documents/airflowalu/venv/lib/python3.9/site-packages/airflow/example_dags/example_time_delta_sensor_async.py took 0.040 seconds
[2025-05-02 17:03:52,364] {processor.py:153} INFO - Started process (PID=6530) to work on /root/Documents/airflowalu/venv/lib/python3.9/site-packages/airflow/example_dags/example_time_delta_sensor_async.py
[2025-05-02 17:03:52,365] {processor.py:641} INFO - Processing file /root/Documents/airflowalu/venv/lib/python3.9/site-packages/airflow/example_dags/example_time_delta_sensor_async.py for tasks to queue
[2025-05-02 17:03:52,365] {logging_mixin.py:115} INFO - [2025-05-02 17:03:52,365] {dagbag.py:507} INFO - Filling up the DagBag from /root/Documents/airflowalu/venv/lib/python3.9/site-packages/airflow/example_dags/example_time_delta_sensor_async.py
[2025-05-02 17:03:52,369] {processor.py:651} INFO - DAG(s) dict_keys(['example_time_delta_sensor_async']) retrieved from /root/Documents/airflowalu/venv/lib/python3.9/site-packages/airflow/example_dags/example_time_delta_sensor_async.py
[2025-05-02 17:03:52,380] {logging_mixin.py:115} INFO - [2025-05-02 17:03:52,380] {dag.py:2379} INFO - Sync 1 DAGs
[2025-05-02 17:03:52,391] {logging_mixin.py:115} INFO - [2025-05-02 17:03:52,391] {dag.py:2927} INFO - Setting next_dagrun for example_time_delta_sensor_async to None, run_after=None
[2025-05-02 17:03:52,401] {processor.py:161} INFO - Processing /root/Documents/airflowalu/venv/lib/python3.9/site-packages/airflow/example_dags/example_time_delta_sensor_async.py took 0.038 seconds
[2025-05-02 17:04:28,216] {processor.py:153} INFO - Started process (PID=6685) to work on /root/Documents/airflowalu/venv/lib/python3.9/site-packages/airflow/example_dags/example_time_delta_sensor_async.py
[2025-05-02 17:04:28,217] {processor.py:641} INFO - Processing file /root/Documents/airflowalu/venv/lib/python3.9/site-packages/airflow/example_dags/example_time_delta_sensor_async.py for tasks to queue
[2025-05-02 17:04:28,217] {logging_mixin.py:115} INFO - [2025-05-02 17:04:28,217] {dagbag.py:507} INFO - Filling up the DagBag from /root/Documents/airflowalu/venv/lib/python3.9/site-packages/airflow/example_dags/example_time_delta_sensor_async.py
[2025-05-02 17:04:28,220] {processor.py:651} INFO - DAG(s) dict_keys(['example_time_delta_sensor_async']) retrieved from /root/Documents/airflowalu/venv/lib/python3.9/site-packages/airflow/example_dags/example_time_delta_sensor_async.py
[2025-05-02 17:04:28,232] {logging_mixin.py:115} INFO - [2025-05-02 17:04:28,232] {dag.py:2379} INFO - Sync 1 DAGs
[2025-05-02 17:04:28,243] {logging_mixin.py:115} INFO - [2025-05-02 17:04:28,243] {dag.py:2927} INFO - Setting next_dagrun for example_time_delta_sensor_async to None, run_after=None
[2025-05-02 17:04:28,254] {processor.py:161} INFO - Processing /root/Documents/airflowalu/venv/lib/python3.9/site-packages/airflow/example_dags/example_time_delta_sensor_async.py took 0.039 seconds
[2025-05-02 17:04:59,031] {processor.py:153} INFO - Started process (PID=6818) to work on /root/Documents/airflowalu/venv/lib/python3.9/site-packages/airflow/example_dags/example_time_delta_sensor_async.py
[2025-05-02 17:04:59,031] {processor.py:641} INFO - Processing file /root/Documents/airflowalu/venv/lib/python3.9/site-packages/airflow/example_dags/example_time_delta_sensor_async.py for tasks to queue
[2025-05-02 17:04:59,032] {logging_mixin.py:115} INFO - [2025-05-02 17:04:59,032] {dagbag.py:507} INFO - Filling up the DagBag from /root/Documents/airflowalu/venv/lib/python3.9/site-packages/airflow/example_dags/example_time_delta_sensor_async.py
[2025-05-02 17:04:59,035] {processor.py:651} INFO - DAG(s) dict_keys(['example_time_delta_sensor_async']) retrieved from /root/Documents/airflowalu/venv/lib/python3.9/site-packages/airflow/example_dags/example_time_delta_sensor_async.py
[2025-05-02 17:04:59,047] {logging_mixin.py:115} INFO - [2025-05-02 17:04:59,047] {dag.py:2379} INFO - Sync 1 DAGs
[2025-05-02 17:04:59,059] {logging_mixin.py:115} INFO - [2025-05-02 17:04:59,059] {dag.py:2927} INFO - Setting next_dagrun for example_time_delta_sensor_async to None, run_after=None
[2025-05-02 17:04:59,072] {processor.py:161} INFO - Processing /root/Documents/airflowalu/venv/lib/python3.9/site-packages/airflow/example_dags/example_time_delta_sensor_async.py took 0.043 seconds
[2025-05-02 17:05:32,318] {processor.py:153} INFO - Started process (PID=6958) to work on /root/Documents/airflowalu/venv/lib/python3.9/site-packages/airflow/example_dags/example_time_delta_sensor_async.py
[2025-05-02 17:05:32,319] {processor.py:641} INFO - Processing file /root/Documents/airflowalu/venv/lib/python3.9/site-packages/airflow/example_dags/example_time_delta_sensor_async.py for tasks to queue
[2025-05-02 17:05:32,319] {logging_mixin.py:115} INFO - [2025-05-02 17:05:32,319] {dagbag.py:507} INFO - Filling up the DagBag from /root/Documents/airflowalu/venv/lib/python3.9/site-packages/airflow/example_dags/example_time_delta_sensor_async.py
[2025-05-02 17:05:32,322] {processor.py:651} INFO - DAG(s) dict_keys(['example_time_delta_sensor_async']) retrieved from /root/Documents/airflowalu/venv/lib/python3.9/site-packages/airflow/example_dags/example_time_delta_sensor_async.py
[2025-05-02 17:05:32,334] {logging_mixin.py:115} INFO - [2025-05-02 17:05:32,334] {dag.py:2379} INFO - Sync 1 DAGs
[2025-05-02 17:05:32,344] {logging_mixin.py:115} INFO - [2025-05-02 17:05:32,344] {dag.py:2927} INFO - Setting next_dagrun for example_time_delta_sensor_async to None, run_after=None
[2025-05-02 17:05:32,355] {processor.py:161} INFO - Processing /root/Documents/airflowalu/venv/lib/python3.9/site-packages/airflow/example_dags/example_time_delta_sensor_async.py took 0.038 seconds
[2025-05-02 17:06:03,837] {processor.py:153} INFO - Started process (PID=7093) to work on /root/Documents/airflowalu/venv/lib/python3.9/site-packages/airflow/example_dags/example_time_delta_sensor_async.py
[2025-05-02 17:06:03,838] {processor.py:641} INFO - Processing file /root/Documents/airflowalu/venv/lib/python3.9/site-packages/airflow/example_dags/example_time_delta_sensor_async.py for tasks to queue
[2025-05-02 17:06:03,838] {logging_mixin.py:115} INFO - [2025-05-02 17:06:03,838] {dagbag.py:507} INFO - Filling up the DagBag from /root/Documents/airflowalu/venv/lib/python3.9/site-packages/airflow/example_dags/example_time_delta_sensor_async.py
[2025-05-02 17:06:03,841] {processor.py:651} INFO - DAG(s) dict_keys(['example_time_delta_sensor_async']) retrieved from /root/Documents/airflowalu/venv/lib/python3.9/site-packages/airflow/example_dags/example_time_delta_sensor_async.py
[2025-05-02 17:06:03,853] {logging_mixin.py:115} INFO - [2025-05-02 17:06:03,853] {dag.py:2379} INFO - Sync 1 DAGs
[2025-05-02 17:06:03,863] {logging_mixin.py:115} INFO - [2025-05-02 17:06:03,863] {dag.py:2927} INFO - Setting next_dagrun for example_time_delta_sensor_async to None, run_after=None
[2025-05-02 17:06:03,874] {processor.py:161} INFO - Processing /root/Documents/airflowalu/venv/lib/python3.9/site-packages/airflow/example_dags/example_time_delta_sensor_async.py took 0.039 seconds
[2025-05-02 17:06:35,053] {processor.py:153} INFO - Started process (PID=7224) to work on /root/Documents/airflowalu/venv/lib/python3.9/site-packages/airflow/example_dags/example_time_delta_sensor_async.py
[2025-05-02 17:06:35,054] {processor.py:641} INFO - Processing file /root/Documents/airflowalu/venv/lib/python3.9/site-packages/airflow/example_dags/example_time_delta_sensor_async.py for tasks to queue
[2025-05-02 17:06:35,055] {logging_mixin.py:115} INFO - [2025-05-02 17:06:35,054] {dagbag.py:507} INFO - Filling up the DagBag from /root/Documents/airflowalu/venv/lib/python3.9/site-packages/airflow/example_dags/example_time_delta_sensor_async.py
[2025-05-02 17:06:35,058] {processor.py:651} INFO - DAG(s) dict_keys(['example_time_delta_sensor_async']) retrieved from /root/Documents/airflowalu/venv/lib/python3.9/site-packages/airflow/example_dags/example_time_delta_sensor_async.py
[2025-05-02 17:06:35,069] {logging_mixin.py:115} INFO - [2025-05-02 17:06:35,069] {dag.py:2379} INFO - Sync 1 DAGs
[2025-05-02 17:06:35,079] {logging_mixin.py:115} INFO - [2025-05-02 17:06:35,079] {dag.py:2927} INFO - Setting next_dagrun for example_time_delta_sensor_async to None, run_after=None
[2025-05-02 17:06:35,090] {processor.py:161} INFO - Processing /root/Documents/airflowalu/venv/lib/python3.9/site-packages/airflow/example_dags/example_time_delta_sensor_async.py took 0.038 seconds
[2025-05-02 17:07:07,112] {processor.py:153} INFO - Started process (PID=7359) to work on /root/Documents/airflowalu/venv/lib/python3.9/site-packages/airflow/example_dags/example_time_delta_sensor_async.py
[2025-05-02 17:07:07,113] {processor.py:641} INFO - Processing file /root/Documents/airflowalu/venv/lib/python3.9/site-packages/airflow/example_dags/example_time_delta_sensor_async.py for tasks to queue
[2025-05-02 17:07:07,113] {logging_mixin.py:115} INFO - [2025-05-02 17:07:07,113] {dagbag.py:507} INFO - Filling up the DagBag from /root/Documents/airflowalu/venv/lib/python3.9/site-packages/airflow/example_dags/example_time_delta_sensor_async.py
[2025-05-02 17:07:07,116] {processor.py:651} INFO - DAG(s) dict_keys(['example_time_delta_sensor_async']) retrieved from /root/Documents/airflowalu/venv/lib/python3.9/site-packages/airflow/example_dags/example_time_delta_sensor_async.py
[2025-05-02 17:07:07,128] {logging_mixin.py:115} INFO - [2025-05-02 17:07:07,128] {dag.py:2379} INFO - Sync 1 DAGs
[2025-05-02 17:07:07,139] {logging_mixin.py:115} INFO - [2025-05-02 17:07:07,138] {dag.py:2927} INFO - Setting next_dagrun for example_time_delta_sensor_async to None, run_after=None
[2025-05-02 17:07:07,151] {processor.py:161} INFO - Processing /root/Documents/airflowalu/venv/lib/python3.9/site-packages/airflow/example_dags/example_time_delta_sensor_async.py took 0.040 seconds
[2025-05-02 17:07:39,771] {processor.py:153} INFO - Started process (PID=7496) to work on /root/Documents/airflowalu/venv/lib/python3.9/site-packages/airflow/example_dags/example_time_delta_sensor_async.py
[2025-05-02 17:07:39,772] {processor.py:641} INFO - Processing file /root/Documents/airflowalu/venv/lib/python3.9/site-packages/airflow/example_dags/example_time_delta_sensor_async.py for tasks to queue
[2025-05-02 17:07:39,772] {logging_mixin.py:115} INFO - [2025-05-02 17:07:39,772] {dagbag.py:507} INFO - Filling up the DagBag from /root/Documents/airflowalu/venv/lib/python3.9/site-packages/airflow/example_dags/example_time_delta_sensor_async.py
[2025-05-02 17:07:39,775] {processor.py:651} INFO - DAG(s) dict_keys(['example_time_delta_sensor_async']) retrieved from /root/Documents/airflowalu/venv/lib/python3.9/site-packages/airflow/example_dags/example_time_delta_sensor_async.py
[2025-05-02 17:07:39,788] {logging_mixin.py:115} INFO - [2025-05-02 17:07:39,788] {dag.py:2379} INFO - Sync 1 DAGs
[2025-05-02 17:07:39,797] {logging_mixin.py:115} INFO - [2025-05-02 17:07:39,797] {dag.py:2927} INFO - Setting next_dagrun for example_time_delta_sensor_async to None, run_after=None
[2025-05-02 17:07:39,808] {processor.py:161} INFO - Processing /root/Documents/airflowalu/venv/lib/python3.9/site-packages/airflow/example_dags/example_time_delta_sensor_async.py took 0.038 seconds
[2025-05-02 17:08:13,007] {processor.py:153} INFO - Started process (PID=7637) to work on /root/Documents/airflowalu/venv/lib/python3.9/site-packages/airflow/example_dags/example_time_delta_sensor_async.py
[2025-05-02 17:08:13,008] {processor.py:641} INFO - Processing file /root/Documents/airflowalu/venv/lib/python3.9/site-packages/airflow/example_dags/example_time_delta_sensor_async.py for tasks to queue
[2025-05-02 17:08:13,008] {logging_mixin.py:115} INFO - [2025-05-02 17:08:13,008] {dagbag.py:507} INFO - Filling up the DagBag from /root/Documents/airflowalu/venv/lib/python3.9/site-packages/airflow/example_dags/example_time_delta_sensor_async.py
[2025-05-02 17:08:13,013] {processor.py:651} INFO - DAG(s) dict_keys(['example_time_delta_sensor_async']) retrieved from /root/Documents/airflowalu/venv/lib/python3.9/site-packages/airflow/example_dags/example_time_delta_sensor_async.py
[2025-05-02 17:08:13,031] {logging_mixin.py:115} INFO - [2025-05-02 17:08:13,031] {dag.py:2379} INFO - Sync 1 DAGs
[2025-05-02 17:08:13,044] {logging_mixin.py:115} INFO - [2025-05-02 17:08:13,044] {dag.py:2927} INFO - Setting next_dagrun for example_time_delta_sensor_async to None, run_after=None
[2025-05-02 17:08:13,059] {processor.py:161} INFO - Processing /root/Documents/airflowalu/venv/lib/python3.9/site-packages/airflow/example_dags/example_time_delta_sensor_async.py took 0.054 seconds
[2025-05-02 17:08:43,982] {processor.py:153} INFO - Started process (PID=7770) to work on /root/Documents/airflowalu/venv/lib/python3.9/site-packages/airflow/example_dags/example_time_delta_sensor_async.py
[2025-05-02 17:08:43,983] {processor.py:641} INFO - Processing file /root/Documents/airflowalu/venv/lib/python3.9/site-packages/airflow/example_dags/example_time_delta_sensor_async.py for tasks to queue
[2025-05-02 17:08:43,983] {logging_mixin.py:115} INFO - [2025-05-02 17:08:43,983] {dagbag.py:507} INFO - Filling up the DagBag from /root/Documents/airflowalu/venv/lib/python3.9/site-packages/airflow/example_dags/example_time_delta_sensor_async.py
[2025-05-02 17:08:43,989] {processor.py:651} INFO - DAG(s) dict_keys(['example_time_delta_sensor_async']) retrieved from /root/Documents/airflowalu/venv/lib/python3.9/site-packages/airflow/example_dags/example_time_delta_sensor_async.py
[2025-05-02 17:08:44,007] {logging_mixin.py:115} INFO - [2025-05-02 17:08:44,007] {dag.py:2379} INFO - Sync 1 DAGs
[2025-05-02 17:08:44,018] {logging_mixin.py:115} INFO - [2025-05-02 17:08:44,018] {dag.py:2927} INFO - Setting next_dagrun for example_time_delta_sensor_async to None, run_after=None
[2025-05-02 17:08:44,029] {processor.py:161} INFO - Processing /root/Documents/airflowalu/venv/lib/python3.9/site-packages/airflow/example_dags/example_time_delta_sensor_async.py took 0.050 seconds
[2025-05-02 17:09:16,242] {processor.py:153} INFO - Started process (PID=7908) to work on /root/Documents/airflowalu/venv/lib/python3.9/site-packages/airflow/example_dags/example_time_delta_sensor_async.py
[2025-05-02 17:09:16,243] {processor.py:641} INFO - Processing file /root/Documents/airflowalu/venv/lib/python3.9/site-packages/airflow/example_dags/example_time_delta_sensor_async.py for tasks to queue
[2025-05-02 17:09:16,243] {logging_mixin.py:115} INFO - [2025-05-02 17:09:16,243] {dagbag.py:507} INFO - Filling up the DagBag from /root/Documents/airflowalu/venv/lib/python3.9/site-packages/airflow/example_dags/example_time_delta_sensor_async.py
[2025-05-02 17:09:16,246] {processor.py:651} INFO - DAG(s) dict_keys(['example_time_delta_sensor_async']) retrieved from /root/Documents/airflowalu/venv/lib/python3.9/site-packages/airflow/example_dags/example_time_delta_sensor_async.py
[2025-05-02 17:09:16,258] {logging_mixin.py:115} INFO - [2025-05-02 17:09:16,258] {dag.py:2379} INFO - Sync 1 DAGs
[2025-05-02 17:09:16,266] {logging_mixin.py:115} INFO - [2025-05-02 17:09:16,266] {dag.py:2927} INFO - Setting next_dagrun for example_time_delta_sensor_async to None, run_after=None
[2025-05-02 17:09:16,276] {processor.py:161} INFO - Processing /root/Documents/airflowalu/venv/lib/python3.9/site-packages/airflow/example_dags/example_time_delta_sensor_async.py took 0.035 seconds
[2025-05-02 17:09:48,358] {processor.py:153} INFO - Started process (PID=8039) to work on /root/Documents/airflowalu/venv/lib/python3.9/site-packages/airflow/example_dags/example_time_delta_sensor_async.py
[2025-05-02 17:09:48,359] {processor.py:641} INFO - Processing file /root/Documents/airflowalu/venv/lib/python3.9/site-packages/airflow/example_dags/example_time_delta_sensor_async.py for tasks to queue
[2025-05-02 17:09:48,359] {logging_mixin.py:115} INFO - [2025-05-02 17:09:48,359] {dagbag.py:507} INFO - Filling up the DagBag from /root/Documents/airflowalu/venv/lib/python3.9/site-packages/airflow/example_dags/example_time_delta_sensor_async.py
[2025-05-02 17:09:48,362] {processor.py:651} INFO - DAG(s) dict_keys(['example_time_delta_sensor_async']) retrieved from /root/Documents/airflowalu/venv/lib/python3.9/site-packages/airflow/example_dags/example_time_delta_sensor_async.py
[2025-05-02 17:09:48,374] {logging_mixin.py:115} INFO - [2025-05-02 17:09:48,374] {dag.py:2379} INFO - Sync 1 DAGs
[2025-05-02 17:09:48,383] {logging_mixin.py:115} INFO - [2025-05-02 17:09:48,383] {dag.py:2927} INFO - Setting next_dagrun for example_time_delta_sensor_async to None, run_after=None
[2025-05-02 17:09:48,396] {processor.py:161} INFO - Processing /root/Documents/airflowalu/venv/lib/python3.9/site-packages/airflow/example_dags/example_time_delta_sensor_async.py took 0.040 seconds
[2025-05-02 17:10:22,134] {processor.py:153} INFO - Started process (PID=8185) to work on /root/Documents/airflowalu/venv/lib/python3.9/site-packages/airflow/example_dags/example_time_delta_sensor_async.py
[2025-05-02 17:10:22,135] {processor.py:641} INFO - Processing file /root/Documents/airflowalu/venv/lib/python3.9/site-packages/airflow/example_dags/example_time_delta_sensor_async.py for tasks to queue
[2025-05-02 17:10:22,135] {logging_mixin.py:115} INFO - [2025-05-02 17:10:22,135] {dagbag.py:507} INFO - Filling up the DagBag from /root/Documents/airflowalu/venv/lib/python3.9/site-packages/airflow/example_dags/example_time_delta_sensor_async.py
[2025-05-02 17:10:22,138] {processor.py:651} INFO - DAG(s) dict_keys(['example_time_delta_sensor_async']) retrieved from /root/Documents/airflowalu/venv/lib/python3.9/site-packages/airflow/example_dags/example_time_delta_sensor_async.py
[2025-05-02 17:10:22,152] {logging_mixin.py:115} INFO - [2025-05-02 17:10:22,152] {dag.py:2379} INFO - Sync 1 DAGs
[2025-05-02 17:10:22,161] {logging_mixin.py:115} INFO - [2025-05-02 17:10:22,161] {dag.py:2927} INFO - Setting next_dagrun for example_time_delta_sensor_async to None, run_after=None
[2025-05-02 17:10:22,171] {processor.py:161} INFO - Processing /root/Documents/airflowalu/venv/lib/python3.9/site-packages/airflow/example_dags/example_time_delta_sensor_async.py took 0.039 seconds
[2025-05-02 17:10:52,494] {processor.py:153} INFO - Started process (PID=8317) to work on /root/Documents/airflowalu/venv/lib/python3.9/site-packages/airflow/example_dags/example_time_delta_sensor_async.py
[2025-05-02 17:10:52,495] {processor.py:641} INFO - Processing file /root/Documents/airflowalu/venv/lib/python3.9/site-packages/airflow/example_dags/example_time_delta_sensor_async.py for tasks to queue
[2025-05-02 17:10:52,495] {logging_mixin.py:115} INFO - [2025-05-02 17:10:52,495] {dagbag.py:507} INFO - Filling up the DagBag from /root/Documents/airflowalu/venv/lib/python3.9/site-packages/airflow/example_dags/example_time_delta_sensor_async.py
[2025-05-02 17:10:52,498] {processor.py:651} INFO - DAG(s) dict_keys(['example_time_delta_sensor_async']) retrieved from /root/Documents/airflowalu/venv/lib/python3.9/site-packages/airflow/example_dags/example_time_delta_sensor_async.py
[2025-05-02 17:10:52,511] {logging_mixin.py:115} INFO - [2025-05-02 17:10:52,511] {dag.py:2379} INFO - Sync 1 DAGs
[2025-05-02 17:10:52,519] {logging_mixin.py:115} INFO - [2025-05-02 17:10:52,519] {dag.py:2927} INFO - Setting next_dagrun for example_time_delta_sensor_async to None, run_after=None
[2025-05-02 17:10:52,530] {processor.py:161} INFO - Processing /root/Documents/airflowalu/venv/lib/python3.9/site-packages/airflow/example_dags/example_time_delta_sensor_async.py took 0.037 seconds
[2025-05-02 17:11:24,492] {processor.py:153} INFO - Started process (PID=8467) to work on /root/Documents/airflowalu/venv/lib/python3.9/site-packages/airflow/example_dags/example_time_delta_sensor_async.py
[2025-05-02 17:11:24,492] {processor.py:641} INFO - Processing file /root/Documents/airflowalu/venv/lib/python3.9/site-packages/airflow/example_dags/example_time_delta_sensor_async.py for tasks to queue
[2025-05-02 17:11:24,493] {logging_mixin.py:115} INFO - [2025-05-02 17:11:24,493] {dagbag.py:507} INFO - Filling up the DagBag from /root/Documents/airflowalu/venv/lib/python3.9/site-packages/airflow/example_dags/example_time_delta_sensor_async.py
[2025-05-02 17:11:24,496] {processor.py:651} INFO - DAG(s) dict_keys(['example_time_delta_sensor_async']) retrieved from /root/Documents/airflowalu/venv/lib/python3.9/site-packages/airflow/example_dags/example_time_delta_sensor_async.py
[2025-05-02 17:11:24,508] {logging_mixin.py:115} INFO - [2025-05-02 17:11:24,508] {dag.py:2379} INFO - Sync 1 DAGs
[2025-05-02 17:11:24,517] {logging_mixin.py:115} INFO - [2025-05-02 17:11:24,517] {dag.py:2927} INFO - Setting next_dagrun for example_time_delta_sensor_async to None, run_after=None
[2025-05-02 17:11:24,528] {processor.py:161} INFO - Processing /root/Documents/airflowalu/venv/lib/python3.9/site-packages/airflow/example_dags/example_time_delta_sensor_async.py took 0.038 seconds
[2025-05-02 17:11:56,492] {processor.py:153} INFO - Started process (PID=8605) to work on /root/Documents/airflowalu/venv/lib/python3.9/site-packages/airflow/example_dags/example_time_delta_sensor_async.py
[2025-05-02 17:11:56,493] {processor.py:641} INFO - Processing file /root/Documents/airflowalu/venv/lib/python3.9/site-packages/airflow/example_dags/example_time_delta_sensor_async.py for tasks to queue
[2025-05-02 17:11:56,493] {logging_mixin.py:115} INFO - [2025-05-02 17:11:56,493] {dagbag.py:507} INFO - Filling up the DagBag from /root/Documents/airflowalu/venv/lib/python3.9/site-packages/airflow/example_dags/example_time_delta_sensor_async.py
[2025-05-02 17:11:56,496] {processor.py:651} INFO - DAG(s) dict_keys(['example_time_delta_sensor_async']) retrieved from /root/Documents/airflowalu/venv/lib/python3.9/site-packages/airflow/example_dags/example_time_delta_sensor_async.py
[2025-05-02 17:11:56,508] {logging_mixin.py:115} INFO - [2025-05-02 17:11:56,508] {dag.py:2379} INFO - Sync 1 DAGs
[2025-05-02 17:11:56,517] {logging_mixin.py:115} INFO - [2025-05-02 17:11:56,517] {dag.py:2927} INFO - Setting next_dagrun for example_time_delta_sensor_async to None, run_after=None
[2025-05-02 17:11:56,527] {processor.py:161} INFO - Processing /root/Documents/airflowalu/venv/lib/python3.9/site-packages/airflow/example_dags/example_time_delta_sensor_async.py took 0.037 seconds
[2025-05-02 17:12:29,323] {processor.py:153} INFO - Started process (PID=8748) to work on /root/Documents/airflowalu/venv/lib/python3.9/site-packages/airflow/example_dags/example_time_delta_sensor_async.py
[2025-05-02 17:12:29,324] {processor.py:641} INFO - Processing file /root/Documents/airflowalu/venv/lib/python3.9/site-packages/airflow/example_dags/example_time_delta_sensor_async.py for tasks to queue
[2025-05-02 17:12:29,324] {logging_mixin.py:115} INFO - [2025-05-02 17:12:29,324] {dagbag.py:507} INFO - Filling up the DagBag from /root/Documents/airflowalu/venv/lib/python3.9/site-packages/airflow/example_dags/example_time_delta_sensor_async.py
[2025-05-02 17:12:29,327] {processor.py:651} INFO - DAG(s) dict_keys(['example_time_delta_sensor_async']) retrieved from /root/Documents/airflowalu/venv/lib/python3.9/site-packages/airflow/example_dags/example_time_delta_sensor_async.py
[2025-05-02 17:12:29,340] {logging_mixin.py:115} INFO - [2025-05-02 17:12:29,340] {dag.py:2379} INFO - Sync 1 DAGs
[2025-05-02 17:12:29,350] {logging_mixin.py:115} INFO - [2025-05-02 17:12:29,350] {dag.py:2927} INFO - Setting next_dagrun for example_time_delta_sensor_async to None, run_after=None
[2025-05-02 17:12:29,360] {processor.py:161} INFO - Processing /root/Documents/airflowalu/venv/lib/python3.9/site-packages/airflow/example_dags/example_time_delta_sensor_async.py took 0.039 seconds
[2025-05-02 17:12:59,720] {processor.py:153} INFO - Started process (PID=8890) to work on /root/Documents/airflowalu/venv/lib/python3.9/site-packages/airflow/example_dags/example_time_delta_sensor_async.py
[2025-05-02 17:12:59,720] {processor.py:641} INFO - Processing file /root/Documents/airflowalu/venv/lib/python3.9/site-packages/airflow/example_dags/example_time_delta_sensor_async.py for tasks to queue
[2025-05-02 17:12:59,721] {logging_mixin.py:115} INFO - [2025-05-02 17:12:59,721] {dagbag.py:507} INFO - Filling up the DagBag from /root/Documents/airflowalu/venv/lib/python3.9/site-packages/airflow/example_dags/example_time_delta_sensor_async.py
[2025-05-02 17:12:59,723] {processor.py:651} INFO - DAG(s) dict_keys(['example_time_delta_sensor_async']) retrieved from /root/Documents/airflowalu/venv/lib/python3.9/site-packages/airflow/example_dags/example_time_delta_sensor_async.py
[2025-05-02 17:12:59,735] {logging_mixin.py:115} INFO - [2025-05-02 17:12:59,735] {dag.py:2379} INFO - Sync 1 DAGs
[2025-05-02 17:12:59,743] {logging_mixin.py:115} INFO - [2025-05-02 17:12:59,743] {dag.py:2927} INFO - Setting next_dagrun for example_time_delta_sensor_async to None, run_after=None
[2025-05-02 17:12:59,754] {processor.py:161} INFO - Processing /root/Documents/airflowalu/venv/lib/python3.9/site-packages/airflow/example_dags/example_time_delta_sensor_async.py took 0.035 seconds
[2025-05-02 17:13:31,956] {processor.py:153} INFO - Started process (PID=9031) to work on /root/Documents/airflowalu/venv/lib/python3.9/site-packages/airflow/example_dags/example_time_delta_sensor_async.py
[2025-05-02 17:13:31,956] {processor.py:641} INFO - Processing file /root/Documents/airflowalu/venv/lib/python3.9/site-packages/airflow/example_dags/example_time_delta_sensor_async.py for tasks to queue
[2025-05-02 17:13:31,957] {logging_mixin.py:115} INFO - [2025-05-02 17:13:31,957] {dagbag.py:507} INFO - Filling up the DagBag from /root/Documents/airflowalu/venv/lib/python3.9/site-packages/airflow/example_dags/example_time_delta_sensor_async.py
[2025-05-02 17:13:31,959] {processor.py:651} INFO - DAG(s) dict_keys(['example_time_delta_sensor_async']) retrieved from /root/Documents/airflowalu/venv/lib/python3.9/site-packages/airflow/example_dags/example_time_delta_sensor_async.py
[2025-05-02 17:13:31,971] {logging_mixin.py:115} INFO - [2025-05-02 17:13:31,971] {dag.py:2379} INFO - Sync 1 DAGs
[2025-05-02 17:13:31,979] {logging_mixin.py:115} INFO - [2025-05-02 17:13:31,979] {dag.py:2927} INFO - Setting next_dagrun for example_time_delta_sensor_async to None, run_after=None
[2025-05-02 17:13:31,990] {processor.py:161} INFO - Processing /root/Documents/airflowalu/venv/lib/python3.9/site-packages/airflow/example_dags/example_time_delta_sensor_async.py took 0.036 seconds
[2025-05-02 17:14:03,479] {processor.py:153} INFO - Started process (PID=9164) to work on /root/Documents/airflowalu/venv/lib/python3.9/site-packages/airflow/example_dags/example_time_delta_sensor_async.py
[2025-05-02 17:14:03,480] {processor.py:641} INFO - Processing file /root/Documents/airflowalu/venv/lib/python3.9/site-packages/airflow/example_dags/example_time_delta_sensor_async.py for tasks to queue
[2025-05-02 17:14:03,481] {logging_mixin.py:115} INFO - [2025-05-02 17:14:03,480] {dagbag.py:507} INFO - Filling up the DagBag from /root/Documents/airflowalu/venv/lib/python3.9/site-packages/airflow/example_dags/example_time_delta_sensor_async.py
[2025-05-02 17:14:03,483] {processor.py:651} INFO - DAG(s) dict_keys(['example_time_delta_sensor_async']) retrieved from /root/Documents/airflowalu/venv/lib/python3.9/site-packages/airflow/example_dags/example_time_delta_sensor_async.py
[2025-05-02 17:14:03,496] {logging_mixin.py:115} INFO - [2025-05-02 17:14:03,496] {dag.py:2379} INFO - Sync 1 DAGs
[2025-05-02 17:14:03,505] {logging_mixin.py:115} INFO - [2025-05-02 17:14:03,505] {dag.py:2927} INFO - Setting next_dagrun for example_time_delta_sensor_async to None, run_after=None
[2025-05-02 17:14:03,515] {processor.py:161} INFO - Processing /root/Documents/airflowalu/venv/lib/python3.9/site-packages/airflow/example_dags/example_time_delta_sensor_async.py took 0.037 seconds
[2025-05-02 17:14:36,019] {processor.py:153} INFO - Started process (PID=9303) to work on /root/Documents/airflowalu/venv/lib/python3.9/site-packages/airflow/example_dags/example_time_delta_sensor_async.py
[2025-05-02 17:14:36,020] {processor.py:641} INFO - Processing file /root/Documents/airflowalu/venv/lib/python3.9/site-packages/airflow/example_dags/example_time_delta_sensor_async.py for tasks to queue
[2025-05-02 17:14:36,020] {logging_mixin.py:115} INFO - [2025-05-02 17:14:36,020] {dagbag.py:507} INFO - Filling up the DagBag from /root/Documents/airflowalu/venv/lib/python3.9/site-packages/airflow/example_dags/example_time_delta_sensor_async.py
[2025-05-02 17:14:36,023] {processor.py:651} INFO - DAG(s) dict_keys(['example_time_delta_sensor_async']) retrieved from /root/Documents/airflowalu/venv/lib/python3.9/site-packages/airflow/example_dags/example_time_delta_sensor_async.py
[2025-05-02 17:14:36,035] {logging_mixin.py:115} INFO - [2025-05-02 17:14:36,035] {dag.py:2379} INFO - Sync 1 DAGs
[2025-05-02 17:14:36,045] {logging_mixin.py:115} INFO - [2025-05-02 17:14:36,045] {dag.py:2927} INFO - Setting next_dagrun for example_time_delta_sensor_async to None, run_after=None
[2025-05-02 17:14:36,055] {processor.py:161} INFO - Processing /root/Documents/airflowalu/venv/lib/python3.9/site-packages/airflow/example_dags/example_time_delta_sensor_async.py took 0.037 seconds
[2025-05-02 17:15:08,372] {processor.py:153} INFO - Started process (PID=9436) to work on /root/Documents/airflowalu/venv/lib/python3.9/site-packages/airflow/example_dags/example_time_delta_sensor_async.py
[2025-05-02 17:15:08,372] {processor.py:641} INFO - Processing file /root/Documents/airflowalu/venv/lib/python3.9/site-packages/airflow/example_dags/example_time_delta_sensor_async.py for tasks to queue
[2025-05-02 17:15:08,373] {logging_mixin.py:115} INFO - [2025-05-02 17:15:08,373] {dagbag.py:507} INFO - Filling up the DagBag from /root/Documents/airflowalu/venv/lib/python3.9/site-packages/airflow/example_dags/example_time_delta_sensor_async.py
[2025-05-02 17:15:08,375] {processor.py:651} INFO - DAG(s) dict_keys(['example_time_delta_sensor_async']) retrieved from /root/Documents/airflowalu/venv/lib/python3.9/site-packages/airflow/example_dags/example_time_delta_sensor_async.py
[2025-05-02 17:15:08,388] {logging_mixin.py:115} INFO - [2025-05-02 17:15:08,388] {dag.py:2379} INFO - Sync 1 DAGs
[2025-05-02 17:15:08,397] {logging_mixin.py:115} INFO - [2025-05-02 17:15:08,397] {dag.py:2927} INFO - Setting next_dagrun for example_time_delta_sensor_async to None, run_after=None
[2025-05-02 17:15:08,407] {processor.py:161} INFO - Processing /root/Documents/airflowalu/venv/lib/python3.9/site-packages/airflow/example_dags/example_time_delta_sensor_async.py took 0.037 seconds
[2025-05-02 17:15:42,864] {processor.py:153} INFO - Started process (PID=9582) to work on /root/Documents/airflowalu/venv/lib/python3.9/site-packages/airflow/example_dags/example_time_delta_sensor_async.py
[2025-05-02 17:15:42,864] {processor.py:641} INFO - Processing file /root/Documents/airflowalu/venv/lib/python3.9/site-packages/airflow/example_dags/example_time_delta_sensor_async.py for tasks to queue
[2025-05-02 17:15:42,865] {logging_mixin.py:115} INFO - [2025-05-02 17:15:42,865] {dagbag.py:507} INFO - Filling up the DagBag from /root/Documents/airflowalu/venv/lib/python3.9/site-packages/airflow/example_dags/example_time_delta_sensor_async.py
[2025-05-02 17:15:42,868] {processor.py:651} INFO - DAG(s) dict_keys(['example_time_delta_sensor_async']) retrieved from /root/Documents/airflowalu/venv/lib/python3.9/site-packages/airflow/example_dags/example_time_delta_sensor_async.py
[2025-05-02 17:15:42,880] {logging_mixin.py:115} INFO - [2025-05-02 17:15:42,880] {dag.py:2379} INFO - Sync 1 DAGs
[2025-05-02 17:15:42,888] {logging_mixin.py:115} INFO - [2025-05-02 17:15:42,888] {dag.py:2927} INFO - Setting next_dagrun for example_time_delta_sensor_async to None, run_after=None
[2025-05-02 17:15:42,901] {processor.py:161} INFO - Processing /root/Documents/airflowalu/venv/lib/python3.9/site-packages/airflow/example_dags/example_time_delta_sensor_async.py took 0.039 seconds
[2025-05-02 17:16:14,953] {processor.py:153} INFO - Started process (PID=9716) to work on /root/Documents/airflowalu/venv/lib/python3.9/site-packages/airflow/example_dags/example_time_delta_sensor_async.py
[2025-05-02 17:16:14,954] {processor.py:641} INFO - Processing file /root/Documents/airflowalu/venv/lib/python3.9/site-packages/airflow/example_dags/example_time_delta_sensor_async.py for tasks to queue
[2025-05-02 17:16:14,954] {logging_mixin.py:115} INFO - [2025-05-02 17:16:14,954] {dagbag.py:507} INFO - Filling up the DagBag from /root/Documents/airflowalu/venv/lib/python3.9/site-packages/airflow/example_dags/example_time_delta_sensor_async.py
[2025-05-02 17:16:14,957] {processor.py:651} INFO - DAG(s) dict_keys(['example_time_delta_sensor_async']) retrieved from /root/Documents/airflowalu/venv/lib/python3.9/site-packages/airflow/example_dags/example_time_delta_sensor_async.py
[2025-05-02 17:16:14,970] {logging_mixin.py:115} INFO - [2025-05-02 17:16:14,970] {dag.py:2379} INFO - Sync 1 DAGs
[2025-05-02 17:16:14,978] {logging_mixin.py:115} INFO - [2025-05-02 17:16:14,978] {dag.py:2927} INFO - Setting next_dagrun for example_time_delta_sensor_async to None, run_after=None
[2025-05-02 17:16:14,991] {processor.py:161} INFO - Processing /root/Documents/airflowalu/venv/lib/python3.9/site-packages/airflow/example_dags/example_time_delta_sensor_async.py took 0.039 seconds
[2025-05-02 17:16:49,307] {processor.py:153} INFO - Started process (PID=9860) to work on /root/Documents/airflowalu/venv/lib/python3.9/site-packages/airflow/example_dags/example_time_delta_sensor_async.py
[2025-05-02 17:16:49,308] {processor.py:641} INFO - Processing file /root/Documents/airflowalu/venv/lib/python3.9/site-packages/airflow/example_dags/example_time_delta_sensor_async.py for tasks to queue
[2025-05-02 17:16:49,308] {logging_mixin.py:115} INFO - [2025-05-02 17:16:49,308] {dagbag.py:507} INFO - Filling up the DagBag from /root/Documents/airflowalu/venv/lib/python3.9/site-packages/airflow/example_dags/example_time_delta_sensor_async.py
[2025-05-02 17:16:49,311] {processor.py:651} INFO - DAG(s) dict_keys(['example_time_delta_sensor_async']) retrieved from /root/Documents/airflowalu/venv/lib/python3.9/site-packages/airflow/example_dags/example_time_delta_sensor_async.py
[2025-05-02 17:16:49,325] {logging_mixin.py:115} INFO - [2025-05-02 17:16:49,325] {dag.py:2379} INFO - Sync 1 DAGs
[2025-05-02 17:16:49,333] {logging_mixin.py:115} INFO - [2025-05-02 17:16:49,332] {dag.py:2927} INFO - Setting next_dagrun for example_time_delta_sensor_async to None, run_after=None
[2025-05-02 17:16:49,342] {processor.py:161} INFO - Processing /root/Documents/airflowalu/venv/lib/python3.9/site-packages/airflow/example_dags/example_time_delta_sensor_async.py took 0.036 seconds
[2025-05-02 17:17:19,682] {processor.py:153} INFO - Started process (PID=9996) to work on /root/Documents/airflowalu/venv/lib/python3.9/site-packages/airflow/example_dags/example_time_delta_sensor_async.py
[2025-05-02 17:17:19,682] {processor.py:641} INFO - Processing file /root/Documents/airflowalu/venv/lib/python3.9/site-packages/airflow/example_dags/example_time_delta_sensor_async.py for tasks to queue
[2025-05-02 17:17:19,683] {logging_mixin.py:115} INFO - [2025-05-02 17:17:19,683] {dagbag.py:507} INFO - Filling up the DagBag from /root/Documents/airflowalu/venv/lib/python3.9/site-packages/airflow/example_dags/example_time_delta_sensor_async.py
[2025-05-02 17:17:19,685] {processor.py:651} INFO - DAG(s) dict_keys(['example_time_delta_sensor_async']) retrieved from /root/Documents/airflowalu/venv/lib/python3.9/site-packages/airflow/example_dags/example_time_delta_sensor_async.py
[2025-05-02 17:17:19,698] {logging_mixin.py:115} INFO - [2025-05-02 17:17:19,698] {dag.py:2379} INFO - Sync 1 DAGs
[2025-05-02 17:17:19,706] {logging_mixin.py:115} INFO - [2025-05-02 17:17:19,706] {dag.py:2927} INFO - Setting next_dagrun for example_time_delta_sensor_async to None, run_after=None
[2025-05-02 17:17:19,717] {processor.py:161} INFO - Processing /root/Documents/airflowalu/venv/lib/python3.9/site-packages/airflow/example_dags/example_time_delta_sensor_async.py took 0.037 seconds
[2025-05-02 17:17:53,515] {processor.py:153} INFO - Started process (PID=10136) to work on /root/Documents/airflowalu/venv/lib/python3.9/site-packages/airflow/example_dags/example_time_delta_sensor_async.py
[2025-05-02 17:17:53,516] {processor.py:641} INFO - Processing file /root/Documents/airflowalu/venv/lib/python3.9/site-packages/airflow/example_dags/example_time_delta_sensor_async.py for tasks to queue
[2025-05-02 17:17:53,516] {logging_mixin.py:115} INFO - [2025-05-02 17:17:53,516] {dagbag.py:507} INFO - Filling up the DagBag from /root/Documents/airflowalu/venv/lib/python3.9/site-packages/airflow/example_dags/example_time_delta_sensor_async.py
[2025-05-02 17:17:53,519] {processor.py:651} INFO - DAG(s) dict_keys(['example_time_delta_sensor_async']) retrieved from /root/Documents/airflowalu/venv/lib/python3.9/site-packages/airflow/example_dags/example_time_delta_sensor_async.py
[2025-05-02 17:17:53,531] {logging_mixin.py:115} INFO - [2025-05-02 17:17:53,531] {dag.py:2379} INFO - Sync 1 DAGs
[2025-05-02 17:17:53,539] {logging_mixin.py:115} INFO - [2025-05-02 17:17:53,539] {dag.py:2927} INFO - Setting next_dagrun for example_time_delta_sensor_async to None, run_after=None
[2025-05-02 17:17:53,548] {processor.py:161} INFO - Processing /root/Documents/airflowalu/venv/lib/python3.9/site-packages/airflow/example_dags/example_time_delta_sensor_async.py took 0.034 seconds
[2025-05-02 17:18:25,531] {processor.py:153} INFO - Started process (PID=10283) to work on /root/Documents/airflowalu/venv/lib/python3.9/site-packages/airflow/example_dags/example_time_delta_sensor_async.py
[2025-05-02 17:18:25,532] {processor.py:641} INFO - Processing file /root/Documents/airflowalu/venv/lib/python3.9/site-packages/airflow/example_dags/example_time_delta_sensor_async.py for tasks to queue
[2025-05-02 17:18:25,532] {logging_mixin.py:115} INFO - [2025-05-02 17:18:25,532] {dagbag.py:507} INFO - Filling up the DagBag from /root/Documents/airflowalu/venv/lib/python3.9/site-packages/airflow/example_dags/example_time_delta_sensor_async.py
[2025-05-02 17:18:25,534] {processor.py:651} INFO - DAG(s) dict_keys(['example_time_delta_sensor_async']) retrieved from /root/Documents/airflowalu/venv/lib/python3.9/site-packages/airflow/example_dags/example_time_delta_sensor_async.py
[2025-05-02 17:18:25,546] {logging_mixin.py:115} INFO - [2025-05-02 17:18:25,546] {dag.py:2379} INFO - Sync 1 DAGs
[2025-05-02 17:18:25,555] {logging_mixin.py:115} INFO - [2025-05-02 17:18:25,555] {dag.py:2927} INFO - Setting next_dagrun for example_time_delta_sensor_async to None, run_after=None
[2025-05-02 17:18:25,564] {processor.py:161} INFO - Processing /root/Documents/airflowalu/venv/lib/python3.9/site-packages/airflow/example_dags/example_time_delta_sensor_async.py took 0.035 seconds
[2025-05-02 17:18:57,471] {processor.py:153} INFO - Started process (PID=10416) to work on /root/Documents/airflowalu/venv/lib/python3.9/site-packages/airflow/example_dags/example_time_delta_sensor_async.py
[2025-05-02 17:18:57,472] {processor.py:641} INFO - Processing file /root/Documents/airflowalu/venv/lib/python3.9/site-packages/airflow/example_dags/example_time_delta_sensor_async.py for tasks to queue
[2025-05-02 17:18:57,472] {logging_mixin.py:115} INFO - [2025-05-02 17:18:57,472] {dagbag.py:507} INFO - Filling up the DagBag from /root/Documents/airflowalu/venv/lib/python3.9/site-packages/airflow/example_dags/example_time_delta_sensor_async.py
[2025-05-02 17:18:57,475] {processor.py:651} INFO - DAG(s) dict_keys(['example_time_delta_sensor_async']) retrieved from /root/Documents/airflowalu/venv/lib/python3.9/site-packages/airflow/example_dags/example_time_delta_sensor_async.py
[2025-05-02 17:18:57,487] {logging_mixin.py:115} INFO - [2025-05-02 17:18:57,487] {dag.py:2379} INFO - Sync 1 DAGs
[2025-05-02 17:18:57,495] {logging_mixin.py:115} INFO - [2025-05-02 17:18:57,495] {dag.py:2927} INFO - Setting next_dagrun for example_time_delta_sensor_async to None, run_after=None
[2025-05-02 17:18:57,505] {processor.py:161} INFO - Processing /root/Documents/airflowalu/venv/lib/python3.9/site-packages/airflow/example_dags/example_time_delta_sensor_async.py took 0.035 seconds
[2025-05-02 17:19:30,718] {processor.py:153} INFO - Started process (PID=10560) to work on /root/Documents/airflowalu/venv/lib/python3.9/site-packages/airflow/example_dags/example_time_delta_sensor_async.py
[2025-05-02 17:19:30,718] {processor.py:641} INFO - Processing file /root/Documents/airflowalu/venv/lib/python3.9/site-packages/airflow/example_dags/example_time_delta_sensor_async.py for tasks to queue
[2025-05-02 17:19:30,719] {logging_mixin.py:115} INFO - [2025-05-02 17:19:30,719] {dagbag.py:507} INFO - Filling up the DagBag from /root/Documents/airflowalu/venv/lib/python3.9/site-packages/airflow/example_dags/example_time_delta_sensor_async.py
[2025-05-02 17:19:30,721] {processor.py:651} INFO - DAG(s) dict_keys(['example_time_delta_sensor_async']) retrieved from /root/Documents/airflowalu/venv/lib/python3.9/site-packages/airflow/example_dags/example_time_delta_sensor_async.py
[2025-05-02 17:19:30,735] {logging_mixin.py:115} INFO - [2025-05-02 17:19:30,735] {dag.py:2379} INFO - Sync 1 DAGs
[2025-05-02 17:19:30,744] {logging_mixin.py:115} INFO - [2025-05-02 17:19:30,744] {dag.py:2927} INFO - Setting next_dagrun for example_time_delta_sensor_async to None, run_after=None
[2025-05-02 17:19:30,754] {processor.py:161} INFO - Processing /root/Documents/airflowalu/venv/lib/python3.9/site-packages/airflow/example_dags/example_time_delta_sensor_async.py took 0.038 seconds
[2025-05-02 17:20:02,112] {processor.py:153} INFO - Started process (PID=10692) to work on /root/Documents/airflowalu/venv/lib/python3.9/site-packages/airflow/example_dags/example_time_delta_sensor_async.py
[2025-05-02 17:20:02,113] {processor.py:641} INFO - Processing file /root/Documents/airflowalu/venv/lib/python3.9/site-packages/airflow/example_dags/example_time_delta_sensor_async.py for tasks to queue
[2025-05-02 17:20:02,113] {logging_mixin.py:115} INFO - [2025-05-02 17:20:02,113] {dagbag.py:507} INFO - Filling up the DagBag from /root/Documents/airflowalu/venv/lib/python3.9/site-packages/airflow/example_dags/example_time_delta_sensor_async.py
[2025-05-02 17:20:02,116] {processor.py:651} INFO - DAG(s) dict_keys(['example_time_delta_sensor_async']) retrieved from /root/Documents/airflowalu/venv/lib/python3.9/site-packages/airflow/example_dags/example_time_delta_sensor_async.py
[2025-05-02 17:20:02,129] {logging_mixin.py:115} INFO - [2025-05-02 17:20:02,129] {dag.py:2379} INFO - Sync 1 DAGs
[2025-05-02 17:20:02,137] {logging_mixin.py:115} INFO - [2025-05-02 17:20:02,137] {dag.py:2927} INFO - Setting next_dagrun for example_time_delta_sensor_async to None, run_after=None
[2025-05-02 17:20:02,147] {processor.py:161} INFO - Processing /root/Documents/airflowalu/venv/lib/python3.9/site-packages/airflow/example_dags/example_time_delta_sensor_async.py took 0.037 seconds
[2025-05-02 17:20:34,925] {processor.py:153} INFO - Started process (PID=10837) to work on /root/Documents/airflowalu/venv/lib/python3.9/site-packages/airflow/example_dags/example_time_delta_sensor_async.py
[2025-05-02 17:20:34,926] {processor.py:641} INFO - Processing file /root/Documents/airflowalu/venv/lib/python3.9/site-packages/airflow/example_dags/example_time_delta_sensor_async.py for tasks to queue
[2025-05-02 17:20:34,926] {logging_mixin.py:115} INFO - [2025-05-02 17:20:34,926] {dagbag.py:507} INFO - Filling up the DagBag from /root/Documents/airflowalu/venv/lib/python3.9/site-packages/airflow/example_dags/example_time_delta_sensor_async.py
[2025-05-02 17:20:34,929] {processor.py:651} INFO - DAG(s) dict_keys(['example_time_delta_sensor_async']) retrieved from /root/Documents/airflowalu/venv/lib/python3.9/site-packages/airflow/example_dags/example_time_delta_sensor_async.py
[2025-05-02 17:20:34,942] {logging_mixin.py:115} INFO - [2025-05-02 17:20:34,942] {dag.py:2379} INFO - Sync 1 DAGs
[2025-05-02 17:20:34,952] {logging_mixin.py:115} INFO - [2025-05-02 17:20:34,952] {dag.py:2927} INFO - Setting next_dagrun for example_time_delta_sensor_async to None, run_after=None
[2025-05-02 17:20:34,963] {processor.py:161} INFO - Processing /root/Documents/airflowalu/venv/lib/python3.9/site-packages/airflow/example_dags/example_time_delta_sensor_async.py took 0.040 seconds
[2025-05-02 17:21:05,148] {processor.py:153} INFO - Started process (PID=10974) to work on /root/Documents/airflowalu/venv/lib/python3.9/site-packages/airflow/example_dags/example_time_delta_sensor_async.py
[2025-05-02 17:21:05,148] {processor.py:641} INFO - Processing file /root/Documents/airflowalu/venv/lib/python3.9/site-packages/airflow/example_dags/example_time_delta_sensor_async.py for tasks to queue
[2025-05-02 17:21:05,149] {logging_mixin.py:115} INFO - [2025-05-02 17:21:05,149] {dagbag.py:507} INFO - Filling up the DagBag from /root/Documents/airflowalu/venv/lib/python3.9/site-packages/airflow/example_dags/example_time_delta_sensor_async.py
[2025-05-02 17:21:05,152] {processor.py:651} INFO - DAG(s) dict_keys(['example_time_delta_sensor_async']) retrieved from /root/Documents/airflowalu/venv/lib/python3.9/site-packages/airflow/example_dags/example_time_delta_sensor_async.py
[2025-05-02 17:21:05,168] {logging_mixin.py:115} INFO - [2025-05-02 17:21:05,168] {dag.py:2379} INFO - Sync 1 DAGs
[2025-05-02 17:21:05,179] {logging_mixin.py:115} INFO - [2025-05-02 17:21:05,179] {dag.py:2927} INFO - Setting next_dagrun for example_time_delta_sensor_async to None, run_after=None
[2025-05-02 17:21:05,194] {processor.py:161} INFO - Processing /root/Documents/airflowalu/venv/lib/python3.9/site-packages/airflow/example_dags/example_time_delta_sensor_async.py took 0.048 seconds
[2025-05-02 17:21:39,075] {processor.py:153} INFO - Started process (PID=11115) to work on /root/Documents/airflowalu/venv/lib/python3.9/site-packages/airflow/example_dags/example_time_delta_sensor_async.py
[2025-05-02 17:21:39,076] {processor.py:641} INFO - Processing file /root/Documents/airflowalu/venv/lib/python3.9/site-packages/airflow/example_dags/example_time_delta_sensor_async.py for tasks to queue
[2025-05-02 17:21:39,077] {logging_mixin.py:115} INFO - [2025-05-02 17:21:39,077] {dagbag.py:507} INFO - Filling up the DagBag from /root/Documents/airflowalu/venv/lib/python3.9/site-packages/airflow/example_dags/example_time_delta_sensor_async.py
[2025-05-02 17:21:39,080] {processor.py:651} INFO - DAG(s) dict_keys(['example_time_delta_sensor_async']) retrieved from /root/Documents/airflowalu/venv/lib/python3.9/site-packages/airflow/example_dags/example_time_delta_sensor_async.py
[2025-05-02 17:21:39,097] {logging_mixin.py:115} INFO - [2025-05-02 17:21:39,097] {dag.py:2379} INFO - Sync 1 DAGs
[2025-05-02 17:21:39,108] {logging_mixin.py:115} INFO - [2025-05-02 17:21:39,108] {dag.py:2927} INFO - Setting next_dagrun for example_time_delta_sensor_async to None, run_after=None
[2025-05-02 17:21:39,121] {processor.py:161} INFO - Processing /root/Documents/airflowalu/venv/lib/python3.9/site-packages/airflow/example_dags/example_time_delta_sensor_async.py took 0.047 seconds
[2025-05-02 17:22:09,926] {processor.py:153} INFO - Started process (PID=11249) to work on /root/Documents/airflowalu/venv/lib/python3.9/site-packages/airflow/example_dags/example_time_delta_sensor_async.py
[2025-05-02 17:22:09,927] {processor.py:641} INFO - Processing file /root/Documents/airflowalu/venv/lib/python3.9/site-packages/airflow/example_dags/example_time_delta_sensor_async.py for tasks to queue
[2025-05-02 17:22:09,927] {logging_mixin.py:115} INFO - [2025-05-02 17:22:09,927] {dagbag.py:507} INFO - Filling up the DagBag from /root/Documents/airflowalu/venv/lib/python3.9/site-packages/airflow/example_dags/example_time_delta_sensor_async.py
[2025-05-02 17:22:09,930] {processor.py:651} INFO - DAG(s) dict_keys(['example_time_delta_sensor_async']) retrieved from /root/Documents/airflowalu/venv/lib/python3.9/site-packages/airflow/example_dags/example_time_delta_sensor_async.py
[2025-05-02 17:22:09,944] {logging_mixin.py:115} INFO - [2025-05-02 17:22:09,944] {dag.py:2379} INFO - Sync 1 DAGs
[2025-05-02 17:22:09,953] {logging_mixin.py:115} INFO - [2025-05-02 17:22:09,953] {dag.py:2927} INFO - Setting next_dagrun for example_time_delta_sensor_async to None, run_after=None
[2025-05-02 17:22:09,964] {processor.py:161} INFO - Processing /root/Documents/airflowalu/venv/lib/python3.9/site-packages/airflow/example_dags/example_time_delta_sensor_async.py took 0.039 seconds
[2025-05-02 17:22:43,306] {processor.py:153} INFO - Started process (PID=11394) to work on /root/Documents/airflowalu/venv/lib/python3.9/site-packages/airflow/example_dags/example_time_delta_sensor_async.py
[2025-05-02 17:22:43,306] {processor.py:641} INFO - Processing file /root/Documents/airflowalu/venv/lib/python3.9/site-packages/airflow/example_dags/example_time_delta_sensor_async.py for tasks to queue
[2025-05-02 17:22:43,307] {logging_mixin.py:115} INFO - [2025-05-02 17:22:43,307] {dagbag.py:507} INFO - Filling up the DagBag from /root/Documents/airflowalu/venv/lib/python3.9/site-packages/airflow/example_dags/example_time_delta_sensor_async.py
[2025-05-02 17:22:43,312] {processor.py:651} INFO - DAG(s) dict_keys(['example_time_delta_sensor_async']) retrieved from /root/Documents/airflowalu/venv/lib/python3.9/site-packages/airflow/example_dags/example_time_delta_sensor_async.py
[2025-05-02 17:22:43,324] {logging_mixin.py:115} INFO - [2025-05-02 17:22:43,324] {dag.py:2379} INFO - Sync 1 DAGs
[2025-05-02 17:22:43,334] {logging_mixin.py:115} INFO - [2025-05-02 17:22:43,334] {dag.py:2927} INFO - Setting next_dagrun for example_time_delta_sensor_async to None, run_after=None
[2025-05-02 17:22:43,345] {processor.py:161} INFO - Processing /root/Documents/airflowalu/venv/lib/python3.9/site-packages/airflow/example_dags/example_time_delta_sensor_async.py took 0.041 seconds
[2025-05-02 17:23:15,120] {processor.py:153} INFO - Started process (PID=11532) to work on /root/Documents/airflowalu/venv/lib/python3.9/site-packages/airflow/example_dags/example_time_delta_sensor_async.py
[2025-05-02 17:23:15,121] {processor.py:641} INFO - Processing file /root/Documents/airflowalu/venv/lib/python3.9/site-packages/airflow/example_dags/example_time_delta_sensor_async.py for tasks to queue
[2025-05-02 17:23:15,121] {logging_mixin.py:115} INFO - [2025-05-02 17:23:15,121] {dagbag.py:507} INFO - Filling up the DagBag from /root/Documents/airflowalu/venv/lib/python3.9/site-packages/airflow/example_dags/example_time_delta_sensor_async.py
[2025-05-02 17:23:15,127] {processor.py:651} INFO - DAG(s) dict_keys(['example_time_delta_sensor_async']) retrieved from /root/Documents/airflowalu/venv/lib/python3.9/site-packages/airflow/example_dags/example_time_delta_sensor_async.py
[2025-05-02 17:23:15,140] {logging_mixin.py:115} INFO - [2025-05-02 17:23:15,140] {dag.py:2379} INFO - Sync 1 DAGs
[2025-05-02 17:23:15,151] {logging_mixin.py:115} INFO - [2025-05-02 17:23:15,151] {dag.py:2927} INFO - Setting next_dagrun for example_time_delta_sensor_async to None, run_after=None
[2025-05-02 17:23:15,164] {processor.py:161} INFO - Processing /root/Documents/airflowalu/venv/lib/python3.9/site-packages/airflow/example_dags/example_time_delta_sensor_async.py took 0.046 seconds
[2025-05-02 17:23:50,007] {processor.py:153} INFO - Started process (PID=11672) to work on /root/Documents/airflowalu/venv/lib/python3.9/site-packages/airflow/example_dags/example_time_delta_sensor_async.py
[2025-05-02 17:23:50,008] {processor.py:641} INFO - Processing file /root/Documents/airflowalu/venv/lib/python3.9/site-packages/airflow/example_dags/example_time_delta_sensor_async.py for tasks to queue
[2025-05-02 17:23:50,008] {logging_mixin.py:115} INFO - [2025-05-02 17:23:50,008] {dagbag.py:507} INFO - Filling up the DagBag from /root/Documents/airflowalu/venv/lib/python3.9/site-packages/airflow/example_dags/example_time_delta_sensor_async.py
[2025-05-02 17:23:50,013] {processor.py:651} INFO - DAG(s) dict_keys(['example_time_delta_sensor_async']) retrieved from /root/Documents/airflowalu/venv/lib/python3.9/site-packages/airflow/example_dags/example_time_delta_sensor_async.py
[2025-05-02 17:23:50,024] {logging_mixin.py:115} INFO - [2025-05-02 17:23:50,024] {dag.py:2379} INFO - Sync 1 DAGs
[2025-05-02 17:23:50,032] {logging_mixin.py:115} INFO - [2025-05-02 17:23:50,032] {dag.py:2927} INFO - Setting next_dagrun for example_time_delta_sensor_async to None, run_after=None
[2025-05-02 17:23:50,042] {processor.py:161} INFO - Processing /root/Documents/airflowalu/venv/lib/python3.9/site-packages/airflow/example_dags/example_time_delta_sensor_async.py took 0.036 seconds
[2025-05-02 17:24:20,884] {processor.py:153} INFO - Started process (PID=11806) to work on /root/Documents/airflowalu/venv/lib/python3.9/site-packages/airflow/example_dags/example_time_delta_sensor_async.py
[2025-05-02 17:24:20,884] {processor.py:641} INFO - Processing file /root/Documents/airflowalu/venv/lib/python3.9/site-packages/airflow/example_dags/example_time_delta_sensor_async.py for tasks to queue
[2025-05-02 17:24:20,884] {logging_mixin.py:115} INFO - [2025-05-02 17:24:20,884] {dagbag.py:507} INFO - Filling up the DagBag from /root/Documents/airflowalu/venv/lib/python3.9/site-packages/airflow/example_dags/example_time_delta_sensor_async.py
[2025-05-02 17:24:20,889] {processor.py:651} INFO - DAG(s) dict_keys(['example_time_delta_sensor_async']) retrieved from /root/Documents/airflowalu/venv/lib/python3.9/site-packages/airflow/example_dags/example_time_delta_sensor_async.py
[2025-05-02 17:24:20,900] {logging_mixin.py:115} INFO - [2025-05-02 17:24:20,900] {dag.py:2379} INFO - Sync 1 DAGs
[2025-05-02 17:24:20,909] {logging_mixin.py:115} INFO - [2025-05-02 17:24:20,909] {dag.py:2927} INFO - Setting next_dagrun for example_time_delta_sensor_async to None, run_after=None
[2025-05-02 17:24:20,920] {processor.py:161} INFO - Processing /root/Documents/airflowalu/venv/lib/python3.9/site-packages/airflow/example_dags/example_time_delta_sensor_async.py took 0.038 seconds
[2025-05-02 17:24:56,380] {processor.py:153} INFO - Started process (PID=11955) to work on /root/Documents/airflowalu/venv/lib/python3.9/site-packages/airflow/example_dags/example_time_delta_sensor_async.py
[2025-05-02 17:24:56,381] {processor.py:641} INFO - Processing file /root/Documents/airflowalu/venv/lib/python3.9/site-packages/airflow/example_dags/example_time_delta_sensor_async.py for tasks to queue
[2025-05-02 17:24:56,381] {logging_mixin.py:115} INFO - [2025-05-02 17:24:56,381] {dagbag.py:507} INFO - Filling up the DagBag from /root/Documents/airflowalu/venv/lib/python3.9/site-packages/airflow/example_dags/example_time_delta_sensor_async.py
[2025-05-02 17:24:56,386] {processor.py:651} INFO - DAG(s) dict_keys(['example_time_delta_sensor_async']) retrieved from /root/Documents/airflowalu/venv/lib/python3.9/site-packages/airflow/example_dags/example_time_delta_sensor_async.py
[2025-05-02 17:24:56,397] {logging_mixin.py:115} INFO - [2025-05-02 17:24:56,397] {dag.py:2379} INFO - Sync 1 DAGs
[2025-05-02 17:24:56,406] {logging_mixin.py:115} INFO - [2025-05-02 17:24:56,406] {dag.py:2927} INFO - Setting next_dagrun for example_time_delta_sensor_async to None, run_after=None
[2025-05-02 17:24:56,417] {processor.py:161} INFO - Processing /root/Documents/airflowalu/venv/lib/python3.9/site-packages/airflow/example_dags/example_time_delta_sensor_async.py took 0.039 seconds
[2025-05-02 17:25:27,917] {processor.py:153} INFO - Started process (PID=12098) to work on /root/Documents/airflowalu/venv/lib/python3.9/site-packages/airflow/example_dags/example_time_delta_sensor_async.py
[2025-05-02 17:25:27,918] {processor.py:641} INFO - Processing file /root/Documents/airflowalu/venv/lib/python3.9/site-packages/airflow/example_dags/example_time_delta_sensor_async.py for tasks to queue
[2025-05-02 17:25:27,918] {logging_mixin.py:115} INFO - [2025-05-02 17:25:27,918] {dagbag.py:507} INFO - Filling up the DagBag from /root/Documents/airflowalu/venv/lib/python3.9/site-packages/airflow/example_dags/example_time_delta_sensor_async.py
[2025-05-02 17:25:27,923] {processor.py:651} INFO - DAG(s) dict_keys(['example_time_delta_sensor_async']) retrieved from /root/Documents/airflowalu/venv/lib/python3.9/site-packages/airflow/example_dags/example_time_delta_sensor_async.py
[2025-05-02 17:25:27,934] {logging_mixin.py:115} INFO - [2025-05-02 17:25:27,934] {dag.py:2379} INFO - Sync 1 DAGs
[2025-05-02 17:25:27,942] {logging_mixin.py:115} INFO - [2025-05-02 17:25:27,942] {dag.py:2927} INFO - Setting next_dagrun for example_time_delta_sensor_async to None, run_after=None
[2025-05-02 17:25:27,952] {processor.py:161} INFO - Processing /root/Documents/airflowalu/venv/lib/python3.9/site-packages/airflow/example_dags/example_time_delta_sensor_async.py took 0.037 seconds
[2025-05-02 17:25:58,730] {processor.py:153} INFO - Started process (PID=12231) to work on /root/Documents/airflowalu/venv/lib/python3.9/site-packages/airflow/example_dags/example_time_delta_sensor_async.py
[2025-05-02 17:25:58,731] {processor.py:641} INFO - Processing file /root/Documents/airflowalu/venv/lib/python3.9/site-packages/airflow/example_dags/example_time_delta_sensor_async.py for tasks to queue
[2025-05-02 17:25:58,732] {logging_mixin.py:115} INFO - [2025-05-02 17:25:58,732] {dagbag.py:507} INFO - Filling up the DagBag from /root/Documents/airflowalu/venv/lib/python3.9/site-packages/airflow/example_dags/example_time_delta_sensor_async.py
[2025-05-02 17:25:58,738] {processor.py:651} INFO - DAG(s) dict_keys(['example_time_delta_sensor_async']) retrieved from /root/Documents/airflowalu/venv/lib/python3.9/site-packages/airflow/example_dags/example_time_delta_sensor_async.py
[2025-05-02 17:25:58,749] {logging_mixin.py:115} INFO - [2025-05-02 17:25:58,749] {dag.py:2379} INFO - Sync 1 DAGs
[2025-05-02 17:25:58,759] {logging_mixin.py:115} INFO - [2025-05-02 17:25:58,759] {dag.py:2927} INFO - Setting next_dagrun for example_time_delta_sensor_async to None, run_after=None
[2025-05-02 17:25:58,769] {processor.py:161} INFO - Processing /root/Documents/airflowalu/venv/lib/python3.9/site-packages/airflow/example_dags/example_time_delta_sensor_async.py took 0.040 seconds
[2025-05-02 17:26:31,358] {processor.py:153} INFO - Started process (PID=12364) to work on /root/Documents/airflowalu/venv/lib/python3.9/site-packages/airflow/example_dags/example_time_delta_sensor_async.py
[2025-05-02 17:26:31,358] {processor.py:641} INFO - Processing file /root/Documents/airflowalu/venv/lib/python3.9/site-packages/airflow/example_dags/example_time_delta_sensor_async.py for tasks to queue
[2025-05-02 17:26:31,359] {logging_mixin.py:115} INFO - [2025-05-02 17:26:31,359] {dagbag.py:507} INFO - Filling up the DagBag from /root/Documents/airflowalu/venv/lib/python3.9/site-packages/airflow/example_dags/example_time_delta_sensor_async.py
[2025-05-02 17:26:31,363] {processor.py:651} INFO - DAG(s) dict_keys(['example_time_delta_sensor_async']) retrieved from /root/Documents/airflowalu/venv/lib/python3.9/site-packages/airflow/example_dags/example_time_delta_sensor_async.py
[2025-05-02 17:26:31,374] {logging_mixin.py:115} INFO - [2025-05-02 17:26:31,374] {dag.py:2379} INFO - Sync 1 DAGs
[2025-05-02 17:26:31,383] {logging_mixin.py:115} INFO - [2025-05-02 17:26:31,383] {dag.py:2927} INFO - Setting next_dagrun for example_time_delta_sensor_async to None, run_after=None
[2025-05-02 17:26:31,394] {processor.py:161} INFO - Processing /root/Documents/airflowalu/venv/lib/python3.9/site-packages/airflow/example_dags/example_time_delta_sensor_async.py took 0.038 seconds
[2025-05-02 17:27:03,891] {processor.py:153} INFO - Started process (PID=12499) to work on /root/Documents/airflowalu/venv/lib/python3.9/site-packages/airflow/example_dags/example_time_delta_sensor_async.py
[2025-05-02 17:27:03,892] {processor.py:641} INFO - Processing file /root/Documents/airflowalu/venv/lib/python3.9/site-packages/airflow/example_dags/example_time_delta_sensor_async.py for tasks to queue
[2025-05-02 17:27:03,892] {logging_mixin.py:115} INFO - [2025-05-02 17:27:03,892] {dagbag.py:507} INFO - Filling up the DagBag from /root/Documents/airflowalu/venv/lib/python3.9/site-packages/airflow/example_dags/example_time_delta_sensor_async.py
[2025-05-02 17:27:03,897] {processor.py:651} INFO - DAG(s) dict_keys(['example_time_delta_sensor_async']) retrieved from /root/Documents/airflowalu/venv/lib/python3.9/site-packages/airflow/example_dags/example_time_delta_sensor_async.py
[2025-05-02 17:27:03,909] {logging_mixin.py:115} INFO - [2025-05-02 17:27:03,909] {dag.py:2379} INFO - Sync 1 DAGs
[2025-05-02 17:27:03,919] {logging_mixin.py:115} INFO - [2025-05-02 17:27:03,919] {dag.py:2927} INFO - Setting next_dagrun for example_time_delta_sensor_async to None, run_after=None
[2025-05-02 17:27:03,930] {processor.py:161} INFO - Processing /root/Documents/airflowalu/venv/lib/python3.9/site-packages/airflow/example_dags/example_time_delta_sensor_async.py took 0.041 seconds
[2025-05-02 17:27:36,458] {processor.py:153} INFO - Started process (PID=12637) to work on /root/Documents/airflowalu/venv/lib/python3.9/site-packages/airflow/example_dags/example_time_delta_sensor_async.py
[2025-05-02 17:27:36,458] {processor.py:641} INFO - Processing file /root/Documents/airflowalu/venv/lib/python3.9/site-packages/airflow/example_dags/example_time_delta_sensor_async.py for tasks to queue
[2025-05-02 17:27:36,458] {logging_mixin.py:115} INFO - [2025-05-02 17:27:36,458] {dagbag.py:507} INFO - Filling up the DagBag from /root/Documents/airflowalu/venv/lib/python3.9/site-packages/airflow/example_dags/example_time_delta_sensor_async.py
[2025-05-02 17:27:36,461] {processor.py:651} INFO - DAG(s) dict_keys(['example_time_delta_sensor_async']) retrieved from /root/Documents/airflowalu/venv/lib/python3.9/site-packages/airflow/example_dags/example_time_delta_sensor_async.py
[2025-05-02 17:27:36,475] {logging_mixin.py:115} INFO - [2025-05-02 17:27:36,475] {dag.py:2379} INFO - Sync 1 DAGs
[2025-05-02 17:27:36,485] {logging_mixin.py:115} INFO - [2025-05-02 17:27:36,485] {dag.py:2927} INFO - Setting next_dagrun for example_time_delta_sensor_async to None, run_after=None
[2025-05-02 17:27:36,495] {processor.py:161} INFO - Processing /root/Documents/airflowalu/venv/lib/python3.9/site-packages/airflow/example_dags/example_time_delta_sensor_async.py took 0.039 seconds
[2025-05-02 17:30:11,366] {processor.py:153} INFO - Started process (PID=13533) to work on /root/Documents/airflowalu/venv/lib/python3.9/site-packages/airflow/example_dags/example_time_delta_sensor_async.py
[2025-05-02 17:30:11,367] {processor.py:641} INFO - Processing file /root/Documents/airflowalu/venv/lib/python3.9/site-packages/airflow/example_dags/example_time_delta_sensor_async.py for tasks to queue
[2025-05-02 17:30:11,368] {logging_mixin.py:115} INFO - [2025-05-02 17:30:11,368] {dagbag.py:507} INFO - Filling up the DagBag from /root/Documents/airflowalu/venv/lib/python3.9/site-packages/airflow/example_dags/example_time_delta_sensor_async.py
[2025-05-02 17:30:11,372] {processor.py:651} INFO - DAG(s) dict_keys(['example_time_delta_sensor_async']) retrieved from /root/Documents/airflowalu/venv/lib/python3.9/site-packages/airflow/example_dags/example_time_delta_sensor_async.py
[2025-05-02 17:30:11,388] {logging_mixin.py:115} INFO - [2025-05-02 17:30:11,388] {dag.py:2379} INFO - Sync 1 DAGs
[2025-05-02 17:30:11,400] {logging_mixin.py:115} INFO - [2025-05-02 17:30:11,400] {dag.py:2927} INFO - Setting next_dagrun for example_time_delta_sensor_async to None, run_after=None
[2025-05-02 17:30:11,418] {processor.py:161} INFO - Processing /root/Documents/airflowalu/venv/lib/python3.9/site-packages/airflow/example_dags/example_time_delta_sensor_async.py took 0.054 seconds
[2025-05-02 17:30:42,861] {processor.py:153} INFO - Started process (PID=13746) to work on /root/Documents/airflowalu/venv/lib/python3.9/site-packages/airflow/example_dags/example_time_delta_sensor_async.py
[2025-05-02 17:30:42,862] {processor.py:641} INFO - Processing file /root/Documents/airflowalu/venv/lib/python3.9/site-packages/airflow/example_dags/example_time_delta_sensor_async.py for tasks to queue
[2025-05-02 17:30:42,862] {logging_mixin.py:115} INFO - [2025-05-02 17:30:42,862] {dagbag.py:507} INFO - Filling up the DagBag from /root/Documents/airflowalu/venv/lib/python3.9/site-packages/airflow/example_dags/example_time_delta_sensor_async.py
[2025-05-02 17:30:42,865] {processor.py:651} INFO - DAG(s) dict_keys(['example_time_delta_sensor_async']) retrieved from /root/Documents/airflowalu/venv/lib/python3.9/site-packages/airflow/example_dags/example_time_delta_sensor_async.py
[2025-05-02 17:30:42,881] {logging_mixin.py:115} INFO - [2025-05-02 17:30:42,881] {dag.py:2379} INFO - Sync 1 DAGs
[2025-05-02 17:30:42,899] {logging_mixin.py:115} INFO - [2025-05-02 17:30:42,898] {dag.py:2927} INFO - Setting next_dagrun for example_time_delta_sensor_async to None, run_after=None
[2025-05-02 17:30:42,913] {processor.py:161} INFO - Processing /root/Documents/airflowalu/venv/lib/python3.9/site-packages/airflow/example_dags/example_time_delta_sensor_async.py took 0.054 seconds
[2025-05-02 20:40:10,132] {processor.py:153} INFO - Started process (PID=504) to work on /root/Documents/airflowalu/venv/lib/python3.9/site-packages/airflow/example_dags/example_time_delta_sensor_async.py
[2025-05-02 20:40:10,133] {processor.py:641} INFO - Processing file /root/Documents/airflowalu/venv/lib/python3.9/site-packages/airflow/example_dags/example_time_delta_sensor_async.py for tasks to queue
[2025-05-02 20:40:10,133] {logging_mixin.py:115} INFO - [2025-05-02 20:40:10,133] {dagbag.py:507} INFO - Filling up the DagBag from /root/Documents/airflowalu/venv/lib/python3.9/site-packages/airflow/example_dags/example_time_delta_sensor_async.py
[2025-05-02 20:40:10,136] {processor.py:651} INFO - DAG(s) dict_keys(['example_time_delta_sensor_async']) retrieved from /root/Documents/airflowalu/venv/lib/python3.9/site-packages/airflow/example_dags/example_time_delta_sensor_async.py
[2025-05-02 20:40:10,146] {logging_mixin.py:115} INFO - [2025-05-02 20:40:10,146] {dag.py:2379} INFO - Sync 1 DAGs
[2025-05-02 20:40:10,155] {logging_mixin.py:115} INFO - [2025-05-02 20:40:10,155] {dag.py:2927} INFO - Setting next_dagrun for example_time_delta_sensor_async to None, run_after=None
[2025-05-02 20:40:10,164] {processor.py:161} INFO - Processing /root/Documents/airflowalu/venv/lib/python3.9/site-packages/airflow/example_dags/example_time_delta_sensor_async.py took 0.034 seconds
