[2025-05-02 16:52:33,792] {processor.py:153} INFO - Started process (PID=2849) to work on /root/Documents/airflowalu/venv/lib/python3.9/site-packages/airflow/example_dags/example_branch_labels.py
[2025-05-02 16:52:33,792] {processor.py:641} INFO - Processing file /root/Documents/airflowalu/venv/lib/python3.9/site-packages/airflow/example_dags/example_branch_labels.py for tasks to queue
[2025-05-02 16:52:33,792] {logging_mixin.py:115} INFO - [2025-05-02 16:52:33,792] {dagbag.py:507} INFO - Filling up the DagBag from /root/Documents/airflowalu/venv/lib/python3.9/site-packages/airflow/example_dags/example_branch_labels.py
[2025-05-02 16:52:33,796] {processor.py:651} INFO - DAG(s) dict_keys(['example_branch_labels']) retrieved from /root/Documents/airflowalu/venv/lib/python3.9/site-packages/airflow/example_dags/example_branch_labels.py
[2025-05-02 16:52:33,840] {logging_mixin.py:115} INFO - [2025-05-02 16:52:33,840] {manager.py:508} INFO - Created Permission View: can edit on DAG:example_branch_labels
[2025-05-02 16:52:33,849] {logging_mixin.py:115} INFO - [2025-05-02 16:52:33,849] {manager.py:508} INFO - Created Permission View: can delete on DAG:example_branch_labels
[2025-05-02 16:52:33,856] {logging_mixin.py:115} INFO - [2025-05-02 16:52:33,856] {manager.py:508} INFO - Created Permission View: can read on DAG:example_branch_labels
[2025-05-02 16:52:33,856] {logging_mixin.py:115} INFO - [2025-05-02 16:52:33,856] {dag.py:2379} INFO - Sync 1 DAGs
[2025-05-02 16:52:33,860] {logging_mixin.py:115} INFO - [2025-05-02 16:52:33,860] {dag.py:2398} INFO - Creating ORM DAG for example_branch_labels
[2025-05-02 16:52:33,865] {logging_mixin.py:115} INFO - [2025-05-02 16:52:33,865] {dag.py:2927} INFO - Setting next_dagrun for example_branch_labels to 2025-05-01T00:00:00+00:00, run_after=2025-05-02T00:00:00+00:00
[2025-05-02 16:52:33,876] {processor.py:161} INFO - Processing /root/Documents/airflowalu/venv/lib/python3.9/site-packages/airflow/example_dags/example_branch_labels.py took 0.086 seconds
[2025-05-02 16:53:05,229] {processor.py:153} INFO - Started process (PID=2910) to work on /root/Documents/airflowalu/venv/lib/python3.9/site-packages/airflow/example_dags/example_branch_labels.py
[2025-05-02 16:53:05,230] {processor.py:641} INFO - Processing file /root/Documents/airflowalu/venv/lib/python3.9/site-packages/airflow/example_dags/example_branch_labels.py for tasks to queue
[2025-05-02 16:53:05,230] {logging_mixin.py:115} INFO - [2025-05-02 16:53:05,230] {dagbag.py:507} INFO - Filling up the DagBag from /root/Documents/airflowalu/venv/lib/python3.9/site-packages/airflow/example_dags/example_branch_labels.py
[2025-05-02 16:53:05,233] {processor.py:651} INFO - DAG(s) dict_keys(['example_branch_labels']) retrieved from /root/Documents/airflowalu/venv/lib/python3.9/site-packages/airflow/example_dags/example_branch_labels.py
[2025-05-02 16:53:05,241] {logging_mixin.py:115} INFO - [2025-05-02 16:53:05,241] {dag.py:2379} INFO - Sync 1 DAGs
[2025-05-02 16:53:05,252] {logging_mixin.py:115} INFO - [2025-05-02 16:53:05,252] {dag.py:2927} INFO - Setting next_dagrun for example_branch_labels to 2025-05-01T00:00:00+00:00, run_after=2025-05-02T00:00:00+00:00
[2025-05-02 16:53:05,262] {processor.py:161} INFO - Processing /root/Documents/airflowalu/venv/lib/python3.9/site-packages/airflow/example_dags/example_branch_labels.py took 0.035 seconds
[2025-05-02 16:53:37,238] {processor.py:153} INFO - Started process (PID=3595) to work on /root/Documents/airflowalu/venv/lib/python3.9/site-packages/airflow/example_dags/example_branch_labels.py
[2025-05-02 16:53:37,239] {processor.py:641} INFO - Processing file /root/Documents/airflowalu/venv/lib/python3.9/site-packages/airflow/example_dags/example_branch_labels.py for tasks to queue
[2025-05-02 16:53:37,240] {logging_mixin.py:115} INFO - [2025-05-02 16:53:37,240] {dagbag.py:507} INFO - Filling up the DagBag from /root/Documents/airflowalu/venv/lib/python3.9/site-packages/airflow/example_dags/example_branch_labels.py
[2025-05-02 16:53:37,244] {processor.py:651} INFO - DAG(s) dict_keys(['example_branch_labels']) retrieved from /root/Documents/airflowalu/venv/lib/python3.9/site-packages/airflow/example_dags/example_branch_labels.py
[2025-05-02 16:53:37,258] {logging_mixin.py:115} INFO - [2025-05-02 16:53:37,258] {dag.py:2379} INFO - Sync 1 DAGs
[2025-05-02 16:53:37,272] {logging_mixin.py:115} INFO - [2025-05-02 16:53:37,272] {dag.py:2927} INFO - Setting next_dagrun for example_branch_labels to 2025-05-01T00:00:00+00:00, run_after=2025-05-02T00:00:00+00:00
[2025-05-02 16:53:37,290] {processor.py:161} INFO - Processing /root/Documents/airflowalu/venv/lib/python3.9/site-packages/airflow/example_dags/example_branch_labels.py took 0.055 seconds
[2025-05-02 16:54:09,408] {processor.py:153} INFO - Started process (PID=3755) to work on /root/Documents/airflowalu/venv/lib/python3.9/site-packages/airflow/example_dags/example_branch_labels.py
[2025-05-02 16:54:09,409] {processor.py:641} INFO - Processing file /root/Documents/airflowalu/venv/lib/python3.9/site-packages/airflow/example_dags/example_branch_labels.py for tasks to queue
[2025-05-02 16:54:09,409] {logging_mixin.py:115} INFO - [2025-05-02 16:54:09,409] {dagbag.py:507} INFO - Filling up the DagBag from /root/Documents/airflowalu/venv/lib/python3.9/site-packages/airflow/example_dags/example_branch_labels.py
[2025-05-02 16:54:09,412] {processor.py:651} INFO - DAG(s) dict_keys(['example_branch_labels']) retrieved from /root/Documents/airflowalu/venv/lib/python3.9/site-packages/airflow/example_dags/example_branch_labels.py
[2025-05-02 16:54:09,422] {logging_mixin.py:115} INFO - [2025-05-02 16:54:09,421] {dag.py:2379} INFO - Sync 1 DAGs
[2025-05-02 16:54:09,435] {logging_mixin.py:115} INFO - [2025-05-02 16:54:09,435] {dag.py:2927} INFO - Setting next_dagrun for example_branch_labels to 2025-05-01T00:00:00+00:00, run_after=2025-05-02T00:00:00+00:00
[2025-05-02 16:54:09,448] {processor.py:161} INFO - Processing /root/Documents/airflowalu/venv/lib/python3.9/site-packages/airflow/example_dags/example_branch_labels.py took 0.041 seconds
[2025-05-02 16:54:41,242] {processor.py:153} INFO - Started process (PID=3885) to work on /root/Documents/airflowalu/venv/lib/python3.9/site-packages/airflow/example_dags/example_branch_labels.py
[2025-05-02 16:54:41,243] {processor.py:641} INFO - Processing file /root/Documents/airflowalu/venv/lib/python3.9/site-packages/airflow/example_dags/example_branch_labels.py for tasks to queue
[2025-05-02 16:54:41,243] {logging_mixin.py:115} INFO - [2025-05-02 16:54:41,243] {dagbag.py:507} INFO - Filling up the DagBag from /root/Documents/airflowalu/venv/lib/python3.9/site-packages/airflow/example_dags/example_branch_labels.py
[2025-05-02 16:54:41,246] {processor.py:651} INFO - DAG(s) dict_keys(['example_branch_labels']) retrieved from /root/Documents/airflowalu/venv/lib/python3.9/site-packages/airflow/example_dags/example_branch_labels.py
[2025-05-02 16:54:41,256] {logging_mixin.py:115} INFO - [2025-05-02 16:54:41,255] {dag.py:2379} INFO - Sync 1 DAGs
[2025-05-02 16:54:41,267] {logging_mixin.py:115} INFO - [2025-05-02 16:54:41,267] {dag.py:2927} INFO - Setting next_dagrun for example_branch_labels to 2025-05-01T00:00:00+00:00, run_after=2025-05-02T00:00:00+00:00
[2025-05-02 16:54:41,278] {processor.py:161} INFO - Processing /root/Documents/airflowalu/venv/lib/python3.9/site-packages/airflow/example_dags/example_branch_labels.py took 0.038 seconds
[2025-05-02 16:55:11,567] {processor.py:153} INFO - Started process (PID=4017) to work on /root/Documents/airflowalu/venv/lib/python3.9/site-packages/airflow/example_dags/example_branch_labels.py
[2025-05-02 16:55:11,568] {processor.py:641} INFO - Processing file /root/Documents/airflowalu/venv/lib/python3.9/site-packages/airflow/example_dags/example_branch_labels.py for tasks to queue
[2025-05-02 16:55:11,568] {logging_mixin.py:115} INFO - [2025-05-02 16:55:11,568] {dagbag.py:507} INFO - Filling up the DagBag from /root/Documents/airflowalu/venv/lib/python3.9/site-packages/airflow/example_dags/example_branch_labels.py
[2025-05-02 16:55:11,572] {processor.py:651} INFO - DAG(s) dict_keys(['example_branch_labels']) retrieved from /root/Documents/airflowalu/venv/lib/python3.9/site-packages/airflow/example_dags/example_branch_labels.py
[2025-05-02 16:55:11,582] {logging_mixin.py:115} INFO - [2025-05-02 16:55:11,582] {dag.py:2379} INFO - Sync 1 DAGs
[2025-05-02 16:55:11,597] {logging_mixin.py:115} INFO - [2025-05-02 16:55:11,597] {dag.py:2927} INFO - Setting next_dagrun for example_branch_labels to 2025-05-01T00:00:00+00:00, run_after=2025-05-02T00:00:00+00:00
[2025-05-02 16:55:11,608] {processor.py:161} INFO - Processing /root/Documents/airflowalu/venv/lib/python3.9/site-packages/airflow/example_dags/example_branch_labels.py took 0.043 seconds
[2025-05-02 16:55:43,391] {processor.py:153} INFO - Started process (PID=4442) to work on /root/Documents/airflowalu/venv/lib/python3.9/site-packages/airflow/example_dags/example_branch_labels.py
[2025-05-02 16:55:43,392] {processor.py:641} INFO - Processing file /root/Documents/airflowalu/venv/lib/python3.9/site-packages/airflow/example_dags/example_branch_labels.py for tasks to queue
[2025-05-02 16:55:43,392] {logging_mixin.py:115} INFO - [2025-05-02 16:55:43,392] {dagbag.py:507} INFO - Filling up the DagBag from /root/Documents/airflowalu/venv/lib/python3.9/site-packages/airflow/example_dags/example_branch_labels.py
[2025-05-02 16:55:43,396] {processor.py:651} INFO - DAG(s) dict_keys(['example_branch_labels']) retrieved from /root/Documents/airflowalu/venv/lib/python3.9/site-packages/airflow/example_dags/example_branch_labels.py
[2025-05-02 16:55:43,405] {logging_mixin.py:115} INFO - [2025-05-02 16:55:43,405] {dag.py:2379} INFO - Sync 1 DAGs
[2025-05-02 16:55:43,417] {logging_mixin.py:115} INFO - [2025-05-02 16:55:43,417] {dag.py:2927} INFO - Setting next_dagrun for example_branch_labels to 2025-05-01T00:00:00+00:00, run_after=2025-05-02T00:00:00+00:00
[2025-05-02 16:55:43,436] {processor.py:161} INFO - Processing /root/Documents/airflowalu/venv/lib/python3.9/site-packages/airflow/example_dags/example_branch_labels.py took 0.047 seconds
[2025-05-02 16:56:16,216] {processor.py:153} INFO - Started process (PID=4580) to work on /root/Documents/airflowalu/venv/lib/python3.9/site-packages/airflow/example_dags/example_branch_labels.py
[2025-05-02 16:56:16,217] {processor.py:641} INFO - Processing file /root/Documents/airflowalu/venv/lib/python3.9/site-packages/airflow/example_dags/example_branch_labels.py for tasks to queue
[2025-05-02 16:56:16,217] {logging_mixin.py:115} INFO - [2025-05-02 16:56:16,217] {dagbag.py:507} INFO - Filling up the DagBag from /root/Documents/airflowalu/venv/lib/python3.9/site-packages/airflow/example_dags/example_branch_labels.py
[2025-05-02 16:56:16,220] {processor.py:651} INFO - DAG(s) dict_keys(['example_branch_labels']) retrieved from /root/Documents/airflowalu/venv/lib/python3.9/site-packages/airflow/example_dags/example_branch_labels.py
[2025-05-02 16:56:16,230] {logging_mixin.py:115} INFO - [2025-05-02 16:56:16,230] {dag.py:2379} INFO - Sync 1 DAGs
[2025-05-02 16:56:16,243] {logging_mixin.py:115} INFO - [2025-05-02 16:56:16,243] {dag.py:2927} INFO - Setting next_dagrun for example_branch_labels to 2025-05-01T00:00:00+00:00, run_after=2025-05-02T00:00:00+00:00
[2025-05-02 16:56:16,255] {processor.py:161} INFO - Processing /root/Documents/airflowalu/venv/lib/python3.9/site-packages/airflow/example_dags/example_branch_labels.py took 0.040 seconds
[2025-05-02 16:56:46,610] {processor.py:153} INFO - Started process (PID=4704) to work on /root/Documents/airflowalu/venv/lib/python3.9/site-packages/airflow/example_dags/example_branch_labels.py
[2025-05-02 16:56:46,610] {processor.py:641} INFO - Processing file /root/Documents/airflowalu/venv/lib/python3.9/site-packages/airflow/example_dags/example_branch_labels.py for tasks to queue
[2025-05-02 16:56:46,611] {logging_mixin.py:115} INFO - [2025-05-02 16:56:46,611] {dagbag.py:507} INFO - Filling up the DagBag from /root/Documents/airflowalu/venv/lib/python3.9/site-packages/airflow/example_dags/example_branch_labels.py
[2025-05-02 16:56:46,614] {processor.py:651} INFO - DAG(s) dict_keys(['example_branch_labels']) retrieved from /root/Documents/airflowalu/venv/lib/python3.9/site-packages/airflow/example_dags/example_branch_labels.py
[2025-05-02 16:56:46,623] {logging_mixin.py:115} INFO - [2025-05-02 16:56:46,623] {dag.py:2379} INFO - Sync 1 DAGs
[2025-05-02 16:56:46,635] {logging_mixin.py:115} INFO - [2025-05-02 16:56:46,635] {dag.py:2927} INFO - Setting next_dagrun for example_branch_labels to 2025-05-01T00:00:00+00:00, run_after=2025-05-02T00:00:00+00:00
[2025-05-02 16:56:46,646] {processor.py:161} INFO - Processing /root/Documents/airflowalu/venv/lib/python3.9/site-packages/airflow/example_dags/example_branch_labels.py took 0.038 seconds
[2025-05-02 16:57:18,269] {processor.py:153} INFO - Started process (PID=4847) to work on /root/Documents/airflowalu/venv/lib/python3.9/site-packages/airflow/example_dags/example_branch_labels.py
[2025-05-02 16:57:18,270] {processor.py:641} INFO - Processing file /root/Documents/airflowalu/venv/lib/python3.9/site-packages/airflow/example_dags/example_branch_labels.py for tasks to queue
[2025-05-02 16:57:18,270] {logging_mixin.py:115} INFO - [2025-05-02 16:57:18,270] {dagbag.py:507} INFO - Filling up the DagBag from /root/Documents/airflowalu/venv/lib/python3.9/site-packages/airflow/example_dags/example_branch_labels.py
[2025-05-02 16:57:18,273] {processor.py:651} INFO - DAG(s) dict_keys(['example_branch_labels']) retrieved from /root/Documents/airflowalu/venv/lib/python3.9/site-packages/airflow/example_dags/example_branch_labels.py
[2025-05-02 16:57:18,282] {logging_mixin.py:115} INFO - [2025-05-02 16:57:18,282] {dag.py:2379} INFO - Sync 1 DAGs
[2025-05-02 16:57:18,292] {logging_mixin.py:115} INFO - [2025-05-02 16:57:18,292] {dag.py:2927} INFO - Setting next_dagrun for example_branch_labels to 2025-05-01T00:00:00+00:00, run_after=2025-05-02T00:00:00+00:00
[2025-05-02 16:57:18,308] {processor.py:161} INFO - Processing /root/Documents/airflowalu/venv/lib/python3.9/site-packages/airflow/example_dags/example_branch_labels.py took 0.040 seconds
[2025-05-02 16:57:48,922] {processor.py:153} INFO - Started process (PID=4972) to work on /root/Documents/airflowalu/venv/lib/python3.9/site-packages/airflow/example_dags/example_branch_labels.py
[2025-05-02 16:57:48,923] {processor.py:641} INFO - Processing file /root/Documents/airflowalu/venv/lib/python3.9/site-packages/airflow/example_dags/example_branch_labels.py for tasks to queue
[2025-05-02 16:57:48,923] {logging_mixin.py:115} INFO - [2025-05-02 16:57:48,923] {dagbag.py:507} INFO - Filling up the DagBag from /root/Documents/airflowalu/venv/lib/python3.9/site-packages/airflow/example_dags/example_branch_labels.py
[2025-05-02 16:57:48,926] {processor.py:651} INFO - DAG(s) dict_keys(['example_branch_labels']) retrieved from /root/Documents/airflowalu/venv/lib/python3.9/site-packages/airflow/example_dags/example_branch_labels.py
[2025-05-02 16:57:48,935] {logging_mixin.py:115} INFO - [2025-05-02 16:57:48,935] {dag.py:2379} INFO - Sync 1 DAGs
[2025-05-02 16:57:48,946] {logging_mixin.py:115} INFO - [2025-05-02 16:57:48,946] {dag.py:2927} INFO - Setting next_dagrun for example_branch_labels to 2025-05-01T00:00:00+00:00, run_after=2025-05-02T00:00:00+00:00
[2025-05-02 16:57:48,956] {processor.py:161} INFO - Processing /root/Documents/airflowalu/venv/lib/python3.9/site-packages/airflow/example_dags/example_branch_labels.py took 0.035 seconds
[2025-05-02 16:58:20,359] {processor.py:153} INFO - Started process (PID=5120) to work on /root/Documents/airflowalu/venv/lib/python3.9/site-packages/airflow/example_dags/example_branch_labels.py
[2025-05-02 16:58:20,359] {processor.py:641} INFO - Processing file /root/Documents/airflowalu/venv/lib/python3.9/site-packages/airflow/example_dags/example_branch_labels.py for tasks to queue
[2025-05-02 16:58:20,359] {logging_mixin.py:115} INFO - [2025-05-02 16:58:20,359] {dagbag.py:507} INFO - Filling up the DagBag from /root/Documents/airflowalu/venv/lib/python3.9/site-packages/airflow/example_dags/example_branch_labels.py
[2025-05-02 16:58:20,362] {processor.py:651} INFO - DAG(s) dict_keys(['example_branch_labels']) retrieved from /root/Documents/airflowalu/venv/lib/python3.9/site-packages/airflow/example_dags/example_branch_labels.py
[2025-05-02 16:58:20,371] {logging_mixin.py:115} INFO - [2025-05-02 16:58:20,371] {dag.py:2379} INFO - Sync 1 DAGs
[2025-05-02 16:58:20,381] {logging_mixin.py:115} INFO - [2025-05-02 16:58:20,381] {dag.py:2927} INFO - Setting next_dagrun for example_branch_labels to 2025-05-01T00:00:00+00:00, run_after=2025-05-02T00:00:00+00:00
[2025-05-02 16:58:20,391] {processor.py:161} INFO - Processing /root/Documents/airflowalu/venv/lib/python3.9/site-packages/airflow/example_dags/example_branch_labels.py took 0.034 seconds
[2025-05-02 16:58:51,877] {processor.py:153} INFO - Started process (PID=5251) to work on /root/Documents/airflowalu/venv/lib/python3.9/site-packages/airflow/example_dags/example_branch_labels.py
[2025-05-02 16:58:51,877] {processor.py:641} INFO - Processing file /root/Documents/airflowalu/venv/lib/python3.9/site-packages/airflow/example_dags/example_branch_labels.py for tasks to queue
[2025-05-02 16:58:51,878] {logging_mixin.py:115} INFO - [2025-05-02 16:58:51,878] {dagbag.py:507} INFO - Filling up the DagBag from /root/Documents/airflowalu/venv/lib/python3.9/site-packages/airflow/example_dags/example_branch_labels.py
[2025-05-02 16:58:51,881] {processor.py:651} INFO - DAG(s) dict_keys(['example_branch_labels']) retrieved from /root/Documents/airflowalu/venv/lib/python3.9/site-packages/airflow/example_dags/example_branch_labels.py
[2025-05-02 16:58:51,889] {logging_mixin.py:115} INFO - [2025-05-02 16:58:51,889] {dag.py:2379} INFO - Sync 1 DAGs
[2025-05-02 16:58:51,901] {logging_mixin.py:115} INFO - [2025-05-02 16:58:51,901] {dag.py:2927} INFO - Setting next_dagrun for example_branch_labels to 2025-05-01T00:00:00+00:00, run_after=2025-05-02T00:00:00+00:00
[2025-05-02 16:58:51,913] {processor.py:161} INFO - Processing /root/Documents/airflowalu/venv/lib/python3.9/site-packages/airflow/example_dags/example_branch_labels.py took 0.037 seconds
[2025-05-02 16:59:24,950] {processor.py:153} INFO - Started process (PID=5390) to work on /root/Documents/airflowalu/venv/lib/python3.9/site-packages/airflow/example_dags/example_branch_labels.py
[2025-05-02 16:59:24,950] {processor.py:641} INFO - Processing file /root/Documents/airflowalu/venv/lib/python3.9/site-packages/airflow/example_dags/example_branch_labels.py for tasks to queue
[2025-05-02 16:59:24,951] {logging_mixin.py:115} INFO - [2025-05-02 16:59:24,951] {dagbag.py:507} INFO - Filling up the DagBag from /root/Documents/airflowalu/venv/lib/python3.9/site-packages/airflow/example_dags/example_branch_labels.py
[2025-05-02 16:59:24,954] {processor.py:651} INFO - DAG(s) dict_keys(['example_branch_labels']) retrieved from /root/Documents/airflowalu/venv/lib/python3.9/site-packages/airflow/example_dags/example_branch_labels.py
[2025-05-02 16:59:24,962] {logging_mixin.py:115} INFO - [2025-05-02 16:59:24,962] {dag.py:2379} INFO - Sync 1 DAGs
[2025-05-02 16:59:24,974] {logging_mixin.py:115} INFO - [2025-05-02 16:59:24,974] {dag.py:2927} INFO - Setting next_dagrun for example_branch_labels to 2025-05-01T00:00:00+00:00, run_after=2025-05-02T00:00:00+00:00
[2025-05-02 16:59:24,984] {processor.py:161} INFO - Processing /root/Documents/airflowalu/venv/lib/python3.9/site-packages/airflow/example_dags/example_branch_labels.py took 0.036 seconds
[2025-05-02 16:59:55,638] {processor.py:153} INFO - Started process (PID=5521) to work on /root/Documents/airflowalu/venv/lib/python3.9/site-packages/airflow/example_dags/example_branch_labels.py
[2025-05-02 16:59:55,639] {processor.py:641} INFO - Processing file /root/Documents/airflowalu/venv/lib/python3.9/site-packages/airflow/example_dags/example_branch_labels.py for tasks to queue
[2025-05-02 16:59:55,639] {logging_mixin.py:115} INFO - [2025-05-02 16:59:55,639] {dagbag.py:507} INFO - Filling up the DagBag from /root/Documents/airflowalu/venv/lib/python3.9/site-packages/airflow/example_dags/example_branch_labels.py
[2025-05-02 16:59:55,642] {processor.py:651} INFO - DAG(s) dict_keys(['example_branch_labels']) retrieved from /root/Documents/airflowalu/venv/lib/python3.9/site-packages/airflow/example_dags/example_branch_labels.py
[2025-05-02 16:59:55,651] {logging_mixin.py:115} INFO - [2025-05-02 16:59:55,651] {dag.py:2379} INFO - Sync 1 DAGs
[2025-05-02 16:59:55,662] {logging_mixin.py:115} INFO - [2025-05-02 16:59:55,662] {dag.py:2927} INFO - Setting next_dagrun for example_branch_labels to 2025-05-01T00:00:00+00:00, run_after=2025-05-02T00:00:00+00:00
[2025-05-02 16:59:55,674] {processor.py:161} INFO - Processing /root/Documents/airflowalu/venv/lib/python3.9/site-packages/airflow/example_dags/example_branch_labels.py took 0.037 seconds
[2025-05-02 17:00:30,374] {processor.py:153} INFO - Started process (PID=5668) to work on /root/Documents/airflowalu/venv/lib/python3.9/site-packages/airflow/example_dags/example_branch_labels.py
[2025-05-02 17:00:30,375] {processor.py:641} INFO - Processing file /root/Documents/airflowalu/venv/lib/python3.9/site-packages/airflow/example_dags/example_branch_labels.py for tasks to queue
[2025-05-02 17:00:30,375] {logging_mixin.py:115} INFO - [2025-05-02 17:00:30,375] {dagbag.py:507} INFO - Filling up the DagBag from /root/Documents/airflowalu/venv/lib/python3.9/site-packages/airflow/example_dags/example_branch_labels.py
[2025-05-02 17:00:30,378] {processor.py:651} INFO - DAG(s) dict_keys(['example_branch_labels']) retrieved from /root/Documents/airflowalu/venv/lib/python3.9/site-packages/airflow/example_dags/example_branch_labels.py
[2025-05-02 17:00:30,387] {logging_mixin.py:115} INFO - [2025-05-02 17:00:30,387] {dag.py:2379} INFO - Sync 1 DAGs
[2025-05-02 17:00:30,400] {logging_mixin.py:115} INFO - [2025-05-02 17:00:30,400] {dag.py:2927} INFO - Setting next_dagrun for example_branch_labels to 2025-05-01T00:00:00+00:00, run_after=2025-05-02T00:00:00+00:00
[2025-05-02 17:00:30,411] {processor.py:161} INFO - Processing /root/Documents/airflowalu/venv/lib/python3.9/site-packages/airflow/example_dags/example_branch_labels.py took 0.038 seconds
[2025-05-02 17:01:02,921] {processor.py:153} INFO - Started process (PID=5801) to work on /root/Documents/airflowalu/venv/lib/python3.9/site-packages/airflow/example_dags/example_branch_labels.py
[2025-05-02 17:01:02,922] {processor.py:641} INFO - Processing file /root/Documents/airflowalu/venv/lib/python3.9/site-packages/airflow/example_dags/example_branch_labels.py for tasks to queue
[2025-05-02 17:01:02,922] {logging_mixin.py:115} INFO - [2025-05-02 17:01:02,922] {dagbag.py:507} INFO - Filling up the DagBag from /root/Documents/airflowalu/venv/lib/python3.9/site-packages/airflow/example_dags/example_branch_labels.py
[2025-05-02 17:01:02,928] {processor.py:651} INFO - DAG(s) dict_keys(['example_branch_labels']) retrieved from /root/Documents/airflowalu/venv/lib/python3.9/site-packages/airflow/example_dags/example_branch_labels.py
[2025-05-02 17:01:02,940] {logging_mixin.py:115} INFO - [2025-05-02 17:01:02,940] {dag.py:2379} INFO - Sync 1 DAGs
[2025-05-02 17:01:02,954] {logging_mixin.py:115} INFO - [2025-05-02 17:01:02,954] {dag.py:2927} INFO - Setting next_dagrun for example_branch_labels to 2025-05-01T00:00:00+00:00, run_after=2025-05-02T00:00:00+00:00
[2025-05-02 17:01:02,965] {processor.py:161} INFO - Processing /root/Documents/airflowalu/venv/lib/python3.9/site-packages/airflow/example_dags/example_branch_labels.py took 0.045 seconds
[2025-05-02 17:01:34,487] {processor.py:153} INFO - Started process (PID=5941) to work on /root/Documents/airflowalu/venv/lib/python3.9/site-packages/airflow/example_dags/example_branch_labels.py
[2025-05-02 17:01:34,488] {processor.py:641} INFO - Processing file /root/Documents/airflowalu/venv/lib/python3.9/site-packages/airflow/example_dags/example_branch_labels.py for tasks to queue
[2025-05-02 17:01:34,488] {logging_mixin.py:115} INFO - [2025-05-02 17:01:34,488] {dagbag.py:507} INFO - Filling up the DagBag from /root/Documents/airflowalu/venv/lib/python3.9/site-packages/airflow/example_dags/example_branch_labels.py
[2025-05-02 17:01:34,491] {processor.py:651} INFO - DAG(s) dict_keys(['example_branch_labels']) retrieved from /root/Documents/airflowalu/venv/lib/python3.9/site-packages/airflow/example_dags/example_branch_labels.py
[2025-05-02 17:01:34,501] {logging_mixin.py:115} INFO - [2025-05-02 17:01:34,500] {dag.py:2379} INFO - Sync 1 DAGs
[2025-05-02 17:01:34,511] {logging_mixin.py:115} INFO - [2025-05-02 17:01:34,511] {dag.py:2927} INFO - Setting next_dagrun for example_branch_labels to 2025-05-01T00:00:00+00:00, run_after=2025-05-02T00:00:00+00:00
[2025-05-02 17:01:34,521] {processor.py:161} INFO - Processing /root/Documents/airflowalu/venv/lib/python3.9/site-packages/airflow/example_dags/example_branch_labels.py took 0.035 seconds
[2025-05-02 17:02:06,274] {processor.py:153} INFO - Started process (PID=6074) to work on /root/Documents/airflowalu/venv/lib/python3.9/site-packages/airflow/example_dags/example_branch_labels.py
[2025-05-02 17:02:06,274] {processor.py:641} INFO - Processing file /root/Documents/airflowalu/venv/lib/python3.9/site-packages/airflow/example_dags/example_branch_labels.py for tasks to queue
[2025-05-02 17:02:06,275] {logging_mixin.py:115} INFO - [2025-05-02 17:02:06,275] {dagbag.py:507} INFO - Filling up the DagBag from /root/Documents/airflowalu/venv/lib/python3.9/site-packages/airflow/example_dags/example_branch_labels.py
[2025-05-02 17:02:06,278] {processor.py:651} INFO - DAG(s) dict_keys(['example_branch_labels']) retrieved from /root/Documents/airflowalu/venv/lib/python3.9/site-packages/airflow/example_dags/example_branch_labels.py
[2025-05-02 17:02:06,286] {logging_mixin.py:115} INFO - [2025-05-02 17:02:06,286] {dag.py:2379} INFO - Sync 1 DAGs
[2025-05-02 17:02:06,297] {logging_mixin.py:115} INFO - [2025-05-02 17:02:06,297] {dag.py:2927} INFO - Setting next_dagrun for example_branch_labels to 2025-05-01T00:00:00+00:00, run_after=2025-05-02T00:00:00+00:00
[2025-05-02 17:02:06,308] {processor.py:161} INFO - Processing /root/Documents/airflowalu/venv/lib/python3.9/site-packages/airflow/example_dags/example_branch_labels.py took 0.036 seconds
[2025-05-02 17:02:38,834] {processor.py:153} INFO - Started process (PID=6211) to work on /root/Documents/airflowalu/venv/lib/python3.9/site-packages/airflow/example_dags/example_branch_labels.py
[2025-05-02 17:02:38,835] {processor.py:641} INFO - Processing file /root/Documents/airflowalu/venv/lib/python3.9/site-packages/airflow/example_dags/example_branch_labels.py for tasks to queue
[2025-05-02 17:02:38,835] {logging_mixin.py:115} INFO - [2025-05-02 17:02:38,835] {dagbag.py:507} INFO - Filling up the DagBag from /root/Documents/airflowalu/venv/lib/python3.9/site-packages/airflow/example_dags/example_branch_labels.py
[2025-05-02 17:02:38,838] {processor.py:651} INFO - DAG(s) dict_keys(['example_branch_labels']) retrieved from /root/Documents/airflowalu/venv/lib/python3.9/site-packages/airflow/example_dags/example_branch_labels.py
[2025-05-02 17:02:38,847] {logging_mixin.py:115} INFO - [2025-05-02 17:02:38,847] {dag.py:2379} INFO - Sync 1 DAGs
[2025-05-02 17:02:38,859] {logging_mixin.py:115} INFO - [2025-05-02 17:02:38,858] {dag.py:2927} INFO - Setting next_dagrun for example_branch_labels to 2025-05-01T00:00:00+00:00, run_after=2025-05-02T00:00:00+00:00
[2025-05-02 17:02:38,869] {processor.py:161} INFO - Processing /root/Documents/airflowalu/venv/lib/python3.9/site-packages/airflow/example_dags/example_branch_labels.py took 0.036 seconds
[2025-05-02 17:03:11,243] {processor.py:153} INFO - Started process (PID=6349) to work on /root/Documents/airflowalu/venv/lib/python3.9/site-packages/airflow/example_dags/example_branch_labels.py
[2025-05-02 17:03:11,244] {processor.py:641} INFO - Processing file /root/Documents/airflowalu/venv/lib/python3.9/site-packages/airflow/example_dags/example_branch_labels.py for tasks to queue
[2025-05-02 17:03:11,245] {logging_mixin.py:115} INFO - [2025-05-02 17:03:11,245] {dagbag.py:507} INFO - Filling up the DagBag from /root/Documents/airflowalu/venv/lib/python3.9/site-packages/airflow/example_dags/example_branch_labels.py
[2025-05-02 17:03:11,248] {processor.py:651} INFO - DAG(s) dict_keys(['example_branch_labels']) retrieved from /root/Documents/airflowalu/venv/lib/python3.9/site-packages/airflow/example_dags/example_branch_labels.py
[2025-05-02 17:03:11,260] {logging_mixin.py:115} INFO - [2025-05-02 17:03:11,259] {dag.py:2379} INFO - Sync 1 DAGs
[2025-05-02 17:03:11,275] {logging_mixin.py:115} INFO - [2025-05-02 17:03:11,274] {dag.py:2927} INFO - Setting next_dagrun for example_branch_labels to 2025-05-01T00:00:00+00:00, run_after=2025-05-02T00:00:00+00:00
[2025-05-02 17:03:11,287] {processor.py:161} INFO - Processing /root/Documents/airflowalu/venv/lib/python3.9/site-packages/airflow/example_dags/example_branch_labels.py took 0.045 seconds
[2025-05-02 17:03:43,323] {processor.py:153} INFO - Started process (PID=6487) to work on /root/Documents/airflowalu/venv/lib/python3.9/site-packages/airflow/example_dags/example_branch_labels.py
[2025-05-02 17:03:43,324] {processor.py:641} INFO - Processing file /root/Documents/airflowalu/venv/lib/python3.9/site-packages/airflow/example_dags/example_branch_labels.py for tasks to queue
[2025-05-02 17:03:43,324] {logging_mixin.py:115} INFO - [2025-05-02 17:03:43,324] {dagbag.py:507} INFO - Filling up the DagBag from /root/Documents/airflowalu/venv/lib/python3.9/site-packages/airflow/example_dags/example_branch_labels.py
[2025-05-02 17:03:43,328] {processor.py:651} INFO - DAG(s) dict_keys(['example_branch_labels']) retrieved from /root/Documents/airflowalu/venv/lib/python3.9/site-packages/airflow/example_dags/example_branch_labels.py
[2025-05-02 17:03:43,337] {logging_mixin.py:115} INFO - [2025-05-02 17:03:43,337] {dag.py:2379} INFO - Sync 1 DAGs
[2025-05-02 17:03:43,349] {logging_mixin.py:115} INFO - [2025-05-02 17:03:43,349] {dag.py:2927} INFO - Setting next_dagrun for example_branch_labels to 2025-05-01T00:00:00+00:00, run_after=2025-05-02T00:00:00+00:00
[2025-05-02 17:03:43,360] {processor.py:161} INFO - Processing /root/Documents/airflowalu/venv/lib/python3.9/site-packages/airflow/example_dags/example_branch_labels.py took 0.039 seconds
[2025-05-02 17:04:13,966] {processor.py:153} INFO - Started process (PID=6620) to work on /root/Documents/airflowalu/venv/lib/python3.9/site-packages/airflow/example_dags/example_branch_labels.py
[2025-05-02 17:04:13,966] {processor.py:641} INFO - Processing file /root/Documents/airflowalu/venv/lib/python3.9/site-packages/airflow/example_dags/example_branch_labels.py for tasks to queue
[2025-05-02 17:04:13,967] {logging_mixin.py:115} INFO - [2025-05-02 17:04:13,967] {dagbag.py:507} INFO - Filling up the DagBag from /root/Documents/airflowalu/venv/lib/python3.9/site-packages/airflow/example_dags/example_branch_labels.py
[2025-05-02 17:04:13,970] {processor.py:651} INFO - DAG(s) dict_keys(['example_branch_labels']) retrieved from /root/Documents/airflowalu/venv/lib/python3.9/site-packages/airflow/example_dags/example_branch_labels.py
[2025-05-02 17:04:13,979] {logging_mixin.py:115} INFO - [2025-05-02 17:04:13,979] {dag.py:2379} INFO - Sync 1 DAGs
[2025-05-02 17:04:13,990] {logging_mixin.py:115} INFO - [2025-05-02 17:04:13,990] {dag.py:2927} INFO - Setting next_dagrun for example_branch_labels to 2025-05-01T00:00:00+00:00, run_after=2025-05-02T00:00:00+00:00
[2025-05-02 17:04:14,000] {processor.py:161} INFO - Processing /root/Documents/airflowalu/venv/lib/python3.9/site-packages/airflow/example_dags/example_branch_labels.py took 0.035 seconds
[2025-05-02 17:04:45,862] {processor.py:153} INFO - Started process (PID=6753) to work on /root/Documents/airflowalu/venv/lib/python3.9/site-packages/airflow/example_dags/example_branch_labels.py
[2025-05-02 17:04:45,863] {processor.py:641} INFO - Processing file /root/Documents/airflowalu/venv/lib/python3.9/site-packages/airflow/example_dags/example_branch_labels.py for tasks to queue
[2025-05-02 17:04:45,863] {logging_mixin.py:115} INFO - [2025-05-02 17:04:45,863] {dagbag.py:507} INFO - Filling up the DagBag from /root/Documents/airflowalu/venv/lib/python3.9/site-packages/airflow/example_dags/example_branch_labels.py
[2025-05-02 17:04:45,867] {processor.py:651} INFO - DAG(s) dict_keys(['example_branch_labels']) retrieved from /root/Documents/airflowalu/venv/lib/python3.9/site-packages/airflow/example_dags/example_branch_labels.py
[2025-05-02 17:04:45,876] {logging_mixin.py:115} INFO - [2025-05-02 17:04:45,875] {dag.py:2379} INFO - Sync 1 DAGs
[2025-05-02 17:04:45,888] {logging_mixin.py:115} INFO - [2025-05-02 17:04:45,888] {dag.py:2927} INFO - Setting next_dagrun for example_branch_labels to 2025-05-01T00:00:00+00:00, run_after=2025-05-02T00:00:00+00:00
[2025-05-02 17:04:45,899] {processor.py:161} INFO - Processing /root/Documents/airflowalu/venv/lib/python3.9/site-packages/airflow/example_dags/example_branch_labels.py took 0.039 seconds
[2025-05-02 17:05:19,302] {processor.py:153} INFO - Started process (PID=6894) to work on /root/Documents/airflowalu/venv/lib/python3.9/site-packages/airflow/example_dags/example_branch_labels.py
[2025-05-02 17:05:19,303] {processor.py:641} INFO - Processing file /root/Documents/airflowalu/venv/lib/python3.9/site-packages/airflow/example_dags/example_branch_labels.py for tasks to queue
[2025-05-02 17:05:19,303] {logging_mixin.py:115} INFO - [2025-05-02 17:05:19,303] {dagbag.py:507} INFO - Filling up the DagBag from /root/Documents/airflowalu/venv/lib/python3.9/site-packages/airflow/example_dags/example_branch_labels.py
[2025-05-02 17:05:19,306] {processor.py:651} INFO - DAG(s) dict_keys(['example_branch_labels']) retrieved from /root/Documents/airflowalu/venv/lib/python3.9/site-packages/airflow/example_dags/example_branch_labels.py
[2025-05-02 17:05:19,315] {logging_mixin.py:115} INFO - [2025-05-02 17:05:19,315] {dag.py:2379} INFO - Sync 1 DAGs
[2025-05-02 17:05:19,327] {logging_mixin.py:115} INFO - [2025-05-02 17:05:19,326] {dag.py:2927} INFO - Setting next_dagrun for example_branch_labels to 2025-05-01T00:00:00+00:00, run_after=2025-05-02T00:00:00+00:00
[2025-05-02 17:05:19,337] {processor.py:161} INFO - Processing /root/Documents/airflowalu/venv/lib/python3.9/site-packages/airflow/example_dags/example_branch_labels.py took 0.037 seconds
[2025-05-02 17:05:50,008] {processor.py:153} INFO - Started process (PID=7026) to work on /root/Documents/airflowalu/venv/lib/python3.9/site-packages/airflow/example_dags/example_branch_labels.py
[2025-05-02 17:05:50,009] {processor.py:641} INFO - Processing file /root/Documents/airflowalu/venv/lib/python3.9/site-packages/airflow/example_dags/example_branch_labels.py for tasks to queue
[2025-05-02 17:05:50,009] {logging_mixin.py:115} INFO - [2025-05-02 17:05:50,009] {dagbag.py:507} INFO - Filling up the DagBag from /root/Documents/airflowalu/venv/lib/python3.9/site-packages/airflow/example_dags/example_branch_labels.py
[2025-05-02 17:05:50,012] {processor.py:651} INFO - DAG(s) dict_keys(['example_branch_labels']) retrieved from /root/Documents/airflowalu/venv/lib/python3.9/site-packages/airflow/example_dags/example_branch_labels.py
[2025-05-02 17:05:50,022] {logging_mixin.py:115} INFO - [2025-05-02 17:05:50,022] {dag.py:2379} INFO - Sync 1 DAGs
[2025-05-02 17:05:50,036] {logging_mixin.py:115} INFO - [2025-05-02 17:05:50,036] {dag.py:2927} INFO - Setting next_dagrun for example_branch_labels to 2025-05-01T00:00:00+00:00, run_after=2025-05-02T00:00:00+00:00
[2025-05-02 17:05:50,048] {processor.py:161} INFO - Processing /root/Documents/airflowalu/venv/lib/python3.9/site-packages/airflow/example_dags/example_branch_labels.py took 0.041 seconds
[2025-05-02 17:06:21,750] {processor.py:153} INFO - Started process (PID=7174) to work on /root/Documents/airflowalu/venv/lib/python3.9/site-packages/airflow/example_dags/example_branch_labels.py
[2025-05-02 17:06:21,751] {processor.py:641} INFO - Processing file /root/Documents/airflowalu/venv/lib/python3.9/site-packages/airflow/example_dags/example_branch_labels.py for tasks to queue
[2025-05-02 17:06:21,751] {logging_mixin.py:115} INFO - [2025-05-02 17:06:21,751] {dagbag.py:507} INFO - Filling up the DagBag from /root/Documents/airflowalu/venv/lib/python3.9/site-packages/airflow/example_dags/example_branch_labels.py
[2025-05-02 17:06:21,754] {processor.py:651} INFO - DAG(s) dict_keys(['example_branch_labels']) retrieved from /root/Documents/airflowalu/venv/lib/python3.9/site-packages/airflow/example_dags/example_branch_labels.py
[2025-05-02 17:06:21,763] {logging_mixin.py:115} INFO - [2025-05-02 17:06:21,763] {dag.py:2379} INFO - Sync 1 DAGs
[2025-05-02 17:06:21,774] {logging_mixin.py:115} INFO - [2025-05-02 17:06:21,774] {dag.py:2927} INFO - Setting next_dagrun for example_branch_labels to 2025-05-01T00:00:00+00:00, run_after=2025-05-02T00:00:00+00:00
[2025-05-02 17:06:21,786] {processor.py:161} INFO - Processing /root/Documents/airflowalu/venv/lib/python3.9/site-packages/airflow/example_dags/example_branch_labels.py took 0.037 seconds
[2025-05-02 17:06:51,745] {processor.py:153} INFO - Started process (PID=7297) to work on /root/Documents/airflowalu/venv/lib/python3.9/site-packages/airflow/example_dags/example_branch_labels.py
[2025-05-02 17:06:51,746] {processor.py:641} INFO - Processing file /root/Documents/airflowalu/venv/lib/python3.9/site-packages/airflow/example_dags/example_branch_labels.py for tasks to queue
[2025-05-02 17:06:51,746] {logging_mixin.py:115} INFO - [2025-05-02 17:06:51,746] {dagbag.py:507} INFO - Filling up the DagBag from /root/Documents/airflowalu/venv/lib/python3.9/site-packages/airflow/example_dags/example_branch_labels.py
[2025-05-02 17:06:51,749] {processor.py:651} INFO - DAG(s) dict_keys(['example_branch_labels']) retrieved from /root/Documents/airflowalu/venv/lib/python3.9/site-packages/airflow/example_dags/example_branch_labels.py
[2025-05-02 17:06:51,758] {logging_mixin.py:115} INFO - [2025-05-02 17:06:51,758] {dag.py:2379} INFO - Sync 1 DAGs
[2025-05-02 17:06:51,769] {logging_mixin.py:115} INFO - [2025-05-02 17:06:51,769] {dag.py:2927} INFO - Setting next_dagrun for example_branch_labels to 2025-05-01T00:00:00+00:00, run_after=2025-05-02T00:00:00+00:00
[2025-05-02 17:06:51,778] {processor.py:161} INFO - Processing /root/Documents/airflowalu/venv/lib/python3.9/site-packages/airflow/example_dags/example_branch_labels.py took 0.035 seconds
[2025-05-02 17:07:23,254] {processor.py:153} INFO - Started process (PID=7431) to work on /root/Documents/airflowalu/venv/lib/python3.9/site-packages/airflow/example_dags/example_branch_labels.py
[2025-05-02 17:07:23,254] {processor.py:641} INFO - Processing file /root/Documents/airflowalu/venv/lib/python3.9/site-packages/airflow/example_dags/example_branch_labels.py for tasks to queue
[2025-05-02 17:07:23,255] {logging_mixin.py:115} INFO - [2025-05-02 17:07:23,255] {dagbag.py:507} INFO - Filling up the DagBag from /root/Documents/airflowalu/venv/lib/python3.9/site-packages/airflow/example_dags/example_branch_labels.py
[2025-05-02 17:07:23,259] {processor.py:651} INFO - DAG(s) dict_keys(['example_branch_labels']) retrieved from /root/Documents/airflowalu/venv/lib/python3.9/site-packages/airflow/example_dags/example_branch_labels.py
[2025-05-02 17:07:23,271] {logging_mixin.py:115} INFO - [2025-05-02 17:07:23,271] {dag.py:2379} INFO - Sync 1 DAGs
[2025-05-02 17:07:23,285] {logging_mixin.py:115} INFO - [2025-05-02 17:07:23,285] {dag.py:2927} INFO - Setting next_dagrun for example_branch_labels to 2025-05-01T00:00:00+00:00, run_after=2025-05-02T00:00:00+00:00
[2025-05-02 17:07:23,296] {processor.py:161} INFO - Processing /root/Documents/airflowalu/venv/lib/python3.9/site-packages/airflow/example_dags/example_branch_labels.py took 0.044 seconds
[2025-05-02 17:07:54,993] {processor.py:153} INFO - Started process (PID=7567) to work on /root/Documents/airflowalu/venv/lib/python3.9/site-packages/airflow/example_dags/example_branch_labels.py
[2025-05-02 17:07:54,993] {processor.py:641} INFO - Processing file /root/Documents/airflowalu/venv/lib/python3.9/site-packages/airflow/example_dags/example_branch_labels.py for tasks to queue
[2025-05-02 17:07:54,994] {logging_mixin.py:115} INFO - [2025-05-02 17:07:54,994] {dagbag.py:507} INFO - Filling up the DagBag from /root/Documents/airflowalu/venv/lib/python3.9/site-packages/airflow/example_dags/example_branch_labels.py
[2025-05-02 17:07:54,997] {processor.py:651} INFO - DAG(s) dict_keys(['example_branch_labels']) retrieved from /root/Documents/airflowalu/venv/lib/python3.9/site-packages/airflow/example_dags/example_branch_labels.py
[2025-05-02 17:07:55,007] {logging_mixin.py:115} INFO - [2025-05-02 17:07:55,007] {dag.py:2379} INFO - Sync 1 DAGs
[2025-05-02 17:07:55,019] {logging_mixin.py:115} INFO - [2025-05-02 17:07:55,019] {dag.py:2927} INFO - Setting next_dagrun for example_branch_labels to 2025-05-01T00:00:00+00:00, run_after=2025-05-02T00:00:00+00:00
[2025-05-02 17:07:55,030] {processor.py:161} INFO - Processing /root/Documents/airflowalu/venv/lib/python3.9/site-packages/airflow/example_dags/example_branch_labels.py took 0.039 seconds
[2025-05-02 17:08:27,422] {processor.py:153} INFO - Started process (PID=7702) to work on /root/Documents/airflowalu/venv/lib/python3.9/site-packages/airflow/example_dags/example_branch_labels.py
[2025-05-02 17:08:27,422] {processor.py:641} INFO - Processing file /root/Documents/airflowalu/venv/lib/python3.9/site-packages/airflow/example_dags/example_branch_labels.py for tasks to queue
[2025-05-02 17:08:27,423] {logging_mixin.py:115} INFO - [2025-05-02 17:08:27,423] {dagbag.py:507} INFO - Filling up the DagBag from /root/Documents/airflowalu/venv/lib/python3.9/site-packages/airflow/example_dags/example_branch_labels.py
[2025-05-02 17:08:27,426] {processor.py:651} INFO - DAG(s) dict_keys(['example_branch_labels']) retrieved from /root/Documents/airflowalu/venv/lib/python3.9/site-packages/airflow/example_dags/example_branch_labels.py
[2025-05-02 17:08:27,437] {logging_mixin.py:115} INFO - [2025-05-02 17:08:27,437] {dag.py:2379} INFO - Sync 1 DAGs
[2025-05-02 17:08:27,452] {logging_mixin.py:115} INFO - [2025-05-02 17:08:27,452] {dag.py:2927} INFO - Setting next_dagrun for example_branch_labels to 2025-05-01T00:00:00+00:00, run_after=2025-05-02T00:00:00+00:00
[2025-05-02 17:08:27,466] {processor.py:161} INFO - Processing /root/Documents/airflowalu/venv/lib/python3.9/site-packages/airflow/example_dags/example_branch_labels.py took 0.046 seconds
[2025-05-02 17:08:59,391] {processor.py:153} INFO - Started process (PID=7841) to work on /root/Documents/airflowalu/venv/lib/python3.9/site-packages/airflow/example_dags/example_branch_labels.py
[2025-05-02 17:08:59,391] {processor.py:641} INFO - Processing file /root/Documents/airflowalu/venv/lib/python3.9/site-packages/airflow/example_dags/example_branch_labels.py for tasks to queue
[2025-05-02 17:08:59,392] {logging_mixin.py:115} INFO - [2025-05-02 17:08:59,392] {dagbag.py:507} INFO - Filling up the DagBag from /root/Documents/airflowalu/venv/lib/python3.9/site-packages/airflow/example_dags/example_branch_labels.py
[2025-05-02 17:08:59,395] {processor.py:651} INFO - DAG(s) dict_keys(['example_branch_labels']) retrieved from /root/Documents/airflowalu/venv/lib/python3.9/site-packages/airflow/example_dags/example_branch_labels.py
[2025-05-02 17:08:59,404] {logging_mixin.py:115} INFO - [2025-05-02 17:08:59,404] {dag.py:2379} INFO - Sync 1 DAGs
[2025-05-02 17:08:59,416] {logging_mixin.py:115} INFO - [2025-05-02 17:08:59,415] {dag.py:2927} INFO - Setting next_dagrun for example_branch_labels to 2025-05-01T00:00:00+00:00, run_after=2025-05-02T00:00:00+00:00
[2025-05-02 17:08:59,425] {processor.py:161} INFO - Processing /root/Documents/airflowalu/venv/lib/python3.9/site-packages/airflow/example_dags/example_branch_labels.py took 0.036 seconds
[2025-05-02 17:09:30,974] {processor.py:153} INFO - Started process (PID=7973) to work on /root/Documents/airflowalu/venv/lib/python3.9/site-packages/airflow/example_dags/example_branch_labels.py
[2025-05-02 17:09:30,975] {processor.py:641} INFO - Processing file /root/Documents/airflowalu/venv/lib/python3.9/site-packages/airflow/example_dags/example_branch_labels.py for tasks to queue
[2025-05-02 17:09:30,975] {logging_mixin.py:115} INFO - [2025-05-02 17:09:30,975] {dagbag.py:507} INFO - Filling up the DagBag from /root/Documents/airflowalu/venv/lib/python3.9/site-packages/airflow/example_dags/example_branch_labels.py
[2025-05-02 17:09:30,979] {processor.py:651} INFO - DAG(s) dict_keys(['example_branch_labels']) retrieved from /root/Documents/airflowalu/venv/lib/python3.9/site-packages/airflow/example_dags/example_branch_labels.py
[2025-05-02 17:09:30,988] {logging_mixin.py:115} INFO - [2025-05-02 17:09:30,987] {dag.py:2379} INFO - Sync 1 DAGs
[2025-05-02 17:09:30,999] {logging_mixin.py:115} INFO - [2025-05-02 17:09:30,998] {dag.py:2927} INFO - Setting next_dagrun for example_branch_labels to 2025-05-01T00:00:00+00:00, run_after=2025-05-02T00:00:00+00:00
[2025-05-02 17:09:31,009] {processor.py:161} INFO - Processing /root/Documents/airflowalu/venv/lib/python3.9/site-packages/airflow/example_dags/example_branch_labels.py took 0.036 seconds
[2025-05-02 17:10:02,473] {processor.py:153} INFO - Started process (PID=8106) to work on /root/Documents/airflowalu/venv/lib/python3.9/site-packages/airflow/example_dags/example_branch_labels.py
[2025-05-02 17:10:02,474] {processor.py:641} INFO - Processing file /root/Documents/airflowalu/venv/lib/python3.9/site-packages/airflow/example_dags/example_branch_labels.py for tasks to queue
[2025-05-02 17:10:02,474] {logging_mixin.py:115} INFO - [2025-05-02 17:10:02,474] {dagbag.py:507} INFO - Filling up the DagBag from /root/Documents/airflowalu/venv/lib/python3.9/site-packages/airflow/example_dags/example_branch_labels.py
[2025-05-02 17:10:02,477] {processor.py:651} INFO - DAG(s) dict_keys(['example_branch_labels']) retrieved from /root/Documents/airflowalu/venv/lib/python3.9/site-packages/airflow/example_dags/example_branch_labels.py
[2025-05-02 17:10:02,486] {logging_mixin.py:115} INFO - [2025-05-02 17:10:02,486] {dag.py:2379} INFO - Sync 1 DAGs
[2025-05-02 17:10:02,497] {logging_mixin.py:115} INFO - [2025-05-02 17:10:02,497] {dag.py:2927} INFO - Setting next_dagrun for example_branch_labels to 2025-05-01T00:00:00+00:00, run_after=2025-05-02T00:00:00+00:00
[2025-05-02 17:10:02,506] {processor.py:161} INFO - Processing /root/Documents/airflowalu/venv/lib/python3.9/site-packages/airflow/example_dags/example_branch_labels.py took 0.035 seconds
[2025-05-02 17:10:33,105] {processor.py:153} INFO - Started process (PID=8237) to work on /root/Documents/airflowalu/venv/lib/python3.9/site-packages/airflow/example_dags/example_branch_labels.py
[2025-05-02 17:10:33,106] {processor.py:641} INFO - Processing file /root/Documents/airflowalu/venv/lib/python3.9/site-packages/airflow/example_dags/example_branch_labels.py for tasks to queue
[2025-05-02 17:10:33,106] {logging_mixin.py:115} INFO - [2025-05-02 17:10:33,106] {dagbag.py:507} INFO - Filling up the DagBag from /root/Documents/airflowalu/venv/lib/python3.9/site-packages/airflow/example_dags/example_branch_labels.py
[2025-05-02 17:10:33,109] {processor.py:651} INFO - DAG(s) dict_keys(['example_branch_labels']) retrieved from /root/Documents/airflowalu/venv/lib/python3.9/site-packages/airflow/example_dags/example_branch_labels.py
[2025-05-02 17:10:33,118] {logging_mixin.py:115} INFO - [2025-05-02 17:10:33,118] {dag.py:2379} INFO - Sync 1 DAGs
[2025-05-02 17:10:33,129] {logging_mixin.py:115} INFO - [2025-05-02 17:10:33,129] {dag.py:2927} INFO - Setting next_dagrun for example_branch_labels to 2025-05-01T00:00:00+00:00, run_after=2025-05-02T00:00:00+00:00
[2025-05-02 17:10:33,139] {processor.py:161} INFO - Processing /root/Documents/airflowalu/venv/lib/python3.9/site-packages/airflow/example_dags/example_branch_labels.py took 0.036 seconds
[2025-05-02 17:11:05,701] {processor.py:153} INFO - Started process (PID=8386) to work on /root/Documents/airflowalu/venv/lib/python3.9/site-packages/airflow/example_dags/example_branch_labels.py
[2025-05-02 17:11:05,702] {processor.py:641} INFO - Processing file /root/Documents/airflowalu/venv/lib/python3.9/site-packages/airflow/example_dags/example_branch_labels.py for tasks to queue
[2025-05-02 17:11:05,702] {logging_mixin.py:115} INFO - [2025-05-02 17:11:05,702] {dagbag.py:507} INFO - Filling up the DagBag from /root/Documents/airflowalu/venv/lib/python3.9/site-packages/airflow/example_dags/example_branch_labels.py
[2025-05-02 17:11:05,705] {processor.py:651} INFO - DAG(s) dict_keys(['example_branch_labels']) retrieved from /root/Documents/airflowalu/venv/lib/python3.9/site-packages/airflow/example_dags/example_branch_labels.py
[2025-05-02 17:11:05,715] {logging_mixin.py:115} INFO - [2025-05-02 17:11:05,715] {dag.py:2379} INFO - Sync 1 DAGs
[2025-05-02 17:11:05,727] {logging_mixin.py:115} INFO - [2025-05-02 17:11:05,727] {dag.py:2927} INFO - Setting next_dagrun for example_branch_labels to 2025-05-01T00:00:00+00:00, run_after=2025-05-02T00:00:00+00:00
[2025-05-02 17:11:05,737] {processor.py:161} INFO - Processing /root/Documents/airflowalu/venv/lib/python3.9/site-packages/airflow/example_dags/example_branch_labels.py took 0.038 seconds
[2025-05-02 17:11:39,502] {processor.py:153} INFO - Started process (PID=8529) to work on /root/Documents/airflowalu/venv/lib/python3.9/site-packages/airflow/example_dags/example_branch_labels.py
[2025-05-02 17:11:39,503] {processor.py:641} INFO - Processing file /root/Documents/airflowalu/venv/lib/python3.9/site-packages/airflow/example_dags/example_branch_labels.py for tasks to queue
[2025-05-02 17:11:39,503] {logging_mixin.py:115} INFO - [2025-05-02 17:11:39,503] {dagbag.py:507} INFO - Filling up the DagBag from /root/Documents/airflowalu/venv/lib/python3.9/site-packages/airflow/example_dags/example_branch_labels.py
[2025-05-02 17:11:39,507] {processor.py:651} INFO - DAG(s) dict_keys(['example_branch_labels']) retrieved from /root/Documents/airflowalu/venv/lib/python3.9/site-packages/airflow/example_dags/example_branch_labels.py
[2025-05-02 17:11:39,518] {logging_mixin.py:115} INFO - [2025-05-02 17:11:39,518] {dag.py:2379} INFO - Sync 1 DAGs
[2025-05-02 17:11:39,531] {logging_mixin.py:115} INFO - [2025-05-02 17:11:39,531] {dag.py:2927} INFO - Setting next_dagrun for example_branch_labels to 2025-05-01T00:00:00+00:00, run_after=2025-05-02T00:00:00+00:00
[2025-05-02 17:11:39,543] {processor.py:161} INFO - Processing /root/Documents/airflowalu/venv/lib/python3.9/site-packages/airflow/example_dags/example_branch_labels.py took 0.043 seconds
[2025-05-02 17:12:12,256] {processor.py:153} INFO - Started process (PID=8674) to work on /root/Documents/airflowalu/venv/lib/python3.9/site-packages/airflow/example_dags/example_branch_labels.py
[2025-05-02 17:12:12,256] {processor.py:641} INFO - Processing file /root/Documents/airflowalu/venv/lib/python3.9/site-packages/airflow/example_dags/example_branch_labels.py for tasks to queue
[2025-05-02 17:12:12,257] {logging_mixin.py:115} INFO - [2025-05-02 17:12:12,257] {dagbag.py:507} INFO - Filling up the DagBag from /root/Documents/airflowalu/venv/lib/python3.9/site-packages/airflow/example_dags/example_branch_labels.py
[2025-05-02 17:12:12,260] {processor.py:651} INFO - DAG(s) dict_keys(['example_branch_labels']) retrieved from /root/Documents/airflowalu/venv/lib/python3.9/site-packages/airflow/example_dags/example_branch_labels.py
[2025-05-02 17:12:12,268] {logging_mixin.py:115} INFO - [2025-05-02 17:12:12,268] {dag.py:2379} INFO - Sync 1 DAGs
[2025-05-02 17:12:12,279] {logging_mixin.py:115} INFO - [2025-05-02 17:12:12,279] {dag.py:2927} INFO - Setting next_dagrun for example_branch_labels to 2025-05-01T00:00:00+00:00, run_after=2025-05-02T00:00:00+00:00
[2025-05-02 17:12:12,288] {processor.py:161} INFO - Processing /root/Documents/airflowalu/venv/lib/python3.9/site-packages/airflow/example_dags/example_branch_labels.py took 0.034 seconds
[2025-05-02 17:12:43,561] {processor.py:153} INFO - Started process (PID=8807) to work on /root/Documents/airflowalu/venv/lib/python3.9/site-packages/airflow/example_dags/example_branch_labels.py
[2025-05-02 17:12:43,562] {processor.py:641} INFO - Processing file /root/Documents/airflowalu/venv/lib/python3.9/site-packages/airflow/example_dags/example_branch_labels.py for tasks to queue
[2025-05-02 17:12:43,562] {logging_mixin.py:115} INFO - [2025-05-02 17:12:43,562] {dagbag.py:507} INFO - Filling up the DagBag from /root/Documents/airflowalu/venv/lib/python3.9/site-packages/airflow/example_dags/example_branch_labels.py
[2025-05-02 17:12:43,565] {processor.py:651} INFO - DAG(s) dict_keys(['example_branch_labels']) retrieved from /root/Documents/airflowalu/venv/lib/python3.9/site-packages/airflow/example_dags/example_branch_labels.py
[2025-05-02 17:12:43,575] {logging_mixin.py:115} INFO - [2025-05-02 17:12:43,575] {dag.py:2379} INFO - Sync 1 DAGs
[2025-05-02 17:12:43,587] {logging_mixin.py:115} INFO - [2025-05-02 17:12:43,587] {dag.py:2927} INFO - Setting next_dagrun for example_branch_labels to 2025-05-01T00:00:00+00:00, run_after=2025-05-02T00:00:00+00:00
[2025-05-02 17:12:43,597] {processor.py:161} INFO - Processing /root/Documents/airflowalu/venv/lib/python3.9/site-packages/airflow/example_dags/example_branch_labels.py took 0.038 seconds
[2025-05-02 17:13:15,099] {processor.py:153} INFO - Started process (PID=8951) to work on /root/Documents/airflowalu/venv/lib/python3.9/site-packages/airflow/example_dags/example_branch_labels.py
[2025-05-02 17:13:15,100] {processor.py:641} INFO - Processing file /root/Documents/airflowalu/venv/lib/python3.9/site-packages/airflow/example_dags/example_branch_labels.py for tasks to queue
[2025-05-02 17:13:15,100] {logging_mixin.py:115} INFO - [2025-05-02 17:13:15,100] {dagbag.py:507} INFO - Filling up the DagBag from /root/Documents/airflowalu/venv/lib/python3.9/site-packages/airflow/example_dags/example_branch_labels.py
[2025-05-02 17:13:15,104] {processor.py:651} INFO - DAG(s) dict_keys(['example_branch_labels']) retrieved from /root/Documents/airflowalu/venv/lib/python3.9/site-packages/airflow/example_dags/example_branch_labels.py
[2025-05-02 17:13:15,114] {logging_mixin.py:115} INFO - [2025-05-02 17:13:15,114] {dag.py:2379} INFO - Sync 1 DAGs
[2025-05-02 17:13:15,123] {logging_mixin.py:115} INFO - [2025-05-02 17:13:15,123] {dag.py:2927} INFO - Setting next_dagrun for example_branch_labels to 2025-05-01T00:00:00+00:00, run_after=2025-05-02T00:00:00+00:00
[2025-05-02 17:13:15,132] {processor.py:161} INFO - Processing /root/Documents/airflowalu/venv/lib/python3.9/site-packages/airflow/example_dags/example_branch_labels.py took 0.035 seconds
[2025-05-02 17:13:46,032] {processor.py:153} INFO - Started process (PID=9082) to work on /root/Documents/airflowalu/venv/lib/python3.9/site-packages/airflow/example_dags/example_branch_labels.py
[2025-05-02 17:13:46,033] {processor.py:641} INFO - Processing file /root/Documents/airflowalu/venv/lib/python3.9/site-packages/airflow/example_dags/example_branch_labels.py for tasks to queue
[2025-05-02 17:13:46,033] {logging_mixin.py:115} INFO - [2025-05-02 17:13:46,033] {dagbag.py:507} INFO - Filling up the DagBag from /root/Documents/airflowalu/venv/lib/python3.9/site-packages/airflow/example_dags/example_branch_labels.py
[2025-05-02 17:13:46,036] {processor.py:651} INFO - DAG(s) dict_keys(['example_branch_labels']) retrieved from /root/Documents/airflowalu/venv/lib/python3.9/site-packages/airflow/example_dags/example_branch_labels.py
[2025-05-02 17:13:46,045] {logging_mixin.py:115} INFO - [2025-05-02 17:13:46,045] {dag.py:2379} INFO - Sync 1 DAGs
[2025-05-02 17:13:46,055] {logging_mixin.py:115} INFO - [2025-05-02 17:13:46,055] {dag.py:2927} INFO - Setting next_dagrun for example_branch_labels to 2025-05-01T00:00:00+00:00, run_after=2025-05-02T00:00:00+00:00
[2025-05-02 17:13:46,066] {processor.py:161} INFO - Processing /root/Documents/airflowalu/venv/lib/python3.9/site-packages/airflow/example_dags/example_branch_labels.py took 0.035 seconds
[2025-05-02 17:14:17,618] {processor.py:153} INFO - Started process (PID=9221) to work on /root/Documents/airflowalu/venv/lib/python3.9/site-packages/airflow/example_dags/example_branch_labels.py
[2025-05-02 17:14:17,619] {processor.py:641} INFO - Processing file /root/Documents/airflowalu/venv/lib/python3.9/site-packages/airflow/example_dags/example_branch_labels.py for tasks to queue
[2025-05-02 17:14:17,619] {logging_mixin.py:115} INFO - [2025-05-02 17:14:17,619] {dagbag.py:507} INFO - Filling up the DagBag from /root/Documents/airflowalu/venv/lib/python3.9/site-packages/airflow/example_dags/example_branch_labels.py
[2025-05-02 17:14:17,623] {processor.py:651} INFO - DAG(s) dict_keys(['example_branch_labels']) retrieved from /root/Documents/airflowalu/venv/lib/python3.9/site-packages/airflow/example_dags/example_branch_labels.py
[2025-05-02 17:14:17,635] {logging_mixin.py:115} INFO - [2025-05-02 17:14:17,635] {dag.py:2379} INFO - Sync 1 DAGs
[2025-05-02 17:14:17,647] {logging_mixin.py:115} INFO - [2025-05-02 17:14:17,647] {dag.py:2927} INFO - Setting next_dagrun for example_branch_labels to 2025-05-01T00:00:00+00:00, run_after=2025-05-02T00:00:00+00:00
[2025-05-02 17:14:17,660] {processor.py:161} INFO - Processing /root/Documents/airflowalu/venv/lib/python3.9/site-packages/airflow/example_dags/example_branch_labels.py took 0.043 seconds
[2025-05-02 17:14:49,137] {processor.py:153} INFO - Started process (PID=9352) to work on /root/Documents/airflowalu/venv/lib/python3.9/site-packages/airflow/example_dags/example_branch_labels.py
[2025-05-02 17:14:49,138] {processor.py:641} INFO - Processing file /root/Documents/airflowalu/venv/lib/python3.9/site-packages/airflow/example_dags/example_branch_labels.py for tasks to queue
[2025-05-02 17:14:49,138] {logging_mixin.py:115} INFO - [2025-05-02 17:14:49,138] {dagbag.py:507} INFO - Filling up the DagBag from /root/Documents/airflowalu/venv/lib/python3.9/site-packages/airflow/example_dags/example_branch_labels.py
[2025-05-02 17:14:49,141] {processor.py:651} INFO - DAG(s) dict_keys(['example_branch_labels']) retrieved from /root/Documents/airflowalu/venv/lib/python3.9/site-packages/airflow/example_dags/example_branch_labels.py
[2025-05-02 17:14:49,152] {logging_mixin.py:115} INFO - [2025-05-02 17:14:49,152] {dag.py:2379} INFO - Sync 1 DAGs
[2025-05-02 17:14:49,163] {logging_mixin.py:115} INFO - [2025-05-02 17:14:49,163] {dag.py:2927} INFO - Setting next_dagrun for example_branch_labels to 2025-05-01T00:00:00+00:00, run_after=2025-05-02T00:00:00+00:00
[2025-05-02 17:14:49,173] {processor.py:161} INFO - Processing /root/Documents/airflowalu/venv/lib/python3.9/site-packages/airflow/example_dags/example_branch_labels.py took 0.037 seconds
[2025-05-02 17:15:19,981] {processor.py:153} INFO - Started process (PID=9485) to work on /root/Documents/airflowalu/venv/lib/python3.9/site-packages/airflow/example_dags/example_branch_labels.py
[2025-05-02 17:15:19,982] {processor.py:641} INFO - Processing file /root/Documents/airflowalu/venv/lib/python3.9/site-packages/airflow/example_dags/example_branch_labels.py for tasks to queue
[2025-05-02 17:15:19,982] {logging_mixin.py:115} INFO - [2025-05-02 17:15:19,982] {dagbag.py:507} INFO - Filling up the DagBag from /root/Documents/airflowalu/venv/lib/python3.9/site-packages/airflow/example_dags/example_branch_labels.py
[2025-05-02 17:15:19,986] {processor.py:651} INFO - DAG(s) dict_keys(['example_branch_labels']) retrieved from /root/Documents/airflowalu/venv/lib/python3.9/site-packages/airflow/example_dags/example_branch_labels.py
[2025-05-02 17:15:20,000] {logging_mixin.py:115} INFO - [2025-05-02 17:15:20,000] {dag.py:2379} INFO - Sync 1 DAGs
[2025-05-02 17:15:20,011] {logging_mixin.py:115} INFO - [2025-05-02 17:15:20,011] {dag.py:2927} INFO - Setting next_dagrun for example_branch_labels to 2025-05-01T00:00:00+00:00, run_after=2025-05-02T00:00:00+00:00
[2025-05-02 17:15:20,023] {processor.py:161} INFO - Processing /root/Documents/airflowalu/venv/lib/python3.9/site-packages/airflow/example_dags/example_branch_labels.py took 0.043 seconds
[2025-05-02 17:15:52,001] {processor.py:153} INFO - Started process (PID=9615) to work on /root/Documents/airflowalu/venv/lib/python3.9/site-packages/airflow/example_dags/example_branch_labels.py
[2025-05-02 17:15:52,002] {processor.py:641} INFO - Processing file /root/Documents/airflowalu/venv/lib/python3.9/site-packages/airflow/example_dags/example_branch_labels.py for tasks to queue
[2025-05-02 17:15:52,002] {logging_mixin.py:115} INFO - [2025-05-02 17:15:52,002] {dagbag.py:507} INFO - Filling up the DagBag from /root/Documents/airflowalu/venv/lib/python3.9/site-packages/airflow/example_dags/example_branch_labels.py
[2025-05-02 17:15:52,005] {processor.py:651} INFO - DAG(s) dict_keys(['example_branch_labels']) retrieved from /root/Documents/airflowalu/venv/lib/python3.9/site-packages/airflow/example_dags/example_branch_labels.py
[2025-05-02 17:15:52,015] {logging_mixin.py:115} INFO - [2025-05-02 17:15:52,015] {dag.py:2379} INFO - Sync 1 DAGs
[2025-05-02 17:15:52,025] {logging_mixin.py:115} INFO - [2025-05-02 17:15:52,025] {dag.py:2927} INFO - Setting next_dagrun for example_branch_labels to 2025-05-01T00:00:00+00:00, run_after=2025-05-02T00:00:00+00:00
[2025-05-02 17:15:52,034] {processor.py:161} INFO - Processing /root/Documents/airflowalu/venv/lib/python3.9/site-packages/airflow/example_dags/example_branch_labels.py took 0.034 seconds
[2025-05-02 17:16:22,688] {processor.py:153} INFO - Started process (PID=9748) to work on /root/Documents/airflowalu/venv/lib/python3.9/site-packages/airflow/example_dags/example_branch_labels.py
[2025-05-02 17:16:22,689] {processor.py:641} INFO - Processing file /root/Documents/airflowalu/venv/lib/python3.9/site-packages/airflow/example_dags/example_branch_labels.py for tasks to queue
[2025-05-02 17:16:22,689] {logging_mixin.py:115} INFO - [2025-05-02 17:16:22,689] {dagbag.py:507} INFO - Filling up the DagBag from /root/Documents/airflowalu/venv/lib/python3.9/site-packages/airflow/example_dags/example_branch_labels.py
[2025-05-02 17:16:22,693] {processor.py:651} INFO - DAG(s) dict_keys(['example_branch_labels']) retrieved from /root/Documents/airflowalu/venv/lib/python3.9/site-packages/airflow/example_dags/example_branch_labels.py
[2025-05-02 17:16:22,710] {logging_mixin.py:115} INFO - [2025-05-02 17:16:22,710] {dag.py:2379} INFO - Sync 1 DAGs
[2025-05-02 17:16:22,722] {logging_mixin.py:115} INFO - [2025-05-02 17:16:22,722] {dag.py:2927} INFO - Setting next_dagrun for example_branch_labels to 2025-05-01T00:00:00+00:00, run_after=2025-05-02T00:00:00+00:00
[2025-05-02 17:16:22,733] {processor.py:161} INFO - Processing /root/Documents/airflowalu/venv/lib/python3.9/site-packages/airflow/example_dags/example_branch_labels.py took 0.046 seconds
[2025-05-02 17:16:54,437] {processor.py:153} INFO - Started process (PID=9884) to work on /root/Documents/airflowalu/venv/lib/python3.9/site-packages/airflow/example_dags/example_branch_labels.py
[2025-05-02 17:16:54,437] {processor.py:641} INFO - Processing file /root/Documents/airflowalu/venv/lib/python3.9/site-packages/airflow/example_dags/example_branch_labels.py for tasks to queue
[2025-05-02 17:16:54,438] {logging_mixin.py:115} INFO - [2025-05-02 17:16:54,438] {dagbag.py:507} INFO - Filling up the DagBag from /root/Documents/airflowalu/venv/lib/python3.9/site-packages/airflow/example_dags/example_branch_labels.py
[2025-05-02 17:16:54,441] {processor.py:651} INFO - DAG(s) dict_keys(['example_branch_labels']) retrieved from /root/Documents/airflowalu/venv/lib/python3.9/site-packages/airflow/example_dags/example_branch_labels.py
[2025-05-02 17:16:54,452] {logging_mixin.py:115} INFO - [2025-05-02 17:16:54,452] {dag.py:2379} INFO - Sync 1 DAGs
[2025-05-02 17:16:54,464] {logging_mixin.py:115} INFO - [2025-05-02 17:16:54,464] {dag.py:2927} INFO - Setting next_dagrun for example_branch_labels to 2025-05-01T00:00:00+00:00, run_after=2025-05-02T00:00:00+00:00
[2025-05-02 17:16:54,478] {processor.py:161} INFO - Processing /root/Documents/airflowalu/venv/lib/python3.9/site-packages/airflow/example_dags/example_branch_labels.py took 0.043 seconds
[2025-05-02 17:17:26,097] {processor.py:153} INFO - Started process (PID=10028) to work on /root/Documents/airflowalu/venv/lib/python3.9/site-packages/airflow/example_dags/example_branch_labels.py
[2025-05-02 17:17:26,097] {processor.py:641} INFO - Processing file /root/Documents/airflowalu/venv/lib/python3.9/site-packages/airflow/example_dags/example_branch_labels.py for tasks to queue
[2025-05-02 17:17:26,097] {logging_mixin.py:115} INFO - [2025-05-02 17:17:26,097] {dagbag.py:507} INFO - Filling up the DagBag from /root/Documents/airflowalu/venv/lib/python3.9/site-packages/airflow/example_dags/example_branch_labels.py
[2025-05-02 17:17:26,100] {processor.py:651} INFO - DAG(s) dict_keys(['example_branch_labels']) retrieved from /root/Documents/airflowalu/venv/lib/python3.9/site-packages/airflow/example_dags/example_branch_labels.py
[2025-05-02 17:17:26,111] {logging_mixin.py:115} INFO - [2025-05-02 17:17:26,111] {dag.py:2379} INFO - Sync 1 DAGs
[2025-05-02 17:17:26,122] {logging_mixin.py:115} INFO - [2025-05-02 17:17:26,122] {dag.py:2927} INFO - Setting next_dagrun for example_branch_labels to 2025-05-01T00:00:00+00:00, run_after=2025-05-02T00:00:00+00:00
[2025-05-02 17:17:26,134] {processor.py:161} INFO - Processing /root/Documents/airflowalu/venv/lib/python3.9/site-packages/airflow/example_dags/example_branch_labels.py took 0.039 seconds
[2025-05-02 17:17:57,620] {processor.py:153} INFO - Started process (PID=10161) to work on /root/Documents/airflowalu/venv/lib/python3.9/site-packages/airflow/example_dags/example_branch_labels.py
[2025-05-02 17:17:57,621] {processor.py:641} INFO - Processing file /root/Documents/airflowalu/venv/lib/python3.9/site-packages/airflow/example_dags/example_branch_labels.py for tasks to queue
[2025-05-02 17:17:57,621] {logging_mixin.py:115} INFO - [2025-05-02 17:17:57,621] {dagbag.py:507} INFO - Filling up the DagBag from /root/Documents/airflowalu/venv/lib/python3.9/site-packages/airflow/example_dags/example_branch_labels.py
[2025-05-02 17:17:57,624] {processor.py:651} INFO - DAG(s) dict_keys(['example_branch_labels']) retrieved from /root/Documents/airflowalu/venv/lib/python3.9/site-packages/airflow/example_dags/example_branch_labels.py
[2025-05-02 17:17:57,635] {logging_mixin.py:115} INFO - [2025-05-02 17:17:57,635] {dag.py:2379} INFO - Sync 1 DAGs
[2025-05-02 17:17:57,646] {logging_mixin.py:115} INFO - [2025-05-02 17:17:57,646] {dag.py:2927} INFO - Setting next_dagrun for example_branch_labels to 2025-05-01T00:00:00+00:00, run_after=2025-05-02T00:00:00+00:00
[2025-05-02 17:17:57,657] {processor.py:161} INFO - Processing /root/Documents/airflowalu/venv/lib/python3.9/site-packages/airflow/example_dags/example_branch_labels.py took 0.038 seconds
[2025-05-02 17:18:29,342] {processor.py:153} INFO - Started process (PID=10294) to work on /root/Documents/airflowalu/venv/lib/python3.9/site-packages/airflow/example_dags/example_branch_labels.py
[2025-05-02 17:18:29,342] {processor.py:641} INFO - Processing file /root/Documents/airflowalu/venv/lib/python3.9/site-packages/airflow/example_dags/example_branch_labels.py for tasks to queue
[2025-05-02 17:18:29,343] {logging_mixin.py:115} INFO - [2025-05-02 17:18:29,343] {dagbag.py:507} INFO - Filling up the DagBag from /root/Documents/airflowalu/venv/lib/python3.9/site-packages/airflow/example_dags/example_branch_labels.py
[2025-05-02 17:18:29,346] {processor.py:651} INFO - DAG(s) dict_keys(['example_branch_labels']) retrieved from /root/Documents/airflowalu/venv/lib/python3.9/site-packages/airflow/example_dags/example_branch_labels.py
[2025-05-02 17:18:29,359] {logging_mixin.py:115} INFO - [2025-05-02 17:18:29,359] {dag.py:2379} INFO - Sync 1 DAGs
[2025-05-02 17:18:29,370] {logging_mixin.py:115} INFO - [2025-05-02 17:18:29,370] {dag.py:2927} INFO - Setting next_dagrun for example_branch_labels to 2025-05-01T00:00:00+00:00, run_after=2025-05-02T00:00:00+00:00
[2025-05-02 17:18:29,381] {processor.py:161} INFO - Processing /root/Documents/airflowalu/venv/lib/python3.9/site-packages/airflow/example_dags/example_branch_labels.py took 0.041 seconds
[2025-05-02 17:19:03,857] {processor.py:153} INFO - Started process (PID=10442) to work on /root/Documents/airflowalu/venv/lib/python3.9/site-packages/airflow/example_dags/example_branch_labels.py
[2025-05-02 17:19:03,857] {processor.py:641} INFO - Processing file /root/Documents/airflowalu/venv/lib/python3.9/site-packages/airflow/example_dags/example_branch_labels.py for tasks to queue
[2025-05-02 17:19:03,858] {logging_mixin.py:115} INFO - [2025-05-02 17:19:03,858] {dagbag.py:507} INFO - Filling up the DagBag from /root/Documents/airflowalu/venv/lib/python3.9/site-packages/airflow/example_dags/example_branch_labels.py
[2025-05-02 17:19:03,861] {processor.py:651} INFO - DAG(s) dict_keys(['example_branch_labels']) retrieved from /root/Documents/airflowalu/venv/lib/python3.9/site-packages/airflow/example_dags/example_branch_labels.py
[2025-05-02 17:19:03,874] {logging_mixin.py:115} INFO - [2025-05-02 17:19:03,874] {dag.py:2379} INFO - Sync 1 DAGs
[2025-05-02 17:19:03,886] {logging_mixin.py:115} INFO - [2025-05-02 17:19:03,886] {dag.py:2927} INFO - Setting next_dagrun for example_branch_labels to 2025-05-01T00:00:00+00:00, run_after=2025-05-02T00:00:00+00:00
[2025-05-02 17:19:03,896] {processor.py:161} INFO - Processing /root/Documents/airflowalu/venv/lib/python3.9/site-packages/airflow/example_dags/example_branch_labels.py took 0.041 seconds
[2025-05-02 17:19:35,382] {processor.py:153} INFO - Started process (PID=10577) to work on /root/Documents/airflowalu/venv/lib/python3.9/site-packages/airflow/example_dags/example_branch_labels.py
[2025-05-02 17:19:35,382] {processor.py:641} INFO - Processing file /root/Documents/airflowalu/venv/lib/python3.9/site-packages/airflow/example_dags/example_branch_labels.py for tasks to queue
[2025-05-02 17:19:35,383] {logging_mixin.py:115} INFO - [2025-05-02 17:19:35,383] {dagbag.py:507} INFO - Filling up the DagBag from /root/Documents/airflowalu/venv/lib/python3.9/site-packages/airflow/example_dags/example_branch_labels.py
[2025-05-02 17:19:35,386] {processor.py:651} INFO - DAG(s) dict_keys(['example_branch_labels']) retrieved from /root/Documents/airflowalu/venv/lib/python3.9/site-packages/airflow/example_dags/example_branch_labels.py
[2025-05-02 17:19:35,396] {logging_mixin.py:115} INFO - [2025-05-02 17:19:35,396] {dag.py:2379} INFO - Sync 1 DAGs
[2025-05-02 17:19:35,405] {logging_mixin.py:115} INFO - [2025-05-02 17:19:35,405] {dag.py:2927} INFO - Setting next_dagrun for example_branch_labels to 2025-05-01T00:00:00+00:00, run_after=2025-05-02T00:00:00+00:00
[2025-05-02 17:19:35,417] {processor.py:161} INFO - Processing /root/Documents/airflowalu/venv/lib/python3.9/site-packages/airflow/example_dags/example_branch_labels.py took 0.037 seconds
[2025-05-02 17:20:07,718] {processor.py:153} INFO - Started process (PID=10716) to work on /root/Documents/airflowalu/venv/lib/python3.9/site-packages/airflow/example_dags/example_branch_labels.py
[2025-05-02 17:20:07,718] {processor.py:641} INFO - Processing file /root/Documents/airflowalu/venv/lib/python3.9/site-packages/airflow/example_dags/example_branch_labels.py for tasks to queue
[2025-05-02 17:20:07,719] {logging_mixin.py:115} INFO - [2025-05-02 17:20:07,719] {dagbag.py:507} INFO - Filling up the DagBag from /root/Documents/airflowalu/venv/lib/python3.9/site-packages/airflow/example_dags/example_branch_labels.py
[2025-05-02 17:20:07,722] {processor.py:651} INFO - DAG(s) dict_keys(['example_branch_labels']) retrieved from /root/Documents/airflowalu/venv/lib/python3.9/site-packages/airflow/example_dags/example_branch_labels.py
[2025-05-02 17:20:07,732] {logging_mixin.py:115} INFO - [2025-05-02 17:20:07,732] {dag.py:2379} INFO - Sync 1 DAGs
[2025-05-02 17:20:07,741] {logging_mixin.py:115} INFO - [2025-05-02 17:20:07,741] {dag.py:2927} INFO - Setting next_dagrun for example_branch_labels to 2025-05-01T00:00:00+00:00, run_after=2025-05-02T00:00:00+00:00
[2025-05-02 17:20:07,751] {processor.py:161} INFO - Processing /root/Documents/airflowalu/venv/lib/python3.9/site-packages/airflow/example_dags/example_branch_labels.py took 0.035 seconds
[2025-05-02 17:20:38,109] {processor.py:153} INFO - Started process (PID=10853) to work on /root/Documents/airflowalu/venv/lib/python3.9/site-packages/airflow/example_dags/example_branch_labels.py
[2025-05-02 17:20:38,110] {processor.py:641} INFO - Processing file /root/Documents/airflowalu/venv/lib/python3.9/site-packages/airflow/example_dags/example_branch_labels.py for tasks to queue
[2025-05-02 17:20:38,110] {logging_mixin.py:115} INFO - [2025-05-02 17:20:38,110] {dagbag.py:507} INFO - Filling up the DagBag from /root/Documents/airflowalu/venv/lib/python3.9/site-packages/airflow/example_dags/example_branch_labels.py
[2025-05-02 17:20:38,114] {processor.py:651} INFO - DAG(s) dict_keys(['example_branch_labels']) retrieved from /root/Documents/airflowalu/venv/lib/python3.9/site-packages/airflow/example_dags/example_branch_labels.py
[2025-05-02 17:20:38,126] {logging_mixin.py:115} INFO - [2025-05-02 17:20:38,126] {dag.py:2379} INFO - Sync 1 DAGs
[2025-05-02 17:20:38,138] {logging_mixin.py:115} INFO - [2025-05-02 17:20:38,138] {dag.py:2927} INFO - Setting next_dagrun for example_branch_labels to 2025-05-01T00:00:00+00:00, run_after=2025-05-02T00:00:00+00:00
[2025-05-02 17:20:38,152] {processor.py:161} INFO - Processing /root/Documents/airflowalu/venv/lib/python3.9/site-packages/airflow/example_dags/example_branch_labels.py took 0.044 seconds
[2025-05-02 17:21:08,541] {processor.py:153} INFO - Started process (PID=10983) to work on /root/Documents/airflowalu/venv/lib/python3.9/site-packages/airflow/example_dags/example_branch_labels.py
[2025-05-02 17:21:08,542] {processor.py:641} INFO - Processing file /root/Documents/airflowalu/venv/lib/python3.9/site-packages/airflow/example_dags/example_branch_labels.py for tasks to queue
[2025-05-02 17:21:08,542] {logging_mixin.py:115} INFO - [2025-05-02 17:21:08,542] {dagbag.py:507} INFO - Filling up the DagBag from /root/Documents/airflowalu/venv/lib/python3.9/site-packages/airflow/example_dags/example_branch_labels.py
[2025-05-02 17:21:08,545] {processor.py:651} INFO - DAG(s) dict_keys(['example_branch_labels']) retrieved from /root/Documents/airflowalu/venv/lib/python3.9/site-packages/airflow/example_dags/example_branch_labels.py
[2025-05-02 17:21:08,556] {logging_mixin.py:115} INFO - [2025-05-02 17:21:08,556] {dag.py:2379} INFO - Sync 1 DAGs
[2025-05-02 17:21:08,566] {logging_mixin.py:115} INFO - [2025-05-02 17:21:08,566] {dag.py:2927} INFO - Setting next_dagrun for example_branch_labels to 2025-05-01T00:00:00+00:00, run_after=2025-05-02T00:00:00+00:00
[2025-05-02 17:21:08,575] {processor.py:161} INFO - Processing /root/Documents/airflowalu/venv/lib/python3.9/site-packages/airflow/example_dags/example_branch_labels.py took 0.035 seconds
[2025-05-02 17:21:41,371] {processor.py:153} INFO - Started process (PID=11123) to work on /root/Documents/airflowalu/venv/lib/python3.9/site-packages/airflow/example_dags/example_branch_labels.py
[2025-05-02 17:21:41,372] {processor.py:641} INFO - Processing file /root/Documents/airflowalu/venv/lib/python3.9/site-packages/airflow/example_dags/example_branch_labels.py for tasks to queue
[2025-05-02 17:21:41,372] {logging_mixin.py:115} INFO - [2025-05-02 17:21:41,372] {dagbag.py:507} INFO - Filling up the DagBag from /root/Documents/airflowalu/venv/lib/python3.9/site-packages/airflow/example_dags/example_branch_labels.py
[2025-05-02 17:21:41,378] {processor.py:651} INFO - DAG(s) dict_keys(['example_branch_labels']) retrieved from /root/Documents/airflowalu/venv/lib/python3.9/site-packages/airflow/example_dags/example_branch_labels.py
[2025-05-02 17:21:41,394] {logging_mixin.py:115} INFO - [2025-05-02 17:21:41,394] {dag.py:2379} INFO - Sync 1 DAGs
[2025-05-02 17:21:41,408] {logging_mixin.py:115} INFO - [2025-05-02 17:21:41,408] {dag.py:2927} INFO - Setting next_dagrun for example_branch_labels to 2025-05-01T00:00:00+00:00, run_after=2025-05-02T00:00:00+00:00
[2025-05-02 17:21:41,421] {processor.py:161} INFO - Processing /root/Documents/airflowalu/venv/lib/python3.9/site-packages/airflow/example_dags/example_branch_labels.py took 0.053 seconds
[2025-05-02 17:22:11,658] {processor.py:153} INFO - Started process (PID=11257) to work on /root/Documents/airflowalu/venv/lib/python3.9/site-packages/airflow/example_dags/example_branch_labels.py
[2025-05-02 17:22:11,659] {processor.py:641} INFO - Processing file /root/Documents/airflowalu/venv/lib/python3.9/site-packages/airflow/example_dags/example_branch_labels.py for tasks to queue
[2025-05-02 17:22:11,659] {logging_mixin.py:115} INFO - [2025-05-02 17:22:11,659] {dagbag.py:507} INFO - Filling up the DagBag from /root/Documents/airflowalu/venv/lib/python3.9/site-packages/airflow/example_dags/example_branch_labels.py
[2025-05-02 17:22:11,662] {processor.py:651} INFO - DAG(s) dict_keys(['example_branch_labels']) retrieved from /root/Documents/airflowalu/venv/lib/python3.9/site-packages/airflow/example_dags/example_branch_labels.py
[2025-05-02 17:22:11,674] {logging_mixin.py:115} INFO - [2025-05-02 17:22:11,674] {dag.py:2379} INFO - Sync 1 DAGs
[2025-05-02 17:22:11,684] {logging_mixin.py:115} INFO - [2025-05-02 17:22:11,684] {dag.py:2927} INFO - Setting next_dagrun for example_branch_labels to 2025-05-01T00:00:00+00:00, run_after=2025-05-02T00:00:00+00:00
[2025-05-02 17:22:11,695] {processor.py:161} INFO - Processing /root/Documents/airflowalu/venv/lib/python3.9/site-packages/airflow/example_dags/example_branch_labels.py took 0.039 seconds
[2025-05-02 17:22:45,306] {processor.py:153} INFO - Started process (PID=11402) to work on /root/Documents/airflowalu/venv/lib/python3.9/site-packages/airflow/example_dags/example_branch_labels.py
[2025-05-02 17:22:45,306] {processor.py:641} INFO - Processing file /root/Documents/airflowalu/venv/lib/python3.9/site-packages/airflow/example_dags/example_branch_labels.py for tasks to queue
[2025-05-02 17:22:45,307] {logging_mixin.py:115} INFO - [2025-05-02 17:22:45,307] {dagbag.py:507} INFO - Filling up the DagBag from /root/Documents/airflowalu/venv/lib/python3.9/site-packages/airflow/example_dags/example_branch_labels.py
[2025-05-02 17:22:45,312] {processor.py:651} INFO - DAG(s) dict_keys(['example_branch_labels']) retrieved from /root/Documents/airflowalu/venv/lib/python3.9/site-packages/airflow/example_dags/example_branch_labels.py
[2025-05-02 17:22:45,321] {logging_mixin.py:115} INFO - [2025-05-02 17:22:45,321] {dag.py:2379} INFO - Sync 1 DAGs
[2025-05-02 17:22:45,332] {logging_mixin.py:115} INFO - [2025-05-02 17:22:45,332] {dag.py:2927} INFO - Setting next_dagrun for example_branch_labels to 2025-05-01T00:00:00+00:00, run_after=2025-05-02T00:00:00+00:00
[2025-05-02 17:22:45,343] {processor.py:161} INFO - Processing /root/Documents/airflowalu/venv/lib/python3.9/site-packages/airflow/example_dags/example_branch_labels.py took 0.038 seconds
[2025-05-02 17:23:17,381] {processor.py:153} INFO - Started process (PID=11540) to work on /root/Documents/airflowalu/venv/lib/python3.9/site-packages/airflow/example_dags/example_branch_labels.py
[2025-05-02 17:23:17,382] {processor.py:641} INFO - Processing file /root/Documents/airflowalu/venv/lib/python3.9/site-packages/airflow/example_dags/example_branch_labels.py for tasks to queue
[2025-05-02 17:23:17,382] {logging_mixin.py:115} INFO - [2025-05-02 17:23:17,382] {dagbag.py:507} INFO - Filling up the DagBag from /root/Documents/airflowalu/venv/lib/python3.9/site-packages/airflow/example_dags/example_branch_labels.py
[2025-05-02 17:23:17,387] {processor.py:651} INFO - DAG(s) dict_keys(['example_branch_labels']) retrieved from /root/Documents/airflowalu/venv/lib/python3.9/site-packages/airflow/example_dags/example_branch_labels.py
[2025-05-02 17:23:17,396] {logging_mixin.py:115} INFO - [2025-05-02 17:23:17,396] {dag.py:2379} INFO - Sync 1 DAGs
[2025-05-02 17:23:17,405] {logging_mixin.py:115} INFO - [2025-05-02 17:23:17,405] {dag.py:2927} INFO - Setting next_dagrun for example_branch_labels to 2025-05-01T00:00:00+00:00, run_after=2025-05-02T00:00:00+00:00
[2025-05-02 17:23:17,415] {processor.py:161} INFO - Processing /root/Documents/airflowalu/venv/lib/python3.9/site-packages/airflow/example_dags/example_branch_labels.py took 0.036 seconds
[2025-05-02 17:23:52,879] {processor.py:153} INFO - Started process (PID=11689) to work on /root/Documents/airflowalu/venv/lib/python3.9/site-packages/airflow/example_dags/example_branch_labels.py
[2025-05-02 17:23:52,880] {processor.py:641} INFO - Processing file /root/Documents/airflowalu/venv/lib/python3.9/site-packages/airflow/example_dags/example_branch_labels.py for tasks to queue
[2025-05-02 17:23:52,880] {logging_mixin.py:115} INFO - [2025-05-02 17:23:52,880] {dagbag.py:507} INFO - Filling up the DagBag from /root/Documents/airflowalu/venv/lib/python3.9/site-packages/airflow/example_dags/example_branch_labels.py
[2025-05-02 17:23:52,889] {processor.py:651} INFO - DAG(s) dict_keys(['example_branch_labels']) retrieved from /root/Documents/airflowalu/venv/lib/python3.9/site-packages/airflow/example_dags/example_branch_labels.py
[2025-05-02 17:23:52,905] {logging_mixin.py:115} INFO - [2025-05-02 17:23:52,905] {dag.py:2379} INFO - Sync 1 DAGs
[2025-05-02 17:23:52,923] {logging_mixin.py:115} INFO - [2025-05-02 17:23:52,922] {dag.py:2927} INFO - Setting next_dagrun for example_branch_labels to 2025-05-01T00:00:00+00:00, run_after=2025-05-02T00:00:00+00:00
[2025-05-02 17:23:52,938] {processor.py:161} INFO - Processing /root/Documents/airflowalu/venv/lib/python3.9/site-packages/airflow/example_dags/example_branch_labels.py took 0.062 seconds
[2025-05-02 17:24:23,745] {processor.py:153} INFO - Started process (PID=11821) to work on /root/Documents/airflowalu/venv/lib/python3.9/site-packages/airflow/example_dags/example_branch_labels.py
[2025-05-02 17:24:23,746] {processor.py:641} INFO - Processing file /root/Documents/airflowalu/venv/lib/python3.9/site-packages/airflow/example_dags/example_branch_labels.py for tasks to queue
[2025-05-02 17:24:23,746] {logging_mixin.py:115} INFO - [2025-05-02 17:24:23,746] {dagbag.py:507} INFO - Filling up the DagBag from /root/Documents/airflowalu/venv/lib/python3.9/site-packages/airflow/example_dags/example_branch_labels.py
[2025-05-02 17:24:23,751] {processor.py:651} INFO - DAG(s) dict_keys(['example_branch_labels']) retrieved from /root/Documents/airflowalu/venv/lib/python3.9/site-packages/airflow/example_dags/example_branch_labels.py
[2025-05-02 17:24:23,760] {logging_mixin.py:115} INFO - [2025-05-02 17:24:23,760] {dag.py:2379} INFO - Sync 1 DAGs
[2025-05-02 17:24:23,770] {logging_mixin.py:115} INFO - [2025-05-02 17:24:23,769] {dag.py:2927} INFO - Setting next_dagrun for example_branch_labels to 2025-05-01T00:00:00+00:00, run_after=2025-05-02T00:00:00+00:00
[2025-05-02 17:24:23,782] {processor.py:161} INFO - Processing /root/Documents/airflowalu/venv/lib/python3.9/site-packages/airflow/example_dags/example_branch_labels.py took 0.038 seconds
[2025-05-02 17:24:55,248] {processor.py:153} INFO - Started process (PID=11951) to work on /root/Documents/airflowalu/venv/lib/python3.9/site-packages/airflow/example_dags/example_branch_labels.py
[2025-05-02 17:24:55,249] {processor.py:641} INFO - Processing file /root/Documents/airflowalu/venv/lib/python3.9/site-packages/airflow/example_dags/example_branch_labels.py for tasks to queue
[2025-05-02 17:24:55,249] {logging_mixin.py:115} INFO - [2025-05-02 17:24:55,249] {dagbag.py:507} INFO - Filling up the DagBag from /root/Documents/airflowalu/venv/lib/python3.9/site-packages/airflow/example_dags/example_branch_labels.py
[2025-05-02 17:24:55,256] {processor.py:651} INFO - DAG(s) dict_keys(['example_branch_labels']) retrieved from /root/Documents/airflowalu/venv/lib/python3.9/site-packages/airflow/example_dags/example_branch_labels.py
[2025-05-02 17:24:55,268] {logging_mixin.py:115} INFO - [2025-05-02 17:24:55,267] {dag.py:2379} INFO - Sync 1 DAGs
[2025-05-02 17:24:55,277] {logging_mixin.py:115} INFO - [2025-05-02 17:24:55,277] {dag.py:2927} INFO - Setting next_dagrun for example_branch_labels to 2025-05-01T00:00:00+00:00, run_after=2025-05-02T00:00:00+00:00
[2025-05-02 17:24:55,287] {processor.py:161} INFO - Processing /root/Documents/airflowalu/venv/lib/python3.9/site-packages/airflow/example_dags/example_branch_labels.py took 0.040 seconds
[2025-05-02 17:25:26,068] {processor.py:153} INFO - Started process (PID=12083) to work on /root/Documents/airflowalu/venv/lib/python3.9/site-packages/airflow/example_dags/example_branch_labels.py
[2025-05-02 17:25:26,068] {processor.py:641} INFO - Processing file /root/Documents/airflowalu/venv/lib/python3.9/site-packages/airflow/example_dags/example_branch_labels.py for tasks to queue
[2025-05-02 17:25:26,068] {logging_mixin.py:115} INFO - [2025-05-02 17:25:26,068] {dagbag.py:507} INFO - Filling up the DagBag from /root/Documents/airflowalu/venv/lib/python3.9/site-packages/airflow/example_dags/example_branch_labels.py
[2025-05-02 17:25:26,074] {processor.py:651} INFO - DAG(s) dict_keys(['example_branch_labels']) retrieved from /root/Documents/airflowalu/venv/lib/python3.9/site-packages/airflow/example_dags/example_branch_labels.py
[2025-05-02 17:25:26,082] {logging_mixin.py:115} INFO - [2025-05-02 17:25:26,082] {dag.py:2379} INFO - Sync 1 DAGs
[2025-05-02 17:25:26,092] {logging_mixin.py:115} INFO - [2025-05-02 17:25:26,092] {dag.py:2927} INFO - Setting next_dagrun for example_branch_labels to 2025-05-01T00:00:00+00:00, run_after=2025-05-02T00:00:00+00:00
[2025-05-02 17:25:26,101] {processor.py:161} INFO - Processing /root/Documents/airflowalu/venv/lib/python3.9/site-packages/airflow/example_dags/example_branch_labels.py took 0.035 seconds
[2025-05-02 17:25:55,326] {processor.py:153} INFO - Started process (PID=12216) to work on /root/Documents/airflowalu/venv/lib/python3.9/site-packages/airflow/example_dags/example_branch_labels.py
[2025-05-02 17:25:55,327] {processor.py:641} INFO - Processing file /root/Documents/airflowalu/venv/lib/python3.9/site-packages/airflow/example_dags/example_branch_labels.py for tasks to queue
[2025-05-02 17:25:55,328] {logging_mixin.py:115} INFO - [2025-05-02 17:25:55,328] {dagbag.py:507} INFO - Filling up the DagBag from /root/Documents/airflowalu/venv/lib/python3.9/site-packages/airflow/example_dags/example_branch_labels.py
[2025-05-02 17:25:55,333] {processor.py:651} INFO - DAG(s) dict_keys(['example_branch_labels']) retrieved from /root/Documents/airflowalu/venv/lib/python3.9/site-packages/airflow/example_dags/example_branch_labels.py
[2025-05-02 17:25:55,341] {logging_mixin.py:115} INFO - [2025-05-02 17:25:55,341] {dag.py:2379} INFO - Sync 1 DAGs
[2025-05-02 17:25:55,351] {logging_mixin.py:115} INFO - [2025-05-02 17:25:55,351] {dag.py:2927} INFO - Setting next_dagrun for example_branch_labels to 2025-05-01T00:00:00+00:00, run_after=2025-05-02T00:00:00+00:00
[2025-05-02 17:25:55,362] {processor.py:161} INFO - Processing /root/Documents/airflowalu/venv/lib/python3.9/site-packages/airflow/example_dags/example_branch_labels.py took 0.037 seconds
[2025-05-02 17:26:26,968] {processor.py:153} INFO - Started process (PID=12345) to work on /root/Documents/airflowalu/venv/lib/python3.9/site-packages/airflow/example_dags/example_branch_labels.py
[2025-05-02 17:26:26,969] {processor.py:641} INFO - Processing file /root/Documents/airflowalu/venv/lib/python3.9/site-packages/airflow/example_dags/example_branch_labels.py for tasks to queue
[2025-05-02 17:26:26,969] {logging_mixin.py:115} INFO - [2025-05-02 17:26:26,969] {dagbag.py:507} INFO - Filling up the DagBag from /root/Documents/airflowalu/venv/lib/python3.9/site-packages/airflow/example_dags/example_branch_labels.py
[2025-05-02 17:26:26,975] {processor.py:651} INFO - DAG(s) dict_keys(['example_branch_labels']) retrieved from /root/Documents/airflowalu/venv/lib/python3.9/site-packages/airflow/example_dags/example_branch_labels.py
[2025-05-02 17:26:26,984] {logging_mixin.py:115} INFO - [2025-05-02 17:26:26,984] {dag.py:2379} INFO - Sync 1 DAGs
[2025-05-02 17:26:26,994] {logging_mixin.py:115} INFO - [2025-05-02 17:26:26,994] {dag.py:2927} INFO - Setting next_dagrun for example_branch_labels to 2025-05-01T00:00:00+00:00, run_after=2025-05-02T00:00:00+00:00
[2025-05-02 17:26:27,005] {processor.py:161} INFO - Processing /root/Documents/airflowalu/venv/lib/python3.9/site-packages/airflow/example_dags/example_branch_labels.py took 0.038 seconds
[2025-05-02 17:26:58,755] {processor.py:153} INFO - Started process (PID=12482) to work on /root/Documents/airflowalu/venv/lib/python3.9/site-packages/airflow/example_dags/example_branch_labels.py
[2025-05-02 17:26:58,756] {processor.py:641} INFO - Processing file /root/Documents/airflowalu/venv/lib/python3.9/site-packages/airflow/example_dags/example_branch_labels.py for tasks to queue
[2025-05-02 17:26:58,756] {logging_mixin.py:115} INFO - [2025-05-02 17:26:58,756] {dagbag.py:507} INFO - Filling up the DagBag from /root/Documents/airflowalu/venv/lib/python3.9/site-packages/airflow/example_dags/example_branch_labels.py
[2025-05-02 17:26:58,761] {processor.py:651} INFO - DAG(s) dict_keys(['example_branch_labels']) retrieved from /root/Documents/airflowalu/venv/lib/python3.9/site-packages/airflow/example_dags/example_branch_labels.py
[2025-05-02 17:26:58,770] {logging_mixin.py:115} INFO - [2025-05-02 17:26:58,770] {dag.py:2379} INFO - Sync 1 DAGs
[2025-05-02 17:26:58,782] {logging_mixin.py:115} INFO - [2025-05-02 17:26:58,782] {dag.py:2927} INFO - Setting next_dagrun for example_branch_labels to 2025-05-01T00:00:00+00:00, run_after=2025-05-02T00:00:00+00:00
[2025-05-02 17:26:58,791] {processor.py:161} INFO - Processing /root/Documents/airflowalu/venv/lib/python3.9/site-packages/airflow/example_dags/example_branch_labels.py took 0.038 seconds
[2025-05-02 17:27:30,724] {processor.py:153} INFO - Started process (PID=12613) to work on /root/Documents/airflowalu/venv/lib/python3.9/site-packages/airflow/example_dags/example_branch_labels.py
[2025-05-02 17:27:30,725] {processor.py:641} INFO - Processing file /root/Documents/airflowalu/venv/lib/python3.9/site-packages/airflow/example_dags/example_branch_labels.py for tasks to queue
[2025-05-02 17:27:30,725] {logging_mixin.py:115} INFO - [2025-05-02 17:27:30,725] {dagbag.py:507} INFO - Filling up the DagBag from /root/Documents/airflowalu/venv/lib/python3.9/site-packages/airflow/example_dags/example_branch_labels.py
[2025-05-02 17:27:30,729] {processor.py:651} INFO - DAG(s) dict_keys(['example_branch_labels']) retrieved from /root/Documents/airflowalu/venv/lib/python3.9/site-packages/airflow/example_dags/example_branch_labels.py
[2025-05-02 17:27:30,737] {logging_mixin.py:115} INFO - [2025-05-02 17:27:30,737] {dag.py:2379} INFO - Sync 1 DAGs
[2025-05-02 17:27:30,746] {logging_mixin.py:115} INFO - [2025-05-02 17:27:30,746] {dag.py:2927} INFO - Setting next_dagrun for example_branch_labels to 2025-05-01T00:00:00+00:00, run_after=2025-05-02T00:00:00+00:00
[2025-05-02 17:27:30,756] {processor.py:161} INFO - Processing /root/Documents/airflowalu/venv/lib/python3.9/site-packages/airflow/example_dags/example_branch_labels.py took 0.034 seconds
[2025-05-02 17:30:00,119] {processor.py:153} INFO - Started process (PID=13462) to work on /root/Documents/airflowalu/venv/lib/python3.9/site-packages/airflow/example_dags/example_branch_labels.py
[2025-05-02 17:30:00,119] {processor.py:641} INFO - Processing file /root/Documents/airflowalu/venv/lib/python3.9/site-packages/airflow/example_dags/example_branch_labels.py for tasks to queue
[2025-05-02 17:30:00,120] {logging_mixin.py:115} INFO - [2025-05-02 17:30:00,120] {dagbag.py:507} INFO - Filling up the DagBag from /root/Documents/airflowalu/venv/lib/python3.9/site-packages/airflow/example_dags/example_branch_labels.py
[2025-05-02 17:30:00,124] {processor.py:651} INFO - DAG(s) dict_keys(['example_branch_labels']) retrieved from /root/Documents/airflowalu/venv/lib/python3.9/site-packages/airflow/example_dags/example_branch_labels.py
[2025-05-02 17:30:00,133] {logging_mixin.py:115} INFO - [2025-05-02 17:30:00,133] {dag.py:2379} INFO - Sync 1 DAGs
[2025-05-02 17:30:00,150] {logging_mixin.py:115} INFO - [2025-05-02 17:30:00,150] {dag.py:2927} INFO - Setting next_dagrun for example_branch_labels to 2025-05-01T00:00:00+00:00, run_after=2025-05-02T00:00:00+00:00
[2025-05-02 17:30:00,161] {processor.py:161} INFO - Processing /root/Documents/airflowalu/venv/lib/python3.9/site-packages/airflow/example_dags/example_branch_labels.py took 0.044 seconds
[2025-05-02 17:30:32,606] {processor.py:153} INFO - Started process (PID=13678) to work on /root/Documents/airflowalu/venv/lib/python3.9/site-packages/airflow/example_dags/example_branch_labels.py
[2025-05-02 17:30:32,607] {processor.py:641} INFO - Processing file /root/Documents/airflowalu/venv/lib/python3.9/site-packages/airflow/example_dags/example_branch_labels.py for tasks to queue
[2025-05-02 17:30:32,607] {logging_mixin.py:115} INFO - [2025-05-02 17:30:32,607] {dagbag.py:507} INFO - Filling up the DagBag from /root/Documents/airflowalu/venv/lib/python3.9/site-packages/airflow/example_dags/example_branch_labels.py
[2025-05-02 17:30:32,610] {processor.py:651} INFO - DAG(s) dict_keys(['example_branch_labels']) retrieved from /root/Documents/airflowalu/venv/lib/python3.9/site-packages/airflow/example_dags/example_branch_labels.py
[2025-05-02 17:30:32,619] {logging_mixin.py:115} INFO - [2025-05-02 17:30:32,619] {dag.py:2379} INFO - Sync 1 DAGs
[2025-05-02 17:30:32,631] {logging_mixin.py:115} INFO - [2025-05-02 17:30:32,631] {dag.py:2927} INFO - Setting next_dagrun for example_branch_labels to 2025-05-01T00:00:00+00:00, run_after=2025-05-02T00:00:00+00:00
[2025-05-02 17:30:32,642] {processor.py:161} INFO - Processing /root/Documents/airflowalu/venv/lib/python3.9/site-packages/airflow/example_dags/example_branch_labels.py took 0.038 seconds
[2025-05-02 17:31:05,223] {processor.py:153} INFO - Started process (PID=13898) to work on /root/Documents/airflowalu/venv/lib/python3.9/site-packages/airflow/example_dags/example_branch_labels.py
[2025-05-02 17:31:05,224] {processor.py:641} INFO - Processing file /root/Documents/airflowalu/venv/lib/python3.9/site-packages/airflow/example_dags/example_branch_labels.py for tasks to queue
[2025-05-02 17:31:05,224] {logging_mixin.py:115} INFO - [2025-05-02 17:31:05,224] {dagbag.py:507} INFO - Filling up the DagBag from /root/Documents/airflowalu/venv/lib/python3.9/site-packages/airflow/example_dags/example_branch_labels.py
[2025-05-02 17:31:05,227] {processor.py:651} INFO - DAG(s) dict_keys(['example_branch_labels']) retrieved from /root/Documents/airflowalu/venv/lib/python3.9/site-packages/airflow/example_dags/example_branch_labels.py
[2025-05-02 17:31:05,237] {logging_mixin.py:115} INFO - [2025-05-02 17:31:05,237] {dag.py:2379} INFO - Sync 1 DAGs
[2025-05-02 17:31:05,249] {logging_mixin.py:115} INFO - [2025-05-02 17:31:05,249] {dag.py:2927} INFO - Setting next_dagrun for example_branch_labels to 2025-05-01T00:00:00+00:00, run_after=2025-05-02T00:00:00+00:00
[2025-05-02 17:31:05,263] {processor.py:161} INFO - Processing /root/Documents/airflowalu/venv/lib/python3.9/site-packages/airflow/example_dags/example_branch_labels.py took 0.041 seconds
[2025-05-02 20:40:02,141] {processor.py:153} INFO - Started process (PID=472) to work on /root/Documents/airflowalu/venv/lib/python3.9/site-packages/airflow/example_dags/example_branch_labels.py
[2025-05-02 20:40:02,142] {processor.py:641} INFO - Processing file /root/Documents/airflowalu/venv/lib/python3.9/site-packages/airflow/example_dags/example_branch_labels.py for tasks to queue
[2025-05-02 20:40:02,142] {logging_mixin.py:115} INFO - [2025-05-02 20:40:02,142] {dagbag.py:507} INFO - Filling up the DagBag from /root/Documents/airflowalu/venv/lib/python3.9/site-packages/airflow/example_dags/example_branch_labels.py
[2025-05-02 20:40:02,146] {processor.py:651} INFO - DAG(s) dict_keys(['example_branch_labels']) retrieved from /root/Documents/airflowalu/venv/lib/python3.9/site-packages/airflow/example_dags/example_branch_labels.py
[2025-05-02 20:40:02,154] {logging_mixin.py:115} INFO - [2025-05-02 20:40:02,154] {dag.py:2379} INFO - Sync 1 DAGs
[2025-05-02 20:40:02,166] {logging_mixin.py:115} INFO - [2025-05-02 20:40:02,166] {dag.py:2927} INFO - Setting next_dagrun for example_branch_labels to 2025-05-01T00:00:00+00:00, run_after=2025-05-02T00:00:00+00:00
[2025-05-02 20:40:02,176] {processor.py:161} INFO - Processing /root/Documents/airflowalu/venv/lib/python3.9/site-packages/airflow/example_dags/example_branch_labels.py took 0.037 seconds
