[2025-05-02 16:52:41,424] {processor.py:153} INFO - Started process (PID=2859) to work on /root/Documents/airflowalu/venv/lib/python3.9/site-packages/airflow/example_dags/example_branch_operator.py
[2025-05-02 16:52:41,424] {processor.py:641} INFO - Processing file /root/Documents/airflowalu/venv/lib/python3.9/site-packages/airflow/example_dags/example_branch_operator.py for tasks to queue
[2025-05-02 16:52:41,424] {logging_mixin.py:115} INFO - [2025-05-02 16:52:41,424] {dagbag.py:507} INFO - Filling up the DagBag from /root/Documents/airflowalu/venv/lib/python3.9/site-packages/airflow/example_dags/example_branch_operator.py
[2025-05-02 16:52:41,430] {processor.py:651} INFO - DAG(s) dict_keys(['example_branch_operator']) retrieved from /root/Documents/airflowalu/venv/lib/python3.9/site-packages/airflow/example_dags/example_branch_operator.py
[2025-05-02 16:52:41,474] {logging_mixin.py:115} INFO - [2025-05-02 16:52:41,474] {manager.py:508} INFO - Created Permission View: can edit on DAG:example_branch_operator
[2025-05-02 16:52:41,483] {logging_mixin.py:115} INFO - [2025-05-02 16:52:41,483] {manager.py:508} INFO - Created Permission View: can delete on DAG:example_branch_operator
[2025-05-02 16:52:41,491] {logging_mixin.py:115} INFO - [2025-05-02 16:52:41,491] {manager.py:508} INFO - Created Permission View: can read on DAG:example_branch_operator
[2025-05-02 16:52:41,491] {logging_mixin.py:115} INFO - [2025-05-02 16:52:41,491] {dag.py:2379} INFO - Sync 1 DAGs
[2025-05-02 16:52:41,495] {logging_mixin.py:115} INFO - [2025-05-02 16:52:41,495] {dag.py:2398} INFO - Creating ORM DAG for example_branch_operator
[2025-05-02 16:52:41,501] {logging_mixin.py:115} INFO - [2025-05-02 16:52:41,501] {dag.py:2927} INFO - Setting next_dagrun for example_branch_operator to 2025-05-01T00:00:00+00:00, run_after=2025-05-02T00:00:00+00:00
[2025-05-02 16:52:41,514] {processor.py:161} INFO - Processing /root/Documents/airflowalu/venv/lib/python3.9/site-packages/airflow/example_dags/example_branch_operator.py took 0.092 seconds
[2025-05-02 16:53:13,764] {processor.py:153} INFO - Started process (PID=3061) to work on /root/Documents/airflowalu/venv/lib/python3.9/site-packages/airflow/example_dags/example_branch_operator.py
[2025-05-02 16:53:13,765] {processor.py:641} INFO - Processing file /root/Documents/airflowalu/venv/lib/python3.9/site-packages/airflow/example_dags/example_branch_operator.py for tasks to queue
[2025-05-02 16:53:13,765] {logging_mixin.py:115} INFO - [2025-05-02 16:53:13,765] {dagbag.py:507} INFO - Filling up the DagBag from /root/Documents/airflowalu/venv/lib/python3.9/site-packages/airflow/example_dags/example_branch_operator.py
[2025-05-02 16:53:13,778] {processor.py:651} INFO - DAG(s) dict_keys(['example_branch_operator']) retrieved from /root/Documents/airflowalu/venv/lib/python3.9/site-packages/airflow/example_dags/example_branch_operator.py
[2025-05-02 16:53:13,798] {logging_mixin.py:115} INFO - [2025-05-02 16:53:13,797] {dag.py:2379} INFO - Sync 1 DAGs
[2025-05-02 16:53:13,821] {logging_mixin.py:115} INFO - [2025-05-02 16:53:13,820] {dag.py:2927} INFO - Setting next_dagrun for example_branch_operator to 2025-05-01T00:00:00+00:00, run_after=2025-05-02T00:00:00+00:00
[2025-05-02 16:53:13,837] {processor.py:161} INFO - Processing /root/Documents/airflowalu/venv/lib/python3.9/site-packages/airflow/example_dags/example_branch_operator.py took 0.076 seconds
[2025-05-02 16:53:45,271] {processor.py:153} INFO - Started process (PID=3645) to work on /root/Documents/airflowalu/venv/lib/python3.9/site-packages/airflow/example_dags/example_branch_operator.py
[2025-05-02 16:53:45,272] {processor.py:641} INFO - Processing file /root/Documents/airflowalu/venv/lib/python3.9/site-packages/airflow/example_dags/example_branch_operator.py for tasks to queue
[2025-05-02 16:53:45,272] {logging_mixin.py:115} INFO - [2025-05-02 16:53:45,272] {dagbag.py:507} INFO - Filling up the DagBag from /root/Documents/airflowalu/venv/lib/python3.9/site-packages/airflow/example_dags/example_branch_operator.py
[2025-05-02 16:53:45,277] {processor.py:651} INFO - DAG(s) dict_keys(['example_branch_operator']) retrieved from /root/Documents/airflowalu/venv/lib/python3.9/site-packages/airflow/example_dags/example_branch_operator.py
[2025-05-02 16:53:45,286] {logging_mixin.py:115} INFO - [2025-05-02 16:53:45,286] {dag.py:2379} INFO - Sync 1 DAGs
[2025-05-02 16:53:45,297] {logging_mixin.py:115} INFO - [2025-05-02 16:53:45,296] {dag.py:2927} INFO - Setting next_dagrun for example_branch_operator to 2025-05-01T00:00:00+00:00, run_after=2025-05-02T00:00:00+00:00
[2025-05-02 16:53:45,307] {processor.py:161} INFO - Processing /root/Documents/airflowalu/venv/lib/python3.9/site-packages/airflow/example_dags/example_branch_operator.py took 0.038 seconds
[2025-05-02 16:54:16,343] {processor.py:153} INFO - Started process (PID=3781) to work on /root/Documents/airflowalu/venv/lib/python3.9/site-packages/airflow/example_dags/example_branch_operator.py
[2025-05-02 16:54:16,344] {processor.py:641} INFO - Processing file /root/Documents/airflowalu/venv/lib/python3.9/site-packages/airflow/example_dags/example_branch_operator.py for tasks to queue
[2025-05-02 16:54:16,344] {logging_mixin.py:115} INFO - [2025-05-02 16:54:16,344] {dagbag.py:507} INFO - Filling up the DagBag from /root/Documents/airflowalu/venv/lib/python3.9/site-packages/airflow/example_dags/example_branch_operator.py
[2025-05-02 16:54:16,350] {processor.py:651} INFO - DAG(s) dict_keys(['example_branch_operator']) retrieved from /root/Documents/airflowalu/venv/lib/python3.9/site-packages/airflow/example_dags/example_branch_operator.py
[2025-05-02 16:54:16,360] {logging_mixin.py:115} INFO - [2025-05-02 16:54:16,360] {dag.py:2379} INFO - Sync 1 DAGs
[2025-05-02 16:54:16,372] {logging_mixin.py:115} INFO - [2025-05-02 16:54:16,372] {dag.py:2927} INFO - Setting next_dagrun for example_branch_operator to 2025-05-01T00:00:00+00:00, run_after=2025-05-02T00:00:00+00:00
[2025-05-02 16:54:16,383] {processor.py:161} INFO - Processing /root/Documents/airflowalu/venv/lib/python3.9/site-packages/airflow/example_dags/example_branch_operator.py took 0.041 seconds
[2025-05-02 16:54:49,091] {processor.py:153} INFO - Started process (PID=3917) to work on /root/Documents/airflowalu/venv/lib/python3.9/site-packages/airflow/example_dags/example_branch_operator.py
[2025-05-02 16:54:49,091] {processor.py:641} INFO - Processing file /root/Documents/airflowalu/venv/lib/python3.9/site-packages/airflow/example_dags/example_branch_operator.py for tasks to queue
[2025-05-02 16:54:49,092] {logging_mixin.py:115} INFO - [2025-05-02 16:54:49,092] {dagbag.py:507} INFO - Filling up the DagBag from /root/Documents/airflowalu/venv/lib/python3.9/site-packages/airflow/example_dags/example_branch_operator.py
[2025-05-02 16:54:49,097] {processor.py:651} INFO - DAG(s) dict_keys(['example_branch_operator']) retrieved from /root/Documents/airflowalu/venv/lib/python3.9/site-packages/airflow/example_dags/example_branch_operator.py
[2025-05-02 16:54:49,105] {logging_mixin.py:115} INFO - [2025-05-02 16:54:49,105] {dag.py:2379} INFO - Sync 1 DAGs
[2025-05-02 16:54:49,116] {logging_mixin.py:115} INFO - [2025-05-02 16:54:49,116] {dag.py:2927} INFO - Setting next_dagrun for example_branch_operator to 2025-05-01T00:00:00+00:00, run_after=2025-05-02T00:00:00+00:00
[2025-05-02 16:54:49,127] {processor.py:161} INFO - Processing /root/Documents/airflowalu/venv/lib/python3.9/site-packages/airflow/example_dags/example_branch_operator.py took 0.037 seconds
[2025-05-02 16:55:20,100] {processor.py:153} INFO - Started process (PID=4049) to work on /root/Documents/airflowalu/venv/lib/python3.9/site-packages/airflow/example_dags/example_branch_operator.py
[2025-05-02 16:55:20,101] {processor.py:641} INFO - Processing file /root/Documents/airflowalu/venv/lib/python3.9/site-packages/airflow/example_dags/example_branch_operator.py for tasks to queue
[2025-05-02 16:55:20,101] {logging_mixin.py:115} INFO - [2025-05-02 16:55:20,101] {dagbag.py:507} INFO - Filling up the DagBag from /root/Documents/airflowalu/venv/lib/python3.9/site-packages/airflow/example_dags/example_branch_operator.py
[2025-05-02 16:55:20,107] {processor.py:651} INFO - DAG(s) dict_keys(['example_branch_operator']) retrieved from /root/Documents/airflowalu/venv/lib/python3.9/site-packages/airflow/example_dags/example_branch_operator.py
[2025-05-02 16:55:20,116] {logging_mixin.py:115} INFO - [2025-05-02 16:55:20,116] {dag.py:2379} INFO - Sync 1 DAGs
[2025-05-02 16:55:20,126] {logging_mixin.py:115} INFO - [2025-05-02 16:55:20,126] {dag.py:2927} INFO - Setting next_dagrun for example_branch_operator to 2025-05-01T00:00:00+00:00, run_after=2025-05-02T00:00:00+00:00
[2025-05-02 16:55:20,136] {processor.py:161} INFO - Processing /root/Documents/airflowalu/venv/lib/python3.9/site-packages/airflow/example_dags/example_branch_operator.py took 0.038 seconds
[2025-05-02 16:55:50,236] {processor.py:153} INFO - Started process (PID=4475) to work on /root/Documents/airflowalu/venv/lib/python3.9/site-packages/airflow/example_dags/example_branch_operator.py
[2025-05-02 16:55:50,237] {processor.py:641} INFO - Processing file /root/Documents/airflowalu/venv/lib/python3.9/site-packages/airflow/example_dags/example_branch_operator.py for tasks to queue
[2025-05-02 16:55:50,238] {logging_mixin.py:115} INFO - [2025-05-02 16:55:50,238] {dagbag.py:507} INFO - Filling up the DagBag from /root/Documents/airflowalu/venv/lib/python3.9/site-packages/airflow/example_dags/example_branch_operator.py
[2025-05-02 16:55:50,244] {processor.py:651} INFO - DAG(s) dict_keys(['example_branch_operator']) retrieved from /root/Documents/airflowalu/venv/lib/python3.9/site-packages/airflow/example_dags/example_branch_operator.py
[2025-05-02 16:55:50,254] {logging_mixin.py:115} INFO - [2025-05-02 16:55:50,254] {dag.py:2379} INFO - Sync 1 DAGs
[2025-05-02 16:55:50,266] {logging_mixin.py:115} INFO - [2025-05-02 16:55:50,266] {dag.py:2927} INFO - Setting next_dagrun for example_branch_operator to 2025-05-01T00:00:00+00:00, run_after=2025-05-02T00:00:00+00:00
[2025-05-02 16:55:50,277] {processor.py:161} INFO - Processing /root/Documents/airflowalu/venv/lib/python3.9/site-packages/airflow/example_dags/example_branch_operator.py took 0.042 seconds
[2025-05-02 16:56:21,365] {processor.py:153} INFO - Started process (PID=4607) to work on /root/Documents/airflowalu/venv/lib/python3.9/site-packages/airflow/example_dags/example_branch_operator.py
[2025-05-02 16:56:21,365] {processor.py:641} INFO - Processing file /root/Documents/airflowalu/venv/lib/python3.9/site-packages/airflow/example_dags/example_branch_operator.py for tasks to queue
[2025-05-02 16:56:21,366] {logging_mixin.py:115} INFO - [2025-05-02 16:56:21,366] {dagbag.py:507} INFO - Filling up the DagBag from /root/Documents/airflowalu/venv/lib/python3.9/site-packages/airflow/example_dags/example_branch_operator.py
[2025-05-02 16:56:21,371] {processor.py:651} INFO - DAG(s) dict_keys(['example_branch_operator']) retrieved from /root/Documents/airflowalu/venv/lib/python3.9/site-packages/airflow/example_dags/example_branch_operator.py
[2025-05-02 16:56:21,380] {logging_mixin.py:115} INFO - [2025-05-02 16:56:21,380] {dag.py:2379} INFO - Sync 1 DAGs
[2025-05-02 16:56:21,390] {logging_mixin.py:115} INFO - [2025-05-02 16:56:21,390] {dag.py:2927} INFO - Setting next_dagrun for example_branch_operator to 2025-05-01T00:00:00+00:00, run_after=2025-05-02T00:00:00+00:00
[2025-05-02 16:56:21,400] {processor.py:161} INFO - Processing /root/Documents/airflowalu/venv/lib/python3.9/site-packages/airflow/example_dags/example_branch_operator.py took 0.037 seconds
[2025-05-02 16:56:53,041] {processor.py:153} INFO - Started process (PID=4738) to work on /root/Documents/airflowalu/venv/lib/python3.9/site-packages/airflow/example_dags/example_branch_operator.py
[2025-05-02 16:56:53,042] {processor.py:641} INFO - Processing file /root/Documents/airflowalu/venv/lib/python3.9/site-packages/airflow/example_dags/example_branch_operator.py for tasks to queue
[2025-05-02 16:56:53,043] {logging_mixin.py:115} INFO - [2025-05-02 16:56:53,043] {dagbag.py:507} INFO - Filling up the DagBag from /root/Documents/airflowalu/venv/lib/python3.9/site-packages/airflow/example_dags/example_branch_operator.py
[2025-05-02 16:56:53,049] {processor.py:651} INFO - DAG(s) dict_keys(['example_branch_operator']) retrieved from /root/Documents/airflowalu/venv/lib/python3.9/site-packages/airflow/example_dags/example_branch_operator.py
[2025-05-02 16:56:53,058] {logging_mixin.py:115} INFO - [2025-05-02 16:56:53,058] {dag.py:2379} INFO - Sync 1 DAGs
[2025-05-02 16:56:53,070] {logging_mixin.py:115} INFO - [2025-05-02 16:56:53,070] {dag.py:2927} INFO - Setting next_dagrun for example_branch_operator to 2025-05-01T00:00:00+00:00, run_after=2025-05-02T00:00:00+00:00
[2025-05-02 16:56:53,082] {processor.py:161} INFO - Processing /root/Documents/airflowalu/venv/lib/python3.9/site-packages/airflow/example_dags/example_branch_operator.py took 0.043 seconds
[2025-05-02 16:57:23,999] {processor.py:153} INFO - Started process (PID=4874) to work on /root/Documents/airflowalu/venv/lib/python3.9/site-packages/airflow/example_dags/example_branch_operator.py
[2025-05-02 16:57:23,999] {processor.py:641} INFO - Processing file /root/Documents/airflowalu/venv/lib/python3.9/site-packages/airflow/example_dags/example_branch_operator.py for tasks to queue
[2025-05-02 16:57:24,000] {logging_mixin.py:115} INFO - [2025-05-02 16:57:24,000] {dagbag.py:507} INFO - Filling up the DagBag from /root/Documents/airflowalu/venv/lib/python3.9/site-packages/airflow/example_dags/example_branch_operator.py
[2025-05-02 16:57:24,005] {processor.py:651} INFO - DAG(s) dict_keys(['example_branch_operator']) retrieved from /root/Documents/airflowalu/venv/lib/python3.9/site-packages/airflow/example_dags/example_branch_operator.py
[2025-05-02 16:57:24,014] {logging_mixin.py:115} INFO - [2025-05-02 16:57:24,014] {dag.py:2379} INFO - Sync 1 DAGs
[2025-05-02 16:57:24,025] {logging_mixin.py:115} INFO - [2025-05-02 16:57:24,024] {dag.py:2927} INFO - Setting next_dagrun for example_branch_operator to 2025-05-01T00:00:00+00:00, run_after=2025-05-02T00:00:00+00:00
[2025-05-02 16:57:24,035] {processor.py:161} INFO - Processing /root/Documents/airflowalu/venv/lib/python3.9/site-packages/airflow/example_dags/example_branch_operator.py took 0.037 seconds
[2025-05-02 16:57:55,637] {processor.py:153} INFO - Started process (PID=5011) to work on /root/Documents/airflowalu/venv/lib/python3.9/site-packages/airflow/example_dags/example_branch_operator.py
[2025-05-02 16:57:55,638] {processor.py:641} INFO - Processing file /root/Documents/airflowalu/venv/lib/python3.9/site-packages/airflow/example_dags/example_branch_operator.py for tasks to queue
[2025-05-02 16:57:55,638] {logging_mixin.py:115} INFO - [2025-05-02 16:57:55,638] {dagbag.py:507} INFO - Filling up the DagBag from /root/Documents/airflowalu/venv/lib/python3.9/site-packages/airflow/example_dags/example_branch_operator.py
[2025-05-02 16:57:55,643] {processor.py:651} INFO - DAG(s) dict_keys(['example_branch_operator']) retrieved from /root/Documents/airflowalu/venv/lib/python3.9/site-packages/airflow/example_dags/example_branch_operator.py
[2025-05-02 16:57:55,652] {logging_mixin.py:115} INFO - [2025-05-02 16:57:55,652] {dag.py:2379} INFO - Sync 1 DAGs
[2025-05-02 16:57:55,662] {logging_mixin.py:115} INFO - [2025-05-02 16:57:55,662] {dag.py:2927} INFO - Setting next_dagrun for example_branch_operator to 2025-05-01T00:00:00+00:00, run_after=2025-05-02T00:00:00+00:00
[2025-05-02 16:57:55,672] {processor.py:161} INFO - Processing /root/Documents/airflowalu/venv/lib/python3.9/site-packages/airflow/example_dags/example_branch_operator.py took 0.037 seconds
[2025-05-02 16:58:28,371] {processor.py:153} INFO - Started process (PID=5153) to work on /root/Documents/airflowalu/venv/lib/python3.9/site-packages/airflow/example_dags/example_branch_operator.py
[2025-05-02 16:58:28,371] {processor.py:641} INFO - Processing file /root/Documents/airflowalu/venv/lib/python3.9/site-packages/airflow/example_dags/example_branch_operator.py for tasks to queue
[2025-05-02 16:58:28,372] {logging_mixin.py:115} INFO - [2025-05-02 16:58:28,372] {dagbag.py:507} INFO - Filling up the DagBag from /root/Documents/airflowalu/venv/lib/python3.9/site-packages/airflow/example_dags/example_branch_operator.py
[2025-05-02 16:58:28,377] {processor.py:651} INFO - DAG(s) dict_keys(['example_branch_operator']) retrieved from /root/Documents/airflowalu/venv/lib/python3.9/site-packages/airflow/example_dags/example_branch_operator.py
[2025-05-02 16:58:28,385] {logging_mixin.py:115} INFO - [2025-05-02 16:58:28,385] {dag.py:2379} INFO - Sync 1 DAGs
[2025-05-02 16:58:28,396] {logging_mixin.py:115} INFO - [2025-05-02 16:58:28,396] {dag.py:2927} INFO - Setting next_dagrun for example_branch_operator to 2025-05-01T00:00:00+00:00, run_after=2025-05-02T00:00:00+00:00
[2025-05-02 16:58:28,410] {processor.py:161} INFO - Processing /root/Documents/airflowalu/venv/lib/python3.9/site-packages/airflow/example_dags/example_branch_operator.py took 0.041 seconds
[2025-05-02 16:59:01,008] {processor.py:153} INFO - Started process (PID=5284) to work on /root/Documents/airflowalu/venv/lib/python3.9/site-packages/airflow/example_dags/example_branch_operator.py
[2025-05-02 16:59:01,008] {processor.py:641} INFO - Processing file /root/Documents/airflowalu/venv/lib/python3.9/site-packages/airflow/example_dags/example_branch_operator.py for tasks to queue
[2025-05-02 16:59:01,009] {logging_mixin.py:115} INFO - [2025-05-02 16:59:01,009] {dagbag.py:507} INFO - Filling up the DagBag from /root/Documents/airflowalu/venv/lib/python3.9/site-packages/airflow/example_dags/example_branch_operator.py
[2025-05-02 16:59:01,014] {processor.py:651} INFO - DAG(s) dict_keys(['example_branch_operator']) retrieved from /root/Documents/airflowalu/venv/lib/python3.9/site-packages/airflow/example_dags/example_branch_operator.py
[2025-05-02 16:59:01,023] {logging_mixin.py:115} INFO - [2025-05-02 16:59:01,023] {dag.py:2379} INFO - Sync 1 DAGs
[2025-05-02 16:59:01,034] {logging_mixin.py:115} INFO - [2025-05-02 16:59:01,034] {dag.py:2927} INFO - Setting next_dagrun for example_branch_operator to 2025-05-01T00:00:00+00:00, run_after=2025-05-02T00:00:00+00:00
[2025-05-02 16:59:01,045] {processor.py:161} INFO - Processing /root/Documents/airflowalu/venv/lib/python3.9/site-packages/airflow/example_dags/example_branch_operator.py took 0.038 seconds
[2025-05-02 16:59:33,609] {processor.py:153} INFO - Started process (PID=5423) to work on /root/Documents/airflowalu/venv/lib/python3.9/site-packages/airflow/example_dags/example_branch_operator.py
[2025-05-02 16:59:33,610] {processor.py:641} INFO - Processing file /root/Documents/airflowalu/venv/lib/python3.9/site-packages/airflow/example_dags/example_branch_operator.py for tasks to queue
[2025-05-02 16:59:33,610] {logging_mixin.py:115} INFO - [2025-05-02 16:59:33,610] {dagbag.py:507} INFO - Filling up the DagBag from /root/Documents/airflowalu/venv/lib/python3.9/site-packages/airflow/example_dags/example_branch_operator.py
[2025-05-02 16:59:33,616] {processor.py:651} INFO - DAG(s) dict_keys(['example_branch_operator']) retrieved from /root/Documents/airflowalu/venv/lib/python3.9/site-packages/airflow/example_dags/example_branch_operator.py
[2025-05-02 16:59:33,624] {logging_mixin.py:115} INFO - [2025-05-02 16:59:33,624] {dag.py:2379} INFO - Sync 1 DAGs
[2025-05-02 16:59:33,635] {logging_mixin.py:115} INFO - [2025-05-02 16:59:33,635] {dag.py:2927} INFO - Setting next_dagrun for example_branch_operator to 2025-05-01T00:00:00+00:00, run_after=2025-05-02T00:00:00+00:00
[2025-05-02 16:59:33,645] {processor.py:161} INFO - Processing /root/Documents/airflowalu/venv/lib/python3.9/site-packages/airflow/example_dags/example_branch_operator.py took 0.038 seconds
[2025-05-02 17:00:05,768] {processor.py:153} INFO - Started process (PID=5562) to work on /root/Documents/airflowalu/venv/lib/python3.9/site-packages/airflow/example_dags/example_branch_operator.py
[2025-05-02 17:00:05,769] {processor.py:641} INFO - Processing file /root/Documents/airflowalu/venv/lib/python3.9/site-packages/airflow/example_dags/example_branch_operator.py for tasks to queue
[2025-05-02 17:00:05,769] {logging_mixin.py:115} INFO - [2025-05-02 17:00:05,769] {dagbag.py:507} INFO - Filling up the DagBag from /root/Documents/airflowalu/venv/lib/python3.9/site-packages/airflow/example_dags/example_branch_operator.py
[2025-05-02 17:00:05,775] {processor.py:651} INFO - DAG(s) dict_keys(['example_branch_operator']) retrieved from /root/Documents/airflowalu/venv/lib/python3.9/site-packages/airflow/example_dags/example_branch_operator.py
[2025-05-02 17:00:05,784] {logging_mixin.py:115} INFO - [2025-05-02 17:00:05,784] {dag.py:2379} INFO - Sync 1 DAGs
[2025-05-02 17:00:05,794] {logging_mixin.py:115} INFO - [2025-05-02 17:00:05,794] {dag.py:2927} INFO - Setting next_dagrun for example_branch_operator to 2025-05-01T00:00:00+00:00, run_after=2025-05-02T00:00:00+00:00
[2025-05-02 17:00:05,805] {processor.py:161} INFO - Processing /root/Documents/airflowalu/venv/lib/python3.9/site-packages/airflow/example_dags/example_branch_operator.py took 0.038 seconds
[2025-05-02 17:00:37,511] {processor.py:153} INFO - Started process (PID=5694) to work on /root/Documents/airflowalu/venv/lib/python3.9/site-packages/airflow/example_dags/example_branch_operator.py
[2025-05-02 17:00:37,512] {processor.py:641} INFO - Processing file /root/Documents/airflowalu/venv/lib/python3.9/site-packages/airflow/example_dags/example_branch_operator.py for tasks to queue
[2025-05-02 17:00:37,512] {logging_mixin.py:115} INFO - [2025-05-02 17:00:37,512] {dagbag.py:507} INFO - Filling up the DagBag from /root/Documents/airflowalu/venv/lib/python3.9/site-packages/airflow/example_dags/example_branch_operator.py
[2025-05-02 17:00:37,518] {processor.py:651} INFO - DAG(s) dict_keys(['example_branch_operator']) retrieved from /root/Documents/airflowalu/venv/lib/python3.9/site-packages/airflow/example_dags/example_branch_operator.py
[2025-05-02 17:00:37,526] {logging_mixin.py:115} INFO - [2025-05-02 17:00:37,526] {dag.py:2379} INFO - Sync 1 DAGs
[2025-05-02 17:00:37,538] {logging_mixin.py:115} INFO - [2025-05-02 17:00:37,538] {dag.py:2927} INFO - Setting next_dagrun for example_branch_operator to 2025-05-01T00:00:00+00:00, run_after=2025-05-02T00:00:00+00:00
[2025-05-02 17:00:37,548] {processor.py:161} INFO - Processing /root/Documents/airflowalu/venv/lib/python3.9/site-packages/airflow/example_dags/example_branch_operator.py took 0.038 seconds
[2025-05-02 17:01:09,792] {processor.py:153} INFO - Started process (PID=5833) to work on /root/Documents/airflowalu/venv/lib/python3.9/site-packages/airflow/example_dags/example_branch_operator.py
[2025-05-02 17:01:09,792] {processor.py:641} INFO - Processing file /root/Documents/airflowalu/venv/lib/python3.9/site-packages/airflow/example_dags/example_branch_operator.py for tasks to queue
[2025-05-02 17:01:09,793] {logging_mixin.py:115} INFO - [2025-05-02 17:01:09,793] {dagbag.py:507} INFO - Filling up the DagBag from /root/Documents/airflowalu/venv/lib/python3.9/site-packages/airflow/example_dags/example_branch_operator.py
[2025-05-02 17:01:09,798] {processor.py:651} INFO - DAG(s) dict_keys(['example_branch_operator']) retrieved from /root/Documents/airflowalu/venv/lib/python3.9/site-packages/airflow/example_dags/example_branch_operator.py
[2025-05-02 17:01:09,806] {logging_mixin.py:115} INFO - [2025-05-02 17:01:09,806] {dag.py:2379} INFO - Sync 1 DAGs
[2025-05-02 17:01:09,817] {logging_mixin.py:115} INFO - [2025-05-02 17:01:09,817] {dag.py:2927} INFO - Setting next_dagrun for example_branch_operator to 2025-05-01T00:00:00+00:00, run_after=2025-05-02T00:00:00+00:00
[2025-05-02 17:01:09,827] {processor.py:161} INFO - Processing /root/Documents/airflowalu/venv/lib/python3.9/site-packages/airflow/example_dags/example_branch_operator.py took 0.037 seconds
[2025-05-02 17:01:42,361] {processor.py:153} INFO - Started process (PID=5967) to work on /root/Documents/airflowalu/venv/lib/python3.9/site-packages/airflow/example_dags/example_branch_operator.py
[2025-05-02 17:01:42,362] {processor.py:641} INFO - Processing file /root/Documents/airflowalu/venv/lib/python3.9/site-packages/airflow/example_dags/example_branch_operator.py for tasks to queue
[2025-05-02 17:01:42,362] {logging_mixin.py:115} INFO - [2025-05-02 17:01:42,362] {dagbag.py:507} INFO - Filling up the DagBag from /root/Documents/airflowalu/venv/lib/python3.9/site-packages/airflow/example_dags/example_branch_operator.py
[2025-05-02 17:01:42,368] {processor.py:651} INFO - DAG(s) dict_keys(['example_branch_operator']) retrieved from /root/Documents/airflowalu/venv/lib/python3.9/site-packages/airflow/example_dags/example_branch_operator.py
[2025-05-02 17:01:42,376] {logging_mixin.py:115} INFO - [2025-05-02 17:01:42,376] {dag.py:2379} INFO - Sync 1 DAGs
[2025-05-02 17:01:42,387] {logging_mixin.py:115} INFO - [2025-05-02 17:01:42,387] {dag.py:2927} INFO - Setting next_dagrun for example_branch_operator to 2025-05-01T00:00:00+00:00, run_after=2025-05-02T00:00:00+00:00
[2025-05-02 17:01:42,400] {processor.py:161} INFO - Processing /root/Documents/airflowalu/venv/lib/python3.9/site-packages/airflow/example_dags/example_branch_operator.py took 0.040 seconds
[2025-05-02 17:02:13,017] {processor.py:153} INFO - Started process (PID=6100) to work on /root/Documents/airflowalu/venv/lib/python3.9/site-packages/airflow/example_dags/example_branch_operator.py
[2025-05-02 17:02:13,018] {processor.py:641} INFO - Processing file /root/Documents/airflowalu/venv/lib/python3.9/site-packages/airflow/example_dags/example_branch_operator.py for tasks to queue
[2025-05-02 17:02:13,018] {logging_mixin.py:115} INFO - [2025-05-02 17:02:13,018] {dagbag.py:507} INFO - Filling up the DagBag from /root/Documents/airflowalu/venv/lib/python3.9/site-packages/airflow/example_dags/example_branch_operator.py
[2025-05-02 17:02:13,024] {processor.py:651} INFO - DAG(s) dict_keys(['example_branch_operator']) retrieved from /root/Documents/airflowalu/venv/lib/python3.9/site-packages/airflow/example_dags/example_branch_operator.py
[2025-05-02 17:02:13,035] {logging_mixin.py:115} INFO - [2025-05-02 17:02:13,035] {dag.py:2379} INFO - Sync 1 DAGs
[2025-05-02 17:02:13,049] {logging_mixin.py:115} INFO - [2025-05-02 17:02:13,049] {dag.py:2927} INFO - Setting next_dagrun for example_branch_operator to 2025-05-01T00:00:00+00:00, run_after=2025-05-02T00:00:00+00:00
[2025-05-02 17:02:13,061] {processor.py:161} INFO - Processing /root/Documents/airflowalu/venv/lib/python3.9/site-packages/airflow/example_dags/example_branch_operator.py took 0.046 seconds
[2025-05-02 17:02:46,534] {processor.py:153} INFO - Started process (PID=6237) to work on /root/Documents/airflowalu/venv/lib/python3.9/site-packages/airflow/example_dags/example_branch_operator.py
[2025-05-02 17:02:46,535] {processor.py:641} INFO - Processing file /root/Documents/airflowalu/venv/lib/python3.9/site-packages/airflow/example_dags/example_branch_operator.py for tasks to queue
[2025-05-02 17:02:46,535] {logging_mixin.py:115} INFO - [2025-05-02 17:02:46,535] {dagbag.py:507} INFO - Filling up the DagBag from /root/Documents/airflowalu/venv/lib/python3.9/site-packages/airflow/example_dags/example_branch_operator.py
[2025-05-02 17:02:46,541] {processor.py:651} INFO - DAG(s) dict_keys(['example_branch_operator']) retrieved from /root/Documents/airflowalu/venv/lib/python3.9/site-packages/airflow/example_dags/example_branch_operator.py
[2025-05-02 17:02:46,550] {logging_mixin.py:115} INFO - [2025-05-02 17:02:46,550] {dag.py:2379} INFO - Sync 1 DAGs
[2025-05-02 17:02:46,560] {logging_mixin.py:115} INFO - [2025-05-02 17:02:46,560] {dag.py:2927} INFO - Setting next_dagrun for example_branch_operator to 2025-05-01T00:00:00+00:00, run_after=2025-05-02T00:00:00+00:00
[2025-05-02 17:02:46,573] {processor.py:161} INFO - Processing /root/Documents/airflowalu/venv/lib/python3.9/site-packages/airflow/example_dags/example_branch_operator.py took 0.041 seconds
[2025-05-02 17:03:19,496] {processor.py:153} INFO - Started process (PID=6381) to work on /root/Documents/airflowalu/venv/lib/python3.9/site-packages/airflow/example_dags/example_branch_operator.py
[2025-05-02 17:03:19,497] {processor.py:641} INFO - Processing file /root/Documents/airflowalu/venv/lib/python3.9/site-packages/airflow/example_dags/example_branch_operator.py for tasks to queue
[2025-05-02 17:03:19,497] {logging_mixin.py:115} INFO - [2025-05-02 17:03:19,497] {dagbag.py:507} INFO - Filling up the DagBag from /root/Documents/airflowalu/venv/lib/python3.9/site-packages/airflow/example_dags/example_branch_operator.py
[2025-05-02 17:03:19,503] {processor.py:651} INFO - DAG(s) dict_keys(['example_branch_operator']) retrieved from /root/Documents/airflowalu/venv/lib/python3.9/site-packages/airflow/example_dags/example_branch_operator.py
[2025-05-02 17:03:19,512] {logging_mixin.py:115} INFO - [2025-05-02 17:03:19,511] {dag.py:2379} INFO - Sync 1 DAGs
[2025-05-02 17:03:19,524] {logging_mixin.py:115} INFO - [2025-05-02 17:03:19,524] {dag.py:2927} INFO - Setting next_dagrun for example_branch_operator to 2025-05-01T00:00:00+00:00, run_after=2025-05-02T00:00:00+00:00
[2025-05-02 17:03:19,536] {processor.py:161} INFO - Processing /root/Documents/airflowalu/venv/lib/python3.9/site-packages/airflow/example_dags/example_branch_operator.py took 0.042 seconds
[2025-05-02 17:03:52,471] {processor.py:153} INFO - Started process (PID=6521) to work on /root/Documents/airflowalu/venv/lib/python3.9/site-packages/airflow/example_dags/example_branch_operator.py
[2025-05-02 17:03:52,472] {processor.py:641} INFO - Processing file /root/Documents/airflowalu/venv/lib/python3.9/site-packages/airflow/example_dags/example_branch_operator.py for tasks to queue
[2025-05-02 17:03:52,472] {logging_mixin.py:115} INFO - [2025-05-02 17:03:52,472] {dagbag.py:507} INFO - Filling up the DagBag from /root/Documents/airflowalu/venv/lib/python3.9/site-packages/airflow/example_dags/example_branch_operator.py
[2025-05-02 17:03:52,478] {processor.py:651} INFO - DAG(s) dict_keys(['example_branch_operator']) retrieved from /root/Documents/airflowalu/venv/lib/python3.9/site-packages/airflow/example_dags/example_branch_operator.py
[2025-05-02 17:03:52,488] {logging_mixin.py:115} INFO - [2025-05-02 17:03:52,488] {dag.py:2379} INFO - Sync 1 DAGs
[2025-05-02 17:03:52,500] {logging_mixin.py:115} INFO - [2025-05-02 17:03:52,500] {dag.py:2927} INFO - Setting next_dagrun for example_branch_operator to 2025-05-01T00:00:00+00:00, run_after=2025-05-02T00:00:00+00:00
[2025-05-02 17:03:52,511] {processor.py:161} INFO - Processing /root/Documents/airflowalu/venv/lib/python3.9/site-packages/airflow/example_dags/example_branch_operator.py took 0.041 seconds
[2025-05-02 17:04:25,960] {processor.py:153} INFO - Started process (PID=6675) to work on /root/Documents/airflowalu/venv/lib/python3.9/site-packages/airflow/example_dags/example_branch_operator.py
[2025-05-02 17:04:25,961] {processor.py:641} INFO - Processing file /root/Documents/airflowalu/venv/lib/python3.9/site-packages/airflow/example_dags/example_branch_operator.py for tasks to queue
[2025-05-02 17:04:25,961] {logging_mixin.py:115} INFO - [2025-05-02 17:04:25,961] {dagbag.py:507} INFO - Filling up the DagBag from /root/Documents/airflowalu/venv/lib/python3.9/site-packages/airflow/example_dags/example_branch_operator.py
[2025-05-02 17:04:25,969] {processor.py:651} INFO - DAG(s) dict_keys(['example_branch_operator']) retrieved from /root/Documents/airflowalu/venv/lib/python3.9/site-packages/airflow/example_dags/example_branch_operator.py
[2025-05-02 17:04:25,980] {logging_mixin.py:115} INFO - [2025-05-02 17:04:25,980] {dag.py:2379} INFO - Sync 1 DAGs
[2025-05-02 17:04:25,992] {logging_mixin.py:115} INFO - [2025-05-02 17:04:25,992] {dag.py:2927} INFO - Setting next_dagrun for example_branch_operator to 2025-05-01T00:00:00+00:00, run_after=2025-05-02T00:00:00+00:00
[2025-05-02 17:04:26,002] {processor.py:161} INFO - Processing /root/Documents/airflowalu/venv/lib/python3.9/site-packages/airflow/example_dags/example_branch_operator.py took 0.044 seconds
[2025-05-02 17:04:56,903] {processor.py:153} INFO - Started process (PID=6807) to work on /root/Documents/airflowalu/venv/lib/python3.9/site-packages/airflow/example_dags/example_branch_operator.py
[2025-05-02 17:04:56,903] {processor.py:641} INFO - Processing file /root/Documents/airflowalu/venv/lib/python3.9/site-packages/airflow/example_dags/example_branch_operator.py for tasks to queue
[2025-05-02 17:04:56,904] {logging_mixin.py:115} INFO - [2025-05-02 17:04:56,904] {dagbag.py:507} INFO - Filling up the DagBag from /root/Documents/airflowalu/venv/lib/python3.9/site-packages/airflow/example_dags/example_branch_operator.py
[2025-05-02 17:04:56,912] {processor.py:651} INFO - DAG(s) dict_keys(['example_branch_operator']) retrieved from /root/Documents/airflowalu/venv/lib/python3.9/site-packages/airflow/example_dags/example_branch_operator.py
[2025-05-02 17:04:56,926] {logging_mixin.py:115} INFO - [2025-05-02 17:04:56,926] {dag.py:2379} INFO - Sync 1 DAGs
[2025-05-02 17:04:56,938] {logging_mixin.py:115} INFO - [2025-05-02 17:04:56,938] {dag.py:2927} INFO - Setting next_dagrun for example_branch_operator to 2025-05-01T00:00:00+00:00, run_after=2025-05-02T00:00:00+00:00
[2025-05-02 17:04:56,950] {processor.py:161} INFO - Processing /root/Documents/airflowalu/venv/lib/python3.9/site-packages/airflow/example_dags/example_branch_operator.py took 0.050 seconds
[2025-05-02 17:05:30,772] {processor.py:153} INFO - Started process (PID=6950) to work on /root/Documents/airflowalu/venv/lib/python3.9/site-packages/airflow/example_dags/example_branch_operator.py
[2025-05-02 17:05:30,773] {processor.py:641} INFO - Processing file /root/Documents/airflowalu/venv/lib/python3.9/site-packages/airflow/example_dags/example_branch_operator.py for tasks to queue
[2025-05-02 17:05:30,773] {logging_mixin.py:115} INFO - [2025-05-02 17:05:30,773] {dagbag.py:507} INFO - Filling up the DagBag from /root/Documents/airflowalu/venv/lib/python3.9/site-packages/airflow/example_dags/example_branch_operator.py
[2025-05-02 17:05:30,779] {processor.py:651} INFO - DAG(s) dict_keys(['example_branch_operator']) retrieved from /root/Documents/airflowalu/venv/lib/python3.9/site-packages/airflow/example_dags/example_branch_operator.py
[2025-05-02 17:05:30,789] {logging_mixin.py:115} INFO - [2025-05-02 17:05:30,789] {dag.py:2379} INFO - Sync 1 DAGs
[2025-05-02 17:05:30,803] {logging_mixin.py:115} INFO - [2025-05-02 17:05:30,803] {dag.py:2927} INFO - Setting next_dagrun for example_branch_operator to 2025-05-01T00:00:00+00:00, run_after=2025-05-02T00:00:00+00:00
[2025-05-02 17:05:30,815] {processor.py:161} INFO - Processing /root/Documents/airflowalu/venv/lib/python3.9/site-packages/airflow/example_dags/example_branch_operator.py took 0.046 seconds
[2025-05-02 17:06:01,486] {processor.py:153} INFO - Started process (PID=7083) to work on /root/Documents/airflowalu/venv/lib/python3.9/site-packages/airflow/example_dags/example_branch_operator.py
[2025-05-02 17:06:01,487] {processor.py:641} INFO - Processing file /root/Documents/airflowalu/venv/lib/python3.9/site-packages/airflow/example_dags/example_branch_operator.py for tasks to queue
[2025-05-02 17:06:01,487] {logging_mixin.py:115} INFO - [2025-05-02 17:06:01,487] {dagbag.py:507} INFO - Filling up the DagBag from /root/Documents/airflowalu/venv/lib/python3.9/site-packages/airflow/example_dags/example_branch_operator.py
[2025-05-02 17:06:01,493] {processor.py:651} INFO - DAG(s) dict_keys(['example_branch_operator']) retrieved from /root/Documents/airflowalu/venv/lib/python3.9/site-packages/airflow/example_dags/example_branch_operator.py
[2025-05-02 17:06:01,503] {logging_mixin.py:115} INFO - [2025-05-02 17:06:01,503] {dag.py:2379} INFO - Sync 1 DAGs
[2025-05-02 17:06:01,514] {logging_mixin.py:115} INFO - [2025-05-02 17:06:01,514] {dag.py:2927} INFO - Setting next_dagrun for example_branch_operator to 2025-05-01T00:00:00+00:00, run_after=2025-05-02T00:00:00+00:00
[2025-05-02 17:06:01,527] {processor.py:161} INFO - Processing /root/Documents/airflowalu/venv/lib/python3.9/site-packages/airflow/example_dags/example_branch_operator.py took 0.043 seconds
[2025-05-02 17:06:33,430] {processor.py:153} INFO - Started process (PID=7216) to work on /root/Documents/airflowalu/venv/lib/python3.9/site-packages/airflow/example_dags/example_branch_operator.py
[2025-05-02 17:06:33,431] {processor.py:641} INFO - Processing file /root/Documents/airflowalu/venv/lib/python3.9/site-packages/airflow/example_dags/example_branch_operator.py for tasks to queue
[2025-05-02 17:06:33,431] {logging_mixin.py:115} INFO - [2025-05-02 17:06:33,431] {dagbag.py:507} INFO - Filling up the DagBag from /root/Documents/airflowalu/venv/lib/python3.9/site-packages/airflow/example_dags/example_branch_operator.py
[2025-05-02 17:06:33,437] {processor.py:651} INFO - DAG(s) dict_keys(['example_branch_operator']) retrieved from /root/Documents/airflowalu/venv/lib/python3.9/site-packages/airflow/example_dags/example_branch_operator.py
[2025-05-02 17:06:33,446] {logging_mixin.py:115} INFO - [2025-05-02 17:06:33,446] {dag.py:2379} INFO - Sync 1 DAGs
[2025-05-02 17:06:33,458] {logging_mixin.py:115} INFO - [2025-05-02 17:06:33,458] {dag.py:2927} INFO - Setting next_dagrun for example_branch_operator to 2025-05-01T00:00:00+00:00, run_after=2025-05-02T00:00:00+00:00
[2025-05-02 17:06:33,468] {processor.py:161} INFO - Processing /root/Documents/airflowalu/venv/lib/python3.9/site-packages/airflow/example_dags/example_branch_operator.py took 0.040 seconds
[2025-05-02 17:07:04,369] {processor.py:153} INFO - Started process (PID=7350) to work on /root/Documents/airflowalu/venv/lib/python3.9/site-packages/airflow/example_dags/example_branch_operator.py
[2025-05-02 17:07:04,370] {processor.py:641} INFO - Processing file /root/Documents/airflowalu/venv/lib/python3.9/site-packages/airflow/example_dags/example_branch_operator.py for tasks to queue
[2025-05-02 17:07:04,371] {logging_mixin.py:115} INFO - [2025-05-02 17:07:04,371] {dagbag.py:507} INFO - Filling up the DagBag from /root/Documents/airflowalu/venv/lib/python3.9/site-packages/airflow/example_dags/example_branch_operator.py
[2025-05-02 17:07:04,376] {processor.py:651} INFO - DAG(s) dict_keys(['example_branch_operator']) retrieved from /root/Documents/airflowalu/venv/lib/python3.9/site-packages/airflow/example_dags/example_branch_operator.py
[2025-05-02 17:07:04,385] {logging_mixin.py:115} INFO - [2025-05-02 17:07:04,385] {dag.py:2379} INFO - Sync 1 DAGs
[2025-05-02 17:07:04,397] {logging_mixin.py:115} INFO - [2025-05-02 17:07:04,397] {dag.py:2927} INFO - Setting next_dagrun for example_branch_operator to 2025-05-01T00:00:00+00:00, run_after=2025-05-02T00:00:00+00:00
[2025-05-02 17:07:04,407] {processor.py:161} INFO - Processing /root/Documents/airflowalu/venv/lib/python3.9/site-packages/airflow/example_dags/example_branch_operator.py took 0.039 seconds
[2025-05-02 17:07:36,911] {processor.py:153} INFO - Started process (PID=7487) to work on /root/Documents/airflowalu/venv/lib/python3.9/site-packages/airflow/example_dags/example_branch_operator.py
[2025-05-02 17:07:36,911] {processor.py:641} INFO - Processing file /root/Documents/airflowalu/venv/lib/python3.9/site-packages/airflow/example_dags/example_branch_operator.py for tasks to queue
[2025-05-02 17:07:36,912] {logging_mixin.py:115} INFO - [2025-05-02 17:07:36,912] {dagbag.py:507} INFO - Filling up the DagBag from /root/Documents/airflowalu/venv/lib/python3.9/site-packages/airflow/example_dags/example_branch_operator.py
[2025-05-02 17:07:36,917] {processor.py:651} INFO - DAG(s) dict_keys(['example_branch_operator']) retrieved from /root/Documents/airflowalu/venv/lib/python3.9/site-packages/airflow/example_dags/example_branch_operator.py
[2025-05-02 17:07:36,928] {logging_mixin.py:115} INFO - [2025-05-02 17:07:36,928] {dag.py:2379} INFO - Sync 1 DAGs
[2025-05-02 17:07:36,938] {logging_mixin.py:115} INFO - [2025-05-02 17:07:36,938] {dag.py:2927} INFO - Setting next_dagrun for example_branch_operator to 2025-05-01T00:00:00+00:00, run_after=2025-05-02T00:00:00+00:00
[2025-05-02 17:07:36,950] {processor.py:161} INFO - Processing /root/Documents/airflowalu/venv/lib/python3.9/site-packages/airflow/example_dags/example_branch_operator.py took 0.041 seconds
[2025-05-02 17:08:09,007] {processor.py:153} INFO - Started process (PID=7621) to work on /root/Documents/airflowalu/venv/lib/python3.9/site-packages/airflow/example_dags/example_branch_operator.py
[2025-05-02 17:08:09,008] {processor.py:641} INFO - Processing file /root/Documents/airflowalu/venv/lib/python3.9/site-packages/airflow/example_dags/example_branch_operator.py for tasks to queue
[2025-05-02 17:08:09,008] {logging_mixin.py:115} INFO - [2025-05-02 17:08:09,008] {dagbag.py:507} INFO - Filling up the DagBag from /root/Documents/airflowalu/venv/lib/python3.9/site-packages/airflow/example_dags/example_branch_operator.py
[2025-05-02 17:08:09,014] {processor.py:651} INFO - DAG(s) dict_keys(['example_branch_operator']) retrieved from /root/Documents/airflowalu/venv/lib/python3.9/site-packages/airflow/example_dags/example_branch_operator.py
[2025-05-02 17:08:09,025] {logging_mixin.py:115} INFO - [2025-05-02 17:08:09,025] {dag.py:2379} INFO - Sync 1 DAGs
[2025-05-02 17:08:09,035] {logging_mixin.py:115} INFO - [2025-05-02 17:08:09,035] {dag.py:2927} INFO - Setting next_dagrun for example_branch_operator to 2025-05-01T00:00:00+00:00, run_after=2025-05-02T00:00:00+00:00
[2025-05-02 17:08:09,049] {processor.py:161} INFO - Processing /root/Documents/airflowalu/venv/lib/python3.9/site-packages/airflow/example_dags/example_branch_operator.py took 0.044 seconds
[2025-05-02 17:08:40,160] {processor.py:153} INFO - Started process (PID=7754) to work on /root/Documents/airflowalu/venv/lib/python3.9/site-packages/airflow/example_dags/example_branch_operator.py
[2025-05-02 17:08:40,161] {processor.py:641} INFO - Processing file /root/Documents/airflowalu/venv/lib/python3.9/site-packages/airflow/example_dags/example_branch_operator.py for tasks to queue
[2025-05-02 17:08:40,161] {logging_mixin.py:115} INFO - [2025-05-02 17:08:40,161] {dagbag.py:507} INFO - Filling up the DagBag from /root/Documents/airflowalu/venv/lib/python3.9/site-packages/airflow/example_dags/example_branch_operator.py
[2025-05-02 17:08:40,167] {processor.py:651} INFO - DAG(s) dict_keys(['example_branch_operator']) retrieved from /root/Documents/airflowalu/venv/lib/python3.9/site-packages/airflow/example_dags/example_branch_operator.py
[2025-05-02 17:08:40,179] {logging_mixin.py:115} INFO - [2025-05-02 17:08:40,179] {dag.py:2379} INFO - Sync 1 DAGs
[2025-05-02 17:08:40,190] {logging_mixin.py:115} INFO - [2025-05-02 17:08:40,190] {dag.py:2927} INFO - Setting next_dagrun for example_branch_operator to 2025-05-01T00:00:00+00:00, run_after=2025-05-02T00:00:00+00:00
[2025-05-02 17:08:40,201] {processor.py:161} INFO - Processing /root/Documents/airflowalu/venv/lib/python3.9/site-packages/airflow/example_dags/example_branch_operator.py took 0.043 seconds
[2025-05-02 17:09:13,739] {processor.py:153} INFO - Started process (PID=7899) to work on /root/Documents/airflowalu/venv/lib/python3.9/site-packages/airflow/example_dags/example_branch_operator.py
[2025-05-02 17:09:13,740] {processor.py:641} INFO - Processing file /root/Documents/airflowalu/venv/lib/python3.9/site-packages/airflow/example_dags/example_branch_operator.py for tasks to queue
[2025-05-02 17:09:13,740] {logging_mixin.py:115} INFO - [2025-05-02 17:09:13,740] {dagbag.py:507} INFO - Filling up the DagBag from /root/Documents/airflowalu/venv/lib/python3.9/site-packages/airflow/example_dags/example_branch_operator.py
[2025-05-02 17:09:13,747] {processor.py:651} INFO - DAG(s) dict_keys(['example_branch_operator']) retrieved from /root/Documents/airflowalu/venv/lib/python3.9/site-packages/airflow/example_dags/example_branch_operator.py
[2025-05-02 17:09:13,757] {logging_mixin.py:115} INFO - [2025-05-02 17:09:13,757] {dag.py:2379} INFO - Sync 1 DAGs
[2025-05-02 17:09:13,767] {logging_mixin.py:115} INFO - [2025-05-02 17:09:13,767] {dag.py:2927} INFO - Setting next_dagrun for example_branch_operator to 2025-05-01T00:00:00+00:00, run_after=2025-05-02T00:00:00+00:00
[2025-05-02 17:09:13,776] {processor.py:161} INFO - Processing /root/Documents/airflowalu/venv/lib/python3.9/site-packages/airflow/example_dags/example_branch_operator.py took 0.039 seconds
[2025-05-02 17:09:45,594] {processor.py:153} INFO - Started process (PID=8030) to work on /root/Documents/airflowalu/venv/lib/python3.9/site-packages/airflow/example_dags/example_branch_operator.py
[2025-05-02 17:09:45,594] {processor.py:641} INFO - Processing file /root/Documents/airflowalu/venv/lib/python3.9/site-packages/airflow/example_dags/example_branch_operator.py for tasks to queue
[2025-05-02 17:09:45,595] {logging_mixin.py:115} INFO - [2025-05-02 17:09:45,595] {dagbag.py:507} INFO - Filling up the DagBag from /root/Documents/airflowalu/venv/lib/python3.9/site-packages/airflow/example_dags/example_branch_operator.py
[2025-05-02 17:09:45,600] {processor.py:651} INFO - DAG(s) dict_keys(['example_branch_operator']) retrieved from /root/Documents/airflowalu/venv/lib/python3.9/site-packages/airflow/example_dags/example_branch_operator.py
[2025-05-02 17:09:45,610] {logging_mixin.py:115} INFO - [2025-05-02 17:09:45,610] {dag.py:2379} INFO - Sync 1 DAGs
[2025-05-02 17:09:45,619] {logging_mixin.py:115} INFO - [2025-05-02 17:09:45,619] {dag.py:2927} INFO - Setting next_dagrun for example_branch_operator to 2025-05-01T00:00:00+00:00, run_after=2025-05-02T00:00:00+00:00
[2025-05-02 17:09:45,629] {processor.py:161} INFO - Processing /root/Documents/airflowalu/venv/lib/python3.9/site-packages/airflow/example_dags/example_branch_operator.py took 0.036 seconds
[2025-05-02 17:10:17,614] {processor.py:153} INFO - Started process (PID=8169) to work on /root/Documents/airflowalu/venv/lib/python3.9/site-packages/airflow/example_dags/example_branch_operator.py
[2025-05-02 17:10:17,615] {processor.py:641} INFO - Processing file /root/Documents/airflowalu/venv/lib/python3.9/site-packages/airflow/example_dags/example_branch_operator.py for tasks to queue
[2025-05-02 17:10:17,615] {logging_mixin.py:115} INFO - [2025-05-02 17:10:17,615] {dagbag.py:507} INFO - Filling up the DagBag from /root/Documents/airflowalu/venv/lib/python3.9/site-packages/airflow/example_dags/example_branch_operator.py
[2025-05-02 17:10:17,620] {processor.py:651} INFO - DAG(s) dict_keys(['example_branch_operator']) retrieved from /root/Documents/airflowalu/venv/lib/python3.9/site-packages/airflow/example_dags/example_branch_operator.py
[2025-05-02 17:10:17,631] {logging_mixin.py:115} INFO - [2025-05-02 17:10:17,631] {dag.py:2379} INFO - Sync 1 DAGs
[2025-05-02 17:10:17,640] {logging_mixin.py:115} INFO - [2025-05-02 17:10:17,640] {dag.py:2927} INFO - Setting next_dagrun for example_branch_operator to 2025-05-01T00:00:00+00:00, run_after=2025-05-02T00:00:00+00:00
[2025-05-02 17:10:17,652] {processor.py:161} INFO - Processing /root/Documents/airflowalu/venv/lib/python3.9/site-packages/airflow/example_dags/example_branch_operator.py took 0.039 seconds
[2025-05-02 17:10:48,509] {processor.py:153} INFO - Started process (PID=8299) to work on /root/Documents/airflowalu/venv/lib/python3.9/site-packages/airflow/example_dags/example_branch_operator.py
[2025-05-02 17:10:48,510] {processor.py:641} INFO - Processing file /root/Documents/airflowalu/venv/lib/python3.9/site-packages/airflow/example_dags/example_branch_operator.py for tasks to queue
[2025-05-02 17:10:48,510] {logging_mixin.py:115} INFO - [2025-05-02 17:10:48,510] {dagbag.py:507} INFO - Filling up the DagBag from /root/Documents/airflowalu/venv/lib/python3.9/site-packages/airflow/example_dags/example_branch_operator.py
[2025-05-02 17:10:48,515] {processor.py:651} INFO - DAG(s) dict_keys(['example_branch_operator']) retrieved from /root/Documents/airflowalu/venv/lib/python3.9/site-packages/airflow/example_dags/example_branch_operator.py
[2025-05-02 17:10:48,526] {logging_mixin.py:115} INFO - [2025-05-02 17:10:48,526] {dag.py:2379} INFO - Sync 1 DAGs
[2025-05-02 17:10:48,535] {logging_mixin.py:115} INFO - [2025-05-02 17:10:48,535] {dag.py:2927} INFO - Setting next_dagrun for example_branch_operator to 2025-05-01T00:00:00+00:00, run_after=2025-05-02T00:00:00+00:00
[2025-05-02 17:10:48,547] {processor.py:161} INFO - Processing /root/Documents/airflowalu/venv/lib/python3.9/site-packages/airflow/example_dags/example_branch_operator.py took 0.039 seconds
[2025-05-02 17:11:23,374] {processor.py:153} INFO - Started process (PID=8451) to work on /root/Documents/airflowalu/venv/lib/python3.9/site-packages/airflow/example_dags/example_branch_operator.py
[2025-05-02 17:11:23,375] {processor.py:641} INFO - Processing file /root/Documents/airflowalu/venv/lib/python3.9/site-packages/airflow/example_dags/example_branch_operator.py for tasks to queue
[2025-05-02 17:11:23,375] {logging_mixin.py:115} INFO - [2025-05-02 17:11:23,375] {dagbag.py:507} INFO - Filling up the DagBag from /root/Documents/airflowalu/venv/lib/python3.9/site-packages/airflow/example_dags/example_branch_operator.py
[2025-05-02 17:11:23,381] {processor.py:651} INFO - DAG(s) dict_keys(['example_branch_operator']) retrieved from /root/Documents/airflowalu/venv/lib/python3.9/site-packages/airflow/example_dags/example_branch_operator.py
[2025-05-02 17:11:23,391] {logging_mixin.py:115} INFO - [2025-05-02 17:11:23,391] {dag.py:2379} INFO - Sync 1 DAGs
[2025-05-02 17:11:23,400] {logging_mixin.py:115} INFO - [2025-05-02 17:11:23,400] {dag.py:2927} INFO - Setting next_dagrun for example_branch_operator to 2025-05-01T00:00:00+00:00, run_after=2025-05-02T00:00:00+00:00
[2025-05-02 17:11:23,410] {processor.py:161} INFO - Processing /root/Documents/airflowalu/venv/lib/python3.9/site-packages/airflow/example_dags/example_branch_operator.py took 0.037 seconds
[2025-05-02 17:11:55,367] {processor.py:153} INFO - Started process (PID=8604) to work on /root/Documents/airflowalu/venv/lib/python3.9/site-packages/airflow/example_dags/example_branch_operator.py
[2025-05-02 17:11:55,368] {processor.py:641} INFO - Processing file /root/Documents/airflowalu/venv/lib/python3.9/site-packages/airflow/example_dags/example_branch_operator.py for tasks to queue
[2025-05-02 17:11:55,368] {logging_mixin.py:115} INFO - [2025-05-02 17:11:55,368] {dagbag.py:507} INFO - Filling up the DagBag from /root/Documents/airflowalu/venv/lib/python3.9/site-packages/airflow/example_dags/example_branch_operator.py
[2025-05-02 17:11:55,374] {processor.py:651} INFO - DAG(s) dict_keys(['example_branch_operator']) retrieved from /root/Documents/airflowalu/venv/lib/python3.9/site-packages/airflow/example_dags/example_branch_operator.py
[2025-05-02 17:11:55,384] {logging_mixin.py:115} INFO - [2025-05-02 17:11:55,384] {dag.py:2379} INFO - Sync 1 DAGs
[2025-05-02 17:11:55,393] {logging_mixin.py:115} INFO - [2025-05-02 17:11:55,393] {dag.py:2927} INFO - Setting next_dagrun for example_branch_operator to 2025-05-01T00:00:00+00:00, run_after=2025-05-02T00:00:00+00:00
[2025-05-02 17:11:55,403] {processor.py:161} INFO - Processing /root/Documents/airflowalu/venv/lib/python3.9/site-packages/airflow/example_dags/example_branch_operator.py took 0.037 seconds
[2025-05-02 17:12:28,140] {processor.py:153} INFO - Started process (PID=8747) to work on /root/Documents/airflowalu/venv/lib/python3.9/site-packages/airflow/example_dags/example_branch_operator.py
[2025-05-02 17:12:28,141] {processor.py:641} INFO - Processing file /root/Documents/airflowalu/venv/lib/python3.9/site-packages/airflow/example_dags/example_branch_operator.py for tasks to queue
[2025-05-02 17:12:28,141] {logging_mixin.py:115} INFO - [2025-05-02 17:12:28,141] {dagbag.py:507} INFO - Filling up the DagBag from /root/Documents/airflowalu/venv/lib/python3.9/site-packages/airflow/example_dags/example_branch_operator.py
[2025-05-02 17:12:28,148] {processor.py:651} INFO - DAG(s) dict_keys(['example_branch_operator']) retrieved from /root/Documents/airflowalu/venv/lib/python3.9/site-packages/airflow/example_dags/example_branch_operator.py
[2025-05-02 17:12:28,159] {logging_mixin.py:115} INFO - [2025-05-02 17:12:28,159] {dag.py:2379} INFO - Sync 1 DAGs
[2025-05-02 17:12:28,170] {logging_mixin.py:115} INFO - [2025-05-02 17:12:28,170] {dag.py:2927} INFO - Setting next_dagrun for example_branch_operator to 2025-05-01T00:00:00+00:00, run_after=2025-05-02T00:00:00+00:00
[2025-05-02 17:12:28,183] {processor.py:161} INFO - Processing /root/Documents/airflowalu/venv/lib/python3.9/site-packages/airflow/example_dags/example_branch_operator.py took 0.045 seconds
[2025-05-02 17:12:59,116] {processor.py:153} INFO - Started process (PID=8889) to work on /root/Documents/airflowalu/venv/lib/python3.9/site-packages/airflow/example_dags/example_branch_operator.py
[2025-05-02 17:12:59,117] {processor.py:641} INFO - Processing file /root/Documents/airflowalu/venv/lib/python3.9/site-packages/airflow/example_dags/example_branch_operator.py for tasks to queue
[2025-05-02 17:12:59,118] {logging_mixin.py:115} INFO - [2025-05-02 17:12:59,117] {dagbag.py:507} INFO - Filling up the DagBag from /root/Documents/airflowalu/venv/lib/python3.9/site-packages/airflow/example_dags/example_branch_operator.py
[2025-05-02 17:12:59,127] {processor.py:651} INFO - DAG(s) dict_keys(['example_branch_operator']) retrieved from /root/Documents/airflowalu/venv/lib/python3.9/site-packages/airflow/example_dags/example_branch_operator.py
[2025-05-02 17:12:59,142] {logging_mixin.py:115} INFO - [2025-05-02 17:12:59,142] {dag.py:2379} INFO - Sync 1 DAGs
[2025-05-02 17:12:59,155] {logging_mixin.py:115} INFO - [2025-05-02 17:12:59,155] {dag.py:2927} INFO - Setting next_dagrun for example_branch_operator to 2025-05-01T00:00:00+00:00, run_after=2025-05-02T00:00:00+00:00
[2025-05-02 17:12:59,168] {processor.py:161} INFO - Processing /root/Documents/airflowalu/venv/lib/python3.9/site-packages/airflow/example_dags/example_branch_operator.py took 0.054 seconds
[2025-05-02 17:13:31,247] {processor.py:153} INFO - Started process (PID=9024) to work on /root/Documents/airflowalu/venv/lib/python3.9/site-packages/airflow/example_dags/example_branch_operator.py
[2025-05-02 17:13:31,247] {processor.py:641} INFO - Processing file /root/Documents/airflowalu/venv/lib/python3.9/site-packages/airflow/example_dags/example_branch_operator.py for tasks to queue
[2025-05-02 17:13:31,248] {logging_mixin.py:115} INFO - [2025-05-02 17:13:31,248] {dagbag.py:507} INFO - Filling up the DagBag from /root/Documents/airflowalu/venv/lib/python3.9/site-packages/airflow/example_dags/example_branch_operator.py
[2025-05-02 17:13:31,253] {processor.py:651} INFO - DAG(s) dict_keys(['example_branch_operator']) retrieved from /root/Documents/airflowalu/venv/lib/python3.9/site-packages/airflow/example_dags/example_branch_operator.py
[2025-05-02 17:13:31,262] {logging_mixin.py:115} INFO - [2025-05-02 17:13:31,262] {dag.py:2379} INFO - Sync 1 DAGs
[2025-05-02 17:13:31,272] {logging_mixin.py:115} INFO - [2025-05-02 17:13:31,272] {dag.py:2927} INFO - Setting next_dagrun for example_branch_operator to 2025-05-01T00:00:00+00:00, run_after=2025-05-02T00:00:00+00:00
[2025-05-02 17:13:31,282] {processor.py:161} INFO - Processing /root/Documents/airflowalu/venv/lib/python3.9/site-packages/airflow/example_dags/example_branch_operator.py took 0.037 seconds
[2025-05-02 17:14:02,337] {processor.py:153} INFO - Started process (PID=9157) to work on /root/Documents/airflowalu/venv/lib/python3.9/site-packages/airflow/example_dags/example_branch_operator.py
[2025-05-02 17:14:02,338] {processor.py:641} INFO - Processing file /root/Documents/airflowalu/venv/lib/python3.9/site-packages/airflow/example_dags/example_branch_operator.py for tasks to queue
[2025-05-02 17:14:02,338] {logging_mixin.py:115} INFO - [2025-05-02 17:14:02,338] {dagbag.py:507} INFO - Filling up the DagBag from /root/Documents/airflowalu/venv/lib/python3.9/site-packages/airflow/example_dags/example_branch_operator.py
[2025-05-02 17:14:02,344] {processor.py:651} INFO - DAG(s) dict_keys(['example_branch_operator']) retrieved from /root/Documents/airflowalu/venv/lib/python3.9/site-packages/airflow/example_dags/example_branch_operator.py
[2025-05-02 17:14:02,353] {logging_mixin.py:115} INFO - [2025-05-02 17:14:02,353] {dag.py:2379} INFO - Sync 1 DAGs
[2025-05-02 17:14:02,362] {logging_mixin.py:115} INFO - [2025-05-02 17:14:02,362] {dag.py:2927} INFO - Setting next_dagrun for example_branch_operator to 2025-05-01T00:00:00+00:00, run_after=2025-05-02T00:00:00+00:00
[2025-05-02 17:14:02,372] {processor.py:161} INFO - Processing /root/Documents/airflowalu/venv/lib/python3.9/site-packages/airflow/example_dags/example_branch_operator.py took 0.036 seconds
[2025-05-02 17:14:34,284] {processor.py:153} INFO - Started process (PID=9295) to work on /root/Documents/airflowalu/venv/lib/python3.9/site-packages/airflow/example_dags/example_branch_operator.py
[2025-05-02 17:14:34,284] {processor.py:641} INFO - Processing file /root/Documents/airflowalu/venv/lib/python3.9/site-packages/airflow/example_dags/example_branch_operator.py for tasks to queue
[2025-05-02 17:14:34,285] {logging_mixin.py:115} INFO - [2025-05-02 17:14:34,285] {dagbag.py:507} INFO - Filling up the DagBag from /root/Documents/airflowalu/venv/lib/python3.9/site-packages/airflow/example_dags/example_branch_operator.py
[2025-05-02 17:14:34,292] {processor.py:651} INFO - DAG(s) dict_keys(['example_branch_operator']) retrieved from /root/Documents/airflowalu/venv/lib/python3.9/site-packages/airflow/example_dags/example_branch_operator.py
[2025-05-02 17:14:34,309] {logging_mixin.py:115} INFO - [2025-05-02 17:14:34,308] {dag.py:2379} INFO - Sync 1 DAGs
[2025-05-02 17:14:34,321] {logging_mixin.py:115} INFO - [2025-05-02 17:14:34,321] {dag.py:2927} INFO - Setting next_dagrun for example_branch_operator to 2025-05-01T00:00:00+00:00, run_after=2025-05-02T00:00:00+00:00
[2025-05-02 17:14:34,332] {processor.py:161} INFO - Processing /root/Documents/airflowalu/venv/lib/python3.9/site-packages/airflow/example_dags/example_branch_operator.py took 0.051 seconds
[2025-05-02 17:15:05,745] {processor.py:153} INFO - Started process (PID=9427) to work on /root/Documents/airflowalu/venv/lib/python3.9/site-packages/airflow/example_dags/example_branch_operator.py
[2025-05-02 17:15:05,746] {processor.py:641} INFO - Processing file /root/Documents/airflowalu/venv/lib/python3.9/site-packages/airflow/example_dags/example_branch_operator.py for tasks to queue
[2025-05-02 17:15:05,746] {logging_mixin.py:115} INFO - [2025-05-02 17:15:05,746] {dagbag.py:507} INFO - Filling up the DagBag from /root/Documents/airflowalu/venv/lib/python3.9/site-packages/airflow/example_dags/example_branch_operator.py
[2025-05-02 17:15:05,752] {processor.py:651} INFO - DAG(s) dict_keys(['example_branch_operator']) retrieved from /root/Documents/airflowalu/venv/lib/python3.9/site-packages/airflow/example_dags/example_branch_operator.py
[2025-05-02 17:15:05,763] {logging_mixin.py:115} INFO - [2025-05-02 17:15:05,763] {dag.py:2379} INFO - Sync 1 DAGs
[2025-05-02 17:15:05,773] {logging_mixin.py:115} INFO - [2025-05-02 17:15:05,773] {dag.py:2927} INFO - Setting next_dagrun for example_branch_operator to 2025-05-01T00:00:00+00:00, run_after=2025-05-02T00:00:00+00:00
[2025-05-02 17:15:05,783] {processor.py:161} INFO - Processing /root/Documents/airflowalu/venv/lib/python3.9/site-packages/airflow/example_dags/example_branch_operator.py took 0.039 seconds
[2025-05-02 17:15:38,365] {processor.py:153} INFO - Started process (PID=9566) to work on /root/Documents/airflowalu/venv/lib/python3.9/site-packages/airflow/example_dags/example_branch_operator.py
[2025-05-02 17:15:38,366] {processor.py:641} INFO - Processing file /root/Documents/airflowalu/venv/lib/python3.9/site-packages/airflow/example_dags/example_branch_operator.py for tasks to queue
[2025-05-02 17:15:38,366] {logging_mixin.py:115} INFO - [2025-05-02 17:15:38,366] {dagbag.py:507} INFO - Filling up the DagBag from /root/Documents/airflowalu/venv/lib/python3.9/site-packages/airflow/example_dags/example_branch_operator.py
[2025-05-02 17:15:38,372] {processor.py:651} INFO - DAG(s) dict_keys(['example_branch_operator']) retrieved from /root/Documents/airflowalu/venv/lib/python3.9/site-packages/airflow/example_dags/example_branch_operator.py
[2025-05-02 17:15:38,382] {logging_mixin.py:115} INFO - [2025-05-02 17:15:38,382] {dag.py:2379} INFO - Sync 1 DAGs
[2025-05-02 17:15:38,394] {logging_mixin.py:115} INFO - [2025-05-02 17:15:38,393] {dag.py:2927} INFO - Setting next_dagrun for example_branch_operator to 2025-05-01T00:00:00+00:00, run_after=2025-05-02T00:00:00+00:00
[2025-05-02 17:15:38,408] {processor.py:161} INFO - Processing /root/Documents/airflowalu/venv/lib/python3.9/site-packages/airflow/example_dags/example_branch_operator.py took 0.045 seconds
[2025-05-02 17:16:09,823] {processor.py:153} INFO - Started process (PID=9698) to work on /root/Documents/airflowalu/venv/lib/python3.9/site-packages/airflow/example_dags/example_branch_operator.py
[2025-05-02 17:16:09,824] {processor.py:641} INFO - Processing file /root/Documents/airflowalu/venv/lib/python3.9/site-packages/airflow/example_dags/example_branch_operator.py for tasks to queue
[2025-05-02 17:16:09,824] {logging_mixin.py:115} INFO - [2025-05-02 17:16:09,824] {dagbag.py:507} INFO - Filling up the DagBag from /root/Documents/airflowalu/venv/lib/python3.9/site-packages/airflow/example_dags/example_branch_operator.py
[2025-05-02 17:16:09,830] {processor.py:651} INFO - DAG(s) dict_keys(['example_branch_operator']) retrieved from /root/Documents/airflowalu/venv/lib/python3.9/site-packages/airflow/example_dags/example_branch_operator.py
[2025-05-02 17:16:09,840] {logging_mixin.py:115} INFO - [2025-05-02 17:16:09,840] {dag.py:2379} INFO - Sync 1 DAGs
[2025-05-02 17:16:09,850] {logging_mixin.py:115} INFO - [2025-05-02 17:16:09,850] {dag.py:2927} INFO - Setting next_dagrun for example_branch_operator to 2025-05-01T00:00:00+00:00, run_after=2025-05-02T00:00:00+00:00
[2025-05-02 17:16:09,862] {processor.py:161} INFO - Processing /root/Documents/airflowalu/venv/lib/python3.9/site-packages/airflow/example_dags/example_branch_operator.py took 0.040 seconds
[2025-05-02 17:16:41,928] {processor.py:153} INFO - Started process (PID=9832) to work on /root/Documents/airflowalu/venv/lib/python3.9/site-packages/airflow/example_dags/example_branch_operator.py
[2025-05-02 17:16:41,929] {processor.py:641} INFO - Processing file /root/Documents/airflowalu/venv/lib/python3.9/site-packages/airflow/example_dags/example_branch_operator.py for tasks to queue
[2025-05-02 17:16:41,929] {logging_mixin.py:115} INFO - [2025-05-02 17:16:41,929] {dagbag.py:507} INFO - Filling up the DagBag from /root/Documents/airflowalu/venv/lib/python3.9/site-packages/airflow/example_dags/example_branch_operator.py
[2025-05-02 17:16:41,934] {processor.py:651} INFO - DAG(s) dict_keys(['example_branch_operator']) retrieved from /root/Documents/airflowalu/venv/lib/python3.9/site-packages/airflow/example_dags/example_branch_operator.py
[2025-05-02 17:16:41,944] {logging_mixin.py:115} INFO - [2025-05-02 17:16:41,944] {dag.py:2379} INFO - Sync 1 DAGs
[2025-05-02 17:16:41,954] {logging_mixin.py:115} INFO - [2025-05-02 17:16:41,954] {dag.py:2927} INFO - Setting next_dagrun for example_branch_operator to 2025-05-01T00:00:00+00:00, run_after=2025-05-02T00:00:00+00:00
[2025-05-02 17:16:41,965] {processor.py:161} INFO - Processing /root/Documents/airflowalu/venv/lib/python3.9/site-packages/airflow/example_dags/example_branch_operator.py took 0.039 seconds
[2025-05-02 17:17:12,810] {processor.py:153} INFO - Started process (PID=9965) to work on /root/Documents/airflowalu/venv/lib/python3.9/site-packages/airflow/example_dags/example_branch_operator.py
[2025-05-02 17:17:12,811] {processor.py:641} INFO - Processing file /root/Documents/airflowalu/venv/lib/python3.9/site-packages/airflow/example_dags/example_branch_operator.py for tasks to queue
[2025-05-02 17:17:12,811] {logging_mixin.py:115} INFO - [2025-05-02 17:17:12,811] {dagbag.py:507} INFO - Filling up the DagBag from /root/Documents/airflowalu/venv/lib/python3.9/site-packages/airflow/example_dags/example_branch_operator.py
[2025-05-02 17:17:12,818] {processor.py:651} INFO - DAG(s) dict_keys(['example_branch_operator']) retrieved from /root/Documents/airflowalu/venv/lib/python3.9/site-packages/airflow/example_dags/example_branch_operator.py
[2025-05-02 17:17:12,829] {logging_mixin.py:115} INFO - [2025-05-02 17:17:12,829] {dag.py:2379} INFO - Sync 1 DAGs
[2025-05-02 17:17:12,842] {logging_mixin.py:115} INFO - [2025-05-02 17:17:12,842] {dag.py:2927} INFO - Setting next_dagrun for example_branch_operator to 2025-05-01T00:00:00+00:00, run_after=2025-05-02T00:00:00+00:00
[2025-05-02 17:17:12,853] {processor.py:161} INFO - Processing /root/Documents/airflowalu/venv/lib/python3.9/site-packages/airflow/example_dags/example_branch_operator.py took 0.045 seconds
[2025-05-02 17:17:46,667] {processor.py:153} INFO - Started process (PID=10110) to work on /root/Documents/airflowalu/venv/lib/python3.9/site-packages/airflow/example_dags/example_branch_operator.py
[2025-05-02 17:17:46,668] {processor.py:641} INFO - Processing file /root/Documents/airflowalu/venv/lib/python3.9/site-packages/airflow/example_dags/example_branch_operator.py for tasks to queue
[2025-05-02 17:17:46,668] {logging_mixin.py:115} INFO - [2025-05-02 17:17:46,668] {dagbag.py:507} INFO - Filling up the DagBag from /root/Documents/airflowalu/venv/lib/python3.9/site-packages/airflow/example_dags/example_branch_operator.py
[2025-05-02 17:17:46,678] {processor.py:651} INFO - DAG(s) dict_keys(['example_branch_operator']) retrieved from /root/Documents/airflowalu/venv/lib/python3.9/site-packages/airflow/example_dags/example_branch_operator.py
[2025-05-02 17:17:46,691] {logging_mixin.py:115} INFO - [2025-05-02 17:17:46,691] {dag.py:2379} INFO - Sync 1 DAGs
[2025-05-02 17:17:46,704] {logging_mixin.py:115} INFO - [2025-05-02 17:17:46,704] {dag.py:2927} INFO - Setting next_dagrun for example_branch_operator to 2025-05-01T00:00:00+00:00, run_after=2025-05-02T00:00:00+00:00
[2025-05-02 17:17:46,718] {processor.py:161} INFO - Processing /root/Documents/airflowalu/venv/lib/python3.9/site-packages/airflow/example_dags/example_branch_operator.py took 0.052 seconds
[2025-05-02 17:18:17,473] {processor.py:153} INFO - Started process (PID=10243) to work on /root/Documents/airflowalu/venv/lib/python3.9/site-packages/airflow/example_dags/example_branch_operator.py
[2025-05-02 17:18:17,473] {processor.py:641} INFO - Processing file /root/Documents/airflowalu/venv/lib/python3.9/site-packages/airflow/example_dags/example_branch_operator.py for tasks to queue
[2025-05-02 17:18:17,474] {logging_mixin.py:115} INFO - [2025-05-02 17:18:17,473] {dagbag.py:507} INFO - Filling up the DagBag from /root/Documents/airflowalu/venv/lib/python3.9/site-packages/airflow/example_dags/example_branch_operator.py
[2025-05-02 17:18:17,481] {processor.py:651} INFO - DAG(s) dict_keys(['example_branch_operator']) retrieved from /root/Documents/airflowalu/venv/lib/python3.9/site-packages/airflow/example_dags/example_branch_operator.py
[2025-05-02 17:18:17,489] {logging_mixin.py:115} INFO - [2025-05-02 17:18:17,489] {dag.py:2379} INFO - Sync 1 DAGs
[2025-05-02 17:18:17,499] {logging_mixin.py:115} INFO - [2025-05-02 17:18:17,499] {dag.py:2927} INFO - Setting next_dagrun for example_branch_operator to 2025-05-01T00:00:00+00:00, run_after=2025-05-02T00:00:00+00:00
[2025-05-02 17:18:17,509] {processor.py:161} INFO - Processing /root/Documents/airflowalu/venv/lib/python3.9/site-packages/airflow/example_dags/example_branch_operator.py took 0.038 seconds
[2025-05-02 17:18:48,501] {processor.py:153} INFO - Started process (PID=10376) to work on /root/Documents/airflowalu/venv/lib/python3.9/site-packages/airflow/example_dags/example_branch_operator.py
[2025-05-02 17:18:48,502] {processor.py:641} INFO - Processing file /root/Documents/airflowalu/venv/lib/python3.9/site-packages/airflow/example_dags/example_branch_operator.py for tasks to queue
[2025-05-02 17:18:48,502] {logging_mixin.py:115} INFO - [2025-05-02 17:18:48,502] {dagbag.py:507} INFO - Filling up the DagBag from /root/Documents/airflowalu/venv/lib/python3.9/site-packages/airflow/example_dags/example_branch_operator.py
[2025-05-02 17:18:48,509] {processor.py:651} INFO - DAG(s) dict_keys(['example_branch_operator']) retrieved from /root/Documents/airflowalu/venv/lib/python3.9/site-packages/airflow/example_dags/example_branch_operator.py
[2025-05-02 17:18:48,518] {logging_mixin.py:115} INFO - [2025-05-02 17:18:48,518] {dag.py:2379} INFO - Sync 1 DAGs
[2025-05-02 17:18:48,529] {logging_mixin.py:115} INFO - [2025-05-02 17:18:48,529] {dag.py:2927} INFO - Setting next_dagrun for example_branch_operator to 2025-05-01T00:00:00+00:00, run_after=2025-05-02T00:00:00+00:00
[2025-05-02 17:18:48,540] {processor.py:161} INFO - Processing /root/Documents/airflowalu/venv/lib/python3.9/site-packages/airflow/example_dags/example_branch_operator.py took 0.040 seconds
[2025-05-02 17:19:24,989] {processor.py:153} INFO - Started process (PID=10525) to work on /root/Documents/airflowalu/venv/lib/python3.9/site-packages/airflow/example_dags/example_branch_operator.py
[2025-05-02 17:19:24,990] {processor.py:641} INFO - Processing file /root/Documents/airflowalu/venv/lib/python3.9/site-packages/airflow/example_dags/example_branch_operator.py for tasks to queue
[2025-05-02 17:19:24,990] {logging_mixin.py:115} INFO - [2025-05-02 17:19:24,990] {dagbag.py:507} INFO - Filling up the DagBag from /root/Documents/airflowalu/venv/lib/python3.9/site-packages/airflow/example_dags/example_branch_operator.py
[2025-05-02 17:19:24,998] {processor.py:651} INFO - DAG(s) dict_keys(['example_branch_operator']) retrieved from /root/Documents/airflowalu/venv/lib/python3.9/site-packages/airflow/example_dags/example_branch_operator.py
[2025-05-02 17:19:25,009] {logging_mixin.py:115} INFO - [2025-05-02 17:19:25,008] {dag.py:2379} INFO - Sync 1 DAGs
[2025-05-02 17:19:25,021] {logging_mixin.py:115} INFO - [2025-05-02 17:19:25,021] {dag.py:2927} INFO - Setting next_dagrun for example_branch_operator to 2025-05-01T00:00:00+00:00, run_after=2025-05-02T00:00:00+00:00
[2025-05-02 17:19:25,034] {processor.py:161} INFO - Processing /root/Documents/airflowalu/venv/lib/python3.9/site-packages/airflow/example_dags/example_branch_operator.py took 0.048 seconds
[2025-05-02 17:19:55,960] {processor.py:153} INFO - Started process (PID=10666) to work on /root/Documents/airflowalu/venv/lib/python3.9/site-packages/airflow/example_dags/example_branch_operator.py
[2025-05-02 17:19:55,961] {processor.py:641} INFO - Processing file /root/Documents/airflowalu/venv/lib/python3.9/site-packages/airflow/example_dags/example_branch_operator.py for tasks to queue
[2025-05-02 17:19:55,961] {logging_mixin.py:115} INFO - [2025-05-02 17:19:55,961] {dagbag.py:507} INFO - Filling up the DagBag from /root/Documents/airflowalu/venv/lib/python3.9/site-packages/airflow/example_dags/example_branch_operator.py
[2025-05-02 17:19:55,968] {processor.py:651} INFO - DAG(s) dict_keys(['example_branch_operator']) retrieved from /root/Documents/airflowalu/venv/lib/python3.9/site-packages/airflow/example_dags/example_branch_operator.py
[2025-05-02 17:19:55,977] {logging_mixin.py:115} INFO - [2025-05-02 17:19:55,977] {dag.py:2379} INFO - Sync 1 DAGs
[2025-05-02 17:19:55,986] {logging_mixin.py:115} INFO - [2025-05-02 17:19:55,986] {dag.py:2927} INFO - Setting next_dagrun for example_branch_operator to 2025-05-01T00:00:00+00:00, run_after=2025-05-02T00:00:00+00:00
[2025-05-02 17:19:55,996] {processor.py:161} INFO - Processing /root/Documents/airflowalu/venv/lib/python3.9/site-packages/airflow/example_dags/example_branch_operator.py took 0.038 seconds
[2025-05-02 17:20:28,136] {processor.py:153} INFO - Started process (PID=10808) to work on /root/Documents/airflowalu/venv/lib/python3.9/site-packages/airflow/example_dags/example_branch_operator.py
[2025-05-02 17:20:28,137] {processor.py:641} INFO - Processing file /root/Documents/airflowalu/venv/lib/python3.9/site-packages/airflow/example_dags/example_branch_operator.py for tasks to queue
[2025-05-02 17:20:28,137] {logging_mixin.py:115} INFO - [2025-05-02 17:20:28,137] {dagbag.py:507} INFO - Filling up the DagBag from /root/Documents/airflowalu/venv/lib/python3.9/site-packages/airflow/example_dags/example_branch_operator.py
[2025-05-02 17:20:28,145] {processor.py:651} INFO - DAG(s) dict_keys(['example_branch_operator']) retrieved from /root/Documents/airflowalu/venv/lib/python3.9/site-packages/airflow/example_dags/example_branch_operator.py
[2025-05-02 17:20:28,156] {logging_mixin.py:115} INFO - [2025-05-02 17:20:28,155] {dag.py:2379} INFO - Sync 1 DAGs
[2025-05-02 17:20:28,168] {logging_mixin.py:115} INFO - [2025-05-02 17:20:28,167] {dag.py:2927} INFO - Setting next_dagrun for example_branch_operator to 2025-05-01T00:00:00+00:00, run_after=2025-05-02T00:00:00+00:00
[2025-05-02 17:20:28,179] {processor.py:161} INFO - Processing /root/Documents/airflowalu/venv/lib/python3.9/site-packages/airflow/example_dags/example_branch_operator.py took 0.045 seconds
[2025-05-02 17:20:59,018] {processor.py:153} INFO - Started process (PID=10947) to work on /root/Documents/airflowalu/venv/lib/python3.9/site-packages/airflow/example_dags/example_branch_operator.py
[2025-05-02 17:20:59,019] {processor.py:641} INFO - Processing file /root/Documents/airflowalu/venv/lib/python3.9/site-packages/airflow/example_dags/example_branch_operator.py for tasks to queue
[2025-05-02 17:20:59,019] {logging_mixin.py:115} INFO - [2025-05-02 17:20:59,019] {dagbag.py:507} INFO - Filling up the DagBag from /root/Documents/airflowalu/venv/lib/python3.9/site-packages/airflow/example_dags/example_branch_operator.py
[2025-05-02 17:20:59,027] {processor.py:651} INFO - DAG(s) dict_keys(['example_branch_operator']) retrieved from /root/Documents/airflowalu/venv/lib/python3.9/site-packages/airflow/example_dags/example_branch_operator.py
[2025-05-02 17:20:59,036] {logging_mixin.py:115} INFO - [2025-05-02 17:20:59,036] {dag.py:2379} INFO - Sync 1 DAGs
[2025-05-02 17:20:59,046] {logging_mixin.py:115} INFO - [2025-05-02 17:20:59,046] {dag.py:2927} INFO - Setting next_dagrun for example_branch_operator to 2025-05-01T00:00:00+00:00, run_after=2025-05-02T00:00:00+00:00
[2025-05-02 17:20:59,057] {processor.py:161} INFO - Processing /root/Documents/airflowalu/venv/lib/python3.9/site-packages/airflow/example_dags/example_branch_operator.py took 0.041 seconds
[2025-05-02 17:21:32,054] {processor.py:153} INFO - Started process (PID=11090) to work on /root/Documents/airflowalu/venv/lib/python3.9/site-packages/airflow/example_dags/example_branch_operator.py
[2025-05-02 17:21:32,055] {processor.py:641} INFO - Processing file /root/Documents/airflowalu/venv/lib/python3.9/site-packages/airflow/example_dags/example_branch_operator.py for tasks to queue
[2025-05-02 17:21:32,055] {logging_mixin.py:115} INFO - [2025-05-02 17:21:32,055] {dagbag.py:507} INFO - Filling up the DagBag from /root/Documents/airflowalu/venv/lib/python3.9/site-packages/airflow/example_dags/example_branch_operator.py
[2025-05-02 17:21:32,065] {processor.py:651} INFO - DAG(s) dict_keys(['example_branch_operator']) retrieved from /root/Documents/airflowalu/venv/lib/python3.9/site-packages/airflow/example_dags/example_branch_operator.py
[2025-05-02 17:21:32,077] {logging_mixin.py:115} INFO - [2025-05-02 17:21:32,077] {dag.py:2379} INFO - Sync 1 DAGs
[2025-05-02 17:21:32,088] {logging_mixin.py:115} INFO - [2025-05-02 17:21:32,088] {dag.py:2927} INFO - Setting next_dagrun for example_branch_operator to 2025-05-01T00:00:00+00:00, run_after=2025-05-02T00:00:00+00:00
[2025-05-02 17:21:32,125] {processor.py:161} INFO - Processing /root/Documents/airflowalu/venv/lib/python3.9/site-packages/airflow/example_dags/example_branch_operator.py took 0.073 seconds
[2025-05-02 17:22:02,675] {processor.py:153} INFO - Started process (PID=11224) to work on /root/Documents/airflowalu/venv/lib/python3.9/site-packages/airflow/example_dags/example_branch_operator.py
[2025-05-02 17:22:02,675] {processor.py:641} INFO - Processing file /root/Documents/airflowalu/venv/lib/python3.9/site-packages/airflow/example_dags/example_branch_operator.py for tasks to queue
[2025-05-02 17:22:02,675] {logging_mixin.py:115} INFO - [2025-05-02 17:22:02,675] {dagbag.py:507} INFO - Filling up the DagBag from /root/Documents/airflowalu/venv/lib/python3.9/site-packages/airflow/example_dags/example_branch_operator.py
[2025-05-02 17:22:02,683] {processor.py:651} INFO - DAG(s) dict_keys(['example_branch_operator']) retrieved from /root/Documents/airflowalu/venv/lib/python3.9/site-packages/airflow/example_dags/example_branch_operator.py
[2025-05-02 17:22:02,692] {logging_mixin.py:115} INFO - [2025-05-02 17:22:02,692] {dag.py:2379} INFO - Sync 1 DAGs
[2025-05-02 17:22:02,702] {logging_mixin.py:115} INFO - [2025-05-02 17:22:02,702] {dag.py:2927} INFO - Setting next_dagrun for example_branch_operator to 2025-05-01T00:00:00+00:00, run_after=2025-05-02T00:00:00+00:00
[2025-05-02 17:22:02,714] {processor.py:161} INFO - Processing /root/Documents/airflowalu/venv/lib/python3.9/site-packages/airflow/example_dags/example_branch_operator.py took 0.041 seconds
[2025-05-02 17:22:36,180] {processor.py:153} INFO - Started process (PID=11368) to work on /root/Documents/airflowalu/venv/lib/python3.9/site-packages/airflow/example_dags/example_branch_operator.py
[2025-05-02 17:22:36,181] {processor.py:641} INFO - Processing file /root/Documents/airflowalu/venv/lib/python3.9/site-packages/airflow/example_dags/example_branch_operator.py for tasks to queue
[2025-05-02 17:22:36,182] {logging_mixin.py:115} INFO - [2025-05-02 17:22:36,181] {dagbag.py:507} INFO - Filling up the DagBag from /root/Documents/airflowalu/venv/lib/python3.9/site-packages/airflow/example_dags/example_branch_operator.py
[2025-05-02 17:22:36,189] {processor.py:651} INFO - DAG(s) dict_keys(['example_branch_operator']) retrieved from /root/Documents/airflowalu/venv/lib/python3.9/site-packages/airflow/example_dags/example_branch_operator.py
[2025-05-02 17:22:36,200] {logging_mixin.py:115} INFO - [2025-05-02 17:22:36,200] {dag.py:2379} INFO - Sync 1 DAGs
[2025-05-02 17:22:36,212] {logging_mixin.py:115} INFO - [2025-05-02 17:22:36,212] {dag.py:2927} INFO - Setting next_dagrun for example_branch_operator to 2025-05-01T00:00:00+00:00, run_after=2025-05-02T00:00:00+00:00
[2025-05-02 17:22:36,227] {processor.py:161} INFO - Processing /root/Documents/airflowalu/venv/lib/python3.9/site-packages/airflow/example_dags/example_branch_operator.py took 0.048 seconds
[2025-05-02 17:23:08,207] {processor.py:153} INFO - Started process (PID=11500) to work on /root/Documents/airflowalu/venv/lib/python3.9/site-packages/airflow/example_dags/example_branch_operator.py
[2025-05-02 17:23:08,208] {processor.py:641} INFO - Processing file /root/Documents/airflowalu/venv/lib/python3.9/site-packages/airflow/example_dags/example_branch_operator.py for tasks to queue
[2025-05-02 17:23:08,209] {logging_mixin.py:115} INFO - [2025-05-02 17:23:08,208] {dagbag.py:507} INFO - Filling up the DagBag from /root/Documents/airflowalu/venv/lib/python3.9/site-packages/airflow/example_dags/example_branch_operator.py
[2025-05-02 17:23:08,216] {processor.py:651} INFO - DAG(s) dict_keys(['example_branch_operator']) retrieved from /root/Documents/airflowalu/venv/lib/python3.9/site-packages/airflow/example_dags/example_branch_operator.py
[2025-05-02 17:23:08,225] {logging_mixin.py:115} INFO - [2025-05-02 17:23:08,225] {dag.py:2379} INFO - Sync 1 DAGs
[2025-05-02 17:23:08,235] {logging_mixin.py:115} INFO - [2025-05-02 17:23:08,235] {dag.py:2927} INFO - Setting next_dagrun for example_branch_operator to 2025-05-01T00:00:00+00:00, run_after=2025-05-02T00:00:00+00:00
[2025-05-02 17:23:08,245] {processor.py:161} INFO - Processing /root/Documents/airflowalu/venv/lib/python3.9/site-packages/airflow/example_dags/example_branch_operator.py took 0.039 seconds
[2025-05-02 17:23:41,775] {processor.py:153} INFO - Started process (PID=11640) to work on /root/Documents/airflowalu/venv/lib/python3.9/site-packages/airflow/example_dags/example_branch_operator.py
[2025-05-02 17:23:41,776] {processor.py:641} INFO - Processing file /root/Documents/airflowalu/venv/lib/python3.9/site-packages/airflow/example_dags/example_branch_operator.py for tasks to queue
[2025-05-02 17:23:41,776] {logging_mixin.py:115} INFO - [2025-05-02 17:23:41,776] {dagbag.py:507} INFO - Filling up the DagBag from /root/Documents/airflowalu/venv/lib/python3.9/site-packages/airflow/example_dags/example_branch_operator.py
[2025-05-02 17:23:41,784] {processor.py:651} INFO - DAG(s) dict_keys(['example_branch_operator']) retrieved from /root/Documents/airflowalu/venv/lib/python3.9/site-packages/airflow/example_dags/example_branch_operator.py
[2025-05-02 17:23:41,794] {logging_mixin.py:115} INFO - [2025-05-02 17:23:41,794] {dag.py:2379} INFO - Sync 1 DAGs
[2025-05-02 17:23:41,805] {logging_mixin.py:115} INFO - [2025-05-02 17:23:41,805] {dag.py:2927} INFO - Setting next_dagrun for example_branch_operator to 2025-05-01T00:00:00+00:00, run_after=2025-05-02T00:00:00+00:00
[2025-05-02 17:23:41,816] {processor.py:161} INFO - Processing /root/Documents/airflowalu/venv/lib/python3.9/site-packages/airflow/example_dags/example_branch_operator.py took 0.043 seconds
[2025-05-02 17:24:13,493] {processor.py:153} INFO - Started process (PID=11780) to work on /root/Documents/airflowalu/venv/lib/python3.9/site-packages/airflow/example_dags/example_branch_operator.py
[2025-05-02 17:24:13,494] {processor.py:641} INFO - Processing file /root/Documents/airflowalu/venv/lib/python3.9/site-packages/airflow/example_dags/example_branch_operator.py for tasks to queue
[2025-05-02 17:24:13,495] {logging_mixin.py:115} INFO - [2025-05-02 17:24:13,495] {dagbag.py:507} INFO - Filling up the DagBag from /root/Documents/airflowalu/venv/lib/python3.9/site-packages/airflow/example_dags/example_branch_operator.py
[2025-05-02 17:24:13,502] {processor.py:651} INFO - DAG(s) dict_keys(['example_branch_operator']) retrieved from /root/Documents/airflowalu/venv/lib/python3.9/site-packages/airflow/example_dags/example_branch_operator.py
[2025-05-02 17:24:13,511] {logging_mixin.py:115} INFO - [2025-05-02 17:24:13,511] {dag.py:2379} INFO - Sync 1 DAGs
[2025-05-02 17:24:13,521] {logging_mixin.py:115} INFO - [2025-05-02 17:24:13,521] {dag.py:2927} INFO - Setting next_dagrun for example_branch_operator to 2025-05-01T00:00:00+00:00, run_after=2025-05-02T00:00:00+00:00
[2025-05-02 17:24:13,530] {processor.py:161} INFO - Processing /root/Documents/airflowalu/venv/lib/python3.9/site-packages/airflow/example_dags/example_branch_operator.py took 0.039 seconds
[2025-05-02 17:24:49,501] {processor.py:153} INFO - Started process (PID=11926) to work on /root/Documents/airflowalu/venv/lib/python3.9/site-packages/airflow/example_dags/example_branch_operator.py
[2025-05-02 17:24:49,502] {processor.py:641} INFO - Processing file /root/Documents/airflowalu/venv/lib/python3.9/site-packages/airflow/example_dags/example_branch_operator.py for tasks to queue
[2025-05-02 17:24:49,503] {logging_mixin.py:115} INFO - [2025-05-02 17:24:49,502] {dagbag.py:507} INFO - Filling up the DagBag from /root/Documents/airflowalu/venv/lib/python3.9/site-packages/airflow/example_dags/example_branch_operator.py
[2025-05-02 17:24:49,510] {processor.py:651} INFO - DAG(s) dict_keys(['example_branch_operator']) retrieved from /root/Documents/airflowalu/venv/lib/python3.9/site-packages/airflow/example_dags/example_branch_operator.py
[2025-05-02 17:24:49,519] {logging_mixin.py:115} INFO - [2025-05-02 17:24:49,519] {dag.py:2379} INFO - Sync 1 DAGs
[2025-05-02 17:24:49,529] {logging_mixin.py:115} INFO - [2025-05-02 17:24:49,529] {dag.py:2927} INFO - Setting next_dagrun for example_branch_operator to 2025-05-01T00:00:00+00:00, run_after=2025-05-02T00:00:00+00:00
[2025-05-02 17:24:49,539] {processor.py:161} INFO - Processing /root/Documents/airflowalu/venv/lib/python3.9/site-packages/airflow/example_dags/example_branch_operator.py took 0.039 seconds
[2025-05-02 17:25:19,983] {processor.py:153} INFO - Started process (PID=12058) to work on /root/Documents/airflowalu/venv/lib/python3.9/site-packages/airflow/example_dags/example_branch_operator.py
[2025-05-02 17:25:19,984] {processor.py:641} INFO - Processing file /root/Documents/airflowalu/venv/lib/python3.9/site-packages/airflow/example_dags/example_branch_operator.py for tasks to queue
[2025-05-02 17:25:19,984] {logging_mixin.py:115} INFO - [2025-05-02 17:25:19,984] {dagbag.py:507} INFO - Filling up the DagBag from /root/Documents/airflowalu/venv/lib/python3.9/site-packages/airflow/example_dags/example_branch_operator.py
[2025-05-02 17:25:19,991] {processor.py:651} INFO - DAG(s) dict_keys(['example_branch_operator']) retrieved from /root/Documents/airflowalu/venv/lib/python3.9/site-packages/airflow/example_dags/example_branch_operator.py
[2025-05-02 17:25:20,000] {logging_mixin.py:115} INFO - [2025-05-02 17:25:20,000] {dag.py:2379} INFO - Sync 1 DAGs
[2025-05-02 17:25:20,012] {logging_mixin.py:115} INFO - [2025-05-02 17:25:20,012] {dag.py:2927} INFO - Setting next_dagrun for example_branch_operator to 2025-05-01T00:00:00+00:00, run_after=2025-05-02T00:00:00+00:00
[2025-05-02 17:25:20,023] {processor.py:161} INFO - Processing /root/Documents/airflowalu/venv/lib/python3.9/site-packages/airflow/example_dags/example_branch_operator.py took 0.041 seconds
[2025-05-02 17:25:50,757] {processor.py:153} INFO - Started process (PID=12191) to work on /root/Documents/airflowalu/venv/lib/python3.9/site-packages/airflow/example_dags/example_branch_operator.py
[2025-05-02 17:25:50,758] {processor.py:641} INFO - Processing file /root/Documents/airflowalu/venv/lib/python3.9/site-packages/airflow/example_dags/example_branch_operator.py for tasks to queue
[2025-05-02 17:25:50,759] {logging_mixin.py:115} INFO - [2025-05-02 17:25:50,758] {dagbag.py:507} INFO - Filling up the DagBag from /root/Documents/airflowalu/venv/lib/python3.9/site-packages/airflow/example_dags/example_branch_operator.py
[2025-05-02 17:25:50,772] {processor.py:651} INFO - DAG(s) dict_keys(['example_branch_operator']) retrieved from /root/Documents/airflowalu/venv/lib/python3.9/site-packages/airflow/example_dags/example_branch_operator.py
[2025-05-02 17:25:50,794] {logging_mixin.py:115} INFO - [2025-05-02 17:25:50,794] {dag.py:2379} INFO - Sync 1 DAGs
[2025-05-02 17:25:50,815] {logging_mixin.py:115} INFO - [2025-05-02 17:25:50,815] {dag.py:2927} INFO - Setting next_dagrun for example_branch_operator to 2025-05-01T00:00:00+00:00, run_after=2025-05-02T00:00:00+00:00
[2025-05-02 17:25:50,832] {processor.py:161} INFO - Processing /root/Documents/airflowalu/venv/lib/python3.9/site-packages/airflow/example_dags/example_branch_operator.py took 0.077 seconds
[2025-05-02 17:26:26,099] {processor.py:153} INFO - Started process (PID=12336) to work on /root/Documents/airflowalu/venv/lib/python3.9/site-packages/airflow/example_dags/example_branch_operator.py
[2025-05-02 17:26:26,100] {processor.py:641} INFO - Processing file /root/Documents/airflowalu/venv/lib/python3.9/site-packages/airflow/example_dags/example_branch_operator.py for tasks to queue
[2025-05-02 17:26:26,100] {logging_mixin.py:115} INFO - [2025-05-02 17:26:26,100] {dagbag.py:507} INFO - Filling up the DagBag from /root/Documents/airflowalu/venv/lib/python3.9/site-packages/airflow/example_dags/example_branch_operator.py
[2025-05-02 17:26:26,108] {processor.py:651} INFO - DAG(s) dict_keys(['example_branch_operator']) retrieved from /root/Documents/airflowalu/venv/lib/python3.9/site-packages/airflow/example_dags/example_branch_operator.py
[2025-05-02 17:26:26,118] {logging_mixin.py:115} INFO - [2025-05-02 17:26:26,118] {dag.py:2379} INFO - Sync 1 DAGs
[2025-05-02 17:26:26,130] {logging_mixin.py:115} INFO - [2025-05-02 17:26:26,130] {dag.py:2927} INFO - Setting next_dagrun for example_branch_operator to 2025-05-01T00:00:00+00:00, run_after=2025-05-02T00:00:00+00:00
[2025-05-02 17:26:26,141] {processor.py:161} INFO - Processing /root/Documents/airflowalu/venv/lib/python3.9/site-packages/airflow/example_dags/example_branch_operator.py took 0.044 seconds
[2025-05-02 17:26:57,629] {processor.py:153} INFO - Started process (PID=12475) to work on /root/Documents/airflowalu/venv/lib/python3.9/site-packages/airflow/example_dags/example_branch_operator.py
[2025-05-02 17:26:57,630] {processor.py:641} INFO - Processing file /root/Documents/airflowalu/venv/lib/python3.9/site-packages/airflow/example_dags/example_branch_operator.py for tasks to queue
[2025-05-02 17:26:57,631] {logging_mixin.py:115} INFO - [2025-05-02 17:26:57,631] {dagbag.py:507} INFO - Filling up the DagBag from /root/Documents/airflowalu/venv/lib/python3.9/site-packages/airflow/example_dags/example_branch_operator.py
[2025-05-02 17:26:57,640] {processor.py:651} INFO - DAG(s) dict_keys(['example_branch_operator']) retrieved from /root/Documents/airflowalu/venv/lib/python3.9/site-packages/airflow/example_dags/example_branch_operator.py
[2025-05-02 17:26:57,649] {logging_mixin.py:115} INFO - [2025-05-02 17:26:57,649] {dag.py:2379} INFO - Sync 1 DAGs
[2025-05-02 17:26:57,658] {logging_mixin.py:115} INFO - [2025-05-02 17:26:57,658] {dag.py:2927} INFO - Setting next_dagrun for example_branch_operator to 2025-05-01T00:00:00+00:00, run_after=2025-05-02T00:00:00+00:00
[2025-05-02 17:26:57,669] {processor.py:161} INFO - Processing /root/Documents/airflowalu/venv/lib/python3.9/site-packages/airflow/example_dags/example_branch_operator.py took 0.042 seconds
[2025-05-02 17:27:32,356] {processor.py:153} INFO - Started process (PID=12621) to work on /root/Documents/airflowalu/venv/lib/python3.9/site-packages/airflow/example_dags/example_branch_operator.py
[2025-05-02 17:27:32,357] {processor.py:641} INFO - Processing file /root/Documents/airflowalu/venv/lib/python3.9/site-packages/airflow/example_dags/example_branch_operator.py for tasks to queue
[2025-05-02 17:27:32,357] {logging_mixin.py:115} INFO - [2025-05-02 17:27:32,357] {dagbag.py:507} INFO - Filling up the DagBag from /root/Documents/airflowalu/venv/lib/python3.9/site-packages/airflow/example_dags/example_branch_operator.py
[2025-05-02 17:27:32,363] {processor.py:651} INFO - DAG(s) dict_keys(['example_branch_operator']) retrieved from /root/Documents/airflowalu/venv/lib/python3.9/site-packages/airflow/example_dags/example_branch_operator.py
[2025-05-02 17:27:32,372] {logging_mixin.py:115} INFO - [2025-05-02 17:27:32,372] {dag.py:2379} INFO - Sync 1 DAGs
[2025-05-02 17:27:32,383] {logging_mixin.py:115} INFO - [2025-05-02 17:27:32,383] {dag.py:2927} INFO - Setting next_dagrun for example_branch_operator to 2025-05-01T00:00:00+00:00, run_after=2025-05-02T00:00:00+00:00
[2025-05-02 17:27:32,393] {processor.py:161} INFO - Processing /root/Documents/airflowalu/venv/lib/python3.9/site-packages/airflow/example_dags/example_branch_operator.py took 0.038 seconds
[2025-05-02 17:30:07,977] {processor.py:153} INFO - Started process (PID=13510) to work on /root/Documents/airflowalu/venv/lib/python3.9/site-packages/airflow/example_dags/example_branch_operator.py
[2025-05-02 17:30:07,978] {processor.py:641} INFO - Processing file /root/Documents/airflowalu/venv/lib/python3.9/site-packages/airflow/example_dags/example_branch_operator.py for tasks to queue
[2025-05-02 17:30:07,979] {logging_mixin.py:115} INFO - [2025-05-02 17:30:07,979] {dagbag.py:507} INFO - Filling up the DagBag from /root/Documents/airflowalu/venv/lib/python3.9/site-packages/airflow/example_dags/example_branch_operator.py
[2025-05-02 17:30:07,985] {processor.py:651} INFO - DAG(s) dict_keys(['example_branch_operator']) retrieved from /root/Documents/airflowalu/venv/lib/python3.9/site-packages/airflow/example_dags/example_branch_operator.py
[2025-05-02 17:30:07,996] {logging_mixin.py:115} INFO - [2025-05-02 17:30:07,996] {dag.py:2379} INFO - Sync 1 DAGs
[2025-05-02 17:30:08,014] {logging_mixin.py:115} INFO - [2025-05-02 17:30:08,014] {dag.py:2927} INFO - Setting next_dagrun for example_branch_operator to 2025-05-01T00:00:00+00:00, run_after=2025-05-02T00:00:00+00:00
[2025-05-02 17:30:08,028] {processor.py:161} INFO - Processing /root/Documents/airflowalu/venv/lib/python3.9/site-packages/airflow/example_dags/example_branch_operator.py took 0.053 seconds
[2025-05-02 17:30:39,986] {processor.py:153} INFO - Started process (PID=13725) to work on /root/Documents/airflowalu/venv/lib/python3.9/site-packages/airflow/example_dags/example_branch_operator.py
[2025-05-02 17:30:39,987] {processor.py:641} INFO - Processing file /root/Documents/airflowalu/venv/lib/python3.9/site-packages/airflow/example_dags/example_branch_operator.py for tasks to queue
[2025-05-02 17:30:39,988] {logging_mixin.py:115} INFO - [2025-05-02 17:30:39,988] {dagbag.py:507} INFO - Filling up the DagBag from /root/Documents/airflowalu/venv/lib/python3.9/site-packages/airflow/example_dags/example_branch_operator.py
[2025-05-02 17:30:39,993] {processor.py:651} INFO - DAG(s) dict_keys(['example_branch_operator']) retrieved from /root/Documents/airflowalu/venv/lib/python3.9/site-packages/airflow/example_dags/example_branch_operator.py
[2025-05-02 17:30:40,003] {logging_mixin.py:115} INFO - [2025-05-02 17:30:40,003] {dag.py:2379} INFO - Sync 1 DAGs
[2025-05-02 17:30:40,015] {logging_mixin.py:115} INFO - [2025-05-02 17:30:40,015] {dag.py:2927} INFO - Setting next_dagrun for example_branch_operator to 2025-05-01T00:00:00+00:00, run_after=2025-05-02T00:00:00+00:00
[2025-05-02 17:30:40,026] {processor.py:161} INFO - Processing /root/Documents/airflowalu/venv/lib/python3.9/site-packages/airflow/example_dags/example_branch_operator.py took 0.041 seconds
[2025-05-02 20:40:07,723] {processor.py:153} INFO - Started process (PID=498) to work on /root/Documents/airflowalu/venv/lib/python3.9/site-packages/airflow/example_dags/example_branch_operator.py
[2025-05-02 20:40:07,723] {processor.py:641} INFO - Processing file /root/Documents/airflowalu/venv/lib/python3.9/site-packages/airflow/example_dags/example_branch_operator.py for tasks to queue
[2025-05-02 20:40:07,724] {logging_mixin.py:115} INFO - [2025-05-02 20:40:07,724] {dagbag.py:507} INFO - Filling up the DagBag from /root/Documents/airflowalu/venv/lib/python3.9/site-packages/airflow/example_dags/example_branch_operator.py
[2025-05-02 20:40:07,730] {processor.py:651} INFO - DAG(s) dict_keys(['example_branch_operator']) retrieved from /root/Documents/airflowalu/venv/lib/python3.9/site-packages/airflow/example_dags/example_branch_operator.py
[2025-05-02 20:40:07,742] {logging_mixin.py:115} INFO - [2025-05-02 20:40:07,742] {dag.py:2379} INFO - Sync 1 DAGs
[2025-05-02 20:40:07,754] {logging_mixin.py:115} INFO - [2025-05-02 20:40:07,754] {dag.py:2927} INFO - Setting next_dagrun for example_branch_operator to 2025-05-01T00:00:00+00:00, run_after=2025-05-02T00:00:00+00:00
[2025-05-02 20:40:07,767] {processor.py:161} INFO - Processing /root/Documents/airflowalu/venv/lib/python3.9/site-packages/airflow/example_dags/example_branch_operator.py took 0.046 seconds
