[2025-05-02 16:52:46,087] {processor.py:153} INFO - Started process (PID=2865) to work on /root/Documents/airflowalu/venv/lib/python3.9/site-packages/airflow/example_dags/example_kubernetes_executor.py
[2025-05-02 16:52:46,087] {processor.py:641} INFO - Processing file /root/Documents/airflowalu/venv/lib/python3.9/site-packages/airflow/example_dags/example_kubernetes_executor.py for tasks to queue
[2025-05-02 16:52:46,087] {logging_mixin.py:115} INFO - [2025-05-02 16:52:46,087] {dagbag.py:507} INFO - Filling up the DagBag from /root/Documents/airflowalu/venv/lib/python3.9/site-packages/airflow/example_dags/example_kubernetes_executor.py
[2025-05-02 16:52:46,096] {logging_mixin.py:115} INFO - [2025-05-02 16:52:46,096] {example_kubernetes_executor.py:39} WARNING - The example_kubernetes_executor example DAG requires the kubernetes provider. Please install it with: pip install apache-airflow[cncf.kubernetes]
[2025-05-02 16:52:46,096] {processor.py:653} WARNING - No viable dags retrieved from /root/Documents/airflowalu/venv/lib/python3.9/site-packages/airflow/example_dags/example_kubernetes_executor.py
[2025-05-02 16:52:46,102] {processor.py:161} INFO - Processing /root/Documents/airflowalu/venv/lib/python3.9/site-packages/airflow/example_dags/example_kubernetes_executor.py took 0.017 seconds
[2025-05-02 16:53:17,771] {processor.py:153} INFO - Started process (PID=3194) to work on /root/Documents/airflowalu/venv/lib/python3.9/site-packages/airflow/example_dags/example_kubernetes_executor.py
[2025-05-02 16:53:17,772] {processor.py:641} INFO - Processing file /root/Documents/airflowalu/venv/lib/python3.9/site-packages/airflow/example_dags/example_kubernetes_executor.py for tasks to queue
[2025-05-02 16:53:17,772] {logging_mixin.py:115} INFO - [2025-05-02 16:53:17,772] {dagbag.py:507} INFO - Filling up the DagBag from /root/Documents/airflowalu/venv/lib/python3.9/site-packages/airflow/example_dags/example_kubernetes_executor.py
[2025-05-02 16:53:17,783] {logging_mixin.py:115} INFO - [2025-05-02 16:53:17,783] {example_kubernetes_executor.py:39} WARNING - The example_kubernetes_executor example DAG requires the kubernetes provider. Please install it with: pip install apache-airflow[cncf.kubernetes]
[2025-05-02 16:53:17,783] {processor.py:653} WARNING - No viable dags retrieved from /root/Documents/airflowalu/venv/lib/python3.9/site-packages/airflow/example_dags/example_kubernetes_executor.py
[2025-05-02 16:53:17,791] {processor.py:161} INFO - Processing /root/Documents/airflowalu/venv/lib/python3.9/site-packages/airflow/example_dags/example_kubernetes_executor.py took 0.023 seconds
[2025-05-02 16:53:48,127] {processor.py:153} INFO - Started process (PID=3655) to work on /root/Documents/airflowalu/venv/lib/python3.9/site-packages/airflow/example_dags/example_kubernetes_executor.py
[2025-05-02 16:53:48,128] {processor.py:641} INFO - Processing file /root/Documents/airflowalu/venv/lib/python3.9/site-packages/airflow/example_dags/example_kubernetes_executor.py for tasks to queue
[2025-05-02 16:53:48,128] {logging_mixin.py:115} INFO - [2025-05-02 16:53:48,128] {dagbag.py:507} INFO - Filling up the DagBag from /root/Documents/airflowalu/venv/lib/python3.9/site-packages/airflow/example_dags/example_kubernetes_executor.py
[2025-05-02 16:53:48,136] {logging_mixin.py:115} INFO - [2025-05-02 16:53:48,136] {example_kubernetes_executor.py:39} WARNING - The example_kubernetes_executor example DAG requires the kubernetes provider. Please install it with: pip install apache-airflow[cncf.kubernetes]
[2025-05-02 16:53:48,136] {processor.py:653} WARNING - No viable dags retrieved from /root/Documents/airflowalu/venv/lib/python3.9/site-packages/airflow/example_dags/example_kubernetes_executor.py
[2025-05-02 16:53:48,141] {processor.py:161} INFO - Processing /root/Documents/airflowalu/venv/lib/python3.9/site-packages/airflow/example_dags/example_kubernetes_executor.py took 0.016 seconds
[2025-05-02 16:54:18,652] {processor.py:153} INFO - Started process (PID=3797) to work on /root/Documents/airflowalu/venv/lib/python3.9/site-packages/airflow/example_dags/example_kubernetes_executor.py
[2025-05-02 16:54:18,653] {processor.py:641} INFO - Processing file /root/Documents/airflowalu/venv/lib/python3.9/site-packages/airflow/example_dags/example_kubernetes_executor.py for tasks to queue
[2025-05-02 16:54:18,653] {logging_mixin.py:115} INFO - [2025-05-02 16:54:18,653] {dagbag.py:507} INFO - Filling up the DagBag from /root/Documents/airflowalu/venv/lib/python3.9/site-packages/airflow/example_dags/example_kubernetes_executor.py
[2025-05-02 16:54:18,661] {logging_mixin.py:115} INFO - [2025-05-02 16:54:18,661] {example_kubernetes_executor.py:39} WARNING - The example_kubernetes_executor example DAG requires the kubernetes provider. Please install it with: pip install apache-airflow[cncf.kubernetes]
[2025-05-02 16:54:18,661] {processor.py:653} WARNING - No viable dags retrieved from /root/Documents/airflowalu/venv/lib/python3.9/site-packages/airflow/example_dags/example_kubernetes_executor.py
[2025-05-02 16:54:18,668] {processor.py:161} INFO - Processing /root/Documents/airflowalu/venv/lib/python3.9/site-packages/airflow/example_dags/example_kubernetes_executor.py took 0.017 seconds
[2025-05-02 16:54:51,022] {processor.py:153} INFO - Started process (PID=3933) to work on /root/Documents/airflowalu/venv/lib/python3.9/site-packages/airflow/example_dags/example_kubernetes_executor.py
[2025-05-02 16:54:51,023] {processor.py:641} INFO - Processing file /root/Documents/airflowalu/venv/lib/python3.9/site-packages/airflow/example_dags/example_kubernetes_executor.py for tasks to queue
[2025-05-02 16:54:51,023] {logging_mixin.py:115} INFO - [2025-05-02 16:54:51,023] {dagbag.py:507} INFO - Filling up the DagBag from /root/Documents/airflowalu/venv/lib/python3.9/site-packages/airflow/example_dags/example_kubernetes_executor.py
[2025-05-02 16:54:51,031] {logging_mixin.py:115} INFO - [2025-05-02 16:54:51,031] {example_kubernetes_executor.py:39} WARNING - The example_kubernetes_executor example DAG requires the kubernetes provider. Please install it with: pip install apache-airflow[cncf.kubernetes]
[2025-05-02 16:54:51,031] {processor.py:653} WARNING - No viable dags retrieved from /root/Documents/airflowalu/venv/lib/python3.9/site-packages/airflow/example_dags/example_kubernetes_executor.py
[2025-05-02 16:54:51,036] {processor.py:161} INFO - Processing /root/Documents/airflowalu/venv/lib/python3.9/site-packages/airflow/example_dags/example_kubernetes_executor.py took 0.016 seconds
[2025-05-02 16:55:21,981] {processor.py:153} INFO - Started process (PID=4065) to work on /root/Documents/airflowalu/venv/lib/python3.9/site-packages/airflow/example_dags/example_kubernetes_executor.py
[2025-05-02 16:55:21,981] {processor.py:641} INFO - Processing file /root/Documents/airflowalu/venv/lib/python3.9/site-packages/airflow/example_dags/example_kubernetes_executor.py for tasks to queue
[2025-05-02 16:55:21,982] {logging_mixin.py:115} INFO - [2025-05-02 16:55:21,981] {dagbag.py:507} INFO - Filling up the DagBag from /root/Documents/airflowalu/venv/lib/python3.9/site-packages/airflow/example_dags/example_kubernetes_executor.py
[2025-05-02 16:55:21,989] {logging_mixin.py:115} INFO - [2025-05-02 16:55:21,989] {example_kubernetes_executor.py:39} WARNING - The example_kubernetes_executor example DAG requires the kubernetes provider. Please install it with: pip install apache-airflow[cncf.kubernetes]
[2025-05-02 16:55:21,989] {processor.py:653} WARNING - No viable dags retrieved from /root/Documents/airflowalu/venv/lib/python3.9/site-packages/airflow/example_dags/example_kubernetes_executor.py
[2025-05-02 16:55:21,994] {processor.py:161} INFO - Processing /root/Documents/airflowalu/venv/lib/python3.9/site-packages/airflow/example_dags/example_kubernetes_executor.py took 0.015 seconds
[2025-05-02 16:55:53,237] {processor.py:153} INFO - Started process (PID=4490) to work on /root/Documents/airflowalu/venv/lib/python3.9/site-packages/airflow/example_dags/example_kubernetes_executor.py
[2025-05-02 16:55:53,238] {processor.py:641} INFO - Processing file /root/Documents/airflowalu/venv/lib/python3.9/site-packages/airflow/example_dags/example_kubernetes_executor.py for tasks to queue
[2025-05-02 16:55:53,238] {logging_mixin.py:115} INFO - [2025-05-02 16:55:53,238] {dagbag.py:507} INFO - Filling up the DagBag from /root/Documents/airflowalu/venv/lib/python3.9/site-packages/airflow/example_dags/example_kubernetes_executor.py
[2025-05-02 16:55:53,246] {logging_mixin.py:115} INFO - [2025-05-02 16:55:53,246] {example_kubernetes_executor.py:39} WARNING - The example_kubernetes_executor example DAG requires the kubernetes provider. Please install it with: pip install apache-airflow[cncf.kubernetes]
[2025-05-02 16:55:53,246] {processor.py:653} WARNING - No viable dags retrieved from /root/Documents/airflowalu/venv/lib/python3.9/site-packages/airflow/example_dags/example_kubernetes_executor.py
[2025-05-02 16:55:53,252] {processor.py:161} INFO - Processing /root/Documents/airflowalu/venv/lib/python3.9/site-packages/airflow/example_dags/example_kubernetes_executor.py took 0.017 seconds
[2025-05-02 16:56:24,777] {processor.py:153} INFO - Started process (PID=4622) to work on /root/Documents/airflowalu/venv/lib/python3.9/site-packages/airflow/example_dags/example_kubernetes_executor.py
[2025-05-02 16:56:24,778] {processor.py:641} INFO - Processing file /root/Documents/airflowalu/venv/lib/python3.9/site-packages/airflow/example_dags/example_kubernetes_executor.py for tasks to queue
[2025-05-02 16:56:24,778] {logging_mixin.py:115} INFO - [2025-05-02 16:56:24,778] {dagbag.py:507} INFO - Filling up the DagBag from /root/Documents/airflowalu/venv/lib/python3.9/site-packages/airflow/example_dags/example_kubernetes_executor.py
[2025-05-02 16:56:24,786] {logging_mixin.py:115} INFO - [2025-05-02 16:56:24,786] {example_kubernetes_executor.py:39} WARNING - The example_kubernetes_executor example DAG requires the kubernetes provider. Please install it with: pip install apache-airflow[cncf.kubernetes]
[2025-05-02 16:56:24,786] {processor.py:653} WARNING - No viable dags retrieved from /root/Documents/airflowalu/venv/lib/python3.9/site-packages/airflow/example_dags/example_kubernetes_executor.py
[2025-05-02 16:56:24,792] {processor.py:161} INFO - Processing /root/Documents/airflowalu/venv/lib/python3.9/site-packages/airflow/example_dags/example_kubernetes_executor.py took 0.016 seconds
[2025-05-02 16:56:56,887] {processor.py:153} INFO - Started process (PID=4754) to work on /root/Documents/airflowalu/venv/lib/python3.9/site-packages/airflow/example_dags/example_kubernetes_executor.py
[2025-05-02 16:56:56,888] {processor.py:641} INFO - Processing file /root/Documents/airflowalu/venv/lib/python3.9/site-packages/airflow/example_dags/example_kubernetes_executor.py for tasks to queue
[2025-05-02 16:56:56,888] {logging_mixin.py:115} INFO - [2025-05-02 16:56:56,888] {dagbag.py:507} INFO - Filling up the DagBag from /root/Documents/airflowalu/venv/lib/python3.9/site-packages/airflow/example_dags/example_kubernetes_executor.py
[2025-05-02 16:56:56,896] {logging_mixin.py:115} INFO - [2025-05-02 16:56:56,896] {example_kubernetes_executor.py:39} WARNING - The example_kubernetes_executor example DAG requires the kubernetes provider. Please install it with: pip install apache-airflow[cncf.kubernetes]
[2025-05-02 16:56:56,896] {processor.py:653} WARNING - No viable dags retrieved from /root/Documents/airflowalu/venv/lib/python3.9/site-packages/airflow/example_dags/example_kubernetes_executor.py
[2025-05-02 16:56:56,902] {processor.py:161} INFO - Processing /root/Documents/airflowalu/venv/lib/python3.9/site-packages/airflow/example_dags/example_kubernetes_executor.py took 0.016 seconds
[2025-05-02 16:57:28,522] {processor.py:153} INFO - Started process (PID=4896) to work on /root/Documents/airflowalu/venv/lib/python3.9/site-packages/airflow/example_dags/example_kubernetes_executor.py
[2025-05-02 16:57:28,523] {processor.py:641} INFO - Processing file /root/Documents/airflowalu/venv/lib/python3.9/site-packages/airflow/example_dags/example_kubernetes_executor.py for tasks to queue
[2025-05-02 16:57:28,523] {logging_mixin.py:115} INFO - [2025-05-02 16:57:28,523] {dagbag.py:507} INFO - Filling up the DagBag from /root/Documents/airflowalu/venv/lib/python3.9/site-packages/airflow/example_dags/example_kubernetes_executor.py
[2025-05-02 16:57:28,531] {logging_mixin.py:115} INFO - [2025-05-02 16:57:28,531] {example_kubernetes_executor.py:39} WARNING - The example_kubernetes_executor example DAG requires the kubernetes provider. Please install it with: pip install apache-airflow[cncf.kubernetes]
[2025-05-02 16:57:28,531] {processor.py:653} WARNING - No viable dags retrieved from /root/Documents/airflowalu/venv/lib/python3.9/site-packages/airflow/example_dags/example_kubernetes_executor.py
[2025-05-02 16:57:28,536] {processor.py:161} INFO - Processing /root/Documents/airflowalu/venv/lib/python3.9/site-packages/airflow/example_dags/example_kubernetes_executor.py took 0.015 seconds
[2025-05-02 16:57:59,306] {processor.py:153} INFO - Started process (PID=5021) to work on /root/Documents/airflowalu/venv/lib/python3.9/site-packages/airflow/example_dags/example_kubernetes_executor.py
[2025-05-02 16:57:59,306] {processor.py:641} INFO - Processing file /root/Documents/airflowalu/venv/lib/python3.9/site-packages/airflow/example_dags/example_kubernetes_executor.py for tasks to queue
[2025-05-02 16:57:59,307] {logging_mixin.py:115} INFO - [2025-05-02 16:57:59,307] {dagbag.py:507} INFO - Filling up the DagBag from /root/Documents/airflowalu/venv/lib/python3.9/site-packages/airflow/example_dags/example_kubernetes_executor.py
[2025-05-02 16:57:59,315] {logging_mixin.py:115} INFO - [2025-05-02 16:57:59,315] {example_kubernetes_executor.py:39} WARNING - The example_kubernetes_executor example DAG requires the kubernetes provider. Please install it with: pip install apache-airflow[cncf.kubernetes]
[2025-05-02 16:57:59,316] {processor.py:653} WARNING - No viable dags retrieved from /root/Documents/airflowalu/venv/lib/python3.9/site-packages/airflow/example_dags/example_kubernetes_executor.py
[2025-05-02 16:57:59,322] {processor.py:161} INFO - Processing /root/Documents/airflowalu/venv/lib/python3.9/site-packages/airflow/example_dags/example_kubernetes_executor.py took 0.018 seconds
[2025-05-02 16:58:31,236] {processor.py:153} INFO - Started process (PID=5163) to work on /root/Documents/airflowalu/venv/lib/python3.9/site-packages/airflow/example_dags/example_kubernetes_executor.py
[2025-05-02 16:58:31,237] {processor.py:641} INFO - Processing file /root/Documents/airflowalu/venv/lib/python3.9/site-packages/airflow/example_dags/example_kubernetes_executor.py for tasks to queue
[2025-05-02 16:58:31,237] {logging_mixin.py:115} INFO - [2025-05-02 16:58:31,237] {dagbag.py:507} INFO - Filling up the DagBag from /root/Documents/airflowalu/venv/lib/python3.9/site-packages/airflow/example_dags/example_kubernetes_executor.py
[2025-05-02 16:58:31,244] {logging_mixin.py:115} INFO - [2025-05-02 16:58:31,244] {example_kubernetes_executor.py:39} WARNING - The example_kubernetes_executor example DAG requires the kubernetes provider. Please install it with: pip install apache-airflow[cncf.kubernetes]
[2025-05-02 16:58:31,245] {processor.py:653} WARNING - No viable dags retrieved from /root/Documents/airflowalu/venv/lib/python3.9/site-packages/airflow/example_dags/example_kubernetes_executor.py
[2025-05-02 16:58:31,250] {processor.py:161} INFO - Processing /root/Documents/airflowalu/venv/lib/python3.9/site-packages/airflow/example_dags/example_kubernetes_executor.py took 0.015 seconds
[2025-05-02 16:59:05,001] {processor.py:153} INFO - Started process (PID=5302) to work on /root/Documents/airflowalu/venv/lib/python3.9/site-packages/airflow/example_dags/example_kubernetes_executor.py
[2025-05-02 16:59:05,001] {processor.py:641} INFO - Processing file /root/Documents/airflowalu/venv/lib/python3.9/site-packages/airflow/example_dags/example_kubernetes_executor.py for tasks to queue
[2025-05-02 16:59:05,002] {logging_mixin.py:115} INFO - [2025-05-02 16:59:05,002] {dagbag.py:507} INFO - Filling up the DagBag from /root/Documents/airflowalu/venv/lib/python3.9/site-packages/airflow/example_dags/example_kubernetes_executor.py
[2025-05-02 16:59:05,010] {logging_mixin.py:115} INFO - [2025-05-02 16:59:05,009] {example_kubernetes_executor.py:39} WARNING - The example_kubernetes_executor example DAG requires the kubernetes provider. Please install it with: pip install apache-airflow[cncf.kubernetes]
[2025-05-02 16:59:05,010] {processor.py:653} WARNING - No viable dags retrieved from /root/Documents/airflowalu/venv/lib/python3.9/site-packages/airflow/example_dags/example_kubernetes_executor.py
[2025-05-02 16:59:05,015] {processor.py:161} INFO - Processing /root/Documents/airflowalu/venv/lib/python3.9/site-packages/airflow/example_dags/example_kubernetes_executor.py took 0.016 seconds
[2025-05-02 16:59:37,493] {processor.py:153} INFO - Started process (PID=5439) to work on /root/Documents/airflowalu/venv/lib/python3.9/site-packages/airflow/example_dags/example_kubernetes_executor.py
[2025-05-02 16:59:37,494] {processor.py:641} INFO - Processing file /root/Documents/airflowalu/venv/lib/python3.9/site-packages/airflow/example_dags/example_kubernetes_executor.py for tasks to queue
[2025-05-02 16:59:37,494] {logging_mixin.py:115} INFO - [2025-05-02 16:59:37,494] {dagbag.py:507} INFO - Filling up the DagBag from /root/Documents/airflowalu/venv/lib/python3.9/site-packages/airflow/example_dags/example_kubernetes_executor.py
[2025-05-02 16:59:37,503] {logging_mixin.py:115} INFO - [2025-05-02 16:59:37,502] {example_kubernetes_executor.py:39} WARNING - The example_kubernetes_executor example DAG requires the kubernetes provider. Please install it with: pip install apache-airflow[cncf.kubernetes]
[2025-05-02 16:59:37,503] {processor.py:653} WARNING - No viable dags retrieved from /root/Documents/airflowalu/venv/lib/python3.9/site-packages/airflow/example_dags/example_kubernetes_executor.py
[2025-05-02 16:59:37,508] {processor.py:161} INFO - Processing /root/Documents/airflowalu/venv/lib/python3.9/site-packages/airflow/example_dags/example_kubernetes_executor.py took 0.017 seconds
[2025-05-02 17:00:09,357] {processor.py:153} INFO - Started process (PID=5572) to work on /root/Documents/airflowalu/venv/lib/python3.9/site-packages/airflow/example_dags/example_kubernetes_executor.py
[2025-05-02 17:00:09,358] {processor.py:641} INFO - Processing file /root/Documents/airflowalu/venv/lib/python3.9/site-packages/airflow/example_dags/example_kubernetes_executor.py for tasks to queue
[2025-05-02 17:00:09,358] {logging_mixin.py:115} INFO - [2025-05-02 17:00:09,358] {dagbag.py:507} INFO - Filling up the DagBag from /root/Documents/airflowalu/venv/lib/python3.9/site-packages/airflow/example_dags/example_kubernetes_executor.py
[2025-05-02 17:00:09,366] {logging_mixin.py:115} INFO - [2025-05-02 17:00:09,366] {example_kubernetes_executor.py:39} WARNING - The example_kubernetes_executor example DAG requires the kubernetes provider. Please install it with: pip install apache-airflow[cncf.kubernetes]
[2025-05-02 17:00:09,366] {processor.py:653} WARNING - No viable dags retrieved from /root/Documents/airflowalu/venv/lib/python3.9/site-packages/airflow/example_dags/example_kubernetes_executor.py
[2025-05-02 17:00:09,371] {processor.py:161} INFO - Processing /root/Documents/airflowalu/venv/lib/python3.9/site-packages/airflow/example_dags/example_kubernetes_executor.py took 0.016 seconds
[2025-05-02 17:00:41,264] {processor.py:153} INFO - Started process (PID=5710) to work on /root/Documents/airflowalu/venv/lib/python3.9/site-packages/airflow/example_dags/example_kubernetes_executor.py
[2025-05-02 17:00:41,265] {processor.py:641} INFO - Processing file /root/Documents/airflowalu/venv/lib/python3.9/site-packages/airflow/example_dags/example_kubernetes_executor.py for tasks to queue
[2025-05-02 17:00:41,265] {logging_mixin.py:115} INFO - [2025-05-02 17:00:41,265] {dagbag.py:507} INFO - Filling up the DagBag from /root/Documents/airflowalu/venv/lib/python3.9/site-packages/airflow/example_dags/example_kubernetes_executor.py
[2025-05-02 17:00:41,273] {logging_mixin.py:115} INFO - [2025-05-02 17:00:41,273] {example_kubernetes_executor.py:39} WARNING - The example_kubernetes_executor example DAG requires the kubernetes provider. Please install it with: pip install apache-airflow[cncf.kubernetes]
[2025-05-02 17:00:41,273] {processor.py:653} WARNING - No viable dags retrieved from /root/Documents/airflowalu/venv/lib/python3.9/site-packages/airflow/example_dags/example_kubernetes_executor.py
[2025-05-02 17:00:41,279] {processor.py:161} INFO - Processing /root/Documents/airflowalu/venv/lib/python3.9/site-packages/airflow/example_dags/example_kubernetes_executor.py took 0.016 seconds
[2025-05-02 17:01:14,926] {processor.py:153} INFO - Started process (PID=5850) to work on /root/Documents/airflowalu/venv/lib/python3.9/site-packages/airflow/example_dags/example_kubernetes_executor.py
[2025-05-02 17:01:14,927] {processor.py:641} INFO - Processing file /root/Documents/airflowalu/venv/lib/python3.9/site-packages/airflow/example_dags/example_kubernetes_executor.py for tasks to queue
[2025-05-02 17:01:14,927] {logging_mixin.py:115} INFO - [2025-05-02 17:01:14,927] {dagbag.py:507} INFO - Filling up the DagBag from /root/Documents/airflowalu/venv/lib/python3.9/site-packages/airflow/example_dags/example_kubernetes_executor.py
[2025-05-02 17:01:14,935] {logging_mixin.py:115} INFO - [2025-05-02 17:01:14,935] {example_kubernetes_executor.py:39} WARNING - The example_kubernetes_executor example DAG requires the kubernetes provider. Please install it with: pip install apache-airflow[cncf.kubernetes]
[2025-05-02 17:01:14,935] {processor.py:653} WARNING - No viable dags retrieved from /root/Documents/airflowalu/venv/lib/python3.9/site-packages/airflow/example_dags/example_kubernetes_executor.py
[2025-05-02 17:01:14,940] {processor.py:161} INFO - Processing /root/Documents/airflowalu/venv/lib/python3.9/site-packages/airflow/example_dags/example_kubernetes_executor.py took 0.016 seconds
[2025-05-02 17:01:46,993] {processor.py:153} INFO - Started process (PID=5990) to work on /root/Documents/airflowalu/venv/lib/python3.9/site-packages/airflow/example_dags/example_kubernetes_executor.py
[2025-05-02 17:01:46,994] {processor.py:641} INFO - Processing file /root/Documents/airflowalu/venv/lib/python3.9/site-packages/airflow/example_dags/example_kubernetes_executor.py for tasks to queue
[2025-05-02 17:01:46,994] {logging_mixin.py:115} INFO - [2025-05-02 17:01:46,994] {dagbag.py:507} INFO - Filling up the DagBag from /root/Documents/airflowalu/venv/lib/python3.9/site-packages/airflow/example_dags/example_kubernetes_executor.py
[2025-05-02 17:01:47,002] {logging_mixin.py:115} INFO - [2025-05-02 17:01:47,002] {example_kubernetes_executor.py:39} WARNING - The example_kubernetes_executor example DAG requires the kubernetes provider. Please install it with: pip install apache-airflow[cncf.kubernetes]
[2025-05-02 17:01:47,002] {processor.py:653} WARNING - No viable dags retrieved from /root/Documents/airflowalu/venv/lib/python3.9/site-packages/airflow/example_dags/example_kubernetes_executor.py
[2025-05-02 17:01:47,008] {processor.py:161} INFO - Processing /root/Documents/airflowalu/venv/lib/python3.9/site-packages/airflow/example_dags/example_kubernetes_executor.py took 0.016 seconds
[2025-05-02 17:02:19,180] {processor.py:153} INFO - Started process (PID=6124) to work on /root/Documents/airflowalu/venv/lib/python3.9/site-packages/airflow/example_dags/example_kubernetes_executor.py
[2025-05-02 17:02:19,181] {processor.py:641} INFO - Processing file /root/Documents/airflowalu/venv/lib/python3.9/site-packages/airflow/example_dags/example_kubernetes_executor.py for tasks to queue
[2025-05-02 17:02:19,181] {logging_mixin.py:115} INFO - [2025-05-02 17:02:19,181] {dagbag.py:507} INFO - Filling up the DagBag from /root/Documents/airflowalu/venv/lib/python3.9/site-packages/airflow/example_dags/example_kubernetes_executor.py
[2025-05-02 17:02:19,189] {logging_mixin.py:115} INFO - [2025-05-02 17:02:19,189] {example_kubernetes_executor.py:39} WARNING - The example_kubernetes_executor example DAG requires the kubernetes provider. Please install it with: pip install apache-airflow[cncf.kubernetes]
[2025-05-02 17:02:19,189] {processor.py:653} WARNING - No viable dags retrieved from /root/Documents/airflowalu/venv/lib/python3.9/site-packages/airflow/example_dags/example_kubernetes_executor.py
[2025-05-02 17:02:19,195] {processor.py:161} INFO - Processing /root/Documents/airflowalu/venv/lib/python3.9/site-packages/airflow/example_dags/example_kubernetes_executor.py took 0.016 seconds
[2025-05-02 17:02:50,710] {processor.py:153} INFO - Started process (PID=6265) to work on /root/Documents/airflowalu/venv/lib/python3.9/site-packages/airflow/example_dags/example_kubernetes_executor.py
[2025-05-02 17:02:50,711] {processor.py:641} INFO - Processing file /root/Documents/airflowalu/venv/lib/python3.9/site-packages/airflow/example_dags/example_kubernetes_executor.py for tasks to queue
[2025-05-02 17:02:50,711] {logging_mixin.py:115} INFO - [2025-05-02 17:02:50,711] {dagbag.py:507} INFO - Filling up the DagBag from /root/Documents/airflowalu/venv/lib/python3.9/site-packages/airflow/example_dags/example_kubernetes_executor.py
[2025-05-02 17:02:50,719] {logging_mixin.py:115} INFO - [2025-05-02 17:02:50,719] {example_kubernetes_executor.py:39} WARNING - The example_kubernetes_executor example DAG requires the kubernetes provider. Please install it with: pip install apache-airflow[cncf.kubernetes]
[2025-05-02 17:02:50,719] {processor.py:653} WARNING - No viable dags retrieved from /root/Documents/airflowalu/venv/lib/python3.9/site-packages/airflow/example_dags/example_kubernetes_executor.py
[2025-05-02 17:02:50,726] {processor.py:161} INFO - Processing /root/Documents/airflowalu/venv/lib/python3.9/site-packages/airflow/example_dags/example_kubernetes_executor.py took 0.017 seconds
[2025-05-02 17:03:24,151] {processor.py:153} INFO - Started process (PID=6412) to work on /root/Documents/airflowalu/venv/lib/python3.9/site-packages/airflow/example_dags/example_kubernetes_executor.py
[2025-05-02 17:03:24,152] {processor.py:641} INFO - Processing file /root/Documents/airflowalu/venv/lib/python3.9/site-packages/airflow/example_dags/example_kubernetes_executor.py for tasks to queue
[2025-05-02 17:03:24,152] {logging_mixin.py:115} INFO - [2025-05-02 17:03:24,152] {dagbag.py:507} INFO - Filling up the DagBag from /root/Documents/airflowalu/venv/lib/python3.9/site-packages/airflow/example_dags/example_kubernetes_executor.py
[2025-05-02 17:03:24,160] {logging_mixin.py:115} INFO - [2025-05-02 17:03:24,160] {example_kubernetes_executor.py:39} WARNING - The example_kubernetes_executor example DAG requires the kubernetes provider. Please install it with: pip install apache-airflow[cncf.kubernetes]
[2025-05-02 17:03:24,160] {processor.py:653} WARNING - No viable dags retrieved from /root/Documents/airflowalu/venv/lib/python3.9/site-packages/airflow/example_dags/example_kubernetes_executor.py
[2025-05-02 17:03:24,166] {processor.py:161} INFO - Processing /root/Documents/airflowalu/venv/lib/python3.9/site-packages/airflow/example_dags/example_kubernetes_executor.py took 0.017 seconds
[2025-05-02 17:03:55,136] {processor.py:153} INFO - Started process (PID=6545) to work on /root/Documents/airflowalu/venv/lib/python3.9/site-packages/airflow/example_dags/example_kubernetes_executor.py
[2025-05-02 17:03:55,137] {processor.py:641} INFO - Processing file /root/Documents/airflowalu/venv/lib/python3.9/site-packages/airflow/example_dags/example_kubernetes_executor.py for tasks to queue
[2025-05-02 17:03:55,137] {logging_mixin.py:115} INFO - [2025-05-02 17:03:55,137] {dagbag.py:507} INFO - Filling up the DagBag from /root/Documents/airflowalu/venv/lib/python3.9/site-packages/airflow/example_dags/example_kubernetes_executor.py
[2025-05-02 17:03:55,149] {logging_mixin.py:115} INFO - [2025-05-02 17:03:55,149] {example_kubernetes_executor.py:39} WARNING - The example_kubernetes_executor example DAG requires the kubernetes provider. Please install it with: pip install apache-airflow[cncf.kubernetes]
[2025-05-02 17:03:55,149] {processor.py:653} WARNING - No viable dags retrieved from /root/Documents/airflowalu/venv/lib/python3.9/site-packages/airflow/example_dags/example_kubernetes_executor.py
[2025-05-02 17:03:55,157] {processor.py:161} INFO - Processing /root/Documents/airflowalu/venv/lib/python3.9/site-packages/airflow/example_dags/example_kubernetes_executor.py took 0.022 seconds
[2025-05-02 17:04:29,354] {processor.py:153} INFO - Started process (PID=6686) to work on /root/Documents/airflowalu/venv/lib/python3.9/site-packages/airflow/example_dags/example_kubernetes_executor.py
[2025-05-02 17:04:29,355] {processor.py:641} INFO - Processing file /root/Documents/airflowalu/venv/lib/python3.9/site-packages/airflow/example_dags/example_kubernetes_executor.py for tasks to queue
[2025-05-02 17:04:29,355] {logging_mixin.py:115} INFO - [2025-05-02 17:04:29,355] {dagbag.py:507} INFO - Filling up the DagBag from /root/Documents/airflowalu/venv/lib/python3.9/site-packages/airflow/example_dags/example_kubernetes_executor.py
[2025-05-02 17:04:29,363] {logging_mixin.py:115} INFO - [2025-05-02 17:04:29,363] {example_kubernetes_executor.py:39} WARNING - The example_kubernetes_executor example DAG requires the kubernetes provider. Please install it with: pip install apache-airflow[cncf.kubernetes]
[2025-05-02 17:04:29,363] {processor.py:653} WARNING - No viable dags retrieved from /root/Documents/airflowalu/venv/lib/python3.9/site-packages/airflow/example_dags/example_kubernetes_executor.py
[2025-05-02 17:04:29,369] {processor.py:161} INFO - Processing /root/Documents/airflowalu/venv/lib/python3.9/site-packages/airflow/example_dags/example_kubernetes_executor.py took 0.017 seconds
[2025-05-02 17:04:59,774] {processor.py:153} INFO - Started process (PID=6819) to work on /root/Documents/airflowalu/venv/lib/python3.9/site-packages/airflow/example_dags/example_kubernetes_executor.py
[2025-05-02 17:04:59,775] {processor.py:641} INFO - Processing file /root/Documents/airflowalu/venv/lib/python3.9/site-packages/airflow/example_dags/example_kubernetes_executor.py for tasks to queue
[2025-05-02 17:04:59,775] {logging_mixin.py:115} INFO - [2025-05-02 17:04:59,775] {dagbag.py:507} INFO - Filling up the DagBag from /root/Documents/airflowalu/venv/lib/python3.9/site-packages/airflow/example_dags/example_kubernetes_executor.py
[2025-05-02 17:04:59,785] {logging_mixin.py:115} INFO - [2025-05-02 17:04:59,785] {example_kubernetes_executor.py:39} WARNING - The example_kubernetes_executor example DAG requires the kubernetes provider. Please install it with: pip install apache-airflow[cncf.kubernetes]
[2025-05-02 17:04:59,786] {processor.py:653} WARNING - No viable dags retrieved from /root/Documents/airflowalu/venv/lib/python3.9/site-packages/airflow/example_dags/example_kubernetes_executor.py
[2025-05-02 17:04:59,792] {processor.py:161} INFO - Processing /root/Documents/airflowalu/venv/lib/python3.9/site-packages/airflow/example_dags/example_kubernetes_executor.py took 0.020 seconds
[2025-05-02 17:05:33,452] {processor.py:153} INFO - Started process (PID=6959) to work on /root/Documents/airflowalu/venv/lib/python3.9/site-packages/airflow/example_dags/example_kubernetes_executor.py
[2025-05-02 17:05:33,452] {processor.py:641} INFO - Processing file /root/Documents/airflowalu/venv/lib/python3.9/site-packages/airflow/example_dags/example_kubernetes_executor.py for tasks to queue
[2025-05-02 17:05:33,453] {logging_mixin.py:115} INFO - [2025-05-02 17:05:33,453] {dagbag.py:507} INFO - Filling up the DagBag from /root/Documents/airflowalu/venv/lib/python3.9/site-packages/airflow/example_dags/example_kubernetes_executor.py
[2025-05-02 17:05:33,461] {logging_mixin.py:115} INFO - [2025-05-02 17:05:33,461] {example_kubernetes_executor.py:39} WARNING - The example_kubernetes_executor example DAG requires the kubernetes provider. Please install it with: pip install apache-airflow[cncf.kubernetes]
[2025-05-02 17:05:33,461] {processor.py:653} WARNING - No viable dags retrieved from /root/Documents/airflowalu/venv/lib/python3.9/site-packages/airflow/example_dags/example_kubernetes_executor.py
[2025-05-02 17:05:33,466] {processor.py:161} INFO - Processing /root/Documents/airflowalu/venv/lib/python3.9/site-packages/airflow/example_dags/example_kubernetes_executor.py took 0.016 seconds
[2025-05-02 17:06:04,966] {processor.py:153} INFO - Started process (PID=7094) to work on /root/Documents/airflowalu/venv/lib/python3.9/site-packages/airflow/example_dags/example_kubernetes_executor.py
[2025-05-02 17:06:04,966] {processor.py:641} INFO - Processing file /root/Documents/airflowalu/venv/lib/python3.9/site-packages/airflow/example_dags/example_kubernetes_executor.py for tasks to queue
[2025-05-02 17:06:04,967] {logging_mixin.py:115} INFO - [2025-05-02 17:06:04,967] {dagbag.py:507} INFO - Filling up the DagBag from /root/Documents/airflowalu/venv/lib/python3.9/site-packages/airflow/example_dags/example_kubernetes_executor.py
[2025-05-02 17:06:04,975] {logging_mixin.py:115} INFO - [2025-05-02 17:06:04,975] {example_kubernetes_executor.py:39} WARNING - The example_kubernetes_executor example DAG requires the kubernetes provider. Please install it with: pip install apache-airflow[cncf.kubernetes]
[2025-05-02 17:06:04,975] {processor.py:653} WARNING - No viable dags retrieved from /root/Documents/airflowalu/venv/lib/python3.9/site-packages/airflow/example_dags/example_kubernetes_executor.py
[2025-05-02 17:06:04,981] {processor.py:161} INFO - Processing /root/Documents/airflowalu/venv/lib/python3.9/site-packages/airflow/example_dags/example_kubernetes_executor.py took 0.017 seconds
[2025-05-02 17:06:36,189] {processor.py:153} INFO - Started process (PID=7225) to work on /root/Documents/airflowalu/venv/lib/python3.9/site-packages/airflow/example_dags/example_kubernetes_executor.py
[2025-05-02 17:06:36,190] {processor.py:641} INFO - Processing file /root/Documents/airflowalu/venv/lib/python3.9/site-packages/airflow/example_dags/example_kubernetes_executor.py for tasks to queue
[2025-05-02 17:06:36,190] {logging_mixin.py:115} INFO - [2025-05-02 17:06:36,190] {dagbag.py:507} INFO - Filling up the DagBag from /root/Documents/airflowalu/venv/lib/python3.9/site-packages/airflow/example_dags/example_kubernetes_executor.py
[2025-05-02 17:06:36,200] {logging_mixin.py:115} INFO - [2025-05-02 17:06:36,200] {example_kubernetes_executor.py:39} WARNING - The example_kubernetes_executor example DAG requires the kubernetes provider. Please install it with: pip install apache-airflow[cncf.kubernetes]
[2025-05-02 17:06:36,200] {processor.py:653} WARNING - No viable dags retrieved from /root/Documents/airflowalu/venv/lib/python3.9/site-packages/airflow/example_dags/example_kubernetes_executor.py
[2025-05-02 17:06:36,206] {processor.py:161} INFO - Processing /root/Documents/airflowalu/venv/lib/python3.9/site-packages/airflow/example_dags/example_kubernetes_executor.py took 0.019 seconds
[2025-05-02 17:07:08,237] {processor.py:153} INFO - Started process (PID=7366) to work on /root/Documents/airflowalu/venv/lib/python3.9/site-packages/airflow/example_dags/example_kubernetes_executor.py
[2025-05-02 17:07:08,238] {processor.py:641} INFO - Processing file /root/Documents/airflowalu/venv/lib/python3.9/site-packages/airflow/example_dags/example_kubernetes_executor.py for tasks to queue
[2025-05-02 17:07:08,238] {logging_mixin.py:115} INFO - [2025-05-02 17:07:08,238] {dagbag.py:507} INFO - Filling up the DagBag from /root/Documents/airflowalu/venv/lib/python3.9/site-packages/airflow/example_dags/example_kubernetes_executor.py
[2025-05-02 17:07:08,246] {logging_mixin.py:115} INFO - [2025-05-02 17:07:08,246] {example_kubernetes_executor.py:39} WARNING - The example_kubernetes_executor example DAG requires the kubernetes provider. Please install it with: pip install apache-airflow[cncf.kubernetes]
[2025-05-02 17:07:08,246] {processor.py:653} WARNING - No viable dags retrieved from /root/Documents/airflowalu/venv/lib/python3.9/site-packages/airflow/example_dags/example_kubernetes_executor.py
[2025-05-02 17:07:08,252] {processor.py:161} INFO - Processing /root/Documents/airflowalu/venv/lib/python3.9/site-packages/airflow/example_dags/example_kubernetes_executor.py took 0.017 seconds
[2025-05-02 17:07:41,399] {processor.py:153} INFO - Started process (PID=7504) to work on /root/Documents/airflowalu/venv/lib/python3.9/site-packages/airflow/example_dags/example_kubernetes_executor.py
[2025-05-02 17:07:41,399] {processor.py:641} INFO - Processing file /root/Documents/airflowalu/venv/lib/python3.9/site-packages/airflow/example_dags/example_kubernetes_executor.py for tasks to queue
[2025-05-02 17:07:41,400] {logging_mixin.py:115} INFO - [2025-05-02 17:07:41,400] {dagbag.py:507} INFO - Filling up the DagBag from /root/Documents/airflowalu/venv/lib/python3.9/site-packages/airflow/example_dags/example_kubernetes_executor.py
[2025-05-02 17:07:41,408] {logging_mixin.py:115} INFO - [2025-05-02 17:07:41,408] {example_kubernetes_executor.py:39} WARNING - The example_kubernetes_executor example DAG requires the kubernetes provider. Please install it with: pip install apache-airflow[cncf.kubernetes]
[2025-05-02 17:07:41,408] {processor.py:653} WARNING - No viable dags retrieved from /root/Documents/airflowalu/venv/lib/python3.9/site-packages/airflow/example_dags/example_kubernetes_executor.py
[2025-05-02 17:07:41,415] {processor.py:161} INFO - Processing /root/Documents/airflowalu/venv/lib/python3.9/site-packages/airflow/example_dags/example_kubernetes_executor.py took 0.018 seconds
[2025-05-02 17:08:16,415] {processor.py:153} INFO - Started process (PID=7652) to work on /root/Documents/airflowalu/venv/lib/python3.9/site-packages/airflow/example_dags/example_kubernetes_executor.py
[2025-05-02 17:08:16,416] {processor.py:641} INFO - Processing file /root/Documents/airflowalu/venv/lib/python3.9/site-packages/airflow/example_dags/example_kubernetes_executor.py for tasks to queue
[2025-05-02 17:08:16,416] {logging_mixin.py:115} INFO - [2025-05-02 17:08:16,416] {dagbag.py:507} INFO - Filling up the DagBag from /root/Documents/airflowalu/venv/lib/python3.9/site-packages/airflow/example_dags/example_kubernetes_executor.py
[2025-05-02 17:08:16,425] {logging_mixin.py:115} INFO - [2025-05-02 17:08:16,425] {example_kubernetes_executor.py:39} WARNING - The example_kubernetes_executor example DAG requires the kubernetes provider. Please install it with: pip install apache-airflow[cncf.kubernetes]
[2025-05-02 17:08:16,425] {processor.py:653} WARNING - No viable dags retrieved from /root/Documents/airflowalu/venv/lib/python3.9/site-packages/airflow/example_dags/example_kubernetes_executor.py
[2025-05-02 17:08:16,432] {processor.py:161} INFO - Processing /root/Documents/airflowalu/venv/lib/python3.9/site-packages/airflow/example_dags/example_kubernetes_executor.py took 0.019 seconds
[2025-05-02 17:08:46,848] {processor.py:153} INFO - Started process (PID=7785) to work on /root/Documents/airflowalu/venv/lib/python3.9/site-packages/airflow/example_dags/example_kubernetes_executor.py
[2025-05-02 17:08:46,849] {processor.py:641} INFO - Processing file /root/Documents/airflowalu/venv/lib/python3.9/site-packages/airflow/example_dags/example_kubernetes_executor.py for tasks to queue
[2025-05-02 17:08:46,849] {logging_mixin.py:115} INFO - [2025-05-02 17:08:46,849] {dagbag.py:507} INFO - Filling up the DagBag from /root/Documents/airflowalu/venv/lib/python3.9/site-packages/airflow/example_dags/example_kubernetes_executor.py
[2025-05-02 17:08:46,858] {logging_mixin.py:115} INFO - [2025-05-02 17:08:46,857] {example_kubernetes_executor.py:39} WARNING - The example_kubernetes_executor example DAG requires the kubernetes provider. Please install it with: pip install apache-airflow[cncf.kubernetes]
[2025-05-02 17:08:46,858] {processor.py:653} WARNING - No viable dags retrieved from /root/Documents/airflowalu/venv/lib/python3.9/site-packages/airflow/example_dags/example_kubernetes_executor.py
[2025-05-02 17:08:46,865] {processor.py:161} INFO - Processing /root/Documents/airflowalu/venv/lib/python3.9/site-packages/airflow/example_dags/example_kubernetes_executor.py took 0.018 seconds
[2025-05-02 17:09:20,370] {processor.py:153} INFO - Started process (PID=7924) to work on /root/Documents/airflowalu/venv/lib/python3.9/site-packages/airflow/example_dags/example_kubernetes_executor.py
[2025-05-02 17:09:20,371] {processor.py:641} INFO - Processing file /root/Documents/airflowalu/venv/lib/python3.9/site-packages/airflow/example_dags/example_kubernetes_executor.py for tasks to queue
[2025-05-02 17:09:20,371] {logging_mixin.py:115} INFO - [2025-05-02 17:09:20,371] {dagbag.py:507} INFO - Filling up the DagBag from /root/Documents/airflowalu/venv/lib/python3.9/site-packages/airflow/example_dags/example_kubernetes_executor.py
[2025-05-02 17:09:20,378] {logging_mixin.py:115} INFO - [2025-05-02 17:09:20,378] {example_kubernetes_executor.py:39} WARNING - The example_kubernetes_executor example DAG requires the kubernetes provider. Please install it with: pip install apache-airflow[cncf.kubernetes]
[2025-05-02 17:09:20,379] {processor.py:653} WARNING - No viable dags retrieved from /root/Documents/airflowalu/venv/lib/python3.9/site-packages/airflow/example_dags/example_kubernetes_executor.py
[2025-05-02 17:09:20,386] {processor.py:161} INFO - Processing /root/Documents/airflowalu/venv/lib/python3.9/site-packages/airflow/example_dags/example_kubernetes_executor.py took 0.017 seconds
[2025-05-02 17:09:52,567] {processor.py:153} INFO - Started process (PID=8055) to work on /root/Documents/airflowalu/venv/lib/python3.9/site-packages/airflow/example_dags/example_kubernetes_executor.py
[2025-05-02 17:09:52,568] {processor.py:641} INFO - Processing file /root/Documents/airflowalu/venv/lib/python3.9/site-packages/airflow/example_dags/example_kubernetes_executor.py for tasks to queue
[2025-05-02 17:09:52,568] {logging_mixin.py:115} INFO - [2025-05-02 17:09:52,568] {dagbag.py:507} INFO - Filling up the DagBag from /root/Documents/airflowalu/venv/lib/python3.9/site-packages/airflow/example_dags/example_kubernetes_executor.py
[2025-05-02 17:09:52,575] {logging_mixin.py:115} INFO - [2025-05-02 17:09:52,575] {example_kubernetes_executor.py:39} WARNING - The example_kubernetes_executor example DAG requires the kubernetes provider. Please install it with: pip install apache-airflow[cncf.kubernetes]
[2025-05-02 17:09:52,575] {processor.py:653} WARNING - No viable dags retrieved from /root/Documents/airflowalu/venv/lib/python3.9/site-packages/airflow/example_dags/example_kubernetes_executor.py
[2025-05-02 17:09:52,582] {processor.py:161} INFO - Processing /root/Documents/airflowalu/venv/lib/python3.9/site-packages/airflow/example_dags/example_kubernetes_executor.py took 0.017 seconds
[2025-05-02 17:10:25,116] {processor.py:153} INFO - Started process (PID=8202) to work on /root/Documents/airflowalu/venv/lib/python3.9/site-packages/airflow/example_dags/example_kubernetes_executor.py
[2025-05-02 17:10:25,116] {processor.py:641} INFO - Processing file /root/Documents/airflowalu/venv/lib/python3.9/site-packages/airflow/example_dags/example_kubernetes_executor.py for tasks to queue
[2025-05-02 17:10:25,117] {logging_mixin.py:115} INFO - [2025-05-02 17:10:25,117] {dagbag.py:507} INFO - Filling up the DagBag from /root/Documents/airflowalu/venv/lib/python3.9/site-packages/airflow/example_dags/example_kubernetes_executor.py
[2025-05-02 17:10:25,124] {logging_mixin.py:115} INFO - [2025-05-02 17:10:25,124] {example_kubernetes_executor.py:39} WARNING - The example_kubernetes_executor example DAG requires the kubernetes provider. Please install it with: pip install apache-airflow[cncf.kubernetes]
[2025-05-02 17:10:25,124] {processor.py:653} WARNING - No viable dags retrieved from /root/Documents/airflowalu/venv/lib/python3.9/site-packages/airflow/example_dags/example_kubernetes_executor.py
[2025-05-02 17:10:25,132] {processor.py:161} INFO - Processing /root/Documents/airflowalu/venv/lib/python3.9/site-packages/airflow/example_dags/example_kubernetes_executor.py took 0.018 seconds
[2025-05-02 17:10:56,353] {processor.py:153} INFO - Started process (PID=8342) to work on /root/Documents/airflowalu/venv/lib/python3.9/site-packages/airflow/example_dags/example_kubernetes_executor.py
[2025-05-02 17:10:56,354] {processor.py:641} INFO - Processing file /root/Documents/airflowalu/venv/lib/python3.9/site-packages/airflow/example_dags/example_kubernetes_executor.py for tasks to queue
[2025-05-02 17:10:56,354] {logging_mixin.py:115} INFO - [2025-05-02 17:10:56,354] {dagbag.py:507} INFO - Filling up the DagBag from /root/Documents/airflowalu/venv/lib/python3.9/site-packages/airflow/example_dags/example_kubernetes_executor.py
[2025-05-02 17:10:56,362] {logging_mixin.py:115} INFO - [2025-05-02 17:10:56,362] {example_kubernetes_executor.py:39} WARNING - The example_kubernetes_executor example DAG requires the kubernetes provider. Please install it with: pip install apache-airflow[cncf.kubernetes]
[2025-05-02 17:10:56,362] {processor.py:653} WARNING - No viable dags retrieved from /root/Documents/airflowalu/venv/lib/python3.9/site-packages/airflow/example_dags/example_kubernetes_executor.py
[2025-05-02 17:10:56,369] {processor.py:161} INFO - Processing /root/Documents/airflowalu/venv/lib/python3.9/site-packages/airflow/example_dags/example_kubernetes_executor.py took 0.017 seconds
[2025-05-02 17:11:28,117] {processor.py:153} INFO - Started process (PID=8483) to work on /root/Documents/airflowalu/venv/lib/python3.9/site-packages/airflow/example_dags/example_kubernetes_executor.py
[2025-05-02 17:11:28,117] {processor.py:641} INFO - Processing file /root/Documents/airflowalu/venv/lib/python3.9/site-packages/airflow/example_dags/example_kubernetes_executor.py for tasks to queue
[2025-05-02 17:11:28,118] {logging_mixin.py:115} INFO - [2025-05-02 17:11:28,118] {dagbag.py:507} INFO - Filling up the DagBag from /root/Documents/airflowalu/venv/lib/python3.9/site-packages/airflow/example_dags/example_kubernetes_executor.py
[2025-05-02 17:11:28,125] {logging_mixin.py:115} INFO - [2025-05-02 17:11:28,125] {example_kubernetes_executor.py:39} WARNING - The example_kubernetes_executor example DAG requires the kubernetes provider. Please install it with: pip install apache-airflow[cncf.kubernetes]
[2025-05-02 17:11:28,125] {processor.py:653} WARNING - No viable dags retrieved from /root/Documents/airflowalu/venv/lib/python3.9/site-packages/airflow/example_dags/example_kubernetes_executor.py
[2025-05-02 17:11:28,132] {processor.py:161} INFO - Processing /root/Documents/airflowalu/venv/lib/python3.9/site-packages/airflow/example_dags/example_kubernetes_executor.py took 0.017 seconds
[2025-05-02 17:12:01,310] {processor.py:153} INFO - Started process (PID=8628) to work on /root/Documents/airflowalu/venv/lib/python3.9/site-packages/airflow/example_dags/example_kubernetes_executor.py
[2025-05-02 17:12:01,311] {processor.py:641} INFO - Processing file /root/Documents/airflowalu/venv/lib/python3.9/site-packages/airflow/example_dags/example_kubernetes_executor.py for tasks to queue
[2025-05-02 17:12:01,311] {logging_mixin.py:115} INFO - [2025-05-02 17:12:01,311] {dagbag.py:507} INFO - Filling up the DagBag from /root/Documents/airflowalu/venv/lib/python3.9/site-packages/airflow/example_dags/example_kubernetes_executor.py
[2025-05-02 17:12:01,319] {logging_mixin.py:115} INFO - [2025-05-02 17:12:01,319] {example_kubernetes_executor.py:39} WARNING - The example_kubernetes_executor example DAG requires the kubernetes provider. Please install it with: pip install apache-airflow[cncf.kubernetes]
[2025-05-02 17:12:01,319] {processor.py:653} WARNING - No viable dags retrieved from /root/Documents/airflowalu/venv/lib/python3.9/site-packages/airflow/example_dags/example_kubernetes_executor.py
[2025-05-02 17:12:01,326] {processor.py:161} INFO - Processing /root/Documents/airflowalu/venv/lib/python3.9/site-packages/airflow/example_dags/example_kubernetes_executor.py took 0.017 seconds
[2025-05-02 17:12:34,985] {processor.py:153} INFO - Started process (PID=8774) to work on /root/Documents/airflowalu/venv/lib/python3.9/site-packages/airflow/example_dags/example_kubernetes_executor.py
[2025-05-02 17:12:34,985] {processor.py:641} INFO - Processing file /root/Documents/airflowalu/venv/lib/python3.9/site-packages/airflow/example_dags/example_kubernetes_executor.py for tasks to queue
[2025-05-02 17:12:34,986] {logging_mixin.py:115} INFO - [2025-05-02 17:12:34,985] {dagbag.py:507} INFO - Filling up the DagBag from /root/Documents/airflowalu/venv/lib/python3.9/site-packages/airflow/example_dags/example_kubernetes_executor.py
[2025-05-02 17:12:34,996] {logging_mixin.py:115} INFO - [2025-05-02 17:12:34,995] {example_kubernetes_executor.py:39} WARNING - The example_kubernetes_executor example DAG requires the kubernetes provider. Please install it with: pip install apache-airflow[cncf.kubernetes]
[2025-05-02 17:12:34,996] {processor.py:653} WARNING - No viable dags retrieved from /root/Documents/airflowalu/venv/lib/python3.9/site-packages/airflow/example_dags/example_kubernetes_executor.py
[2025-05-02 17:12:35,001] {processor.py:161} INFO - Processing /root/Documents/airflowalu/venv/lib/python3.9/site-packages/airflow/example_dags/example_kubernetes_executor.py took 0.018 seconds
[2025-05-02 17:13:05,975] {processor.py:153} INFO - Started process (PID=8916) to work on /root/Documents/airflowalu/venv/lib/python3.9/site-packages/airflow/example_dags/example_kubernetes_executor.py
[2025-05-02 17:13:05,976] {processor.py:641} INFO - Processing file /root/Documents/airflowalu/venv/lib/python3.9/site-packages/airflow/example_dags/example_kubernetes_executor.py for tasks to queue
[2025-05-02 17:13:05,976] {logging_mixin.py:115} INFO - [2025-05-02 17:13:05,976] {dagbag.py:507} INFO - Filling up the DagBag from /root/Documents/airflowalu/venv/lib/python3.9/site-packages/airflow/example_dags/example_kubernetes_executor.py
[2025-05-02 17:13:05,986] {logging_mixin.py:115} INFO - [2025-05-02 17:13:05,986] {example_kubernetes_executor.py:39} WARNING - The example_kubernetes_executor example DAG requires the kubernetes provider. Please install it with: pip install apache-airflow[cncf.kubernetes]
[2025-05-02 17:13:05,986] {processor.py:653} WARNING - No viable dags retrieved from /root/Documents/airflowalu/venv/lib/python3.9/site-packages/airflow/example_dags/example_kubernetes_executor.py
[2025-05-02 17:13:05,992] {processor.py:161} INFO - Processing /root/Documents/airflowalu/venv/lib/python3.9/site-packages/airflow/example_dags/example_kubernetes_executor.py took 0.018 seconds
[2025-05-02 17:13:38,036] {processor.py:153} INFO - Started process (PID=9052) to work on /root/Documents/airflowalu/venv/lib/python3.9/site-packages/airflow/example_dags/example_kubernetes_executor.py
[2025-05-02 17:13:38,037] {processor.py:641} INFO - Processing file /root/Documents/airflowalu/venv/lib/python3.9/site-packages/airflow/example_dags/example_kubernetes_executor.py for tasks to queue
[2025-05-02 17:13:38,037] {logging_mixin.py:115} INFO - [2025-05-02 17:13:38,037] {dagbag.py:507} INFO - Filling up the DagBag from /root/Documents/airflowalu/venv/lib/python3.9/site-packages/airflow/example_dags/example_kubernetes_executor.py
[2025-05-02 17:13:38,051] {logging_mixin.py:115} INFO - [2025-05-02 17:13:38,051] {example_kubernetes_executor.py:39} WARNING - The example_kubernetes_executor example DAG requires the kubernetes provider. Please install it with: pip install apache-airflow[cncf.kubernetes]
[2025-05-02 17:13:38,051] {processor.py:653} WARNING - No viable dags retrieved from /root/Documents/airflowalu/venv/lib/python3.9/site-packages/airflow/example_dags/example_kubernetes_executor.py
[2025-05-02 17:13:38,063] {processor.py:161} INFO - Processing /root/Documents/airflowalu/venv/lib/python3.9/site-packages/airflow/example_dags/example_kubernetes_executor.py took 0.030 seconds
[2025-05-02 17:14:09,606] {processor.py:153} INFO - Started process (PID=9188) to work on /root/Documents/airflowalu/venv/lib/python3.9/site-packages/airflow/example_dags/example_kubernetes_executor.py
[2025-05-02 17:14:09,606] {processor.py:641} INFO - Processing file /root/Documents/airflowalu/venv/lib/python3.9/site-packages/airflow/example_dags/example_kubernetes_executor.py for tasks to queue
[2025-05-02 17:14:09,607] {logging_mixin.py:115} INFO - [2025-05-02 17:14:09,606] {dagbag.py:507} INFO - Filling up the DagBag from /root/Documents/airflowalu/venv/lib/python3.9/site-packages/airflow/example_dags/example_kubernetes_executor.py
[2025-05-02 17:14:09,616] {logging_mixin.py:115} INFO - [2025-05-02 17:14:09,616] {example_kubernetes_executor.py:39} WARNING - The example_kubernetes_executor example DAG requires the kubernetes provider. Please install it with: pip install apache-airflow[cncf.kubernetes]
[2025-05-02 17:14:09,617] {processor.py:653} WARNING - No viable dags retrieved from /root/Documents/airflowalu/venv/lib/python3.9/site-packages/airflow/example_dags/example_kubernetes_executor.py
[2025-05-02 17:14:09,622] {processor.py:161} INFO - Processing /root/Documents/airflowalu/venv/lib/python3.9/site-packages/airflow/example_dags/example_kubernetes_executor.py took 0.018 seconds
[2025-05-02 17:14:42,274] {processor.py:153} INFO - Started process (PID=9327) to work on /root/Documents/airflowalu/venv/lib/python3.9/site-packages/airflow/example_dags/example_kubernetes_executor.py
[2025-05-02 17:14:42,274] {processor.py:641} INFO - Processing file /root/Documents/airflowalu/venv/lib/python3.9/site-packages/airflow/example_dags/example_kubernetes_executor.py for tasks to queue
[2025-05-02 17:14:42,275] {logging_mixin.py:115} INFO - [2025-05-02 17:14:42,274] {dagbag.py:507} INFO - Filling up the DagBag from /root/Documents/airflowalu/venv/lib/python3.9/site-packages/airflow/example_dags/example_kubernetes_executor.py
[2025-05-02 17:14:42,284] {logging_mixin.py:115} INFO - [2025-05-02 17:14:42,284] {example_kubernetes_executor.py:39} WARNING - The example_kubernetes_executor example DAG requires the kubernetes provider. Please install it with: pip install apache-airflow[cncf.kubernetes]
[2025-05-02 17:14:42,284] {processor.py:653} WARNING - No viable dags retrieved from /root/Documents/airflowalu/venv/lib/python3.9/site-packages/airflow/example_dags/example_kubernetes_executor.py
[2025-05-02 17:14:42,292] {processor.py:161} INFO - Processing /root/Documents/airflowalu/venv/lib/python3.9/site-packages/airflow/example_dags/example_kubernetes_executor.py took 0.019 seconds
[2025-05-02 17:15:14,849] {processor.py:153} INFO - Started process (PID=9461) to work on /root/Documents/airflowalu/venv/lib/python3.9/site-packages/airflow/example_dags/example_kubernetes_executor.py
[2025-05-02 17:15:14,850] {processor.py:641} INFO - Processing file /root/Documents/airflowalu/venv/lib/python3.9/site-packages/airflow/example_dags/example_kubernetes_executor.py for tasks to queue
[2025-05-02 17:15:14,850] {logging_mixin.py:115} INFO - [2025-05-02 17:15:14,850] {dagbag.py:507} INFO - Filling up the DagBag from /root/Documents/airflowalu/venv/lib/python3.9/site-packages/airflow/example_dags/example_kubernetes_executor.py
[2025-05-02 17:15:14,860] {logging_mixin.py:115} INFO - [2025-05-02 17:15:14,860] {example_kubernetes_executor.py:39} WARNING - The example_kubernetes_executor example DAG requires the kubernetes provider. Please install it with: pip install apache-airflow[cncf.kubernetes]
[2025-05-02 17:15:14,861] {processor.py:653} WARNING - No viable dags retrieved from /root/Documents/airflowalu/venv/lib/python3.9/site-packages/airflow/example_dags/example_kubernetes_executor.py
[2025-05-02 17:15:14,869] {processor.py:161} INFO - Processing /root/Documents/airflowalu/venv/lib/python3.9/site-packages/airflow/example_dags/example_kubernetes_executor.py took 0.021 seconds
[2025-05-02 17:15:48,620] {processor.py:153} INFO - Started process (PID=9606) to work on /root/Documents/airflowalu/venv/lib/python3.9/site-packages/airflow/example_dags/example_kubernetes_executor.py
[2025-05-02 17:15:48,621] {processor.py:641} INFO - Processing file /root/Documents/airflowalu/venv/lib/python3.9/site-packages/airflow/example_dags/example_kubernetes_executor.py for tasks to queue
[2025-05-02 17:15:48,621] {logging_mixin.py:115} INFO - [2025-05-02 17:15:48,621] {dagbag.py:507} INFO - Filling up the DagBag from /root/Documents/airflowalu/venv/lib/python3.9/site-packages/airflow/example_dags/example_kubernetes_executor.py
[2025-05-02 17:15:48,631] {logging_mixin.py:115} INFO - [2025-05-02 17:15:48,631] {example_kubernetes_executor.py:39} WARNING - The example_kubernetes_executor example DAG requires the kubernetes provider. Please install it with: pip install apache-airflow[cncf.kubernetes]
[2025-05-02 17:15:48,631] {processor.py:653} WARNING - No viable dags retrieved from /root/Documents/airflowalu/venv/lib/python3.9/site-packages/airflow/example_dags/example_kubernetes_executor.py
[2025-05-02 17:15:48,637] {processor.py:161} INFO - Processing /root/Documents/airflowalu/venv/lib/python3.9/site-packages/airflow/example_dags/example_kubernetes_executor.py took 0.018 seconds
[2025-05-02 17:16:19,862] {processor.py:153} INFO - Started process (PID=9739) to work on /root/Documents/airflowalu/venv/lib/python3.9/site-packages/airflow/example_dags/example_kubernetes_executor.py
[2025-05-02 17:16:19,862] {processor.py:641} INFO - Processing file /root/Documents/airflowalu/venv/lib/python3.9/site-packages/airflow/example_dags/example_kubernetes_executor.py for tasks to queue
[2025-05-02 17:16:19,863] {logging_mixin.py:115} INFO - [2025-05-02 17:16:19,863] {dagbag.py:507} INFO - Filling up the DagBag from /root/Documents/airflowalu/venv/lib/python3.9/site-packages/airflow/example_dags/example_kubernetes_executor.py
[2025-05-02 17:16:19,872] {logging_mixin.py:115} INFO - [2025-05-02 17:16:19,872] {example_kubernetes_executor.py:39} WARNING - The example_kubernetes_executor example DAG requires the kubernetes provider. Please install it with: pip install apache-airflow[cncf.kubernetes]
[2025-05-02 17:16:19,873] {processor.py:653} WARNING - No viable dags retrieved from /root/Documents/airflowalu/venv/lib/python3.9/site-packages/airflow/example_dags/example_kubernetes_executor.py
[2025-05-02 17:16:19,878] {processor.py:161} INFO - Processing /root/Documents/airflowalu/venv/lib/python3.9/site-packages/airflow/example_dags/example_kubernetes_executor.py took 0.017 seconds
[2025-05-02 17:16:51,053] {processor.py:153} INFO - Started process (PID=9869) to work on /root/Documents/airflowalu/venv/lib/python3.9/site-packages/airflow/example_dags/example_kubernetes_executor.py
[2025-05-02 17:16:51,054] {processor.py:641} INFO - Processing file /root/Documents/airflowalu/venv/lib/python3.9/site-packages/airflow/example_dags/example_kubernetes_executor.py for tasks to queue
[2025-05-02 17:16:51,054] {logging_mixin.py:115} INFO - [2025-05-02 17:16:51,054] {dagbag.py:507} INFO - Filling up the DagBag from /root/Documents/airflowalu/venv/lib/python3.9/site-packages/airflow/example_dags/example_kubernetes_executor.py
[2025-05-02 17:16:51,065] {logging_mixin.py:115} INFO - [2025-05-02 17:16:51,065] {example_kubernetes_executor.py:39} WARNING - The example_kubernetes_executor example DAG requires the kubernetes provider. Please install it with: pip install apache-airflow[cncf.kubernetes]
[2025-05-02 17:16:51,065] {processor.py:653} WARNING - No viable dags retrieved from /root/Documents/airflowalu/venv/lib/python3.9/site-packages/airflow/example_dags/example_kubernetes_executor.py
[2025-05-02 17:16:51,071] {processor.py:161} INFO - Processing /root/Documents/airflowalu/venv/lib/python3.9/site-packages/airflow/example_dags/example_kubernetes_executor.py took 0.020 seconds
[2025-05-02 17:17:23,093] {processor.py:153} INFO - Started process (PID=10005) to work on /root/Documents/airflowalu/venv/lib/python3.9/site-packages/airflow/example_dags/example_kubernetes_executor.py
[2025-05-02 17:17:23,094] {processor.py:641} INFO - Processing file /root/Documents/airflowalu/venv/lib/python3.9/site-packages/airflow/example_dags/example_kubernetes_executor.py for tasks to queue
[2025-05-02 17:17:23,094] {logging_mixin.py:115} INFO - [2025-05-02 17:17:23,094] {dagbag.py:507} INFO - Filling up the DagBag from /root/Documents/airflowalu/venv/lib/python3.9/site-packages/airflow/example_dags/example_kubernetes_executor.py
[2025-05-02 17:17:23,103] {logging_mixin.py:115} INFO - [2025-05-02 17:17:23,103] {example_kubernetes_executor.py:39} WARNING - The example_kubernetes_executor example DAG requires the kubernetes provider. Please install it with: pip install apache-airflow[cncf.kubernetes]
[2025-05-02 17:17:23,103] {processor.py:653} WARNING - No viable dags retrieved from /root/Documents/airflowalu/venv/lib/python3.9/site-packages/airflow/example_dags/example_kubernetes_executor.py
[2025-05-02 17:17:23,107] {processor.py:161} INFO - Processing /root/Documents/airflowalu/venv/lib/python3.9/site-packages/airflow/example_dags/example_kubernetes_executor.py took 0.016 seconds
[2025-05-02 17:17:54,748] {processor.py:153} INFO - Started process (PID=10151) to work on /root/Documents/airflowalu/venv/lib/python3.9/site-packages/airflow/example_dags/example_kubernetes_executor.py
[2025-05-02 17:17:54,749] {processor.py:641} INFO - Processing file /root/Documents/airflowalu/venv/lib/python3.9/site-packages/airflow/example_dags/example_kubernetes_executor.py for tasks to queue
[2025-05-02 17:17:54,749] {logging_mixin.py:115} INFO - [2025-05-02 17:17:54,749] {dagbag.py:507} INFO - Filling up the DagBag from /root/Documents/airflowalu/venv/lib/python3.9/site-packages/airflow/example_dags/example_kubernetes_executor.py
[2025-05-02 17:17:54,758] {logging_mixin.py:115} INFO - [2025-05-02 17:17:54,758] {example_kubernetes_executor.py:39} WARNING - The example_kubernetes_executor example DAG requires the kubernetes provider. Please install it with: pip install apache-airflow[cncf.kubernetes]
[2025-05-02 17:17:54,759] {processor.py:653} WARNING - No viable dags retrieved from /root/Documents/airflowalu/venv/lib/python3.9/site-packages/airflow/example_dags/example_kubernetes_executor.py
[2025-05-02 17:17:54,764] {processor.py:161} INFO - Processing /root/Documents/airflowalu/venv/lib/python3.9/site-packages/airflow/example_dags/example_kubernetes_executor.py took 0.017 seconds
[2025-05-02 17:18:25,720] {processor.py:153} INFO - Started process (PID=10284) to work on /root/Documents/airflowalu/venv/lib/python3.9/site-packages/airflow/example_dags/example_kubernetes_executor.py
[2025-05-02 17:18:25,721] {processor.py:641} INFO - Processing file /root/Documents/airflowalu/venv/lib/python3.9/site-packages/airflow/example_dags/example_kubernetes_executor.py for tasks to queue
[2025-05-02 17:18:25,721] {logging_mixin.py:115} INFO - [2025-05-02 17:18:25,721] {dagbag.py:507} INFO - Filling up the DagBag from /root/Documents/airflowalu/venv/lib/python3.9/site-packages/airflow/example_dags/example_kubernetes_executor.py
[2025-05-02 17:18:25,731] {logging_mixin.py:115} INFO - [2025-05-02 17:18:25,730] {example_kubernetes_executor.py:39} WARNING - The example_kubernetes_executor example DAG requires the kubernetes provider. Please install it with: pip install apache-airflow[cncf.kubernetes]
[2025-05-02 17:18:25,731] {processor.py:653} WARNING - No viable dags retrieved from /root/Documents/airflowalu/venv/lib/python3.9/site-packages/airflow/example_dags/example_kubernetes_executor.py
[2025-05-02 17:18:25,736] {processor.py:161} INFO - Processing /root/Documents/airflowalu/venv/lib/python3.9/site-packages/airflow/example_dags/example_kubernetes_executor.py took 0.018 seconds
[2025-05-02 17:18:58,601] {processor.py:153} INFO - Started process (PID=10423) to work on /root/Documents/airflowalu/venv/lib/python3.9/site-packages/airflow/example_dags/example_kubernetes_executor.py
[2025-05-02 17:18:58,602] {processor.py:641} INFO - Processing file /root/Documents/airflowalu/venv/lib/python3.9/site-packages/airflow/example_dags/example_kubernetes_executor.py for tasks to queue
[2025-05-02 17:18:58,602] {logging_mixin.py:115} INFO - [2025-05-02 17:18:58,602] {dagbag.py:507} INFO - Filling up the DagBag from /root/Documents/airflowalu/venv/lib/python3.9/site-packages/airflow/example_dags/example_kubernetes_executor.py
[2025-05-02 17:18:58,611] {logging_mixin.py:115} INFO - [2025-05-02 17:18:58,611] {example_kubernetes_executor.py:39} WARNING - The example_kubernetes_executor example DAG requires the kubernetes provider. Please install it with: pip install apache-airflow[cncf.kubernetes]
[2025-05-02 17:18:58,612] {processor.py:653} WARNING - No viable dags retrieved from /root/Documents/airflowalu/venv/lib/python3.9/site-packages/airflow/example_dags/example_kubernetes_executor.py
[2025-05-02 17:18:58,617] {processor.py:161} INFO - Processing /root/Documents/airflowalu/venv/lib/python3.9/site-packages/airflow/example_dags/example_kubernetes_executor.py took 0.017 seconds
[2025-05-02 17:19:31,844] {processor.py:153} INFO - Started process (PID=10567) to work on /root/Documents/airflowalu/venv/lib/python3.9/site-packages/airflow/example_dags/example_kubernetes_executor.py
[2025-05-02 17:19:31,845] {processor.py:641} INFO - Processing file /root/Documents/airflowalu/venv/lib/python3.9/site-packages/airflow/example_dags/example_kubernetes_executor.py for tasks to queue
[2025-05-02 17:19:31,845] {logging_mixin.py:115} INFO - [2025-05-02 17:19:31,845] {dagbag.py:507} INFO - Filling up the DagBag from /root/Documents/airflowalu/venv/lib/python3.9/site-packages/airflow/example_dags/example_kubernetes_executor.py
[2025-05-02 17:19:31,855] {logging_mixin.py:115} INFO - [2025-05-02 17:19:31,855] {example_kubernetes_executor.py:39} WARNING - The example_kubernetes_executor example DAG requires the kubernetes provider. Please install it with: pip install apache-airflow[cncf.kubernetes]
[2025-05-02 17:19:31,855] {processor.py:653} WARNING - No viable dags retrieved from /root/Documents/airflowalu/venv/lib/python3.9/site-packages/airflow/example_dags/example_kubernetes_executor.py
[2025-05-02 17:19:31,861] {processor.py:161} INFO - Processing /root/Documents/airflowalu/venv/lib/python3.9/site-packages/airflow/example_dags/example_kubernetes_executor.py took 0.018 seconds
[2025-05-02 17:20:05,507] {processor.py:153} INFO - Started process (PID=10707) to work on /root/Documents/airflowalu/venv/lib/python3.9/site-packages/airflow/example_dags/example_kubernetes_executor.py
[2025-05-02 17:20:05,508] {processor.py:641} INFO - Processing file /root/Documents/airflowalu/venv/lib/python3.9/site-packages/airflow/example_dags/example_kubernetes_executor.py for tasks to queue
[2025-05-02 17:20:05,508] {logging_mixin.py:115} INFO - [2025-05-02 17:20:05,508] {dagbag.py:507} INFO - Filling up the DagBag from /root/Documents/airflowalu/venv/lib/python3.9/site-packages/airflow/example_dags/example_kubernetes_executor.py
[2025-05-02 17:20:05,518] {logging_mixin.py:115} INFO - [2025-05-02 17:20:05,518] {example_kubernetes_executor.py:39} WARNING - The example_kubernetes_executor example DAG requires the kubernetes provider. Please install it with: pip install apache-airflow[cncf.kubernetes]
[2025-05-02 17:20:05,518] {processor.py:653} WARNING - No viable dags retrieved from /root/Documents/airflowalu/venv/lib/python3.9/site-packages/airflow/example_dags/example_kubernetes_executor.py
[2025-05-02 17:20:05,523] {processor.py:161} INFO - Processing /root/Documents/airflowalu/venv/lib/python3.9/site-packages/airflow/example_dags/example_kubernetes_executor.py took 0.018 seconds
[2025-05-02 17:20:36,951] {processor.py:153} INFO - Started process (PID=10846) to work on /root/Documents/airflowalu/venv/lib/python3.9/site-packages/airflow/example_dags/example_kubernetes_executor.py
[2025-05-02 17:20:36,952] {processor.py:641} INFO - Processing file /root/Documents/airflowalu/venv/lib/python3.9/site-packages/airflow/example_dags/example_kubernetes_executor.py for tasks to queue
[2025-05-02 17:20:36,952] {logging_mixin.py:115} INFO - [2025-05-02 17:20:36,952] {dagbag.py:507} INFO - Filling up the DagBag from /root/Documents/airflowalu/venv/lib/python3.9/site-packages/airflow/example_dags/example_kubernetes_executor.py
[2025-05-02 17:20:36,962] {logging_mixin.py:115} INFO - [2025-05-02 17:20:36,962] {example_kubernetes_executor.py:39} WARNING - The example_kubernetes_executor example DAG requires the kubernetes provider. Please install it with: pip install apache-airflow[cncf.kubernetes]
[2025-05-02 17:20:36,962] {processor.py:653} WARNING - No viable dags retrieved from /root/Documents/airflowalu/venv/lib/python3.9/site-packages/airflow/example_dags/example_kubernetes_executor.py
[2025-05-02 17:20:36,968] {processor.py:161} INFO - Processing /root/Documents/airflowalu/venv/lib/python3.9/site-packages/airflow/example_dags/example_kubernetes_executor.py took 0.018 seconds
[2025-05-02 17:21:09,272] {processor.py:153} INFO - Started process (PID=10990) to work on /root/Documents/airflowalu/venv/lib/python3.9/site-packages/airflow/example_dags/example_kubernetes_executor.py
[2025-05-02 17:21:09,273] {processor.py:641} INFO - Processing file /root/Documents/airflowalu/venv/lib/python3.9/site-packages/airflow/example_dags/example_kubernetes_executor.py for tasks to queue
[2025-05-02 17:21:09,273] {logging_mixin.py:115} INFO - [2025-05-02 17:21:09,273] {dagbag.py:507} INFO - Filling up the DagBag from /root/Documents/airflowalu/venv/lib/python3.9/site-packages/airflow/example_dags/example_kubernetes_executor.py
[2025-05-02 17:21:09,283] {logging_mixin.py:115} INFO - [2025-05-02 17:21:09,282] {example_kubernetes_executor.py:39} WARNING - The example_kubernetes_executor example DAG requires the kubernetes provider. Please install it with: pip install apache-airflow[cncf.kubernetes]
[2025-05-02 17:21:09,283] {processor.py:653} WARNING - No viable dags retrieved from /root/Documents/airflowalu/venv/lib/python3.9/site-packages/airflow/example_dags/example_kubernetes_executor.py
[2025-05-02 17:21:09,288] {processor.py:161} INFO - Processing /root/Documents/airflowalu/venv/lib/python3.9/site-packages/airflow/example_dags/example_kubernetes_executor.py took 0.017 seconds
[2025-05-02 17:21:42,498] {processor.py:153} INFO - Started process (PID=11130) to work on /root/Documents/airflowalu/venv/lib/python3.9/site-packages/airflow/example_dags/example_kubernetes_executor.py
[2025-05-02 17:21:42,499] {processor.py:641} INFO - Processing file /root/Documents/airflowalu/venv/lib/python3.9/site-packages/airflow/example_dags/example_kubernetes_executor.py for tasks to queue
[2025-05-02 17:21:42,499] {logging_mixin.py:115} INFO - [2025-05-02 17:21:42,499] {dagbag.py:507} INFO - Filling up the DagBag from /root/Documents/airflowalu/venv/lib/python3.9/site-packages/airflow/example_dags/example_kubernetes_executor.py
[2025-05-02 17:21:42,510] {logging_mixin.py:115} INFO - [2025-05-02 17:21:42,510] {example_kubernetes_executor.py:39} WARNING - The example_kubernetes_executor example DAG requires the kubernetes provider. Please install it with: pip install apache-airflow[cncf.kubernetes]
[2025-05-02 17:21:42,510] {processor.py:653} WARNING - No viable dags retrieved from /root/Documents/airflowalu/venv/lib/python3.9/site-packages/airflow/example_dags/example_kubernetes_executor.py
[2025-05-02 17:21:42,516] {processor.py:161} INFO - Processing /root/Documents/airflowalu/venv/lib/python3.9/site-packages/airflow/example_dags/example_kubernetes_executor.py took 0.019 seconds
[2025-05-02 17:22:12,790] {processor.py:153} INFO - Started process (PID=11258) to work on /root/Documents/airflowalu/venv/lib/python3.9/site-packages/airflow/example_dags/example_kubernetes_executor.py
[2025-05-02 17:22:12,791] {processor.py:641} INFO - Processing file /root/Documents/airflowalu/venv/lib/python3.9/site-packages/airflow/example_dags/example_kubernetes_executor.py for tasks to queue
[2025-05-02 17:22:12,791] {logging_mixin.py:115} INFO - [2025-05-02 17:22:12,791] {dagbag.py:507} INFO - Filling up the DagBag from /root/Documents/airflowalu/venv/lib/python3.9/site-packages/airflow/example_dags/example_kubernetes_executor.py
[2025-05-02 17:22:12,803] {logging_mixin.py:115} INFO - [2025-05-02 17:22:12,803] {example_kubernetes_executor.py:39} WARNING - The example_kubernetes_executor example DAG requires the kubernetes provider. Please install it with: pip install apache-airflow[cncf.kubernetes]
[2025-05-02 17:22:12,803] {processor.py:653} WARNING - No viable dags retrieved from /root/Documents/airflowalu/venv/lib/python3.9/site-packages/airflow/example_dags/example_kubernetes_executor.py
[2025-05-02 17:22:12,809] {processor.py:161} INFO - Processing /root/Documents/airflowalu/venv/lib/python3.9/site-packages/airflow/example_dags/example_kubernetes_executor.py took 0.021 seconds
[2025-05-02 17:22:46,444] {processor.py:153} INFO - Started process (PID=11409) to work on /root/Documents/airflowalu/venv/lib/python3.9/site-packages/airflow/example_dags/example_kubernetes_executor.py
[2025-05-02 17:22:46,445] {processor.py:641} INFO - Processing file /root/Documents/airflowalu/venv/lib/python3.9/site-packages/airflow/example_dags/example_kubernetes_executor.py for tasks to queue
[2025-05-02 17:22:46,445] {logging_mixin.py:115} INFO - [2025-05-02 17:22:46,445] {dagbag.py:507} INFO - Filling up the DagBag from /root/Documents/airflowalu/venv/lib/python3.9/site-packages/airflow/example_dags/example_kubernetes_executor.py
[2025-05-02 17:22:46,455] {logging_mixin.py:115} INFO - [2025-05-02 17:22:46,455] {example_kubernetes_executor.py:39} WARNING - The example_kubernetes_executor example DAG requires the kubernetes provider. Please install it with: pip install apache-airflow[cncf.kubernetes]
[2025-05-02 17:22:46,456] {processor.py:653} WARNING - No viable dags retrieved from /root/Documents/airflowalu/venv/lib/python3.9/site-packages/airflow/example_dags/example_kubernetes_executor.py
[2025-05-02 17:22:46,461] {processor.py:161} INFO - Processing /root/Documents/airflowalu/venv/lib/python3.9/site-packages/airflow/example_dags/example_kubernetes_executor.py took 0.019 seconds
[2025-05-02 17:23:18,334] {processor.py:153} INFO - Started process (PID=11541) to work on /root/Documents/airflowalu/venv/lib/python3.9/site-packages/airflow/example_dags/example_kubernetes_executor.py
[2025-05-02 17:23:18,334] {processor.py:641} INFO - Processing file /root/Documents/airflowalu/venv/lib/python3.9/site-packages/airflow/example_dags/example_kubernetes_executor.py for tasks to queue
[2025-05-02 17:23:18,335] {logging_mixin.py:115} INFO - [2025-05-02 17:23:18,335] {dagbag.py:507} INFO - Filling up the DagBag from /root/Documents/airflowalu/venv/lib/python3.9/site-packages/airflow/example_dags/example_kubernetes_executor.py
[2025-05-02 17:23:18,344] {logging_mixin.py:115} INFO - [2025-05-02 17:23:18,344] {example_kubernetes_executor.py:39} WARNING - The example_kubernetes_executor example DAG requires the kubernetes provider. Please install it with: pip install apache-airflow[cncf.kubernetes]
[2025-05-02 17:23:18,344] {processor.py:653} WARNING - No viable dags retrieved from /root/Documents/airflowalu/venv/lib/python3.9/site-packages/airflow/example_dags/example_kubernetes_executor.py
[2025-05-02 17:23:18,350] {processor.py:161} INFO - Processing /root/Documents/airflowalu/venv/lib/python3.9/site-packages/airflow/example_dags/example_kubernetes_executor.py took 0.018 seconds
[2025-05-02 17:23:54,024] {processor.py:153} INFO - Started process (PID=11690) to work on /root/Documents/airflowalu/venv/lib/python3.9/site-packages/airflow/example_dags/example_kubernetes_executor.py
[2025-05-02 17:23:54,024] {processor.py:641} INFO - Processing file /root/Documents/airflowalu/venv/lib/python3.9/site-packages/airflow/example_dags/example_kubernetes_executor.py for tasks to queue
[2025-05-02 17:23:54,024] {logging_mixin.py:115} INFO - [2025-05-02 17:23:54,024] {dagbag.py:507} INFO - Filling up the DagBag from /root/Documents/airflowalu/venv/lib/python3.9/site-packages/airflow/example_dags/example_kubernetes_executor.py
[2025-05-02 17:23:54,034] {logging_mixin.py:115} INFO - [2025-05-02 17:23:54,034] {example_kubernetes_executor.py:39} WARNING - The example_kubernetes_executor example DAG requires the kubernetes provider. Please install it with: pip install apache-airflow[cncf.kubernetes]
[2025-05-02 17:23:54,034] {processor.py:653} WARNING - No viable dags retrieved from /root/Documents/airflowalu/venv/lib/python3.9/site-packages/airflow/example_dags/example_kubernetes_executor.py
[2025-05-02 17:23:54,042] {processor.py:161} INFO - Processing /root/Documents/airflowalu/venv/lib/python3.9/site-packages/airflow/example_dags/example_kubernetes_executor.py took 0.020 seconds
[2025-05-02 17:24:24,873] {processor.py:153} INFO - Started process (PID=11822) to work on /root/Documents/airflowalu/venv/lib/python3.9/site-packages/airflow/example_dags/example_kubernetes_executor.py
[2025-05-02 17:24:24,874] {processor.py:641} INFO - Processing file /root/Documents/airflowalu/venv/lib/python3.9/site-packages/airflow/example_dags/example_kubernetes_executor.py for tasks to queue
[2025-05-02 17:24:24,874] {logging_mixin.py:115} INFO - [2025-05-02 17:24:24,874] {dagbag.py:507} INFO - Filling up the DagBag from /root/Documents/airflowalu/venv/lib/python3.9/site-packages/airflow/example_dags/example_kubernetes_executor.py
[2025-05-02 17:24:24,884] {logging_mixin.py:115} INFO - [2025-05-02 17:24:24,884] {example_kubernetes_executor.py:39} WARNING - The example_kubernetes_executor example DAG requires the kubernetes provider. Please install it with: pip install apache-airflow[cncf.kubernetes]
[2025-05-02 17:24:24,884] {processor.py:653} WARNING - No viable dags retrieved from /root/Documents/airflowalu/venv/lib/python3.9/site-packages/airflow/example_dags/example_kubernetes_executor.py
[2025-05-02 17:24:24,890] {processor.py:161} INFO - Processing /root/Documents/airflowalu/venv/lib/python3.9/site-packages/airflow/example_dags/example_kubernetes_executor.py took 0.018 seconds
[2025-05-02 17:24:57,652] {processor.py:153} INFO - Started process (PID=11967) to work on /root/Documents/airflowalu/venv/lib/python3.9/site-packages/airflow/example_dags/example_kubernetes_executor.py
[2025-05-02 17:24:57,653] {processor.py:641} INFO - Processing file /root/Documents/airflowalu/venv/lib/python3.9/site-packages/airflow/example_dags/example_kubernetes_executor.py for tasks to queue
[2025-05-02 17:24:57,653] {logging_mixin.py:115} INFO - [2025-05-02 17:24:57,653] {dagbag.py:507} INFO - Filling up the DagBag from /root/Documents/airflowalu/venv/lib/python3.9/site-packages/airflow/example_dags/example_kubernetes_executor.py
[2025-05-02 17:24:57,662] {logging_mixin.py:115} INFO - [2025-05-02 17:24:57,662] {example_kubernetes_executor.py:39} WARNING - The example_kubernetes_executor example DAG requires the kubernetes provider. Please install it with: pip install apache-airflow[cncf.kubernetes]
[2025-05-02 17:24:57,662] {processor.py:653} WARNING - No viable dags retrieved from /root/Documents/airflowalu/venv/lib/python3.9/site-packages/airflow/example_dags/example_kubernetes_executor.py
[2025-05-02 17:24:57,668] {processor.py:161} INFO - Processing /root/Documents/airflowalu/venv/lib/python3.9/site-packages/airflow/example_dags/example_kubernetes_executor.py took 0.018 seconds
[2025-05-02 17:25:29,041] {processor.py:153} INFO - Started process (PID=12099) to work on /root/Documents/airflowalu/venv/lib/python3.9/site-packages/airflow/example_dags/example_kubernetes_executor.py
[2025-05-02 17:25:29,042] {processor.py:641} INFO - Processing file /root/Documents/airflowalu/venv/lib/python3.9/site-packages/airflow/example_dags/example_kubernetes_executor.py for tasks to queue
[2025-05-02 17:25:29,042] {logging_mixin.py:115} INFO - [2025-05-02 17:25:29,042] {dagbag.py:507} INFO - Filling up the DagBag from /root/Documents/airflowalu/venv/lib/python3.9/site-packages/airflow/example_dags/example_kubernetes_executor.py
[2025-05-02 17:25:29,052] {logging_mixin.py:115} INFO - [2025-05-02 17:25:29,051] {example_kubernetes_executor.py:39} WARNING - The example_kubernetes_executor example DAG requires the kubernetes provider. Please install it with: pip install apache-airflow[cncf.kubernetes]
[2025-05-02 17:25:29,052] {processor.py:653} WARNING - No viable dags retrieved from /root/Documents/airflowalu/venv/lib/python3.9/site-packages/airflow/example_dags/example_kubernetes_executor.py
[2025-05-02 17:25:29,057] {processor.py:161} INFO - Processing /root/Documents/airflowalu/venv/lib/python3.9/site-packages/airflow/example_dags/example_kubernetes_executor.py took 0.018 seconds
[2025-05-02 17:25:59,857] {processor.py:153} INFO - Started process (PID=12232) to work on /root/Documents/airflowalu/venv/lib/python3.9/site-packages/airflow/example_dags/example_kubernetes_executor.py
[2025-05-02 17:25:59,858] {processor.py:641} INFO - Processing file /root/Documents/airflowalu/venv/lib/python3.9/site-packages/airflow/example_dags/example_kubernetes_executor.py for tasks to queue
[2025-05-02 17:25:59,859] {logging_mixin.py:115} INFO - [2025-05-02 17:25:59,859] {dagbag.py:507} INFO - Filling up the DagBag from /root/Documents/airflowalu/venv/lib/python3.9/site-packages/airflow/example_dags/example_kubernetes_executor.py
[2025-05-02 17:25:59,873] {logging_mixin.py:115} INFO - [2025-05-02 17:25:59,873] {example_kubernetes_executor.py:39} WARNING - The example_kubernetes_executor example DAG requires the kubernetes provider. Please install it with: pip install apache-airflow[cncf.kubernetes]
[2025-05-02 17:25:59,873] {processor.py:653} WARNING - No viable dags retrieved from /root/Documents/airflowalu/venv/lib/python3.9/site-packages/airflow/example_dags/example_kubernetes_executor.py
[2025-05-02 17:25:59,880] {processor.py:161} INFO - Processing /root/Documents/airflowalu/venv/lib/python3.9/site-packages/airflow/example_dags/example_kubernetes_executor.py took 0.024 seconds
[2025-05-02 17:26:37,097] {processor.py:153} INFO - Started process (PID=12385) to work on /root/Documents/airflowalu/venv/lib/python3.9/site-packages/airflow/example_dags/example_kubernetes_executor.py
[2025-05-02 17:26:37,098] {processor.py:641} INFO - Processing file /root/Documents/airflowalu/venv/lib/python3.9/site-packages/airflow/example_dags/example_kubernetes_executor.py for tasks to queue
[2025-05-02 17:26:37,098] {logging_mixin.py:115} INFO - [2025-05-02 17:26:37,098] {dagbag.py:507} INFO - Filling up the DagBag from /root/Documents/airflowalu/venv/lib/python3.9/site-packages/airflow/example_dags/example_kubernetes_executor.py
[2025-05-02 17:26:37,107] {logging_mixin.py:115} INFO - [2025-05-02 17:26:37,107] {example_kubernetes_executor.py:39} WARNING - The example_kubernetes_executor example DAG requires the kubernetes provider. Please install it with: pip install apache-airflow[cncf.kubernetes]
[2025-05-02 17:26:37,107] {processor.py:653} WARNING - No viable dags retrieved from /root/Documents/airflowalu/venv/lib/python3.9/site-packages/airflow/example_dags/example_kubernetes_executor.py
[2025-05-02 17:26:37,112] {processor.py:161} INFO - Processing /root/Documents/airflowalu/venv/lib/python3.9/site-packages/airflow/example_dags/example_kubernetes_executor.py took 0.016 seconds
[2025-05-02 17:27:09,006] {processor.py:153} INFO - Started process (PID=12523) to work on /root/Documents/airflowalu/venv/lib/python3.9/site-packages/airflow/example_dags/example_kubernetes_executor.py
[2025-05-02 17:27:09,006] {processor.py:641} INFO - Processing file /root/Documents/airflowalu/venv/lib/python3.9/site-packages/airflow/example_dags/example_kubernetes_executor.py for tasks to queue
[2025-05-02 17:27:09,007] {logging_mixin.py:115} INFO - [2025-05-02 17:27:09,007] {dagbag.py:507} INFO - Filling up the DagBag from /root/Documents/airflowalu/venv/lib/python3.9/site-packages/airflow/example_dags/example_kubernetes_executor.py
[2025-05-02 17:27:09,016] {logging_mixin.py:115} INFO - [2025-05-02 17:27:09,016] {example_kubernetes_executor.py:39} WARNING - The example_kubernetes_executor example DAG requires the kubernetes provider. Please install it with: pip install apache-airflow[cncf.kubernetes]
[2025-05-02 17:27:09,017] {processor.py:653} WARNING - No viable dags retrieved from /root/Documents/airflowalu/venv/lib/python3.9/site-packages/airflow/example_dags/example_kubernetes_executor.py
[2025-05-02 17:27:09,022] {processor.py:161} INFO - Processing /root/Documents/airflowalu/venv/lib/python3.9/site-packages/airflow/example_dags/example_kubernetes_executor.py took 0.018 seconds
[2025-05-02 17:27:42,491] {processor.py:153} INFO - Started process (PID=12661) to work on /root/Documents/airflowalu/venv/lib/python3.9/site-packages/airflow/example_dags/example_kubernetes_executor.py
[2025-05-02 17:27:42,491] {processor.py:641} INFO - Processing file /root/Documents/airflowalu/venv/lib/python3.9/site-packages/airflow/example_dags/example_kubernetes_executor.py for tasks to queue
[2025-05-02 17:27:42,492] {logging_mixin.py:115} INFO - [2025-05-02 17:27:42,492] {dagbag.py:507} INFO - Filling up the DagBag from /root/Documents/airflowalu/venv/lib/python3.9/site-packages/airflow/example_dags/example_kubernetes_executor.py
[2025-05-02 17:27:42,501] {logging_mixin.py:115} INFO - [2025-05-02 17:27:42,500] {example_kubernetes_executor.py:39} WARNING - The example_kubernetes_executor example DAG requires the kubernetes provider. Please install it with: pip install apache-airflow[cncf.kubernetes]
[2025-05-02 17:27:42,501] {processor.py:653} WARNING - No viable dags retrieved from /root/Documents/airflowalu/venv/lib/python3.9/site-packages/airflow/example_dags/example_kubernetes_executor.py
[2025-05-02 17:27:42,507] {processor.py:161} INFO - Processing /root/Documents/airflowalu/venv/lib/python3.9/site-packages/airflow/example_dags/example_kubernetes_executor.py took 0.018 seconds
[2025-05-02 17:30:11,979] {processor.py:153} INFO - Started process (PID=13538) to work on /root/Documents/airflowalu/venv/lib/python3.9/site-packages/airflow/example_dags/example_kubernetes_executor.py
[2025-05-02 17:30:11,980] {processor.py:641} INFO - Processing file /root/Documents/airflowalu/venv/lib/python3.9/site-packages/airflow/example_dags/example_kubernetes_executor.py for tasks to queue
[2025-05-02 17:30:11,981] {logging_mixin.py:115} INFO - [2025-05-02 17:30:11,980] {dagbag.py:507} INFO - Filling up the DagBag from /root/Documents/airflowalu/venv/lib/python3.9/site-packages/airflow/example_dags/example_kubernetes_executor.py
[2025-05-02 17:30:11,990] {logging_mixin.py:115} INFO - [2025-05-02 17:30:11,989] {example_kubernetes_executor.py:39} WARNING - The example_kubernetes_executor example DAG requires the kubernetes provider. Please install it with: pip install apache-airflow[cncf.kubernetes]
[2025-05-02 17:30:11,990] {processor.py:653} WARNING - No viable dags retrieved from /root/Documents/airflowalu/venv/lib/python3.9/site-packages/airflow/example_dags/example_kubernetes_executor.py
[2025-05-02 17:30:11,997] {processor.py:161} INFO - Processing /root/Documents/airflowalu/venv/lib/python3.9/site-packages/airflow/example_dags/example_kubernetes_executor.py took 0.019 seconds
[2025-05-02 17:30:43,985] {processor.py:153} INFO - Started process (PID=13749) to work on /root/Documents/airflowalu/venv/lib/python3.9/site-packages/airflow/example_dags/example_kubernetes_executor.py
[2025-05-02 17:30:43,985] {processor.py:641} INFO - Processing file /root/Documents/airflowalu/venv/lib/python3.9/site-packages/airflow/example_dags/example_kubernetes_executor.py for tasks to queue
[2025-05-02 17:30:43,986] {logging_mixin.py:115} INFO - [2025-05-02 17:30:43,986] {dagbag.py:507} INFO - Filling up the DagBag from /root/Documents/airflowalu/venv/lib/python3.9/site-packages/airflow/example_dags/example_kubernetes_executor.py
[2025-05-02 17:30:43,994] {logging_mixin.py:115} INFO - [2025-05-02 17:30:43,994] {example_kubernetes_executor.py:39} WARNING - The example_kubernetes_executor example DAG requires the kubernetes provider. Please install it with: pip install apache-airflow[cncf.kubernetes]
[2025-05-02 17:30:43,994] {processor.py:653} WARNING - No viable dags retrieved from /root/Documents/airflowalu/venv/lib/python3.9/site-packages/airflow/example_dags/example_kubernetes_executor.py
[2025-05-02 17:30:44,000] {processor.py:161} INFO - Processing /root/Documents/airflowalu/venv/lib/python3.9/site-packages/airflow/example_dags/example_kubernetes_executor.py took 0.017 seconds
[2025-05-02 20:40:11,279] {processor.py:153} INFO - Started process (PID=505) to work on /root/Documents/airflowalu/venv/lib/python3.9/site-packages/airflow/example_dags/example_kubernetes_executor.py
[2025-05-02 20:40:11,279] {processor.py:641} INFO - Processing file /root/Documents/airflowalu/venv/lib/python3.9/site-packages/airflow/example_dags/example_kubernetes_executor.py for tasks to queue
[2025-05-02 20:40:11,280] {logging_mixin.py:115} INFO - [2025-05-02 20:40:11,280] {dagbag.py:507} INFO - Filling up the DagBag from /root/Documents/airflowalu/venv/lib/python3.9/site-packages/airflow/example_dags/example_kubernetes_executor.py
[2025-05-02 20:40:11,287] {logging_mixin.py:115} INFO - [2025-05-02 20:40:11,287] {example_kubernetes_executor.py:39} WARNING - The example_kubernetes_executor example DAG requires the kubernetes provider. Please install it with: pip install apache-airflow[cncf.kubernetes]
[2025-05-02 20:40:11,287] {processor.py:653} WARNING - No viable dags retrieved from /root/Documents/airflowalu/venv/lib/python3.9/site-packages/airflow/example_dags/example_kubernetes_executor.py
[2025-05-02 20:40:11,292] {processor.py:161} INFO - Processing /root/Documents/airflowalu/venv/lib/python3.9/site-packages/airflow/example_dags/example_kubernetes_executor.py took 0.015 seconds
