[2025-05-02 16:52:29,880] {processor.py:153} INFO - Started process (PID=2845) to work on /root/Documents/airflowalu/venv/lib/python3.9/site-packages/airflow/example_dags/example_sla_dag.py
[2025-05-02 16:52:29,881] {processor.py:641} INFO - Processing file /root/Documents/airflowalu/venv/lib/python3.9/site-packages/airflow/example_dags/example_sla_dag.py for tasks to queue
[2025-05-02 16:52:29,881] {logging_mixin.py:115} INFO - [2025-05-02 16:52:29,881] {dagbag.py:507} INFO - Filling up the DagBag from /root/Documents/airflowalu/venv/lib/python3.9/site-packages/airflow/example_dags/example_sla_dag.py
[2025-05-02 16:52:29,890] {processor.py:651} INFO - DAG(s) dict_keys(['example_sla_dag']) retrieved from /root/Documents/airflowalu/venv/lib/python3.9/site-packages/airflow/example_dags/example_sla_dag.py
[2025-05-02 16:52:29,939] {logging_mixin.py:115} INFO - [2025-05-02 16:52:29,939] {manager.py:508} INFO - Created Permission View: can edit on DAG:example_sla_dag
[2025-05-02 16:52:29,948] {logging_mixin.py:115} INFO - [2025-05-02 16:52:29,948] {manager.py:508} INFO - Created Permission View: can delete on DAG:example_sla_dag
[2025-05-02 16:52:29,955] {logging_mixin.py:115} INFO - [2025-05-02 16:52:29,955] {manager.py:508} INFO - Created Permission View: can read on DAG:example_sla_dag
[2025-05-02 16:52:29,955] {logging_mixin.py:115} INFO - [2025-05-02 16:52:29,955] {dag.py:2379} INFO - Sync 1 DAGs
[2025-05-02 16:52:29,960] {logging_mixin.py:115} INFO - [2025-05-02 16:52:29,960] {dag.py:2398} INFO - Creating ORM DAG for example_sla_dag
[2025-05-02 16:52:29,967] {logging_mixin.py:115} INFO - [2025-05-02 16:52:29,967] {dag.py:2927} INFO - Setting next_dagrun for example_sla_dag to 2025-05-02T19:50:00+00:00, run_after=2025-05-02T19:52:00+00:00
[2025-05-02 16:52:29,977] {processor.py:161} INFO - Processing /root/Documents/airflowalu/venv/lib/python3.9/site-packages/airflow/example_dags/example_sla_dag.py took 0.098 seconds
[2025-05-02 16:53:01,236] {processor.py:153} INFO - Started process (PID=2906) to work on /root/Documents/airflowalu/venv/lib/python3.9/site-packages/airflow/example_dags/example_sla_dag.py
[2025-05-02 16:53:01,236] {processor.py:641} INFO - Processing file /root/Documents/airflowalu/venv/lib/python3.9/site-packages/airflow/example_dags/example_sla_dag.py for tasks to queue
[2025-05-02 16:53:01,237] {logging_mixin.py:115} INFO - [2025-05-02 16:53:01,237] {dagbag.py:507} INFO - Filling up the DagBag from /root/Documents/airflowalu/venv/lib/python3.9/site-packages/airflow/example_dags/example_sla_dag.py
[2025-05-02 16:53:01,246] {processor.py:651} INFO - DAG(s) dict_keys(['example_sla_dag']) retrieved from /root/Documents/airflowalu/venv/lib/python3.9/site-packages/airflow/example_dags/example_sla_dag.py
[2025-05-02 16:53:01,254] {logging_mixin.py:115} INFO - [2025-05-02 16:53:01,254] {dag.py:2379} INFO - Sync 1 DAGs
[2025-05-02 16:53:01,264] {logging_mixin.py:115} INFO - [2025-05-02 16:53:01,264] {dag.py:2927} INFO - Setting next_dagrun for example_sla_dag to 2025-05-02T19:50:00+00:00, run_after=2025-05-02T19:52:00+00:00
[2025-05-02 16:53:01,274] {processor.py:161} INFO - Processing /root/Documents/airflowalu/venv/lib/python3.9/site-packages/airflow/example_dags/example_sla_dag.py took 0.040 seconds
[2025-05-02 16:53:32,713] {processor.py:153} INFO - Started process (PID=3576) to work on /root/Documents/airflowalu/venv/lib/python3.9/site-packages/airflow/example_dags/example_sla_dag.py
[2025-05-02 16:53:32,714] {processor.py:641} INFO - Processing file /root/Documents/airflowalu/venv/lib/python3.9/site-packages/airflow/example_dags/example_sla_dag.py for tasks to queue
[2025-05-02 16:53:32,714] {logging_mixin.py:115} INFO - [2025-05-02 16:53:32,714] {dagbag.py:507} INFO - Filling up the DagBag from /root/Documents/airflowalu/venv/lib/python3.9/site-packages/airflow/example_dags/example_sla_dag.py
[2025-05-02 16:53:32,724] {processor.py:651} INFO - DAG(s) dict_keys(['example_sla_dag']) retrieved from /root/Documents/airflowalu/venv/lib/python3.9/site-packages/airflow/example_dags/example_sla_dag.py
[2025-05-02 16:53:32,736] {logging_mixin.py:115} INFO - [2025-05-02 16:53:32,736] {dag.py:2379} INFO - Sync 1 DAGs
[2025-05-02 16:53:32,747] {logging_mixin.py:115} INFO - [2025-05-02 16:53:32,747] {dag.py:2927} INFO - Setting next_dagrun for example_sla_dag to 2025-05-02T19:50:00+00:00, run_after=2025-05-02T19:52:00+00:00
[2025-05-02 16:53:32,759] {processor.py:161} INFO - Processing /root/Documents/airflowalu/venv/lib/python3.9/site-packages/airflow/example_dags/example_sla_dag.py took 0.047 seconds
[2025-05-02 16:54:05,543] {processor.py:153} INFO - Started process (PID=3739) to work on /root/Documents/airflowalu/venv/lib/python3.9/site-packages/airflow/example_dags/example_sla_dag.py
[2025-05-02 16:54:05,544] {processor.py:641} INFO - Processing file /root/Documents/airflowalu/venv/lib/python3.9/site-packages/airflow/example_dags/example_sla_dag.py for tasks to queue
[2025-05-02 16:54:05,544] {logging_mixin.py:115} INFO - [2025-05-02 16:54:05,544] {dagbag.py:507} INFO - Filling up the DagBag from /root/Documents/airflowalu/venv/lib/python3.9/site-packages/airflow/example_dags/example_sla_dag.py
[2025-05-02 16:54:05,554] {processor.py:651} INFO - DAG(s) dict_keys(['example_sla_dag']) retrieved from /root/Documents/airflowalu/venv/lib/python3.9/site-packages/airflow/example_dags/example_sla_dag.py
[2025-05-02 16:54:05,567] {logging_mixin.py:115} INFO - [2025-05-02 16:54:05,567] {dag.py:2379} INFO - Sync 1 DAGs
[2025-05-02 16:54:05,580] {logging_mixin.py:115} INFO - [2025-05-02 16:54:05,580] {dag.py:2927} INFO - Setting next_dagrun for example_sla_dag to 2025-05-02T19:52:00+00:00, run_after=2025-05-02T19:54:00+00:00
[2025-05-02 16:54:05,590] {processor.py:161} INFO - Processing /root/Documents/airflowalu/venv/lib/python3.9/site-packages/airflow/example_dags/example_sla_dag.py took 0.049 seconds
[2025-05-02 16:54:36,706] {processor.py:153} INFO - Started process (PID=3869) to work on /root/Documents/airflowalu/venv/lib/python3.9/site-packages/airflow/example_dags/example_sla_dag.py
[2025-05-02 16:54:36,707] {processor.py:641} INFO - Processing file /root/Documents/airflowalu/venv/lib/python3.9/site-packages/airflow/example_dags/example_sla_dag.py for tasks to queue
[2025-05-02 16:54:36,707] {logging_mixin.py:115} INFO - [2025-05-02 16:54:36,707] {dagbag.py:507} INFO - Filling up the DagBag from /root/Documents/airflowalu/venv/lib/python3.9/site-packages/airflow/example_dags/example_sla_dag.py
[2025-05-02 16:54:36,717] {processor.py:651} INFO - DAG(s) dict_keys(['example_sla_dag']) retrieved from /root/Documents/airflowalu/venv/lib/python3.9/site-packages/airflow/example_dags/example_sla_dag.py
[2025-05-02 16:54:36,727] {logging_mixin.py:115} INFO - [2025-05-02 16:54:36,727] {dag.py:2379} INFO - Sync 1 DAGs
[2025-05-02 16:54:36,737] {logging_mixin.py:115} INFO - [2025-05-02 16:54:36,737] {dag.py:2927} INFO - Setting next_dagrun for example_sla_dag to 2025-05-02T19:52:00+00:00, run_after=2025-05-02T19:54:00+00:00
[2025-05-02 16:54:36,747] {processor.py:161} INFO - Processing /root/Documents/airflowalu/venv/lib/python3.9/site-packages/airflow/example_dags/example_sla_dag.py took 0.044 seconds
[2025-05-02 16:55:07,560] {processor.py:153} INFO - Started process (PID=4001) to work on /root/Documents/airflowalu/venv/lib/python3.9/site-packages/airflow/example_dags/example_sla_dag.py
[2025-05-02 16:55:07,560] {processor.py:641} INFO - Processing file /root/Documents/airflowalu/venv/lib/python3.9/site-packages/airflow/example_dags/example_sla_dag.py for tasks to queue
[2025-05-02 16:55:07,561] {logging_mixin.py:115} INFO - [2025-05-02 16:55:07,561] {dagbag.py:507} INFO - Filling up the DagBag from /root/Documents/airflowalu/venv/lib/python3.9/site-packages/airflow/example_dags/example_sla_dag.py
[2025-05-02 16:55:07,570] {processor.py:651} INFO - DAG(s) dict_keys(['example_sla_dag']) retrieved from /root/Documents/airflowalu/venv/lib/python3.9/site-packages/airflow/example_dags/example_sla_dag.py
[2025-05-02 16:55:07,580] {logging_mixin.py:115} INFO - [2025-05-02 16:55:07,580] {dag.py:2379} INFO - Sync 1 DAGs
[2025-05-02 16:55:07,590] {logging_mixin.py:115} INFO - [2025-05-02 16:55:07,590] {dag.py:2927} INFO - Setting next_dagrun for example_sla_dag to 2025-05-02T19:52:00+00:00, run_after=2025-05-02T19:54:00+00:00
[2025-05-02 16:55:07,601] {processor.py:161} INFO - Processing /root/Documents/airflowalu/venv/lib/python3.9/site-packages/airflow/example_dags/example_sla_dag.py took 0.042 seconds
[2025-05-02 16:55:39,077] {processor.py:153} INFO - Started process (PID=4426) to work on /root/Documents/airflowalu/venv/lib/python3.9/site-packages/airflow/example_dags/example_sla_dag.py
[2025-05-02 16:55:39,078] {processor.py:641} INFO - Processing file /root/Documents/airflowalu/venv/lib/python3.9/site-packages/airflow/example_dags/example_sla_dag.py for tasks to queue
[2025-05-02 16:55:39,078] {logging_mixin.py:115} INFO - [2025-05-02 16:55:39,078] {dagbag.py:507} INFO - Filling up the DagBag from /root/Documents/airflowalu/venv/lib/python3.9/site-packages/airflow/example_dags/example_sla_dag.py
[2025-05-02 16:55:39,089] {processor.py:651} INFO - DAG(s) dict_keys(['example_sla_dag']) retrieved from /root/Documents/airflowalu/venv/lib/python3.9/site-packages/airflow/example_dags/example_sla_dag.py
[2025-05-02 16:55:39,100] {logging_mixin.py:115} INFO - [2025-05-02 16:55:39,100] {dag.py:2379} INFO - Sync 1 DAGs
[2025-05-02 16:55:39,112] {logging_mixin.py:115} INFO - [2025-05-02 16:55:39,112] {dag.py:2927} INFO - Setting next_dagrun for example_sla_dag to 2025-05-02T19:52:00+00:00, run_after=2025-05-02T19:54:00+00:00
[2025-05-02 16:55:39,122] {processor.py:161} INFO - Processing /root/Documents/airflowalu/venv/lib/python3.9/site-packages/airflow/example_dags/example_sla_dag.py took 0.047 seconds
[2025-05-02 16:56:11,702] {processor.py:153} INFO - Started process (PID=4558) to work on /root/Documents/airflowalu/venv/lib/python3.9/site-packages/airflow/example_dags/example_sla_dag.py
[2025-05-02 16:56:11,703] {processor.py:641} INFO - Processing file /root/Documents/airflowalu/venv/lib/python3.9/site-packages/airflow/example_dags/example_sla_dag.py for tasks to queue
[2025-05-02 16:56:11,703] {logging_mixin.py:115} INFO - [2025-05-02 16:56:11,703] {dagbag.py:507} INFO - Filling up the DagBag from /root/Documents/airflowalu/venv/lib/python3.9/site-packages/airflow/example_dags/example_sla_dag.py
[2025-05-02 16:56:11,713] {processor.py:651} INFO - DAG(s) dict_keys(['example_sla_dag']) retrieved from /root/Documents/airflowalu/venv/lib/python3.9/site-packages/airflow/example_dags/example_sla_dag.py
[2025-05-02 16:56:11,723] {logging_mixin.py:115} INFO - [2025-05-02 16:56:11,723] {dag.py:2379} INFO - Sync 1 DAGs
[2025-05-02 16:56:11,735] {logging_mixin.py:115} INFO - [2025-05-02 16:56:11,735] {dag.py:2927} INFO - Setting next_dagrun for example_sla_dag to 2025-05-02T19:54:00+00:00, run_after=2025-05-02T19:56:00+00:00
[2025-05-02 16:56:11,747] {processor.py:161} INFO - Processing /root/Documents/airflowalu/venv/lib/python3.9/site-packages/airflow/example_dags/example_sla_dag.py took 0.047 seconds
[2025-05-02 16:56:42,606] {processor.py:153} INFO - Started process (PID=4688) to work on /root/Documents/airflowalu/venv/lib/python3.9/site-packages/airflow/example_dags/example_sla_dag.py
[2025-05-02 16:56:42,607] {processor.py:641} INFO - Processing file /root/Documents/airflowalu/venv/lib/python3.9/site-packages/airflow/example_dags/example_sla_dag.py for tasks to queue
[2025-05-02 16:56:42,607] {logging_mixin.py:115} INFO - [2025-05-02 16:56:42,607] {dagbag.py:507} INFO - Filling up the DagBag from /root/Documents/airflowalu/venv/lib/python3.9/site-packages/airflow/example_dags/example_sla_dag.py
[2025-05-02 16:56:42,617] {processor.py:651} INFO - DAG(s) dict_keys(['example_sla_dag']) retrieved from /root/Documents/airflowalu/venv/lib/python3.9/site-packages/airflow/example_dags/example_sla_dag.py
[2025-05-02 16:56:42,628] {logging_mixin.py:115} INFO - [2025-05-02 16:56:42,628] {dag.py:2379} INFO - Sync 1 DAGs
[2025-05-02 16:56:42,641] {logging_mixin.py:115} INFO - [2025-05-02 16:56:42,640] {dag.py:2927} INFO - Setting next_dagrun for example_sla_dag to 2025-05-02T19:54:00+00:00, run_after=2025-05-02T19:56:00+00:00
[2025-05-02 16:56:42,652] {processor.py:161} INFO - Processing /root/Documents/airflowalu/venv/lib/python3.9/site-packages/airflow/example_dags/example_sla_dag.py took 0.047 seconds
[2025-05-02 16:57:14,704] {processor.py:153} INFO - Started process (PID=4831) to work on /root/Documents/airflowalu/venv/lib/python3.9/site-packages/airflow/example_dags/example_sla_dag.py
[2025-05-02 16:57:14,705] {processor.py:641} INFO - Processing file /root/Documents/airflowalu/venv/lib/python3.9/site-packages/airflow/example_dags/example_sla_dag.py for tasks to queue
[2025-05-02 16:57:14,706] {logging_mixin.py:115} INFO - [2025-05-02 16:57:14,705] {dagbag.py:507} INFO - Filling up the DagBag from /root/Documents/airflowalu/venv/lib/python3.9/site-packages/airflow/example_dags/example_sla_dag.py
[2025-05-02 16:57:14,718] {processor.py:651} INFO - DAG(s) dict_keys(['example_sla_dag']) retrieved from /root/Documents/airflowalu/venv/lib/python3.9/site-packages/airflow/example_dags/example_sla_dag.py
[2025-05-02 16:57:14,729] {logging_mixin.py:115} INFO - [2025-05-02 16:57:14,729] {dag.py:2379} INFO - Sync 1 DAGs
[2025-05-02 16:57:14,742] {logging_mixin.py:115} INFO - [2025-05-02 16:57:14,742] {dag.py:2927} INFO - Setting next_dagrun for example_sla_dag to 2025-05-02T19:54:00+00:00, run_after=2025-05-02T19:56:00+00:00
[2025-05-02 16:57:14,753] {processor.py:161} INFO - Processing /root/Documents/airflowalu/venv/lib/python3.9/site-packages/airflow/example_dags/example_sla_dag.py took 0.050 seconds
[2025-05-02 16:57:45,377] {processor.py:153} INFO - Started process (PID=4962) to work on /root/Documents/airflowalu/venv/lib/python3.9/site-packages/airflow/example_dags/example_sla_dag.py
[2025-05-02 16:57:45,378] {processor.py:641} INFO - Processing file /root/Documents/airflowalu/venv/lib/python3.9/site-packages/airflow/example_dags/example_sla_dag.py for tasks to queue
[2025-05-02 16:57:45,378] {logging_mixin.py:115} INFO - [2025-05-02 16:57:45,378] {dagbag.py:507} INFO - Filling up the DagBag from /root/Documents/airflowalu/venv/lib/python3.9/site-packages/airflow/example_dags/example_sla_dag.py
[2025-05-02 16:57:45,388] {processor.py:651} INFO - DAG(s) dict_keys(['example_sla_dag']) retrieved from /root/Documents/airflowalu/venv/lib/python3.9/site-packages/airflow/example_dags/example_sla_dag.py
[2025-05-02 16:57:45,398] {logging_mixin.py:115} INFO - [2025-05-02 16:57:45,398] {dag.py:2379} INFO - Sync 1 DAGs
[2025-05-02 16:57:45,408] {logging_mixin.py:115} INFO - [2025-05-02 16:57:45,408] {dag.py:2927} INFO - Setting next_dagrun for example_sla_dag to 2025-05-02T19:54:00+00:00, run_after=2025-05-02T19:56:00+00:00
[2025-05-02 16:57:45,419] {processor.py:161} INFO - Processing /root/Documents/airflowalu/venv/lib/python3.9/site-packages/airflow/example_dags/example_sla_dag.py took 0.043 seconds
[2025-05-02 16:58:18,032] {processor.py:153} INFO - Started process (PID=5104) to work on /root/Documents/airflowalu/venv/lib/python3.9/site-packages/airflow/example_dags/example_sla_dag.py
[2025-05-02 16:58:18,033] {processor.py:641} INFO - Processing file /root/Documents/airflowalu/venv/lib/python3.9/site-packages/airflow/example_dags/example_sla_dag.py for tasks to queue
[2025-05-02 16:58:18,033] {logging_mixin.py:115} INFO - [2025-05-02 16:58:18,033] {dagbag.py:507} INFO - Filling up the DagBag from /root/Documents/airflowalu/venv/lib/python3.9/site-packages/airflow/example_dags/example_sla_dag.py
[2025-05-02 16:58:18,042] {processor.py:651} INFO - DAG(s) dict_keys(['example_sla_dag']) retrieved from /root/Documents/airflowalu/venv/lib/python3.9/site-packages/airflow/example_dags/example_sla_dag.py
[2025-05-02 16:58:18,051] {logging_mixin.py:115} INFO - [2025-05-02 16:58:18,051] {dag.py:2379} INFO - Sync 1 DAGs
[2025-05-02 16:58:18,061] {logging_mixin.py:115} INFO - [2025-05-02 16:58:18,061] {dag.py:2927} INFO - Setting next_dagrun for example_sla_dag to 2025-05-02T19:56:00+00:00, run_after=2025-05-02T19:58:00+00:00
[2025-05-02 16:58:18,070] {processor.py:161} INFO - Processing /root/Documents/airflowalu/venv/lib/python3.9/site-packages/airflow/example_dags/example_sla_dag.py took 0.040 seconds
[2025-05-02 16:58:48,881] {processor.py:153} INFO - Started process (PID=5232) to work on /root/Documents/airflowalu/venv/lib/python3.9/site-packages/airflow/example_dags/example_sla_dag.py
[2025-05-02 16:58:48,881] {processor.py:641} INFO - Processing file /root/Documents/airflowalu/venv/lib/python3.9/site-packages/airflow/example_dags/example_sla_dag.py for tasks to queue
[2025-05-02 16:58:48,882] {logging_mixin.py:115} INFO - [2025-05-02 16:58:48,882] {dagbag.py:507} INFO - Filling up the DagBag from /root/Documents/airflowalu/venv/lib/python3.9/site-packages/airflow/example_dags/example_sla_dag.py
[2025-05-02 16:58:48,891] {processor.py:651} INFO - DAG(s) dict_keys(['example_sla_dag']) retrieved from /root/Documents/airflowalu/venv/lib/python3.9/site-packages/airflow/example_dags/example_sla_dag.py
[2025-05-02 16:58:48,901] {logging_mixin.py:115} INFO - [2025-05-02 16:58:48,901] {dag.py:2379} INFO - Sync 1 DAGs
[2025-05-02 16:58:48,912] {logging_mixin.py:115} INFO - [2025-05-02 16:58:48,912] {dag.py:2927} INFO - Setting next_dagrun for example_sla_dag to 2025-05-02T19:56:00+00:00, run_after=2025-05-02T19:58:00+00:00
[2025-05-02 16:58:48,922] {processor.py:161} INFO - Processing /root/Documents/airflowalu/venv/lib/python3.9/site-packages/airflow/example_dags/example_sla_dag.py took 0.043 seconds
[2025-05-02 16:59:20,476] {processor.py:153} INFO - Started process (PID=5373) to work on /root/Documents/airflowalu/venv/lib/python3.9/site-packages/airflow/example_dags/example_sla_dag.py
[2025-05-02 16:59:20,477] {processor.py:641} INFO - Processing file /root/Documents/airflowalu/venv/lib/python3.9/site-packages/airflow/example_dags/example_sla_dag.py for tasks to queue
[2025-05-02 16:59:20,477] {logging_mixin.py:115} INFO - [2025-05-02 16:59:20,477] {dagbag.py:507} INFO - Filling up the DagBag from /root/Documents/airflowalu/venv/lib/python3.9/site-packages/airflow/example_dags/example_sla_dag.py
[2025-05-02 16:59:20,486] {processor.py:651} INFO - DAG(s) dict_keys(['example_sla_dag']) retrieved from /root/Documents/airflowalu/venv/lib/python3.9/site-packages/airflow/example_dags/example_sla_dag.py
[2025-05-02 16:59:20,496] {logging_mixin.py:115} INFO - [2025-05-02 16:59:20,495] {dag.py:2379} INFO - Sync 1 DAGs
[2025-05-02 16:59:20,506] {logging_mixin.py:115} INFO - [2025-05-02 16:59:20,506] {dag.py:2927} INFO - Setting next_dagrun for example_sla_dag to 2025-05-02T19:56:00+00:00, run_after=2025-05-02T19:58:00+00:00
[2025-05-02 16:59:20,517] {processor.py:161} INFO - Processing /root/Documents/airflowalu/venv/lib/python3.9/site-packages/airflow/example_dags/example_sla_dag.py took 0.042 seconds
[2025-05-02 16:59:51,149] {processor.py:153} INFO - Started process (PID=5503) to work on /root/Documents/airflowalu/venv/lib/python3.9/site-packages/airflow/example_dags/example_sla_dag.py
[2025-05-02 16:59:51,150] {processor.py:641} INFO - Processing file /root/Documents/airflowalu/venv/lib/python3.9/site-packages/airflow/example_dags/example_sla_dag.py for tasks to queue
[2025-05-02 16:59:51,150] {logging_mixin.py:115} INFO - [2025-05-02 16:59:51,150] {dagbag.py:507} INFO - Filling up the DagBag from /root/Documents/airflowalu/venv/lib/python3.9/site-packages/airflow/example_dags/example_sla_dag.py
[2025-05-02 16:59:51,159] {processor.py:651} INFO - DAG(s) dict_keys(['example_sla_dag']) retrieved from /root/Documents/airflowalu/venv/lib/python3.9/site-packages/airflow/example_dags/example_sla_dag.py
[2025-05-02 16:59:51,168] {logging_mixin.py:115} INFO - [2025-05-02 16:59:51,168] {dag.py:2379} INFO - Sync 1 DAGs
[2025-05-02 16:59:51,178] {logging_mixin.py:115} INFO - [2025-05-02 16:59:51,178] {dag.py:2927} INFO - Setting next_dagrun for example_sla_dag to 2025-05-02T19:56:00+00:00, run_after=2025-05-02T19:58:00+00:00
[2025-05-02 16:59:51,188] {processor.py:161} INFO - Processing /root/Documents/airflowalu/venv/lib/python3.9/site-packages/airflow/example_dags/example_sla_dag.py took 0.040 seconds
[2025-05-02 17:00:23,494] {processor.py:153} INFO - Started process (PID=5636) to work on /root/Documents/airflowalu/venv/lib/python3.9/site-packages/airflow/example_dags/example_sla_dag.py
[2025-05-02 17:00:23,495] {processor.py:641} INFO - Processing file /root/Documents/airflowalu/venv/lib/python3.9/site-packages/airflow/example_dags/example_sla_dag.py for tasks to queue
[2025-05-02 17:00:23,495] {logging_mixin.py:115} INFO - [2025-05-02 17:00:23,495] {dagbag.py:507} INFO - Filling up the DagBag from /root/Documents/airflowalu/venv/lib/python3.9/site-packages/airflow/example_dags/example_sla_dag.py
[2025-05-02 17:00:23,505] {processor.py:651} INFO - DAG(s) dict_keys(['example_sla_dag']) retrieved from /root/Documents/airflowalu/venv/lib/python3.9/site-packages/airflow/example_dags/example_sla_dag.py
[2025-05-02 17:00:23,515] {logging_mixin.py:115} INFO - [2025-05-02 17:00:23,515] {dag.py:2379} INFO - Sync 1 DAGs
[2025-05-02 17:00:23,525] {logging_mixin.py:115} INFO - [2025-05-02 17:00:23,525] {dag.py:2927} INFO - Setting next_dagrun for example_sla_dag to 2025-05-02T19:58:00+00:00, run_after=2025-05-02T20:00:00+00:00
[2025-05-02 17:00:23,535] {processor.py:161} INFO - Processing /root/Documents/airflowalu/venv/lib/python3.9/site-packages/airflow/example_dags/example_sla_dag.py took 0.042 seconds
[2025-05-02 17:00:55,561] {processor.py:153} INFO - Started process (PID=5774) to work on /root/Documents/airflowalu/venv/lib/python3.9/site-packages/airflow/example_dags/example_sla_dag.py
[2025-05-02 17:00:55,562] {processor.py:641} INFO - Processing file /root/Documents/airflowalu/venv/lib/python3.9/site-packages/airflow/example_dags/example_sla_dag.py for tasks to queue
[2025-05-02 17:00:55,562] {logging_mixin.py:115} INFO - [2025-05-02 17:00:55,562] {dagbag.py:507} INFO - Filling up the DagBag from /root/Documents/airflowalu/venv/lib/python3.9/site-packages/airflow/example_dags/example_sla_dag.py
[2025-05-02 17:00:55,572] {processor.py:651} INFO - DAG(s) dict_keys(['example_sla_dag']) retrieved from /root/Documents/airflowalu/venv/lib/python3.9/site-packages/airflow/example_dags/example_sla_dag.py
[2025-05-02 17:00:55,581] {logging_mixin.py:115} INFO - [2025-05-02 17:00:55,581] {dag.py:2379} INFO - Sync 1 DAGs
[2025-05-02 17:00:55,591] {logging_mixin.py:115} INFO - [2025-05-02 17:00:55,591] {dag.py:2927} INFO - Setting next_dagrun for example_sla_dag to 2025-05-02T19:58:00+00:00, run_after=2025-05-02T20:00:00+00:00
[2025-05-02 17:00:55,603] {processor.py:161} INFO - Processing /root/Documents/airflowalu/venv/lib/python3.9/site-packages/airflow/example_dags/example_sla_dag.py took 0.044 seconds
[2025-05-02 17:01:28,225] {processor.py:153} INFO - Started process (PID=5916) to work on /root/Documents/airflowalu/venv/lib/python3.9/site-packages/airflow/example_dags/example_sla_dag.py
[2025-05-02 17:01:28,226] {processor.py:641} INFO - Processing file /root/Documents/airflowalu/venv/lib/python3.9/site-packages/airflow/example_dags/example_sla_dag.py for tasks to queue
[2025-05-02 17:01:28,226] {logging_mixin.py:115} INFO - [2025-05-02 17:01:28,226] {dagbag.py:507} INFO - Filling up the DagBag from /root/Documents/airflowalu/venv/lib/python3.9/site-packages/airflow/example_dags/example_sla_dag.py
[2025-05-02 17:01:28,235] {processor.py:651} INFO - DAG(s) dict_keys(['example_sla_dag']) retrieved from /root/Documents/airflowalu/venv/lib/python3.9/site-packages/airflow/example_dags/example_sla_dag.py
[2025-05-02 17:01:28,245] {logging_mixin.py:115} INFO - [2025-05-02 17:01:28,244] {dag.py:2379} INFO - Sync 1 DAGs
[2025-05-02 17:01:28,255] {logging_mixin.py:115} INFO - [2025-05-02 17:01:28,255] {dag.py:2927} INFO - Setting next_dagrun for example_sla_dag to 2025-05-02T19:58:00+00:00, run_after=2025-05-02T20:00:00+00:00
[2025-05-02 17:01:28,265] {processor.py:161} INFO - Processing /root/Documents/airflowalu/venv/lib/python3.9/site-packages/airflow/example_dags/example_sla_dag.py took 0.042 seconds
[2025-05-02 17:01:59,136] {processor.py:153} INFO - Started process (PID=6047) to work on /root/Documents/airflowalu/venv/lib/python3.9/site-packages/airflow/example_dags/example_sla_dag.py
[2025-05-02 17:01:59,136] {processor.py:641} INFO - Processing file /root/Documents/airflowalu/venv/lib/python3.9/site-packages/airflow/example_dags/example_sla_dag.py for tasks to queue
[2025-05-02 17:01:59,137] {logging_mixin.py:115} INFO - [2025-05-02 17:01:59,137] {dagbag.py:507} INFO - Filling up the DagBag from /root/Documents/airflowalu/venv/lib/python3.9/site-packages/airflow/example_dags/example_sla_dag.py
[2025-05-02 17:01:59,146] {processor.py:651} INFO - DAG(s) dict_keys(['example_sla_dag']) retrieved from /root/Documents/airflowalu/venv/lib/python3.9/site-packages/airflow/example_dags/example_sla_dag.py
[2025-05-02 17:01:59,155] {logging_mixin.py:115} INFO - [2025-05-02 17:01:59,155] {dag.py:2379} INFO - Sync 1 DAGs
[2025-05-02 17:01:59,164] {logging_mixin.py:115} INFO - [2025-05-02 17:01:59,164] {dag.py:2927} INFO - Setting next_dagrun for example_sla_dag to 2025-05-02T19:58:00+00:00, run_after=2025-05-02T20:00:00+00:00
[2025-05-02 17:01:59,174] {processor.py:161} INFO - Processing /root/Documents/airflowalu/venv/lib/python3.9/site-packages/airflow/example_dags/example_sla_dag.py took 0.040 seconds
[2025-05-02 17:02:31,145] {processor.py:153} INFO - Started process (PID=6180) to work on /root/Documents/airflowalu/venv/lib/python3.9/site-packages/airflow/example_dags/example_sla_dag.py
[2025-05-02 17:02:31,146] {processor.py:641} INFO - Processing file /root/Documents/airflowalu/venv/lib/python3.9/site-packages/airflow/example_dags/example_sla_dag.py for tasks to queue
[2025-05-02 17:02:31,146] {logging_mixin.py:115} INFO - [2025-05-02 17:02:31,146] {dagbag.py:507} INFO - Filling up the DagBag from /root/Documents/airflowalu/venv/lib/python3.9/site-packages/airflow/example_dags/example_sla_dag.py
[2025-05-02 17:02:31,158] {processor.py:651} INFO - DAG(s) dict_keys(['example_sla_dag']) retrieved from /root/Documents/airflowalu/venv/lib/python3.9/site-packages/airflow/example_dags/example_sla_dag.py
[2025-05-02 17:02:31,170] {logging_mixin.py:115} INFO - [2025-05-02 17:02:31,170] {dag.py:2379} INFO - Sync 1 DAGs
[2025-05-02 17:02:31,180] {logging_mixin.py:115} INFO - [2025-05-02 17:02:31,180] {dag.py:2927} INFO - Setting next_dagrun for example_sla_dag to 2025-05-02T20:00:00+00:00, run_after=2025-05-02T20:02:00+00:00
[2025-05-02 17:02:31,191] {processor.py:161} INFO - Processing /root/Documents/airflowalu/venv/lib/python3.9/site-packages/airflow/example_dags/example_sla_dag.py took 0.048 seconds
[2025-05-02 17:03:03,294] {processor.py:153} INFO - Started process (PID=6320) to work on /root/Documents/airflowalu/venv/lib/python3.9/site-packages/airflow/example_dags/example_sla_dag.py
[2025-05-02 17:03:03,295] {processor.py:641} INFO - Processing file /root/Documents/airflowalu/venv/lib/python3.9/site-packages/airflow/example_dags/example_sla_dag.py for tasks to queue
[2025-05-02 17:03:03,295] {logging_mixin.py:115} INFO - [2025-05-02 17:03:03,295] {dagbag.py:507} INFO - Filling up the DagBag from /root/Documents/airflowalu/venv/lib/python3.9/site-packages/airflow/example_dags/example_sla_dag.py
[2025-05-02 17:03:03,305] {processor.py:651} INFO - DAG(s) dict_keys(['example_sla_dag']) retrieved from /root/Documents/airflowalu/venv/lib/python3.9/site-packages/airflow/example_dags/example_sla_dag.py
[2025-05-02 17:03:03,315] {logging_mixin.py:115} INFO - [2025-05-02 17:03:03,315] {dag.py:2379} INFO - Sync 1 DAGs
[2025-05-02 17:03:03,326] {logging_mixin.py:115} INFO - [2025-05-02 17:03:03,325] {dag.py:2927} INFO - Setting next_dagrun for example_sla_dag to 2025-05-02T20:00:00+00:00, run_after=2025-05-02T20:02:00+00:00
[2025-05-02 17:03:03,337] {processor.py:161} INFO - Processing /root/Documents/airflowalu/venv/lib/python3.9/site-packages/airflow/example_dags/example_sla_dag.py took 0.045 seconds
[2025-05-02 17:03:36,547] {processor.py:153} INFO - Started process (PID=6463) to work on /root/Documents/airflowalu/venv/lib/python3.9/site-packages/airflow/example_dags/example_sla_dag.py
[2025-05-02 17:03:36,547] {processor.py:641} INFO - Processing file /root/Documents/airflowalu/venv/lib/python3.9/site-packages/airflow/example_dags/example_sla_dag.py for tasks to queue
[2025-05-02 17:03:36,548] {logging_mixin.py:115} INFO - [2025-05-02 17:03:36,548] {dagbag.py:507} INFO - Filling up the DagBag from /root/Documents/airflowalu/venv/lib/python3.9/site-packages/airflow/example_dags/example_sla_dag.py
[2025-05-02 17:03:36,557] {processor.py:651} INFO - DAG(s) dict_keys(['example_sla_dag']) retrieved from /root/Documents/airflowalu/venv/lib/python3.9/site-packages/airflow/example_dags/example_sla_dag.py
[2025-05-02 17:03:36,567] {logging_mixin.py:115} INFO - [2025-05-02 17:03:36,567] {dag.py:2379} INFO - Sync 1 DAGs
[2025-05-02 17:03:36,578] {logging_mixin.py:115} INFO - [2025-05-02 17:03:36,578] {dag.py:2927} INFO - Setting next_dagrun for example_sla_dag to 2025-05-02T20:00:00+00:00, run_after=2025-05-02T20:02:00+00:00
[2025-05-02 17:03:36,588] {processor.py:161} INFO - Processing /root/Documents/airflowalu/venv/lib/python3.9/site-packages/airflow/example_dags/example_sla_dag.py took 0.043 seconds
[2025-05-02 17:04:07,824] {processor.py:153} INFO - Started process (PID=6595) to work on /root/Documents/airflowalu/venv/lib/python3.9/site-packages/airflow/example_dags/example_sla_dag.py
[2025-05-02 17:04:07,825] {processor.py:641} INFO - Processing file /root/Documents/airflowalu/venv/lib/python3.9/site-packages/airflow/example_dags/example_sla_dag.py for tasks to queue
[2025-05-02 17:04:07,825] {logging_mixin.py:115} INFO - [2025-05-02 17:04:07,825] {dagbag.py:507} INFO - Filling up the DagBag from /root/Documents/airflowalu/venv/lib/python3.9/site-packages/airflow/example_dags/example_sla_dag.py
[2025-05-02 17:04:07,835] {processor.py:651} INFO - DAG(s) dict_keys(['example_sla_dag']) retrieved from /root/Documents/airflowalu/venv/lib/python3.9/site-packages/airflow/example_dags/example_sla_dag.py
[2025-05-02 17:04:07,845] {logging_mixin.py:115} INFO - [2025-05-02 17:04:07,845] {dag.py:2379} INFO - Sync 1 DAGs
[2025-05-02 17:04:07,857] {logging_mixin.py:115} INFO - [2025-05-02 17:04:07,857] {dag.py:2927} INFO - Setting next_dagrun for example_sla_dag to 2025-05-02T20:02:00+00:00, run_after=2025-05-02T20:04:00+00:00
[2025-05-02 17:04:07,869] {processor.py:161} INFO - Processing /root/Documents/airflowalu/venv/lib/python3.9/site-packages/airflow/example_dags/example_sla_dag.py took 0.046 seconds
[2025-05-02 17:04:39,611] {processor.py:153} INFO - Started process (PID=6728) to work on /root/Documents/airflowalu/venv/lib/python3.9/site-packages/airflow/example_dags/example_sla_dag.py
[2025-05-02 17:04:39,611] {processor.py:641} INFO - Processing file /root/Documents/airflowalu/venv/lib/python3.9/site-packages/airflow/example_dags/example_sla_dag.py for tasks to queue
[2025-05-02 17:04:39,611] {logging_mixin.py:115} INFO - [2025-05-02 17:04:39,611] {dagbag.py:507} INFO - Filling up the DagBag from /root/Documents/airflowalu/venv/lib/python3.9/site-packages/airflow/example_dags/example_sla_dag.py
[2025-05-02 17:04:39,621] {processor.py:651} INFO - DAG(s) dict_keys(['example_sla_dag']) retrieved from /root/Documents/airflowalu/venv/lib/python3.9/site-packages/airflow/example_dags/example_sla_dag.py
[2025-05-02 17:04:39,633] {logging_mixin.py:115} INFO - [2025-05-02 17:04:39,633] {dag.py:2379} INFO - Sync 1 DAGs
[2025-05-02 17:04:39,645] {logging_mixin.py:115} INFO - [2025-05-02 17:04:39,645] {dag.py:2927} INFO - Setting next_dagrun for example_sla_dag to 2025-05-02T20:02:00+00:00, run_after=2025-05-02T20:04:00+00:00
[2025-05-02 17:04:39,655] {processor.py:161} INFO - Processing /root/Documents/airflowalu/venv/lib/python3.9/site-packages/airflow/example_dags/example_sla_dag.py took 0.046 seconds
[2025-05-02 17:05:12,292] {processor.py:153} INFO - Started process (PID=6869) to work on /root/Documents/airflowalu/venv/lib/python3.9/site-packages/airflow/example_dags/example_sla_dag.py
[2025-05-02 17:05:12,292] {processor.py:641} INFO - Processing file /root/Documents/airflowalu/venv/lib/python3.9/site-packages/airflow/example_dags/example_sla_dag.py for tasks to queue
[2025-05-02 17:05:12,292] {logging_mixin.py:115} INFO - [2025-05-02 17:05:12,292] {dagbag.py:507} INFO - Filling up the DagBag from /root/Documents/airflowalu/venv/lib/python3.9/site-packages/airflow/example_dags/example_sla_dag.py
[2025-05-02 17:05:12,302] {processor.py:651} INFO - DAG(s) dict_keys(['example_sla_dag']) retrieved from /root/Documents/airflowalu/venv/lib/python3.9/site-packages/airflow/example_dags/example_sla_dag.py
[2025-05-02 17:05:12,313] {logging_mixin.py:115} INFO - [2025-05-02 17:05:12,313] {dag.py:2379} INFO - Sync 1 DAGs
[2025-05-02 17:05:12,326] {logging_mixin.py:115} INFO - [2025-05-02 17:05:12,326] {dag.py:2927} INFO - Setting next_dagrun for example_sla_dag to 2025-05-02T20:02:00+00:00, run_after=2025-05-02T20:04:00+00:00
[2025-05-02 17:05:12,336] {processor.py:161} INFO - Processing /root/Documents/airflowalu/venv/lib/python3.9/site-packages/airflow/example_dags/example_sla_dag.py took 0.046 seconds
[2025-05-02 17:05:43,851] {processor.py:153} INFO - Started process (PID=7001) to work on /root/Documents/airflowalu/venv/lib/python3.9/site-packages/airflow/example_dags/example_sla_dag.py
[2025-05-02 17:05:43,852] {processor.py:641} INFO - Processing file /root/Documents/airflowalu/venv/lib/python3.9/site-packages/airflow/example_dags/example_sla_dag.py for tasks to queue
[2025-05-02 17:05:43,852] {logging_mixin.py:115} INFO - [2025-05-02 17:05:43,852] {dagbag.py:507} INFO - Filling up the DagBag from /root/Documents/airflowalu/venv/lib/python3.9/site-packages/airflow/example_dags/example_sla_dag.py
[2025-05-02 17:05:43,863] {processor.py:651} INFO - DAG(s) dict_keys(['example_sla_dag']) retrieved from /root/Documents/airflowalu/venv/lib/python3.9/site-packages/airflow/example_dags/example_sla_dag.py
[2025-05-02 17:05:43,875] {logging_mixin.py:115} INFO - [2025-05-02 17:05:43,874] {dag.py:2379} INFO - Sync 1 DAGs
[2025-05-02 17:05:43,888] {logging_mixin.py:115} INFO - [2025-05-02 17:05:43,887] {dag.py:2927} INFO - Setting next_dagrun for example_sla_dag to 2025-05-02T20:02:00+00:00, run_after=2025-05-02T20:04:00+00:00
[2025-05-02 17:05:43,899] {processor.py:161} INFO - Processing /root/Documents/airflowalu/venv/lib/python3.9/site-packages/airflow/example_dags/example_sla_dag.py took 0.049 seconds
[2025-05-02 17:06:15,483] {processor.py:153} INFO - Started process (PID=7135) to work on /root/Documents/airflowalu/venv/lib/python3.9/site-packages/airflow/example_dags/example_sla_dag.py
[2025-05-02 17:06:15,483] {processor.py:641} INFO - Processing file /root/Documents/airflowalu/venv/lib/python3.9/site-packages/airflow/example_dags/example_sla_dag.py for tasks to queue
[2025-05-02 17:06:15,484] {logging_mixin.py:115} INFO - [2025-05-02 17:06:15,484] {dagbag.py:507} INFO - Filling up the DagBag from /root/Documents/airflowalu/venv/lib/python3.9/site-packages/airflow/example_dags/example_sla_dag.py
[2025-05-02 17:06:15,493] {processor.py:651} INFO - DAG(s) dict_keys(['example_sla_dag']) retrieved from /root/Documents/airflowalu/venv/lib/python3.9/site-packages/airflow/example_dags/example_sla_dag.py
[2025-05-02 17:06:15,504] {logging_mixin.py:115} INFO - [2025-05-02 17:06:15,503] {dag.py:2379} INFO - Sync 1 DAGs
[2025-05-02 17:06:15,515] {logging_mixin.py:115} INFO - [2025-05-02 17:06:15,514] {dag.py:2927} INFO - Setting next_dagrun for example_sla_dag to 2025-05-02T20:04:00+00:00, run_after=2025-05-02T20:06:00+00:00
[2025-05-02 17:06:15,526] {processor.py:161} INFO - Processing /root/Documents/airflowalu/venv/lib/python3.9/site-packages/airflow/example_dags/example_sla_dag.py took 0.045 seconds
[2025-05-02 17:06:46,440] {processor.py:153} INFO - Started process (PID=7266) to work on /root/Documents/airflowalu/venv/lib/python3.9/site-packages/airflow/example_dags/example_sla_dag.py
[2025-05-02 17:06:46,440] {processor.py:641} INFO - Processing file /root/Documents/airflowalu/venv/lib/python3.9/site-packages/airflow/example_dags/example_sla_dag.py for tasks to queue
[2025-05-02 17:06:46,441] {logging_mixin.py:115} INFO - [2025-05-02 17:06:46,441] {dagbag.py:507} INFO - Filling up the DagBag from /root/Documents/airflowalu/venv/lib/python3.9/site-packages/airflow/example_dags/example_sla_dag.py
[2025-05-02 17:06:46,455] {processor.py:651} INFO - DAG(s) dict_keys(['example_sla_dag']) retrieved from /root/Documents/airflowalu/venv/lib/python3.9/site-packages/airflow/example_dags/example_sla_dag.py
[2025-05-02 17:06:46,466] {logging_mixin.py:115} INFO - [2025-05-02 17:06:46,466] {dag.py:2379} INFO - Sync 1 DAGs
[2025-05-02 17:06:46,479] {logging_mixin.py:115} INFO - [2025-05-02 17:06:46,479] {dag.py:2927} INFO - Setting next_dagrun for example_sla_dag to 2025-05-02T20:04:00+00:00, run_after=2025-05-02T20:06:00+00:00
[2025-05-02 17:06:46,490] {processor.py:161} INFO - Processing /root/Documents/airflowalu/venv/lib/python3.9/site-packages/airflow/example_dags/example_sla_dag.py took 0.053 seconds
[2025-05-02 17:07:18,515] {processor.py:153} INFO - Started process (PID=7407) to work on /root/Documents/airflowalu/venv/lib/python3.9/site-packages/airflow/example_dags/example_sla_dag.py
[2025-05-02 17:07:18,516] {processor.py:641} INFO - Processing file /root/Documents/airflowalu/venv/lib/python3.9/site-packages/airflow/example_dags/example_sla_dag.py for tasks to queue
[2025-05-02 17:07:18,516] {logging_mixin.py:115} INFO - [2025-05-02 17:07:18,516] {dagbag.py:507} INFO - Filling up the DagBag from /root/Documents/airflowalu/venv/lib/python3.9/site-packages/airflow/example_dags/example_sla_dag.py
[2025-05-02 17:07:18,526] {processor.py:651} INFO - DAG(s) dict_keys(['example_sla_dag']) retrieved from /root/Documents/airflowalu/venv/lib/python3.9/site-packages/airflow/example_dags/example_sla_dag.py
[2025-05-02 17:07:18,536] {logging_mixin.py:115} INFO - [2025-05-02 17:07:18,536] {dag.py:2379} INFO - Sync 1 DAGs
[2025-05-02 17:07:18,547] {logging_mixin.py:115} INFO - [2025-05-02 17:07:18,547] {dag.py:2927} INFO - Setting next_dagrun for example_sla_dag to 2025-05-02T20:04:00+00:00, run_after=2025-05-02T20:06:00+00:00
[2025-05-02 17:07:18,557] {processor.py:161} INFO - Processing /root/Documents/airflowalu/venv/lib/python3.9/site-packages/airflow/example_dags/example_sla_dag.py took 0.043 seconds
[2025-05-02 17:07:51,532] {processor.py:153} INFO - Started process (PID=7544) to work on /root/Documents/airflowalu/venv/lib/python3.9/site-packages/airflow/example_dags/example_sla_dag.py
[2025-05-02 17:07:51,532] {processor.py:641} INFO - Processing file /root/Documents/airflowalu/venv/lib/python3.9/site-packages/airflow/example_dags/example_sla_dag.py for tasks to queue
[2025-05-02 17:07:51,532] {logging_mixin.py:115} INFO - [2025-05-02 17:07:51,532] {dagbag.py:507} INFO - Filling up the DagBag from /root/Documents/airflowalu/venv/lib/python3.9/site-packages/airflow/example_dags/example_sla_dag.py
[2025-05-02 17:07:51,544] {processor.py:651} INFO - DAG(s) dict_keys(['example_sla_dag']) retrieved from /root/Documents/airflowalu/venv/lib/python3.9/site-packages/airflow/example_dags/example_sla_dag.py
[2025-05-02 17:07:51,552] {logging_mixin.py:115} INFO - [2025-05-02 17:07:51,552] {dag.py:2379} INFO - Sync 1 DAGs
[2025-05-02 17:07:51,563] {logging_mixin.py:115} INFO - [2025-05-02 17:07:51,562] {dag.py:2927} INFO - Setting next_dagrun for example_sla_dag to 2025-05-02T20:04:00+00:00, run_after=2025-05-02T20:06:00+00:00
[2025-05-02 17:07:51,573] {processor.py:161} INFO - Processing /root/Documents/airflowalu/venv/lib/python3.9/site-packages/airflow/example_dags/example_sla_dag.py took 0.043 seconds
[2025-05-02 17:08:23,278] {processor.py:153} INFO - Started process (PID=7678) to work on /root/Documents/airflowalu/venv/lib/python3.9/site-packages/airflow/example_dags/example_sla_dag.py
[2025-05-02 17:08:23,279] {processor.py:641} INFO - Processing file /root/Documents/airflowalu/venv/lib/python3.9/site-packages/airflow/example_dags/example_sla_dag.py for tasks to queue
[2025-05-02 17:08:23,280] {logging_mixin.py:115} INFO - [2025-05-02 17:08:23,279] {dagbag.py:507} INFO - Filling up the DagBag from /root/Documents/airflowalu/venv/lib/python3.9/site-packages/airflow/example_dags/example_sla_dag.py
[2025-05-02 17:08:23,291] {processor.py:651} INFO - DAG(s) dict_keys(['example_sla_dag']) retrieved from /root/Documents/airflowalu/venv/lib/python3.9/site-packages/airflow/example_dags/example_sla_dag.py
[2025-05-02 17:08:23,299] {logging_mixin.py:115} INFO - [2025-05-02 17:08:23,299] {dag.py:2379} INFO - Sync 1 DAGs
[2025-05-02 17:08:23,310] {logging_mixin.py:115} INFO - [2025-05-02 17:08:23,310] {dag.py:2927} INFO - Setting next_dagrun for example_sla_dag to 2025-05-02T20:06:00+00:00, run_after=2025-05-02T20:08:00+00:00
[2025-05-02 17:08:23,320] {processor.py:161} INFO - Processing /root/Documents/airflowalu/venv/lib/python3.9/site-packages/airflow/example_dags/example_sla_dag.py took 0.043 seconds
[2025-05-02 17:08:54,414] {processor.py:153} INFO - Started process (PID=7818) to work on /root/Documents/airflowalu/venv/lib/python3.9/site-packages/airflow/example_dags/example_sla_dag.py
[2025-05-02 17:08:54,415] {processor.py:641} INFO - Processing file /root/Documents/airflowalu/venv/lib/python3.9/site-packages/airflow/example_dags/example_sla_dag.py for tasks to queue
[2025-05-02 17:08:54,415] {logging_mixin.py:115} INFO - [2025-05-02 17:08:54,415] {dagbag.py:507} INFO - Filling up the DagBag from /root/Documents/airflowalu/venv/lib/python3.9/site-packages/airflow/example_dags/example_sla_dag.py
[2025-05-02 17:08:54,429] {processor.py:651} INFO - DAG(s) dict_keys(['example_sla_dag']) retrieved from /root/Documents/airflowalu/venv/lib/python3.9/site-packages/airflow/example_dags/example_sla_dag.py
[2025-05-02 17:08:54,441] {logging_mixin.py:115} INFO - [2025-05-02 17:08:54,441] {dag.py:2379} INFO - Sync 1 DAGs
[2025-05-02 17:08:54,453] {logging_mixin.py:115} INFO - [2025-05-02 17:08:54,453] {dag.py:2927} INFO - Setting next_dagrun for example_sla_dag to 2025-05-02T20:06:00+00:00, run_after=2025-05-02T20:08:00+00:00
[2025-05-02 17:08:54,466] {processor.py:161} INFO - Processing /root/Documents/airflowalu/venv/lib/python3.9/site-packages/airflow/example_dags/example_sla_dag.py took 0.054 seconds
[2025-05-02 17:09:26,470] {processor.py:153} INFO - Started process (PID=7957) to work on /root/Documents/airflowalu/venv/lib/python3.9/site-packages/airflow/example_dags/example_sla_dag.py
[2025-05-02 17:09:26,470] {processor.py:641} INFO - Processing file /root/Documents/airflowalu/venv/lib/python3.9/site-packages/airflow/example_dags/example_sla_dag.py for tasks to queue
[2025-05-02 17:09:26,471] {logging_mixin.py:115} INFO - [2025-05-02 17:09:26,471] {dagbag.py:507} INFO - Filling up the DagBag from /root/Documents/airflowalu/venv/lib/python3.9/site-packages/airflow/example_dags/example_sla_dag.py
[2025-05-02 17:09:26,482] {processor.py:651} INFO - DAG(s) dict_keys(['example_sla_dag']) retrieved from /root/Documents/airflowalu/venv/lib/python3.9/site-packages/airflow/example_dags/example_sla_dag.py
[2025-05-02 17:09:26,489] {logging_mixin.py:115} INFO - [2025-05-02 17:09:26,489] {dag.py:2379} INFO - Sync 1 DAGs
[2025-05-02 17:09:26,500] {logging_mixin.py:115} INFO - [2025-05-02 17:09:26,500] {dag.py:2927} INFO - Setting next_dagrun for example_sla_dag to 2025-05-02T20:06:00+00:00, run_after=2025-05-02T20:08:00+00:00
[2025-05-02 17:09:26,510] {processor.py:161} INFO - Processing /root/Documents/airflowalu/venv/lib/python3.9/site-packages/airflow/example_dags/example_sla_dag.py took 0.042 seconds
[2025-05-02 17:09:58,412] {processor.py:153} INFO - Started process (PID=8088) to work on /root/Documents/airflowalu/venv/lib/python3.9/site-packages/airflow/example_dags/example_sla_dag.py
[2025-05-02 17:09:58,413] {processor.py:641} INFO - Processing file /root/Documents/airflowalu/venv/lib/python3.9/site-packages/airflow/example_dags/example_sla_dag.py for tasks to queue
[2025-05-02 17:09:58,414] {logging_mixin.py:115} INFO - [2025-05-02 17:09:58,414] {dagbag.py:507} INFO - Filling up the DagBag from /root/Documents/airflowalu/venv/lib/python3.9/site-packages/airflow/example_dags/example_sla_dag.py
[2025-05-02 17:09:58,425] {processor.py:651} INFO - DAG(s) dict_keys(['example_sla_dag']) retrieved from /root/Documents/airflowalu/venv/lib/python3.9/site-packages/airflow/example_dags/example_sla_dag.py
[2025-05-02 17:09:58,432] {logging_mixin.py:115} INFO - [2025-05-02 17:09:58,432] {dag.py:2379} INFO - Sync 1 DAGs
[2025-05-02 17:09:58,442] {logging_mixin.py:115} INFO - [2025-05-02 17:09:58,442] {dag.py:2927} INFO - Setting next_dagrun for example_sla_dag to 2025-05-02T20:06:00+00:00, run_after=2025-05-02T20:08:00+00:00
[2025-05-02 17:09:58,453] {processor.py:161} INFO - Processing /root/Documents/airflowalu/venv/lib/python3.9/site-packages/airflow/example_dags/example_sla_dag.py took 0.042 seconds
[2025-05-02 17:10:30,728] {processor.py:153} INFO - Started process (PID=8227) to work on /root/Documents/airflowalu/venv/lib/python3.9/site-packages/airflow/example_dags/example_sla_dag.py
[2025-05-02 17:10:30,728] {processor.py:641} INFO - Processing file /root/Documents/airflowalu/venv/lib/python3.9/site-packages/airflow/example_dags/example_sla_dag.py for tasks to queue
[2025-05-02 17:10:30,728] {logging_mixin.py:115} INFO - [2025-05-02 17:10:30,728] {dagbag.py:507} INFO - Filling up the DagBag from /root/Documents/airflowalu/venv/lib/python3.9/site-packages/airflow/example_dags/example_sla_dag.py
[2025-05-02 17:10:30,740] {processor.py:651} INFO - DAG(s) dict_keys(['example_sla_dag']) retrieved from /root/Documents/airflowalu/venv/lib/python3.9/site-packages/airflow/example_dags/example_sla_dag.py
[2025-05-02 17:10:30,748] {logging_mixin.py:115} INFO - [2025-05-02 17:10:30,748] {dag.py:2379} INFO - Sync 1 DAGs
[2025-05-02 17:10:30,759] {logging_mixin.py:115} INFO - [2025-05-02 17:10:30,759] {dag.py:2927} INFO - Setting next_dagrun for example_sla_dag to 2025-05-02T20:08:00+00:00, run_after=2025-05-02T20:10:00+00:00
[2025-05-02 17:10:30,770] {processor.py:161} INFO - Processing /root/Documents/airflowalu/venv/lib/python3.9/site-packages/airflow/example_dags/example_sla_dag.py took 0.044 seconds
[2025-05-02 17:11:01,697] {processor.py:153} INFO - Started process (PID=8366) to work on /root/Documents/airflowalu/venv/lib/python3.9/site-packages/airflow/example_dags/example_sla_dag.py
[2025-05-02 17:11:01,698] {processor.py:641} INFO - Processing file /root/Documents/airflowalu/venv/lib/python3.9/site-packages/airflow/example_dags/example_sla_dag.py for tasks to queue
[2025-05-02 17:11:01,698] {logging_mixin.py:115} INFO - [2025-05-02 17:11:01,698] {dagbag.py:507} INFO - Filling up the DagBag from /root/Documents/airflowalu/venv/lib/python3.9/site-packages/airflow/example_dags/example_sla_dag.py
[2025-05-02 17:11:01,709] {processor.py:651} INFO - DAG(s) dict_keys(['example_sla_dag']) retrieved from /root/Documents/airflowalu/venv/lib/python3.9/site-packages/airflow/example_dags/example_sla_dag.py
[2025-05-02 17:11:01,717] {logging_mixin.py:115} INFO - [2025-05-02 17:11:01,716] {dag.py:2379} INFO - Sync 1 DAGs
[2025-05-02 17:11:01,726] {logging_mixin.py:115} INFO - [2025-05-02 17:11:01,726] {dag.py:2927} INFO - Setting next_dagrun for example_sla_dag to 2025-05-02T20:08:00+00:00, run_after=2025-05-02T20:10:00+00:00
[2025-05-02 17:11:01,736] {processor.py:161} INFO - Processing /root/Documents/airflowalu/venv/lib/python3.9/site-packages/airflow/example_dags/example_sla_dag.py took 0.040 seconds
[2025-05-02 17:11:32,658] {processor.py:153} INFO - Started process (PID=8502) to work on /root/Documents/airflowalu/venv/lib/python3.9/site-packages/airflow/example_dags/example_sla_dag.py
[2025-05-02 17:11:32,659] {processor.py:641} INFO - Processing file /root/Documents/airflowalu/venv/lib/python3.9/site-packages/airflow/example_dags/example_sla_dag.py for tasks to queue
[2025-05-02 17:11:32,660] {logging_mixin.py:115} INFO - [2025-05-02 17:11:32,660] {dagbag.py:507} INFO - Filling up the DagBag from /root/Documents/airflowalu/venv/lib/python3.9/site-packages/airflow/example_dags/example_sla_dag.py
[2025-05-02 17:11:32,678] {processor.py:651} INFO - DAG(s) dict_keys(['example_sla_dag']) retrieved from /root/Documents/airflowalu/venv/lib/python3.9/site-packages/airflow/example_dags/example_sla_dag.py
[2025-05-02 17:11:32,690] {logging_mixin.py:115} INFO - [2025-05-02 17:11:32,690] {dag.py:2379} INFO - Sync 1 DAGs
[2025-05-02 17:11:32,708] {logging_mixin.py:115} INFO - [2025-05-02 17:11:32,708] {dag.py:2927} INFO - Setting next_dagrun for example_sla_dag to 2025-05-02T20:08:00+00:00, run_after=2025-05-02T20:10:00+00:00
[2025-05-02 17:11:32,721] {processor.py:161} INFO - Processing /root/Documents/airflowalu/venv/lib/python3.9/site-packages/airflow/example_dags/example_sla_dag.py took 0.065 seconds
[2025-05-02 17:12:04,850] {processor.py:153} INFO - Started process (PID=8641) to work on /root/Documents/airflowalu/venv/lib/python3.9/site-packages/airflow/example_dags/example_sla_dag.py
[2025-05-02 17:12:04,851] {processor.py:641} INFO - Processing file /root/Documents/airflowalu/venv/lib/python3.9/site-packages/airflow/example_dags/example_sla_dag.py for tasks to queue
[2025-05-02 17:12:04,851] {logging_mixin.py:115} INFO - [2025-05-02 17:12:04,851] {dagbag.py:507} INFO - Filling up the DagBag from /root/Documents/airflowalu/venv/lib/python3.9/site-packages/airflow/example_dags/example_sla_dag.py
[2025-05-02 17:12:04,864] {processor.py:651} INFO - DAG(s) dict_keys(['example_sla_dag']) retrieved from /root/Documents/airflowalu/venv/lib/python3.9/site-packages/airflow/example_dags/example_sla_dag.py
[2025-05-02 17:12:04,873] {logging_mixin.py:115} INFO - [2025-05-02 17:12:04,873] {dag.py:2379} INFO - Sync 1 DAGs
[2025-05-02 17:12:04,884] {logging_mixin.py:115} INFO - [2025-05-02 17:12:04,884] {dag.py:2927} INFO - Setting next_dagrun for example_sla_dag to 2025-05-02T20:10:00+00:00, run_after=2025-05-02T20:12:00+00:00
[2025-05-02 17:12:04,896] {processor.py:161} INFO - Processing /root/Documents/airflowalu/venv/lib/python3.9/site-packages/airflow/example_dags/example_sla_dag.py took 0.048 seconds
[2025-05-02 17:12:36,172] {processor.py:153} INFO - Started process (PID=8782) to work on /root/Documents/airflowalu/venv/lib/python3.9/site-packages/airflow/example_dags/example_sla_dag.py
[2025-05-02 17:12:36,173] {processor.py:641} INFO - Processing file /root/Documents/airflowalu/venv/lib/python3.9/site-packages/airflow/example_dags/example_sla_dag.py for tasks to queue
[2025-05-02 17:12:36,173] {logging_mixin.py:115} INFO - [2025-05-02 17:12:36,173] {dagbag.py:507} INFO - Filling up the DagBag from /root/Documents/airflowalu/venv/lib/python3.9/site-packages/airflow/example_dags/example_sla_dag.py
[2025-05-02 17:12:36,189] {processor.py:651} INFO - DAG(s) dict_keys(['example_sla_dag']) retrieved from /root/Documents/airflowalu/venv/lib/python3.9/site-packages/airflow/example_dags/example_sla_dag.py
[2025-05-02 17:12:36,201] {logging_mixin.py:115} INFO - [2025-05-02 17:12:36,201] {dag.py:2379} INFO - Sync 1 DAGs
[2025-05-02 17:12:36,214] {logging_mixin.py:115} INFO - [2025-05-02 17:12:36,214] {dag.py:2927} INFO - Setting next_dagrun for example_sla_dag to 2025-05-02T20:10:00+00:00, run_after=2025-05-02T20:12:00+00:00
[2025-05-02 17:12:36,226] {processor.py:161} INFO - Processing /root/Documents/airflowalu/venv/lib/python3.9/site-packages/airflow/example_dags/example_sla_dag.py took 0.057 seconds
[2025-05-02 17:13:08,257] {processor.py:153} INFO - Started process (PID=8924) to work on /root/Documents/airflowalu/venv/lib/python3.9/site-packages/airflow/example_dags/example_sla_dag.py
[2025-05-02 17:13:08,258] {processor.py:641} INFO - Processing file /root/Documents/airflowalu/venv/lib/python3.9/site-packages/airflow/example_dags/example_sla_dag.py for tasks to queue
[2025-05-02 17:13:08,258] {logging_mixin.py:115} INFO - [2025-05-02 17:13:08,258] {dagbag.py:507} INFO - Filling up the DagBag from /root/Documents/airflowalu/venv/lib/python3.9/site-packages/airflow/example_dags/example_sla_dag.py
[2025-05-02 17:13:08,270] {processor.py:651} INFO - DAG(s) dict_keys(['example_sla_dag']) retrieved from /root/Documents/airflowalu/venv/lib/python3.9/site-packages/airflow/example_dags/example_sla_dag.py
[2025-05-02 17:13:08,278] {logging_mixin.py:115} INFO - [2025-05-02 17:13:08,278] {dag.py:2379} INFO - Sync 1 DAGs
[2025-05-02 17:13:08,288] {logging_mixin.py:115} INFO - [2025-05-02 17:13:08,288] {dag.py:2927} INFO - Setting next_dagrun for example_sla_dag to 2025-05-02T20:10:00+00:00, run_after=2025-05-02T20:12:00+00:00
[2025-05-02 17:13:08,298] {processor.py:161} INFO - Processing /root/Documents/airflowalu/venv/lib/python3.9/site-packages/airflow/example_dags/example_sla_dag.py took 0.042 seconds
[2025-05-02 17:13:38,640] {processor.py:153} INFO - Started process (PID=9056) to work on /root/Documents/airflowalu/venv/lib/python3.9/site-packages/airflow/example_dags/example_sla_dag.py
[2025-05-02 17:13:38,641] {processor.py:641} INFO - Processing file /root/Documents/airflowalu/venv/lib/python3.9/site-packages/airflow/example_dags/example_sla_dag.py for tasks to queue
[2025-05-02 17:13:38,641] {logging_mixin.py:115} INFO - [2025-05-02 17:13:38,641] {dagbag.py:507} INFO - Filling up the DagBag from /root/Documents/airflowalu/venv/lib/python3.9/site-packages/airflow/example_dags/example_sla_dag.py
[2025-05-02 17:13:38,652] {processor.py:651} INFO - DAG(s) dict_keys(['example_sla_dag']) retrieved from /root/Documents/airflowalu/venv/lib/python3.9/site-packages/airflow/example_dags/example_sla_dag.py
[2025-05-02 17:13:38,660] {logging_mixin.py:115} INFO - [2025-05-02 17:13:38,660] {dag.py:2379} INFO - Sync 1 DAGs
[2025-05-02 17:13:38,674] {logging_mixin.py:115} INFO - [2025-05-02 17:13:38,674] {dag.py:2927} INFO - Setting next_dagrun for example_sla_dag to 2025-05-02T20:10:00+00:00, run_after=2025-05-02T20:12:00+00:00
[2025-05-02 17:13:38,686] {processor.py:161} INFO - Processing /root/Documents/airflowalu/venv/lib/python3.9/site-packages/airflow/example_dags/example_sla_dag.py took 0.048 seconds
[2025-05-02 17:14:10,735] {processor.py:153} INFO - Started process (PID=9189) to work on /root/Documents/airflowalu/venv/lib/python3.9/site-packages/airflow/example_dags/example_sla_dag.py
[2025-05-02 17:14:10,735] {processor.py:641} INFO - Processing file /root/Documents/airflowalu/venv/lib/python3.9/site-packages/airflow/example_dags/example_sla_dag.py for tasks to queue
[2025-05-02 17:14:10,736] {logging_mixin.py:115} INFO - [2025-05-02 17:14:10,736] {dagbag.py:507} INFO - Filling up the DagBag from /root/Documents/airflowalu/venv/lib/python3.9/site-packages/airflow/example_dags/example_sla_dag.py
[2025-05-02 17:14:10,747] {processor.py:651} INFO - DAG(s) dict_keys(['example_sla_dag']) retrieved from /root/Documents/airflowalu/venv/lib/python3.9/site-packages/airflow/example_dags/example_sla_dag.py
[2025-05-02 17:14:10,755] {logging_mixin.py:115} INFO - [2025-05-02 17:14:10,755] {dag.py:2379} INFO - Sync 1 DAGs
[2025-05-02 17:14:10,765] {logging_mixin.py:115} INFO - [2025-05-02 17:14:10,765] {dag.py:2927} INFO - Setting next_dagrun for example_sla_dag to 2025-05-02T20:12:00+00:00, run_after=2025-05-02T20:14:00+00:00
[2025-05-02 17:14:10,776] {processor.py:161} INFO - Processing /root/Documents/airflowalu/venv/lib/python3.9/site-packages/airflow/example_dags/example_sla_dag.py took 0.042 seconds
[2025-05-02 17:14:41,147] {processor.py:153} INFO - Started process (PID=9320) to work on /root/Documents/airflowalu/venv/lib/python3.9/site-packages/airflow/example_dags/example_sla_dag.py
[2025-05-02 17:14:41,148] {processor.py:641} INFO - Processing file /root/Documents/airflowalu/venv/lib/python3.9/site-packages/airflow/example_dags/example_sla_dag.py for tasks to queue
[2025-05-02 17:14:41,148] {logging_mixin.py:115} INFO - [2025-05-02 17:14:41,148] {dagbag.py:507} INFO - Filling up the DagBag from /root/Documents/airflowalu/venv/lib/python3.9/site-packages/airflow/example_dags/example_sla_dag.py
[2025-05-02 17:14:41,159] {processor.py:651} INFO - DAG(s) dict_keys(['example_sla_dag']) retrieved from /root/Documents/airflowalu/venv/lib/python3.9/site-packages/airflow/example_dags/example_sla_dag.py
[2025-05-02 17:14:41,169] {logging_mixin.py:115} INFO - [2025-05-02 17:14:41,169] {dag.py:2379} INFO - Sync 1 DAGs
[2025-05-02 17:14:41,182] {logging_mixin.py:115} INFO - [2025-05-02 17:14:41,182] {dag.py:2927} INFO - Setting next_dagrun for example_sla_dag to 2025-05-02T20:12:00+00:00, run_after=2025-05-02T20:14:00+00:00
[2025-05-02 17:14:41,192] {processor.py:161} INFO - Processing /root/Documents/airflowalu/venv/lib/python3.9/site-packages/airflow/example_dags/example_sla_dag.py took 0.046 seconds
[2025-05-02 17:15:11,453] {processor.py:153} INFO - Started process (PID=9452) to work on /root/Documents/airflowalu/venv/lib/python3.9/site-packages/airflow/example_dags/example_sla_dag.py
[2025-05-02 17:15:11,454] {processor.py:641} INFO - Processing file /root/Documents/airflowalu/venv/lib/python3.9/site-packages/airflow/example_dags/example_sla_dag.py for tasks to queue
[2025-05-02 17:15:11,454] {logging_mixin.py:115} INFO - [2025-05-02 17:15:11,454] {dagbag.py:507} INFO - Filling up the DagBag from /root/Documents/airflowalu/venv/lib/python3.9/site-packages/airflow/example_dags/example_sla_dag.py
[2025-05-02 17:15:11,468] {processor.py:651} INFO - DAG(s) dict_keys(['example_sla_dag']) retrieved from /root/Documents/airflowalu/venv/lib/python3.9/site-packages/airflow/example_dags/example_sla_dag.py
[2025-05-02 17:15:11,479] {logging_mixin.py:115} INFO - [2025-05-02 17:15:11,478] {dag.py:2379} INFO - Sync 1 DAGs
[2025-05-02 17:15:11,491] {logging_mixin.py:115} INFO - [2025-05-02 17:15:11,490] {dag.py:2927} INFO - Setting next_dagrun for example_sla_dag to 2025-05-02T20:12:00+00:00, run_after=2025-05-02T20:14:00+00:00
[2025-05-02 17:15:11,501] {processor.py:161} INFO - Processing /root/Documents/airflowalu/venv/lib/python3.9/site-packages/airflow/example_dags/example_sla_dag.py took 0.049 seconds
[2025-05-02 17:15:43,495] {processor.py:153} INFO - Started process (PID=9583) to work on /root/Documents/airflowalu/venv/lib/python3.9/site-packages/airflow/example_dags/example_sla_dag.py
[2025-05-02 17:15:43,496] {processor.py:641} INFO - Processing file /root/Documents/airflowalu/venv/lib/python3.9/site-packages/airflow/example_dags/example_sla_dag.py for tasks to queue
[2025-05-02 17:15:43,496] {logging_mixin.py:115} INFO - [2025-05-02 17:15:43,496] {dagbag.py:507} INFO - Filling up the DagBag from /root/Documents/airflowalu/venv/lib/python3.9/site-packages/airflow/example_dags/example_sla_dag.py
[2025-05-02 17:15:43,507] {processor.py:651} INFO - DAG(s) dict_keys(['example_sla_dag']) retrieved from /root/Documents/airflowalu/venv/lib/python3.9/site-packages/airflow/example_dags/example_sla_dag.py
[2025-05-02 17:15:43,515] {logging_mixin.py:115} INFO - [2025-05-02 17:15:43,515] {dag.py:2379} INFO - Sync 1 DAGs
[2025-05-02 17:15:43,525] {logging_mixin.py:115} INFO - [2025-05-02 17:15:43,525] {dag.py:2927} INFO - Setting next_dagrun for example_sla_dag to 2025-05-02T20:12:00+00:00, run_after=2025-05-02T20:14:00+00:00
[2025-05-02 17:15:43,534] {processor.py:161} INFO - Processing /root/Documents/airflowalu/venv/lib/python3.9/site-packages/airflow/example_dags/example_sla_dag.py took 0.041 seconds
[2025-05-02 17:16:13,824] {processor.py:153} INFO - Started process (PID=9715) to work on /root/Documents/airflowalu/venv/lib/python3.9/site-packages/airflow/example_dags/example_sla_dag.py
[2025-05-02 17:16:13,825] {processor.py:641} INFO - Processing file /root/Documents/airflowalu/venv/lib/python3.9/site-packages/airflow/example_dags/example_sla_dag.py for tasks to queue
[2025-05-02 17:16:13,825] {logging_mixin.py:115} INFO - [2025-05-02 17:16:13,825] {dagbag.py:507} INFO - Filling up the DagBag from /root/Documents/airflowalu/venv/lib/python3.9/site-packages/airflow/example_dags/example_sla_dag.py
[2025-05-02 17:16:13,836] {processor.py:651} INFO - DAG(s) dict_keys(['example_sla_dag']) retrieved from /root/Documents/airflowalu/venv/lib/python3.9/site-packages/airflow/example_dags/example_sla_dag.py
[2025-05-02 17:16:13,844] {logging_mixin.py:115} INFO - [2025-05-02 17:16:13,844] {dag.py:2379} INFO - Sync 1 DAGs
[2025-05-02 17:16:13,854] {logging_mixin.py:115} INFO - [2025-05-02 17:16:13,854] {dag.py:2927} INFO - Setting next_dagrun for example_sla_dag to 2025-05-02T20:14:00+00:00, run_after=2025-05-02T20:16:00+00:00
[2025-05-02 17:16:13,865] {processor.py:161} INFO - Processing /root/Documents/airflowalu/venv/lib/python3.9/site-packages/airflow/example_dags/example_sla_dag.py took 0.042 seconds
[2025-05-02 17:16:47,054] {processor.py:153} INFO - Started process (PID=9852) to work on /root/Documents/airflowalu/venv/lib/python3.9/site-packages/airflow/example_dags/example_sla_dag.py
[2025-05-02 17:16:47,055] {processor.py:641} INFO - Processing file /root/Documents/airflowalu/venv/lib/python3.9/site-packages/airflow/example_dags/example_sla_dag.py for tasks to queue
[2025-05-02 17:16:47,055] {logging_mixin.py:115} INFO - [2025-05-02 17:16:47,055] {dagbag.py:507} INFO - Filling up the DagBag from /root/Documents/airflowalu/venv/lib/python3.9/site-packages/airflow/example_dags/example_sla_dag.py
[2025-05-02 17:16:47,067] {processor.py:651} INFO - DAG(s) dict_keys(['example_sla_dag']) retrieved from /root/Documents/airflowalu/venv/lib/python3.9/site-packages/airflow/example_dags/example_sla_dag.py
[2025-05-02 17:16:47,076] {logging_mixin.py:115} INFO - [2025-05-02 17:16:47,076] {dag.py:2379} INFO - Sync 1 DAGs
[2025-05-02 17:16:47,087] {logging_mixin.py:115} INFO - [2025-05-02 17:16:47,087] {dag.py:2927} INFO - Setting next_dagrun for example_sla_dag to 2025-05-02T20:14:00+00:00, run_after=2025-05-02T20:16:00+00:00
[2025-05-02 17:16:47,099] {processor.py:161} INFO - Processing /root/Documents/airflowalu/venv/lib/python3.9/site-packages/airflow/example_dags/example_sla_dag.py took 0.046 seconds
[2025-05-02 17:17:17,946] {processor.py:153} INFO - Started process (PID=9988) to work on /root/Documents/airflowalu/venv/lib/python3.9/site-packages/airflow/example_dags/example_sla_dag.py
[2025-05-02 17:17:17,947] {processor.py:641} INFO - Processing file /root/Documents/airflowalu/venv/lib/python3.9/site-packages/airflow/example_dags/example_sla_dag.py for tasks to queue
[2025-05-02 17:17:17,947] {logging_mixin.py:115} INFO - [2025-05-02 17:17:17,947] {dagbag.py:507} INFO - Filling up the DagBag from /root/Documents/airflowalu/venv/lib/python3.9/site-packages/airflow/example_dags/example_sla_dag.py
[2025-05-02 17:17:17,958] {processor.py:651} INFO - DAG(s) dict_keys(['example_sla_dag']) retrieved from /root/Documents/airflowalu/venv/lib/python3.9/site-packages/airflow/example_dags/example_sla_dag.py
[2025-05-02 17:17:17,967] {logging_mixin.py:115} INFO - [2025-05-02 17:17:17,967] {dag.py:2379} INFO - Sync 1 DAGs
[2025-05-02 17:17:17,979] {logging_mixin.py:115} INFO - [2025-05-02 17:17:17,979] {dag.py:2927} INFO - Setting next_dagrun for example_sla_dag to 2025-05-02T20:14:00+00:00, run_after=2025-05-02T20:16:00+00:00
[2025-05-02 17:17:17,989] {processor.py:161} INFO - Processing /root/Documents/airflowalu/venv/lib/python3.9/site-packages/airflow/example_dags/example_sla_dag.py took 0.044 seconds
[2025-05-02 17:17:48,387] {processor.py:153} INFO - Started process (PID=10119) to work on /root/Documents/airflowalu/venv/lib/python3.9/site-packages/airflow/example_dags/example_sla_dag.py
[2025-05-02 17:17:48,388] {processor.py:641} INFO - Processing file /root/Documents/airflowalu/venv/lib/python3.9/site-packages/airflow/example_dags/example_sla_dag.py for tasks to queue
[2025-05-02 17:17:48,388] {logging_mixin.py:115} INFO - [2025-05-02 17:17:48,388] {dagbag.py:507} INFO - Filling up the DagBag from /root/Documents/airflowalu/venv/lib/python3.9/site-packages/airflow/example_dags/example_sla_dag.py
[2025-05-02 17:17:48,399] {processor.py:651} INFO - DAG(s) dict_keys(['example_sla_dag']) retrieved from /root/Documents/airflowalu/venv/lib/python3.9/site-packages/airflow/example_dags/example_sla_dag.py
[2025-05-02 17:17:48,407] {logging_mixin.py:115} INFO - [2025-05-02 17:17:48,407] {dag.py:2379} INFO - Sync 1 DAGs
[2025-05-02 17:17:48,417] {logging_mixin.py:115} INFO - [2025-05-02 17:17:48,417] {dag.py:2927} INFO - Setting next_dagrun for example_sla_dag to 2025-05-02T20:14:00+00:00, run_after=2025-05-02T20:16:00+00:00
[2025-05-02 17:17:48,428] {processor.py:161} INFO - Processing /root/Documents/airflowalu/venv/lib/python3.9/site-packages/airflow/example_dags/example_sla_dag.py took 0.043 seconds
[2025-05-02 17:18:20,861] {processor.py:153} INFO - Started process (PID=10252) to work on /root/Documents/airflowalu/venv/lib/python3.9/site-packages/airflow/example_dags/example_sla_dag.py
[2025-05-02 17:18:20,862] {processor.py:641} INFO - Processing file /root/Documents/airflowalu/venv/lib/python3.9/site-packages/airflow/example_dags/example_sla_dag.py for tasks to queue
[2025-05-02 17:18:20,862] {logging_mixin.py:115} INFO - [2025-05-02 17:18:20,862] {dagbag.py:507} INFO - Filling up the DagBag from /root/Documents/airflowalu/venv/lib/python3.9/site-packages/airflow/example_dags/example_sla_dag.py
[2025-05-02 17:18:20,873] {processor.py:651} INFO - DAG(s) dict_keys(['example_sla_dag']) retrieved from /root/Documents/airflowalu/venv/lib/python3.9/site-packages/airflow/example_dags/example_sla_dag.py
[2025-05-02 17:18:20,881] {logging_mixin.py:115} INFO - [2025-05-02 17:18:20,881] {dag.py:2379} INFO - Sync 1 DAGs
[2025-05-02 17:18:20,892] {logging_mixin.py:115} INFO - [2025-05-02 17:18:20,892] {dag.py:2927} INFO - Setting next_dagrun for example_sla_dag to 2025-05-02T20:16:00+00:00, run_after=2025-05-02T20:18:00+00:00
[2025-05-02 17:18:20,903] {processor.py:161} INFO - Processing /root/Documents/airflowalu/venv/lib/python3.9/site-packages/airflow/example_dags/example_sla_dag.py took 0.043 seconds
[2025-05-02 17:18:51,377] {processor.py:153} INFO - Started process (PID=10385) to work on /root/Documents/airflowalu/venv/lib/python3.9/site-packages/airflow/example_dags/example_sla_dag.py
[2025-05-02 17:18:51,377] {processor.py:641} INFO - Processing file /root/Documents/airflowalu/venv/lib/python3.9/site-packages/airflow/example_dags/example_sla_dag.py for tasks to queue
[2025-05-02 17:18:51,378] {logging_mixin.py:115} INFO - [2025-05-02 17:18:51,378] {dagbag.py:507} INFO - Filling up the DagBag from /root/Documents/airflowalu/venv/lib/python3.9/site-packages/airflow/example_dags/example_sla_dag.py
[2025-05-02 17:18:51,388] {processor.py:651} INFO - DAG(s) dict_keys(['example_sla_dag']) retrieved from /root/Documents/airflowalu/venv/lib/python3.9/site-packages/airflow/example_dags/example_sla_dag.py
[2025-05-02 17:18:51,396] {logging_mixin.py:115} INFO - [2025-05-02 17:18:51,396] {dag.py:2379} INFO - Sync 1 DAGs
[2025-05-02 17:18:51,406] {logging_mixin.py:115} INFO - [2025-05-02 17:18:51,406] {dag.py:2927} INFO - Setting next_dagrun for example_sla_dag to 2025-05-02T20:16:00+00:00, run_after=2025-05-02T20:18:00+00:00
[2025-05-02 17:18:51,420] {processor.py:161} INFO - Processing /root/Documents/airflowalu/venv/lib/python3.9/site-packages/airflow/example_dags/example_sla_dag.py took 0.045 seconds
[2025-05-02 17:19:23,859] {processor.py:153} INFO - Started process (PID=10524) to work on /root/Documents/airflowalu/venv/lib/python3.9/site-packages/airflow/example_dags/example_sla_dag.py
[2025-05-02 17:19:23,860] {processor.py:641} INFO - Processing file /root/Documents/airflowalu/venv/lib/python3.9/site-packages/airflow/example_dags/example_sla_dag.py for tasks to queue
[2025-05-02 17:19:23,860] {logging_mixin.py:115} INFO - [2025-05-02 17:19:23,860] {dagbag.py:507} INFO - Filling up the DagBag from /root/Documents/airflowalu/venv/lib/python3.9/site-packages/airflow/example_dags/example_sla_dag.py
[2025-05-02 17:19:23,873] {processor.py:651} INFO - DAG(s) dict_keys(['example_sla_dag']) retrieved from /root/Documents/airflowalu/venv/lib/python3.9/site-packages/airflow/example_dags/example_sla_dag.py
[2025-05-02 17:19:23,881] {logging_mixin.py:115} INFO - [2025-05-02 17:19:23,881] {dag.py:2379} INFO - Sync 1 DAGs
[2025-05-02 17:19:23,894] {logging_mixin.py:115} INFO - [2025-05-02 17:19:23,894] {dag.py:2927} INFO - Setting next_dagrun for example_sla_dag to 2025-05-02T20:16:00+00:00, run_after=2025-05-02T20:18:00+00:00
[2025-05-02 17:19:23,907] {processor.py:161} INFO - Processing /root/Documents/airflowalu/venv/lib/python3.9/site-packages/airflow/example_dags/example_sla_dag.py took 0.050 seconds
[2025-05-02 17:19:54,697] {processor.py:153} INFO - Started process (PID=10657) to work on /root/Documents/airflowalu/venv/lib/python3.9/site-packages/airflow/example_dags/example_sla_dag.py
[2025-05-02 17:19:54,698] {processor.py:641} INFO - Processing file /root/Documents/airflowalu/venv/lib/python3.9/site-packages/airflow/example_dags/example_sla_dag.py for tasks to queue
[2025-05-02 17:19:54,698] {logging_mixin.py:115} INFO - [2025-05-02 17:19:54,698] {dagbag.py:507} INFO - Filling up the DagBag from /root/Documents/airflowalu/venv/lib/python3.9/site-packages/airflow/example_dags/example_sla_dag.py
[2025-05-02 17:19:54,709] {processor.py:651} INFO - DAG(s) dict_keys(['example_sla_dag']) retrieved from /root/Documents/airflowalu/venv/lib/python3.9/site-packages/airflow/example_dags/example_sla_dag.py
[2025-05-02 17:19:54,717] {logging_mixin.py:115} INFO - [2025-05-02 17:19:54,717] {dag.py:2379} INFO - Sync 1 DAGs
[2025-05-02 17:19:54,727] {logging_mixin.py:115} INFO - [2025-05-02 17:19:54,727] {dag.py:2927} INFO - Setting next_dagrun for example_sla_dag to 2025-05-02T20:16:00+00:00, run_after=2025-05-02T20:18:00+00:00
[2025-05-02 17:19:54,738] {processor.py:161} INFO - Processing /root/Documents/airflowalu/venv/lib/python3.9/site-packages/airflow/example_dags/example_sla_dag.py took 0.042 seconds
[2025-05-02 17:20:25,352] {processor.py:153} INFO - Started process (PID=10799) to work on /root/Documents/airflowalu/venv/lib/python3.9/site-packages/airflow/example_dags/example_sla_dag.py
[2025-05-02 17:20:25,353] {processor.py:641} INFO - Processing file /root/Documents/airflowalu/venv/lib/python3.9/site-packages/airflow/example_dags/example_sla_dag.py for tasks to queue
[2025-05-02 17:20:25,353] {logging_mixin.py:115} INFO - [2025-05-02 17:20:25,353] {dagbag.py:507} INFO - Filling up the DagBag from /root/Documents/airflowalu/venv/lib/python3.9/site-packages/airflow/example_dags/example_sla_dag.py
[2025-05-02 17:20:25,365] {processor.py:651} INFO - DAG(s) dict_keys(['example_sla_dag']) retrieved from /root/Documents/airflowalu/venv/lib/python3.9/site-packages/airflow/example_dags/example_sla_dag.py
[2025-05-02 17:20:25,375] {logging_mixin.py:115} INFO - [2025-05-02 17:20:25,375] {dag.py:2379} INFO - Sync 1 DAGs
[2025-05-02 17:20:25,387] {logging_mixin.py:115} INFO - [2025-05-02 17:20:25,387] {dag.py:2927} INFO - Setting next_dagrun for example_sla_dag to 2025-05-02T20:18:00+00:00, run_after=2025-05-02T20:20:00+00:00
[2025-05-02 17:20:25,402] {processor.py:161} INFO - Processing /root/Documents/airflowalu/venv/lib/python3.9/site-packages/airflow/example_dags/example_sla_dag.py took 0.051 seconds
[2025-05-02 17:20:57,270] {processor.py:153} INFO - Started process (PID=10939) to work on /root/Documents/airflowalu/venv/lib/python3.9/site-packages/airflow/example_dags/example_sla_dag.py
[2025-05-02 17:20:57,270] {processor.py:641} INFO - Processing file /root/Documents/airflowalu/venv/lib/python3.9/site-packages/airflow/example_dags/example_sla_dag.py for tasks to queue
[2025-05-02 17:20:57,271] {logging_mixin.py:115} INFO - [2025-05-02 17:20:57,271] {dagbag.py:507} INFO - Filling up the DagBag from /root/Documents/airflowalu/venv/lib/python3.9/site-packages/airflow/example_dags/example_sla_dag.py
[2025-05-02 17:20:57,282] {processor.py:651} INFO - DAG(s) dict_keys(['example_sla_dag']) retrieved from /root/Documents/airflowalu/venv/lib/python3.9/site-packages/airflow/example_dags/example_sla_dag.py
[2025-05-02 17:20:57,289] {logging_mixin.py:115} INFO - [2025-05-02 17:20:57,289] {dag.py:2379} INFO - Sync 1 DAGs
[2025-05-02 17:20:57,299] {logging_mixin.py:115} INFO - [2025-05-02 17:20:57,299] {dag.py:2927} INFO - Setting next_dagrun for example_sla_dag to 2025-05-02T20:18:00+00:00, run_after=2025-05-02T20:20:00+00:00
[2025-05-02 17:20:57,310] {processor.py:161} INFO - Processing /root/Documents/airflowalu/venv/lib/python3.9/site-packages/airflow/example_dags/example_sla_dag.py took 0.042 seconds
[2025-05-02 17:21:29,950] {processor.py:153} INFO - Started process (PID=11082) to work on /root/Documents/airflowalu/venv/lib/python3.9/site-packages/airflow/example_dags/example_sla_dag.py
[2025-05-02 17:21:29,951] {processor.py:641} INFO - Processing file /root/Documents/airflowalu/venv/lib/python3.9/site-packages/airflow/example_dags/example_sla_dag.py for tasks to queue
[2025-05-02 17:21:29,951] {logging_mixin.py:115} INFO - [2025-05-02 17:21:29,951] {dagbag.py:507} INFO - Filling up the DagBag from /root/Documents/airflowalu/venv/lib/python3.9/site-packages/airflow/example_dags/example_sla_dag.py
[2025-05-02 17:21:29,962] {processor.py:651} INFO - DAG(s) dict_keys(['example_sla_dag']) retrieved from /root/Documents/airflowalu/venv/lib/python3.9/site-packages/airflow/example_dags/example_sla_dag.py
[2025-05-02 17:21:29,970] {logging_mixin.py:115} INFO - [2025-05-02 17:21:29,970] {dag.py:2379} INFO - Sync 1 DAGs
[2025-05-02 17:21:29,981] {logging_mixin.py:115} INFO - [2025-05-02 17:21:29,981] {dag.py:2927} INFO - Setting next_dagrun for example_sla_dag to 2025-05-02T20:18:00+00:00, run_after=2025-05-02T20:20:00+00:00
[2025-05-02 17:21:29,990] {processor.py:161} INFO - Processing /root/Documents/airflowalu/venv/lib/python3.9/site-packages/airflow/example_dags/example_sla_dag.py took 0.042 seconds
[2025-05-02 17:22:00,138] {processor.py:153} INFO - Started process (PID=11209) to work on /root/Documents/airflowalu/venv/lib/python3.9/site-packages/airflow/example_dags/example_sla_dag.py
[2025-05-02 17:22:00,139] {processor.py:641} INFO - Processing file /root/Documents/airflowalu/venv/lib/python3.9/site-packages/airflow/example_dags/example_sla_dag.py for tasks to queue
[2025-05-02 17:22:00,139] {logging_mixin.py:115} INFO - [2025-05-02 17:22:00,139] {dagbag.py:507} INFO - Filling up the DagBag from /root/Documents/airflowalu/venv/lib/python3.9/site-packages/airflow/example_dags/example_sla_dag.py
[2025-05-02 17:22:00,150] {processor.py:651} INFO - DAG(s) dict_keys(['example_sla_dag']) retrieved from /root/Documents/airflowalu/venv/lib/python3.9/site-packages/airflow/example_dags/example_sla_dag.py
[2025-05-02 17:22:00,158] {logging_mixin.py:115} INFO - [2025-05-02 17:22:00,158] {dag.py:2379} INFO - Sync 1 DAGs
[2025-05-02 17:22:00,169] {logging_mixin.py:115} INFO - [2025-05-02 17:22:00,169] {dag.py:2927} INFO - Setting next_dagrun for example_sla_dag to 2025-05-02T20:20:00+00:00, run_after=2025-05-02T20:22:00+00:00
[2025-05-02 17:22:00,180] {processor.py:161} INFO - Processing /root/Documents/airflowalu/venv/lib/python3.9/site-packages/airflow/example_dags/example_sla_dag.py took 0.044 seconds
[2025-05-02 17:22:33,393] {processor.py:153} INFO - Started process (PID=11353) to work on /root/Documents/airflowalu/venv/lib/python3.9/site-packages/airflow/example_dags/example_sla_dag.py
[2025-05-02 17:22:33,393] {processor.py:641} INFO - Processing file /root/Documents/airflowalu/venv/lib/python3.9/site-packages/airflow/example_dags/example_sla_dag.py for tasks to queue
[2025-05-02 17:22:33,394] {logging_mixin.py:115} INFO - [2025-05-02 17:22:33,393] {dagbag.py:507} INFO - Filling up the DagBag from /root/Documents/airflowalu/venv/lib/python3.9/site-packages/airflow/example_dags/example_sla_dag.py
[2025-05-02 17:22:33,405] {processor.py:651} INFO - DAG(s) dict_keys(['example_sla_dag']) retrieved from /root/Documents/airflowalu/venv/lib/python3.9/site-packages/airflow/example_dags/example_sla_dag.py
[2025-05-02 17:22:33,413] {logging_mixin.py:115} INFO - [2025-05-02 17:22:33,413] {dag.py:2379} INFO - Sync 1 DAGs
[2025-05-02 17:22:33,424] {logging_mixin.py:115} INFO - [2025-05-02 17:22:33,424] {dag.py:2927} INFO - Setting next_dagrun for example_sla_dag to 2025-05-02T20:20:00+00:00, run_after=2025-05-02T20:22:00+00:00
[2025-05-02 17:22:33,434] {processor.py:161} INFO - Processing /root/Documents/airflowalu/venv/lib/python3.9/site-packages/airflow/example_dags/example_sla_dag.py took 0.043 seconds
[2025-05-02 17:23:05,996] {processor.py:153} INFO - Started process (PID=11492) to work on /root/Documents/airflowalu/venv/lib/python3.9/site-packages/airflow/example_dags/example_sla_dag.py
[2025-05-02 17:23:05,996] {processor.py:641} INFO - Processing file /root/Documents/airflowalu/venv/lib/python3.9/site-packages/airflow/example_dags/example_sla_dag.py for tasks to queue
[2025-05-02 17:23:05,997] {logging_mixin.py:115} INFO - [2025-05-02 17:23:05,997] {dagbag.py:507} INFO - Filling up the DagBag from /root/Documents/airflowalu/venv/lib/python3.9/site-packages/airflow/example_dags/example_sla_dag.py
[2025-05-02 17:23:06,008] {processor.py:651} INFO - DAG(s) dict_keys(['example_sla_dag']) retrieved from /root/Documents/airflowalu/venv/lib/python3.9/site-packages/airflow/example_dags/example_sla_dag.py
[2025-05-02 17:23:06,016] {logging_mixin.py:115} INFO - [2025-05-02 17:23:06,016] {dag.py:2379} INFO - Sync 1 DAGs
[2025-05-02 17:23:06,028] {logging_mixin.py:115} INFO - [2025-05-02 17:23:06,028] {dag.py:2927} INFO - Setting next_dagrun for example_sla_dag to 2025-05-02T20:20:00+00:00, run_after=2025-05-02T20:22:00+00:00
[2025-05-02 17:23:06,038] {processor.py:161} INFO - Processing /root/Documents/airflowalu/venv/lib/python3.9/site-packages/airflow/example_dags/example_sla_dag.py took 0.044 seconds
[2025-05-02 17:23:39,519] {processor.py:153} INFO - Started process (PID=11632) to work on /root/Documents/airflowalu/venv/lib/python3.9/site-packages/airflow/example_dags/example_sla_dag.py
[2025-05-02 17:23:39,520] {processor.py:641} INFO - Processing file /root/Documents/airflowalu/venv/lib/python3.9/site-packages/airflow/example_dags/example_sla_dag.py for tasks to queue
[2025-05-02 17:23:39,520] {logging_mixin.py:115} INFO - [2025-05-02 17:23:39,520] {dagbag.py:507} INFO - Filling up the DagBag from /root/Documents/airflowalu/venv/lib/python3.9/site-packages/airflow/example_dags/example_sla_dag.py
[2025-05-02 17:23:39,532] {processor.py:651} INFO - DAG(s) dict_keys(['example_sla_dag']) retrieved from /root/Documents/airflowalu/venv/lib/python3.9/site-packages/airflow/example_dags/example_sla_dag.py
[2025-05-02 17:23:39,540] {logging_mixin.py:115} INFO - [2025-05-02 17:23:39,540] {dag.py:2379} INFO - Sync 1 DAGs
[2025-05-02 17:23:39,550] {logging_mixin.py:115} INFO - [2025-05-02 17:23:39,550] {dag.py:2927} INFO - Setting next_dagrun for example_sla_dag to 2025-05-02T20:20:00+00:00, run_after=2025-05-02T20:22:00+00:00
[2025-05-02 17:23:39,562] {processor.py:161} INFO - Processing /root/Documents/airflowalu/venv/lib/python3.9/site-packages/airflow/example_dags/example_sla_dag.py took 0.044 seconds
[2025-05-02 17:24:11,024] {processor.py:153} INFO - Started process (PID=11771) to work on /root/Documents/airflowalu/venv/lib/python3.9/site-packages/airflow/example_dags/example_sla_dag.py
[2025-05-02 17:24:11,025] {processor.py:641} INFO - Processing file /root/Documents/airflowalu/venv/lib/python3.9/site-packages/airflow/example_dags/example_sla_dag.py for tasks to queue
[2025-05-02 17:24:11,025] {logging_mixin.py:115} INFO - [2025-05-02 17:24:11,025] {dagbag.py:507} INFO - Filling up the DagBag from /root/Documents/airflowalu/venv/lib/python3.9/site-packages/airflow/example_dags/example_sla_dag.py
[2025-05-02 17:24:11,036] {processor.py:651} INFO - DAG(s) dict_keys(['example_sla_dag']) retrieved from /root/Documents/airflowalu/venv/lib/python3.9/site-packages/airflow/example_dags/example_sla_dag.py
[2025-05-02 17:24:11,045] {logging_mixin.py:115} INFO - [2025-05-02 17:24:11,045] {dag.py:2379} INFO - Sync 1 DAGs
[2025-05-02 17:24:11,057] {logging_mixin.py:115} INFO - [2025-05-02 17:24:11,057] {dag.py:2927} INFO - Setting next_dagrun for example_sla_dag to 2025-05-02T20:22:00+00:00, run_after=2025-05-02T20:24:00+00:00
[2025-05-02 17:24:11,068] {processor.py:161} INFO - Processing /root/Documents/airflowalu/venv/lib/python3.9/site-packages/airflow/example_dags/example_sla_dag.py took 0.046 seconds
[2025-05-02 17:24:43,025] {processor.py:153} INFO - Started process (PID=11902) to work on /root/Documents/airflowalu/venv/lib/python3.9/site-packages/airflow/example_dags/example_sla_dag.py
[2025-05-02 17:24:43,026] {processor.py:641} INFO - Processing file /root/Documents/airflowalu/venv/lib/python3.9/site-packages/airflow/example_dags/example_sla_dag.py for tasks to queue
[2025-05-02 17:24:43,026] {logging_mixin.py:115} INFO - [2025-05-02 17:24:43,026] {dagbag.py:507} INFO - Filling up the DagBag from /root/Documents/airflowalu/venv/lib/python3.9/site-packages/airflow/example_dags/example_sla_dag.py
[2025-05-02 17:24:43,039] {processor.py:651} INFO - DAG(s) dict_keys(['example_sla_dag']) retrieved from /root/Documents/airflowalu/venv/lib/python3.9/site-packages/airflow/example_dags/example_sla_dag.py
[2025-05-02 17:24:43,049] {logging_mixin.py:115} INFO - [2025-05-02 17:24:43,049] {dag.py:2379} INFO - Sync 1 DAGs
[2025-05-02 17:24:43,063] {logging_mixin.py:115} INFO - [2025-05-02 17:24:43,063] {dag.py:2927} INFO - Setting next_dagrun for example_sla_dag to 2025-05-02T20:22:00+00:00, run_after=2025-05-02T20:24:00+00:00
[2025-05-02 17:24:43,074] {processor.py:161} INFO - Processing /root/Documents/airflowalu/venv/lib/python3.9/site-packages/airflow/example_dags/example_sla_dag.py took 0.051 seconds
[2025-05-02 17:25:14,743] {processor.py:153} INFO - Started process (PID=12034) to work on /root/Documents/airflowalu/venv/lib/python3.9/site-packages/airflow/example_dags/example_sla_dag.py
[2025-05-02 17:25:14,744] {processor.py:641} INFO - Processing file /root/Documents/airflowalu/venv/lib/python3.9/site-packages/airflow/example_dags/example_sla_dag.py for tasks to queue
[2025-05-02 17:25:14,744] {logging_mixin.py:115} INFO - [2025-05-02 17:25:14,744] {dagbag.py:507} INFO - Filling up the DagBag from /root/Documents/airflowalu/venv/lib/python3.9/site-packages/airflow/example_dags/example_sla_dag.py
[2025-05-02 17:25:14,756] {processor.py:651} INFO - DAG(s) dict_keys(['example_sla_dag']) retrieved from /root/Documents/airflowalu/venv/lib/python3.9/site-packages/airflow/example_dags/example_sla_dag.py
[2025-05-02 17:25:14,764] {logging_mixin.py:115} INFO - [2025-05-02 17:25:14,764] {dag.py:2379} INFO - Sync 1 DAGs
[2025-05-02 17:25:14,775] {logging_mixin.py:115} INFO - [2025-05-02 17:25:14,775] {dag.py:2927} INFO - Setting next_dagrun for example_sla_dag to 2025-05-02T20:22:00+00:00, run_after=2025-05-02T20:24:00+00:00
[2025-05-02 17:25:14,784] {processor.py:161} INFO - Processing /root/Documents/airflowalu/venv/lib/python3.9/site-packages/airflow/example_dags/example_sla_dag.py took 0.042 seconds
[2025-05-02 17:25:46,599] {processor.py:153} INFO - Started process (PID=12173) to work on /root/Documents/airflowalu/venv/lib/python3.9/site-packages/airflow/example_dags/example_sla_dag.py
[2025-05-02 17:25:46,600] {processor.py:641} INFO - Processing file /root/Documents/airflowalu/venv/lib/python3.9/site-packages/airflow/example_dags/example_sla_dag.py for tasks to queue
[2025-05-02 17:25:46,600] {logging_mixin.py:115} INFO - [2025-05-02 17:25:46,600] {dagbag.py:507} INFO - Filling up the DagBag from /root/Documents/airflowalu/venv/lib/python3.9/site-packages/airflow/example_dags/example_sla_dag.py
[2025-05-02 17:25:46,612] {processor.py:651} INFO - DAG(s) dict_keys(['example_sla_dag']) retrieved from /root/Documents/airflowalu/venv/lib/python3.9/site-packages/airflow/example_dags/example_sla_dag.py
[2025-05-02 17:25:46,620] {logging_mixin.py:115} INFO - [2025-05-02 17:25:46,620] {dag.py:2379} INFO - Sync 1 DAGs
[2025-05-02 17:25:46,631] {logging_mixin.py:115} INFO - [2025-05-02 17:25:46,631] {dag.py:2927} INFO - Setting next_dagrun for example_sla_dag to 2025-05-02T20:22:00+00:00, run_after=2025-05-02T20:24:00+00:00
[2025-05-02 17:25:46,642] {processor.py:161} INFO - Processing /root/Documents/airflowalu/venv/lib/python3.9/site-packages/airflow/example_dags/example_sla_dag.py took 0.044 seconds
[2025-05-02 17:26:18,983] {processor.py:153} INFO - Started process (PID=12305) to work on /root/Documents/airflowalu/venv/lib/python3.9/site-packages/airflow/example_dags/example_sla_dag.py
[2025-05-02 17:26:18,983] {processor.py:641} INFO - Processing file /root/Documents/airflowalu/venv/lib/python3.9/site-packages/airflow/example_dags/example_sla_dag.py for tasks to queue
[2025-05-02 17:26:18,984] {logging_mixin.py:115} INFO - [2025-05-02 17:26:18,983] {dagbag.py:507} INFO - Filling up the DagBag from /root/Documents/airflowalu/venv/lib/python3.9/site-packages/airflow/example_dags/example_sla_dag.py
[2025-05-02 17:26:18,995] {processor.py:651} INFO - DAG(s) dict_keys(['example_sla_dag']) retrieved from /root/Documents/airflowalu/venv/lib/python3.9/site-packages/airflow/example_dags/example_sla_dag.py
[2025-05-02 17:26:19,003] {logging_mixin.py:115} INFO - [2025-05-02 17:26:19,003] {dag.py:2379} INFO - Sync 1 DAGs
[2025-05-02 17:26:19,016] {logging_mixin.py:115} INFO - [2025-05-02 17:26:19,016] {dag.py:2927} INFO - Setting next_dagrun for example_sla_dag to 2025-05-02T20:24:00+00:00, run_after=2025-05-02T20:26:00+00:00
[2025-05-02 17:26:19,027] {processor.py:161} INFO - Processing /root/Documents/airflowalu/venv/lib/python3.9/site-packages/airflow/example_dags/example_sla_dag.py took 0.046 seconds
[2025-05-02 17:26:52,876] {processor.py:153} INFO - Started process (PID=12449) to work on /root/Documents/airflowalu/venv/lib/python3.9/site-packages/airflow/example_dags/example_sla_dag.py
[2025-05-02 17:26:52,876] {processor.py:641} INFO - Processing file /root/Documents/airflowalu/venv/lib/python3.9/site-packages/airflow/example_dags/example_sla_dag.py for tasks to queue
[2025-05-02 17:26:52,877] {logging_mixin.py:115} INFO - [2025-05-02 17:26:52,877] {dagbag.py:507} INFO - Filling up the DagBag from /root/Documents/airflowalu/venv/lib/python3.9/site-packages/airflow/example_dags/example_sla_dag.py
[2025-05-02 17:26:52,888] {processor.py:651} INFO - DAG(s) dict_keys(['example_sla_dag']) retrieved from /root/Documents/airflowalu/venv/lib/python3.9/site-packages/airflow/example_dags/example_sla_dag.py
[2025-05-02 17:26:52,896] {logging_mixin.py:115} INFO - [2025-05-02 17:26:52,896] {dag.py:2379} INFO - Sync 1 DAGs
[2025-05-02 17:26:52,906] {logging_mixin.py:115} INFO - [2025-05-02 17:26:52,906] {dag.py:2927} INFO - Setting next_dagrun for example_sla_dag to 2025-05-02T20:24:00+00:00, run_after=2025-05-02T20:26:00+00:00
[2025-05-02 17:26:52,915] {processor.py:161} INFO - Processing /root/Documents/airflowalu/venv/lib/python3.9/site-packages/airflow/example_dags/example_sla_dag.py took 0.041 seconds
[2025-05-02 17:27:23,270] {processor.py:153} INFO - Started process (PID=12580) to work on /root/Documents/airflowalu/venv/lib/python3.9/site-packages/airflow/example_dags/example_sla_dag.py
[2025-05-02 17:27:23,271] {processor.py:641} INFO - Processing file /root/Documents/airflowalu/venv/lib/python3.9/site-packages/airflow/example_dags/example_sla_dag.py for tasks to queue
[2025-05-02 17:27:23,271] {logging_mixin.py:115} INFO - [2025-05-02 17:27:23,271] {dagbag.py:507} INFO - Filling up the DagBag from /root/Documents/airflowalu/venv/lib/python3.9/site-packages/airflow/example_dags/example_sla_dag.py
[2025-05-02 17:27:23,283] {processor.py:651} INFO - DAG(s) dict_keys(['example_sla_dag']) retrieved from /root/Documents/airflowalu/venv/lib/python3.9/site-packages/airflow/example_dags/example_sla_dag.py
[2025-05-02 17:27:23,291] {logging_mixin.py:115} INFO - [2025-05-02 17:27:23,291] {dag.py:2379} INFO - Sync 1 DAGs
[2025-05-02 17:27:23,302] {logging_mixin.py:115} INFO - [2025-05-02 17:27:23,302] {dag.py:2927} INFO - Setting next_dagrun for example_sla_dag to 2025-05-02T20:24:00+00:00, run_after=2025-05-02T20:26:00+00:00
[2025-05-02 17:27:23,312] {processor.py:161} INFO - Processing /root/Documents/airflowalu/venv/lib/python3.9/site-packages/airflow/example_dags/example_sla_dag.py took 0.043 seconds
[2025-05-02 17:27:56,992] {processor.py:153} INFO - Started process (PID=12718) to work on /root/Documents/airflowalu/venv/lib/python3.9/site-packages/airflow/example_dags/example_sla_dag.py
[2025-05-02 17:27:56,993] {processor.py:641} INFO - Processing file /root/Documents/airflowalu/venv/lib/python3.9/site-packages/airflow/example_dags/example_sla_dag.py for tasks to queue
[2025-05-02 17:27:56,993] {logging_mixin.py:115} INFO - [2025-05-02 17:27:56,993] {dagbag.py:507} INFO - Filling up the DagBag from /root/Documents/airflowalu/venv/lib/python3.9/site-packages/airflow/example_dags/example_sla_dag.py
[2025-05-02 17:27:57,003] {processor.py:651} INFO - DAG(s) dict_keys(['example_sla_dag']) retrieved from /root/Documents/airflowalu/venv/lib/python3.9/site-packages/airflow/example_dags/example_sla_dag.py
[2025-05-02 17:27:57,011] {logging_mixin.py:115} INFO - [2025-05-02 17:27:57,011] {dag.py:2379} INFO - Sync 1 DAGs
[2025-05-02 17:27:57,022] {logging_mixin.py:115} INFO - [2025-05-02 17:27:57,022] {dag.py:2927} INFO - Setting next_dagrun for example_sla_dag to 2025-05-02T20:24:00+00:00, run_after=2025-05-02T20:26:00+00:00
[2025-05-02 17:27:57,033] {processor.py:161} INFO - Processing /root/Documents/airflowalu/venv/lib/python3.9/site-packages/airflow/example_dags/example_sla_dag.py took 0.042 seconds
[2025-05-02 17:29:58,358] {processor.py:153} INFO - Started process (PID=13437) to work on /root/Documents/airflowalu/venv/lib/python3.9/site-packages/airflow/example_dags/example_sla_dag.py
[2025-05-02 17:29:58,359] {processor.py:641} INFO - Processing file /root/Documents/airflowalu/venv/lib/python3.9/site-packages/airflow/example_dags/example_sla_dag.py for tasks to queue
[2025-05-02 17:29:58,359] {logging_mixin.py:115} INFO - [2025-05-02 17:29:58,359] {dagbag.py:507} INFO - Filling up the DagBag from /root/Documents/airflowalu/venv/lib/python3.9/site-packages/airflow/example_dags/example_sla_dag.py
[2025-05-02 17:29:58,372] {processor.py:651} INFO - DAG(s) dict_keys(['example_sla_dag']) retrieved from /root/Documents/airflowalu/venv/lib/python3.9/site-packages/airflow/example_dags/example_sla_dag.py
[2025-05-02 17:29:56,267] {logging_mixin.py:115} INFO - [2025-05-02 17:29:56,267] {dag.py:2379} INFO - Sync 1 DAGs
[2025-05-02 17:29:56,285] {logging_mixin.py:115} INFO - [2025-05-02 17:29:56,285] {dag.py:2927} INFO - Setting next_dagrun for example_sla_dag to 2025-05-02T20:26:00+00:00, run_after=2025-05-02T20:28:00+00:00
[2025-05-02 17:29:56,298] {processor.py:161} INFO - Processing /root/Documents/airflowalu/venv/lib/python3.9/site-packages/airflow/example_dags/example_sla_dag.py took 0.061 seconds
[2025-05-02 17:30:28,593] {processor.py:153} INFO - Started process (PID=13654) to work on /root/Documents/airflowalu/venv/lib/python3.9/site-packages/airflow/example_dags/example_sla_dag.py
[2025-05-02 17:30:28,593] {processor.py:641} INFO - Processing file /root/Documents/airflowalu/venv/lib/python3.9/site-packages/airflow/example_dags/example_sla_dag.py for tasks to queue
[2025-05-02 17:30:28,594] {logging_mixin.py:115} INFO - [2025-05-02 17:30:28,594] {dagbag.py:507} INFO - Filling up the DagBag from /root/Documents/airflowalu/venv/lib/python3.9/site-packages/airflow/example_dags/example_sla_dag.py
[2025-05-02 17:30:28,609] {processor.py:651} INFO - DAG(s) dict_keys(['example_sla_dag']) retrieved from /root/Documents/airflowalu/venv/lib/python3.9/site-packages/airflow/example_dags/example_sla_dag.py
[2025-05-02 17:30:28,620] {logging_mixin.py:115} INFO - [2025-05-02 17:30:28,620] {dag.py:2379} INFO - Sync 1 DAGs
[2025-05-02 17:30:28,636] {logging_mixin.py:115} INFO - [2025-05-02 17:30:28,635] {dag.py:2927} INFO - Setting next_dagrun for example_sla_dag to 2025-05-02T20:28:00+00:00, run_after=2025-05-02T20:30:00+00:00
[2025-05-02 17:30:28,647] {processor.py:161} INFO - Processing /root/Documents/airflowalu/venv/lib/python3.9/site-packages/airflow/example_dags/example_sla_dag.py took 0.056 seconds
[2025-05-02 17:31:01,224] {processor.py:153} INFO - Started process (PID=13873) to work on /root/Documents/airflowalu/venv/lib/python3.9/site-packages/airflow/example_dags/example_sla_dag.py
[2025-05-02 17:31:01,225] {processor.py:641} INFO - Processing file /root/Documents/airflowalu/venv/lib/python3.9/site-packages/airflow/example_dags/example_sla_dag.py for tasks to queue
[2025-05-02 17:31:01,225] {logging_mixin.py:115} INFO - [2025-05-02 17:31:01,225] {dagbag.py:507} INFO - Filling up the DagBag from /root/Documents/airflowalu/venv/lib/python3.9/site-packages/airflow/example_dags/example_sla_dag.py
[2025-05-02 17:31:01,237] {processor.py:651} INFO - DAG(s) dict_keys(['example_sla_dag']) retrieved from /root/Documents/airflowalu/venv/lib/python3.9/site-packages/airflow/example_dags/example_sla_dag.py
[2025-05-02 17:31:01,248] {logging_mixin.py:115} INFO - [2025-05-02 17:31:01,248] {dag.py:2379} INFO - Sync 1 DAGs
[2025-05-02 17:31:01,262] {logging_mixin.py:115} INFO - [2025-05-02 17:31:01,262] {dag.py:2927} INFO - Setting next_dagrun for example_sla_dag to 2025-05-02T20:28:00+00:00, run_after=2025-05-02T20:30:00+00:00
[2025-05-02 17:31:01,279] {processor.py:161} INFO - Processing /root/Documents/airflowalu/venv/lib/python3.9/site-packages/airflow/example_dags/example_sla_dag.py took 0.057 seconds
[2025-05-02 20:39:58,247] {processor.py:153} INFO - Started process (PID=465) to work on /root/Documents/airflowalu/venv/lib/python3.9/site-packages/airflow/example_dags/example_sla_dag.py
[2025-05-02 20:39:58,248] {processor.py:641} INFO - Processing file /root/Documents/airflowalu/venv/lib/python3.9/site-packages/airflow/example_dags/example_sla_dag.py for tasks to queue
[2025-05-02 20:39:58,248] {logging_mixin.py:115} INFO - [2025-05-02 20:39:58,248] {dagbag.py:507} INFO - Filling up the DagBag from /root/Documents/airflowalu/venv/lib/python3.9/site-packages/airflow/example_dags/example_sla_dag.py
[2025-05-02 20:39:58,261] {processor.py:651} INFO - DAG(s) dict_keys(['example_sla_dag']) retrieved from /root/Documents/airflowalu/venv/lib/python3.9/site-packages/airflow/example_dags/example_sla_dag.py
[2025-05-02 20:39:58,274] {logging_mixin.py:115} INFO - [2025-05-02 20:39:58,274] {dag.py:2379} INFO - Sync 1 DAGs
[2025-05-02 20:39:58,289] {logging_mixin.py:115} INFO - [2025-05-02 20:39:58,289] {dag.py:2927} INFO - Setting next_dagrun for example_sla_dag to 2025-05-02T23:36:00+00:00, run_after=2025-05-02T23:38:00+00:00
[2025-05-02 20:39:58,302] {processor.py:161} INFO - Processing /root/Documents/airflowalu/venv/lib/python3.9/site-packages/airflow/example_dags/example_sla_dag.py took 0.058 seconds
