[2025-05-02 16:52:41,041] {processor.py:153} INFO - Started process (PID=2858) to work on /root/Documents/airflowalu/venv/lib/python3.9/site-packages/airflow/example_dags/example_bash_operator.py
[2025-05-02 16:52:41,042] {processor.py:641} INFO - Processing file /root/Documents/airflowalu/venv/lib/python3.9/site-packages/airflow/example_dags/example_bash_operator.py for tasks to queue
[2025-05-02 16:52:41,042] {logging_mixin.py:115} INFO - [2025-05-02 16:52:41,042] {dagbag.py:507} INFO - Filling up the DagBag from /root/Documents/airflowalu/venv/lib/python3.9/site-packages/airflow/example_dags/example_bash_operator.py
[2025-05-02 16:52:41,048] {processor.py:651} INFO - DAG(s) dict_keys(['example_bash_operator']) retrieved from /root/Documents/airflowalu/venv/lib/python3.9/site-packages/airflow/example_dags/example_bash_operator.py
[2025-05-02 16:52:41,087] {logging_mixin.py:115} INFO - [2025-05-02 16:52:41,087] {manager.py:508} INFO - Created Permission View: can edit on DAG:example_bash_operator
[2025-05-02 16:52:41,096] {logging_mixin.py:115} INFO - [2025-05-02 16:52:41,095] {manager.py:508} INFO - Created Permission View: can delete on DAG:example_bash_operator
[2025-05-02 16:52:41,103] {logging_mixin.py:115} INFO - [2025-05-02 16:52:41,102] {manager.py:508} INFO - Created Permission View: can read on DAG:example_bash_operator
[2025-05-02 16:52:41,103] {logging_mixin.py:115} INFO - [2025-05-02 16:52:41,103] {dag.py:2379} INFO - Sync 1 DAGs
[2025-05-02 16:52:41,107] {logging_mixin.py:115} INFO - [2025-05-02 16:52:41,107] {dag.py:2398} INFO - Creating ORM DAG for example_bash_operator
[2025-05-02 16:52:41,113] {logging_mixin.py:115} INFO - [2025-05-02 16:52:41,113] {dag.py:2927} INFO - Setting next_dagrun for example_bash_operator to 2025-05-01T00:00:00+00:00, run_after=2025-05-02T00:00:00+00:00
[2025-05-02 16:52:41,125] {processor.py:161} INFO - Processing /root/Documents/airflowalu/venv/lib/python3.9/site-packages/airflow/example_dags/example_bash_operator.py took 0.085 seconds
[2025-05-02 16:53:12,622] {processor.py:153} INFO - Started process (PID=2964) to work on /root/Documents/airflowalu/venv/lib/python3.9/site-packages/airflow/example_dags/example_bash_operator.py
[2025-05-02 16:53:12,623] {processor.py:641} INFO - Processing file /root/Documents/airflowalu/venv/lib/python3.9/site-packages/airflow/example_dags/example_bash_operator.py for tasks to queue
[2025-05-02 16:53:12,623] {logging_mixin.py:115} INFO - [2025-05-02 16:53:12,623] {dagbag.py:507} INFO - Filling up the DagBag from /root/Documents/airflowalu/venv/lib/python3.9/site-packages/airflow/example_dags/example_bash_operator.py
[2025-05-02 16:53:12,630] {processor.py:651} INFO - DAG(s) dict_keys(['example_bash_operator']) retrieved from /root/Documents/airflowalu/venv/lib/python3.9/site-packages/airflow/example_dags/example_bash_operator.py
[2025-05-02 16:53:12,641] {logging_mixin.py:115} INFO - [2025-05-02 16:53:12,641] {dag.py:2379} INFO - Sync 1 DAGs
[2025-05-02 16:53:12,656] {logging_mixin.py:115} INFO - [2025-05-02 16:53:12,656] {dag.py:2927} INFO - Setting next_dagrun for example_bash_operator to 2025-05-01T00:00:00+00:00, run_after=2025-05-02T00:00:00+00:00
[2025-05-02 16:53:12,670] {processor.py:161} INFO - Processing /root/Documents/airflowalu/venv/lib/python3.9/site-packages/airflow/example_dags/example_bash_operator.py took 0.049 seconds
[2025-05-02 16:53:44,136] {processor.py:153} INFO - Started process (PID=3638) to work on /root/Documents/airflowalu/venv/lib/python3.9/site-packages/airflow/example_dags/example_bash_operator.py
[2025-05-02 16:53:44,136] {processor.py:641} INFO - Processing file /root/Documents/airflowalu/venv/lib/python3.9/site-packages/airflow/example_dags/example_bash_operator.py for tasks to queue
[2025-05-02 16:53:44,137] {logging_mixin.py:115} INFO - [2025-05-02 16:53:44,137] {dagbag.py:507} INFO - Filling up the DagBag from /root/Documents/airflowalu/venv/lib/python3.9/site-packages/airflow/example_dags/example_bash_operator.py
[2025-05-02 16:53:44,142] {processor.py:651} INFO - DAG(s) dict_keys(['example_bash_operator']) retrieved from /root/Documents/airflowalu/venv/lib/python3.9/site-packages/airflow/example_dags/example_bash_operator.py
[2025-05-02 16:53:44,151] {logging_mixin.py:115} INFO - [2025-05-02 16:53:44,151] {dag.py:2379} INFO - Sync 1 DAGs
[2025-05-02 16:53:44,161] {logging_mixin.py:115} INFO - [2025-05-02 16:53:44,161] {dag.py:2927} INFO - Setting next_dagrun for example_bash_operator to 2025-05-01T00:00:00+00:00, run_after=2025-05-02T00:00:00+00:00
[2025-05-02 16:53:44,170] {processor.py:161} INFO - Processing /root/Documents/airflowalu/venv/lib/python3.9/site-packages/airflow/example_dags/example_bash_operator.py took 0.036 seconds
[2025-05-02 16:54:15,922] {processor.py:153} INFO - Started process (PID=3780) to work on /root/Documents/airflowalu/venv/lib/python3.9/site-packages/airflow/example_dags/example_bash_operator.py
[2025-05-02 16:54:15,923] {processor.py:641} INFO - Processing file /root/Documents/airflowalu/venv/lib/python3.9/site-packages/airflow/example_dags/example_bash_operator.py for tasks to queue
[2025-05-02 16:54:15,923] {logging_mixin.py:115} INFO - [2025-05-02 16:54:15,923] {dagbag.py:507} INFO - Filling up the DagBag from /root/Documents/airflowalu/venv/lib/python3.9/site-packages/airflow/example_dags/example_bash_operator.py
[2025-05-02 16:54:15,930] {processor.py:651} INFO - DAG(s) dict_keys(['example_bash_operator']) retrieved from /root/Documents/airflowalu/venv/lib/python3.9/site-packages/airflow/example_dags/example_bash_operator.py
[2025-05-02 16:54:15,939] {logging_mixin.py:115} INFO - [2025-05-02 16:54:15,939] {dag.py:2379} INFO - Sync 1 DAGs
[2025-05-02 16:54:15,950] {logging_mixin.py:115} INFO - [2025-05-02 16:54:15,950] {dag.py:2927} INFO - Setting next_dagrun for example_bash_operator to 2025-05-01T00:00:00+00:00, run_after=2025-05-02T00:00:00+00:00
[2025-05-02 16:54:15,961] {processor.py:161} INFO - Processing /root/Documents/airflowalu/venv/lib/python3.9/site-packages/airflow/example_dags/example_bash_operator.py took 0.040 seconds
[2025-05-02 16:54:47,964] {processor.py:153} INFO - Started process (PID=3910) to work on /root/Documents/airflowalu/venv/lib/python3.9/site-packages/airflow/example_dags/example_bash_operator.py
[2025-05-02 16:54:47,965] {processor.py:641} INFO - Processing file /root/Documents/airflowalu/venv/lib/python3.9/site-packages/airflow/example_dags/example_bash_operator.py for tasks to queue
[2025-05-02 16:54:47,965] {logging_mixin.py:115} INFO - [2025-05-02 16:54:47,965] {dagbag.py:507} INFO - Filling up the DagBag from /root/Documents/airflowalu/venv/lib/python3.9/site-packages/airflow/example_dags/example_bash_operator.py
[2025-05-02 16:54:47,972] {processor.py:651} INFO - DAG(s) dict_keys(['example_bash_operator']) retrieved from /root/Documents/airflowalu/venv/lib/python3.9/site-packages/airflow/example_dags/example_bash_operator.py
[2025-05-02 16:54:47,981] {logging_mixin.py:115} INFO - [2025-05-02 16:54:47,981] {dag.py:2379} INFO - Sync 1 DAGs
[2025-05-02 16:54:47,994] {logging_mixin.py:115} INFO - [2025-05-02 16:54:47,994] {dag.py:2927} INFO - Setting next_dagrun for example_bash_operator to 2025-05-01T00:00:00+00:00, run_after=2025-05-02T00:00:00+00:00
[2025-05-02 16:54:48,008] {processor.py:161} INFO - Processing /root/Documents/airflowalu/venv/lib/python3.9/site-packages/airflow/example_dags/example_bash_operator.py took 0.046 seconds
[2025-05-02 16:55:18,953] {processor.py:153} INFO - Started process (PID=4042) to work on /root/Documents/airflowalu/venv/lib/python3.9/site-packages/airflow/example_dags/example_bash_operator.py
[2025-05-02 16:55:18,954] {processor.py:641} INFO - Processing file /root/Documents/airflowalu/venv/lib/python3.9/site-packages/airflow/example_dags/example_bash_operator.py for tasks to queue
[2025-05-02 16:55:18,954] {logging_mixin.py:115} INFO - [2025-05-02 16:55:18,954] {dagbag.py:507} INFO - Filling up the DagBag from /root/Documents/airflowalu/venv/lib/python3.9/site-packages/airflow/example_dags/example_bash_operator.py
[2025-05-02 16:55:18,960] {processor.py:651} INFO - DAG(s) dict_keys(['example_bash_operator']) retrieved from /root/Documents/airflowalu/venv/lib/python3.9/site-packages/airflow/example_dags/example_bash_operator.py
[2025-05-02 16:55:18,969] {logging_mixin.py:115} INFO - [2025-05-02 16:55:18,969] {dag.py:2379} INFO - Sync 1 DAGs
[2025-05-02 16:55:18,980] {logging_mixin.py:115} INFO - [2025-05-02 16:55:18,980] {dag.py:2927} INFO - Setting next_dagrun for example_bash_operator to 2025-05-01T00:00:00+00:00, run_after=2025-05-02T00:00:00+00:00
[2025-05-02 16:55:18,991] {processor.py:161} INFO - Processing /root/Documents/airflowalu/venv/lib/python3.9/site-packages/airflow/example_dags/example_bash_operator.py took 0.039 seconds
[2025-05-02 16:55:50,470] {processor.py:153} INFO - Started process (PID=4467) to work on /root/Documents/airflowalu/venv/lib/python3.9/site-packages/airflow/example_dags/example_bash_operator.py
[2025-05-02 16:55:50,471] {processor.py:641} INFO - Processing file /root/Documents/airflowalu/venv/lib/python3.9/site-packages/airflow/example_dags/example_bash_operator.py for tasks to queue
[2025-05-02 16:55:50,472] {logging_mixin.py:115} INFO - [2025-05-02 16:55:50,472] {dagbag.py:507} INFO - Filling up the DagBag from /root/Documents/airflowalu/venv/lib/python3.9/site-packages/airflow/example_dags/example_bash_operator.py
[2025-05-02 16:55:50,480] {processor.py:651} INFO - DAG(s) dict_keys(['example_bash_operator']) retrieved from /root/Documents/airflowalu/venv/lib/python3.9/site-packages/airflow/example_dags/example_bash_operator.py
[2025-05-02 16:55:50,492] {logging_mixin.py:115} INFO - [2025-05-02 16:55:50,492] {dag.py:2379} INFO - Sync 1 DAGs
[2025-05-02 16:55:50,505] {logging_mixin.py:115} INFO - [2025-05-02 16:55:50,505] {dag.py:2927} INFO - Setting next_dagrun for example_bash_operator to 2025-05-01T00:00:00+00:00, run_after=2025-05-02T00:00:00+00:00
[2025-05-02 16:55:50,521] {processor.py:161} INFO - Processing /root/Documents/airflowalu/venv/lib/python3.9/site-packages/airflow/example_dags/example_bash_operator.py took 0.052 seconds
[2025-05-02 16:56:20,771] {processor.py:153} INFO - Started process (PID=4605) to work on /root/Documents/airflowalu/venv/lib/python3.9/site-packages/airflow/example_dags/example_bash_operator.py
[2025-05-02 16:56:20,772] {processor.py:641} INFO - Processing file /root/Documents/airflowalu/venv/lib/python3.9/site-packages/airflow/example_dags/example_bash_operator.py for tasks to queue
[2025-05-02 16:56:20,772] {logging_mixin.py:115} INFO - [2025-05-02 16:56:20,772] {dagbag.py:507} INFO - Filling up the DagBag from /root/Documents/airflowalu/venv/lib/python3.9/site-packages/airflow/example_dags/example_bash_operator.py
[2025-05-02 16:56:20,781] {processor.py:651} INFO - DAG(s) dict_keys(['example_bash_operator']) retrieved from /root/Documents/airflowalu/venv/lib/python3.9/site-packages/airflow/example_dags/example_bash_operator.py
[2025-05-02 16:56:20,796] {logging_mixin.py:115} INFO - [2025-05-02 16:56:20,796] {dag.py:2379} INFO - Sync 1 DAGs
[2025-05-02 16:56:20,815] {logging_mixin.py:115} INFO - [2025-05-02 16:56:20,815] {dag.py:2927} INFO - Setting next_dagrun for example_bash_operator to 2025-05-01T00:00:00+00:00, run_after=2025-05-02T00:00:00+00:00
[2025-05-02 16:56:20,830] {processor.py:161} INFO - Processing /root/Documents/airflowalu/venv/lib/python3.9/site-packages/airflow/example_dags/example_bash_operator.py took 0.062 seconds
[2025-05-02 16:56:51,916] {processor.py:153} INFO - Started process (PID=4735) to work on /root/Documents/airflowalu/venv/lib/python3.9/site-packages/airflow/example_dags/example_bash_operator.py
[2025-05-02 16:56:51,917] {processor.py:641} INFO - Processing file /root/Documents/airflowalu/venv/lib/python3.9/site-packages/airflow/example_dags/example_bash_operator.py for tasks to queue
[2025-05-02 16:56:51,917] {logging_mixin.py:115} INFO - [2025-05-02 16:56:51,917] {dagbag.py:507} INFO - Filling up the DagBag from /root/Documents/airflowalu/venv/lib/python3.9/site-packages/airflow/example_dags/example_bash_operator.py
[2025-05-02 16:56:51,924] {processor.py:651} INFO - DAG(s) dict_keys(['example_bash_operator']) retrieved from /root/Documents/airflowalu/venv/lib/python3.9/site-packages/airflow/example_dags/example_bash_operator.py
[2025-05-02 16:56:51,934] {logging_mixin.py:115} INFO - [2025-05-02 16:56:51,934] {dag.py:2379} INFO - Sync 1 DAGs
[2025-05-02 16:56:51,946] {logging_mixin.py:115} INFO - [2025-05-02 16:56:51,946] {dag.py:2927} INFO - Setting next_dagrun for example_bash_operator to 2025-05-01T00:00:00+00:00, run_after=2025-05-02T00:00:00+00:00
[2025-05-02 16:56:51,957] {processor.py:161} INFO - Processing /root/Documents/airflowalu/venv/lib/python3.9/site-packages/airflow/example_dags/example_bash_operator.py took 0.043 seconds
[2025-05-02 16:57:23,420] {processor.py:153} INFO - Started process (PID=4873) to work on /root/Documents/airflowalu/venv/lib/python3.9/site-packages/airflow/example_dags/example_bash_operator.py
[2025-05-02 16:57:23,420] {processor.py:641} INFO - Processing file /root/Documents/airflowalu/venv/lib/python3.9/site-packages/airflow/example_dags/example_bash_operator.py for tasks to queue
[2025-05-02 16:57:23,421] {logging_mixin.py:115} INFO - [2025-05-02 16:57:23,421] {dagbag.py:507} INFO - Filling up the DagBag from /root/Documents/airflowalu/venv/lib/python3.9/site-packages/airflow/example_dags/example_bash_operator.py
[2025-05-02 16:57:23,428] {processor.py:651} INFO - DAG(s) dict_keys(['example_bash_operator']) retrieved from /root/Documents/airflowalu/venv/lib/python3.9/site-packages/airflow/example_dags/example_bash_operator.py
[2025-05-02 16:57:23,438] {logging_mixin.py:115} INFO - [2025-05-02 16:57:23,438] {dag.py:2379} INFO - Sync 1 DAGs
[2025-05-02 16:57:23,451] {logging_mixin.py:115} INFO - [2025-05-02 16:57:23,451] {dag.py:2927} INFO - Setting next_dagrun for example_bash_operator to 2025-05-01T00:00:00+00:00, run_after=2025-05-02T00:00:00+00:00
[2025-05-02 16:57:23,461] {processor.py:161} INFO - Processing /root/Documents/airflowalu/venv/lib/python3.9/site-packages/airflow/example_dags/example_bash_operator.py took 0.043 seconds
[2025-05-02 16:57:54,513] {processor.py:153} INFO - Started process (PID=5004) to work on /root/Documents/airflowalu/venv/lib/python3.9/site-packages/airflow/example_dags/example_bash_operator.py
[2025-05-02 16:57:54,514] {processor.py:641} INFO - Processing file /root/Documents/airflowalu/venv/lib/python3.9/site-packages/airflow/example_dags/example_bash_operator.py for tasks to queue
[2025-05-02 16:57:54,514] {logging_mixin.py:115} INFO - [2025-05-02 16:57:54,514] {dagbag.py:507} INFO - Filling up the DagBag from /root/Documents/airflowalu/venv/lib/python3.9/site-packages/airflow/example_dags/example_bash_operator.py
[2025-05-02 16:57:54,520] {processor.py:651} INFO - DAG(s) dict_keys(['example_bash_operator']) retrieved from /root/Documents/airflowalu/venv/lib/python3.9/site-packages/airflow/example_dags/example_bash_operator.py
[2025-05-02 16:57:54,528] {logging_mixin.py:115} INFO - [2025-05-02 16:57:54,528] {dag.py:2379} INFO - Sync 1 DAGs
[2025-05-02 16:57:54,539] {logging_mixin.py:115} INFO - [2025-05-02 16:57:54,539] {dag.py:2927} INFO - Setting next_dagrun for example_bash_operator to 2025-05-01T00:00:00+00:00, run_after=2025-05-02T00:00:00+00:00
[2025-05-02 16:57:54,549] {processor.py:161} INFO - Processing /root/Documents/airflowalu/venv/lib/python3.9/site-packages/airflow/example_dags/example_bash_operator.py took 0.038 seconds
[2025-05-02 16:58:27,235] {processor.py:153} INFO - Started process (PID=5146) to work on /root/Documents/airflowalu/venv/lib/python3.9/site-packages/airflow/example_dags/example_bash_operator.py
[2025-05-02 16:58:27,236] {processor.py:641} INFO - Processing file /root/Documents/airflowalu/venv/lib/python3.9/site-packages/airflow/example_dags/example_bash_operator.py for tasks to queue
[2025-05-02 16:58:27,236] {logging_mixin.py:115} INFO - [2025-05-02 16:58:27,236] {dagbag.py:507} INFO - Filling up the DagBag from /root/Documents/airflowalu/venv/lib/python3.9/site-packages/airflow/example_dags/example_bash_operator.py
[2025-05-02 16:58:27,242] {processor.py:651} INFO - DAG(s) dict_keys(['example_bash_operator']) retrieved from /root/Documents/airflowalu/venv/lib/python3.9/site-packages/airflow/example_dags/example_bash_operator.py
[2025-05-02 16:58:27,250] {logging_mixin.py:115} INFO - [2025-05-02 16:58:27,250] {dag.py:2379} INFO - Sync 1 DAGs
[2025-05-02 16:58:27,262] {logging_mixin.py:115} INFO - [2025-05-02 16:58:27,262] {dag.py:2927} INFO - Setting next_dagrun for example_bash_operator to 2025-05-01T00:00:00+00:00, run_after=2025-05-02T00:00:00+00:00
[2025-05-02 16:58:27,272] {processor.py:161} INFO - Processing /root/Documents/airflowalu/venv/lib/python3.9/site-packages/airflow/example_dags/example_bash_operator.py took 0.038 seconds
[2025-05-02 16:58:59,876] {processor.py:153} INFO - Started process (PID=5283) to work on /root/Documents/airflowalu/venv/lib/python3.9/site-packages/airflow/example_dags/example_bash_operator.py
[2025-05-02 16:58:59,877] {processor.py:641} INFO - Processing file /root/Documents/airflowalu/venv/lib/python3.9/site-packages/airflow/example_dags/example_bash_operator.py for tasks to queue
[2025-05-02 16:58:59,877] {logging_mixin.py:115} INFO - [2025-05-02 16:58:59,877] {dagbag.py:507} INFO - Filling up the DagBag from /root/Documents/airflowalu/venv/lib/python3.9/site-packages/airflow/example_dags/example_bash_operator.py
[2025-05-02 16:58:59,883] {processor.py:651} INFO - DAG(s) dict_keys(['example_bash_operator']) retrieved from /root/Documents/airflowalu/venv/lib/python3.9/site-packages/airflow/example_dags/example_bash_operator.py
[2025-05-02 16:58:59,891] {logging_mixin.py:115} INFO - [2025-05-02 16:58:59,891] {dag.py:2379} INFO - Sync 1 DAGs
[2025-05-02 16:58:59,902] {logging_mixin.py:115} INFO - [2025-05-02 16:58:59,902] {dag.py:2927} INFO - Setting next_dagrun for example_bash_operator to 2025-05-01T00:00:00+00:00, run_after=2025-05-02T00:00:00+00:00
[2025-05-02 16:58:59,911] {processor.py:161} INFO - Processing /root/Documents/airflowalu/venv/lib/python3.9/site-packages/airflow/example_dags/example_bash_operator.py took 0.037 seconds
[2025-05-02 16:59:32,999] {processor.py:153} INFO - Started process (PID=5422) to work on /root/Documents/airflowalu/venv/lib/python3.9/site-packages/airflow/example_dags/example_bash_operator.py
[2025-05-02 16:59:33,000] {processor.py:641} INFO - Processing file /root/Documents/airflowalu/venv/lib/python3.9/site-packages/airflow/example_dags/example_bash_operator.py for tasks to queue
[2025-05-02 16:59:33,000] {logging_mixin.py:115} INFO - [2025-05-02 16:59:33,000] {dagbag.py:507} INFO - Filling up the DagBag from /root/Documents/airflowalu/venv/lib/python3.9/site-packages/airflow/example_dags/example_bash_operator.py
[2025-05-02 16:59:33,006] {processor.py:651} INFO - DAG(s) dict_keys(['example_bash_operator']) retrieved from /root/Documents/airflowalu/venv/lib/python3.9/site-packages/airflow/example_dags/example_bash_operator.py
[2025-05-02 16:59:33,014] {logging_mixin.py:115} INFO - [2025-05-02 16:59:33,014] {dag.py:2379} INFO - Sync 1 DAGs
[2025-05-02 16:59:33,027] {logging_mixin.py:115} INFO - [2025-05-02 16:59:33,027] {dag.py:2927} INFO - Setting next_dagrun for example_bash_operator to 2025-05-01T00:00:00+00:00, run_after=2025-05-02T00:00:00+00:00
[2025-05-02 16:59:33,039] {processor.py:161} INFO - Processing /root/Documents/airflowalu/venv/lib/python3.9/site-packages/airflow/example_dags/example_bash_operator.py took 0.042 seconds
[2025-05-02 17:00:04,674] {processor.py:153} INFO - Started process (PID=5555) to work on /root/Documents/airflowalu/venv/lib/python3.9/site-packages/airflow/example_dags/example_bash_operator.py
[2025-05-02 17:00:04,675] {processor.py:641} INFO - Processing file /root/Documents/airflowalu/venv/lib/python3.9/site-packages/airflow/example_dags/example_bash_operator.py for tasks to queue
[2025-05-02 17:00:04,675] {logging_mixin.py:115} INFO - [2025-05-02 17:00:04,675] {dagbag.py:507} INFO - Filling up the DagBag from /root/Documents/airflowalu/venv/lib/python3.9/site-packages/airflow/example_dags/example_bash_operator.py
[2025-05-02 17:00:04,681] {processor.py:651} INFO - DAG(s) dict_keys(['example_bash_operator']) retrieved from /root/Documents/airflowalu/venv/lib/python3.9/site-packages/airflow/example_dags/example_bash_operator.py
[2025-05-02 17:00:04,690] {logging_mixin.py:115} INFO - [2025-05-02 17:00:04,690] {dag.py:2379} INFO - Sync 1 DAGs
[2025-05-02 17:00:04,701] {logging_mixin.py:115} INFO - [2025-05-02 17:00:04,701] {dag.py:2927} INFO - Setting next_dagrun for example_bash_operator to 2025-05-01T00:00:00+00:00, run_after=2025-05-02T00:00:00+00:00
[2025-05-02 17:00:04,712] {processor.py:161} INFO - Processing /root/Documents/airflowalu/venv/lib/python3.9/site-packages/airflow/example_dags/example_bash_operator.py took 0.039 seconds
[2025-05-02 17:00:36,370] {processor.py:153} INFO - Started process (PID=5687) to work on /root/Documents/airflowalu/venv/lib/python3.9/site-packages/airflow/example_dags/example_bash_operator.py
[2025-05-02 17:00:36,370] {processor.py:641} INFO - Processing file /root/Documents/airflowalu/venv/lib/python3.9/site-packages/airflow/example_dags/example_bash_operator.py for tasks to queue
[2025-05-02 17:00:36,371] {logging_mixin.py:115} INFO - [2025-05-02 17:00:36,370] {dagbag.py:507} INFO - Filling up the DagBag from /root/Documents/airflowalu/venv/lib/python3.9/site-packages/airflow/example_dags/example_bash_operator.py
[2025-05-02 17:00:36,377] {processor.py:651} INFO - DAG(s) dict_keys(['example_bash_operator']) retrieved from /root/Documents/airflowalu/venv/lib/python3.9/site-packages/airflow/example_dags/example_bash_operator.py
[2025-05-02 17:00:36,385] {logging_mixin.py:115} INFO - [2025-05-02 17:00:36,385] {dag.py:2379} INFO - Sync 1 DAGs
[2025-05-02 17:00:36,396] {logging_mixin.py:115} INFO - [2025-05-02 17:00:36,396] {dag.py:2927} INFO - Setting next_dagrun for example_bash_operator to 2025-05-01T00:00:00+00:00, run_after=2025-05-02T00:00:00+00:00
[2025-05-02 17:00:36,408] {processor.py:161} INFO - Processing /root/Documents/airflowalu/venv/lib/python3.9/site-packages/airflow/example_dags/example_bash_operator.py took 0.040 seconds
[2025-05-02 17:01:09,222] {processor.py:153} INFO - Started process (PID=5826) to work on /root/Documents/airflowalu/venv/lib/python3.9/site-packages/airflow/example_dags/example_bash_operator.py
[2025-05-02 17:01:09,222] {processor.py:641} INFO - Processing file /root/Documents/airflowalu/venv/lib/python3.9/site-packages/airflow/example_dags/example_bash_operator.py for tasks to queue
[2025-05-02 17:01:09,223] {logging_mixin.py:115} INFO - [2025-05-02 17:01:09,222] {dagbag.py:507} INFO - Filling up the DagBag from /root/Documents/airflowalu/venv/lib/python3.9/site-packages/airflow/example_dags/example_bash_operator.py
[2025-05-02 17:01:09,228] {processor.py:651} INFO - DAG(s) dict_keys(['example_bash_operator']) retrieved from /root/Documents/airflowalu/venv/lib/python3.9/site-packages/airflow/example_dags/example_bash_operator.py
[2025-05-02 17:01:09,237] {logging_mixin.py:115} INFO - [2025-05-02 17:01:09,237] {dag.py:2379} INFO - Sync 1 DAGs
[2025-05-02 17:01:09,247] {logging_mixin.py:115} INFO - [2025-05-02 17:01:09,247] {dag.py:2927} INFO - Setting next_dagrun for example_bash_operator to 2025-05-01T00:00:00+00:00, run_after=2025-05-02T00:00:00+00:00
[2025-05-02 17:01:09,257] {processor.py:161} INFO - Processing /root/Documents/airflowalu/venv/lib/python3.9/site-packages/airflow/example_dags/example_bash_operator.py took 0.037 seconds
[2025-05-02 17:01:41,216] {processor.py:153} INFO - Started process (PID=5966) to work on /root/Documents/airflowalu/venv/lib/python3.9/site-packages/airflow/example_dags/example_bash_operator.py
[2025-05-02 17:01:41,217] {processor.py:641} INFO - Processing file /root/Documents/airflowalu/venv/lib/python3.9/site-packages/airflow/example_dags/example_bash_operator.py for tasks to queue
[2025-05-02 17:01:41,217] {logging_mixin.py:115} INFO - [2025-05-02 17:01:41,217] {dagbag.py:507} INFO - Filling up the DagBag from /root/Documents/airflowalu/venv/lib/python3.9/site-packages/airflow/example_dags/example_bash_operator.py
[2025-05-02 17:01:41,223] {processor.py:651} INFO - DAG(s) dict_keys(['example_bash_operator']) retrieved from /root/Documents/airflowalu/venv/lib/python3.9/site-packages/airflow/example_dags/example_bash_operator.py
[2025-05-02 17:01:41,231] {logging_mixin.py:115} INFO - [2025-05-02 17:01:41,231] {dag.py:2379} INFO - Sync 1 DAGs
[2025-05-02 17:01:41,241] {logging_mixin.py:115} INFO - [2025-05-02 17:01:41,241] {dag.py:2927} INFO - Setting next_dagrun for example_bash_operator to 2025-05-01T00:00:00+00:00, run_after=2025-05-02T00:00:00+00:00
[2025-05-02 17:01:41,252] {processor.py:161} INFO - Processing /root/Documents/airflowalu/venv/lib/python3.9/site-packages/airflow/example_dags/example_bash_operator.py took 0.038 seconds
[2025-05-02 17:02:12,776] {processor.py:153} INFO - Started process (PID=6099) to work on /root/Documents/airflowalu/venv/lib/python3.9/site-packages/airflow/example_dags/example_bash_operator.py
[2025-05-02 17:02:12,777] {processor.py:641} INFO - Processing file /root/Documents/airflowalu/venv/lib/python3.9/site-packages/airflow/example_dags/example_bash_operator.py for tasks to queue
[2025-05-02 17:02:12,777] {logging_mixin.py:115} INFO - [2025-05-02 17:02:12,777] {dagbag.py:507} INFO - Filling up the DagBag from /root/Documents/airflowalu/venv/lib/python3.9/site-packages/airflow/example_dags/example_bash_operator.py
[2025-05-02 17:02:12,783] {processor.py:651} INFO - DAG(s) dict_keys(['example_bash_operator']) retrieved from /root/Documents/airflowalu/venv/lib/python3.9/site-packages/airflow/example_dags/example_bash_operator.py
[2025-05-02 17:02:12,791] {logging_mixin.py:115} INFO - [2025-05-02 17:02:12,791] {dag.py:2379} INFO - Sync 1 DAGs
[2025-05-02 17:02:12,802] {logging_mixin.py:115} INFO - [2025-05-02 17:02:12,802] {dag.py:2927} INFO - Setting next_dagrun for example_bash_operator to 2025-05-01T00:00:00+00:00, run_after=2025-05-02T00:00:00+00:00
[2025-05-02 17:02:12,818] {processor.py:161} INFO - Processing /root/Documents/airflowalu/venv/lib/python3.9/site-packages/airflow/example_dags/example_bash_operator.py took 0.043 seconds
[2025-05-02 17:02:45,919] {processor.py:153} INFO - Started process (PID=6236) to work on /root/Documents/airflowalu/venv/lib/python3.9/site-packages/airflow/example_dags/example_bash_operator.py
[2025-05-02 17:02:45,920] {processor.py:641} INFO - Processing file /root/Documents/airflowalu/venv/lib/python3.9/site-packages/airflow/example_dags/example_bash_operator.py for tasks to queue
[2025-05-02 17:02:45,920] {logging_mixin.py:115} INFO - [2025-05-02 17:02:45,920] {dagbag.py:507} INFO - Filling up the DagBag from /root/Documents/airflowalu/venv/lib/python3.9/site-packages/airflow/example_dags/example_bash_operator.py
[2025-05-02 17:02:45,926] {processor.py:651} INFO - DAG(s) dict_keys(['example_bash_operator']) retrieved from /root/Documents/airflowalu/venv/lib/python3.9/site-packages/airflow/example_dags/example_bash_operator.py
[2025-05-02 17:02:45,937] {logging_mixin.py:115} INFO - [2025-05-02 17:02:45,937] {dag.py:2379} INFO - Sync 1 DAGs
[2025-05-02 17:02:45,946] {logging_mixin.py:115} INFO - [2025-05-02 17:02:45,946] {dag.py:2927} INFO - Setting next_dagrun for example_bash_operator to 2025-05-01T00:00:00+00:00, run_after=2025-05-02T00:00:00+00:00
[2025-05-02 17:02:45,957] {processor.py:161} INFO - Processing /root/Documents/airflowalu/venv/lib/python3.9/site-packages/airflow/example_dags/example_bash_operator.py took 0.039 seconds
[2025-05-02 17:03:18,359] {processor.py:153} INFO - Started process (PID=6380) to work on /root/Documents/airflowalu/venv/lib/python3.9/site-packages/airflow/example_dags/example_bash_operator.py
[2025-05-02 17:03:18,360] {processor.py:641} INFO - Processing file /root/Documents/airflowalu/venv/lib/python3.9/site-packages/airflow/example_dags/example_bash_operator.py for tasks to queue
[2025-05-02 17:03:18,360] {logging_mixin.py:115} INFO - [2025-05-02 17:03:18,360] {dagbag.py:507} INFO - Filling up the DagBag from /root/Documents/airflowalu/venv/lib/python3.9/site-packages/airflow/example_dags/example_bash_operator.py
[2025-05-02 17:03:18,366] {processor.py:651} INFO - DAG(s) dict_keys(['example_bash_operator']) retrieved from /root/Documents/airflowalu/venv/lib/python3.9/site-packages/airflow/example_dags/example_bash_operator.py
[2025-05-02 17:03:18,378] {logging_mixin.py:115} INFO - [2025-05-02 17:03:18,378] {dag.py:2379} INFO - Sync 1 DAGs
[2025-05-02 17:03:18,388] {logging_mixin.py:115} INFO - [2025-05-02 17:03:18,388] {dag.py:2927} INFO - Setting next_dagrun for example_bash_operator to 2025-05-01T00:00:00+00:00, run_after=2025-05-02T00:00:00+00:00
[2025-05-02 17:03:18,398] {processor.py:161} INFO - Processing /root/Documents/airflowalu/venv/lib/python3.9/site-packages/airflow/example_dags/example_bash_operator.py took 0.041 seconds
[2025-05-02 17:03:50,208] {processor.py:153} INFO - Started process (PID=6513) to work on /root/Documents/airflowalu/venv/lib/python3.9/site-packages/airflow/example_dags/example_bash_operator.py
[2025-05-02 17:03:50,209] {processor.py:641} INFO - Processing file /root/Documents/airflowalu/venv/lib/python3.9/site-packages/airflow/example_dags/example_bash_operator.py for tasks to queue
[2025-05-02 17:03:50,209] {logging_mixin.py:115} INFO - [2025-05-02 17:03:50,209] {dagbag.py:507} INFO - Filling up the DagBag from /root/Documents/airflowalu/venv/lib/python3.9/site-packages/airflow/example_dags/example_bash_operator.py
[2025-05-02 17:03:50,215] {processor.py:651} INFO - DAG(s) dict_keys(['example_bash_operator']) retrieved from /root/Documents/airflowalu/venv/lib/python3.9/site-packages/airflow/example_dags/example_bash_operator.py
[2025-05-02 17:03:50,225] {logging_mixin.py:115} INFO - [2025-05-02 17:03:50,225] {dag.py:2379} INFO - Sync 1 DAGs
[2025-05-02 17:03:50,236] {logging_mixin.py:115} INFO - [2025-05-02 17:03:50,236] {dag.py:2927} INFO - Setting next_dagrun for example_bash_operator to 2025-05-01T00:00:00+00:00, run_after=2025-05-02T00:00:00+00:00
[2025-05-02 17:03:50,247] {processor.py:161} INFO - Processing /root/Documents/airflowalu/venv/lib/python3.9/site-packages/airflow/example_dags/example_bash_operator.py took 0.041 seconds
[2025-05-02 17:04:22,519] {processor.py:153} INFO - Started process (PID=6652) to work on /root/Documents/airflowalu/venv/lib/python3.9/site-packages/airflow/example_dags/example_bash_operator.py
[2025-05-02 17:04:22,520] {processor.py:641} INFO - Processing file /root/Documents/airflowalu/venv/lib/python3.9/site-packages/airflow/example_dags/example_bash_operator.py for tasks to queue
[2025-05-02 17:04:22,520] {logging_mixin.py:115} INFO - [2025-05-02 17:04:22,520] {dagbag.py:507} INFO - Filling up the DagBag from /root/Documents/airflowalu/venv/lib/python3.9/site-packages/airflow/example_dags/example_bash_operator.py
[2025-05-02 17:04:22,526] {processor.py:651} INFO - DAG(s) dict_keys(['example_bash_operator']) retrieved from /root/Documents/airflowalu/venv/lib/python3.9/site-packages/airflow/example_dags/example_bash_operator.py
[2025-05-02 17:04:22,537] {logging_mixin.py:115} INFO - [2025-05-02 17:04:22,537] {dag.py:2379} INFO - Sync 1 DAGs
[2025-05-02 17:04:22,546] {logging_mixin.py:115} INFO - [2025-05-02 17:04:22,546] {dag.py:2927} INFO - Setting next_dagrun for example_bash_operator to 2025-05-01T00:00:00+00:00, run_after=2025-05-02T00:00:00+00:00
[2025-05-02 17:04:22,559] {processor.py:161} INFO - Processing /root/Documents/airflowalu/venv/lib/python3.9/site-packages/airflow/example_dags/example_bash_operator.py took 0.041 seconds
[2025-05-02 17:04:51,774] {processor.py:153} INFO - Started process (PID=6786) to work on /root/Documents/airflowalu/venv/lib/python3.9/site-packages/airflow/example_dags/example_bash_operator.py
[2025-05-02 17:04:51,775] {processor.py:641} INFO - Processing file /root/Documents/airflowalu/venv/lib/python3.9/site-packages/airflow/example_dags/example_bash_operator.py for tasks to queue
[2025-05-02 17:04:51,775] {logging_mixin.py:115} INFO - [2025-05-02 17:04:51,775] {dagbag.py:507} INFO - Filling up the DagBag from /root/Documents/airflowalu/venv/lib/python3.9/site-packages/airflow/example_dags/example_bash_operator.py
[2025-05-02 17:04:51,781] {processor.py:651} INFO - DAG(s) dict_keys(['example_bash_operator']) retrieved from /root/Documents/airflowalu/venv/lib/python3.9/site-packages/airflow/example_dags/example_bash_operator.py
[2025-05-02 17:04:51,795] {logging_mixin.py:115} INFO - [2025-05-02 17:04:51,795] {dag.py:2379} INFO - Sync 1 DAGs
[2025-05-02 17:04:51,808] {logging_mixin.py:115} INFO - [2025-05-02 17:04:51,808] {dag.py:2927} INFO - Setting next_dagrun for example_bash_operator to 2025-05-01T00:00:00+00:00, run_after=2025-05-02T00:00:00+00:00
[2025-05-02 17:04:51,821] {processor.py:161} INFO - Processing /root/Documents/airflowalu/venv/lib/python3.9/site-packages/airflow/example_dags/example_bash_operator.py took 0.049 seconds
[2025-05-02 17:05:27,341] {processor.py:153} INFO - Started process (PID=6934) to work on /root/Documents/airflowalu/venv/lib/python3.9/site-packages/airflow/example_dags/example_bash_operator.py
[2025-05-02 17:05:27,341] {processor.py:641} INFO - Processing file /root/Documents/airflowalu/venv/lib/python3.9/site-packages/airflow/example_dags/example_bash_operator.py for tasks to queue
[2025-05-02 17:05:27,342] {logging_mixin.py:115} INFO - [2025-05-02 17:05:27,342] {dagbag.py:507} INFO - Filling up the DagBag from /root/Documents/airflowalu/venv/lib/python3.9/site-packages/airflow/example_dags/example_bash_operator.py
[2025-05-02 17:05:27,348] {processor.py:651} INFO - DAG(s) dict_keys(['example_bash_operator']) retrieved from /root/Documents/airflowalu/venv/lib/python3.9/site-packages/airflow/example_dags/example_bash_operator.py
[2025-05-02 17:05:27,358] {logging_mixin.py:115} INFO - [2025-05-02 17:05:27,358] {dag.py:2379} INFO - Sync 1 DAGs
[2025-05-02 17:05:27,368] {logging_mixin.py:115} INFO - [2025-05-02 17:05:27,368] {dag.py:2927} INFO - Setting next_dagrun for example_bash_operator to 2025-05-01T00:00:00+00:00, run_after=2025-05-02T00:00:00+00:00
[2025-05-02 17:05:27,378] {processor.py:161} INFO - Processing /root/Documents/airflowalu/venv/lib/python3.9/site-packages/airflow/example_dags/example_bash_operator.py took 0.039 seconds
[2025-05-02 17:05:58,034] {processor.py:153} INFO - Started process (PID=7068) to work on /root/Documents/airflowalu/venv/lib/python3.9/site-packages/airflow/example_dags/example_bash_operator.py
[2025-05-02 17:05:58,035] {processor.py:641} INFO - Processing file /root/Documents/airflowalu/venv/lib/python3.9/site-packages/airflow/example_dags/example_bash_operator.py for tasks to queue
[2025-05-02 17:05:58,035] {logging_mixin.py:115} INFO - [2025-05-02 17:05:58,035] {dagbag.py:507} INFO - Filling up the DagBag from /root/Documents/airflowalu/venv/lib/python3.9/site-packages/airflow/example_dags/example_bash_operator.py
[2025-05-02 17:05:58,042] {processor.py:651} INFO - DAG(s) dict_keys(['example_bash_operator']) retrieved from /root/Documents/airflowalu/venv/lib/python3.9/site-packages/airflow/example_dags/example_bash_operator.py
[2025-05-02 17:05:58,053] {logging_mixin.py:115} INFO - [2025-05-02 17:05:58,053] {dag.py:2379} INFO - Sync 1 DAGs
[2025-05-02 17:05:58,063] {logging_mixin.py:115} INFO - [2025-05-02 17:05:58,062] {dag.py:2927} INFO - Setting next_dagrun for example_bash_operator to 2025-05-01T00:00:00+00:00, run_after=2025-05-02T00:00:00+00:00
[2025-05-02 17:05:58,074] {processor.py:161} INFO - Processing /root/Documents/airflowalu/venv/lib/python3.9/site-packages/airflow/example_dags/example_bash_operator.py took 0.041 seconds
[2025-05-02 17:06:30,776] {processor.py:153} INFO - Started process (PID=7207) to work on /root/Documents/airflowalu/venv/lib/python3.9/site-packages/airflow/example_dags/example_bash_operator.py
[2025-05-02 17:06:30,777] {processor.py:641} INFO - Processing file /root/Documents/airflowalu/venv/lib/python3.9/site-packages/airflow/example_dags/example_bash_operator.py for tasks to queue
[2025-05-02 17:06:30,777] {logging_mixin.py:115} INFO - [2025-05-02 17:06:30,777] {dagbag.py:507} INFO - Filling up the DagBag from /root/Documents/airflowalu/venv/lib/python3.9/site-packages/airflow/example_dags/example_bash_operator.py
[2025-05-02 17:06:30,783] {processor.py:651} INFO - DAG(s) dict_keys(['example_bash_operator']) retrieved from /root/Documents/airflowalu/venv/lib/python3.9/site-packages/airflow/example_dags/example_bash_operator.py
[2025-05-02 17:06:30,794] {logging_mixin.py:115} INFO - [2025-05-02 17:06:30,794] {dag.py:2379} INFO - Sync 1 DAGs
[2025-05-02 17:06:30,804] {logging_mixin.py:115} INFO - [2025-05-02 17:06:30,804] {dag.py:2927} INFO - Setting next_dagrun for example_bash_operator to 2025-05-01T00:00:00+00:00, run_after=2025-05-02T00:00:00+00:00
[2025-05-02 17:06:30,817] {processor.py:161} INFO - Processing /root/Documents/airflowalu/venv/lib/python3.9/site-packages/airflow/example_dags/example_bash_operator.py took 0.043 seconds
[2025-05-02 17:07:03,232] {processor.py:153} INFO - Started process (PID=7349) to work on /root/Documents/airflowalu/venv/lib/python3.9/site-packages/airflow/example_dags/example_bash_operator.py
[2025-05-02 17:07:03,232] {processor.py:641} INFO - Processing file /root/Documents/airflowalu/venv/lib/python3.9/site-packages/airflow/example_dags/example_bash_operator.py for tasks to queue
[2025-05-02 17:07:03,233] {logging_mixin.py:115} INFO - [2025-05-02 17:07:03,233] {dagbag.py:507} INFO - Filling up the DagBag from /root/Documents/airflowalu/venv/lib/python3.9/site-packages/airflow/example_dags/example_bash_operator.py
[2025-05-02 17:07:03,239] {processor.py:651} INFO - DAG(s) dict_keys(['example_bash_operator']) retrieved from /root/Documents/airflowalu/venv/lib/python3.9/site-packages/airflow/example_dags/example_bash_operator.py
[2025-05-02 17:07:03,249] {logging_mixin.py:115} INFO - [2025-05-02 17:07:03,249] {dag.py:2379} INFO - Sync 1 DAGs
[2025-05-02 17:07:03,258] {logging_mixin.py:115} INFO - [2025-05-02 17:07:03,258] {dag.py:2927} INFO - Setting next_dagrun for example_bash_operator to 2025-05-01T00:00:00+00:00, run_after=2025-05-02T00:00:00+00:00
[2025-05-02 17:07:03,269] {processor.py:161} INFO - Processing /root/Documents/airflowalu/venv/lib/python3.9/site-packages/airflow/example_dags/example_bash_operator.py took 0.039 seconds
[2025-05-02 17:07:35,775] {processor.py:153} INFO - Started process (PID=7480) to work on /root/Documents/airflowalu/venv/lib/python3.9/site-packages/airflow/example_dags/example_bash_operator.py
[2025-05-02 17:07:35,775] {processor.py:641} INFO - Processing file /root/Documents/airflowalu/venv/lib/python3.9/site-packages/airflow/example_dags/example_bash_operator.py for tasks to queue
[2025-05-02 17:07:35,776] {logging_mixin.py:115} INFO - [2025-05-02 17:07:35,776] {dagbag.py:507} INFO - Filling up the DagBag from /root/Documents/airflowalu/venv/lib/python3.9/site-packages/airflow/example_dags/example_bash_operator.py
[2025-05-02 17:07:35,782] {processor.py:651} INFO - DAG(s) dict_keys(['example_bash_operator']) retrieved from /root/Documents/airflowalu/venv/lib/python3.9/site-packages/airflow/example_dags/example_bash_operator.py
[2025-05-02 17:07:35,793] {logging_mixin.py:115} INFO - [2025-05-02 17:07:35,793] {dag.py:2379} INFO - Sync 1 DAGs
[2025-05-02 17:07:35,803] {logging_mixin.py:115} INFO - [2025-05-02 17:07:35,803] {dag.py:2927} INFO - Setting next_dagrun for example_bash_operator to 2025-05-01T00:00:00+00:00, run_after=2025-05-02T00:00:00+00:00
[2025-05-02 17:07:35,815] {processor.py:161} INFO - Processing /root/Documents/airflowalu/venv/lib/python3.9/site-packages/airflow/example_dags/example_bash_operator.py took 0.042 seconds
[2025-05-02 17:08:07,870] {processor.py:153} INFO - Started process (PID=7620) to work on /root/Documents/airflowalu/venv/lib/python3.9/site-packages/airflow/example_dags/example_bash_operator.py
[2025-05-02 17:08:07,871] {processor.py:641} INFO - Processing file /root/Documents/airflowalu/venv/lib/python3.9/site-packages/airflow/example_dags/example_bash_operator.py for tasks to queue
[2025-05-02 17:08:07,871] {logging_mixin.py:115} INFO - [2025-05-02 17:08:07,871] {dagbag.py:507} INFO - Filling up the DagBag from /root/Documents/airflowalu/venv/lib/python3.9/site-packages/airflow/example_dags/example_bash_operator.py
[2025-05-02 17:08:07,877] {processor.py:651} INFO - DAG(s) dict_keys(['example_bash_operator']) retrieved from /root/Documents/airflowalu/venv/lib/python3.9/site-packages/airflow/example_dags/example_bash_operator.py
[2025-05-02 17:08:07,887] {logging_mixin.py:115} INFO - [2025-05-02 17:08:07,887] {dag.py:2379} INFO - Sync 1 DAGs
[2025-05-02 17:08:07,897] {logging_mixin.py:115} INFO - [2025-05-02 17:08:07,897] {dag.py:2927} INFO - Setting next_dagrun for example_bash_operator to 2025-05-01T00:00:00+00:00, run_after=2025-05-02T00:00:00+00:00
[2025-05-02 17:08:07,907] {processor.py:161} INFO - Processing /root/Documents/airflowalu/venv/lib/python3.9/site-packages/airflow/example_dags/example_bash_operator.py took 0.039 seconds
[2025-05-02 17:08:39,021] {processor.py:153} INFO - Started process (PID=7753) to work on /root/Documents/airflowalu/venv/lib/python3.9/site-packages/airflow/example_dags/example_bash_operator.py
[2025-05-02 17:08:39,022] {processor.py:641} INFO - Processing file /root/Documents/airflowalu/venv/lib/python3.9/site-packages/airflow/example_dags/example_bash_operator.py for tasks to queue
[2025-05-02 17:08:39,022] {logging_mixin.py:115} INFO - [2025-05-02 17:08:39,022] {dagbag.py:507} INFO - Filling up the DagBag from /root/Documents/airflowalu/venv/lib/python3.9/site-packages/airflow/example_dags/example_bash_operator.py
[2025-05-02 17:08:39,028] {processor.py:651} INFO - DAG(s) dict_keys(['example_bash_operator']) retrieved from /root/Documents/airflowalu/venv/lib/python3.9/site-packages/airflow/example_dags/example_bash_operator.py
[2025-05-02 17:08:39,040] {logging_mixin.py:115} INFO - [2025-05-02 17:08:39,040] {dag.py:2379} INFO - Sync 1 DAGs
[2025-05-02 17:08:39,050] {logging_mixin.py:115} INFO - [2025-05-02 17:08:39,050] {dag.py:2927} INFO - Setting next_dagrun for example_bash_operator to 2025-05-01T00:00:00+00:00, run_after=2025-05-02T00:00:00+00:00
[2025-05-02 17:08:39,061] {processor.py:161} INFO - Processing /root/Documents/airflowalu/venv/lib/python3.9/site-packages/airflow/example_dags/example_bash_operator.py took 0.042 seconds
[2025-05-02 17:09:12,605] {processor.py:153} INFO - Started process (PID=7892) to work on /root/Documents/airflowalu/venv/lib/python3.9/site-packages/airflow/example_dags/example_bash_operator.py
[2025-05-02 17:09:12,606] {processor.py:641} INFO - Processing file /root/Documents/airflowalu/venv/lib/python3.9/site-packages/airflow/example_dags/example_bash_operator.py for tasks to queue
[2025-05-02 17:09:12,606] {logging_mixin.py:115} INFO - [2025-05-02 17:09:12,606] {dagbag.py:507} INFO - Filling up the DagBag from /root/Documents/airflowalu/venv/lib/python3.9/site-packages/airflow/example_dags/example_bash_operator.py
[2025-05-02 17:09:12,614] {processor.py:651} INFO - DAG(s) dict_keys(['example_bash_operator']) retrieved from /root/Documents/airflowalu/venv/lib/python3.9/site-packages/airflow/example_dags/example_bash_operator.py
[2025-05-02 17:09:12,625] {logging_mixin.py:115} INFO - [2025-05-02 17:09:12,625] {dag.py:2379} INFO - Sync 1 DAGs
[2025-05-02 17:09:12,638] {logging_mixin.py:115} INFO - [2025-05-02 17:09:12,638] {dag.py:2927} INFO - Setting next_dagrun for example_bash_operator to 2025-05-01T00:00:00+00:00, run_after=2025-05-02T00:00:00+00:00
[2025-05-02 17:09:12,649] {processor.py:161} INFO - Processing /root/Documents/airflowalu/venv/lib/python3.9/site-packages/airflow/example_dags/example_bash_operator.py took 0.046 seconds
[2025-05-02 17:09:44,468] {processor.py:153} INFO - Started process (PID=8026) to work on /root/Documents/airflowalu/venv/lib/python3.9/site-packages/airflow/example_dags/example_bash_operator.py
[2025-05-02 17:09:44,469] {processor.py:641} INFO - Processing file /root/Documents/airflowalu/venv/lib/python3.9/site-packages/airflow/example_dags/example_bash_operator.py for tasks to queue
[2025-05-02 17:09:44,469] {logging_mixin.py:115} INFO - [2025-05-02 17:09:44,469] {dagbag.py:507} INFO - Filling up the DagBag from /root/Documents/airflowalu/venv/lib/python3.9/site-packages/airflow/example_dags/example_bash_operator.py
[2025-05-02 17:09:44,475] {processor.py:651} INFO - DAG(s) dict_keys(['example_bash_operator']) retrieved from /root/Documents/airflowalu/venv/lib/python3.9/site-packages/airflow/example_dags/example_bash_operator.py
[2025-05-02 17:09:44,485] {logging_mixin.py:115} INFO - [2025-05-02 17:09:44,485] {dag.py:2379} INFO - Sync 1 DAGs
[2025-05-02 17:09:44,495] {logging_mixin.py:115} INFO - [2025-05-02 17:09:44,494] {dag.py:2927} INFO - Setting next_dagrun for example_bash_operator to 2025-05-01T00:00:00+00:00, run_after=2025-05-02T00:00:00+00:00
[2025-05-02 17:09:44,505] {processor.py:161} INFO - Processing /root/Documents/airflowalu/venv/lib/python3.9/site-packages/airflow/example_dags/example_bash_operator.py took 0.038 seconds
[2025-05-02 17:10:15,357] {processor.py:153} INFO - Started process (PID=8155) to work on /root/Documents/airflowalu/venv/lib/python3.9/site-packages/airflow/example_dags/example_bash_operator.py
[2025-05-02 17:10:15,358] {processor.py:641} INFO - Processing file /root/Documents/airflowalu/venv/lib/python3.9/site-packages/airflow/example_dags/example_bash_operator.py for tasks to queue
[2025-05-02 17:10:15,358] {logging_mixin.py:115} INFO - [2025-05-02 17:10:15,358] {dagbag.py:507} INFO - Filling up the DagBag from /root/Documents/airflowalu/venv/lib/python3.9/site-packages/airflow/example_dags/example_bash_operator.py
[2025-05-02 17:10:15,364] {processor.py:651} INFO - DAG(s) dict_keys(['example_bash_operator']) retrieved from /root/Documents/airflowalu/venv/lib/python3.9/site-packages/airflow/example_dags/example_bash_operator.py
[2025-05-02 17:10:15,374] {logging_mixin.py:115} INFO - [2025-05-02 17:10:15,374] {dag.py:2379} INFO - Sync 1 DAGs
[2025-05-02 17:10:15,383] {logging_mixin.py:115} INFO - [2025-05-02 17:10:15,383] {dag.py:2927} INFO - Setting next_dagrun for example_bash_operator to 2025-05-01T00:00:00+00:00, run_after=2025-05-02T00:00:00+00:00
[2025-05-02 17:10:15,393] {processor.py:161} INFO - Processing /root/Documents/airflowalu/venv/lib/python3.9/site-packages/airflow/example_dags/example_bash_operator.py took 0.037 seconds
[2025-05-02 17:10:46,242] {processor.py:153} INFO - Started process (PID=8291) to work on /root/Documents/airflowalu/venv/lib/python3.9/site-packages/airflow/example_dags/example_bash_operator.py
[2025-05-02 17:10:46,243] {processor.py:641} INFO - Processing file /root/Documents/airflowalu/venv/lib/python3.9/site-packages/airflow/example_dags/example_bash_operator.py for tasks to queue
[2025-05-02 17:10:46,243] {logging_mixin.py:115} INFO - [2025-05-02 17:10:46,243] {dagbag.py:507} INFO - Filling up the DagBag from /root/Documents/airflowalu/venv/lib/python3.9/site-packages/airflow/example_dags/example_bash_operator.py
[2025-05-02 17:10:46,250] {processor.py:651} INFO - DAG(s) dict_keys(['example_bash_operator']) retrieved from /root/Documents/airflowalu/venv/lib/python3.9/site-packages/airflow/example_dags/example_bash_operator.py
[2025-05-02 17:10:46,261] {logging_mixin.py:115} INFO - [2025-05-02 17:10:46,261] {dag.py:2379} INFO - Sync 1 DAGs
[2025-05-02 17:10:46,271] {logging_mixin.py:115} INFO - [2025-05-02 17:10:46,271] {dag.py:2927} INFO - Setting next_dagrun for example_bash_operator to 2025-05-01T00:00:00+00:00, run_after=2025-05-02T00:00:00+00:00
[2025-05-02 17:10:46,281] {processor.py:161} INFO - Processing /root/Documents/airflowalu/venv/lib/python3.9/site-packages/airflow/example_dags/example_bash_operator.py took 0.041 seconds
[2025-05-02 17:11:19,990] {processor.py:153} INFO - Started process (PID=8442) to work on /root/Documents/airflowalu/venv/lib/python3.9/site-packages/airflow/example_dags/example_bash_operator.py
[2025-05-02 17:11:19,991] {processor.py:641} INFO - Processing file /root/Documents/airflowalu/venv/lib/python3.9/site-packages/airflow/example_dags/example_bash_operator.py for tasks to queue
[2025-05-02 17:11:19,991] {logging_mixin.py:115} INFO - [2025-05-02 17:11:19,991] {dagbag.py:507} INFO - Filling up the DagBag from /root/Documents/airflowalu/venv/lib/python3.9/site-packages/airflow/example_dags/example_bash_operator.py
[2025-05-02 17:11:19,997] {processor.py:651} INFO - DAG(s) dict_keys(['example_bash_operator']) retrieved from /root/Documents/airflowalu/venv/lib/python3.9/site-packages/airflow/example_dags/example_bash_operator.py
[2025-05-02 17:11:20,006] {logging_mixin.py:115} INFO - [2025-05-02 17:11:20,006] {dag.py:2379} INFO - Sync 1 DAGs
[2025-05-02 17:11:20,016] {logging_mixin.py:115} INFO - [2025-05-02 17:11:20,016] {dag.py:2927} INFO - Setting next_dagrun for example_bash_operator to 2025-05-01T00:00:00+00:00, run_after=2025-05-02T00:00:00+00:00
[2025-05-02 17:11:20,026] {processor.py:161} INFO - Processing /root/Documents/airflowalu/venv/lib/python3.9/site-packages/airflow/example_dags/example_bash_operator.py took 0.038 seconds
[2025-05-02 17:11:52,013] {processor.py:153} INFO - Started process (PID=8580) to work on /root/Documents/airflowalu/venv/lib/python3.9/site-packages/airflow/example_dags/example_bash_operator.py
[2025-05-02 17:11:52,013] {processor.py:641} INFO - Processing file /root/Documents/airflowalu/venv/lib/python3.9/site-packages/airflow/example_dags/example_bash_operator.py for tasks to queue
[2025-05-02 17:11:52,014] {logging_mixin.py:115} INFO - [2025-05-02 17:11:52,014] {dagbag.py:507} INFO - Filling up the DagBag from /root/Documents/airflowalu/venv/lib/python3.9/site-packages/airflow/example_dags/example_bash_operator.py
[2025-05-02 17:11:52,020] {processor.py:651} INFO - DAG(s) dict_keys(['example_bash_operator']) retrieved from /root/Documents/airflowalu/venv/lib/python3.9/site-packages/airflow/example_dags/example_bash_operator.py
[2025-05-02 17:11:52,031] {logging_mixin.py:115} INFO - [2025-05-02 17:11:52,031] {dag.py:2379} INFO - Sync 1 DAGs
[2025-05-02 17:11:52,041] {logging_mixin.py:115} INFO - [2025-05-02 17:11:52,041] {dag.py:2927} INFO - Setting next_dagrun for example_bash_operator to 2025-05-01T00:00:00+00:00, run_after=2025-05-02T00:00:00+00:00
[2025-05-02 17:11:52,052] {processor.py:161} INFO - Processing /root/Documents/airflowalu/venv/lib/python3.9/site-packages/airflow/example_dags/example_bash_operator.py took 0.041 seconds
[2025-05-02 17:12:22,903] {processor.py:153} INFO - Started process (PID=8716) to work on /root/Documents/airflowalu/venv/lib/python3.9/site-packages/airflow/example_dags/example_bash_operator.py
[2025-05-02 17:12:22,904] {processor.py:641} INFO - Processing file /root/Documents/airflowalu/venv/lib/python3.9/site-packages/airflow/example_dags/example_bash_operator.py for tasks to queue
[2025-05-02 17:12:22,904] {logging_mixin.py:115} INFO - [2025-05-02 17:12:22,904] {dagbag.py:507} INFO - Filling up the DagBag from /root/Documents/airflowalu/venv/lib/python3.9/site-packages/airflow/example_dags/example_bash_operator.py
[2025-05-02 17:12:22,910] {processor.py:651} INFO - DAG(s) dict_keys(['example_bash_operator']) retrieved from /root/Documents/airflowalu/venv/lib/python3.9/site-packages/airflow/example_dags/example_bash_operator.py
[2025-05-02 17:12:22,920] {logging_mixin.py:115} INFO - [2025-05-02 17:12:22,920] {dag.py:2379} INFO - Sync 1 DAGs
[2025-05-02 17:12:22,930] {logging_mixin.py:115} INFO - [2025-05-02 17:12:22,930] {dag.py:2927} INFO - Setting next_dagrun for example_bash_operator to 2025-05-01T00:00:00+00:00, run_after=2025-05-02T00:00:00+00:00
[2025-05-02 17:12:22,940] {processor.py:161} INFO - Processing /root/Documents/airflowalu/venv/lib/python3.9/site-packages/airflow/example_dags/example_bash_operator.py took 0.038 seconds
[2025-05-02 17:12:53,087] {processor.py:153} INFO - Started process (PID=8856) to work on /root/Documents/airflowalu/venv/lib/python3.9/site-packages/airflow/example_dags/example_bash_operator.py
[2025-05-02 17:12:53,088] {processor.py:641} INFO - Processing file /root/Documents/airflowalu/venv/lib/python3.9/site-packages/airflow/example_dags/example_bash_operator.py for tasks to queue
[2025-05-02 17:12:53,088] {logging_mixin.py:115} INFO - [2025-05-02 17:12:53,088] {dagbag.py:507} INFO - Filling up the DagBag from /root/Documents/airflowalu/venv/lib/python3.9/site-packages/airflow/example_dags/example_bash_operator.py
[2025-05-02 17:12:53,094] {processor.py:651} INFO - DAG(s) dict_keys(['example_bash_operator']) retrieved from /root/Documents/airflowalu/venv/lib/python3.9/site-packages/airflow/example_dags/example_bash_operator.py
[2025-05-02 17:12:53,104] {logging_mixin.py:115} INFO - [2025-05-02 17:12:53,104] {dag.py:2379} INFO - Sync 1 DAGs
[2025-05-02 17:12:53,113] {logging_mixin.py:115} INFO - [2025-05-02 17:12:53,113] {dag.py:2927} INFO - Setting next_dagrun for example_bash_operator to 2025-05-01T00:00:00+00:00, run_after=2025-05-02T00:00:00+00:00
[2025-05-02 17:12:53,122] {processor.py:161} INFO - Processing /root/Documents/airflowalu/venv/lib/python3.9/site-packages/airflow/example_dags/example_bash_operator.py took 0.036 seconds
[2025-05-02 17:13:24,354] {processor.py:153} INFO - Started process (PID=8999) to work on /root/Documents/airflowalu/venv/lib/python3.9/site-packages/airflow/example_dags/example_bash_operator.py
[2025-05-02 17:13:24,355] {processor.py:641} INFO - Processing file /root/Documents/airflowalu/venv/lib/python3.9/site-packages/airflow/example_dags/example_bash_operator.py for tasks to queue
[2025-05-02 17:13:24,355] {logging_mixin.py:115} INFO - [2025-05-02 17:13:24,355] {dagbag.py:507} INFO - Filling up the DagBag from /root/Documents/airflowalu/venv/lib/python3.9/site-packages/airflow/example_dags/example_bash_operator.py
[2025-05-02 17:13:24,362] {processor.py:651} INFO - DAG(s) dict_keys(['example_bash_operator']) retrieved from /root/Documents/airflowalu/venv/lib/python3.9/site-packages/airflow/example_dags/example_bash_operator.py
[2025-05-02 17:13:24,380] {logging_mixin.py:115} INFO - [2025-05-02 17:13:24,380] {dag.py:2379} INFO - Sync 1 DAGs
[2025-05-02 17:13:24,392] {logging_mixin.py:115} INFO - [2025-05-02 17:13:24,392] {dag.py:2927} INFO - Setting next_dagrun for example_bash_operator to 2025-05-01T00:00:00+00:00, run_after=2025-05-02T00:00:00+00:00
[2025-05-02 17:13:24,403] {processor.py:161} INFO - Processing /root/Documents/airflowalu/venv/lib/python3.9/site-packages/airflow/example_dags/example_bash_operator.py took 0.050 seconds
[2025-05-02 17:13:56,297] {processor.py:153} INFO - Started process (PID=9130) to work on /root/Documents/airflowalu/venv/lib/python3.9/site-packages/airflow/example_dags/example_bash_operator.py
[2025-05-02 17:13:56,298] {processor.py:641} INFO - Processing file /root/Documents/airflowalu/venv/lib/python3.9/site-packages/airflow/example_dags/example_bash_operator.py for tasks to queue
[2025-05-02 17:13:56,298] {logging_mixin.py:115} INFO - [2025-05-02 17:13:56,298] {dagbag.py:507} INFO - Filling up the DagBag from /root/Documents/airflowalu/venv/lib/python3.9/site-packages/airflow/example_dags/example_bash_operator.py
[2025-05-02 17:13:56,304] {processor.py:651} INFO - DAG(s) dict_keys(['example_bash_operator']) retrieved from /root/Documents/airflowalu/venv/lib/python3.9/site-packages/airflow/example_dags/example_bash_operator.py
[2025-05-02 17:13:56,313] {logging_mixin.py:115} INFO - [2025-05-02 17:13:56,313] {dag.py:2379} INFO - Sync 1 DAGs
[2025-05-02 17:13:56,323] {logging_mixin.py:115} INFO - [2025-05-02 17:13:56,323] {dag.py:2927} INFO - Setting next_dagrun for example_bash_operator to 2025-05-01T00:00:00+00:00, run_after=2025-05-02T00:00:00+00:00
[2025-05-02 17:13:56,335] {processor.py:161} INFO - Processing /root/Documents/airflowalu/venv/lib/python3.9/site-packages/airflow/example_dags/example_bash_operator.py took 0.039 seconds
[2025-05-02 17:14:27,740] {processor.py:153} INFO - Started process (PID=9269) to work on /root/Documents/airflowalu/venv/lib/python3.9/site-packages/airflow/example_dags/example_bash_operator.py
[2025-05-02 17:14:27,741] {processor.py:641} INFO - Processing file /root/Documents/airflowalu/venv/lib/python3.9/site-packages/airflow/example_dags/example_bash_operator.py for tasks to queue
[2025-05-02 17:14:27,742] {logging_mixin.py:115} INFO - [2025-05-02 17:14:27,741] {dagbag.py:507} INFO - Filling up the DagBag from /root/Documents/airflowalu/venv/lib/python3.9/site-packages/airflow/example_dags/example_bash_operator.py
[2025-05-02 17:14:27,752] {processor.py:651} INFO - DAG(s) dict_keys(['example_bash_operator']) retrieved from /root/Documents/airflowalu/venv/lib/python3.9/site-packages/airflow/example_dags/example_bash_operator.py
[2025-05-02 17:14:27,767] {logging_mixin.py:115} INFO - [2025-05-02 17:14:27,767] {dag.py:2379} INFO - Sync 1 DAGs
[2025-05-02 17:14:27,782] {logging_mixin.py:115} INFO - [2025-05-02 17:14:27,781] {dag.py:2927} INFO - Setting next_dagrun for example_bash_operator to 2025-05-01T00:00:00+00:00, run_after=2025-05-02T00:00:00+00:00
[2025-05-02 17:14:27,794] {processor.py:161} INFO - Processing /root/Documents/airflowalu/venv/lib/python3.9/site-packages/airflow/example_dags/example_bash_operator.py took 0.057 seconds
[2025-05-02 17:14:59,491] {processor.py:153} INFO - Started process (PID=9401) to work on /root/Documents/airflowalu/venv/lib/python3.9/site-packages/airflow/example_dags/example_bash_operator.py
[2025-05-02 17:14:59,491] {processor.py:641} INFO - Processing file /root/Documents/airflowalu/venv/lib/python3.9/site-packages/airflow/example_dags/example_bash_operator.py for tasks to queue
[2025-05-02 17:14:59,492] {logging_mixin.py:115} INFO - [2025-05-02 17:14:59,491] {dagbag.py:507} INFO - Filling up the DagBag from /root/Documents/airflowalu/venv/lib/python3.9/site-packages/airflow/example_dags/example_bash_operator.py
[2025-05-02 17:14:59,497] {processor.py:651} INFO - DAG(s) dict_keys(['example_bash_operator']) retrieved from /root/Documents/airflowalu/venv/lib/python3.9/site-packages/airflow/example_dags/example_bash_operator.py
[2025-05-02 17:14:59,508] {logging_mixin.py:115} INFO - [2025-05-02 17:14:59,507] {dag.py:2379} INFO - Sync 1 DAGs
[2025-05-02 17:14:59,523] {logging_mixin.py:115} INFO - [2025-05-02 17:14:59,523] {dag.py:2927} INFO - Setting next_dagrun for example_bash_operator to 2025-05-01T00:00:00+00:00, run_after=2025-05-02T00:00:00+00:00
[2025-05-02 17:14:59,534] {processor.py:161} INFO - Processing /root/Documents/airflowalu/venv/lib/python3.9/site-packages/airflow/example_dags/example_bash_operator.py took 0.044 seconds
[2025-05-02 17:15:31,486] {processor.py:153} INFO - Started process (PID=9534) to work on /root/Documents/airflowalu/venv/lib/python3.9/site-packages/airflow/example_dags/example_bash_operator.py
[2025-05-02 17:15:31,487] {processor.py:641} INFO - Processing file /root/Documents/airflowalu/venv/lib/python3.9/site-packages/airflow/example_dags/example_bash_operator.py for tasks to queue
[2025-05-02 17:15:31,488] {logging_mixin.py:115} INFO - [2025-05-02 17:15:31,487] {dagbag.py:507} INFO - Filling up the DagBag from /root/Documents/airflowalu/venv/lib/python3.9/site-packages/airflow/example_dags/example_bash_operator.py
[2025-05-02 17:15:31,494] {processor.py:651} INFO - DAG(s) dict_keys(['example_bash_operator']) retrieved from /root/Documents/airflowalu/venv/lib/python3.9/site-packages/airflow/example_dags/example_bash_operator.py
[2025-05-02 17:15:31,504] {logging_mixin.py:115} INFO - [2025-05-02 17:15:31,504] {dag.py:2379} INFO - Sync 1 DAGs
[2025-05-02 17:15:31,513] {logging_mixin.py:115} INFO - [2025-05-02 17:15:31,513] {dag.py:2927} INFO - Setting next_dagrun for example_bash_operator to 2025-05-01T00:00:00+00:00, run_after=2025-05-02T00:00:00+00:00
[2025-05-02 17:15:31,523] {processor.py:161} INFO - Processing /root/Documents/airflowalu/venv/lib/python3.9/site-packages/airflow/example_dags/example_bash_operator.py took 0.038 seconds
[2025-05-02 17:16:03,686] {processor.py:153} INFO - Started process (PID=9673) to work on /root/Documents/airflowalu/venv/lib/python3.9/site-packages/airflow/example_dags/example_bash_operator.py
[2025-05-02 17:16:03,687] {processor.py:641} INFO - Processing file /root/Documents/airflowalu/venv/lib/python3.9/site-packages/airflow/example_dags/example_bash_operator.py for tasks to queue
[2025-05-02 17:16:03,687] {logging_mixin.py:115} INFO - [2025-05-02 17:16:03,687] {dagbag.py:507} INFO - Filling up the DagBag from /root/Documents/airflowalu/venv/lib/python3.9/site-packages/airflow/example_dags/example_bash_operator.py
[2025-05-02 17:16:03,693] {processor.py:651} INFO - DAG(s) dict_keys(['example_bash_operator']) retrieved from /root/Documents/airflowalu/venv/lib/python3.9/site-packages/airflow/example_dags/example_bash_operator.py
[2025-05-02 17:16:03,702] {logging_mixin.py:115} INFO - [2025-05-02 17:16:03,702] {dag.py:2379} INFO - Sync 1 DAGs
[2025-05-02 17:16:03,711] {logging_mixin.py:115} INFO - [2025-05-02 17:16:03,711] {dag.py:2927} INFO - Setting next_dagrun for example_bash_operator to 2025-05-01T00:00:00+00:00, run_after=2025-05-02T00:00:00+00:00
[2025-05-02 17:16:03,721] {processor.py:161} INFO - Processing /root/Documents/airflowalu/venv/lib/python3.9/site-packages/airflow/example_dags/example_bash_operator.py took 0.036 seconds
[2025-05-02 17:16:35,185] {processor.py:153} INFO - Started process (PID=9804) to work on /root/Documents/airflowalu/venv/lib/python3.9/site-packages/airflow/example_dags/example_bash_operator.py
[2025-05-02 17:16:35,186] {processor.py:641} INFO - Processing file /root/Documents/airflowalu/venv/lib/python3.9/site-packages/airflow/example_dags/example_bash_operator.py for tasks to queue
[2025-05-02 17:16:35,186] {logging_mixin.py:115} INFO - [2025-05-02 17:16:35,186] {dagbag.py:507} INFO - Filling up the DagBag from /root/Documents/airflowalu/venv/lib/python3.9/site-packages/airflow/example_dags/example_bash_operator.py
[2025-05-02 17:16:35,192] {processor.py:651} INFO - DAG(s) dict_keys(['example_bash_operator']) retrieved from /root/Documents/airflowalu/venv/lib/python3.9/site-packages/airflow/example_dags/example_bash_operator.py
[2025-05-02 17:16:35,201] {logging_mixin.py:115} INFO - [2025-05-02 17:16:35,201] {dag.py:2379} INFO - Sync 1 DAGs
[2025-05-02 17:16:35,210] {logging_mixin.py:115} INFO - [2025-05-02 17:16:35,210] {dag.py:2927} INFO - Setting next_dagrun for example_bash_operator to 2025-05-01T00:00:00+00:00, run_after=2025-05-02T00:00:00+00:00
[2025-05-02 17:16:35,220] {processor.py:161} INFO - Processing /root/Documents/airflowalu/venv/lib/python3.9/site-packages/airflow/example_dags/example_bash_operator.py took 0.037 seconds
[2025-05-02 17:17:05,424] {processor.py:153} INFO - Started process (PID=9940) to work on /root/Documents/airflowalu/venv/lib/python3.9/site-packages/airflow/example_dags/example_bash_operator.py
[2025-05-02 17:17:05,425] {processor.py:641} INFO - Processing file /root/Documents/airflowalu/venv/lib/python3.9/site-packages/airflow/example_dags/example_bash_operator.py for tasks to queue
[2025-05-02 17:17:05,425] {logging_mixin.py:115} INFO - [2025-05-02 17:17:05,425] {dagbag.py:507} INFO - Filling up the DagBag from /root/Documents/airflowalu/venv/lib/python3.9/site-packages/airflow/example_dags/example_bash_operator.py
[2025-05-02 17:17:05,431] {processor.py:651} INFO - DAG(s) dict_keys(['example_bash_operator']) retrieved from /root/Documents/airflowalu/venv/lib/python3.9/site-packages/airflow/example_dags/example_bash_operator.py
[2025-05-02 17:17:05,440] {logging_mixin.py:115} INFO - [2025-05-02 17:17:05,440] {dag.py:2379} INFO - Sync 1 DAGs
[2025-05-02 17:17:05,449] {logging_mixin.py:115} INFO - [2025-05-02 17:17:05,449] {dag.py:2927} INFO - Setting next_dagrun for example_bash_operator to 2025-05-01T00:00:00+00:00, run_after=2025-05-02T00:00:00+00:00
[2025-05-02 17:17:05,460] {processor.py:161} INFO - Processing /root/Documents/airflowalu/venv/lib/python3.9/site-packages/airflow/example_dags/example_bash_operator.py took 0.037 seconds
[2025-05-02 17:17:39,259] {processor.py:153} INFO - Started process (PID=10077) to work on /root/Documents/airflowalu/venv/lib/python3.9/site-packages/airflow/example_dags/example_bash_operator.py
[2025-05-02 17:17:39,260] {processor.py:641} INFO - Processing file /root/Documents/airflowalu/venv/lib/python3.9/site-packages/airflow/example_dags/example_bash_operator.py for tasks to queue
[2025-05-02 17:17:39,260] {logging_mixin.py:115} INFO - [2025-05-02 17:17:39,260] {dagbag.py:507} INFO - Filling up the DagBag from /root/Documents/airflowalu/venv/lib/python3.9/site-packages/airflow/example_dags/example_bash_operator.py
[2025-05-02 17:17:39,268] {processor.py:651} INFO - DAG(s) dict_keys(['example_bash_operator']) retrieved from /root/Documents/airflowalu/venv/lib/python3.9/site-packages/airflow/example_dags/example_bash_operator.py
[2025-05-02 17:17:39,276] {logging_mixin.py:115} INFO - [2025-05-02 17:17:39,276] {dag.py:2379} INFO - Sync 1 DAGs
[2025-05-02 17:17:39,285] {logging_mixin.py:115} INFO - [2025-05-02 17:17:39,285] {dag.py:2927} INFO - Setting next_dagrun for example_bash_operator to 2025-05-01T00:00:00+00:00, run_after=2025-05-02T00:00:00+00:00
[2025-05-02 17:17:39,295] {processor.py:161} INFO - Processing /root/Documents/airflowalu/venv/lib/python3.9/site-packages/airflow/example_dags/example_bash_operator.py took 0.038 seconds
[2025-05-02 17:18:10,718] {processor.py:153} INFO - Started process (PID=10212) to work on /root/Documents/airflowalu/venv/lib/python3.9/site-packages/airflow/example_dags/example_bash_operator.py
[2025-05-02 17:18:10,719] {processor.py:641} INFO - Processing file /root/Documents/airflowalu/venv/lib/python3.9/site-packages/airflow/example_dags/example_bash_operator.py for tasks to queue
[2025-05-02 17:18:10,720] {logging_mixin.py:115} INFO - [2025-05-02 17:18:10,720] {dagbag.py:507} INFO - Filling up the DagBag from /root/Documents/airflowalu/venv/lib/python3.9/site-packages/airflow/example_dags/example_bash_operator.py
[2025-05-02 17:18:10,727] {processor.py:651} INFO - DAG(s) dict_keys(['example_bash_operator']) retrieved from /root/Documents/airflowalu/venv/lib/python3.9/site-packages/airflow/example_dags/example_bash_operator.py
[2025-05-02 17:18:10,736] {logging_mixin.py:115} INFO - [2025-05-02 17:18:10,736] {dag.py:2379} INFO - Sync 1 DAGs
[2025-05-02 17:18:10,745] {logging_mixin.py:115} INFO - [2025-05-02 17:18:10,745] {dag.py:2927} INFO - Setting next_dagrun for example_bash_operator to 2025-05-01T00:00:00+00:00, run_after=2025-05-02T00:00:00+00:00
[2025-05-02 17:18:10,755] {processor.py:161} INFO - Processing /root/Documents/airflowalu/venv/lib/python3.9/site-packages/airflow/example_dags/example_bash_operator.py took 0.038 seconds
[2025-05-02 17:18:41,118] {processor.py:153} INFO - Started process (PID=10343) to work on /root/Documents/airflowalu/venv/lib/python3.9/site-packages/airflow/example_dags/example_bash_operator.py
[2025-05-02 17:18:41,118] {processor.py:641} INFO - Processing file /root/Documents/airflowalu/venv/lib/python3.9/site-packages/airflow/example_dags/example_bash_operator.py for tasks to queue
[2025-05-02 17:18:41,119] {logging_mixin.py:115} INFO - [2025-05-02 17:18:41,119] {dagbag.py:507} INFO - Filling up the DagBag from /root/Documents/airflowalu/venv/lib/python3.9/site-packages/airflow/example_dags/example_bash_operator.py
[2025-05-02 17:18:41,126] {processor.py:651} INFO - DAG(s) dict_keys(['example_bash_operator']) retrieved from /root/Documents/airflowalu/venv/lib/python3.9/site-packages/airflow/example_dags/example_bash_operator.py
[2025-05-02 17:18:41,135] {logging_mixin.py:115} INFO - [2025-05-02 17:18:41,135] {dag.py:2379} INFO - Sync 1 DAGs
[2025-05-02 17:18:41,146] {logging_mixin.py:115} INFO - [2025-05-02 17:18:41,146] {dag.py:2927} INFO - Setting next_dagrun for example_bash_operator to 2025-05-01T00:00:00+00:00, run_after=2025-05-02T00:00:00+00:00
[2025-05-02 17:18:41,158] {processor.py:161} INFO - Processing /root/Documents/airflowalu/venv/lib/python3.9/site-packages/airflow/example_dags/example_bash_operator.py took 0.042 seconds
[2025-05-02 17:19:15,925] {processor.py:153} INFO - Started process (PID=10490) to work on /root/Documents/airflowalu/venv/lib/python3.9/site-packages/airflow/example_dags/example_bash_operator.py
[2025-05-02 17:19:15,925] {processor.py:641} INFO - Processing file /root/Documents/airflowalu/venv/lib/python3.9/site-packages/airflow/example_dags/example_bash_operator.py for tasks to queue
[2025-05-02 17:19:15,926] {logging_mixin.py:115} INFO - [2025-05-02 17:19:15,926] {dagbag.py:507} INFO - Filling up the DagBag from /root/Documents/airflowalu/venv/lib/python3.9/site-packages/airflow/example_dags/example_bash_operator.py
[2025-05-02 17:19:15,935] {processor.py:651} INFO - DAG(s) dict_keys(['example_bash_operator']) retrieved from /root/Documents/airflowalu/venv/lib/python3.9/site-packages/airflow/example_dags/example_bash_operator.py
[2025-05-02 17:19:15,944] {logging_mixin.py:115} INFO - [2025-05-02 17:19:15,944] {dag.py:2379} INFO - Sync 1 DAGs
[2025-05-02 17:19:15,954] {logging_mixin.py:115} INFO - [2025-05-02 17:19:15,954] {dag.py:2927} INFO - Setting next_dagrun for example_bash_operator to 2025-05-01T00:00:00+00:00, run_after=2025-05-02T00:00:00+00:00
[2025-05-02 17:19:15,964] {processor.py:161} INFO - Processing /root/Documents/airflowalu/venv/lib/python3.9/site-packages/airflow/example_dags/example_bash_operator.py took 0.041 seconds
[2025-05-02 17:19:46,794] {processor.py:153} INFO - Started process (PID=10625) to work on /root/Documents/airflowalu/venv/lib/python3.9/site-packages/airflow/example_dags/example_bash_operator.py
[2025-05-02 17:19:46,794] {processor.py:641} INFO - Processing file /root/Documents/airflowalu/venv/lib/python3.9/site-packages/airflow/example_dags/example_bash_operator.py for tasks to queue
[2025-05-02 17:19:46,795] {logging_mixin.py:115} INFO - [2025-05-02 17:19:46,795] {dagbag.py:507} INFO - Filling up the DagBag from /root/Documents/airflowalu/venv/lib/python3.9/site-packages/airflow/example_dags/example_bash_operator.py
[2025-05-02 17:19:46,803] {processor.py:651} INFO - DAG(s) dict_keys(['example_bash_operator']) retrieved from /root/Documents/airflowalu/venv/lib/python3.9/site-packages/airflow/example_dags/example_bash_operator.py
[2025-05-02 17:19:46,811] {logging_mixin.py:115} INFO - [2025-05-02 17:19:46,811] {dag.py:2379} INFO - Sync 1 DAGs
[2025-05-02 17:19:46,821] {logging_mixin.py:115} INFO - [2025-05-02 17:19:46,821] {dag.py:2927} INFO - Setting next_dagrun for example_bash_operator to 2025-05-01T00:00:00+00:00, run_after=2025-05-02T00:00:00+00:00
[2025-05-02 17:19:46,832] {processor.py:161} INFO - Processing /root/Documents/airflowalu/venv/lib/python3.9/site-packages/airflow/example_dags/example_bash_operator.py took 0.040 seconds
[2025-05-02 17:20:21,244] {processor.py:153} INFO - Started process (PID=10771) to work on /root/Documents/airflowalu/venv/lib/python3.9/site-packages/airflow/example_dags/example_bash_operator.py
[2025-05-02 17:20:21,245] {processor.py:641} INFO - Processing file /root/Documents/airflowalu/venv/lib/python3.9/site-packages/airflow/example_dags/example_bash_operator.py for tasks to queue
[2025-05-02 17:20:21,245] {logging_mixin.py:115} INFO - [2025-05-02 17:20:21,245] {dagbag.py:507} INFO - Filling up the DagBag from /root/Documents/airflowalu/venv/lib/python3.9/site-packages/airflow/example_dags/example_bash_operator.py
[2025-05-02 17:20:21,253] {processor.py:651} INFO - DAG(s) dict_keys(['example_bash_operator']) retrieved from /root/Documents/airflowalu/venv/lib/python3.9/site-packages/airflow/example_dags/example_bash_operator.py
[2025-05-02 17:20:21,261] {logging_mixin.py:115} INFO - [2025-05-02 17:20:21,261] {dag.py:2379} INFO - Sync 1 DAGs
[2025-05-02 17:20:21,271] {logging_mixin.py:115} INFO - [2025-05-02 17:20:21,271] {dag.py:2927} INFO - Setting next_dagrun for example_bash_operator to 2025-05-01T00:00:00+00:00, run_after=2025-05-02T00:00:00+00:00
[2025-05-02 17:20:21,282] {processor.py:161} INFO - Processing /root/Documents/airflowalu/venv/lib/python3.9/site-packages/airflow/example_dags/example_bash_operator.py took 0.039 seconds
[2025-05-02 17:20:52,055] {processor.py:153} INFO - Started process (PID=10906) to work on /root/Documents/airflowalu/venv/lib/python3.9/site-packages/airflow/example_dags/example_bash_operator.py
[2025-05-02 17:20:52,055] {processor.py:641} INFO - Processing file /root/Documents/airflowalu/venv/lib/python3.9/site-packages/airflow/example_dags/example_bash_operator.py for tasks to queue
[2025-05-02 17:20:52,056] {logging_mixin.py:115} INFO - [2025-05-02 17:20:52,056] {dagbag.py:507} INFO - Filling up the DagBag from /root/Documents/airflowalu/venv/lib/python3.9/site-packages/airflow/example_dags/example_bash_operator.py
[2025-05-02 17:20:52,064] {processor.py:651} INFO - DAG(s) dict_keys(['example_bash_operator']) retrieved from /root/Documents/airflowalu/venv/lib/python3.9/site-packages/airflow/example_dags/example_bash_operator.py
[2025-05-02 17:20:52,072] {logging_mixin.py:115} INFO - [2025-05-02 17:20:52,072] {dag.py:2379} INFO - Sync 1 DAGs
[2025-05-02 17:20:52,081] {logging_mixin.py:115} INFO - [2025-05-02 17:20:52,081] {dag.py:2927} INFO - Setting next_dagrun for example_bash_operator to 2025-05-01T00:00:00+00:00, run_after=2025-05-02T00:00:00+00:00
[2025-05-02 17:20:52,092] {processor.py:161} INFO - Processing /root/Documents/airflowalu/venv/lib/python3.9/site-packages/airflow/example_dags/example_bash_operator.py took 0.039 seconds
[2025-05-02 17:21:24,051] {processor.py:153} INFO - Started process (PID=11051) to work on /root/Documents/airflowalu/venv/lib/python3.9/site-packages/airflow/example_dags/example_bash_operator.py
[2025-05-02 17:21:24,051] {processor.py:641} INFO - Processing file /root/Documents/airflowalu/venv/lib/python3.9/site-packages/airflow/example_dags/example_bash_operator.py for tasks to queue
[2025-05-02 17:21:24,052] {logging_mixin.py:115} INFO - [2025-05-02 17:21:24,051] {dagbag.py:507} INFO - Filling up the DagBag from /root/Documents/airflowalu/venv/lib/python3.9/site-packages/airflow/example_dags/example_bash_operator.py
[2025-05-02 17:21:24,059] {processor.py:651} INFO - DAG(s) dict_keys(['example_bash_operator']) retrieved from /root/Documents/airflowalu/venv/lib/python3.9/site-packages/airflow/example_dags/example_bash_operator.py
[2025-05-02 17:21:24,068] {logging_mixin.py:115} INFO - [2025-05-02 17:21:24,068] {dag.py:2379} INFO - Sync 1 DAGs
[2025-05-02 17:21:24,077] {logging_mixin.py:115} INFO - [2025-05-02 17:21:24,077] {dag.py:2927} INFO - Setting next_dagrun for example_bash_operator to 2025-05-01T00:00:00+00:00, run_after=2025-05-02T00:00:00+00:00
[2025-05-02 17:21:24,087] {processor.py:161} INFO - Processing /root/Documents/airflowalu/venv/lib/python3.9/site-packages/airflow/example_dags/example_bash_operator.py took 0.038 seconds
[2025-05-02 17:21:56,020] {processor.py:153} INFO - Started process (PID=11192) to work on /root/Documents/airflowalu/venv/lib/python3.9/site-packages/airflow/example_dags/example_bash_operator.py
[2025-05-02 17:21:56,021] {processor.py:641} INFO - Processing file /root/Documents/airflowalu/venv/lib/python3.9/site-packages/airflow/example_dags/example_bash_operator.py for tasks to queue
[2025-05-02 17:21:56,021] {logging_mixin.py:115} INFO - [2025-05-02 17:21:56,021] {dagbag.py:507} INFO - Filling up the DagBag from /root/Documents/airflowalu/venv/lib/python3.9/site-packages/airflow/example_dags/example_bash_operator.py
[2025-05-02 17:21:56,029] {processor.py:651} INFO - DAG(s) dict_keys(['example_bash_operator']) retrieved from /root/Documents/airflowalu/venv/lib/python3.9/site-packages/airflow/example_dags/example_bash_operator.py
[2025-05-02 17:21:56,042] {logging_mixin.py:115} INFO - [2025-05-02 17:21:56,042] {dag.py:2379} INFO - Sync 1 DAGs
[2025-05-02 17:21:56,058] {logging_mixin.py:115} INFO - [2025-05-02 17:21:56,058] {dag.py:2927} INFO - Setting next_dagrun for example_bash_operator to 2025-05-01T00:00:00+00:00, run_after=2025-05-02T00:00:00+00:00
[2025-05-02 17:21:56,071] {processor.py:161} INFO - Processing /root/Documents/airflowalu/venv/lib/python3.9/site-packages/airflow/example_dags/example_bash_operator.py took 0.053 seconds
[2025-05-02 17:22:29,309] {processor.py:153} INFO - Started process (PID=11334) to work on /root/Documents/airflowalu/venv/lib/python3.9/site-packages/airflow/example_dags/example_bash_operator.py
[2025-05-02 17:22:29,312] {processor.py:641} INFO - Processing file /root/Documents/airflowalu/venv/lib/python3.9/site-packages/airflow/example_dags/example_bash_operator.py for tasks to queue
[2025-05-02 17:22:29,312] {logging_mixin.py:115} INFO - [2025-05-02 17:22:29,312] {dagbag.py:507} INFO - Filling up the DagBag from /root/Documents/airflowalu/venv/lib/python3.9/site-packages/airflow/example_dags/example_bash_operator.py
[2025-05-02 17:22:29,324] {processor.py:651} INFO - DAG(s) dict_keys(['example_bash_operator']) retrieved from /root/Documents/airflowalu/venv/lib/python3.9/site-packages/airflow/example_dags/example_bash_operator.py
[2025-05-02 17:22:29,339] {logging_mixin.py:115} INFO - [2025-05-02 17:22:29,339] {dag.py:2379} INFO - Sync 1 DAGs
[2025-05-02 17:22:29,350] {logging_mixin.py:115} INFO - [2025-05-02 17:22:29,350] {dag.py:2927} INFO - Setting next_dagrun for example_bash_operator to 2025-05-01T00:00:00+00:00, run_after=2025-05-02T00:00:00+00:00
[2025-05-02 17:22:29,362] {processor.py:161} INFO - Processing /root/Documents/airflowalu/venv/lib/python3.9/site-packages/airflow/example_dags/example_bash_operator.py took 0.056 seconds
[2025-05-02 17:22:59,752] {processor.py:153} INFO - Started process (PID=11468) to work on /root/Documents/airflowalu/venv/lib/python3.9/site-packages/airflow/example_dags/example_bash_operator.py
[2025-05-02 17:22:59,753] {processor.py:641} INFO - Processing file /root/Documents/airflowalu/venv/lib/python3.9/site-packages/airflow/example_dags/example_bash_operator.py for tasks to queue
[2025-05-02 17:22:59,753] {logging_mixin.py:115} INFO - [2025-05-02 17:22:59,753] {dagbag.py:507} INFO - Filling up the DagBag from /root/Documents/airflowalu/venv/lib/python3.9/site-packages/airflow/example_dags/example_bash_operator.py
[2025-05-02 17:22:59,760] {processor.py:651} INFO - DAG(s) dict_keys(['example_bash_operator']) retrieved from /root/Documents/airflowalu/venv/lib/python3.9/site-packages/airflow/example_dags/example_bash_operator.py
[2025-05-02 17:22:59,769] {logging_mixin.py:115} INFO - [2025-05-02 17:22:59,769] {dag.py:2379} INFO - Sync 1 DAGs
[2025-05-02 17:22:59,778] {logging_mixin.py:115} INFO - [2025-05-02 17:22:59,778] {dag.py:2927} INFO - Setting next_dagrun for example_bash_operator to 2025-05-01T00:00:00+00:00, run_after=2025-05-02T00:00:00+00:00
[2025-05-02 17:22:59,788] {processor.py:161} INFO - Processing /root/Documents/airflowalu/venv/lib/python3.9/site-packages/airflow/example_dags/example_bash_operator.py took 0.037 seconds
[2025-05-02 17:23:32,388] {processor.py:153} INFO - Started process (PID=11607) to work on /root/Documents/airflowalu/venv/lib/python3.9/site-packages/airflow/example_dags/example_bash_operator.py
[2025-05-02 17:23:32,389] {processor.py:641} INFO - Processing file /root/Documents/airflowalu/venv/lib/python3.9/site-packages/airflow/example_dags/example_bash_operator.py for tasks to queue
[2025-05-02 17:23:32,389] {logging_mixin.py:115} INFO - [2025-05-02 17:23:32,389] {dagbag.py:507} INFO - Filling up the DagBag from /root/Documents/airflowalu/venv/lib/python3.9/site-packages/airflow/example_dags/example_bash_operator.py
[2025-05-02 17:23:32,397] {processor.py:651} INFO - DAG(s) dict_keys(['example_bash_operator']) retrieved from /root/Documents/airflowalu/venv/lib/python3.9/site-packages/airflow/example_dags/example_bash_operator.py
[2025-05-02 17:23:32,406] {logging_mixin.py:115} INFO - [2025-05-02 17:23:32,406] {dag.py:2379} INFO - Sync 1 DAGs
[2025-05-02 17:23:32,416] {logging_mixin.py:115} INFO - [2025-05-02 17:23:32,416] {dag.py:2927} INFO - Setting next_dagrun for example_bash_operator to 2025-05-01T00:00:00+00:00, run_after=2025-05-02T00:00:00+00:00
[2025-05-02 17:23:32,427] {processor.py:161} INFO - Processing /root/Documents/airflowalu/venv/lib/python3.9/site-packages/airflow/example_dags/example_bash_operator.py took 0.041 seconds
[2025-05-02 17:24:05,799] {processor.py:153} INFO - Started process (PID=11747) to work on /root/Documents/airflowalu/venv/lib/python3.9/site-packages/airflow/example_dags/example_bash_operator.py
[2025-05-02 17:24:05,799] {processor.py:641} INFO - Processing file /root/Documents/airflowalu/venv/lib/python3.9/site-packages/airflow/example_dags/example_bash_operator.py for tasks to queue
[2025-05-02 17:24:05,799] {logging_mixin.py:115} INFO - [2025-05-02 17:24:05,799] {dagbag.py:507} INFO - Filling up the DagBag from /root/Documents/airflowalu/venv/lib/python3.9/site-packages/airflow/example_dags/example_bash_operator.py
[2025-05-02 17:24:05,807] {processor.py:651} INFO - DAG(s) dict_keys(['example_bash_operator']) retrieved from /root/Documents/airflowalu/venv/lib/python3.9/site-packages/airflow/example_dags/example_bash_operator.py
[2025-05-02 17:24:05,816] {logging_mixin.py:115} INFO - [2025-05-02 17:24:05,816] {dag.py:2379} INFO - Sync 1 DAGs
[2025-05-02 17:24:05,825] {logging_mixin.py:115} INFO - [2025-05-02 17:24:05,825] {dag.py:2927} INFO - Setting next_dagrun for example_bash_operator to 2025-05-01T00:00:00+00:00, run_after=2025-05-02T00:00:00+00:00
[2025-05-02 17:24:05,836] {processor.py:161} INFO - Processing /root/Documents/airflowalu/venv/lib/python3.9/site-packages/airflow/example_dags/example_bash_operator.py took 0.039 seconds
[2025-05-02 17:24:39,854] {processor.py:153} INFO - Started process (PID=11893) to work on /root/Documents/airflowalu/venv/lib/python3.9/site-packages/airflow/example_dags/example_bash_operator.py
[2025-05-02 17:24:39,854] {processor.py:641} INFO - Processing file /root/Documents/airflowalu/venv/lib/python3.9/site-packages/airflow/example_dags/example_bash_operator.py for tasks to queue
[2025-05-02 17:24:39,855] {logging_mixin.py:115} INFO - [2025-05-02 17:24:39,855] {dagbag.py:507} INFO - Filling up the DagBag from /root/Documents/airflowalu/venv/lib/python3.9/site-packages/airflow/example_dags/example_bash_operator.py
[2025-05-02 17:24:39,862] {processor.py:651} INFO - DAG(s) dict_keys(['example_bash_operator']) retrieved from /root/Documents/airflowalu/venv/lib/python3.9/site-packages/airflow/example_dags/example_bash_operator.py
[2025-05-02 17:24:39,871] {logging_mixin.py:115} INFO - [2025-05-02 17:24:39,871] {dag.py:2379} INFO - Sync 1 DAGs
[2025-05-02 17:24:39,880] {logging_mixin.py:115} INFO - [2025-05-02 17:24:39,880] {dag.py:2927} INFO - Setting next_dagrun for example_bash_operator to 2025-05-01T00:00:00+00:00, run_after=2025-05-02T00:00:00+00:00
[2025-05-02 17:24:39,891] {processor.py:161} INFO - Processing /root/Documents/airflowalu/venv/lib/python3.9/site-packages/airflow/example_dags/example_bash_operator.py took 0.039 seconds
[2025-05-02 17:25:11,274] {processor.py:153} INFO - Started process (PID=12025) to work on /root/Documents/airflowalu/venv/lib/python3.9/site-packages/airflow/example_dags/example_bash_operator.py
[2025-05-02 17:25:11,275] {processor.py:641} INFO - Processing file /root/Documents/airflowalu/venv/lib/python3.9/site-packages/airflow/example_dags/example_bash_operator.py for tasks to queue
[2025-05-02 17:25:11,275] {logging_mixin.py:115} INFO - [2025-05-02 17:25:11,275] {dagbag.py:507} INFO - Filling up the DagBag from /root/Documents/airflowalu/venv/lib/python3.9/site-packages/airflow/example_dags/example_bash_operator.py
[2025-05-02 17:25:11,283] {processor.py:651} INFO - DAG(s) dict_keys(['example_bash_operator']) retrieved from /root/Documents/airflowalu/venv/lib/python3.9/site-packages/airflow/example_dags/example_bash_operator.py
[2025-05-02 17:25:11,292] {logging_mixin.py:115} INFO - [2025-05-02 17:25:11,292] {dag.py:2379} INFO - Sync 1 DAGs
[2025-05-02 17:25:11,301] {logging_mixin.py:115} INFO - [2025-05-02 17:25:11,301] {dag.py:2927} INFO - Setting next_dagrun for example_bash_operator to 2025-05-01T00:00:00+00:00, run_after=2025-05-02T00:00:00+00:00
[2025-05-02 17:25:11,312] {processor.py:161} INFO - Processing /root/Documents/airflowalu/venv/lib/python3.9/site-packages/airflow/example_dags/example_bash_operator.py took 0.039 seconds
[2025-05-02 17:25:42,087] {processor.py:153} INFO - Started process (PID=12157) to work on /root/Documents/airflowalu/venv/lib/python3.9/site-packages/airflow/example_dags/example_bash_operator.py
[2025-05-02 17:25:42,088] {processor.py:641} INFO - Processing file /root/Documents/airflowalu/venv/lib/python3.9/site-packages/airflow/example_dags/example_bash_operator.py for tasks to queue
[2025-05-02 17:25:42,088] {logging_mixin.py:115} INFO - [2025-05-02 17:25:42,088] {dagbag.py:507} INFO - Filling up the DagBag from /root/Documents/airflowalu/venv/lib/python3.9/site-packages/airflow/example_dags/example_bash_operator.py
[2025-05-02 17:25:42,096] {processor.py:651} INFO - DAG(s) dict_keys(['example_bash_operator']) retrieved from /root/Documents/airflowalu/venv/lib/python3.9/site-packages/airflow/example_dags/example_bash_operator.py
[2025-05-02 17:25:42,105] {logging_mixin.py:115} INFO - [2025-05-02 17:25:42,105] {dag.py:2379} INFO - Sync 1 DAGs
[2025-05-02 17:25:42,114] {logging_mixin.py:115} INFO - [2025-05-02 17:25:42,114] {dag.py:2927} INFO - Setting next_dagrun for example_bash_operator to 2025-05-01T00:00:00+00:00, run_after=2025-05-02T00:00:00+00:00
[2025-05-02 17:25:42,125] {processor.py:161} INFO - Processing /root/Documents/airflowalu/venv/lib/python3.9/site-packages/airflow/example_dags/example_bash_operator.py took 0.040 seconds
[2025-05-02 17:26:14,091] {processor.py:153} INFO - Started process (PID=12288) to work on /root/Documents/airflowalu/venv/lib/python3.9/site-packages/airflow/example_dags/example_bash_operator.py
[2025-05-02 17:26:14,092] {processor.py:641} INFO - Processing file /root/Documents/airflowalu/venv/lib/python3.9/site-packages/airflow/example_dags/example_bash_operator.py for tasks to queue
[2025-05-02 17:26:14,092] {logging_mixin.py:115} INFO - [2025-05-02 17:26:14,092] {dagbag.py:507} INFO - Filling up the DagBag from /root/Documents/airflowalu/venv/lib/python3.9/site-packages/airflow/example_dags/example_bash_operator.py
[2025-05-02 17:26:14,100] {processor.py:651} INFO - DAG(s) dict_keys(['example_bash_operator']) retrieved from /root/Documents/airflowalu/venv/lib/python3.9/site-packages/airflow/example_dags/example_bash_operator.py
[2025-05-02 17:26:14,109] {logging_mixin.py:115} INFO - [2025-05-02 17:26:14,109] {dag.py:2379} INFO - Sync 1 DAGs
[2025-05-02 17:26:14,119] {logging_mixin.py:115} INFO - [2025-05-02 17:26:14,119] {dag.py:2927} INFO - Setting next_dagrun for example_bash_operator to 2025-05-01T00:00:00+00:00, run_after=2025-05-02T00:00:00+00:00
[2025-05-02 17:26:14,131] {processor.py:161} INFO - Processing /root/Documents/airflowalu/venv/lib/python3.9/site-packages/airflow/example_dags/example_bash_operator.py took 0.041 seconds
[2025-05-02 17:26:46,098] {processor.py:153} INFO - Started process (PID=12425) to work on /root/Documents/airflowalu/venv/lib/python3.9/site-packages/airflow/example_dags/example_bash_operator.py
[2025-05-02 17:26:46,098] {processor.py:641} INFO - Processing file /root/Documents/airflowalu/venv/lib/python3.9/site-packages/airflow/example_dags/example_bash_operator.py for tasks to queue
[2025-05-02 17:26:46,099] {logging_mixin.py:115} INFO - [2025-05-02 17:26:46,099] {dagbag.py:507} INFO - Filling up the DagBag from /root/Documents/airflowalu/venv/lib/python3.9/site-packages/airflow/example_dags/example_bash_operator.py
[2025-05-02 17:26:46,107] {processor.py:651} INFO - DAG(s) dict_keys(['example_bash_operator']) retrieved from /root/Documents/airflowalu/venv/lib/python3.9/site-packages/airflow/example_dags/example_bash_operator.py
[2025-05-02 17:26:46,115] {logging_mixin.py:115} INFO - [2025-05-02 17:26:46,115] {dag.py:2379} INFO - Sync 1 DAGs
[2025-05-02 17:26:46,125] {logging_mixin.py:115} INFO - [2025-05-02 17:26:46,125] {dag.py:2927} INFO - Setting next_dagrun for example_bash_operator to 2025-05-01T00:00:00+00:00, run_after=2025-05-02T00:00:00+00:00
[2025-05-02 17:26:46,136] {processor.py:161} INFO - Processing /root/Documents/airflowalu/venv/lib/python3.9/site-packages/airflow/example_dags/example_bash_operator.py took 0.040 seconds
[2025-05-02 17:27:18,145] {processor.py:153} INFO - Started process (PID=12557) to work on /root/Documents/airflowalu/venv/lib/python3.9/site-packages/airflow/example_dags/example_bash_operator.py
[2025-05-02 17:27:18,146] {processor.py:641} INFO - Processing file /root/Documents/airflowalu/venv/lib/python3.9/site-packages/airflow/example_dags/example_bash_operator.py for tasks to queue
[2025-05-02 17:27:18,146] {logging_mixin.py:115} INFO - [2025-05-02 17:27:18,146] {dagbag.py:507} INFO - Filling up the DagBag from /root/Documents/airflowalu/venv/lib/python3.9/site-packages/airflow/example_dags/example_bash_operator.py
[2025-05-02 17:27:18,153] {processor.py:651} INFO - DAG(s) dict_keys(['example_bash_operator']) retrieved from /root/Documents/airflowalu/venv/lib/python3.9/site-packages/airflow/example_dags/example_bash_operator.py
[2025-05-02 17:27:18,162] {logging_mixin.py:115} INFO - [2025-05-02 17:27:18,162] {dag.py:2379} INFO - Sync 1 DAGs
[2025-05-02 17:27:18,173] {logging_mixin.py:115} INFO - [2025-05-02 17:27:18,173] {dag.py:2927} INFO - Setting next_dagrun for example_bash_operator to 2025-05-01T00:00:00+00:00, run_after=2025-05-02T00:00:00+00:00
[2025-05-02 17:27:18,183] {processor.py:161} INFO - Processing /root/Documents/airflowalu/venv/lib/python3.9/site-packages/airflow/example_dags/example_bash_operator.py took 0.040 seconds
[2025-05-02 17:27:53,750] {processor.py:153} INFO - Started process (PID=12702) to work on /root/Documents/airflowalu/venv/lib/python3.9/site-packages/airflow/example_dags/example_bash_operator.py
[2025-05-02 17:27:53,750] {processor.py:641} INFO - Processing file /root/Documents/airflowalu/venv/lib/python3.9/site-packages/airflow/example_dags/example_bash_operator.py for tasks to queue
[2025-05-02 17:27:53,751] {logging_mixin.py:115} INFO - [2025-05-02 17:27:53,751] {dagbag.py:507} INFO - Filling up the DagBag from /root/Documents/airflowalu/venv/lib/python3.9/site-packages/airflow/example_dags/example_bash_operator.py
[2025-05-02 17:27:53,757] {processor.py:651} INFO - DAG(s) dict_keys(['example_bash_operator']) retrieved from /root/Documents/airflowalu/venv/lib/python3.9/site-packages/airflow/example_dags/example_bash_operator.py
[2025-05-02 17:27:53,766] {logging_mixin.py:115} INFO - [2025-05-02 17:27:53,766] {dag.py:2379} INFO - Sync 1 DAGs
[2025-05-02 17:27:53,776] {logging_mixin.py:115} INFO - [2025-05-02 17:27:53,776] {dag.py:2927} INFO - Setting next_dagrun for example_bash_operator to 2025-05-01T00:00:00+00:00, run_after=2025-05-02T00:00:00+00:00
[2025-05-02 17:27:53,787] {processor.py:161} INFO - Processing /root/Documents/airflowalu/venv/lib/python3.9/site-packages/airflow/example_dags/example_bash_operator.py took 0.039 seconds
[2025-05-02 17:30:06,848] {processor.py:153} INFO - Started process (PID=13503) to work on /root/Documents/airflowalu/venv/lib/python3.9/site-packages/airflow/example_dags/example_bash_operator.py
[2025-05-02 17:30:06,849] {processor.py:641} INFO - Processing file /root/Documents/airflowalu/venv/lib/python3.9/site-packages/airflow/example_dags/example_bash_operator.py for tasks to queue
[2025-05-02 17:30:06,849] {logging_mixin.py:115} INFO - [2025-05-02 17:30:06,849] {dagbag.py:507} INFO - Filling up the DagBag from /root/Documents/airflowalu/venv/lib/python3.9/site-packages/airflow/example_dags/example_bash_operator.py
[2025-05-02 17:30:06,858] {processor.py:651} INFO - DAG(s) dict_keys(['example_bash_operator']) retrieved from /root/Documents/airflowalu/venv/lib/python3.9/site-packages/airflow/example_dags/example_bash_operator.py
[2025-05-02 17:30:06,870] {logging_mixin.py:115} INFO - [2025-05-02 17:30:06,870] {dag.py:2379} INFO - Sync 1 DAGs
[2025-05-02 17:30:06,885] {logging_mixin.py:115} INFO - [2025-05-02 17:30:06,885] {dag.py:2927} INFO - Setting next_dagrun for example_bash_operator to 2025-05-01T00:00:00+00:00, run_after=2025-05-02T00:00:00+00:00
[2025-05-02 17:30:06,901] {processor.py:161} INFO - Processing /root/Documents/airflowalu/venv/lib/python3.9/site-packages/airflow/example_dags/example_bash_operator.py took 0.055 seconds
[2025-05-02 17:30:38,861] {processor.py:153} INFO - Started process (PID=13720) to work on /root/Documents/airflowalu/venv/lib/python3.9/site-packages/airflow/example_dags/example_bash_operator.py
[2025-05-02 17:30:38,862] {processor.py:641} INFO - Processing file /root/Documents/airflowalu/venv/lib/python3.9/site-packages/airflow/example_dags/example_bash_operator.py for tasks to queue
[2025-05-02 17:30:38,863] {logging_mixin.py:115} INFO - [2025-05-02 17:30:38,863] {dagbag.py:507} INFO - Filling up the DagBag from /root/Documents/airflowalu/venv/lib/python3.9/site-packages/airflow/example_dags/example_bash_operator.py
[2025-05-02 17:30:38,868] {processor.py:651} INFO - DAG(s) dict_keys(['example_bash_operator']) retrieved from /root/Documents/airflowalu/venv/lib/python3.9/site-packages/airflow/example_dags/example_bash_operator.py
[2025-05-02 17:30:38,878] {logging_mixin.py:115} INFO - [2025-05-02 17:30:38,878] {dag.py:2379} INFO - Sync 1 DAGs
[2025-05-02 17:30:38,893] {logging_mixin.py:115} INFO - [2025-05-02 17:30:38,893] {dag.py:2927} INFO - Setting next_dagrun for example_bash_operator to 2025-05-01T00:00:00+00:00, run_after=2025-05-02T00:00:00+00:00
[2025-05-02 17:30:38,905] {processor.py:161} INFO - Processing /root/Documents/airflowalu/venv/lib/python3.9/site-packages/airflow/example_dags/example_bash_operator.py took 0.045 seconds
[2025-05-02 20:40:08,399] {processor.py:153} INFO - Started process (PID=479) to work on /root/Documents/airflowalu/venv/lib/python3.9/site-packages/airflow/example_dags/example_bash_operator.py
[2025-05-02 20:40:08,400] {processor.py:641} INFO - Processing file /root/Documents/airflowalu/venv/lib/python3.9/site-packages/airflow/example_dags/example_bash_operator.py for tasks to queue
[2025-05-02 20:40:08,400] {logging_mixin.py:115} INFO - [2025-05-02 20:40:08,400] {dagbag.py:507} INFO - Filling up the DagBag from /root/Documents/airflowalu/venv/lib/python3.9/site-packages/airflow/example_dags/example_bash_operator.py
[2025-05-02 20:40:08,405] {processor.py:651} INFO - DAG(s) dict_keys(['example_bash_operator']) retrieved from /root/Documents/airflowalu/venv/lib/python3.9/site-packages/airflow/example_dags/example_bash_operator.py
[2025-05-02 20:40:08,413] {logging_mixin.py:115} INFO - [2025-05-02 20:40:08,413] {dag.py:2379} INFO - Sync 1 DAGs
[2025-05-02 20:40:08,423] {logging_mixin.py:115} INFO - [2025-05-02 20:40:08,423] {dag.py:2927} INFO - Setting next_dagrun for example_bash_operator to 2025-05-01T00:00:00+00:00, run_after=2025-05-02T00:00:00+00:00
[2025-05-02 20:40:08,433] {processor.py:161} INFO - Processing /root/Documents/airflowalu/venv/lib/python3.9/site-packages/airflow/example_dags/example_bash_operator.py took 0.036 seconds
