[2025-05-02 16:52:49,417] {processor.py:153} INFO - Started process (PID=2872) to work on /root/Documents/airflowalu/venv/lib/python3.9/site-packages/airflow/example_dags/example_branch_day_of_week_operator.py
[2025-05-02 16:52:49,417] {processor.py:641} INFO - Processing file /root/Documents/airflowalu/venv/lib/python3.9/site-packages/airflow/example_dags/example_branch_day_of_week_operator.py for tasks to queue
[2025-05-02 16:52:49,418] {logging_mixin.py:115} INFO - [2025-05-02 16:52:49,418] {dagbag.py:507} INFO - Filling up the DagBag from /root/Documents/airflowalu/venv/lib/python3.9/site-packages/airflow/example_dags/example_branch_day_of_week_operator.py
[2025-05-02 16:52:49,422] {processor.py:651} INFO - DAG(s) dict_keys(['example_weekday_branch_operator']) retrieved from /root/Documents/airflowalu/venv/lib/python3.9/site-packages/airflow/example_dags/example_branch_day_of_week_operator.py
[2025-05-02 16:52:49,463] {logging_mixin.py:115} INFO - [2025-05-02 16:52:49,463] {manager.py:508} INFO - Created Permission View: can edit on DAG:example_weekday_branch_operator
[2025-05-02 16:52:49,472] {logging_mixin.py:115} INFO - [2025-05-02 16:52:49,472] {manager.py:508} INFO - Created Permission View: can delete on DAG:example_weekday_branch_operator
[2025-05-02 16:52:49,480] {logging_mixin.py:115} INFO - [2025-05-02 16:52:49,480] {manager.py:508} INFO - Created Permission View: can read on DAG:example_weekday_branch_operator
[2025-05-02 16:52:49,480] {logging_mixin.py:115} INFO - [2025-05-02 16:52:49,480] {dag.py:2379} INFO - Sync 1 DAGs
[2025-05-02 16:52:49,485] {logging_mixin.py:115} INFO - [2025-05-02 16:52:49,485] {dag.py:2398} INFO - Creating ORM DAG for example_weekday_branch_operator
[2025-05-02 16:52:49,492] {logging_mixin.py:115} INFO - [2025-05-02 16:52:49,492] {dag.py:2927} INFO - Setting next_dagrun for example_weekday_branch_operator to 2025-05-01T00:00:00+00:00, run_after=2025-05-02T00:00:00+00:00
[2025-05-02 16:52:49,505] {processor.py:161} INFO - Processing /root/Documents/airflowalu/venv/lib/python3.9/site-packages/airflow/example_dags/example_branch_day_of_week_operator.py took 0.089 seconds
[2025-05-02 16:53:20,774] {processor.py:153} INFO - Started process (PID=3264) to work on /root/Documents/airflowalu/venv/lib/python3.9/site-packages/airflow/example_dags/example_branch_day_of_week_operator.py
[2025-05-02 16:53:20,774] {processor.py:641} INFO - Processing file /root/Documents/airflowalu/venv/lib/python3.9/site-packages/airflow/example_dags/example_branch_day_of_week_operator.py for tasks to queue
[2025-05-02 16:53:20,774] {logging_mixin.py:115} INFO - [2025-05-02 16:53:20,774] {dagbag.py:507} INFO - Filling up the DagBag from /root/Documents/airflowalu/venv/lib/python3.9/site-packages/airflow/example_dags/example_branch_day_of_week_operator.py
[2025-05-02 16:53:20,779] {processor.py:651} INFO - DAG(s) dict_keys(['example_weekday_branch_operator']) retrieved from /root/Documents/airflowalu/venv/lib/python3.9/site-packages/airflow/example_dags/example_branch_day_of_week_operator.py
[2025-05-02 16:53:20,787] {logging_mixin.py:115} INFO - [2025-05-02 16:53:20,786] {dag.py:2379} INFO - Sync 1 DAGs
[2025-05-02 16:53:20,797] {logging_mixin.py:115} INFO - [2025-05-02 16:53:20,797] {dag.py:2927} INFO - Setting next_dagrun for example_weekday_branch_operator to 2025-05-01T00:00:00+00:00, run_after=2025-05-02T00:00:00+00:00
[2025-05-02 16:53:20,807] {processor.py:161} INFO - Processing /root/Documents/airflowalu/venv/lib/python3.9/site-packages/airflow/example_dags/example_branch_day_of_week_operator.py took 0.035 seconds
[2025-05-02 16:53:53,473] {processor.py:153} INFO - Started process (PID=3689) to work on /root/Documents/airflowalu/venv/lib/python3.9/site-packages/airflow/example_dags/example_branch_day_of_week_operator.py
[2025-05-02 16:53:53,474] {processor.py:641} INFO - Processing file /root/Documents/airflowalu/venv/lib/python3.9/site-packages/airflow/example_dags/example_branch_day_of_week_operator.py for tasks to queue
[2025-05-02 16:53:53,474] {logging_mixin.py:115} INFO - [2025-05-02 16:53:53,474] {dagbag.py:507} INFO - Filling up the DagBag from /root/Documents/airflowalu/venv/lib/python3.9/site-packages/airflow/example_dags/example_branch_day_of_week_operator.py
[2025-05-02 16:53:53,479] {processor.py:651} INFO - DAG(s) dict_keys(['example_weekday_branch_operator']) retrieved from /root/Documents/airflowalu/venv/lib/python3.9/site-packages/airflow/example_dags/example_branch_day_of_week_operator.py
[2025-05-02 16:53:53,488] {logging_mixin.py:115} INFO - [2025-05-02 16:53:53,487] {dag.py:2379} INFO - Sync 1 DAGs
[2025-05-02 16:53:53,500] {logging_mixin.py:115} INFO - [2025-05-02 16:53:53,500] {dag.py:2927} INFO - Setting next_dagrun for example_weekday_branch_operator to 2025-05-01T00:00:00+00:00, run_after=2025-05-02T00:00:00+00:00
[2025-05-02 16:53:53,511] {processor.py:161} INFO - Processing /root/Documents/airflowalu/venv/lib/python3.9/site-packages/airflow/example_dags/example_branch_day_of_week_operator.py took 0.039 seconds
[2025-05-02 16:54:24,310] {processor.py:153} INFO - Started process (PID=3821) to work on /root/Documents/airflowalu/venv/lib/python3.9/site-packages/airflow/example_dags/example_branch_day_of_week_operator.py
[2025-05-02 16:54:24,311] {processor.py:641} INFO - Processing file /root/Documents/airflowalu/venv/lib/python3.9/site-packages/airflow/example_dags/example_branch_day_of_week_operator.py for tasks to queue
[2025-05-02 16:54:24,311] {logging_mixin.py:115} INFO - [2025-05-02 16:54:24,311] {dagbag.py:507} INFO - Filling up the DagBag from /root/Documents/airflowalu/venv/lib/python3.9/site-packages/airflow/example_dags/example_branch_day_of_week_operator.py
[2025-05-02 16:54:24,315] {processor.py:651} INFO - DAG(s) dict_keys(['example_weekday_branch_operator']) retrieved from /root/Documents/airflowalu/venv/lib/python3.9/site-packages/airflow/example_dags/example_branch_day_of_week_operator.py
[2025-05-02 16:54:24,324] {logging_mixin.py:115} INFO - [2025-05-02 16:54:24,324] {dag.py:2379} INFO - Sync 1 DAGs
[2025-05-02 16:54:24,336] {logging_mixin.py:115} INFO - [2025-05-02 16:54:24,336] {dag.py:2927} INFO - Setting next_dagrun for example_weekday_branch_operator to 2025-05-01T00:00:00+00:00, run_after=2025-05-02T00:00:00+00:00
[2025-05-02 16:54:24,348] {processor.py:161} INFO - Processing /root/Documents/airflowalu/venv/lib/python3.9/site-packages/airflow/example_dags/example_branch_day_of_week_operator.py took 0.039 seconds
[2025-05-02 16:54:56,159] {processor.py:153} INFO - Started process (PID=3951) to work on /root/Documents/airflowalu/venv/lib/python3.9/site-packages/airflow/example_dags/example_branch_day_of_week_operator.py
[2025-05-02 16:54:56,160] {processor.py:641} INFO - Processing file /root/Documents/airflowalu/venv/lib/python3.9/site-packages/airflow/example_dags/example_branch_day_of_week_operator.py for tasks to queue
[2025-05-02 16:54:56,160] {logging_mixin.py:115} INFO - [2025-05-02 16:54:56,160] {dagbag.py:507} INFO - Filling up the DagBag from /root/Documents/airflowalu/venv/lib/python3.9/site-packages/airflow/example_dags/example_branch_day_of_week_operator.py
[2025-05-02 16:54:56,164] {processor.py:651} INFO - DAG(s) dict_keys(['example_weekday_branch_operator']) retrieved from /root/Documents/airflowalu/venv/lib/python3.9/site-packages/airflow/example_dags/example_branch_day_of_week_operator.py
[2025-05-02 16:54:56,172] {logging_mixin.py:115} INFO - [2025-05-02 16:54:56,172] {dag.py:2379} INFO - Sync 1 DAGs
[2025-05-02 16:54:56,183] {logging_mixin.py:115} INFO - [2025-05-02 16:54:56,183] {dag.py:2927} INFO - Setting next_dagrun for example_weekday_branch_operator to 2025-05-01T00:00:00+00:00, run_after=2025-05-02T00:00:00+00:00
[2025-05-02 16:54:56,193] {processor.py:161} INFO - Processing /root/Documents/airflowalu/venv/lib/python3.9/site-packages/airflow/example_dags/example_branch_day_of_week_operator.py took 0.036 seconds
[2025-05-02 16:55:28,502] {processor.py:153} INFO - Started process (PID=4327) to work on /root/Documents/airflowalu/venv/lib/python3.9/site-packages/airflow/example_dags/example_branch_day_of_week_operator.py
[2025-05-02 16:55:28,503] {processor.py:641} INFO - Processing file /root/Documents/airflowalu/venv/lib/python3.9/site-packages/airflow/example_dags/example_branch_day_of_week_operator.py for tasks to queue
[2025-05-02 16:55:28,503] {logging_mixin.py:115} INFO - [2025-05-02 16:55:28,503] {dagbag.py:507} INFO - Filling up the DagBag from /root/Documents/airflowalu/venv/lib/python3.9/site-packages/airflow/example_dags/example_branch_day_of_week_operator.py
[2025-05-02 16:55:28,510] {processor.py:651} INFO - DAG(s) dict_keys(['example_weekday_branch_operator']) retrieved from /root/Documents/airflowalu/venv/lib/python3.9/site-packages/airflow/example_dags/example_branch_day_of_week_operator.py
[2025-05-02 16:55:28,527] {logging_mixin.py:115} INFO - [2025-05-02 16:55:28,527] {dag.py:2379} INFO - Sync 1 DAGs
[2025-05-02 16:55:28,545] {logging_mixin.py:115} INFO - [2025-05-02 16:55:28,545] {dag.py:2927} INFO - Setting next_dagrun for example_weekday_branch_operator to 2025-05-01T00:00:00+00:00, run_after=2025-05-02T00:00:00+00:00
[2025-05-02 16:55:28,558] {processor.py:161} INFO - Processing /root/Documents/airflowalu/venv/lib/python3.9/site-packages/airflow/example_dags/example_branch_day_of_week_operator.py took 0.059 seconds
[2025-05-02 16:56:00,425] {processor.py:153} INFO - Started process (PID=4515) to work on /root/Documents/airflowalu/venv/lib/python3.9/site-packages/airflow/example_dags/example_branch_day_of_week_operator.py
[2025-05-02 16:56:00,425] {processor.py:641} INFO - Processing file /root/Documents/airflowalu/venv/lib/python3.9/site-packages/airflow/example_dags/example_branch_day_of_week_operator.py for tasks to queue
[2025-05-02 16:56:00,426] {logging_mixin.py:115} INFO - [2025-05-02 16:56:00,426] {dagbag.py:507} INFO - Filling up the DagBag from /root/Documents/airflowalu/venv/lib/python3.9/site-packages/airflow/example_dags/example_branch_day_of_week_operator.py
[2025-05-02 16:56:00,431] {processor.py:651} INFO - DAG(s) dict_keys(['example_weekday_branch_operator']) retrieved from /root/Documents/airflowalu/venv/lib/python3.9/site-packages/airflow/example_dags/example_branch_day_of_week_operator.py
[2025-05-02 16:56:00,441] {logging_mixin.py:115} INFO - [2025-05-02 16:56:00,441] {dag.py:2379} INFO - Sync 1 DAGs
[2025-05-02 16:56:00,461] {logging_mixin.py:115} INFO - [2025-05-02 16:56:00,461] {dag.py:2927} INFO - Setting next_dagrun for example_weekday_branch_operator to 2025-05-01T00:00:00+00:00, run_after=2025-05-02T00:00:00+00:00
[2025-05-02 16:56:00,480] {processor.py:161} INFO - Processing /root/Documents/airflowalu/venv/lib/python3.9/site-packages/airflow/example_dags/example_branch_day_of_week_operator.py took 0.057 seconds
[2025-05-02 16:56:31,205] {processor.py:153} INFO - Started process (PID=4647) to work on /root/Documents/airflowalu/venv/lib/python3.9/site-packages/airflow/example_dags/example_branch_day_of_week_operator.py
[2025-05-02 16:56:31,206] {processor.py:641} INFO - Processing file /root/Documents/airflowalu/venv/lib/python3.9/site-packages/airflow/example_dags/example_branch_day_of_week_operator.py for tasks to queue
[2025-05-02 16:56:31,206] {logging_mixin.py:115} INFO - [2025-05-02 16:56:31,206] {dagbag.py:507} INFO - Filling up the DagBag from /root/Documents/airflowalu/venv/lib/python3.9/site-packages/airflow/example_dags/example_branch_day_of_week_operator.py
[2025-05-02 16:56:31,210] {processor.py:651} INFO - DAG(s) dict_keys(['example_weekday_branch_operator']) retrieved from /root/Documents/airflowalu/venv/lib/python3.9/site-packages/airflow/example_dags/example_branch_day_of_week_operator.py
[2025-05-02 16:56:31,219] {logging_mixin.py:115} INFO - [2025-05-02 16:56:31,219] {dag.py:2379} INFO - Sync 1 DAGs
[2025-05-02 16:56:31,231] {logging_mixin.py:115} INFO - [2025-05-02 16:56:31,230] {dag.py:2927} INFO - Setting next_dagrun for example_weekday_branch_operator to 2025-05-01T00:00:00+00:00, run_after=2025-05-02T00:00:00+00:00
[2025-05-02 16:56:31,241] {processor.py:161} INFO - Processing /root/Documents/airflowalu/venv/lib/python3.9/site-packages/airflow/example_dags/example_branch_day_of_week_operator.py took 0.037 seconds
[2025-05-02 16:57:04,417] {processor.py:153} INFO - Started process (PID=4790) to work on /root/Documents/airflowalu/venv/lib/python3.9/site-packages/airflow/example_dags/example_branch_day_of_week_operator.py
[2025-05-02 16:57:04,418] {processor.py:641} INFO - Processing file /root/Documents/airflowalu/venv/lib/python3.9/site-packages/airflow/example_dags/example_branch_day_of_week_operator.py for tasks to queue
[2025-05-02 16:57:04,418] {logging_mixin.py:115} INFO - [2025-05-02 16:57:04,418] {dagbag.py:507} INFO - Filling up the DagBag from /root/Documents/airflowalu/venv/lib/python3.9/site-packages/airflow/example_dags/example_branch_day_of_week_operator.py
[2025-05-02 16:57:04,422] {processor.py:651} INFO - DAG(s) dict_keys(['example_weekday_branch_operator']) retrieved from /root/Documents/airflowalu/venv/lib/python3.9/site-packages/airflow/example_dags/example_branch_day_of_week_operator.py
[2025-05-02 16:57:04,431] {logging_mixin.py:115} INFO - [2025-05-02 16:57:04,431] {dag.py:2379} INFO - Sync 1 DAGs
[2025-05-02 16:57:04,441] {logging_mixin.py:115} INFO - [2025-05-02 16:57:04,441] {dag.py:2927} INFO - Setting next_dagrun for example_weekday_branch_operator to 2025-05-01T00:00:00+00:00, run_after=2025-05-02T00:00:00+00:00
[2025-05-02 16:57:04,450] {processor.py:161} INFO - Processing /root/Documents/airflowalu/venv/lib/python3.9/site-packages/airflow/example_dags/example_branch_day_of_week_operator.py took 0.035 seconds
[2025-05-02 16:57:36,375] {processor.py:153} INFO - Started process (PID=4922) to work on /root/Documents/airflowalu/venv/lib/python3.9/site-packages/airflow/example_dags/example_branch_day_of_week_operator.py
[2025-05-02 16:57:36,376] {processor.py:641} INFO - Processing file /root/Documents/airflowalu/venv/lib/python3.9/site-packages/airflow/example_dags/example_branch_day_of_week_operator.py for tasks to queue
[2025-05-02 16:57:36,376] {logging_mixin.py:115} INFO - [2025-05-02 16:57:36,376] {dagbag.py:507} INFO - Filling up the DagBag from /root/Documents/airflowalu/venv/lib/python3.9/site-packages/airflow/example_dags/example_branch_day_of_week_operator.py
[2025-05-02 16:57:36,380] {processor.py:651} INFO - DAG(s) dict_keys(['example_weekday_branch_operator']) retrieved from /root/Documents/airflowalu/venv/lib/python3.9/site-packages/airflow/example_dags/example_branch_day_of_week_operator.py
[2025-05-02 16:57:36,389] {logging_mixin.py:115} INFO - [2025-05-02 16:57:36,389] {dag.py:2379} INFO - Sync 1 DAGs
[2025-05-02 16:57:36,400] {logging_mixin.py:115} INFO - [2025-05-02 16:57:36,400] {dag.py:2927} INFO - Setting next_dagrun for example_weekday_branch_operator to 2025-05-01T00:00:00+00:00, run_after=2025-05-02T00:00:00+00:00
[2025-05-02 16:57:36,410] {processor.py:161} INFO - Processing /root/Documents/airflowalu/venv/lib/python3.9/site-packages/airflow/example_dags/example_branch_day_of_week_operator.py took 0.036 seconds
[2025-05-02 16:58:07,900] {processor.py:153} INFO - Started process (PID=5061) to work on /root/Documents/airflowalu/venv/lib/python3.9/site-packages/airflow/example_dags/example_branch_day_of_week_operator.py
[2025-05-02 16:58:07,900] {processor.py:641} INFO - Processing file /root/Documents/airflowalu/venv/lib/python3.9/site-packages/airflow/example_dags/example_branch_day_of_week_operator.py for tasks to queue
[2025-05-02 16:58:07,901] {logging_mixin.py:115} INFO - [2025-05-02 16:58:07,901] {dagbag.py:507} INFO - Filling up the DagBag from /root/Documents/airflowalu/venv/lib/python3.9/site-packages/airflow/example_dags/example_branch_day_of_week_operator.py
[2025-05-02 16:58:07,905] {processor.py:651} INFO - DAG(s) dict_keys(['example_weekday_branch_operator']) retrieved from /root/Documents/airflowalu/venv/lib/python3.9/site-packages/airflow/example_dags/example_branch_day_of_week_operator.py
[2025-05-02 16:58:07,913] {logging_mixin.py:115} INFO - [2025-05-02 16:58:07,913] {dag.py:2379} INFO - Sync 1 DAGs
[2025-05-02 16:58:07,923] {logging_mixin.py:115} INFO - [2025-05-02 16:58:07,923] {dag.py:2927} INFO - Setting next_dagrun for example_weekday_branch_operator to 2025-05-01T00:00:00+00:00, run_after=2025-05-02T00:00:00+00:00
[2025-05-02 16:58:07,932] {processor.py:161} INFO - Processing /root/Documents/airflowalu/venv/lib/python3.9/site-packages/airflow/example_dags/example_branch_day_of_week_operator.py took 0.034 seconds
[2025-05-02 16:58:39,749] {processor.py:153} INFO - Started process (PID=5195) to work on /root/Documents/airflowalu/venv/lib/python3.9/site-packages/airflow/example_dags/example_branch_day_of_week_operator.py
[2025-05-02 16:58:39,750] {processor.py:641} INFO - Processing file /root/Documents/airflowalu/venv/lib/python3.9/site-packages/airflow/example_dags/example_branch_day_of_week_operator.py for tasks to queue
[2025-05-02 16:58:39,750] {logging_mixin.py:115} INFO - [2025-05-02 16:58:39,750] {dagbag.py:507} INFO - Filling up the DagBag from /root/Documents/airflowalu/venv/lib/python3.9/site-packages/airflow/example_dags/example_branch_day_of_week_operator.py
[2025-05-02 16:58:39,754] {processor.py:651} INFO - DAG(s) dict_keys(['example_weekday_branch_operator']) retrieved from /root/Documents/airflowalu/venv/lib/python3.9/site-packages/airflow/example_dags/example_branch_day_of_week_operator.py
[2025-05-02 16:58:39,762] {logging_mixin.py:115} INFO - [2025-05-02 16:58:39,762] {dag.py:2379} INFO - Sync 1 DAGs
[2025-05-02 16:58:39,773] {logging_mixin.py:115} INFO - [2025-05-02 16:58:39,773] {dag.py:2927} INFO - Setting next_dagrun for example_weekday_branch_operator to 2025-05-01T00:00:00+00:00, run_after=2025-05-02T00:00:00+00:00
[2025-05-02 16:58:39,783] {processor.py:161} INFO - Processing /root/Documents/airflowalu/venv/lib/python3.9/site-packages/airflow/example_dags/example_branch_day_of_week_operator.py took 0.035 seconds
[2025-05-02 16:59:14,267] {processor.py:153} INFO - Started process (PID=5341) to work on /root/Documents/airflowalu/venv/lib/python3.9/site-packages/airflow/example_dags/example_branch_day_of_week_operator.py
[2025-05-02 16:59:14,268] {processor.py:641} INFO - Processing file /root/Documents/airflowalu/venv/lib/python3.9/site-packages/airflow/example_dags/example_branch_day_of_week_operator.py for tasks to queue
[2025-05-02 16:59:14,268] {logging_mixin.py:115} INFO - [2025-05-02 16:59:14,268] {dagbag.py:507} INFO - Filling up the DagBag from /root/Documents/airflowalu/venv/lib/python3.9/site-packages/airflow/example_dags/example_branch_day_of_week_operator.py
[2025-05-02 16:59:14,273] {processor.py:651} INFO - DAG(s) dict_keys(['example_weekday_branch_operator']) retrieved from /root/Documents/airflowalu/venv/lib/python3.9/site-packages/airflow/example_dags/example_branch_day_of_week_operator.py
[2025-05-02 16:59:14,282] {logging_mixin.py:115} INFO - [2025-05-02 16:59:14,282] {dag.py:2379} INFO - Sync 1 DAGs
[2025-05-02 16:59:14,293] {logging_mixin.py:115} INFO - [2025-05-02 16:59:14,293] {dag.py:2927} INFO - Setting next_dagrun for example_weekday_branch_operator to 2025-05-01T00:00:00+00:00, run_after=2025-05-02T00:00:00+00:00
[2025-05-02 16:59:14,303] {processor.py:161} INFO - Processing /root/Documents/airflowalu/venv/lib/python3.9/site-packages/airflow/example_dags/example_branch_day_of_week_operator.py took 0.038 seconds
[2025-05-02 16:59:46,002] {processor.py:153} INFO - Started process (PID=5472) to work on /root/Documents/airflowalu/venv/lib/python3.9/site-packages/airflow/example_dags/example_branch_day_of_week_operator.py
[2025-05-02 16:59:46,003] {processor.py:641} INFO - Processing file /root/Documents/airflowalu/venv/lib/python3.9/site-packages/airflow/example_dags/example_branch_day_of_week_operator.py for tasks to queue
[2025-05-02 16:59:46,003] {logging_mixin.py:115} INFO - [2025-05-02 16:59:46,003] {dagbag.py:507} INFO - Filling up the DagBag from /root/Documents/airflowalu/venv/lib/python3.9/site-packages/airflow/example_dags/example_branch_day_of_week_operator.py
[2025-05-02 16:59:46,007] {processor.py:651} INFO - DAG(s) dict_keys(['example_weekday_branch_operator']) retrieved from /root/Documents/airflowalu/venv/lib/python3.9/site-packages/airflow/example_dags/example_branch_day_of_week_operator.py
[2025-05-02 16:59:46,015] {logging_mixin.py:115} INFO - [2025-05-02 16:59:46,015] {dag.py:2379} INFO - Sync 1 DAGs
[2025-05-02 16:59:46,026] {logging_mixin.py:115} INFO - [2025-05-02 16:59:46,026] {dag.py:2927} INFO - Setting next_dagrun for example_weekday_branch_operator to 2025-05-01T00:00:00+00:00, run_after=2025-05-02T00:00:00+00:00
[2025-05-02 16:59:46,035] {processor.py:161} INFO - Processing /root/Documents/airflowalu/venv/lib/python3.9/site-packages/airflow/example_dags/example_branch_day_of_week_operator.py took 0.035 seconds
[2025-05-02 17:00:18,857] {processor.py:153} INFO - Started process (PID=5611) to work on /root/Documents/airflowalu/venv/lib/python3.9/site-packages/airflow/example_dags/example_branch_day_of_week_operator.py
[2025-05-02 17:00:18,857] {processor.py:641} INFO - Processing file /root/Documents/airflowalu/venv/lib/python3.9/site-packages/airflow/example_dags/example_branch_day_of_week_operator.py for tasks to queue
[2025-05-02 17:00:18,858] {logging_mixin.py:115} INFO - [2025-05-02 17:00:18,858] {dagbag.py:507} INFO - Filling up the DagBag from /root/Documents/airflowalu/venv/lib/python3.9/site-packages/airflow/example_dags/example_branch_day_of_week_operator.py
[2025-05-02 17:00:18,862] {processor.py:651} INFO - DAG(s) dict_keys(['example_weekday_branch_operator']) retrieved from /root/Documents/airflowalu/venv/lib/python3.9/site-packages/airflow/example_dags/example_branch_day_of_week_operator.py
[2025-05-02 17:00:18,871] {logging_mixin.py:115} INFO - [2025-05-02 17:00:18,871] {dag.py:2379} INFO - Sync 1 DAGs
[2025-05-02 17:00:18,882] {logging_mixin.py:115} INFO - [2025-05-02 17:00:18,882] {dag.py:2927} INFO - Setting next_dagrun for example_weekday_branch_operator to 2025-05-01T00:00:00+00:00, run_after=2025-05-02T00:00:00+00:00
[2025-05-02 17:00:18,893] {processor.py:161} INFO - Processing /root/Documents/airflowalu/venv/lib/python3.9/site-packages/airflow/example_dags/example_branch_day_of_week_operator.py took 0.038 seconds
[2025-05-02 17:00:50,461] {processor.py:153} INFO - Started process (PID=5751) to work on /root/Documents/airflowalu/venv/lib/python3.9/site-packages/airflow/example_dags/example_branch_day_of_week_operator.py
[2025-05-02 17:00:50,462] {processor.py:641} INFO - Processing file /root/Documents/airflowalu/venv/lib/python3.9/site-packages/airflow/example_dags/example_branch_day_of_week_operator.py for tasks to queue
[2025-05-02 17:00:50,462] {logging_mixin.py:115} INFO - [2025-05-02 17:00:50,462] {dagbag.py:507} INFO - Filling up the DagBag from /root/Documents/airflowalu/venv/lib/python3.9/site-packages/airflow/example_dags/example_branch_day_of_week_operator.py
[2025-05-02 17:00:50,466] {processor.py:651} INFO - DAG(s) dict_keys(['example_weekday_branch_operator']) retrieved from /root/Documents/airflowalu/venv/lib/python3.9/site-packages/airflow/example_dags/example_branch_day_of_week_operator.py
[2025-05-02 17:00:50,474] {logging_mixin.py:115} INFO - [2025-05-02 17:00:50,474] {dag.py:2379} INFO - Sync 1 DAGs
[2025-05-02 17:00:50,485] {logging_mixin.py:115} INFO - [2025-05-02 17:00:50,485] {dag.py:2927} INFO - Setting next_dagrun for example_weekday_branch_operator to 2025-05-01T00:00:00+00:00, run_after=2025-05-02T00:00:00+00:00
[2025-05-02 17:00:50,495] {processor.py:161} INFO - Processing /root/Documents/airflowalu/venv/lib/python3.9/site-packages/airflow/example_dags/example_branch_day_of_week_operator.py took 0.036 seconds
[2025-05-02 17:01:20,964] {processor.py:153} INFO - Started process (PID=5882) to work on /root/Documents/airflowalu/venv/lib/python3.9/site-packages/airflow/example_dags/example_branch_day_of_week_operator.py
[2025-05-02 17:01:20,964] {processor.py:641} INFO - Processing file /root/Documents/airflowalu/venv/lib/python3.9/site-packages/airflow/example_dags/example_branch_day_of_week_operator.py for tasks to queue
[2025-05-02 17:01:20,965] {logging_mixin.py:115} INFO - [2025-05-02 17:01:20,965] {dagbag.py:507} INFO - Filling up the DagBag from /root/Documents/airflowalu/venv/lib/python3.9/site-packages/airflow/example_dags/example_branch_day_of_week_operator.py
[2025-05-02 17:01:20,969] {processor.py:651} INFO - DAG(s) dict_keys(['example_weekday_branch_operator']) retrieved from /root/Documents/airflowalu/venv/lib/python3.9/site-packages/airflow/example_dags/example_branch_day_of_week_operator.py
[2025-05-02 17:01:20,979] {logging_mixin.py:115} INFO - [2025-05-02 17:01:20,979] {dag.py:2379} INFO - Sync 1 DAGs
[2025-05-02 17:01:20,990] {logging_mixin.py:115} INFO - [2025-05-02 17:01:20,990] {dag.py:2927} INFO - Setting next_dagrun for example_weekday_branch_operator to 2025-05-01T00:00:00+00:00, run_after=2025-05-02T00:00:00+00:00
[2025-05-02 17:01:21,002] {processor.py:161} INFO - Processing /root/Documents/airflowalu/venv/lib/python3.9/site-packages/airflow/example_dags/example_branch_day_of_week_operator.py took 0.039 seconds
[2025-05-02 17:01:51,758] {processor.py:153} INFO - Started process (PID=6016) to work on /root/Documents/airflowalu/venv/lib/python3.9/site-packages/airflow/example_dags/example_branch_day_of_week_operator.py
[2025-05-02 17:01:51,759] {processor.py:641} INFO - Processing file /root/Documents/airflowalu/venv/lib/python3.9/site-packages/airflow/example_dags/example_branch_day_of_week_operator.py for tasks to queue
[2025-05-02 17:01:51,759] {logging_mixin.py:115} INFO - [2025-05-02 17:01:51,759] {dagbag.py:507} INFO - Filling up the DagBag from /root/Documents/airflowalu/venv/lib/python3.9/site-packages/airflow/example_dags/example_branch_day_of_week_operator.py
[2025-05-02 17:01:51,763] {processor.py:651} INFO - DAG(s) dict_keys(['example_weekday_branch_operator']) retrieved from /root/Documents/airflowalu/venv/lib/python3.9/site-packages/airflow/example_dags/example_branch_day_of_week_operator.py
[2025-05-02 17:01:51,772] {logging_mixin.py:115} INFO - [2025-05-02 17:01:51,772] {dag.py:2379} INFO - Sync 1 DAGs
[2025-05-02 17:01:51,783] {logging_mixin.py:115} INFO - [2025-05-02 17:01:51,783] {dag.py:2927} INFO - Setting next_dagrun for example_weekday_branch_operator to 2025-05-01T00:00:00+00:00, run_after=2025-05-02T00:00:00+00:00
[2025-05-02 17:01:51,792] {processor.py:161} INFO - Processing /root/Documents/airflowalu/venv/lib/python3.9/site-packages/airflow/example_dags/example_branch_day_of_week_operator.py took 0.036 seconds
[2025-05-02 17:02:25,405] {processor.py:153} INFO - Started process (PID=6155) to work on /root/Documents/airflowalu/venv/lib/python3.9/site-packages/airflow/example_dags/example_branch_day_of_week_operator.py
[2025-05-02 17:02:25,406] {processor.py:641} INFO - Processing file /root/Documents/airflowalu/venv/lib/python3.9/site-packages/airflow/example_dags/example_branch_day_of_week_operator.py for tasks to queue
[2025-05-02 17:02:25,406] {logging_mixin.py:115} INFO - [2025-05-02 17:02:25,406] {dagbag.py:507} INFO - Filling up the DagBag from /root/Documents/airflowalu/venv/lib/python3.9/site-packages/airflow/example_dags/example_branch_day_of_week_operator.py
[2025-05-02 17:02:25,411] {processor.py:651} INFO - DAG(s) dict_keys(['example_weekday_branch_operator']) retrieved from /root/Documents/airflowalu/venv/lib/python3.9/site-packages/airflow/example_dags/example_branch_day_of_week_operator.py
[2025-05-02 17:02:25,418] {logging_mixin.py:115} INFO - [2025-05-02 17:02:25,418] {dag.py:2379} INFO - Sync 1 DAGs
[2025-05-02 17:02:25,429] {logging_mixin.py:115} INFO - [2025-05-02 17:02:25,429] {dag.py:2927} INFO - Setting next_dagrun for example_weekday_branch_operator to 2025-05-01T00:00:00+00:00, run_after=2025-05-02T00:00:00+00:00
[2025-05-02 17:02:25,439] {processor.py:161} INFO - Processing /root/Documents/airflowalu/venv/lib/python3.9/site-packages/airflow/example_dags/example_branch_day_of_week_operator.py took 0.036 seconds
[2025-05-02 17:02:57,837] {processor.py:153} INFO - Started process (PID=6293) to work on /root/Documents/airflowalu/venv/lib/python3.9/site-packages/airflow/example_dags/example_branch_day_of_week_operator.py
[2025-05-02 17:02:57,837] {processor.py:641} INFO - Processing file /root/Documents/airflowalu/venv/lib/python3.9/site-packages/airflow/example_dags/example_branch_day_of_week_operator.py for tasks to queue
[2025-05-02 17:02:57,838] {logging_mixin.py:115} INFO - [2025-05-02 17:02:57,838] {dagbag.py:507} INFO - Filling up the DagBag from /root/Documents/airflowalu/venv/lib/python3.9/site-packages/airflow/example_dags/example_branch_day_of_week_operator.py
[2025-05-02 17:02:57,842] {processor.py:651} INFO - DAG(s) dict_keys(['example_weekday_branch_operator']) retrieved from /root/Documents/airflowalu/venv/lib/python3.9/site-packages/airflow/example_dags/example_branch_day_of_week_operator.py
[2025-05-02 17:02:57,851] {logging_mixin.py:115} INFO - [2025-05-02 17:02:57,851] {dag.py:2379} INFO - Sync 1 DAGs
[2025-05-02 17:02:57,863] {logging_mixin.py:115} INFO - [2025-05-02 17:02:57,863] {dag.py:2927} INFO - Setting next_dagrun for example_weekday_branch_operator to 2025-05-01T00:00:00+00:00, run_after=2025-05-02T00:00:00+00:00
[2025-05-02 17:02:57,873] {processor.py:161} INFO - Processing /root/Documents/airflowalu/venv/lib/python3.9/site-packages/airflow/example_dags/example_branch_day_of_week_operator.py took 0.038 seconds
[2025-05-02 17:03:31,919] {processor.py:153} INFO - Started process (PID=6440) to work on /root/Documents/airflowalu/venv/lib/python3.9/site-packages/airflow/example_dags/example_branch_day_of_week_operator.py
[2025-05-02 17:03:31,920] {processor.py:641} INFO - Processing file /root/Documents/airflowalu/venv/lib/python3.9/site-packages/airflow/example_dags/example_branch_day_of_week_operator.py for tasks to queue
[2025-05-02 17:03:31,920] {logging_mixin.py:115} INFO - [2025-05-02 17:03:31,920] {dagbag.py:507} INFO - Filling up the DagBag from /root/Documents/airflowalu/venv/lib/python3.9/site-packages/airflow/example_dags/example_branch_day_of_week_operator.py
[2025-05-02 17:03:31,925] {processor.py:651} INFO - DAG(s) dict_keys(['example_weekday_branch_operator']) retrieved from /root/Documents/airflowalu/venv/lib/python3.9/site-packages/airflow/example_dags/example_branch_day_of_week_operator.py
[2025-05-02 17:03:31,933] {logging_mixin.py:115} INFO - [2025-05-02 17:03:31,933] {dag.py:2379} INFO - Sync 1 DAGs
[2025-05-02 17:03:31,945] {logging_mixin.py:115} INFO - [2025-05-02 17:03:31,945] {dag.py:2927} INFO - Setting next_dagrun for example_weekday_branch_operator to 2025-05-01T00:00:00+00:00, run_after=2025-05-02T00:00:00+00:00
[2025-05-02 17:03:31,956] {processor.py:161} INFO - Processing /root/Documents/airflowalu/venv/lib/python3.9/site-packages/airflow/example_dags/example_branch_day_of_week_operator.py took 0.039 seconds
[2025-05-02 17:04:06,229] {processor.py:153} INFO - Started process (PID=6587) to work on /root/Documents/airflowalu/venv/lib/python3.9/site-packages/airflow/example_dags/example_branch_day_of_week_operator.py
[2025-05-02 17:04:06,229] {processor.py:641} INFO - Processing file /root/Documents/airflowalu/venv/lib/python3.9/site-packages/airflow/example_dags/example_branch_day_of_week_operator.py for tasks to queue
[2025-05-02 17:04:06,230] {logging_mixin.py:115} INFO - [2025-05-02 17:04:06,230] {dagbag.py:507} INFO - Filling up the DagBag from /root/Documents/airflowalu/venv/lib/python3.9/site-packages/airflow/example_dags/example_branch_day_of_week_operator.py
[2025-05-02 17:04:06,235] {processor.py:651} INFO - DAG(s) dict_keys(['example_weekday_branch_operator']) retrieved from /root/Documents/airflowalu/venv/lib/python3.9/site-packages/airflow/example_dags/example_branch_day_of_week_operator.py
[2025-05-02 17:04:06,245] {logging_mixin.py:115} INFO - [2025-05-02 17:04:06,245] {dag.py:2379} INFO - Sync 1 DAGs
[2025-05-02 17:04:06,257] {logging_mixin.py:115} INFO - [2025-05-02 17:04:06,257] {dag.py:2927} INFO - Setting next_dagrun for example_weekday_branch_operator to 2025-05-01T00:00:00+00:00, run_after=2025-05-02T00:00:00+00:00
[2025-05-02 17:04:06,268] {processor.py:161} INFO - Processing /root/Documents/airflowalu/venv/lib/python3.9/site-packages/airflow/example_dags/example_branch_day_of_week_operator.py took 0.041 seconds
[2025-05-02 17:04:37,342] {processor.py:153} INFO - Started process (PID=6720) to work on /root/Documents/airflowalu/venv/lib/python3.9/site-packages/airflow/example_dags/example_branch_day_of_week_operator.py
[2025-05-02 17:04:37,343] {processor.py:641} INFO - Processing file /root/Documents/airflowalu/venv/lib/python3.9/site-packages/airflow/example_dags/example_branch_day_of_week_operator.py for tasks to queue
[2025-05-02 17:04:37,344] {logging_mixin.py:115} INFO - [2025-05-02 17:04:37,343] {dagbag.py:507} INFO - Filling up the DagBag from /root/Documents/airflowalu/venv/lib/python3.9/site-packages/airflow/example_dags/example_branch_day_of_week_operator.py
[2025-05-02 17:04:37,349] {processor.py:651} INFO - DAG(s) dict_keys(['example_weekday_branch_operator']) retrieved from /root/Documents/airflowalu/venv/lib/python3.9/site-packages/airflow/example_dags/example_branch_day_of_week_operator.py
[2025-05-02 17:04:37,359] {logging_mixin.py:115} INFO - [2025-05-02 17:04:37,359] {dag.py:2379} INFO - Sync 1 DAGs
[2025-05-02 17:04:37,372] {logging_mixin.py:115} INFO - [2025-05-02 17:04:37,372] {dag.py:2927} INFO - Setting next_dagrun for example_weekday_branch_operator to 2025-05-01T00:00:00+00:00, run_after=2025-05-02T00:00:00+00:00
[2025-05-02 17:04:37,384] {processor.py:161} INFO - Processing /root/Documents/airflowalu/venv/lib/python3.9/site-packages/airflow/example_dags/example_branch_day_of_week_operator.py took 0.043 seconds
[2025-05-02 17:05:10,034] {processor.py:153} INFO - Started process (PID=6861) to work on /root/Documents/airflowalu/venv/lib/python3.9/site-packages/airflow/example_dags/example_branch_day_of_week_operator.py
[2025-05-02 17:05:10,035] {processor.py:641} INFO - Processing file /root/Documents/airflowalu/venv/lib/python3.9/site-packages/airflow/example_dags/example_branch_day_of_week_operator.py for tasks to queue
[2025-05-02 17:05:10,035] {logging_mixin.py:115} INFO - [2025-05-02 17:05:10,035] {dagbag.py:507} INFO - Filling up the DagBag from /root/Documents/airflowalu/venv/lib/python3.9/site-packages/airflow/example_dags/example_branch_day_of_week_operator.py
[2025-05-02 17:05:10,039] {processor.py:651} INFO - DAG(s) dict_keys(['example_weekday_branch_operator']) retrieved from /root/Documents/airflowalu/venv/lib/python3.9/site-packages/airflow/example_dags/example_branch_day_of_week_operator.py
[2025-05-02 17:05:10,048] {logging_mixin.py:115} INFO - [2025-05-02 17:05:10,048] {dag.py:2379} INFO - Sync 1 DAGs
[2025-05-02 17:05:10,059] {logging_mixin.py:115} INFO - [2025-05-02 17:05:10,059] {dag.py:2927} INFO - Setting next_dagrun for example_weekday_branch_operator to 2025-05-01T00:00:00+00:00, run_after=2025-05-02T00:00:00+00:00
[2025-05-02 17:05:10,069] {processor.py:161} INFO - Processing /root/Documents/airflowalu/venv/lib/python3.9/site-packages/airflow/example_dags/example_branch_day_of_week_operator.py took 0.036 seconds
[2025-05-02 17:05:42,138] {processor.py:153} INFO - Started process (PID=6993) to work on /root/Documents/airflowalu/venv/lib/python3.9/site-packages/airflow/example_dags/example_branch_day_of_week_operator.py
[2025-05-02 17:05:42,139] {processor.py:641} INFO - Processing file /root/Documents/airflowalu/venv/lib/python3.9/site-packages/airflow/example_dags/example_branch_day_of_week_operator.py for tasks to queue
[2025-05-02 17:05:42,139] {logging_mixin.py:115} INFO - [2025-05-02 17:05:42,139] {dagbag.py:507} INFO - Filling up the DagBag from /root/Documents/airflowalu/venv/lib/python3.9/site-packages/airflow/example_dags/example_branch_day_of_week_operator.py
[2025-05-02 17:05:42,144] {processor.py:651} INFO - DAG(s) dict_keys(['example_weekday_branch_operator']) retrieved from /root/Documents/airflowalu/venv/lib/python3.9/site-packages/airflow/example_dags/example_branch_day_of_week_operator.py
[2025-05-02 17:05:42,153] {logging_mixin.py:115} INFO - [2025-05-02 17:05:42,153] {dag.py:2379} INFO - Sync 1 DAGs
[2025-05-02 17:05:42,164] {logging_mixin.py:115} INFO - [2025-05-02 17:05:42,164] {dag.py:2927} INFO - Setting next_dagrun for example_weekday_branch_operator to 2025-05-01T00:00:00+00:00, run_after=2025-05-02T00:00:00+00:00
[2025-05-02 17:05:42,175] {processor.py:161} INFO - Processing /root/Documents/airflowalu/venv/lib/python3.9/site-packages/airflow/example_dags/example_branch_day_of_week_operator.py took 0.039 seconds
[2025-05-02 17:06:15,806] {processor.py:153} INFO - Started process (PID=7142) to work on /root/Documents/airflowalu/venv/lib/python3.9/site-packages/airflow/example_dags/example_branch_day_of_week_operator.py
[2025-05-02 17:06:15,807] {processor.py:641} INFO - Processing file /root/Documents/airflowalu/venv/lib/python3.9/site-packages/airflow/example_dags/example_branch_day_of_week_operator.py for tasks to queue
[2025-05-02 17:06:15,807] {logging_mixin.py:115} INFO - [2025-05-02 17:06:15,807] {dagbag.py:507} INFO - Filling up the DagBag from /root/Documents/airflowalu/venv/lib/python3.9/site-packages/airflow/example_dags/example_branch_day_of_week_operator.py
[2025-05-02 17:06:15,812] {processor.py:651} INFO - DAG(s) dict_keys(['example_weekday_branch_operator']) retrieved from /root/Documents/airflowalu/venv/lib/python3.9/site-packages/airflow/example_dags/example_branch_day_of_week_operator.py
[2025-05-02 17:06:15,821] {logging_mixin.py:115} INFO - [2025-05-02 17:06:15,821] {dag.py:2379} INFO - Sync 1 DAGs
[2025-05-02 17:06:15,833] {logging_mixin.py:115} INFO - [2025-05-02 17:06:15,833] {dag.py:2927} INFO - Setting next_dagrun for example_weekday_branch_operator to 2025-05-01T00:00:00+00:00, run_after=2025-05-02T00:00:00+00:00
[2025-05-02 17:06:15,844] {processor.py:161} INFO - Processing /root/Documents/airflowalu/venv/lib/python3.9/site-packages/airflow/example_dags/example_branch_day_of_week_operator.py took 0.039 seconds
[2025-05-02 17:06:47,569] {processor.py:153} INFO - Started process (PID=7273) to work on /root/Documents/airflowalu/venv/lib/python3.9/site-packages/airflow/example_dags/example_branch_day_of_week_operator.py
[2025-05-02 17:06:47,570] {processor.py:641} INFO - Processing file /root/Documents/airflowalu/venv/lib/python3.9/site-packages/airflow/example_dags/example_branch_day_of_week_operator.py for tasks to queue
[2025-05-02 17:06:47,570] {logging_mixin.py:115} INFO - [2025-05-02 17:06:47,570] {dagbag.py:507} INFO - Filling up the DagBag from /root/Documents/airflowalu/venv/lib/python3.9/site-packages/airflow/example_dags/example_branch_day_of_week_operator.py
[2025-05-02 17:06:47,575] {processor.py:651} INFO - DAG(s) dict_keys(['example_weekday_branch_operator']) retrieved from /root/Documents/airflowalu/venv/lib/python3.9/site-packages/airflow/example_dags/example_branch_day_of_week_operator.py
[2025-05-02 17:06:47,586] {logging_mixin.py:115} INFO - [2025-05-02 17:06:47,586] {dag.py:2379} INFO - Sync 1 DAGs
[2025-05-02 17:06:47,603] {logging_mixin.py:115} INFO - [2025-05-02 17:06:47,603] {dag.py:2927} INFO - Setting next_dagrun for example_weekday_branch_operator to 2025-05-01T00:00:00+00:00, run_after=2025-05-02T00:00:00+00:00
[2025-05-02 17:06:47,622] {processor.py:161} INFO - Processing /root/Documents/airflowalu/venv/lib/python3.9/site-packages/airflow/example_dags/example_branch_day_of_week_operator.py took 0.056 seconds
[2025-05-02 17:07:20,247] {processor.py:153} INFO - Started process (PID=7415) to work on /root/Documents/airflowalu/venv/lib/python3.9/site-packages/airflow/example_dags/example_branch_day_of_week_operator.py
[2025-05-02 17:07:20,248] {processor.py:641} INFO - Processing file /root/Documents/airflowalu/venv/lib/python3.9/site-packages/airflow/example_dags/example_branch_day_of_week_operator.py for tasks to queue
[2025-05-02 17:07:20,248] {logging_mixin.py:115} INFO - [2025-05-02 17:07:20,248] {dagbag.py:507} INFO - Filling up the DagBag from /root/Documents/airflowalu/venv/lib/python3.9/site-packages/airflow/example_dags/example_branch_day_of_week_operator.py
[2025-05-02 17:07:20,253] {processor.py:651} INFO - DAG(s) dict_keys(['example_weekday_branch_operator']) retrieved from /root/Documents/airflowalu/venv/lib/python3.9/site-packages/airflow/example_dags/example_branch_day_of_week_operator.py
[2025-05-02 17:07:20,262] {logging_mixin.py:115} INFO - [2025-05-02 17:07:20,262] {dag.py:2379} INFO - Sync 1 DAGs
[2025-05-02 17:07:20,275] {logging_mixin.py:115} INFO - [2025-05-02 17:07:20,275] {dag.py:2927} INFO - Setting next_dagrun for example_weekday_branch_operator to 2025-05-01T00:00:00+00:00, run_after=2025-05-02T00:00:00+00:00
[2025-05-02 17:07:20,287] {processor.py:161} INFO - Processing /root/Documents/airflowalu/venv/lib/python3.9/site-packages/airflow/example_dags/example_branch_day_of_week_operator.py took 0.042 seconds
[2025-05-02 17:07:52,741] {processor.py:153} INFO - Started process (PID=7556) to work on /root/Documents/airflowalu/venv/lib/python3.9/site-packages/airflow/example_dags/example_branch_day_of_week_operator.py
[2025-05-02 17:07:52,742] {processor.py:641} INFO - Processing file /root/Documents/airflowalu/venv/lib/python3.9/site-packages/airflow/example_dags/example_branch_day_of_week_operator.py for tasks to queue
[2025-05-02 17:07:52,742] {logging_mixin.py:115} INFO - [2025-05-02 17:07:52,742] {dagbag.py:507} INFO - Filling up the DagBag from /root/Documents/airflowalu/venv/lib/python3.9/site-packages/airflow/example_dags/example_branch_day_of_week_operator.py
[2025-05-02 17:07:52,747] {processor.py:651} INFO - DAG(s) dict_keys(['example_weekday_branch_operator']) retrieved from /root/Documents/airflowalu/venv/lib/python3.9/site-packages/airflow/example_dags/example_branch_day_of_week_operator.py
[2025-05-02 17:07:52,756] {logging_mixin.py:115} INFO - [2025-05-02 17:07:52,756] {dag.py:2379} INFO - Sync 1 DAGs
[2025-05-02 17:07:52,768] {logging_mixin.py:115} INFO - [2025-05-02 17:07:52,768] {dag.py:2927} INFO - Setting next_dagrun for example_weekday_branch_operator to 2025-05-01T00:00:00+00:00, run_after=2025-05-02T00:00:00+00:00
[2025-05-02 17:07:52,780] {processor.py:161} INFO - Processing /root/Documents/airflowalu/venv/lib/python3.9/site-packages/airflow/example_dags/example_branch_day_of_week_operator.py took 0.041 seconds
[2025-05-02 17:08:25,671] {processor.py:153} INFO - Started process (PID=7694) to work on /root/Documents/airflowalu/venv/lib/python3.9/site-packages/airflow/example_dags/example_branch_day_of_week_operator.py
[2025-05-02 17:08:25,672] {processor.py:641} INFO - Processing file /root/Documents/airflowalu/venv/lib/python3.9/site-packages/airflow/example_dags/example_branch_day_of_week_operator.py for tasks to queue
[2025-05-02 17:08:25,672] {logging_mixin.py:115} INFO - [2025-05-02 17:08:25,672] {dagbag.py:507} INFO - Filling up the DagBag from /root/Documents/airflowalu/venv/lib/python3.9/site-packages/airflow/example_dags/example_branch_day_of_week_operator.py
[2025-05-02 17:08:25,677] {processor.py:651} INFO - DAG(s) dict_keys(['example_weekday_branch_operator']) retrieved from /root/Documents/airflowalu/venv/lib/python3.9/site-packages/airflow/example_dags/example_branch_day_of_week_operator.py
[2025-05-02 17:08:25,686] {logging_mixin.py:115} INFO - [2025-05-02 17:08:25,685] {dag.py:2379} INFO - Sync 1 DAGs
[2025-05-02 17:08:25,698] {logging_mixin.py:115} INFO - [2025-05-02 17:08:25,698] {dag.py:2927} INFO - Setting next_dagrun for example_weekday_branch_operator to 2025-05-01T00:00:00+00:00, run_after=2025-05-02T00:00:00+00:00
[2025-05-02 17:08:25,709] {processor.py:161} INFO - Processing /root/Documents/airflowalu/venv/lib/python3.9/site-packages/airflow/example_dags/example_branch_day_of_week_operator.py took 0.039 seconds
[2025-05-02 17:08:57,119] {processor.py:153} INFO - Started process (PID=7833) to work on /root/Documents/airflowalu/venv/lib/python3.9/site-packages/airflow/example_dags/example_branch_day_of_week_operator.py
[2025-05-02 17:08:57,119] {processor.py:641} INFO - Processing file /root/Documents/airflowalu/venv/lib/python3.9/site-packages/airflow/example_dags/example_branch_day_of_week_operator.py for tasks to queue
[2025-05-02 17:08:57,120] {logging_mixin.py:115} INFO - [2025-05-02 17:08:57,120] {dagbag.py:507} INFO - Filling up the DagBag from /root/Documents/airflowalu/venv/lib/python3.9/site-packages/airflow/example_dags/example_branch_day_of_week_operator.py
[2025-05-02 17:08:57,125] {processor.py:651} INFO - DAG(s) dict_keys(['example_weekday_branch_operator']) retrieved from /root/Documents/airflowalu/venv/lib/python3.9/site-packages/airflow/example_dags/example_branch_day_of_week_operator.py
[2025-05-02 17:08:57,138] {logging_mixin.py:115} INFO - [2025-05-02 17:08:57,138] {dag.py:2379} INFO - Sync 1 DAGs
[2025-05-02 17:08:57,152] {logging_mixin.py:115} INFO - [2025-05-02 17:08:57,151] {dag.py:2927} INFO - Setting next_dagrun for example_weekday_branch_operator to 2025-05-01T00:00:00+00:00, run_after=2025-05-02T00:00:00+00:00
[2025-05-02 17:08:57,165] {processor.py:161} INFO - Processing /root/Documents/airflowalu/venv/lib/python3.9/site-packages/airflow/example_dags/example_branch_day_of_week_operator.py took 0.049 seconds
[2025-05-02 17:09:32,103] {processor.py:153} INFO - Started process (PID=7980) to work on /root/Documents/airflowalu/venv/lib/python3.9/site-packages/airflow/example_dags/example_branch_day_of_week_operator.py
[2025-05-02 17:09:32,103] {processor.py:641} INFO - Processing file /root/Documents/airflowalu/venv/lib/python3.9/site-packages/airflow/example_dags/example_branch_day_of_week_operator.py for tasks to queue
[2025-05-02 17:09:32,104] {logging_mixin.py:115} INFO - [2025-05-02 17:09:32,104] {dagbag.py:507} INFO - Filling up the DagBag from /root/Documents/airflowalu/venv/lib/python3.9/site-packages/airflow/example_dags/example_branch_day_of_week_operator.py
[2025-05-02 17:09:32,108] {processor.py:651} INFO - DAG(s) dict_keys(['example_weekday_branch_operator']) retrieved from /root/Documents/airflowalu/venv/lib/python3.9/site-packages/airflow/example_dags/example_branch_day_of_week_operator.py
[2025-05-02 17:09:32,116] {logging_mixin.py:115} INFO - [2025-05-02 17:09:32,116] {dag.py:2379} INFO - Sync 1 DAGs
[2025-05-02 17:09:32,127] {logging_mixin.py:115} INFO - [2025-05-02 17:09:32,127] {dag.py:2927} INFO - Setting next_dagrun for example_weekday_branch_operator to 2025-05-01T00:00:00+00:00, run_after=2025-05-02T00:00:00+00:00
[2025-05-02 17:09:32,137] {processor.py:161} INFO - Processing /root/Documents/airflowalu/venv/lib/python3.9/site-packages/airflow/example_dags/example_branch_day_of_week_operator.py took 0.036 seconds
[2025-05-02 17:10:03,614] {processor.py:153} INFO - Started process (PID=8113) to work on /root/Documents/airflowalu/venv/lib/python3.9/site-packages/airflow/example_dags/example_branch_day_of_week_operator.py
[2025-05-02 17:10:03,614] {processor.py:641} INFO - Processing file /root/Documents/airflowalu/venv/lib/python3.9/site-packages/airflow/example_dags/example_branch_day_of_week_operator.py for tasks to queue
[2025-05-02 17:10:03,615] {logging_mixin.py:115} INFO - [2025-05-02 17:10:03,615] {dagbag.py:507} INFO - Filling up the DagBag from /root/Documents/airflowalu/venv/lib/python3.9/site-packages/airflow/example_dags/example_branch_day_of_week_operator.py
[2025-05-02 17:10:03,620] {processor.py:651} INFO - DAG(s) dict_keys(['example_weekday_branch_operator']) retrieved from /root/Documents/airflowalu/venv/lib/python3.9/site-packages/airflow/example_dags/example_branch_day_of_week_operator.py
[2025-05-02 17:10:03,631] {logging_mixin.py:115} INFO - [2025-05-02 17:10:03,630] {dag.py:2379} INFO - Sync 1 DAGs
[2025-05-02 17:10:03,644] {logging_mixin.py:115} INFO - [2025-05-02 17:10:03,644] {dag.py:2927} INFO - Setting next_dagrun for example_weekday_branch_operator to 2025-05-01T00:00:00+00:00, run_after=2025-05-02T00:00:00+00:00
[2025-05-02 17:10:03,658] {processor.py:161} INFO - Processing /root/Documents/airflowalu/venv/lib/python3.9/site-packages/airflow/example_dags/example_branch_day_of_week_operator.py took 0.046 seconds
[2025-05-02 17:10:35,984] {processor.py:153} INFO - Started process (PID=8246) to work on /root/Documents/airflowalu/venv/lib/python3.9/site-packages/airflow/example_dags/example_branch_day_of_week_operator.py
[2025-05-02 17:10:35,985] {processor.py:641} INFO - Processing file /root/Documents/airflowalu/venv/lib/python3.9/site-packages/airflow/example_dags/example_branch_day_of_week_operator.py for tasks to queue
[2025-05-02 17:10:35,985] {logging_mixin.py:115} INFO - [2025-05-02 17:10:35,985] {dagbag.py:507} INFO - Filling up the DagBag from /root/Documents/airflowalu/venv/lib/python3.9/site-packages/airflow/example_dags/example_branch_day_of_week_operator.py
[2025-05-02 17:10:35,990] {processor.py:651} INFO - DAG(s) dict_keys(['example_weekday_branch_operator']) retrieved from /root/Documents/airflowalu/venv/lib/python3.9/site-packages/airflow/example_dags/example_branch_day_of_week_operator.py
[2025-05-02 17:10:35,998] {logging_mixin.py:115} INFO - [2025-05-02 17:10:35,998] {dag.py:2379} INFO - Sync 1 DAGs
[2025-05-02 17:10:36,010] {logging_mixin.py:115} INFO - [2025-05-02 17:10:36,010] {dag.py:2927} INFO - Setting next_dagrun for example_weekday_branch_operator to 2025-05-01T00:00:00+00:00, run_after=2025-05-02T00:00:00+00:00
[2025-05-02 17:10:36,021] {processor.py:161} INFO - Processing /root/Documents/airflowalu/venv/lib/python3.9/site-packages/airflow/example_dags/example_branch_day_of_week_operator.py took 0.038 seconds
[2025-05-02 17:11:09,713] {processor.py:153} INFO - Started process (PID=8402) to work on /root/Documents/airflowalu/venv/lib/python3.9/site-packages/airflow/example_dags/example_branch_day_of_week_operator.py
[2025-05-02 17:11:09,714] {processor.py:641} INFO - Processing file /root/Documents/airflowalu/venv/lib/python3.9/site-packages/airflow/example_dags/example_branch_day_of_week_operator.py for tasks to queue
[2025-05-02 17:11:09,714] {logging_mixin.py:115} INFO - [2025-05-02 17:11:09,714] {dagbag.py:507} INFO - Filling up the DagBag from /root/Documents/airflowalu/venv/lib/python3.9/site-packages/airflow/example_dags/example_branch_day_of_week_operator.py
[2025-05-02 17:11:09,718] {processor.py:651} INFO - DAG(s) dict_keys(['example_weekday_branch_operator']) retrieved from /root/Documents/airflowalu/venv/lib/python3.9/site-packages/airflow/example_dags/example_branch_day_of_week_operator.py
[2025-05-02 17:11:09,727] {logging_mixin.py:115} INFO - [2025-05-02 17:11:09,727] {dag.py:2379} INFO - Sync 1 DAGs
[2025-05-02 17:11:09,738] {logging_mixin.py:115} INFO - [2025-05-02 17:11:09,738] {dag.py:2927} INFO - Setting next_dagrun for example_weekday_branch_operator to 2025-05-01T00:00:00+00:00, run_after=2025-05-02T00:00:00+00:00
[2025-05-02 17:11:09,770] {processor.py:161} INFO - Processing /root/Documents/airflowalu/venv/lib/python3.9/site-packages/airflow/example_dags/example_branch_day_of_week_operator.py took 0.059 seconds
[2025-05-02 17:11:44,637] {processor.py:153} INFO - Started process (PID=8554) to work on /root/Documents/airflowalu/venv/lib/python3.9/site-packages/airflow/example_dags/example_branch_day_of_week_operator.py
[2025-05-02 17:11:44,638] {processor.py:641} INFO - Processing file /root/Documents/airflowalu/venv/lib/python3.9/site-packages/airflow/example_dags/example_branch_day_of_week_operator.py for tasks to queue
[2025-05-02 17:11:44,638] {logging_mixin.py:115} INFO - [2025-05-02 17:11:44,638] {dagbag.py:507} INFO - Filling up the DagBag from /root/Documents/airflowalu/venv/lib/python3.9/site-packages/airflow/example_dags/example_branch_day_of_week_operator.py
[2025-05-02 17:11:44,642] {processor.py:651} INFO - DAG(s) dict_keys(['example_weekday_branch_operator']) retrieved from /root/Documents/airflowalu/venv/lib/python3.9/site-packages/airflow/example_dags/example_branch_day_of_week_operator.py
[2025-05-02 17:11:44,651] {logging_mixin.py:115} INFO - [2025-05-02 17:11:44,651] {dag.py:2379} INFO - Sync 1 DAGs
[2025-05-02 17:11:44,663] {logging_mixin.py:115} INFO - [2025-05-02 17:11:44,663] {dag.py:2927} INFO - Setting next_dagrun for example_weekday_branch_operator to 2025-05-01T00:00:00+00:00, run_after=2025-05-02T00:00:00+00:00
[2025-05-02 17:11:44,674] {processor.py:161} INFO - Processing /root/Documents/airflowalu/venv/lib/python3.9/site-packages/airflow/example_dags/example_branch_day_of_week_operator.py took 0.038 seconds
[2025-05-02 17:12:17,774] {processor.py:153} INFO - Started process (PID=8698) to work on /root/Documents/airflowalu/venv/lib/python3.9/site-packages/airflow/example_dags/example_branch_day_of_week_operator.py
[2025-05-02 17:12:17,775] {processor.py:641} INFO - Processing file /root/Documents/airflowalu/venv/lib/python3.9/site-packages/airflow/example_dags/example_branch_day_of_week_operator.py for tasks to queue
[2025-05-02 17:12:17,775] {logging_mixin.py:115} INFO - [2025-05-02 17:12:17,775] {dagbag.py:507} INFO - Filling up the DagBag from /root/Documents/airflowalu/venv/lib/python3.9/site-packages/airflow/example_dags/example_branch_day_of_week_operator.py
[2025-05-02 17:12:17,779] {processor.py:651} INFO - DAG(s) dict_keys(['example_weekday_branch_operator']) retrieved from /root/Documents/airflowalu/venv/lib/python3.9/site-packages/airflow/example_dags/example_branch_day_of_week_operator.py
[2025-05-02 17:12:17,788] {logging_mixin.py:115} INFO - [2025-05-02 17:12:17,788] {dag.py:2379} INFO - Sync 1 DAGs
[2025-05-02 17:12:17,799] {logging_mixin.py:115} INFO - [2025-05-02 17:12:17,799] {dag.py:2927} INFO - Setting next_dagrun for example_weekday_branch_operator to 2025-05-01T00:00:00+00:00, run_after=2025-05-02T00:00:00+00:00
[2025-05-02 17:12:17,808] {processor.py:161} INFO - Processing /root/Documents/airflowalu/venv/lib/python3.9/site-packages/airflow/example_dags/example_branch_day_of_week_operator.py took 0.036 seconds
[2025-05-02 17:12:48,686] {processor.py:153} INFO - Started process (PID=8831) to work on /root/Documents/airflowalu/venv/lib/python3.9/site-packages/airflow/example_dags/example_branch_day_of_week_operator.py
[2025-05-02 17:12:48,686] {processor.py:641} INFO - Processing file /root/Documents/airflowalu/venv/lib/python3.9/site-packages/airflow/example_dags/example_branch_day_of_week_operator.py for tasks to queue
[2025-05-02 17:12:48,687] {logging_mixin.py:115} INFO - [2025-05-02 17:12:48,687] {dagbag.py:507} INFO - Filling up the DagBag from /root/Documents/airflowalu/venv/lib/python3.9/site-packages/airflow/example_dags/example_branch_day_of_week_operator.py
[2025-05-02 17:12:48,692] {processor.py:651} INFO - DAG(s) dict_keys(['example_weekday_branch_operator']) retrieved from /root/Documents/airflowalu/venv/lib/python3.9/site-packages/airflow/example_dags/example_branch_day_of_week_operator.py
[2025-05-02 17:12:48,703] {logging_mixin.py:115} INFO - [2025-05-02 17:12:48,703] {dag.py:2379} INFO - Sync 1 DAGs
[2025-05-02 17:12:48,715] {logging_mixin.py:115} INFO - [2025-05-02 17:12:48,715] {dag.py:2927} INFO - Setting next_dagrun for example_weekday_branch_operator to 2025-05-01T00:00:00+00:00, run_after=2025-05-02T00:00:00+00:00
[2025-05-02 17:12:48,726] {processor.py:161} INFO - Processing /root/Documents/airflowalu/venv/lib/python3.9/site-packages/airflow/example_dags/example_branch_day_of_week_operator.py took 0.042 seconds
[2025-05-02 17:13:21,348] {processor.py:153} INFO - Started process (PID=8976) to work on /root/Documents/airflowalu/venv/lib/python3.9/site-packages/airflow/example_dags/example_branch_day_of_week_operator.py
[2025-05-02 17:13:21,349] {processor.py:641} INFO - Processing file /root/Documents/airflowalu/venv/lib/python3.9/site-packages/airflow/example_dags/example_branch_day_of_week_operator.py for tasks to queue
[2025-05-02 17:13:21,349] {logging_mixin.py:115} INFO - [2025-05-02 17:13:21,349] {dagbag.py:507} INFO - Filling up the DagBag from /root/Documents/airflowalu/venv/lib/python3.9/site-packages/airflow/example_dags/example_branch_day_of_week_operator.py
[2025-05-02 17:13:21,356] {processor.py:651} INFO - DAG(s) dict_keys(['example_weekday_branch_operator']) retrieved from /root/Documents/airflowalu/venv/lib/python3.9/site-packages/airflow/example_dags/example_branch_day_of_week_operator.py
[2025-05-02 17:13:21,368] {logging_mixin.py:115} INFO - [2025-05-02 17:13:21,368] {dag.py:2379} INFO - Sync 1 DAGs
[2025-05-02 17:13:21,380] {logging_mixin.py:115} INFO - [2025-05-02 17:13:21,380] {dag.py:2927} INFO - Setting next_dagrun for example_weekday_branch_operator to 2025-05-01T00:00:00+00:00, run_after=2025-05-02T00:00:00+00:00
[2025-05-02 17:13:21,390] {processor.py:161} INFO - Processing /root/Documents/airflowalu/venv/lib/python3.9/site-packages/airflow/example_dags/example_branch_day_of_week_operator.py took 0.044 seconds
[2025-05-02 17:13:53,764] {processor.py:153} INFO - Started process (PID=9114) to work on /root/Documents/airflowalu/venv/lib/python3.9/site-packages/airflow/example_dags/example_branch_day_of_week_operator.py
[2025-05-02 17:13:53,765] {processor.py:641} INFO - Processing file /root/Documents/airflowalu/venv/lib/python3.9/site-packages/airflow/example_dags/example_branch_day_of_week_operator.py for tasks to queue
[2025-05-02 17:13:53,765] {logging_mixin.py:115} INFO - [2025-05-02 17:13:53,765] {dagbag.py:507} INFO - Filling up the DagBag from /root/Documents/airflowalu/venv/lib/python3.9/site-packages/airflow/example_dags/example_branch_day_of_week_operator.py
[2025-05-02 17:13:53,772] {processor.py:651} INFO - DAG(s) dict_keys(['example_weekday_branch_operator']) retrieved from /root/Documents/airflowalu/venv/lib/python3.9/site-packages/airflow/example_dags/example_branch_day_of_week_operator.py
[2025-05-02 17:13:53,783] {logging_mixin.py:115} INFO - [2025-05-02 17:13:53,783] {dag.py:2379} INFO - Sync 1 DAGs
[2025-05-02 17:13:53,797] {logging_mixin.py:115} INFO - [2025-05-02 17:13:53,797] {dag.py:2927} INFO - Setting next_dagrun for example_weekday_branch_operator to 2025-05-01T00:00:00+00:00, run_after=2025-05-02T00:00:00+00:00
[2025-05-02 17:13:53,808] {processor.py:161} INFO - Processing /root/Documents/airflowalu/venv/lib/python3.9/site-packages/airflow/example_dags/example_branch_day_of_week_operator.py took 0.046 seconds
[2025-05-02 17:14:25,145] {processor.py:153} INFO - Started process (PID=9254) to work on /root/Documents/airflowalu/venv/lib/python3.9/site-packages/airflow/example_dags/example_branch_day_of_week_operator.py
[2025-05-02 17:14:25,146] {processor.py:641} INFO - Processing file /root/Documents/airflowalu/venv/lib/python3.9/site-packages/airflow/example_dags/example_branch_day_of_week_operator.py for tasks to queue
[2025-05-02 17:14:25,146] {logging_mixin.py:115} INFO - [2025-05-02 17:14:25,146] {dagbag.py:507} INFO - Filling up the DagBag from /root/Documents/airflowalu/venv/lib/python3.9/site-packages/airflow/example_dags/example_branch_day_of_week_operator.py
[2025-05-02 17:14:25,151] {processor.py:651} INFO - DAG(s) dict_keys(['example_weekday_branch_operator']) retrieved from /root/Documents/airflowalu/venv/lib/python3.9/site-packages/airflow/example_dags/example_branch_day_of_week_operator.py
[2025-05-02 17:14:25,163] {logging_mixin.py:115} INFO - [2025-05-02 17:14:25,163] {dag.py:2379} INFO - Sync 1 DAGs
[2025-05-02 17:14:25,179] {logging_mixin.py:115} INFO - [2025-05-02 17:14:25,178] {dag.py:2927} INFO - Setting next_dagrun for example_weekday_branch_operator to 2025-05-01T00:00:00+00:00, run_after=2025-05-02T00:00:00+00:00
[2025-05-02 17:14:25,193] {processor.py:161} INFO - Processing /root/Documents/airflowalu/venv/lib/python3.9/site-packages/airflow/example_dags/example_branch_day_of_week_operator.py took 0.050 seconds
[2025-05-02 17:14:57,453] {processor.py:153} INFO - Started process (PID=9393) to work on /root/Documents/airflowalu/venv/lib/python3.9/site-packages/airflow/example_dags/example_branch_day_of_week_operator.py
[2025-05-02 17:14:57,454] {processor.py:641} INFO - Processing file /root/Documents/airflowalu/venv/lib/python3.9/site-packages/airflow/example_dags/example_branch_day_of_week_operator.py for tasks to queue
[2025-05-02 17:14:57,454] {logging_mixin.py:115} INFO - [2025-05-02 17:14:57,454] {dagbag.py:507} INFO - Filling up the DagBag from /root/Documents/airflowalu/venv/lib/python3.9/site-packages/airflow/example_dags/example_branch_day_of_week_operator.py
[2025-05-02 17:14:57,458] {processor.py:651} INFO - DAG(s) dict_keys(['example_weekday_branch_operator']) retrieved from /root/Documents/airflowalu/venv/lib/python3.9/site-packages/airflow/example_dags/example_branch_day_of_week_operator.py
[2025-05-02 17:14:57,469] {logging_mixin.py:115} INFO - [2025-05-02 17:14:57,468] {dag.py:2379} INFO - Sync 1 DAGs
[2025-05-02 17:14:57,480] {logging_mixin.py:115} INFO - [2025-05-02 17:14:57,480] {dag.py:2927} INFO - Setting next_dagrun for example_weekday_branch_operator to 2025-05-01T00:00:00+00:00, run_after=2025-05-02T00:00:00+00:00
[2025-05-02 17:14:57,490] {processor.py:161} INFO - Processing /root/Documents/airflowalu/venv/lib/python3.9/site-packages/airflow/example_dags/example_branch_day_of_week_operator.py took 0.038 seconds
[2025-05-02 17:15:30,363] {processor.py:153} INFO - Started process (PID=9533) to work on /root/Documents/airflowalu/venv/lib/python3.9/site-packages/airflow/example_dags/example_branch_day_of_week_operator.py
[2025-05-02 17:15:30,364] {processor.py:641} INFO - Processing file /root/Documents/airflowalu/venv/lib/python3.9/site-packages/airflow/example_dags/example_branch_day_of_week_operator.py for tasks to queue
[2025-05-02 17:15:30,364] {logging_mixin.py:115} INFO - [2025-05-02 17:15:30,364] {dagbag.py:507} INFO - Filling up the DagBag from /root/Documents/airflowalu/venv/lib/python3.9/site-packages/airflow/example_dags/example_branch_day_of_week_operator.py
[2025-05-02 17:15:30,371] {processor.py:651} INFO - DAG(s) dict_keys(['example_weekday_branch_operator']) retrieved from /root/Documents/airflowalu/venv/lib/python3.9/site-packages/airflow/example_dags/example_branch_day_of_week_operator.py
[2025-05-02 17:15:30,387] {logging_mixin.py:115} INFO - [2025-05-02 17:15:30,387] {dag.py:2379} INFO - Sync 1 DAGs
[2025-05-02 17:15:30,400] {logging_mixin.py:115} INFO - [2025-05-02 17:15:30,400] {dag.py:2927} INFO - Setting next_dagrun for example_weekday_branch_operator to 2025-05-01T00:00:00+00:00, run_after=2025-05-02T00:00:00+00:00
[2025-05-02 17:15:30,415] {processor.py:161} INFO - Processing /root/Documents/airflowalu/venv/lib/python3.9/site-packages/airflow/example_dags/example_branch_day_of_week_operator.py took 0.055 seconds
[2025-05-02 17:16:04,816] {processor.py:153} INFO - Started process (PID=9680) to work on /root/Documents/airflowalu/venv/lib/python3.9/site-packages/airflow/example_dags/example_branch_day_of_week_operator.py
[2025-05-02 17:16:04,816] {processor.py:641} INFO - Processing file /root/Documents/airflowalu/venv/lib/python3.9/site-packages/airflow/example_dags/example_branch_day_of_week_operator.py for tasks to queue
[2025-05-02 17:16:04,817] {logging_mixin.py:115} INFO - [2025-05-02 17:16:04,817] {dagbag.py:507} INFO - Filling up the DagBag from /root/Documents/airflowalu/venv/lib/python3.9/site-packages/airflow/example_dags/example_branch_day_of_week_operator.py
[2025-05-02 17:16:04,821] {processor.py:651} INFO - DAG(s) dict_keys(['example_weekday_branch_operator']) retrieved from /root/Documents/airflowalu/venv/lib/python3.9/site-packages/airflow/example_dags/example_branch_day_of_week_operator.py
[2025-05-02 17:16:04,831] {logging_mixin.py:115} INFO - [2025-05-02 17:16:04,831] {dag.py:2379} INFO - Sync 1 DAGs
[2025-05-02 17:16:04,841] {logging_mixin.py:115} INFO - [2025-05-02 17:16:04,840] {dag.py:2927} INFO - Setting next_dagrun for example_weekday_branch_operator to 2025-05-01T00:00:00+00:00, run_after=2025-05-02T00:00:00+00:00
[2025-05-02 17:16:04,851] {processor.py:161} INFO - Processing /root/Documents/airflowalu/venv/lib/python3.9/site-packages/airflow/example_dags/example_branch_day_of_week_operator.py took 0.037 seconds
[2025-05-02 17:16:35,669] {processor.py:153} INFO - Started process (PID=9805) to work on /root/Documents/airflowalu/venv/lib/python3.9/site-packages/airflow/example_dags/example_branch_day_of_week_operator.py
[2025-05-02 17:16:35,670] {processor.py:641} INFO - Processing file /root/Documents/airflowalu/venv/lib/python3.9/site-packages/airflow/example_dags/example_branch_day_of_week_operator.py for tasks to queue
[2025-05-02 17:16:35,670] {logging_mixin.py:115} INFO - [2025-05-02 17:16:35,670] {dagbag.py:507} INFO - Filling up the DagBag from /root/Documents/airflowalu/venv/lib/python3.9/site-packages/airflow/example_dags/example_branch_day_of_week_operator.py
[2025-05-02 17:16:35,674] {processor.py:651} INFO - DAG(s) dict_keys(['example_weekday_branch_operator']) retrieved from /root/Documents/airflowalu/venv/lib/python3.9/site-packages/airflow/example_dags/example_branch_day_of_week_operator.py
[2025-05-02 17:16:35,684] {logging_mixin.py:115} INFO - [2025-05-02 17:16:35,684] {dag.py:2379} INFO - Sync 1 DAGs
[2025-05-02 17:16:35,694] {logging_mixin.py:115} INFO - [2025-05-02 17:16:35,694] {dag.py:2927} INFO - Setting next_dagrun for example_weekday_branch_operator to 2025-05-01T00:00:00+00:00, run_after=2025-05-02T00:00:00+00:00
[2025-05-02 17:16:35,704] {processor.py:161} INFO - Processing /root/Documents/airflowalu/venv/lib/python3.9/site-packages/airflow/example_dags/example_branch_day_of_week_operator.py took 0.037 seconds
[2025-05-02 17:17:06,552] {processor.py:153} INFO - Started process (PID=9941) to work on /root/Documents/airflowalu/venv/lib/python3.9/site-packages/airflow/example_dags/example_branch_day_of_week_operator.py
[2025-05-02 17:17:06,553] {processor.py:641} INFO - Processing file /root/Documents/airflowalu/venv/lib/python3.9/site-packages/airflow/example_dags/example_branch_day_of_week_operator.py for tasks to queue
[2025-05-02 17:17:06,553] {logging_mixin.py:115} INFO - [2025-05-02 17:17:06,553] {dagbag.py:507} INFO - Filling up the DagBag from /root/Documents/airflowalu/venv/lib/python3.9/site-packages/airflow/example_dags/example_branch_day_of_week_operator.py
[2025-05-02 17:17:06,558] {processor.py:651} INFO - DAG(s) dict_keys(['example_weekday_branch_operator']) retrieved from /root/Documents/airflowalu/venv/lib/python3.9/site-packages/airflow/example_dags/example_branch_day_of_week_operator.py
[2025-05-02 17:17:06,567] {logging_mixin.py:115} INFO - [2025-05-02 17:17:06,567] {dag.py:2379} INFO - Sync 1 DAGs
[2025-05-02 17:17:06,576] {logging_mixin.py:115} INFO - [2025-05-02 17:17:06,576] {dag.py:2927} INFO - Setting next_dagrun for example_weekday_branch_operator to 2025-05-01T00:00:00+00:00, run_after=2025-05-02T00:00:00+00:00
[2025-05-02 17:17:06,586] {processor.py:161} INFO - Processing /root/Documents/airflowalu/venv/lib/python3.9/site-packages/airflow/example_dags/example_branch_day_of_week_operator.py took 0.035 seconds
[2025-05-02 17:17:43,256] {processor.py:153} INFO - Started process (PID=10095) to work on /root/Documents/airflowalu/venv/lib/python3.9/site-packages/airflow/example_dags/example_branch_day_of_week_operator.py
[2025-05-02 17:17:43,257] {processor.py:641} INFO - Processing file /root/Documents/airflowalu/venv/lib/python3.9/site-packages/airflow/example_dags/example_branch_day_of_week_operator.py for tasks to queue
[2025-05-02 17:17:43,257] {logging_mixin.py:115} INFO - [2025-05-02 17:17:43,257] {dagbag.py:507} INFO - Filling up the DagBag from /root/Documents/airflowalu/venv/lib/python3.9/site-packages/airflow/example_dags/example_branch_day_of_week_operator.py
[2025-05-02 17:17:43,263] {processor.py:651} INFO - DAG(s) dict_keys(['example_weekday_branch_operator']) retrieved from /root/Documents/airflowalu/venv/lib/python3.9/site-packages/airflow/example_dags/example_branch_day_of_week_operator.py
[2025-05-02 17:17:43,277] {logging_mixin.py:115} INFO - [2025-05-02 17:17:43,277] {dag.py:2379} INFO - Sync 1 DAGs
[2025-05-02 17:17:43,289] {logging_mixin.py:115} INFO - [2025-05-02 17:17:43,289] {dag.py:2927} INFO - Setting next_dagrun for example_weekday_branch_operator to 2025-05-01T00:00:00+00:00, run_after=2025-05-02T00:00:00+00:00
[2025-05-02 17:17:43,302] {processor.py:161} INFO - Processing /root/Documents/airflowalu/venv/lib/python3.9/site-packages/airflow/example_dags/example_branch_day_of_week_operator.py took 0.048 seconds
[2025-05-02 17:18:14,709] {processor.py:153} INFO - Started process (PID=10228) to work on /root/Documents/airflowalu/venv/lib/python3.9/site-packages/airflow/example_dags/example_branch_day_of_week_operator.py
[2025-05-02 17:18:14,709] {processor.py:641} INFO - Processing file /root/Documents/airflowalu/venv/lib/python3.9/site-packages/airflow/example_dags/example_branch_day_of_week_operator.py for tasks to queue
[2025-05-02 17:18:14,709] {logging_mixin.py:115} INFO - [2025-05-02 17:18:14,709] {dagbag.py:507} INFO - Filling up the DagBag from /root/Documents/airflowalu/venv/lib/python3.9/site-packages/airflow/example_dags/example_branch_day_of_week_operator.py
[2025-05-02 17:18:14,714] {processor.py:651} INFO - DAG(s) dict_keys(['example_weekday_branch_operator']) retrieved from /root/Documents/airflowalu/venv/lib/python3.9/site-packages/airflow/example_dags/example_branch_day_of_week_operator.py
[2025-05-02 17:18:14,724] {logging_mixin.py:115} INFO - [2025-05-02 17:18:14,724] {dag.py:2379} INFO - Sync 1 DAGs
[2025-05-02 17:18:14,733] {logging_mixin.py:115} INFO - [2025-05-02 17:18:14,733] {dag.py:2927} INFO - Setting next_dagrun for example_weekday_branch_operator to 2025-05-01T00:00:00+00:00, run_after=2025-05-02T00:00:00+00:00
[2025-05-02 17:18:14,743] {processor.py:161} INFO - Processing /root/Documents/airflowalu/venv/lib/python3.9/site-packages/airflow/example_dags/example_branch_day_of_week_operator.py took 0.036 seconds
[2025-05-02 17:18:46,251] {processor.py:153} INFO - Started process (PID=10368) to work on /root/Documents/airflowalu/venv/lib/python3.9/site-packages/airflow/example_dags/example_branch_day_of_week_operator.py
[2025-05-02 17:18:46,252] {processor.py:641} INFO - Processing file /root/Documents/airflowalu/venv/lib/python3.9/site-packages/airflow/example_dags/example_branch_day_of_week_operator.py for tasks to queue
[2025-05-02 17:18:46,252] {logging_mixin.py:115} INFO - [2025-05-02 17:18:46,252] {dagbag.py:507} INFO - Filling up the DagBag from /root/Documents/airflowalu/venv/lib/python3.9/site-packages/airflow/example_dags/example_branch_day_of_week_operator.py
[2025-05-02 17:18:46,256] {processor.py:651} INFO - DAG(s) dict_keys(['example_weekday_branch_operator']) retrieved from /root/Documents/airflowalu/venv/lib/python3.9/site-packages/airflow/example_dags/example_branch_day_of_week_operator.py
[2025-05-02 17:18:46,266] {logging_mixin.py:115} INFO - [2025-05-02 17:18:46,266] {dag.py:2379} INFO - Sync 1 DAGs
[2025-05-02 17:18:46,276] {logging_mixin.py:115} INFO - [2025-05-02 17:18:46,276] {dag.py:2927} INFO - Setting next_dagrun for example_weekday_branch_operator to 2025-05-01T00:00:00+00:00, run_after=2025-05-02T00:00:00+00:00
[2025-05-02 17:18:46,286] {processor.py:161} INFO - Processing /root/Documents/airflowalu/venv/lib/python3.9/site-packages/airflow/example_dags/example_branch_day_of_week_operator.py took 0.036 seconds
[2025-05-02 17:19:21,068] {processor.py:153} INFO - Started process (PID=10507) to work on /root/Documents/airflowalu/venv/lib/python3.9/site-packages/airflow/example_dags/example_branch_day_of_week_operator.py
[2025-05-02 17:19:21,069] {processor.py:641} INFO - Processing file /root/Documents/airflowalu/venv/lib/python3.9/site-packages/airflow/example_dags/example_branch_day_of_week_operator.py for tasks to queue
[2025-05-02 17:19:21,069] {logging_mixin.py:115} INFO - [2025-05-02 17:19:21,069] {dagbag.py:507} INFO - Filling up the DagBag from /root/Documents/airflowalu/venv/lib/python3.9/site-packages/airflow/example_dags/example_branch_day_of_week_operator.py
[2025-05-02 17:19:21,074] {processor.py:651} INFO - DAG(s) dict_keys(['example_weekday_branch_operator']) retrieved from /root/Documents/airflowalu/venv/lib/python3.9/site-packages/airflow/example_dags/example_branch_day_of_week_operator.py
[2025-05-02 17:19:21,085] {logging_mixin.py:115} INFO - [2025-05-02 17:19:21,085] {dag.py:2379} INFO - Sync 1 DAGs
[2025-05-02 17:19:21,096] {logging_mixin.py:115} INFO - [2025-05-02 17:19:21,096] {dag.py:2927} INFO - Setting next_dagrun for example_weekday_branch_operator to 2025-05-01T00:00:00+00:00, run_after=2025-05-02T00:00:00+00:00
[2025-05-02 17:19:21,108] {processor.py:161} INFO - Processing /root/Documents/airflowalu/venv/lib/python3.9/site-packages/airflow/example_dags/example_branch_day_of_week_operator.py took 0.041 seconds
[2025-05-02 17:19:51,909] {processor.py:153} INFO - Started process (PID=10642) to work on /root/Documents/airflowalu/venv/lib/python3.9/site-packages/airflow/example_dags/example_branch_day_of_week_operator.py
[2025-05-02 17:19:51,909] {processor.py:641} INFO - Processing file /root/Documents/airflowalu/venv/lib/python3.9/site-packages/airflow/example_dags/example_branch_day_of_week_operator.py for tasks to queue
[2025-05-02 17:19:51,910] {logging_mixin.py:115} INFO - [2025-05-02 17:19:51,910] {dagbag.py:507} INFO - Filling up the DagBag from /root/Documents/airflowalu/venv/lib/python3.9/site-packages/airflow/example_dags/example_branch_day_of_week_operator.py
[2025-05-02 17:19:51,914] {processor.py:651} INFO - DAG(s) dict_keys(['example_weekday_branch_operator']) retrieved from /root/Documents/airflowalu/venv/lib/python3.9/site-packages/airflow/example_dags/example_branch_day_of_week_operator.py
[2025-05-02 17:19:51,924] {logging_mixin.py:115} INFO - [2025-05-02 17:19:51,924] {dag.py:2379} INFO - Sync 1 DAGs
[2025-05-02 17:19:51,934] {logging_mixin.py:115} INFO - [2025-05-02 17:19:51,934] {dag.py:2927} INFO - Setting next_dagrun for example_weekday_branch_operator to 2025-05-01T00:00:00+00:00, run_after=2025-05-02T00:00:00+00:00
[2025-05-02 17:19:51,943] {processor.py:161} INFO - Processing /root/Documents/airflowalu/venv/lib/python3.9/site-packages/airflow/example_dags/example_branch_day_of_week_operator.py took 0.036 seconds
[2025-05-02 17:20:24,457] {processor.py:153} INFO - Started process (PID=10781) to work on /root/Documents/airflowalu/venv/lib/python3.9/site-packages/airflow/example_dags/example_branch_day_of_week_operator.py
[2025-05-02 17:20:24,458] {processor.py:641} INFO - Processing file /root/Documents/airflowalu/venv/lib/python3.9/site-packages/airflow/example_dags/example_branch_day_of_week_operator.py for tasks to queue
[2025-05-02 17:20:24,458] {logging_mixin.py:115} INFO - [2025-05-02 17:20:24,458] {dagbag.py:507} INFO - Filling up the DagBag from /root/Documents/airflowalu/venv/lib/python3.9/site-packages/airflow/example_dags/example_branch_day_of_week_operator.py
[2025-05-02 17:20:24,463] {processor.py:651} INFO - DAG(s) dict_keys(['example_weekday_branch_operator']) retrieved from /root/Documents/airflowalu/venv/lib/python3.9/site-packages/airflow/example_dags/example_branch_day_of_week_operator.py
[2025-05-02 17:20:24,472] {logging_mixin.py:115} INFO - [2025-05-02 17:20:24,472] {dag.py:2379} INFO - Sync 1 DAGs
[2025-05-02 17:20:24,482] {logging_mixin.py:115} INFO - [2025-05-02 17:20:24,482] {dag.py:2927} INFO - Setting next_dagrun for example_weekday_branch_operator to 2025-05-01T00:00:00+00:00, run_after=2025-05-02T00:00:00+00:00
[2025-05-02 17:20:24,492] {processor.py:161} INFO - Processing /root/Documents/airflowalu/venv/lib/python3.9/site-packages/airflow/example_dags/example_branch_day_of_week_operator.py took 0.036 seconds
[2025-05-02 17:20:55,019] {processor.py:153} INFO - Started process (PID=10931) to work on /root/Documents/airflowalu/venv/lib/python3.9/site-packages/airflow/example_dags/example_branch_day_of_week_operator.py
[2025-05-02 17:20:55,020] {processor.py:641} INFO - Processing file /root/Documents/airflowalu/venv/lib/python3.9/site-packages/airflow/example_dags/example_branch_day_of_week_operator.py for tasks to queue
[2025-05-02 17:20:55,021] {logging_mixin.py:115} INFO - [2025-05-02 17:20:55,021] {dagbag.py:507} INFO - Filling up the DagBag from /root/Documents/airflowalu/venv/lib/python3.9/site-packages/airflow/example_dags/example_branch_day_of_week_operator.py
[2025-05-02 17:20:55,025] {processor.py:651} INFO - DAG(s) dict_keys(['example_weekday_branch_operator']) retrieved from /root/Documents/airflowalu/venv/lib/python3.9/site-packages/airflow/example_dags/example_branch_day_of_week_operator.py
[2025-05-02 17:20:55,035] {logging_mixin.py:115} INFO - [2025-05-02 17:20:55,035] {dag.py:2379} INFO - Sync 1 DAGs
[2025-05-02 17:20:55,045] {logging_mixin.py:115} INFO - [2025-05-02 17:20:55,045] {dag.py:2927} INFO - Setting next_dagrun for example_weekday_branch_operator to 2025-05-01T00:00:00+00:00, run_after=2025-05-02T00:00:00+00:00
[2025-05-02 17:20:55,056] {processor.py:161} INFO - Processing /root/Documents/airflowalu/venv/lib/python3.9/site-packages/airflow/example_dags/example_branch_day_of_week_operator.py took 0.039 seconds
[2025-05-02 17:21:25,463] {processor.py:153} INFO - Started process (PID=11066) to work on /root/Documents/airflowalu/venv/lib/python3.9/site-packages/airflow/example_dags/example_branch_day_of_week_operator.py
[2025-05-02 17:21:25,464] {processor.py:641} INFO - Processing file /root/Documents/airflowalu/venv/lib/python3.9/site-packages/airflow/example_dags/example_branch_day_of_week_operator.py for tasks to queue
[2025-05-02 17:21:25,464] {logging_mixin.py:115} INFO - [2025-05-02 17:21:25,464] {dagbag.py:507} INFO - Filling up the DagBag from /root/Documents/airflowalu/venv/lib/python3.9/site-packages/airflow/example_dags/example_branch_day_of_week_operator.py
[2025-05-02 17:21:25,468] {processor.py:651} INFO - DAG(s) dict_keys(['example_weekday_branch_operator']) retrieved from /root/Documents/airflowalu/venv/lib/python3.9/site-packages/airflow/example_dags/example_branch_day_of_week_operator.py
[2025-05-02 17:21:25,478] {logging_mixin.py:115} INFO - [2025-05-02 17:21:25,477] {dag.py:2379} INFO - Sync 1 DAGs
[2025-05-02 17:21:25,487] {logging_mixin.py:115} INFO - [2025-05-02 17:21:25,487] {dag.py:2927} INFO - Setting next_dagrun for example_weekday_branch_operator to 2025-05-01T00:00:00+00:00, run_after=2025-05-02T00:00:00+00:00
[2025-05-02 17:21:25,497] {processor.py:161} INFO - Processing /root/Documents/airflowalu/venv/lib/python3.9/site-packages/airflow/example_dags/example_branch_day_of_week_operator.py took 0.036 seconds
[2025-05-02 17:21:57,403] {processor.py:153} INFO - Started process (PID=11200) to work on /root/Documents/airflowalu/venv/lib/python3.9/site-packages/airflow/example_dags/example_branch_day_of_week_operator.py
[2025-05-02 17:21:57,404] {processor.py:641} INFO - Processing file /root/Documents/airflowalu/venv/lib/python3.9/site-packages/airflow/example_dags/example_branch_day_of_week_operator.py for tasks to queue
[2025-05-02 17:21:57,404] {logging_mixin.py:115} INFO - [2025-05-02 17:21:57,404] {dagbag.py:507} INFO - Filling up the DagBag from /root/Documents/airflowalu/venv/lib/python3.9/site-packages/airflow/example_dags/example_branch_day_of_week_operator.py
[2025-05-02 17:21:57,408] {processor.py:651} INFO - DAG(s) dict_keys(['example_weekday_branch_operator']) retrieved from /root/Documents/airflowalu/venv/lib/python3.9/site-packages/airflow/example_dags/example_branch_day_of_week_operator.py
[2025-05-02 17:21:57,419] {logging_mixin.py:115} INFO - [2025-05-02 17:21:57,419] {dag.py:2379} INFO - Sync 1 DAGs
[2025-05-02 17:21:57,429] {logging_mixin.py:115} INFO - [2025-05-02 17:21:57,429] {dag.py:2927} INFO - Setting next_dagrun for example_weekday_branch_operator to 2025-05-01T00:00:00+00:00, run_after=2025-05-02T00:00:00+00:00
[2025-05-02 17:21:57,439] {processor.py:161} INFO - Processing /root/Documents/airflowalu/venv/lib/python3.9/site-packages/airflow/example_dags/example_branch_day_of_week_operator.py took 0.038 seconds
[2025-05-02 17:22:29,920] {processor.py:153} INFO - Started process (PID=11342) to work on /root/Documents/airflowalu/venv/lib/python3.9/site-packages/airflow/example_dags/example_branch_day_of_week_operator.py
[2025-05-02 17:22:29,920] {processor.py:641} INFO - Processing file /root/Documents/airflowalu/venv/lib/python3.9/site-packages/airflow/example_dags/example_branch_day_of_week_operator.py for tasks to queue
[2025-05-02 17:22:29,921] {logging_mixin.py:115} INFO - [2025-05-02 17:22:29,921] {dagbag.py:507} INFO - Filling up the DagBag from /root/Documents/airflowalu/venv/lib/python3.9/site-packages/airflow/example_dags/example_branch_day_of_week_operator.py
[2025-05-02 17:22:29,929] {processor.py:651} INFO - DAG(s) dict_keys(['example_weekday_branch_operator']) retrieved from /root/Documents/airflowalu/venv/lib/python3.9/site-packages/airflow/example_dags/example_branch_day_of_week_operator.py
[2025-05-02 17:22:29,939] {logging_mixin.py:115} INFO - [2025-05-02 17:22:29,939] {dag.py:2379} INFO - Sync 1 DAGs
[2025-05-02 17:22:29,953] {logging_mixin.py:115} INFO - [2025-05-02 17:22:29,953] {dag.py:2927} INFO - Setting next_dagrun for example_weekday_branch_operator to 2025-05-01T00:00:00+00:00, run_after=2025-05-02T00:00:00+00:00
[2025-05-02 17:22:29,968] {processor.py:161} INFO - Processing /root/Documents/airflowalu/venv/lib/python3.9/site-packages/airflow/example_dags/example_branch_day_of_week_operator.py took 0.050 seconds
[2025-05-02 17:23:02,029] {processor.py:153} INFO - Started process (PID=11476) to work on /root/Documents/airflowalu/venv/lib/python3.9/site-packages/airflow/example_dags/example_branch_day_of_week_operator.py
[2025-05-02 17:23:02,029] {processor.py:641} INFO - Processing file /root/Documents/airflowalu/venv/lib/python3.9/site-packages/airflow/example_dags/example_branch_day_of_week_operator.py for tasks to queue
[2025-05-02 17:23:02,030] {logging_mixin.py:115} INFO - [2025-05-02 17:23:02,030] {dagbag.py:507} INFO - Filling up the DagBag from /root/Documents/airflowalu/venv/lib/python3.9/site-packages/airflow/example_dags/example_branch_day_of_week_operator.py
[2025-05-02 17:23:02,036] {processor.py:651} INFO - DAG(s) dict_keys(['example_weekday_branch_operator']) retrieved from /root/Documents/airflowalu/venv/lib/python3.9/site-packages/airflow/example_dags/example_branch_day_of_week_operator.py
[2025-05-02 17:23:02,044] {logging_mixin.py:115} INFO - [2025-05-02 17:23:02,044] {dag.py:2379} INFO - Sync 1 DAGs
[2025-05-02 17:23:02,054] {logging_mixin.py:115} INFO - [2025-05-02 17:23:02,054] {dag.py:2927} INFO - Setting next_dagrun for example_weekday_branch_operator to 2025-05-01T00:00:00+00:00, run_after=2025-05-02T00:00:00+00:00
[2025-05-02 17:23:02,063] {processor.py:161} INFO - Processing /root/Documents/airflowalu/venv/lib/python3.9/site-packages/airflow/example_dags/example_branch_day_of_week_operator.py took 0.036 seconds
[2025-05-02 17:23:37,514] {processor.py:153} INFO - Started process (PID=11624) to work on /root/Documents/airflowalu/venv/lib/python3.9/site-packages/airflow/example_dags/example_branch_day_of_week_operator.py
[2025-05-02 17:23:37,514] {processor.py:641} INFO - Processing file /root/Documents/airflowalu/venv/lib/python3.9/site-packages/airflow/example_dags/example_branch_day_of_week_operator.py for tasks to queue
[2025-05-02 17:23:37,515] {logging_mixin.py:115} INFO - [2025-05-02 17:23:37,515] {dagbag.py:507} INFO - Filling up the DagBag from /root/Documents/airflowalu/venv/lib/python3.9/site-packages/airflow/example_dags/example_branch_day_of_week_operator.py
[2025-05-02 17:23:37,521] {processor.py:651} INFO - DAG(s) dict_keys(['example_weekday_branch_operator']) retrieved from /root/Documents/airflowalu/venv/lib/python3.9/site-packages/airflow/example_dags/example_branch_day_of_week_operator.py
[2025-05-02 17:23:37,529] {logging_mixin.py:115} INFO - [2025-05-02 17:23:37,529] {dag.py:2379} INFO - Sync 1 DAGs
[2025-05-02 17:23:37,539] {logging_mixin.py:115} INFO - [2025-05-02 17:23:37,539] {dag.py:2927} INFO - Setting next_dagrun for example_weekday_branch_operator to 2025-05-01T00:00:00+00:00, run_after=2025-05-02T00:00:00+00:00
[2025-05-02 17:23:37,549] {processor.py:161} INFO - Processing /root/Documents/airflowalu/venv/lib/python3.9/site-packages/airflow/example_dags/example_branch_day_of_week_operator.py took 0.037 seconds
[2025-05-02 17:24:11,201] {processor.py:153} INFO - Started process (PID=11772) to work on /root/Documents/airflowalu/venv/lib/python3.9/site-packages/airflow/example_dags/example_branch_day_of_week_operator.py
[2025-05-02 17:24:11,201] {processor.py:641} INFO - Processing file /root/Documents/airflowalu/venv/lib/python3.9/site-packages/airflow/example_dags/example_branch_day_of_week_operator.py for tasks to queue
[2025-05-02 17:24:11,202] {logging_mixin.py:115} INFO - [2025-05-02 17:24:11,202] {dagbag.py:507} INFO - Filling up the DagBag from /root/Documents/airflowalu/venv/lib/python3.9/site-packages/airflow/example_dags/example_branch_day_of_week_operator.py
[2025-05-02 17:24:11,209] {processor.py:651} INFO - DAG(s) dict_keys(['example_weekday_branch_operator']) retrieved from /root/Documents/airflowalu/venv/lib/python3.9/site-packages/airflow/example_dags/example_branch_day_of_week_operator.py
[2025-05-02 17:24:11,219] {logging_mixin.py:115} INFO - [2025-05-02 17:24:11,219] {dag.py:2379} INFO - Sync 1 DAGs
[2025-05-02 17:24:11,231] {logging_mixin.py:115} INFO - [2025-05-02 17:24:11,231] {dag.py:2927} INFO - Setting next_dagrun for example_weekday_branch_operator to 2025-05-01T00:00:00+00:00, run_after=2025-05-02T00:00:00+00:00
[2025-05-02 17:24:11,244] {processor.py:161} INFO - Processing /root/Documents/airflowalu/venv/lib/python3.9/site-packages/airflow/example_dags/example_branch_day_of_week_operator.py took 0.045 seconds
[2025-05-02 17:24:44,980] {processor.py:153} INFO - Started process (PID=11910) to work on /root/Documents/airflowalu/venv/lib/python3.9/site-packages/airflow/example_dags/example_branch_day_of_week_operator.py
[2025-05-02 17:24:44,981] {processor.py:641} INFO - Processing file /root/Documents/airflowalu/venv/lib/python3.9/site-packages/airflow/example_dags/example_branch_day_of_week_operator.py for tasks to queue
[2025-05-02 17:24:44,981] {logging_mixin.py:115} INFO - [2025-05-02 17:24:44,981] {dagbag.py:507} INFO - Filling up the DagBag from /root/Documents/airflowalu/venv/lib/python3.9/site-packages/airflow/example_dags/example_branch_day_of_week_operator.py
[2025-05-02 17:24:44,988] {processor.py:651} INFO - DAG(s) dict_keys(['example_weekday_branch_operator']) retrieved from /root/Documents/airflowalu/venv/lib/python3.9/site-packages/airflow/example_dags/example_branch_day_of_week_operator.py
[2025-05-02 17:24:44,996] {logging_mixin.py:115} INFO - [2025-05-02 17:24:44,996] {dag.py:2379} INFO - Sync 1 DAGs
[2025-05-02 17:24:45,007] {logging_mixin.py:115} INFO - [2025-05-02 17:24:45,007] {dag.py:2927} INFO - Setting next_dagrun for example_weekday_branch_operator to 2025-05-01T00:00:00+00:00, run_after=2025-05-02T00:00:00+00:00
[2025-05-02 17:24:45,017] {processor.py:161} INFO - Processing /root/Documents/airflowalu/venv/lib/python3.9/site-packages/airflow/example_dags/example_branch_day_of_week_operator.py took 0.038 seconds
[2025-05-02 17:25:18,121] {processor.py:153} INFO - Started process (PID=12049) to work on /root/Documents/airflowalu/venv/lib/python3.9/site-packages/airflow/example_dags/example_branch_day_of_week_operator.py
[2025-05-02 17:25:18,122] {processor.py:641} INFO - Processing file /root/Documents/airflowalu/venv/lib/python3.9/site-packages/airflow/example_dags/example_branch_day_of_week_operator.py for tasks to queue
[2025-05-02 17:25:18,123] {logging_mixin.py:115} INFO - [2025-05-02 17:25:18,123] {dagbag.py:507} INFO - Filling up the DagBag from /root/Documents/airflowalu/venv/lib/python3.9/site-packages/airflow/example_dags/example_branch_day_of_week_operator.py
[2025-05-02 17:25:18,129] {processor.py:651} INFO - DAG(s) dict_keys(['example_weekday_branch_operator']) retrieved from /root/Documents/airflowalu/venv/lib/python3.9/site-packages/airflow/example_dags/example_branch_day_of_week_operator.py
[2025-05-02 17:25:18,137] {logging_mixin.py:115} INFO - [2025-05-02 17:25:18,137] {dag.py:2379} INFO - Sync 1 DAGs
[2025-05-02 17:25:18,147] {logging_mixin.py:115} INFO - [2025-05-02 17:25:18,147] {dag.py:2927} INFO - Setting next_dagrun for example_weekday_branch_operator to 2025-05-01T00:00:00+00:00, run_after=2025-05-02T00:00:00+00:00
[2025-05-02 17:25:18,157] {processor.py:161} INFO - Processing /root/Documents/airflowalu/venv/lib/python3.9/site-packages/airflow/example_dags/example_branch_day_of_week_operator.py took 0.037 seconds
[2025-05-02 17:25:48,340] {processor.py:153} INFO - Started process (PID=12182) to work on /root/Documents/airflowalu/venv/lib/python3.9/site-packages/airflow/example_dags/example_branch_day_of_week_operator.py
[2025-05-02 17:25:48,341] {processor.py:641} INFO - Processing file /root/Documents/airflowalu/venv/lib/python3.9/site-packages/airflow/example_dags/example_branch_day_of_week_operator.py for tasks to queue
[2025-05-02 17:25:48,342] {logging_mixin.py:115} INFO - [2025-05-02 17:25:48,342] {dagbag.py:507} INFO - Filling up the DagBag from /root/Documents/airflowalu/venv/lib/python3.9/site-packages/airflow/example_dags/example_branch_day_of_week_operator.py
[2025-05-02 17:25:48,348] {processor.py:651} INFO - DAG(s) dict_keys(['example_weekday_branch_operator']) retrieved from /root/Documents/airflowalu/venv/lib/python3.9/site-packages/airflow/example_dags/example_branch_day_of_week_operator.py
[2025-05-02 17:25:48,357] {logging_mixin.py:115} INFO - [2025-05-02 17:25:48,357] {dag.py:2379} INFO - Sync 1 DAGs
[2025-05-02 17:25:48,367] {logging_mixin.py:115} INFO - [2025-05-02 17:25:48,367] {dag.py:2927} INFO - Setting next_dagrun for example_weekday_branch_operator to 2025-05-01T00:00:00+00:00, run_after=2025-05-02T00:00:00+00:00
[2025-05-02 17:25:48,378] {processor.py:161} INFO - Processing /root/Documents/airflowalu/venv/lib/python3.9/site-packages/airflow/example_dags/example_branch_day_of_week_operator.py took 0.039 seconds
[2025-05-02 17:26:22,093] {processor.py:153} INFO - Started process (PID=12320) to work on /root/Documents/airflowalu/venv/lib/python3.9/site-packages/airflow/example_dags/example_branch_day_of_week_operator.py
[2025-05-02 17:26:22,094] {processor.py:641} INFO - Processing file /root/Documents/airflowalu/venv/lib/python3.9/site-packages/airflow/example_dags/example_branch_day_of_week_operator.py for tasks to queue
[2025-05-02 17:26:22,094] {logging_mixin.py:115} INFO - [2025-05-02 17:26:22,094] {dagbag.py:507} INFO - Filling up the DagBag from /root/Documents/airflowalu/venv/lib/python3.9/site-packages/airflow/example_dags/example_branch_day_of_week_operator.py
[2025-05-02 17:26:22,102] {processor.py:651} INFO - DAG(s) dict_keys(['example_weekday_branch_operator']) retrieved from /root/Documents/airflowalu/venv/lib/python3.9/site-packages/airflow/example_dags/example_branch_day_of_week_operator.py
[2025-05-02 17:26:22,112] {logging_mixin.py:115} INFO - [2025-05-02 17:26:22,112] {dag.py:2379} INFO - Sync 1 DAGs
[2025-05-02 17:26:22,123] {logging_mixin.py:115} INFO - [2025-05-02 17:26:22,122] {dag.py:2927} INFO - Setting next_dagrun for example_weekday_branch_operator to 2025-05-01T00:00:00+00:00, run_after=2025-05-02T00:00:00+00:00
[2025-05-02 17:26:22,133] {processor.py:161} INFO - Processing /root/Documents/airflowalu/venv/lib/python3.9/site-packages/airflow/example_dags/example_branch_day_of_week_operator.py took 0.042 seconds
[2025-05-02 17:26:55,751] {processor.py:153} INFO - Started process (PID=12458) to work on /root/Documents/airflowalu/venv/lib/python3.9/site-packages/airflow/example_dags/example_branch_day_of_week_operator.py
[2025-05-02 17:26:55,751] {processor.py:641} INFO - Processing file /root/Documents/airflowalu/venv/lib/python3.9/site-packages/airflow/example_dags/example_branch_day_of_week_operator.py for tasks to queue
[2025-05-02 17:26:55,752] {logging_mixin.py:115} INFO - [2025-05-02 17:26:55,752] {dagbag.py:507} INFO - Filling up the DagBag from /root/Documents/airflowalu/venv/lib/python3.9/site-packages/airflow/example_dags/example_branch_day_of_week_operator.py
[2025-05-02 17:26:55,758] {processor.py:651} INFO - DAG(s) dict_keys(['example_weekday_branch_operator']) retrieved from /root/Documents/airflowalu/venv/lib/python3.9/site-packages/airflow/example_dags/example_branch_day_of_week_operator.py
[2025-05-02 17:26:55,766] {logging_mixin.py:115} INFO - [2025-05-02 17:26:55,766] {dag.py:2379} INFO - Sync 1 DAGs
[2025-05-02 17:26:55,776] {logging_mixin.py:115} INFO - [2025-05-02 17:26:55,776] {dag.py:2927} INFO - Setting next_dagrun for example_weekday_branch_operator to 2025-05-01T00:00:00+00:00, run_after=2025-05-02T00:00:00+00:00
[2025-05-02 17:26:55,788] {processor.py:161} INFO - Processing /root/Documents/airflowalu/venv/lib/python3.9/site-packages/airflow/example_dags/example_branch_day_of_week_operator.py took 0.039 seconds
[2025-05-02 17:27:29,593] {processor.py:153} INFO - Started process (PID=12612) to work on /root/Documents/airflowalu/venv/lib/python3.9/site-packages/airflow/example_dags/example_branch_day_of_week_operator.py
[2025-05-02 17:27:29,593] {processor.py:641} INFO - Processing file /root/Documents/airflowalu/venv/lib/python3.9/site-packages/airflow/example_dags/example_branch_day_of_week_operator.py for tasks to queue
[2025-05-02 17:27:29,594] {logging_mixin.py:115} INFO - [2025-05-02 17:27:29,594] {dagbag.py:507} INFO - Filling up the DagBag from /root/Documents/airflowalu/venv/lib/python3.9/site-packages/airflow/example_dags/example_branch_day_of_week_operator.py
[2025-05-02 17:27:29,598] {processor.py:651} INFO - DAG(s) dict_keys(['example_weekday_branch_operator']) retrieved from /root/Documents/airflowalu/venv/lib/python3.9/site-packages/airflow/example_dags/example_branch_day_of_week_operator.py
[2025-05-02 17:27:29,607] {logging_mixin.py:115} INFO - [2025-05-02 17:27:29,607] {dag.py:2379} INFO - Sync 1 DAGs
[2025-05-02 17:27:29,622] {logging_mixin.py:115} INFO - [2025-05-02 17:27:29,621] {dag.py:2927} INFO - Setting next_dagrun for example_weekday_branch_operator to 2025-05-01T00:00:00+00:00, run_after=2025-05-02T00:00:00+00:00
[2025-05-02 17:27:29,631] {processor.py:161} INFO - Processing /root/Documents/airflowalu/venv/lib/python3.9/site-packages/airflow/example_dags/example_branch_day_of_week_operator.py took 0.040 seconds
[2025-05-02 17:30:17,109] {processor.py:153} INFO - Started process (PID=13567) to work on /root/Documents/airflowalu/venv/lib/python3.9/site-packages/airflow/example_dags/example_branch_day_of_week_operator.py
[2025-05-02 17:30:17,110] {processor.py:641} INFO - Processing file /root/Documents/airflowalu/venv/lib/python3.9/site-packages/airflow/example_dags/example_branch_day_of_week_operator.py for tasks to queue
[2025-05-02 17:30:17,110] {logging_mixin.py:115} INFO - [2025-05-02 17:30:17,110] {dagbag.py:507} INFO - Filling up the DagBag from /root/Documents/airflowalu/venv/lib/python3.9/site-packages/airflow/example_dags/example_branch_day_of_week_operator.py
[2025-05-02 17:30:17,116] {processor.py:651} INFO - DAG(s) dict_keys(['example_weekday_branch_operator']) retrieved from /root/Documents/airflowalu/venv/lib/python3.9/site-packages/airflow/example_dags/example_branch_day_of_week_operator.py
[2025-05-02 17:30:17,128] {logging_mixin.py:115} INFO - [2025-05-02 17:30:17,128] {dag.py:2379} INFO - Sync 1 DAGs
[2025-05-02 17:30:17,145] {logging_mixin.py:115} INFO - [2025-05-02 17:30:17,145] {dag.py:2927} INFO - Setting next_dagrun for example_weekday_branch_operator to 2025-05-01T00:00:00+00:00, run_after=2025-05-02T00:00:00+00:00
[2025-05-02 17:30:17,162] {processor.py:161} INFO - Processing /root/Documents/airflowalu/venv/lib/python3.9/site-packages/airflow/example_dags/example_branch_day_of_week_operator.py took 0.055 seconds
[2025-05-02 17:30:49,146] {processor.py:153} INFO - Started process (PID=13785) to work on /root/Documents/airflowalu/venv/lib/python3.9/site-packages/airflow/example_dags/example_branch_day_of_week_operator.py
[2025-05-02 17:30:49,147] {processor.py:641} INFO - Processing file /root/Documents/airflowalu/venv/lib/python3.9/site-packages/airflow/example_dags/example_branch_day_of_week_operator.py for tasks to queue
[2025-05-02 17:30:49,147] {logging_mixin.py:115} INFO - [2025-05-02 17:30:49,147] {dagbag.py:507} INFO - Filling up the DagBag from /root/Documents/airflowalu/venv/lib/python3.9/site-packages/airflow/example_dags/example_branch_day_of_week_operator.py
[2025-05-02 17:30:49,153] {processor.py:651} INFO - DAG(s) dict_keys(['example_weekday_branch_operator']) retrieved from /root/Documents/airflowalu/venv/lib/python3.9/site-packages/airflow/example_dags/example_branch_day_of_week_operator.py
[2025-05-02 17:30:49,168] {logging_mixin.py:115} INFO - [2025-05-02 17:30:49,168] {dag.py:2379} INFO - Sync 1 DAGs
[2025-05-02 17:30:49,189] {logging_mixin.py:115} INFO - [2025-05-02 17:30:49,189] {dag.py:2927} INFO - Setting next_dagrun for example_weekday_branch_operator to 2025-05-01T00:00:00+00:00, run_after=2025-05-02T00:00:00+00:00
[2025-05-02 17:30:49,203] {processor.py:161} INFO - Processing /root/Documents/airflowalu/venv/lib/python3.9/site-packages/airflow/example_dags/example_branch_day_of_week_operator.py took 0.059 seconds
[2025-05-02 20:40:17,495] {processor.py:153} INFO - Started process (PID=522) to work on /root/Documents/airflowalu/venv/lib/python3.9/site-packages/airflow/example_dags/example_branch_day_of_week_operator.py
[2025-05-02 20:40:17,496] {processor.py:641} INFO - Processing file /root/Documents/airflowalu/venv/lib/python3.9/site-packages/airflow/example_dags/example_branch_day_of_week_operator.py for tasks to queue
[2025-05-02 20:40:17,496] {logging_mixin.py:115} INFO - [2025-05-02 20:40:17,496] {dagbag.py:507} INFO - Filling up the DagBag from /root/Documents/airflowalu/venv/lib/python3.9/site-packages/airflow/example_dags/example_branch_day_of_week_operator.py
[2025-05-02 20:40:17,501] {processor.py:651} INFO - DAG(s) dict_keys(['example_weekday_branch_operator']) retrieved from /root/Documents/airflowalu/venv/lib/python3.9/site-packages/airflow/example_dags/example_branch_day_of_week_operator.py
[2025-05-02 20:40:17,509] {logging_mixin.py:115} INFO - [2025-05-02 20:40:17,509] {dag.py:2379} INFO - Sync 1 DAGs
[2025-05-02 20:40:17,520] {logging_mixin.py:115} INFO - [2025-05-02 20:40:17,520] {dag.py:2927} INFO - Setting next_dagrun for example_weekday_branch_operator to 2025-05-01T00:00:00+00:00, run_after=2025-05-02T00:00:00+00:00
[2025-05-02 20:40:17,530] {processor.py:161} INFO - Processing /root/Documents/airflowalu/venv/lib/python3.9/site-packages/airflow/example_dags/example_branch_day_of_week_operator.py took 0.037 seconds
