[2025-05-02 16:52:31,287] {processor.py:153} INFO - Started process (PID=2847) to work on /root/Documents/airflowalu/venv/lib/python3.9/site-packages/airflow/example_dags/example_trigger_target_dag.py
[2025-05-02 16:52:31,287] {processor.py:641} INFO - Processing file /root/Documents/airflowalu/venv/lib/python3.9/site-packages/airflow/example_dags/example_trigger_target_dag.py for tasks to queue
[2025-05-02 16:52:31,287] {logging_mixin.py:115} INFO - [2025-05-02 16:52:31,287] {dagbag.py:507} INFO - Filling up the DagBag from /root/Documents/airflowalu/venv/lib/python3.9/site-packages/airflow/example_dags/example_trigger_target_dag.py
[2025-05-02 16:52:31,296] {processor.py:651} INFO - DAG(s) dict_keys(['example_trigger_target_dag']) retrieved from /root/Documents/airflowalu/venv/lib/python3.9/site-packages/airflow/example_dags/example_trigger_target_dag.py
[2025-05-02 16:52:31,336] {logging_mixin.py:115} INFO - [2025-05-02 16:52:31,336] {manager.py:508} INFO - Created Permission View: can edit on DAG:example_trigger_target_dag
[2025-05-02 16:52:31,345] {logging_mixin.py:115} INFO - [2025-05-02 16:52:31,345] {manager.py:508} INFO - Created Permission View: can delete on DAG:example_trigger_target_dag
[2025-05-02 16:52:31,353] {logging_mixin.py:115} INFO - [2025-05-02 16:52:31,353] {manager.py:508} INFO - Created Permission View: can read on DAG:example_trigger_target_dag
[2025-05-02 16:52:31,353] {logging_mixin.py:115} INFO - [2025-05-02 16:52:31,353] {dag.py:2379} INFO - Sync 1 DAGs
[2025-05-02 16:52:31,358] {logging_mixin.py:115} INFO - [2025-05-02 16:52:31,358] {dag.py:2398} INFO - Creating ORM DAG for example_trigger_target_dag
[2025-05-02 16:52:31,363] {logging_mixin.py:115} INFO - [2025-05-02 16:52:31,363] {dag.py:2927} INFO - Setting next_dagrun for example_trigger_target_dag to None, run_after=None
[2025-05-02 16:52:31,375] {processor.py:161} INFO - Processing /root/Documents/airflowalu/venv/lib/python3.9/site-packages/airflow/example_dags/example_trigger_target_dag.py took 0.090 seconds
[2025-05-02 16:53:03,507] {processor.py:153} INFO - Started process (PID=2908) to work on /root/Documents/airflowalu/venv/lib/python3.9/site-packages/airflow/example_dags/example_trigger_target_dag.py
[2025-05-02 16:53:03,508] {processor.py:641} INFO - Processing file /root/Documents/airflowalu/venv/lib/python3.9/site-packages/airflow/example_dags/example_trigger_target_dag.py for tasks to queue
[2025-05-02 16:53:03,508] {logging_mixin.py:115} INFO - [2025-05-02 16:53:03,508] {dagbag.py:507} INFO - Filling up the DagBag from /root/Documents/airflowalu/venv/lib/python3.9/site-packages/airflow/example_dags/example_trigger_target_dag.py
[2025-05-02 16:53:03,517] {processor.py:651} INFO - DAG(s) dict_keys(['example_trigger_target_dag']) retrieved from /root/Documents/airflowalu/venv/lib/python3.9/site-packages/airflow/example_dags/example_trigger_target_dag.py
[2025-05-02 16:53:03,526] {logging_mixin.py:115} INFO - [2025-05-02 16:53:03,526] {dag.py:2379} INFO - Sync 1 DAGs
[2025-05-02 16:53:03,534] {logging_mixin.py:115} INFO - [2025-05-02 16:53:03,534] {dag.py:2927} INFO - Setting next_dagrun for example_trigger_target_dag to None, run_after=None
[2025-05-02 16:53:03,545] {processor.py:161} INFO - Processing /root/Documents/airflowalu/venv/lib/python3.9/site-packages/airflow/example_dags/example_trigger_target_dag.py took 0.040 seconds
[2025-05-02 16:53:34,976] {processor.py:153} INFO - Started process (PID=3586) to work on /root/Documents/airflowalu/venv/lib/python3.9/site-packages/airflow/example_dags/example_trigger_target_dag.py
[2025-05-02 16:53:34,976] {processor.py:641} INFO - Processing file /root/Documents/airflowalu/venv/lib/python3.9/site-packages/airflow/example_dags/example_trigger_target_dag.py for tasks to queue
[2025-05-02 16:53:34,977] {logging_mixin.py:115} INFO - [2025-05-02 16:53:34,977] {dagbag.py:507} INFO - Filling up the DagBag from /root/Documents/airflowalu/venv/lib/python3.9/site-packages/airflow/example_dags/example_trigger_target_dag.py
[2025-05-02 16:53:34,985] {processor.py:651} INFO - DAG(s) dict_keys(['example_trigger_target_dag']) retrieved from /root/Documents/airflowalu/venv/lib/python3.9/site-packages/airflow/example_dags/example_trigger_target_dag.py
[2025-05-02 16:53:34,998] {logging_mixin.py:115} INFO - [2025-05-02 16:53:34,998] {dag.py:2379} INFO - Sync 1 DAGs
[2025-05-02 16:53:35,011] {logging_mixin.py:115} INFO - [2025-05-02 16:53:35,011] {dag.py:2927} INFO - Setting next_dagrun for example_trigger_target_dag to None, run_after=None
[2025-05-02 16:53:35,023] {processor.py:161} INFO - Processing /root/Documents/airflowalu/venv/lib/python3.9/site-packages/airflow/example_dags/example_trigger_target_dag.py took 0.049 seconds
[2025-05-02 16:54:07,327] {processor.py:153} INFO - Started process (PID=3747) to work on /root/Documents/airflowalu/venv/lib/python3.9/site-packages/airflow/example_dags/example_trigger_target_dag.py
[2025-05-02 16:54:07,328] {processor.py:641} INFO - Processing file /root/Documents/airflowalu/venv/lib/python3.9/site-packages/airflow/example_dags/example_trigger_target_dag.py for tasks to queue
[2025-05-02 16:54:07,328] {logging_mixin.py:115} INFO - [2025-05-02 16:54:07,328] {dagbag.py:507} INFO - Filling up the DagBag from /root/Documents/airflowalu/venv/lib/python3.9/site-packages/airflow/example_dags/example_trigger_target_dag.py
[2025-05-02 16:54:07,337] {processor.py:651} INFO - DAG(s) dict_keys(['example_trigger_target_dag']) retrieved from /root/Documents/airflowalu/venv/lib/python3.9/site-packages/airflow/example_dags/example_trigger_target_dag.py
[2025-05-02 16:54:07,347] {logging_mixin.py:115} INFO - [2025-05-02 16:54:07,347] {dag.py:2379} INFO - Sync 1 DAGs
[2025-05-02 16:54:07,356] {logging_mixin.py:115} INFO - [2025-05-02 16:54:07,356] {dag.py:2927} INFO - Setting next_dagrun for example_trigger_target_dag to None, run_after=None
[2025-05-02 16:54:07,367] {processor.py:161} INFO - Processing /root/Documents/airflowalu/venv/lib/python3.9/site-packages/airflow/example_dags/example_trigger_target_dag.py took 0.042 seconds
[2025-05-02 16:54:38,966] {processor.py:153} INFO - Started process (PID=3877) to work on /root/Documents/airflowalu/venv/lib/python3.9/site-packages/airflow/example_dags/example_trigger_target_dag.py
[2025-05-02 16:54:38,967] {processor.py:641} INFO - Processing file /root/Documents/airflowalu/venv/lib/python3.9/site-packages/airflow/example_dags/example_trigger_target_dag.py for tasks to queue
[2025-05-02 16:54:38,967] {logging_mixin.py:115} INFO - [2025-05-02 16:54:38,967] {dagbag.py:507} INFO - Filling up the DagBag from /root/Documents/airflowalu/venv/lib/python3.9/site-packages/airflow/example_dags/example_trigger_target_dag.py
[2025-05-02 16:54:38,976] {processor.py:651} INFO - DAG(s) dict_keys(['example_trigger_target_dag']) retrieved from /root/Documents/airflowalu/venv/lib/python3.9/site-packages/airflow/example_dags/example_trigger_target_dag.py
[2025-05-02 16:54:38,986] {logging_mixin.py:115} INFO - [2025-05-02 16:54:38,986] {dag.py:2379} INFO - Sync 1 DAGs
[2025-05-02 16:54:38,996] {logging_mixin.py:115} INFO - [2025-05-02 16:54:38,995] {dag.py:2927} INFO - Setting next_dagrun for example_trigger_target_dag to None, run_after=None
[2025-05-02 16:54:39,010] {processor.py:161} INFO - Processing /root/Documents/airflowalu/venv/lib/python3.9/site-packages/airflow/example_dags/example_trigger_target_dag.py took 0.045 seconds
[2025-05-02 16:55:09,816] {processor.py:153} INFO - Started process (PID=4009) to work on /root/Documents/airflowalu/venv/lib/python3.9/site-packages/airflow/example_dags/example_trigger_target_dag.py
[2025-05-02 16:55:09,817] {processor.py:641} INFO - Processing file /root/Documents/airflowalu/venv/lib/python3.9/site-packages/airflow/example_dags/example_trigger_target_dag.py for tasks to queue
[2025-05-02 16:55:09,817] {logging_mixin.py:115} INFO - [2025-05-02 16:55:09,817] {dagbag.py:507} INFO - Filling up the DagBag from /root/Documents/airflowalu/venv/lib/python3.9/site-packages/airflow/example_dags/example_trigger_target_dag.py
[2025-05-02 16:55:09,826] {processor.py:651} INFO - DAG(s) dict_keys(['example_trigger_target_dag']) retrieved from /root/Documents/airflowalu/venv/lib/python3.9/site-packages/airflow/example_dags/example_trigger_target_dag.py
[2025-05-02 16:55:09,836] {logging_mixin.py:115} INFO - [2025-05-02 16:55:09,836] {dag.py:2379} INFO - Sync 1 DAGs
[2025-05-02 16:55:09,845] {logging_mixin.py:115} INFO - [2025-05-02 16:55:09,845] {dag.py:2927} INFO - Setting next_dagrun for example_trigger_target_dag to None, run_after=None
[2025-05-02 16:55:09,856] {processor.py:161} INFO - Processing /root/Documents/airflowalu/venv/lib/python3.9/site-packages/airflow/example_dags/example_trigger_target_dag.py took 0.041 seconds
[2025-05-02 16:55:41,083] {processor.py:153} INFO - Started process (PID=4434) to work on /root/Documents/airflowalu/venv/lib/python3.9/site-packages/airflow/example_dags/example_trigger_target_dag.py
[2025-05-02 16:55:41,084] {processor.py:641} INFO - Processing file /root/Documents/airflowalu/venv/lib/python3.9/site-packages/airflow/example_dags/example_trigger_target_dag.py for tasks to queue
[2025-05-02 16:55:41,084] {logging_mixin.py:115} INFO - [2025-05-02 16:55:41,084] {dagbag.py:507} INFO - Filling up the DagBag from /root/Documents/airflowalu/venv/lib/python3.9/site-packages/airflow/example_dags/example_trigger_target_dag.py
[2025-05-02 16:55:41,094] {processor.py:651} INFO - DAG(s) dict_keys(['example_trigger_target_dag']) retrieved from /root/Documents/airflowalu/venv/lib/python3.9/site-packages/airflow/example_dags/example_trigger_target_dag.py
[2025-05-02 16:55:41,105] {logging_mixin.py:115} INFO - [2025-05-02 16:55:41,105] {dag.py:2379} INFO - Sync 1 DAGs
[2025-05-02 16:55:41,115] {logging_mixin.py:115} INFO - [2025-05-02 16:55:41,115] {dag.py:2927} INFO - Setting next_dagrun for example_trigger_target_dag to None, run_after=None
[2025-05-02 16:55:41,127] {processor.py:161} INFO - Processing /root/Documents/airflowalu/venv/lib/python3.9/site-packages/airflow/example_dags/example_trigger_target_dag.py took 0.046 seconds
[2025-05-02 16:56:13,963] {processor.py:153} INFO - Started process (PID=4572) to work on /root/Documents/airflowalu/venv/lib/python3.9/site-packages/airflow/example_dags/example_trigger_target_dag.py
[2025-05-02 16:56:13,964] {processor.py:641} INFO - Processing file /root/Documents/airflowalu/venv/lib/python3.9/site-packages/airflow/example_dags/example_trigger_target_dag.py for tasks to queue
[2025-05-02 16:56:13,964] {logging_mixin.py:115} INFO - [2025-05-02 16:56:13,964] {dagbag.py:507} INFO - Filling up the DagBag from /root/Documents/airflowalu/venv/lib/python3.9/site-packages/airflow/example_dags/example_trigger_target_dag.py
[2025-05-02 16:56:13,973] {processor.py:651} INFO - DAG(s) dict_keys(['example_trigger_target_dag']) retrieved from /root/Documents/airflowalu/venv/lib/python3.9/site-packages/airflow/example_dags/example_trigger_target_dag.py
[2025-05-02 16:56:13,983] {logging_mixin.py:115} INFO - [2025-05-02 16:56:13,983] {dag.py:2379} INFO - Sync 1 DAGs
[2025-05-02 16:56:13,993] {logging_mixin.py:115} INFO - [2025-05-02 16:56:13,993] {dag.py:2927} INFO - Setting next_dagrun for example_trigger_target_dag to None, run_after=None
[2025-05-02 16:56:14,005] {processor.py:161} INFO - Processing /root/Documents/airflowalu/venv/lib/python3.9/site-packages/airflow/example_dags/example_trigger_target_dag.py took 0.043 seconds
[2025-05-02 16:56:44,902] {processor.py:153} INFO - Started process (PID=4699) to work on /root/Documents/airflowalu/venv/lib/python3.9/site-packages/airflow/example_dags/example_trigger_target_dag.py
[2025-05-02 16:56:44,902] {processor.py:641} INFO - Processing file /root/Documents/airflowalu/venv/lib/python3.9/site-packages/airflow/example_dags/example_trigger_target_dag.py for tasks to queue
[2025-05-02 16:56:44,903] {logging_mixin.py:115} INFO - [2025-05-02 16:56:44,903] {dagbag.py:507} INFO - Filling up the DagBag from /root/Documents/airflowalu/venv/lib/python3.9/site-packages/airflow/example_dags/example_trigger_target_dag.py
[2025-05-02 16:56:44,911] {processor.py:651} INFO - DAG(s) dict_keys(['example_trigger_target_dag']) retrieved from /root/Documents/airflowalu/venv/lib/python3.9/site-packages/airflow/example_dags/example_trigger_target_dag.py
[2025-05-02 16:56:44,921] {logging_mixin.py:115} INFO - [2025-05-02 16:56:44,921] {dag.py:2379} INFO - Sync 1 DAGs
[2025-05-02 16:56:44,930] {logging_mixin.py:115} INFO - [2025-05-02 16:56:44,930] {dag.py:2927} INFO - Setting next_dagrun for example_trigger_target_dag to None, run_after=None
[2025-05-02 16:56:44,941] {processor.py:161} INFO - Processing /root/Documents/airflowalu/venv/lib/python3.9/site-packages/airflow/example_dags/example_trigger_target_dag.py took 0.041 seconds
[2025-05-02 16:57:16,012] {processor.py:153} INFO - Started process (PID=4836) to work on /root/Documents/airflowalu/venv/lib/python3.9/site-packages/airflow/example_dags/example_trigger_target_dag.py
[2025-05-02 16:57:16,013] {processor.py:641} INFO - Processing file /root/Documents/airflowalu/venv/lib/python3.9/site-packages/airflow/example_dags/example_trigger_target_dag.py for tasks to queue
[2025-05-02 16:57:16,013] {logging_mixin.py:115} INFO - [2025-05-02 16:57:16,013] {dagbag.py:507} INFO - Filling up the DagBag from /root/Documents/airflowalu/venv/lib/python3.9/site-packages/airflow/example_dags/example_trigger_target_dag.py
[2025-05-02 16:57:16,021] {processor.py:651} INFO - DAG(s) dict_keys(['example_trigger_target_dag']) retrieved from /root/Documents/airflowalu/venv/lib/python3.9/site-packages/airflow/example_dags/example_trigger_target_dag.py
[2025-05-02 16:57:16,032] {logging_mixin.py:115} INFO - [2025-05-02 16:57:16,032] {dag.py:2379} INFO - Sync 1 DAGs
[2025-05-02 16:57:16,041] {logging_mixin.py:115} INFO - [2025-05-02 16:57:16,040] {dag.py:2927} INFO - Setting next_dagrun for example_trigger_target_dag to None, run_after=None
[2025-05-02 16:57:16,050] {processor.py:161} INFO - Processing /root/Documents/airflowalu/venv/lib/python3.9/site-packages/airflow/example_dags/example_trigger_target_dag.py took 0.040 seconds
[2025-05-02 16:57:47,634] {processor.py:153} INFO - Started process (PID=4970) to work on /root/Documents/airflowalu/venv/lib/python3.9/site-packages/airflow/example_dags/example_trigger_target_dag.py
[2025-05-02 16:57:47,635] {processor.py:641} INFO - Processing file /root/Documents/airflowalu/venv/lib/python3.9/site-packages/airflow/example_dags/example_trigger_target_dag.py for tasks to queue
[2025-05-02 16:57:47,635] {logging_mixin.py:115} INFO - [2025-05-02 16:57:47,635] {dagbag.py:507} INFO - Filling up the DagBag from /root/Documents/airflowalu/venv/lib/python3.9/site-packages/airflow/example_dags/example_trigger_target_dag.py
[2025-05-02 16:57:47,644] {processor.py:651} INFO - DAG(s) dict_keys(['example_trigger_target_dag']) retrieved from /root/Documents/airflowalu/venv/lib/python3.9/site-packages/airflow/example_dags/example_trigger_target_dag.py
[2025-05-02 16:57:47,655] {logging_mixin.py:115} INFO - [2025-05-02 16:57:47,654] {dag.py:2379} INFO - Sync 1 DAGs
[2025-05-02 16:57:47,663] {logging_mixin.py:115} INFO - [2025-05-02 16:57:47,663] {dag.py:2927} INFO - Setting next_dagrun for example_trigger_target_dag to None, run_after=None
[2025-05-02 16:57:47,674] {processor.py:161} INFO - Processing /root/Documents/airflowalu/venv/lib/python3.9/site-packages/airflow/example_dags/example_trigger_target_dag.py took 0.041 seconds
[2025-05-02 16:58:20,288] {processor.py:153} INFO - Started process (PID=5112) to work on /root/Documents/airflowalu/venv/lib/python3.9/site-packages/airflow/example_dags/example_trigger_target_dag.py
[2025-05-02 16:58:20,289] {processor.py:641} INFO - Processing file /root/Documents/airflowalu/venv/lib/python3.9/site-packages/airflow/example_dags/example_trigger_target_dag.py for tasks to queue
[2025-05-02 16:58:20,289] {logging_mixin.py:115} INFO - [2025-05-02 16:58:20,289] {dagbag.py:507} INFO - Filling up the DagBag from /root/Documents/airflowalu/venv/lib/python3.9/site-packages/airflow/example_dags/example_trigger_target_dag.py
[2025-05-02 16:58:20,298] {processor.py:651} INFO - DAG(s) dict_keys(['example_trigger_target_dag']) retrieved from /root/Documents/airflowalu/venv/lib/python3.9/site-packages/airflow/example_dags/example_trigger_target_dag.py
[2025-05-02 16:58:20,306] {logging_mixin.py:115} INFO - [2025-05-02 16:58:20,306] {dag.py:2379} INFO - Sync 1 DAGs
[2025-05-02 16:58:20,315] {logging_mixin.py:115} INFO - [2025-05-02 16:58:20,315] {dag.py:2927} INFO - Setting next_dagrun for example_trigger_target_dag to None, run_after=None
[2025-05-02 16:58:20,324] {processor.py:161} INFO - Processing /root/Documents/airflowalu/venv/lib/python3.9/site-packages/airflow/example_dags/example_trigger_target_dag.py took 0.038 seconds
[2025-05-02 16:58:50,752] {processor.py:153} INFO - Started process (PID=5244) to work on /root/Documents/airflowalu/venv/lib/python3.9/site-packages/airflow/example_dags/example_trigger_target_dag.py
[2025-05-02 16:58:50,752] {processor.py:641} INFO - Processing file /root/Documents/airflowalu/venv/lib/python3.9/site-packages/airflow/example_dags/example_trigger_target_dag.py for tasks to queue
[2025-05-02 16:58:50,753] {logging_mixin.py:115} INFO - [2025-05-02 16:58:50,753] {dagbag.py:507} INFO - Filling up the DagBag from /root/Documents/airflowalu/venv/lib/python3.9/site-packages/airflow/example_dags/example_trigger_target_dag.py
[2025-05-02 16:58:50,761] {processor.py:651} INFO - DAG(s) dict_keys(['example_trigger_target_dag']) retrieved from /root/Documents/airflowalu/venv/lib/python3.9/site-packages/airflow/example_dags/example_trigger_target_dag.py
[2025-05-02 16:58:50,770] {logging_mixin.py:115} INFO - [2025-05-02 16:58:50,770] {dag.py:2379} INFO - Sync 1 DAGs
[2025-05-02 16:58:50,778] {logging_mixin.py:115} INFO - [2025-05-02 16:58:50,778] {dag.py:2927} INFO - Setting next_dagrun for example_trigger_target_dag to None, run_after=None
[2025-05-02 16:58:50,788] {processor.py:161} INFO - Processing /root/Documents/airflowalu/venv/lib/python3.9/site-packages/airflow/example_dags/example_trigger_target_dag.py took 0.038 seconds
[2025-05-02 16:59:23,349] {processor.py:153} INFO - Started process (PID=5382) to work on /root/Documents/airflowalu/venv/lib/python3.9/site-packages/airflow/example_dags/example_trigger_target_dag.py
[2025-05-02 16:59:23,349] {processor.py:641} INFO - Processing file /root/Documents/airflowalu/venv/lib/python3.9/site-packages/airflow/example_dags/example_trigger_target_dag.py for tasks to queue
[2025-05-02 16:59:23,350] {logging_mixin.py:115} INFO - [2025-05-02 16:59:23,350] {dagbag.py:507} INFO - Filling up the DagBag from /root/Documents/airflowalu/venv/lib/python3.9/site-packages/airflow/example_dags/example_trigger_target_dag.py
[2025-05-02 16:59:23,358] {processor.py:651} INFO - DAG(s) dict_keys(['example_trigger_target_dag']) retrieved from /root/Documents/airflowalu/venv/lib/python3.9/site-packages/airflow/example_dags/example_trigger_target_dag.py
[2025-05-02 16:59:23,372] {logging_mixin.py:115} INFO - [2025-05-02 16:59:23,371] {dag.py:2379} INFO - Sync 1 DAGs
[2025-05-02 16:59:23,383] {logging_mixin.py:115} INFO - [2025-05-02 16:59:23,383] {dag.py:2927} INFO - Setting next_dagrun for example_trigger_target_dag to None, run_after=None
[2025-05-02 16:59:23,394] {processor.py:161} INFO - Processing /root/Documents/airflowalu/venv/lib/python3.9/site-packages/airflow/example_dags/example_trigger_target_dag.py took 0.047 seconds
[2025-05-02 16:59:54,220] {processor.py:153} INFO - Started process (PID=5513) to work on /root/Documents/airflowalu/venv/lib/python3.9/site-packages/airflow/example_dags/example_trigger_target_dag.py
[2025-05-02 16:59:54,220] {processor.py:641} INFO - Processing file /root/Documents/airflowalu/venv/lib/python3.9/site-packages/airflow/example_dags/example_trigger_target_dag.py for tasks to queue
[2025-05-02 16:59:54,220] {logging_mixin.py:115} INFO - [2025-05-02 16:59:54,220] {dagbag.py:507} INFO - Filling up the DagBag from /root/Documents/airflowalu/venv/lib/python3.9/site-packages/airflow/example_dags/example_trigger_target_dag.py
[2025-05-02 16:59:54,229] {processor.py:651} INFO - DAG(s) dict_keys(['example_trigger_target_dag']) retrieved from /root/Documents/airflowalu/venv/lib/python3.9/site-packages/airflow/example_dags/example_trigger_target_dag.py
[2025-05-02 16:59:54,239] {logging_mixin.py:115} INFO - [2025-05-02 16:59:54,239] {dag.py:2379} INFO - Sync 1 DAGs
[2025-05-02 16:59:54,248] {logging_mixin.py:115} INFO - [2025-05-02 16:59:54,248] {dag.py:2927} INFO - Setting next_dagrun for example_trigger_target_dag to None, run_after=None
[2025-05-02 16:59:54,258] {processor.py:161} INFO - Processing /root/Documents/airflowalu/venv/lib/python3.9/site-packages/airflow/example_dags/example_trigger_target_dag.py took 0.040 seconds
[2025-05-02 17:00:25,868] {processor.py:153} INFO - Started process (PID=5645) to work on /root/Documents/airflowalu/venv/lib/python3.9/site-packages/airflow/example_dags/example_trigger_target_dag.py
[2025-05-02 17:00:25,868] {processor.py:641} INFO - Processing file /root/Documents/airflowalu/venv/lib/python3.9/site-packages/airflow/example_dags/example_trigger_target_dag.py for tasks to queue
[2025-05-02 17:00:25,869] {logging_mixin.py:115} INFO - [2025-05-02 17:00:25,869] {dagbag.py:507} INFO - Filling up the DagBag from /root/Documents/airflowalu/venv/lib/python3.9/site-packages/airflow/example_dags/example_trigger_target_dag.py
[2025-05-02 17:00:25,877] {processor.py:651} INFO - DAG(s) dict_keys(['example_trigger_target_dag']) retrieved from /root/Documents/airflowalu/venv/lib/python3.9/site-packages/airflow/example_dags/example_trigger_target_dag.py
[2025-05-02 17:00:25,886] {logging_mixin.py:115} INFO - [2025-05-02 17:00:25,886] {dag.py:2379} INFO - Sync 1 DAGs
[2025-05-02 17:00:25,895] {logging_mixin.py:115} INFO - [2025-05-02 17:00:25,895] {dag.py:2927} INFO - Setting next_dagrun for example_trigger_target_dag to None, run_after=None
[2025-05-02 17:00:25,906] {processor.py:161} INFO - Processing /root/Documents/airflowalu/venv/lib/python3.9/site-packages/airflow/example_dags/example_trigger_target_dag.py took 0.040 seconds
[2025-05-02 17:00:58,986] {processor.py:153} INFO - Started process (PID=5783) to work on /root/Documents/airflowalu/venv/lib/python3.9/site-packages/airflow/example_dags/example_trigger_target_dag.py
[2025-05-02 17:00:58,986] {processor.py:641} INFO - Processing file /root/Documents/airflowalu/venv/lib/python3.9/site-packages/airflow/example_dags/example_trigger_target_dag.py for tasks to queue
[2025-05-02 17:00:58,987] {logging_mixin.py:115} INFO - [2025-05-02 17:00:58,987] {dagbag.py:507} INFO - Filling up the DagBag from /root/Documents/airflowalu/venv/lib/python3.9/site-packages/airflow/example_dags/example_trigger_target_dag.py
[2025-05-02 17:00:58,995] {processor.py:651} INFO - DAG(s) dict_keys(['example_trigger_target_dag']) retrieved from /root/Documents/airflowalu/venv/lib/python3.9/site-packages/airflow/example_dags/example_trigger_target_dag.py
[2025-05-02 17:00:59,004] {logging_mixin.py:115} INFO - [2025-05-02 17:00:59,004] {dag.py:2379} INFO - Sync 1 DAGs
[2025-05-02 17:00:59,012] {logging_mixin.py:115} INFO - [2025-05-02 17:00:59,012] {dag.py:2927} INFO - Setting next_dagrun for example_trigger_target_dag to None, run_after=None
[2025-05-02 17:00:59,023] {processor.py:161} INFO - Processing /root/Documents/airflowalu/venv/lib/python3.9/site-packages/airflow/example_dags/example_trigger_target_dag.py took 0.039 seconds
[2025-05-02 17:01:32,216] {processor.py:153} INFO - Started process (PID=5929) to work on /root/Documents/airflowalu/venv/lib/python3.9/site-packages/airflow/example_dags/example_trigger_target_dag.py
[2025-05-02 17:01:32,217] {processor.py:641} INFO - Processing file /root/Documents/airflowalu/venv/lib/python3.9/site-packages/airflow/example_dags/example_trigger_target_dag.py for tasks to queue
[2025-05-02 17:01:32,217] {logging_mixin.py:115} INFO - [2025-05-02 17:01:32,217] {dagbag.py:507} INFO - Filling up the DagBag from /root/Documents/airflowalu/venv/lib/python3.9/site-packages/airflow/example_dags/example_trigger_target_dag.py
[2025-05-02 17:01:32,226] {processor.py:651} INFO - DAG(s) dict_keys(['example_trigger_target_dag']) retrieved from /root/Documents/airflowalu/venv/lib/python3.9/site-packages/airflow/example_dags/example_trigger_target_dag.py
[2025-05-02 17:01:32,236] {logging_mixin.py:115} INFO - [2025-05-02 17:01:32,236] {dag.py:2379} INFO - Sync 1 DAGs
[2025-05-02 17:01:32,244] {logging_mixin.py:115} INFO - [2025-05-02 17:01:32,244] {dag.py:2927} INFO - Setting next_dagrun for example_trigger_target_dag to None, run_after=None
[2025-05-02 17:01:32,255] {processor.py:161} INFO - Processing /root/Documents/airflowalu/venv/lib/python3.9/site-packages/airflow/example_dags/example_trigger_target_dag.py took 0.040 seconds
[2025-05-02 17:02:02,883] {processor.py:153} INFO - Started process (PID=6059) to work on /root/Documents/airflowalu/venv/lib/python3.9/site-packages/airflow/example_dags/example_trigger_target_dag.py
[2025-05-02 17:02:02,883] {processor.py:641} INFO - Processing file /root/Documents/airflowalu/venv/lib/python3.9/site-packages/airflow/example_dags/example_trigger_target_dag.py for tasks to queue
[2025-05-02 17:02:02,884] {logging_mixin.py:115} INFO - [2025-05-02 17:02:02,883] {dagbag.py:507} INFO - Filling up the DagBag from /root/Documents/airflowalu/venv/lib/python3.9/site-packages/airflow/example_dags/example_trigger_target_dag.py
[2025-05-02 17:02:02,892] {processor.py:651} INFO - DAG(s) dict_keys(['example_trigger_target_dag']) retrieved from /root/Documents/airflowalu/venv/lib/python3.9/site-packages/airflow/example_dags/example_trigger_target_dag.py
[2025-05-02 17:02:02,902] {logging_mixin.py:115} INFO - [2025-05-02 17:02:02,902] {dag.py:2379} INFO - Sync 1 DAGs
[2025-05-02 17:02:02,913] {logging_mixin.py:115} INFO - [2025-05-02 17:02:02,912] {dag.py:2927} INFO - Setting next_dagrun for example_trigger_target_dag to None, run_after=None
[2025-05-02 17:02:02,923] {processor.py:161} INFO - Processing /root/Documents/airflowalu/venv/lib/python3.9/site-packages/airflow/example_dags/example_trigger_target_dag.py took 0.042 seconds
[2025-05-02 17:02:35,687] {processor.py:153} INFO - Started process (PID=6196) to work on /root/Documents/airflowalu/venv/lib/python3.9/site-packages/airflow/example_dags/example_trigger_target_dag.py
[2025-05-02 17:02:35,688] {processor.py:641} INFO - Processing file /root/Documents/airflowalu/venv/lib/python3.9/site-packages/airflow/example_dags/example_trigger_target_dag.py for tasks to queue
[2025-05-02 17:02:35,688] {logging_mixin.py:115} INFO - [2025-05-02 17:02:35,688] {dagbag.py:507} INFO - Filling up the DagBag from /root/Documents/airflowalu/venv/lib/python3.9/site-packages/airflow/example_dags/example_trigger_target_dag.py
[2025-05-02 17:02:35,697] {processor.py:651} INFO - DAG(s) dict_keys(['example_trigger_target_dag']) retrieved from /root/Documents/airflowalu/venv/lib/python3.9/site-packages/airflow/example_dags/example_trigger_target_dag.py
[2025-05-02 17:02:35,706] {logging_mixin.py:115} INFO - [2025-05-02 17:02:35,706] {dag.py:2379} INFO - Sync 1 DAGs
[2025-05-02 17:02:35,715] {logging_mixin.py:115} INFO - [2025-05-02 17:02:35,715] {dag.py:2927} INFO - Setting next_dagrun for example_trigger_target_dag to None, run_after=None
[2025-05-02 17:02:35,726] {processor.py:161} INFO - Processing /root/Documents/airflowalu/venv/lib/python3.9/site-packages/airflow/example_dags/example_trigger_target_dag.py took 0.040 seconds
[2025-05-02 17:03:08,236] {processor.py:153} INFO - Started process (PID=6340) to work on /root/Documents/airflowalu/venv/lib/python3.9/site-packages/airflow/example_dags/example_trigger_target_dag.py
[2025-05-02 17:03:08,237] {processor.py:641} INFO - Processing file /root/Documents/airflowalu/venv/lib/python3.9/site-packages/airflow/example_dags/example_trigger_target_dag.py for tasks to queue
[2025-05-02 17:03:08,237] {logging_mixin.py:115} INFO - [2025-05-02 17:03:08,237] {dagbag.py:507} INFO - Filling up the DagBag from /root/Documents/airflowalu/venv/lib/python3.9/site-packages/airflow/example_dags/example_trigger_target_dag.py
[2025-05-02 17:03:08,246] {processor.py:651} INFO - DAG(s) dict_keys(['example_trigger_target_dag']) retrieved from /root/Documents/airflowalu/venv/lib/python3.9/site-packages/airflow/example_dags/example_trigger_target_dag.py
[2025-05-02 17:03:08,257] {logging_mixin.py:115} INFO - [2025-05-02 17:03:08,257] {dag.py:2379} INFO - Sync 1 DAGs
[2025-05-02 17:03:08,266] {logging_mixin.py:115} INFO - [2025-05-02 17:03:08,266] {dag.py:2927} INFO - Setting next_dagrun for example_trigger_target_dag to None, run_after=None
[2025-05-02 17:03:08,277] {processor.py:161} INFO - Processing /root/Documents/airflowalu/venv/lib/python3.9/site-packages/airflow/example_dags/example_trigger_target_dag.py took 0.043 seconds
[2025-05-02 17:03:39,937] {processor.py:153} INFO - Started process (PID=6472) to work on /root/Documents/airflowalu/venv/lib/python3.9/site-packages/airflow/example_dags/example_trigger_target_dag.py
[2025-05-02 17:03:39,938] {processor.py:641} INFO - Processing file /root/Documents/airflowalu/venv/lib/python3.9/site-packages/airflow/example_dags/example_trigger_target_dag.py for tasks to queue
[2025-05-02 17:03:39,938] {logging_mixin.py:115} INFO - [2025-05-02 17:03:39,938] {dagbag.py:507} INFO - Filling up the DagBag from /root/Documents/airflowalu/venv/lib/python3.9/site-packages/airflow/example_dags/example_trigger_target_dag.py
[2025-05-02 17:03:39,947] {processor.py:651} INFO - DAG(s) dict_keys(['example_trigger_target_dag']) retrieved from /root/Documents/airflowalu/venv/lib/python3.9/site-packages/airflow/example_dags/example_trigger_target_dag.py
[2025-05-02 17:03:39,957] {logging_mixin.py:115} INFO - [2025-05-02 17:03:39,957] {dag.py:2379} INFO - Sync 1 DAGs
[2025-05-02 17:03:39,965] {logging_mixin.py:115} INFO - [2025-05-02 17:03:39,965] {dag.py:2927} INFO - Setting next_dagrun for example_trigger_target_dag to None, run_after=None
[2025-05-02 17:03:39,978] {processor.py:161} INFO - Processing /root/Documents/airflowalu/venv/lib/python3.9/site-packages/airflow/example_dags/example_trigger_target_dag.py took 0.043 seconds
[2025-05-02 17:04:11,396] {processor.py:153} INFO - Started process (PID=6605) to work on /root/Documents/airflowalu/venv/lib/python3.9/site-packages/airflow/example_dags/example_trigger_target_dag.py
[2025-05-02 17:04:11,396] {processor.py:641} INFO - Processing file /root/Documents/airflowalu/venv/lib/python3.9/site-packages/airflow/example_dags/example_trigger_target_dag.py for tasks to queue
[2025-05-02 17:04:11,397] {logging_mixin.py:115} INFO - [2025-05-02 17:04:11,397] {dagbag.py:507} INFO - Filling up the DagBag from /root/Documents/airflowalu/venv/lib/python3.9/site-packages/airflow/example_dags/example_trigger_target_dag.py
[2025-05-02 17:04:11,405] {processor.py:651} INFO - DAG(s) dict_keys(['example_trigger_target_dag']) retrieved from /root/Documents/airflowalu/venv/lib/python3.9/site-packages/airflow/example_dags/example_trigger_target_dag.py
[2025-05-02 17:04:11,416] {logging_mixin.py:115} INFO - [2025-05-02 17:04:11,416] {dag.py:2379} INFO - Sync 1 DAGs
[2025-05-02 17:04:11,427] {logging_mixin.py:115} INFO - [2025-05-02 17:04:11,427] {dag.py:2927} INFO - Setting next_dagrun for example_trigger_target_dag to None, run_after=None
[2025-05-02 17:04:11,440] {processor.py:161} INFO - Processing /root/Documents/airflowalu/venv/lib/python3.9/site-packages/airflow/example_dags/example_trigger_target_dag.py took 0.046 seconds
[2025-05-02 17:04:42,471] {processor.py:153} INFO - Started process (PID=6744) to work on /root/Documents/airflowalu/venv/lib/python3.9/site-packages/airflow/example_dags/example_trigger_target_dag.py
[2025-05-02 17:04:42,472] {processor.py:641} INFO - Processing file /root/Documents/airflowalu/venv/lib/python3.9/site-packages/airflow/example_dags/example_trigger_target_dag.py for tasks to queue
[2025-05-02 17:04:42,472] {logging_mixin.py:115} INFO - [2025-05-02 17:04:42,472] {dagbag.py:507} INFO - Filling up the DagBag from /root/Documents/airflowalu/venv/lib/python3.9/site-packages/airflow/example_dags/example_trigger_target_dag.py
[2025-05-02 17:04:42,481] {processor.py:651} INFO - DAG(s) dict_keys(['example_trigger_target_dag']) retrieved from /root/Documents/airflowalu/venv/lib/python3.9/site-packages/airflow/example_dags/example_trigger_target_dag.py
[2025-05-02 17:04:42,492] {logging_mixin.py:115} INFO - [2025-05-02 17:04:42,492] {dag.py:2379} INFO - Sync 1 DAGs
[2025-05-02 17:04:42,503] {logging_mixin.py:115} INFO - [2025-05-02 17:04:42,503] {dag.py:2927} INFO - Setting next_dagrun for example_trigger_target_dag to None, run_after=None
[2025-05-02 17:04:42,514] {processor.py:161} INFO - Processing /root/Documents/airflowalu/venv/lib/python3.9/site-packages/airflow/example_dags/example_trigger_target_dag.py took 0.044 seconds
[2025-05-02 17:05:15,160] {processor.py:153} INFO - Started process (PID=6878) to work on /root/Documents/airflowalu/venv/lib/python3.9/site-packages/airflow/example_dags/example_trigger_target_dag.py
[2025-05-02 17:05:15,161] {processor.py:641} INFO - Processing file /root/Documents/airflowalu/venv/lib/python3.9/site-packages/airflow/example_dags/example_trigger_target_dag.py for tasks to queue
[2025-05-02 17:05:15,161] {logging_mixin.py:115} INFO - [2025-05-02 17:05:15,161] {dagbag.py:507} INFO - Filling up the DagBag from /root/Documents/airflowalu/venv/lib/python3.9/site-packages/airflow/example_dags/example_trigger_target_dag.py
[2025-05-02 17:05:15,169] {processor.py:651} INFO - DAG(s) dict_keys(['example_trigger_target_dag']) retrieved from /root/Documents/airflowalu/venv/lib/python3.9/site-packages/airflow/example_dags/example_trigger_target_dag.py
[2025-05-02 17:05:15,179] {logging_mixin.py:115} INFO - [2025-05-02 17:05:15,179] {dag.py:2379} INFO - Sync 1 DAGs
[2025-05-02 17:05:15,187] {logging_mixin.py:115} INFO - [2025-05-02 17:05:15,187] {dag.py:2927} INFO - Setting next_dagrun for example_trigger_target_dag to None, run_after=None
[2025-05-02 17:05:15,198] {processor.py:161} INFO - Processing /root/Documents/airflowalu/venv/lib/python3.9/site-packages/airflow/example_dags/example_trigger_target_dag.py took 0.039 seconds
[2025-05-02 17:05:47,239] {processor.py:153} INFO - Started process (PID=7016) to work on /root/Documents/airflowalu/venv/lib/python3.9/site-packages/airflow/example_dags/example_trigger_target_dag.py
[2025-05-02 17:05:47,240] {processor.py:641} INFO - Processing file /root/Documents/airflowalu/venv/lib/python3.9/site-packages/airflow/example_dags/example_trigger_target_dag.py for tasks to queue
[2025-05-02 17:05:47,240] {logging_mixin.py:115} INFO - [2025-05-02 17:05:47,240] {dagbag.py:507} INFO - Filling up the DagBag from /root/Documents/airflowalu/venv/lib/python3.9/site-packages/airflow/example_dags/example_trigger_target_dag.py
[2025-05-02 17:05:47,250] {processor.py:651} INFO - DAG(s) dict_keys(['example_trigger_target_dag']) retrieved from /root/Documents/airflowalu/venv/lib/python3.9/site-packages/airflow/example_dags/example_trigger_target_dag.py
[2025-05-02 17:05:47,260] {logging_mixin.py:115} INFO - [2025-05-02 17:05:47,260] {dag.py:2379} INFO - Sync 1 DAGs
[2025-05-02 17:05:47,269] {logging_mixin.py:115} INFO - [2025-05-02 17:05:47,269] {dag.py:2927} INFO - Setting next_dagrun for example_trigger_target_dag to None, run_after=None
[2025-05-02 17:05:47,281] {processor.py:161} INFO - Processing /root/Documents/airflowalu/venv/lib/python3.9/site-packages/airflow/example_dags/example_trigger_target_dag.py took 0.043 seconds
[2025-05-02 17:06:19,112] {processor.py:153} INFO - Started process (PID=7151) to work on /root/Documents/airflowalu/venv/lib/python3.9/site-packages/airflow/example_dags/example_trigger_target_dag.py
[2025-05-02 17:06:19,113] {processor.py:641} INFO - Processing file /root/Documents/airflowalu/venv/lib/python3.9/site-packages/airflow/example_dags/example_trigger_target_dag.py for tasks to queue
[2025-05-02 17:06:19,113] {logging_mixin.py:115} INFO - [2025-05-02 17:06:19,113] {dagbag.py:507} INFO - Filling up the DagBag from /root/Documents/airflowalu/venv/lib/python3.9/site-packages/airflow/example_dags/example_trigger_target_dag.py
[2025-05-02 17:06:19,123] {processor.py:651} INFO - DAG(s) dict_keys(['example_trigger_target_dag']) retrieved from /root/Documents/airflowalu/venv/lib/python3.9/site-packages/airflow/example_dags/example_trigger_target_dag.py
[2025-05-02 17:06:19,135] {logging_mixin.py:115} INFO - [2025-05-02 17:06:19,135] {dag.py:2379} INFO - Sync 1 DAGs
[2025-05-02 17:06:19,145] {logging_mixin.py:115} INFO - [2025-05-02 17:06:19,145] {dag.py:2927} INFO - Setting next_dagrun for example_trigger_target_dag to None, run_after=None
[2025-05-02 17:06:19,155] {processor.py:161} INFO - Processing /root/Documents/airflowalu/venv/lib/python3.9/site-packages/airflow/example_dags/example_trigger_target_dag.py took 0.044 seconds
[2025-05-02 17:06:50,982] {processor.py:153} INFO - Started process (PID=7288) to work on /root/Documents/airflowalu/venv/lib/python3.9/site-packages/airflow/example_dags/example_trigger_target_dag.py
[2025-05-02 17:06:50,982] {processor.py:641} INFO - Processing file /root/Documents/airflowalu/venv/lib/python3.9/site-packages/airflow/example_dags/example_trigger_target_dag.py for tasks to queue
[2025-05-02 17:06:50,983] {logging_mixin.py:115} INFO - [2025-05-02 17:06:50,983] {dagbag.py:507} INFO - Filling up the DagBag from /root/Documents/airflowalu/venv/lib/python3.9/site-packages/airflow/example_dags/example_trigger_target_dag.py
[2025-05-02 17:06:50,991] {processor.py:651} INFO - DAG(s) dict_keys(['example_trigger_target_dag']) retrieved from /root/Documents/airflowalu/venv/lib/python3.9/site-packages/airflow/example_dags/example_trigger_target_dag.py
[2025-05-02 17:06:51,001] {logging_mixin.py:115} INFO - [2025-05-02 17:06:51,001] {dag.py:2379} INFO - Sync 1 DAGs
[2025-05-02 17:06:51,011] {logging_mixin.py:115} INFO - [2025-05-02 17:06:51,011] {dag.py:2927} INFO - Setting next_dagrun for example_trigger_target_dag to None, run_after=None
[2025-05-02 17:06:51,024] {processor.py:161} INFO - Processing /root/Documents/airflowalu/venv/lib/python3.9/site-packages/airflow/example_dags/example_trigger_target_dag.py took 0.044 seconds
[2025-05-02 17:07:21,377] {processor.py:153} INFO - Started process (PID=7416) to work on /root/Documents/airflowalu/venv/lib/python3.9/site-packages/airflow/example_dags/example_trigger_target_dag.py
[2025-05-02 17:07:21,377] {processor.py:641} INFO - Processing file /root/Documents/airflowalu/venv/lib/python3.9/site-packages/airflow/example_dags/example_trigger_target_dag.py for tasks to queue
[2025-05-02 17:07:21,377] {logging_mixin.py:115} INFO - [2025-05-02 17:07:21,377] {dagbag.py:507} INFO - Filling up the DagBag from /root/Documents/airflowalu/venv/lib/python3.9/site-packages/airflow/example_dags/example_trigger_target_dag.py
[2025-05-02 17:07:21,386] {processor.py:651} INFO - DAG(s) dict_keys(['example_trigger_target_dag']) retrieved from /root/Documents/airflowalu/venv/lib/python3.9/site-packages/airflow/example_dags/example_trigger_target_dag.py
[2025-05-02 17:07:21,397] {logging_mixin.py:115} INFO - [2025-05-02 17:07:21,396] {dag.py:2379} INFO - Sync 1 DAGs
[2025-05-02 17:07:21,405] {logging_mixin.py:115} INFO - [2025-05-02 17:07:21,405] {dag.py:2927} INFO - Setting next_dagrun for example_trigger_target_dag to None, run_after=None
[2025-05-02 17:07:21,417] {processor.py:161} INFO - Processing /root/Documents/airflowalu/venv/lib/python3.9/site-packages/airflow/example_dags/example_trigger_target_dag.py took 0.042 seconds
[2025-05-02 17:07:51,627] {processor.py:153} INFO - Started process (PID=7552) to work on /root/Documents/airflowalu/venv/lib/python3.9/site-packages/airflow/example_dags/example_trigger_target_dag.py
[2025-05-02 17:07:51,628] {processor.py:641} INFO - Processing file /root/Documents/airflowalu/venv/lib/python3.9/site-packages/airflow/example_dags/example_trigger_target_dag.py for tasks to queue
[2025-05-02 17:07:51,628] {logging_mixin.py:115} INFO - [2025-05-02 17:07:51,628] {dagbag.py:507} INFO - Filling up the DagBag from /root/Documents/airflowalu/venv/lib/python3.9/site-packages/airflow/example_dags/example_trigger_target_dag.py
[2025-05-02 17:07:51,638] {processor.py:651} INFO - DAG(s) dict_keys(['example_trigger_target_dag']) retrieved from /root/Documents/airflowalu/venv/lib/python3.9/site-packages/airflow/example_dags/example_trigger_target_dag.py
[2025-05-02 17:07:51,646] {logging_mixin.py:115} INFO - [2025-05-02 17:07:51,646] {dag.py:2379} INFO - Sync 1 DAGs
[2025-05-02 17:07:51,654] {logging_mixin.py:115} INFO - [2025-05-02 17:07:51,654] {dag.py:2927} INFO - Setting next_dagrun for example_trigger_target_dag to None, run_after=None
[2025-05-02 17:07:51,668] {processor.py:161} INFO - Processing /root/Documents/airflowalu/venv/lib/python3.9/site-packages/airflow/example_dags/example_trigger_target_dag.py took 0.043 seconds
[2025-05-02 17:08:23,411] {processor.py:153} INFO - Started process (PID=7686) to work on /root/Documents/airflowalu/venv/lib/python3.9/site-packages/airflow/example_dags/example_trigger_target_dag.py
[2025-05-02 17:08:23,411] {processor.py:641} INFO - Processing file /root/Documents/airflowalu/venv/lib/python3.9/site-packages/airflow/example_dags/example_trigger_target_dag.py for tasks to queue
[2025-05-02 17:08:23,412] {logging_mixin.py:115} INFO - [2025-05-02 17:08:23,412] {dagbag.py:507} INFO - Filling up the DagBag from /root/Documents/airflowalu/venv/lib/python3.9/site-packages/airflow/example_dags/example_trigger_target_dag.py
[2025-05-02 17:08:23,422] {processor.py:651} INFO - DAG(s) dict_keys(['example_trigger_target_dag']) retrieved from /root/Documents/airflowalu/venv/lib/python3.9/site-packages/airflow/example_dags/example_trigger_target_dag.py
[2025-05-02 17:08:23,430] {logging_mixin.py:115} INFO - [2025-05-02 17:08:23,430] {dag.py:2379} INFO - Sync 1 DAGs
[2025-05-02 17:08:23,439] {logging_mixin.py:115} INFO - [2025-05-02 17:08:23,439] {dag.py:2927} INFO - Setting next_dagrun for example_trigger_target_dag to None, run_after=None
[2025-05-02 17:08:23,450] {processor.py:161} INFO - Processing /root/Documents/airflowalu/venv/lib/python3.9/site-packages/airflow/example_dags/example_trigger_target_dag.py took 0.041 seconds
[2025-05-02 17:08:55,016] {processor.py:153} INFO - Started process (PID=7825) to work on /root/Documents/airflowalu/venv/lib/python3.9/site-packages/airflow/example_dags/example_trigger_target_dag.py
[2025-05-02 17:08:55,017] {processor.py:641} INFO - Processing file /root/Documents/airflowalu/venv/lib/python3.9/site-packages/airflow/example_dags/example_trigger_target_dag.py for tasks to queue
[2025-05-02 17:08:55,018] {logging_mixin.py:115} INFO - [2025-05-02 17:08:55,018] {dagbag.py:507} INFO - Filling up the DagBag from /root/Documents/airflowalu/venv/lib/python3.9/site-packages/airflow/example_dags/example_trigger_target_dag.py
[2025-05-02 17:08:55,031] {processor.py:651} INFO - DAG(s) dict_keys(['example_trigger_target_dag']) retrieved from /root/Documents/airflowalu/venv/lib/python3.9/site-packages/airflow/example_dags/example_trigger_target_dag.py
[2025-05-02 17:08:55,040] {logging_mixin.py:115} INFO - [2025-05-02 17:08:55,040] {dag.py:2379} INFO - Sync 1 DAGs
[2025-05-02 17:08:55,050] {logging_mixin.py:115} INFO - [2025-05-02 17:08:55,050] {dag.py:2927} INFO - Setting next_dagrun for example_trigger_target_dag to None, run_after=None
[2025-05-02 17:08:55,063] {processor.py:161} INFO - Processing /root/Documents/airflowalu/venv/lib/python3.9/site-packages/airflow/example_dags/example_trigger_target_dag.py took 0.049 seconds
[2025-05-02 17:09:27,598] {processor.py:153} INFO - Started process (PID=7958) to work on /root/Documents/airflowalu/venv/lib/python3.9/site-packages/airflow/example_dags/example_trigger_target_dag.py
[2025-05-02 17:09:27,599] {processor.py:641} INFO - Processing file /root/Documents/airflowalu/venv/lib/python3.9/site-packages/airflow/example_dags/example_trigger_target_dag.py for tasks to queue
[2025-05-02 17:09:27,599] {logging_mixin.py:115} INFO - [2025-05-02 17:09:27,599] {dagbag.py:507} INFO - Filling up the DagBag from /root/Documents/airflowalu/venv/lib/python3.9/site-packages/airflow/example_dags/example_trigger_target_dag.py
[2025-05-02 17:09:27,610] {processor.py:651} INFO - DAG(s) dict_keys(['example_trigger_target_dag']) retrieved from /root/Documents/airflowalu/venv/lib/python3.9/site-packages/airflow/example_dags/example_trigger_target_dag.py
[2025-05-02 17:09:27,619] {logging_mixin.py:115} INFO - [2025-05-02 17:09:27,618] {dag.py:2379} INFO - Sync 1 DAGs
[2025-05-02 17:09:27,630] {logging_mixin.py:115} INFO - [2025-05-02 17:09:27,630] {dag.py:2927} INFO - Setting next_dagrun for example_trigger_target_dag to None, run_after=None
[2025-05-02 17:09:27,642] {processor.py:161} INFO - Processing /root/Documents/airflowalu/venv/lib/python3.9/site-packages/airflow/example_dags/example_trigger_target_dag.py took 0.046 seconds
[2025-05-02 17:09:59,542] {processor.py:153} INFO - Started process (PID=8095) to work on /root/Documents/airflowalu/venv/lib/python3.9/site-packages/airflow/example_dags/example_trigger_target_dag.py
[2025-05-02 17:09:59,542] {processor.py:641} INFO - Processing file /root/Documents/airflowalu/venv/lib/python3.9/site-packages/airflow/example_dags/example_trigger_target_dag.py for tasks to queue
[2025-05-02 17:09:59,543] {logging_mixin.py:115} INFO - [2025-05-02 17:09:59,543] {dagbag.py:507} INFO - Filling up the DagBag from /root/Documents/airflowalu/venv/lib/python3.9/site-packages/airflow/example_dags/example_trigger_target_dag.py
[2025-05-02 17:09:59,553] {processor.py:651} INFO - DAG(s) dict_keys(['example_trigger_target_dag']) retrieved from /root/Documents/airflowalu/venv/lib/python3.9/site-packages/airflow/example_dags/example_trigger_target_dag.py
[2025-05-02 17:09:59,560] {logging_mixin.py:115} INFO - [2025-05-02 17:09:59,560] {dag.py:2379} INFO - Sync 1 DAGs
[2025-05-02 17:09:59,569] {logging_mixin.py:115} INFO - [2025-05-02 17:09:59,569] {dag.py:2927} INFO - Setting next_dagrun for example_trigger_target_dag to None, run_after=None
[2025-05-02 17:09:59,579] {processor.py:161} INFO - Processing /root/Documents/airflowalu/venv/lib/python3.9/site-packages/airflow/example_dags/example_trigger_target_dag.py took 0.039 seconds
[2025-05-02 17:10:30,855] {processor.py:153} INFO - Started process (PID=8228) to work on /root/Documents/airflowalu/venv/lib/python3.9/site-packages/airflow/example_dags/example_trigger_target_dag.py
[2025-05-02 17:10:30,856] {processor.py:641} INFO - Processing file /root/Documents/airflowalu/venv/lib/python3.9/site-packages/airflow/example_dags/example_trigger_target_dag.py for tasks to queue
[2025-05-02 17:10:30,856] {logging_mixin.py:115} INFO - [2025-05-02 17:10:30,856] {dagbag.py:507} INFO - Filling up the DagBag from /root/Documents/airflowalu/venv/lib/python3.9/site-packages/airflow/example_dags/example_trigger_target_dag.py
[2025-05-02 17:10:30,867] {processor.py:651} INFO - DAG(s) dict_keys(['example_trigger_target_dag']) retrieved from /root/Documents/airflowalu/venv/lib/python3.9/site-packages/airflow/example_dags/example_trigger_target_dag.py
[2025-05-02 17:10:30,875] {logging_mixin.py:115} INFO - [2025-05-02 17:10:30,875] {dag.py:2379} INFO - Sync 1 DAGs
[2025-05-02 17:10:30,885] {logging_mixin.py:115} INFO - [2025-05-02 17:10:30,885] {dag.py:2927} INFO - Setting next_dagrun for example_trigger_target_dag to None, run_after=None
[2025-05-02 17:10:30,896] {processor.py:161} INFO - Processing /root/Documents/airflowalu/venv/lib/python3.9/site-packages/airflow/example_dags/example_trigger_target_dag.py took 0.042 seconds
[2025-05-02 17:11:02,805] {processor.py:153} INFO - Started process (PID=8369) to work on /root/Documents/airflowalu/venv/lib/python3.9/site-packages/airflow/example_dags/example_trigger_target_dag.py
[2025-05-02 17:11:02,805] {processor.py:641} INFO - Processing file /root/Documents/airflowalu/venv/lib/python3.9/site-packages/airflow/example_dags/example_trigger_target_dag.py for tasks to queue
[2025-05-02 17:11:02,806] {logging_mixin.py:115} INFO - [2025-05-02 17:11:02,806] {dagbag.py:507} INFO - Filling up the DagBag from /root/Documents/airflowalu/venv/lib/python3.9/site-packages/airflow/example_dags/example_trigger_target_dag.py
[2025-05-02 17:11:02,816] {processor.py:651} INFO - DAG(s) dict_keys(['example_trigger_target_dag']) retrieved from /root/Documents/airflowalu/venv/lib/python3.9/site-packages/airflow/example_dags/example_trigger_target_dag.py
[2025-05-02 17:11:02,824] {logging_mixin.py:115} INFO - [2025-05-02 17:11:02,824] {dag.py:2379} INFO - Sync 1 DAGs
[2025-05-02 17:11:02,832] {logging_mixin.py:115} INFO - [2025-05-02 17:11:02,832] {dag.py:2927} INFO - Setting next_dagrun for example_trigger_target_dag to None, run_after=None
[2025-05-02 17:11:02,844] {processor.py:161} INFO - Processing /root/Documents/airflowalu/venv/lib/python3.9/site-packages/airflow/example_dags/example_trigger_target_dag.py took 0.041 seconds
[2025-05-02 17:11:35,511] {processor.py:153} INFO - Started process (PID=8511) to work on /root/Documents/airflowalu/venv/lib/python3.9/site-packages/airflow/example_dags/example_trigger_target_dag.py
[2025-05-02 17:11:35,511] {processor.py:641} INFO - Processing file /root/Documents/airflowalu/venv/lib/python3.9/site-packages/airflow/example_dags/example_trigger_target_dag.py for tasks to queue
[2025-05-02 17:11:35,512] {logging_mixin.py:115} INFO - [2025-05-02 17:11:35,512] {dagbag.py:507} INFO - Filling up the DagBag from /root/Documents/airflowalu/venv/lib/python3.9/site-packages/airflow/example_dags/example_trigger_target_dag.py
[2025-05-02 17:11:35,523] {processor.py:651} INFO - DAG(s) dict_keys(['example_trigger_target_dag']) retrieved from /root/Documents/airflowalu/venv/lib/python3.9/site-packages/airflow/example_dags/example_trigger_target_dag.py
[2025-05-02 17:11:35,531] {logging_mixin.py:115} INFO - [2025-05-02 17:11:35,531] {dag.py:2379} INFO - Sync 1 DAGs
[2025-05-02 17:11:35,539] {logging_mixin.py:115} INFO - [2025-05-02 17:11:35,539] {dag.py:2927} INFO - Setting next_dagrun for example_trigger_target_dag to None, run_after=None
[2025-05-02 17:11:35,549] {processor.py:161} INFO - Processing /root/Documents/airflowalu/venv/lib/python3.9/site-packages/airflow/example_dags/example_trigger_target_dag.py took 0.040 seconds
[2025-05-02 17:12:07,505] {processor.py:153} INFO - Started process (PID=8656) to work on /root/Documents/airflowalu/venv/lib/python3.9/site-packages/airflow/example_dags/example_trigger_target_dag.py
[2025-05-02 17:12:07,506] {processor.py:641} INFO - Processing file /root/Documents/airflowalu/venv/lib/python3.9/site-packages/airflow/example_dags/example_trigger_target_dag.py for tasks to queue
[2025-05-02 17:12:07,506] {logging_mixin.py:115} INFO - [2025-05-02 17:12:07,506] {dagbag.py:507} INFO - Filling up the DagBag from /root/Documents/airflowalu/venv/lib/python3.9/site-packages/airflow/example_dags/example_trigger_target_dag.py
[2025-05-02 17:12:07,517] {processor.py:651} INFO - DAG(s) dict_keys(['example_trigger_target_dag']) retrieved from /root/Documents/airflowalu/venv/lib/python3.9/site-packages/airflow/example_dags/example_trigger_target_dag.py
[2025-05-02 17:12:07,525] {logging_mixin.py:115} INFO - [2025-05-02 17:12:07,525] {dag.py:2379} INFO - Sync 1 DAGs
[2025-05-02 17:12:07,535] {logging_mixin.py:115} INFO - [2025-05-02 17:12:07,535] {dag.py:2927} INFO - Setting next_dagrun for example_trigger_target_dag to None, run_after=None
[2025-05-02 17:12:07,546] {processor.py:161} INFO - Processing /root/Documents/airflowalu/venv/lib/python3.9/site-packages/airflow/example_dags/example_trigger_target_dag.py took 0.042 seconds
[2025-05-02 17:12:38,426] {processor.py:153} INFO - Started process (PID=8790) to work on /root/Documents/airflowalu/venv/lib/python3.9/site-packages/airflow/example_dags/example_trigger_target_dag.py
[2025-05-02 17:12:38,427] {processor.py:641} INFO - Processing file /root/Documents/airflowalu/venv/lib/python3.9/site-packages/airflow/example_dags/example_trigger_target_dag.py for tasks to queue
[2025-05-02 17:12:38,428] {logging_mixin.py:115} INFO - [2025-05-02 17:12:38,428] {dagbag.py:507} INFO - Filling up the DagBag from /root/Documents/airflowalu/venv/lib/python3.9/site-packages/airflow/example_dags/example_trigger_target_dag.py
[2025-05-02 17:12:38,441] {processor.py:651} INFO - DAG(s) dict_keys(['example_trigger_target_dag']) retrieved from /root/Documents/airflowalu/venv/lib/python3.9/site-packages/airflow/example_dags/example_trigger_target_dag.py
[2025-05-02 17:12:38,453] {logging_mixin.py:115} INFO - [2025-05-02 17:12:38,453] {dag.py:2379} INFO - Sync 1 DAGs
[2025-05-02 17:12:38,465] {logging_mixin.py:115} INFO - [2025-05-02 17:12:38,465] {dag.py:2927} INFO - Setting next_dagrun for example_trigger_target_dag to None, run_after=None
[2025-05-02 17:12:38,475] {processor.py:161} INFO - Processing /root/Documents/airflowalu/venv/lib/python3.9/site-packages/airflow/example_dags/example_trigger_target_dag.py took 0.051 seconds
[2025-05-02 17:13:09,974] {processor.py:153} INFO - Started process (PID=8932) to work on /root/Documents/airflowalu/venv/lib/python3.9/site-packages/airflow/example_dags/example_trigger_target_dag.py
[2025-05-02 17:13:09,975] {processor.py:641} INFO - Processing file /root/Documents/airflowalu/venv/lib/python3.9/site-packages/airflow/example_dags/example_trigger_target_dag.py for tasks to queue
[2025-05-02 17:13:09,975] {logging_mixin.py:115} INFO - [2025-05-02 17:13:09,975] {dagbag.py:507} INFO - Filling up the DagBag from /root/Documents/airflowalu/venv/lib/python3.9/site-packages/airflow/example_dags/example_trigger_target_dag.py
[2025-05-02 17:13:09,986] {processor.py:651} INFO - DAG(s) dict_keys(['example_trigger_target_dag']) retrieved from /root/Documents/airflowalu/venv/lib/python3.9/site-packages/airflow/example_dags/example_trigger_target_dag.py
[2025-05-02 17:13:09,994] {logging_mixin.py:115} INFO - [2025-05-02 17:13:09,994] {dag.py:2379} INFO - Sync 1 DAGs
[2025-05-02 17:13:10,003] {logging_mixin.py:115} INFO - [2025-05-02 17:13:10,003] {dag.py:2927} INFO - Setting next_dagrun for example_trigger_target_dag to None, run_after=None
[2025-05-02 17:13:10,015] {processor.py:161} INFO - Processing /root/Documents/airflowalu/venv/lib/python3.9/site-packages/airflow/example_dags/example_trigger_target_dag.py took 0.042 seconds
[2025-05-02 17:13:40,897] {processor.py:153} INFO - Started process (PID=9064) to work on /root/Documents/airflowalu/venv/lib/python3.9/site-packages/airflow/example_dags/example_trigger_target_dag.py
[2025-05-02 17:13:40,897] {processor.py:641} INFO - Processing file /root/Documents/airflowalu/venv/lib/python3.9/site-packages/airflow/example_dags/example_trigger_target_dag.py for tasks to queue
[2025-05-02 17:13:40,898] {logging_mixin.py:115} INFO - [2025-05-02 17:13:40,898] {dagbag.py:507} INFO - Filling up the DagBag from /root/Documents/airflowalu/venv/lib/python3.9/site-packages/airflow/example_dags/example_trigger_target_dag.py
[2025-05-02 17:13:40,909] {processor.py:651} INFO - DAG(s) dict_keys(['example_trigger_target_dag']) retrieved from /root/Documents/airflowalu/venv/lib/python3.9/site-packages/airflow/example_dags/example_trigger_target_dag.py
[2025-05-02 17:13:40,920] {logging_mixin.py:115} INFO - [2025-05-02 17:13:40,920] {dag.py:2379} INFO - Sync 1 DAGs
[2025-05-02 17:13:40,932] {logging_mixin.py:115} INFO - [2025-05-02 17:13:40,932] {dag.py:2927} INFO - Setting next_dagrun for example_trigger_target_dag to None, run_after=None
[2025-05-02 17:13:40,945] {processor.py:161} INFO - Processing /root/Documents/airflowalu/venv/lib/python3.9/site-packages/airflow/example_dags/example_trigger_target_dag.py took 0.050 seconds
[2025-05-02 17:14:12,481] {processor.py:153} INFO - Started process (PID=9197) to work on /root/Documents/airflowalu/venv/lib/python3.9/site-packages/airflow/example_dags/example_trigger_target_dag.py
[2025-05-02 17:14:12,482] {processor.py:641} INFO - Processing file /root/Documents/airflowalu/venv/lib/python3.9/site-packages/airflow/example_dags/example_trigger_target_dag.py for tasks to queue
[2025-05-02 17:14:12,482] {logging_mixin.py:115} INFO - [2025-05-02 17:14:12,482] {dagbag.py:507} INFO - Filling up the DagBag from /root/Documents/airflowalu/venv/lib/python3.9/site-packages/airflow/example_dags/example_trigger_target_dag.py
[2025-05-02 17:14:12,493] {processor.py:651} INFO - DAG(s) dict_keys(['example_trigger_target_dag']) retrieved from /root/Documents/airflowalu/venv/lib/python3.9/site-packages/airflow/example_dags/example_trigger_target_dag.py
[2025-05-02 17:14:12,501] {logging_mixin.py:115} INFO - [2025-05-02 17:14:12,500] {dag.py:2379} INFO - Sync 1 DAGs
[2025-05-02 17:14:12,509] {logging_mixin.py:115} INFO - [2025-05-02 17:14:12,509] {dag.py:2927} INFO - Setting next_dagrun for example_trigger_target_dag to None, run_after=None
[2025-05-02 17:14:12,519] {processor.py:161} INFO - Processing /root/Documents/airflowalu/venv/lib/python3.9/site-packages/airflow/example_dags/example_trigger_target_dag.py took 0.040 seconds
[2025-05-02 17:14:43,354] {processor.py:153} INFO - Started process (PID=9328) to work on /root/Documents/airflowalu/venv/lib/python3.9/site-packages/airflow/example_dags/example_trigger_target_dag.py
[2025-05-02 17:14:43,355] {processor.py:641} INFO - Processing file /root/Documents/airflowalu/venv/lib/python3.9/site-packages/airflow/example_dags/example_trigger_target_dag.py for tasks to queue
[2025-05-02 17:14:43,355] {logging_mixin.py:115} INFO - [2025-05-02 17:14:43,355] {dagbag.py:507} INFO - Filling up the DagBag from /root/Documents/airflowalu/venv/lib/python3.9/site-packages/airflow/example_dags/example_trigger_target_dag.py
[2025-05-02 17:14:43,370] {processor.py:651} INFO - DAG(s) dict_keys(['example_trigger_target_dag']) retrieved from /root/Documents/airflowalu/venv/lib/python3.9/site-packages/airflow/example_dags/example_trigger_target_dag.py
[2025-05-02 17:14:43,381] {logging_mixin.py:115} INFO - [2025-05-02 17:14:43,381] {dag.py:2379} INFO - Sync 1 DAGs
[2025-05-02 17:14:43,391] {logging_mixin.py:115} INFO - [2025-05-02 17:14:43,391] {dag.py:2927} INFO - Setting next_dagrun for example_trigger_target_dag to None, run_after=None
[2025-05-02 17:14:43,403] {processor.py:161} INFO - Processing /root/Documents/airflowalu/venv/lib/python3.9/site-packages/airflow/example_dags/example_trigger_target_dag.py took 0.050 seconds
[2025-05-02 17:15:13,713] {processor.py:153} INFO - Started process (PID=9460) to work on /root/Documents/airflowalu/venv/lib/python3.9/site-packages/airflow/example_dags/example_trigger_target_dag.py
[2025-05-02 17:15:13,713] {processor.py:641} INFO - Processing file /root/Documents/airflowalu/venv/lib/python3.9/site-packages/airflow/example_dags/example_trigger_target_dag.py for tasks to queue
[2025-05-02 17:15:13,714] {logging_mixin.py:115} INFO - [2025-05-02 17:15:13,714] {dagbag.py:507} INFO - Filling up the DagBag from /root/Documents/airflowalu/venv/lib/python3.9/site-packages/airflow/example_dags/example_trigger_target_dag.py
[2025-05-02 17:15:13,724] {processor.py:651} INFO - DAG(s) dict_keys(['example_trigger_target_dag']) retrieved from /root/Documents/airflowalu/venv/lib/python3.9/site-packages/airflow/example_dags/example_trigger_target_dag.py
[2025-05-02 17:15:13,733] {logging_mixin.py:115} INFO - [2025-05-02 17:15:13,732] {dag.py:2379} INFO - Sync 1 DAGs
[2025-05-02 17:15:13,743] {logging_mixin.py:115} INFO - [2025-05-02 17:15:13,743] {dag.py:2927} INFO - Setting next_dagrun for example_trigger_target_dag to None, run_after=None
[2025-05-02 17:15:13,754] {processor.py:161} INFO - Processing /root/Documents/airflowalu/venv/lib/python3.9/site-packages/airflow/example_dags/example_trigger_target_dag.py took 0.043 seconds
[2025-05-02 17:15:46,672] {processor.py:153} INFO - Started process (PID=9598) to work on /root/Documents/airflowalu/venv/lib/python3.9/site-packages/airflow/example_dags/example_trigger_target_dag.py
[2025-05-02 17:15:46,673] {processor.py:641} INFO - Processing file /root/Documents/airflowalu/venv/lib/python3.9/site-packages/airflow/example_dags/example_trigger_target_dag.py for tasks to queue
[2025-05-02 17:15:46,673] {logging_mixin.py:115} INFO - [2025-05-02 17:15:46,673] {dagbag.py:507} INFO - Filling up the DagBag from /root/Documents/airflowalu/venv/lib/python3.9/site-packages/airflow/example_dags/example_trigger_target_dag.py
[2025-05-02 17:15:46,684] {processor.py:651} INFO - DAG(s) dict_keys(['example_trigger_target_dag']) retrieved from /root/Documents/airflowalu/venv/lib/python3.9/site-packages/airflow/example_dags/example_trigger_target_dag.py
[2025-05-02 17:15:46,692] {logging_mixin.py:115} INFO - [2025-05-02 17:15:46,691] {dag.py:2379} INFO - Sync 1 DAGs
[2025-05-02 17:15:46,700] {logging_mixin.py:115} INFO - [2025-05-02 17:15:46,700] {dag.py:2927} INFO - Setting next_dagrun for example_trigger_target_dag to None, run_after=None
[2025-05-02 17:15:46,709] {processor.py:161} INFO - Processing /root/Documents/airflowalu/venv/lib/python3.9/site-packages/airflow/example_dags/example_trigger_target_dag.py took 0.039 seconds
[2025-05-02 17:16:17,598] {processor.py:153} INFO - Started process (PID=9731) to work on /root/Documents/airflowalu/venv/lib/python3.9/site-packages/airflow/example_dags/example_trigger_target_dag.py
[2025-05-02 17:16:17,598] {processor.py:641} INFO - Processing file /root/Documents/airflowalu/venv/lib/python3.9/site-packages/airflow/example_dags/example_trigger_target_dag.py for tasks to queue
[2025-05-02 17:16:17,599] {logging_mixin.py:115} INFO - [2025-05-02 17:16:17,599] {dagbag.py:507} INFO - Filling up the DagBag from /root/Documents/airflowalu/venv/lib/python3.9/site-packages/airflow/example_dags/example_trigger_target_dag.py
[2025-05-02 17:16:17,609] {processor.py:651} INFO - DAG(s) dict_keys(['example_trigger_target_dag']) retrieved from /root/Documents/airflowalu/venv/lib/python3.9/site-packages/airflow/example_dags/example_trigger_target_dag.py
[2025-05-02 17:16:17,617] {logging_mixin.py:115} INFO - [2025-05-02 17:16:17,617] {dag.py:2379} INFO - Sync 1 DAGs
[2025-05-02 17:16:17,625] {logging_mixin.py:115} INFO - [2025-05-02 17:16:17,625] {dag.py:2927} INFO - Setting next_dagrun for example_trigger_target_dag to None, run_after=None
[2025-05-02 17:16:17,635] {processor.py:161} INFO - Processing /root/Documents/airflowalu/venv/lib/python3.9/site-packages/airflow/example_dags/example_trigger_target_dag.py took 0.039 seconds
[2025-05-02 17:16:50,431] {processor.py:153} INFO - Started process (PID=9867) to work on /root/Documents/airflowalu/venv/lib/python3.9/site-packages/airflow/example_dags/example_trigger_target_dag.py
[2025-05-02 17:16:50,432] {processor.py:641} INFO - Processing file /root/Documents/airflowalu/venv/lib/python3.9/site-packages/airflow/example_dags/example_trigger_target_dag.py for tasks to queue
[2025-05-02 17:16:50,432] {logging_mixin.py:115} INFO - [2025-05-02 17:16:50,432] {dagbag.py:507} INFO - Filling up the DagBag from /root/Documents/airflowalu/venv/lib/python3.9/site-packages/airflow/example_dags/example_trigger_target_dag.py
[2025-05-02 17:16:50,442] {processor.py:651} INFO - DAG(s) dict_keys(['example_trigger_target_dag']) retrieved from /root/Documents/airflowalu/venv/lib/python3.9/site-packages/airflow/example_dags/example_trigger_target_dag.py
[2025-05-02 17:16:50,449] {logging_mixin.py:115} INFO - [2025-05-02 17:16:50,449] {dag.py:2379} INFO - Sync 1 DAGs
[2025-05-02 17:16:50,457] {logging_mixin.py:115} INFO - [2025-05-02 17:16:50,457] {dag.py:2927} INFO - Setting next_dagrun for example_trigger_target_dag to None, run_after=None
[2025-05-02 17:16:50,468] {processor.py:161} INFO - Processing /root/Documents/airflowalu/venv/lib/python3.9/site-packages/airflow/example_dags/example_trigger_target_dag.py took 0.038 seconds
[2025-05-02 17:17:20,818] {processor.py:153} INFO - Started process (PID=9997) to work on /root/Documents/airflowalu/venv/lib/python3.9/site-packages/airflow/example_dags/example_trigger_target_dag.py
[2025-05-02 17:17:20,818] {processor.py:641} INFO - Processing file /root/Documents/airflowalu/venv/lib/python3.9/site-packages/airflow/example_dags/example_trigger_target_dag.py for tasks to queue
[2025-05-02 17:17:20,819] {logging_mixin.py:115} INFO - [2025-05-02 17:17:20,819] {dagbag.py:507} INFO - Filling up the DagBag from /root/Documents/airflowalu/venv/lib/python3.9/site-packages/airflow/example_dags/example_trigger_target_dag.py
[2025-05-02 17:17:20,829] {processor.py:651} INFO - DAG(s) dict_keys(['example_trigger_target_dag']) retrieved from /root/Documents/airflowalu/venv/lib/python3.9/site-packages/airflow/example_dags/example_trigger_target_dag.py
[2025-05-02 17:17:20,836] {logging_mixin.py:115} INFO - [2025-05-02 17:17:20,836] {dag.py:2379} INFO - Sync 1 DAGs
[2025-05-02 17:17:20,844] {logging_mixin.py:115} INFO - [2025-05-02 17:17:20,844] {dag.py:2927} INFO - Setting next_dagrun for example_trigger_target_dag to None, run_after=None
[2025-05-02 17:17:20,854] {processor.py:161} INFO - Processing /root/Documents/airflowalu/venv/lib/python3.9/site-packages/airflow/example_dags/example_trigger_target_dag.py took 0.037 seconds
[2025-05-02 17:17:52,923] {processor.py:153} INFO - Started process (PID=10135) to work on /root/Documents/airflowalu/venv/lib/python3.9/site-packages/airflow/example_dags/example_trigger_target_dag.py
[2025-05-02 17:17:52,923] {processor.py:641} INFO - Processing file /root/Documents/airflowalu/venv/lib/python3.9/site-packages/airflow/example_dags/example_trigger_target_dag.py for tasks to queue
[2025-05-02 17:17:52,924] {logging_mixin.py:115} INFO - [2025-05-02 17:17:52,924] {dagbag.py:507} INFO - Filling up the DagBag from /root/Documents/airflowalu/venv/lib/python3.9/site-packages/airflow/example_dags/example_trigger_target_dag.py
[2025-05-02 17:17:52,935] {processor.py:651} INFO - DAG(s) dict_keys(['example_trigger_target_dag']) retrieved from /root/Documents/airflowalu/venv/lib/python3.9/site-packages/airflow/example_dags/example_trigger_target_dag.py
[2025-05-02 17:17:52,943] {logging_mixin.py:115} INFO - [2025-05-02 17:17:52,943] {dag.py:2379} INFO - Sync 1 DAGs
[2025-05-02 17:17:52,952] {logging_mixin.py:115} INFO - [2025-05-02 17:17:52,952] {dag.py:2927} INFO - Setting next_dagrun for example_trigger_target_dag to None, run_after=None
[2025-05-02 17:17:52,964] {processor.py:161} INFO - Processing /root/Documents/airflowalu/venv/lib/python3.9/site-packages/airflow/example_dags/example_trigger_target_dag.py took 0.042 seconds
[2025-05-02 17:18:25,346] {processor.py:153} INFO - Started process (PID=10275) to work on /root/Documents/airflowalu/venv/lib/python3.9/site-packages/airflow/example_dags/example_trigger_target_dag.py
[2025-05-02 17:18:25,347] {processor.py:641} INFO - Processing file /root/Documents/airflowalu/venv/lib/python3.9/site-packages/airflow/example_dags/example_trigger_target_dag.py for tasks to queue
[2025-05-02 17:18:25,347] {logging_mixin.py:115} INFO - [2025-05-02 17:18:25,347] {dagbag.py:507} INFO - Filling up the DagBag from /root/Documents/airflowalu/venv/lib/python3.9/site-packages/airflow/example_dags/example_trigger_target_dag.py
[2025-05-02 17:18:25,357] {processor.py:651} INFO - DAG(s) dict_keys(['example_trigger_target_dag']) retrieved from /root/Documents/airflowalu/venv/lib/python3.9/site-packages/airflow/example_dags/example_trigger_target_dag.py
[2025-05-02 17:18:25,365] {logging_mixin.py:115} INFO - [2025-05-02 17:18:25,365] {dag.py:2379} INFO - Sync 1 DAGs
[2025-05-02 17:18:25,374] {logging_mixin.py:115} INFO - [2025-05-02 17:18:25,374] {dag.py:2927} INFO - Setting next_dagrun for example_trigger_target_dag to None, run_after=None
[2025-05-02 17:18:25,385] {processor.py:161} INFO - Processing /root/Documents/airflowalu/venv/lib/python3.9/site-packages/airflow/example_dags/example_trigger_target_dag.py took 0.040 seconds
[2025-05-02 17:18:56,335] {processor.py:153} INFO - Started process (PID=10412) to work on /root/Documents/airflowalu/venv/lib/python3.9/site-packages/airflow/example_dags/example_trigger_target_dag.py
[2025-05-02 17:18:56,336] {processor.py:641} INFO - Processing file /root/Documents/airflowalu/venv/lib/python3.9/site-packages/airflow/example_dags/example_trigger_target_dag.py for tasks to queue
[2025-05-02 17:18:56,336] {logging_mixin.py:115} INFO - [2025-05-02 17:18:56,336] {dagbag.py:507} INFO - Filling up the DagBag from /root/Documents/airflowalu/venv/lib/python3.9/site-packages/airflow/example_dags/example_trigger_target_dag.py
[2025-05-02 17:18:56,347] {processor.py:651} INFO - DAG(s) dict_keys(['example_trigger_target_dag']) retrieved from /root/Documents/airflowalu/venv/lib/python3.9/site-packages/airflow/example_dags/example_trigger_target_dag.py
[2025-05-02 17:18:56,355] {logging_mixin.py:115} INFO - [2025-05-02 17:18:56,355] {dag.py:2379} INFO - Sync 1 DAGs
[2025-05-02 17:18:56,364] {logging_mixin.py:115} INFO - [2025-05-02 17:18:56,363] {dag.py:2927} INFO - Setting next_dagrun for example_trigger_target_dag to None, run_after=None
[2025-05-02 17:18:56,373] {processor.py:161} INFO - Processing /root/Documents/airflowalu/venv/lib/python3.9/site-packages/airflow/example_dags/example_trigger_target_dag.py took 0.040 seconds
[2025-05-02 17:19:27,825] {processor.py:153} INFO - Started process (PID=10548) to work on /root/Documents/airflowalu/venv/lib/python3.9/site-packages/airflow/example_dags/example_trigger_target_dag.py
[2025-05-02 17:19:27,826] {processor.py:641} INFO - Processing file /root/Documents/airflowalu/venv/lib/python3.9/site-packages/airflow/example_dags/example_trigger_target_dag.py for tasks to queue
[2025-05-02 17:19:27,826] {logging_mixin.py:115} INFO - [2025-05-02 17:19:27,826] {dagbag.py:507} INFO - Filling up the DagBag from /root/Documents/airflowalu/venv/lib/python3.9/site-packages/airflow/example_dags/example_trigger_target_dag.py
[2025-05-02 17:19:27,837] {processor.py:651} INFO - DAG(s) dict_keys(['example_trigger_target_dag']) retrieved from /root/Documents/airflowalu/venv/lib/python3.9/site-packages/airflow/example_dags/example_trigger_target_dag.py
[2025-05-02 17:19:27,845] {logging_mixin.py:115} INFO - [2025-05-02 17:19:27,845] {dag.py:2379} INFO - Sync 1 DAGs
[2025-05-02 17:19:27,854] {logging_mixin.py:115} INFO - [2025-05-02 17:19:27,854] {dag.py:2927} INFO - Setting next_dagrun for example_trigger_target_dag to None, run_after=None
[2025-05-02 17:19:27,864] {processor.py:161} INFO - Processing /root/Documents/airflowalu/venv/lib/python3.9/site-packages/airflow/example_dags/example_trigger_target_dag.py took 0.040 seconds
[2025-05-02 17:19:58,793] {processor.py:153} INFO - Started process (PID=10681) to work on /root/Documents/airflowalu/venv/lib/python3.9/site-packages/airflow/example_dags/example_trigger_target_dag.py
[2025-05-02 17:19:58,794] {processor.py:641} INFO - Processing file /root/Documents/airflowalu/venv/lib/python3.9/site-packages/airflow/example_dags/example_trigger_target_dag.py for tasks to queue
[2025-05-02 17:19:58,794] {logging_mixin.py:115} INFO - [2025-05-02 17:19:58,794] {dagbag.py:507} INFO - Filling up the DagBag from /root/Documents/airflowalu/venv/lib/python3.9/site-packages/airflow/example_dags/example_trigger_target_dag.py
[2025-05-02 17:19:58,804] {processor.py:651} INFO - DAG(s) dict_keys(['example_trigger_target_dag']) retrieved from /root/Documents/airflowalu/venv/lib/python3.9/site-packages/airflow/example_dags/example_trigger_target_dag.py
[2025-05-02 17:19:58,812] {logging_mixin.py:115} INFO - [2025-05-02 17:19:58,812] {dag.py:2379} INFO - Sync 1 DAGs
[2025-05-02 17:19:58,821] {logging_mixin.py:115} INFO - [2025-05-02 17:19:58,821] {dag.py:2927} INFO - Setting next_dagrun for example_trigger_target_dag to None, run_after=None
[2025-05-02 17:19:58,831] {processor.py:161} INFO - Processing /root/Documents/airflowalu/venv/lib/python3.9/site-packages/airflow/example_dags/example_trigger_target_dag.py took 0.039 seconds
[2025-05-02 17:20:31,528] {processor.py:153} INFO - Started process (PID=10825) to work on /root/Documents/airflowalu/venv/lib/python3.9/site-packages/airflow/example_dags/example_trigger_target_dag.py
[2025-05-02 17:20:31,529] {processor.py:641} INFO - Processing file /root/Documents/airflowalu/venv/lib/python3.9/site-packages/airflow/example_dags/example_trigger_target_dag.py for tasks to queue
[2025-05-02 17:20:31,529] {logging_mixin.py:115} INFO - [2025-05-02 17:20:31,529] {dagbag.py:507} INFO - Filling up the DagBag from /root/Documents/airflowalu/venv/lib/python3.9/site-packages/airflow/example_dags/example_trigger_target_dag.py
[2025-05-02 17:20:31,539] {processor.py:651} INFO - DAG(s) dict_keys(['example_trigger_target_dag']) retrieved from /root/Documents/airflowalu/venv/lib/python3.9/site-packages/airflow/example_dags/example_trigger_target_dag.py
[2025-05-02 17:20:31,547] {logging_mixin.py:115} INFO - [2025-05-02 17:20:31,547] {dag.py:2379} INFO - Sync 1 DAGs
[2025-05-02 17:20:31,555] {logging_mixin.py:115} INFO - [2025-05-02 17:20:31,555] {dag.py:2927} INFO - Setting next_dagrun for example_trigger_target_dag to None, run_after=None
[2025-05-02 17:20:31,566] {processor.py:161} INFO - Processing /root/Documents/airflowalu/venv/lib/python3.9/site-packages/airflow/example_dags/example_trigger_target_dag.py took 0.040 seconds
[2025-05-02 17:21:03,545] {processor.py:153} INFO - Started process (PID=10965) to work on /root/Documents/airflowalu/venv/lib/python3.9/site-packages/airflow/example_dags/example_trigger_target_dag.py
[2025-05-02 17:21:03,545] {processor.py:641} INFO - Processing file /root/Documents/airflowalu/venv/lib/python3.9/site-packages/airflow/example_dags/example_trigger_target_dag.py for tasks to queue
[2025-05-02 17:21:03,546] {logging_mixin.py:115} INFO - [2025-05-02 17:21:03,545] {dagbag.py:507} INFO - Filling up the DagBag from /root/Documents/airflowalu/venv/lib/python3.9/site-packages/airflow/example_dags/example_trigger_target_dag.py
[2025-05-02 17:21:03,559] {processor.py:651} INFO - DAG(s) dict_keys(['example_trigger_target_dag']) retrieved from /root/Documents/airflowalu/venv/lib/python3.9/site-packages/airflow/example_dags/example_trigger_target_dag.py
[2025-05-02 17:21:03,568] {logging_mixin.py:115} INFO - [2025-05-02 17:21:03,568] {dag.py:2379} INFO - Sync 1 DAGs
[2025-05-02 17:21:03,578] {logging_mixin.py:115} INFO - [2025-05-02 17:21:03,578] {dag.py:2927} INFO - Setting next_dagrun for example_trigger_target_dag to None, run_after=None
[2025-05-02 17:21:03,588] {processor.py:161} INFO - Processing /root/Documents/airflowalu/venv/lib/python3.9/site-packages/airflow/example_dags/example_trigger_target_dag.py took 0.045 seconds
[2025-05-02 17:21:35,718] {processor.py:153} INFO - Started process (PID=11106) to work on /root/Documents/airflowalu/venv/lib/python3.9/site-packages/airflow/example_dags/example_trigger_target_dag.py
[2025-05-02 17:21:35,719] {processor.py:641} INFO - Processing file /root/Documents/airflowalu/venv/lib/python3.9/site-packages/airflow/example_dags/example_trigger_target_dag.py for tasks to queue
[2025-05-02 17:21:35,719] {logging_mixin.py:115} INFO - [2025-05-02 17:21:35,719] {dagbag.py:507} INFO - Filling up the DagBag from /root/Documents/airflowalu/venv/lib/python3.9/site-packages/airflow/example_dags/example_trigger_target_dag.py
[2025-05-02 17:21:35,730] {processor.py:651} INFO - DAG(s) dict_keys(['example_trigger_target_dag']) retrieved from /root/Documents/airflowalu/venv/lib/python3.9/site-packages/airflow/example_dags/example_trigger_target_dag.py
[2025-05-02 17:21:35,740] {logging_mixin.py:115} INFO - [2025-05-02 17:21:35,739] {dag.py:2379} INFO - Sync 1 DAGs
[2025-05-02 17:21:35,749] {logging_mixin.py:115} INFO - [2025-05-02 17:21:35,749] {dag.py:2927} INFO - Setting next_dagrun for example_trigger_target_dag to None, run_after=None
[2025-05-02 17:21:35,760] {processor.py:161} INFO - Processing /root/Documents/airflowalu/venv/lib/python3.9/site-packages/airflow/example_dags/example_trigger_target_dag.py took 0.044 seconds
[2025-05-02 17:22:06,061] {processor.py:153} INFO - Started process (PID=11233) to work on /root/Documents/airflowalu/venv/lib/python3.9/site-packages/airflow/example_dags/example_trigger_target_dag.py
[2025-05-02 17:22:06,061] {processor.py:641} INFO - Processing file /root/Documents/airflowalu/venv/lib/python3.9/site-packages/airflow/example_dags/example_trigger_target_dag.py for tasks to queue
[2025-05-02 17:22:06,062] {logging_mixin.py:115} INFO - [2025-05-02 17:22:06,062] {dagbag.py:507} INFO - Filling up the DagBag from /root/Documents/airflowalu/venv/lib/python3.9/site-packages/airflow/example_dags/example_trigger_target_dag.py
[2025-05-02 17:22:06,072] {processor.py:651} INFO - DAG(s) dict_keys(['example_trigger_target_dag']) retrieved from /root/Documents/airflowalu/venv/lib/python3.9/site-packages/airflow/example_dags/example_trigger_target_dag.py
[2025-05-02 17:22:06,080] {logging_mixin.py:115} INFO - [2025-05-02 17:22:06,080] {dag.py:2379} INFO - Sync 1 DAGs
[2025-05-02 17:22:06,089] {logging_mixin.py:115} INFO - [2025-05-02 17:22:06,089] {dag.py:2927} INFO - Setting next_dagrun for example_trigger_target_dag to None, run_after=None
[2025-05-02 17:22:06,099] {processor.py:161} INFO - Processing /root/Documents/airflowalu/venv/lib/python3.9/site-packages/airflow/example_dags/example_trigger_target_dag.py took 0.040 seconds
[2025-05-02 17:22:38,436] {processor.py:153} INFO - Started process (PID=11376) to work on /root/Documents/airflowalu/venv/lib/python3.9/site-packages/airflow/example_dags/example_trigger_target_dag.py
[2025-05-02 17:22:38,437] {processor.py:641} INFO - Processing file /root/Documents/airflowalu/venv/lib/python3.9/site-packages/airflow/example_dags/example_trigger_target_dag.py for tasks to queue
[2025-05-02 17:22:38,437] {logging_mixin.py:115} INFO - [2025-05-02 17:22:38,437] {dagbag.py:507} INFO - Filling up the DagBag from /root/Documents/airflowalu/venv/lib/python3.9/site-packages/airflow/example_dags/example_trigger_target_dag.py
[2025-05-02 17:22:38,448] {processor.py:651} INFO - DAG(s) dict_keys(['example_trigger_target_dag']) retrieved from /root/Documents/airflowalu/venv/lib/python3.9/site-packages/airflow/example_dags/example_trigger_target_dag.py
[2025-05-02 17:22:38,457] {logging_mixin.py:115} INFO - [2025-05-02 17:22:38,457] {dag.py:2379} INFO - Sync 1 DAGs
[2025-05-02 17:22:38,469] {logging_mixin.py:115} INFO - [2025-05-02 17:22:38,469] {dag.py:2927} INFO - Setting next_dagrun for example_trigger_target_dag to None, run_after=None
[2025-05-02 17:22:38,481] {processor.py:161} INFO - Processing /root/Documents/airflowalu/venv/lib/python3.9/site-packages/airflow/example_dags/example_trigger_target_dag.py took 0.047 seconds
[2025-05-02 17:23:08,868] {processor.py:153} INFO - Started process (PID=11507) to work on /root/Documents/airflowalu/venv/lib/python3.9/site-packages/airflow/example_dags/example_trigger_target_dag.py
[2025-05-02 17:23:08,869] {processor.py:641} INFO - Processing file /root/Documents/airflowalu/venv/lib/python3.9/site-packages/airflow/example_dags/example_trigger_target_dag.py for tasks to queue
[2025-05-02 17:23:08,869] {logging_mixin.py:115} INFO - [2025-05-02 17:23:08,869] {dagbag.py:507} INFO - Filling up the DagBag from /root/Documents/airflowalu/venv/lib/python3.9/site-packages/airflow/example_dags/example_trigger_target_dag.py
[2025-05-02 17:23:08,879] {processor.py:651} INFO - DAG(s) dict_keys(['example_trigger_target_dag']) retrieved from /root/Documents/airflowalu/venv/lib/python3.9/site-packages/airflow/example_dags/example_trigger_target_dag.py
[2025-05-02 17:23:08,888] {logging_mixin.py:115} INFO - [2025-05-02 17:23:08,888] {dag.py:2379} INFO - Sync 1 DAGs
[2025-05-02 17:23:08,898] {logging_mixin.py:115} INFO - [2025-05-02 17:23:08,898] {dag.py:2927} INFO - Setting next_dagrun for example_trigger_target_dag to None, run_after=None
[2025-05-02 17:23:08,908] {processor.py:161} INFO - Processing /root/Documents/airflowalu/venv/lib/python3.9/site-packages/airflow/example_dags/example_trigger_target_dag.py took 0.042 seconds
[2025-05-02 17:23:42,655] {processor.py:153} INFO - Started process (PID=11647) to work on /root/Documents/airflowalu/venv/lib/python3.9/site-packages/airflow/example_dags/example_trigger_target_dag.py
[2025-05-02 17:23:42,655] {processor.py:641} INFO - Processing file /root/Documents/airflowalu/venv/lib/python3.9/site-packages/airflow/example_dags/example_trigger_target_dag.py for tasks to queue
[2025-05-02 17:23:42,656] {logging_mixin.py:115} INFO - [2025-05-02 17:23:42,656] {dagbag.py:507} INFO - Filling up the DagBag from /root/Documents/airflowalu/venv/lib/python3.9/site-packages/airflow/example_dags/example_trigger_target_dag.py
[2025-05-02 17:23:42,666] {processor.py:651} INFO - DAG(s) dict_keys(['example_trigger_target_dag']) retrieved from /root/Documents/airflowalu/venv/lib/python3.9/site-packages/airflow/example_dags/example_trigger_target_dag.py
[2025-05-02 17:23:42,674] {logging_mixin.py:115} INFO - [2025-05-02 17:23:42,674] {dag.py:2379} INFO - Sync 1 DAGs
[2025-05-02 17:23:42,683] {logging_mixin.py:115} INFO - [2025-05-02 17:23:42,683] {dag.py:2927} INFO - Setting next_dagrun for example_trigger_target_dag to None, run_after=None
[2025-05-02 17:23:42,693] {processor.py:161} INFO - Processing /root/Documents/airflowalu/venv/lib/python3.9/site-packages/airflow/example_dags/example_trigger_target_dag.py took 0.040 seconds
[2025-05-02 17:24:14,634] {processor.py:153} INFO - Started process (PID=11781) to work on /root/Documents/airflowalu/venv/lib/python3.9/site-packages/airflow/example_dags/example_trigger_target_dag.py
[2025-05-02 17:24:14,635] {processor.py:641} INFO - Processing file /root/Documents/airflowalu/venv/lib/python3.9/site-packages/airflow/example_dags/example_trigger_target_dag.py for tasks to queue
[2025-05-02 17:24:14,635] {logging_mixin.py:115} INFO - [2025-05-02 17:24:14,635] {dagbag.py:507} INFO - Filling up the DagBag from /root/Documents/airflowalu/venv/lib/python3.9/site-packages/airflow/example_dags/example_trigger_target_dag.py
[2025-05-02 17:24:14,646] {processor.py:651} INFO - DAG(s) dict_keys(['example_trigger_target_dag']) retrieved from /root/Documents/airflowalu/venv/lib/python3.9/site-packages/airflow/example_dags/example_trigger_target_dag.py
[2025-05-02 17:24:14,653] {logging_mixin.py:115} INFO - [2025-05-02 17:24:14,653] {dag.py:2379} INFO - Sync 1 DAGs
[2025-05-02 17:24:14,663] {logging_mixin.py:115} INFO - [2025-05-02 17:24:14,663] {dag.py:2927} INFO - Setting next_dagrun for example_trigger_target_dag to None, run_after=None
[2025-05-02 17:24:14,673] {processor.py:161} INFO - Processing /root/Documents/airflowalu/venv/lib/python3.9/site-packages/airflow/example_dags/example_trigger_target_dag.py took 0.040 seconds
[2025-05-02 17:24:47,234] {processor.py:153} INFO - Started process (PID=11918) to work on /root/Documents/airflowalu/venv/lib/python3.9/site-packages/airflow/example_dags/example_trigger_target_dag.py
[2025-05-02 17:24:47,235] {processor.py:641} INFO - Processing file /root/Documents/airflowalu/venv/lib/python3.9/site-packages/airflow/example_dags/example_trigger_target_dag.py for tasks to queue
[2025-05-02 17:24:47,235] {logging_mixin.py:115} INFO - [2025-05-02 17:24:47,235] {dagbag.py:507} INFO - Filling up the DagBag from /root/Documents/airflowalu/venv/lib/python3.9/site-packages/airflow/example_dags/example_trigger_target_dag.py
[2025-05-02 17:24:47,246] {processor.py:651} INFO - DAG(s) dict_keys(['example_trigger_target_dag']) retrieved from /root/Documents/airflowalu/venv/lib/python3.9/site-packages/airflow/example_dags/example_trigger_target_dag.py
[2025-05-02 17:24:47,254] {logging_mixin.py:115} INFO - [2025-05-02 17:24:47,254] {dag.py:2379} INFO - Sync 1 DAGs
[2025-05-02 17:24:47,263] {logging_mixin.py:115} INFO - [2025-05-02 17:24:47,263] {dag.py:2927} INFO - Setting next_dagrun for example_trigger_target_dag to None, run_after=None
[2025-05-02 17:24:47,273] {processor.py:161} INFO - Processing /root/Documents/airflowalu/venv/lib/python3.9/site-packages/airflow/example_dags/example_trigger_target_dag.py took 0.041 seconds
[2025-05-02 17:25:18,673] {processor.py:153} INFO - Started process (PID=12050) to work on /root/Documents/airflowalu/venv/lib/python3.9/site-packages/airflow/example_dags/example_trigger_target_dag.py
[2025-05-02 17:25:18,674] {processor.py:641} INFO - Processing file /root/Documents/airflowalu/venv/lib/python3.9/site-packages/airflow/example_dags/example_trigger_target_dag.py for tasks to queue
[2025-05-02 17:25:18,674] {logging_mixin.py:115} INFO - [2025-05-02 17:25:18,674] {dagbag.py:507} INFO - Filling up the DagBag from /root/Documents/airflowalu/venv/lib/python3.9/site-packages/airflow/example_dags/example_trigger_target_dag.py
[2025-05-02 17:25:18,685] {processor.py:651} INFO - DAG(s) dict_keys(['example_trigger_target_dag']) retrieved from /root/Documents/airflowalu/venv/lib/python3.9/site-packages/airflow/example_dags/example_trigger_target_dag.py
[2025-05-02 17:25:18,693] {logging_mixin.py:115} INFO - [2025-05-02 17:25:18,693] {dag.py:2379} INFO - Sync 1 DAGs
[2025-05-02 17:25:18,702] {logging_mixin.py:115} INFO - [2025-05-02 17:25:18,702] {dag.py:2927} INFO - Setting next_dagrun for example_trigger_target_dag to None, run_after=None
[2025-05-02 17:25:18,712] {processor.py:161} INFO - Processing /root/Documents/airflowalu/venv/lib/python3.9/site-packages/airflow/example_dags/example_trigger_target_dag.py took 0.040 seconds
[2025-05-02 17:25:49,466] {processor.py:153} INFO - Started process (PID=12183) to work on /root/Documents/airflowalu/venv/lib/python3.9/site-packages/airflow/example_dags/example_trigger_target_dag.py
[2025-05-02 17:25:49,467] {processor.py:641} INFO - Processing file /root/Documents/airflowalu/venv/lib/python3.9/site-packages/airflow/example_dags/example_trigger_target_dag.py for tasks to queue
[2025-05-02 17:25:49,467] {logging_mixin.py:115} INFO - [2025-05-02 17:25:49,467] {dagbag.py:507} INFO - Filling up the DagBag from /root/Documents/airflowalu/venv/lib/python3.9/site-packages/airflow/example_dags/example_trigger_target_dag.py
[2025-05-02 17:25:49,478] {processor.py:651} INFO - DAG(s) dict_keys(['example_trigger_target_dag']) retrieved from /root/Documents/airflowalu/venv/lib/python3.9/site-packages/airflow/example_dags/example_trigger_target_dag.py
[2025-05-02 17:25:49,486] {logging_mixin.py:115} INFO - [2025-05-02 17:25:49,486] {dag.py:2379} INFO - Sync 1 DAGs
[2025-05-02 17:25:49,496] {logging_mixin.py:115} INFO - [2025-05-02 17:25:49,496] {dag.py:2927} INFO - Setting next_dagrun for example_trigger_target_dag to None, run_after=None
[2025-05-02 17:25:49,509] {processor.py:161} INFO - Processing /root/Documents/airflowalu/venv/lib/python3.9/site-packages/airflow/example_dags/example_trigger_target_dag.py took 0.044 seconds
[2025-05-02 17:26:24,342] {processor.py:153} INFO - Started process (PID=12328) to work on /root/Documents/airflowalu/venv/lib/python3.9/site-packages/airflow/example_dags/example_trigger_target_dag.py
[2025-05-02 17:26:24,343] {processor.py:641} INFO - Processing file /root/Documents/airflowalu/venv/lib/python3.9/site-packages/airflow/example_dags/example_trigger_target_dag.py for tasks to queue
[2025-05-02 17:26:24,343] {logging_mixin.py:115} INFO - [2025-05-02 17:26:24,343] {dagbag.py:507} INFO - Filling up the DagBag from /root/Documents/airflowalu/venv/lib/python3.9/site-packages/airflow/example_dags/example_trigger_target_dag.py
[2025-05-02 17:26:24,354] {processor.py:651} INFO - DAG(s) dict_keys(['example_trigger_target_dag']) retrieved from /root/Documents/airflowalu/venv/lib/python3.9/site-packages/airflow/example_dags/example_trigger_target_dag.py
[2025-05-02 17:26:24,363] {logging_mixin.py:115} INFO - [2025-05-02 17:26:24,363] {dag.py:2379} INFO - Sync 1 DAGs
[2025-05-02 17:26:24,372] {logging_mixin.py:115} INFO - [2025-05-02 17:26:24,372] {dag.py:2927} INFO - Setting next_dagrun for example_trigger_target_dag to None, run_after=None
[2025-05-02 17:26:24,381] {processor.py:161} INFO - Processing /root/Documents/airflowalu/venv/lib/python3.9/site-packages/airflow/example_dags/example_trigger_target_dag.py took 0.041 seconds
[2025-05-02 17:26:56,126] {processor.py:153} INFO - Started process (PID=12467) to work on /root/Documents/airflowalu/venv/lib/python3.9/site-packages/airflow/example_dags/example_trigger_target_dag.py
[2025-05-02 17:26:56,127] {processor.py:641} INFO - Processing file /root/Documents/airflowalu/venv/lib/python3.9/site-packages/airflow/example_dags/example_trigger_target_dag.py for tasks to queue
[2025-05-02 17:26:56,127] {logging_mixin.py:115} INFO - [2025-05-02 17:26:56,127] {dagbag.py:507} INFO - Filling up the DagBag from /root/Documents/airflowalu/venv/lib/python3.9/site-packages/airflow/example_dags/example_trigger_target_dag.py
[2025-05-02 17:26:56,138] {processor.py:651} INFO - DAG(s) dict_keys(['example_trigger_target_dag']) retrieved from /root/Documents/airflowalu/venv/lib/python3.9/site-packages/airflow/example_dags/example_trigger_target_dag.py
[2025-05-02 17:26:56,146] {logging_mixin.py:115} INFO - [2025-05-02 17:26:56,146] {dag.py:2379} INFO - Sync 1 DAGs
[2025-05-02 17:26:56,155] {logging_mixin.py:115} INFO - [2025-05-02 17:26:56,155] {dag.py:2927} INFO - Setting next_dagrun for example_trigger_target_dag to None, run_after=None
[2025-05-02 17:26:56,165] {processor.py:161} INFO - Processing /root/Documents/airflowalu/venv/lib/python3.9/site-packages/airflow/example_dags/example_trigger_target_dag.py took 0.040 seconds
[2025-05-02 17:27:27,331] {processor.py:153} INFO - Started process (PID=12604) to work on /root/Documents/airflowalu/venv/lib/python3.9/site-packages/airflow/example_dags/example_trigger_target_dag.py
[2025-05-02 17:27:27,332] {processor.py:641} INFO - Processing file /root/Documents/airflowalu/venv/lib/python3.9/site-packages/airflow/example_dags/example_trigger_target_dag.py for tasks to queue
[2025-05-02 17:27:27,332] {logging_mixin.py:115} INFO - [2025-05-02 17:27:27,332] {dagbag.py:507} INFO - Filling up the DagBag from /root/Documents/airflowalu/venv/lib/python3.9/site-packages/airflow/example_dags/example_trigger_target_dag.py
[2025-05-02 17:27:27,340] {processor.py:651} INFO - DAG(s) dict_keys(['example_trigger_target_dag']) retrieved from /root/Documents/airflowalu/venv/lib/python3.9/site-packages/airflow/example_dags/example_trigger_target_dag.py
[2025-05-02 17:27:27,349] {logging_mixin.py:115} INFO - [2025-05-02 17:27:27,348] {dag.py:2379} INFO - Sync 1 DAGs
[2025-05-02 17:27:27,359] {logging_mixin.py:115} INFO - [2025-05-02 17:27:27,359] {dag.py:2927} INFO - Setting next_dagrun for example_trigger_target_dag to None, run_after=None
[2025-05-02 17:27:27,370] {processor.py:161} INFO - Processing /root/Documents/airflowalu/venv/lib/python3.9/site-packages/airflow/example_dags/example_trigger_target_dag.py took 0.041 seconds
[2025-05-02 17:28:00,667] {processor.py:153} INFO - Started process (PID=12742) to work on /root/Documents/airflowalu/venv/lib/python3.9/site-packages/airflow/example_dags/example_trigger_target_dag.py
[2025-05-02 17:28:00,667] {processor.py:641} INFO - Processing file /root/Documents/airflowalu/venv/lib/python3.9/site-packages/airflow/example_dags/example_trigger_target_dag.py for tasks to queue
[2025-05-02 17:28:00,668] {logging_mixin.py:115} INFO - [2025-05-02 17:28:00,668] {dagbag.py:507} INFO - Filling up the DagBag from /root/Documents/airflowalu/venv/lib/python3.9/site-packages/airflow/example_dags/example_trigger_target_dag.py
[2025-05-02 17:28:00,676] {processor.py:651} INFO - DAG(s) dict_keys(['example_trigger_target_dag']) retrieved from /root/Documents/airflowalu/venv/lib/python3.9/site-packages/airflow/example_dags/example_trigger_target_dag.py
[2025-05-02 17:28:00,684] {logging_mixin.py:115} INFO - [2025-05-02 17:28:00,684] {dag.py:2379} INFO - Sync 1 DAGs
[2025-05-02 17:28:00,693] {logging_mixin.py:115} INFO - [2025-05-02 17:28:00,693] {dag.py:2927} INFO - Setting next_dagrun for example_trigger_target_dag to None, run_after=None
[2025-05-02 17:28:00,703] {processor.py:161} INFO - Processing /root/Documents/airflowalu/venv/lib/python3.9/site-packages/airflow/example_dags/example_trigger_target_dag.py took 0.039 seconds
[2025-05-02 17:29:57,851] {processor.py:153} INFO - Started process (PID=13449) to work on /root/Documents/airflowalu/venv/lib/python3.9/site-packages/airflow/example_dags/example_trigger_target_dag.py
[2025-05-02 17:29:57,852] {processor.py:641} INFO - Processing file /root/Documents/airflowalu/venv/lib/python3.9/site-packages/airflow/example_dags/example_trigger_target_dag.py for tasks to queue
[2025-05-02 17:29:57,852] {logging_mixin.py:115} INFO - [2025-05-02 17:29:57,852] {dagbag.py:507} INFO - Filling up the DagBag from /root/Documents/airflowalu/venv/lib/python3.9/site-packages/airflow/example_dags/example_trigger_target_dag.py
[2025-05-02 17:29:57,862] {processor.py:651} INFO - DAG(s) dict_keys(['example_trigger_target_dag']) retrieved from /root/Documents/airflowalu/venv/lib/python3.9/site-packages/airflow/example_dags/example_trigger_target_dag.py
[2025-05-02 17:29:57,874] {logging_mixin.py:115} INFO - [2025-05-02 17:29:57,873] {dag.py:2379} INFO - Sync 1 DAGs
[2025-05-02 17:29:57,883] {logging_mixin.py:115} INFO - [2025-05-02 17:29:57,883] {dag.py:2927} INFO - Setting next_dagrun for example_trigger_target_dag to None, run_after=None
[2025-05-02 17:29:57,897] {processor.py:161} INFO - Processing /root/Documents/airflowalu/venv/lib/python3.9/site-packages/airflow/example_dags/example_trigger_target_dag.py took 0.047 seconds
[2025-05-02 17:30:30,335] {processor.py:153} INFO - Started process (PID=13666) to work on /root/Documents/airflowalu/venv/lib/python3.9/site-packages/airflow/example_dags/example_trigger_target_dag.py
[2025-05-02 17:30:30,336] {processor.py:641} INFO - Processing file /root/Documents/airflowalu/venv/lib/python3.9/site-packages/airflow/example_dags/example_trigger_target_dag.py for tasks to queue
[2025-05-02 17:30:30,336] {logging_mixin.py:115} INFO - [2025-05-02 17:30:30,336] {dagbag.py:507} INFO - Filling up the DagBag from /root/Documents/airflowalu/venv/lib/python3.9/site-packages/airflow/example_dags/example_trigger_target_dag.py
[2025-05-02 17:30:30,351] {processor.py:651} INFO - DAG(s) dict_keys(['example_trigger_target_dag']) retrieved from /root/Documents/airflowalu/venv/lib/python3.9/site-packages/airflow/example_dags/example_trigger_target_dag.py
[2025-05-02 17:30:30,364] {logging_mixin.py:115} INFO - [2025-05-02 17:30:30,364] {dag.py:2379} INFO - Sync 1 DAGs
[2025-05-02 17:30:30,387] {logging_mixin.py:115} INFO - [2025-05-02 17:30:30,387] {dag.py:2927} INFO - Setting next_dagrun for example_trigger_target_dag to None, run_after=None
[2025-05-02 17:30:30,398] {processor.py:161} INFO - Processing /root/Documents/airflowalu/venv/lib/python3.9/site-packages/airflow/example_dags/example_trigger_target_dag.py took 0.065 seconds
[2025-05-02 17:31:03,300] {processor.py:153} INFO - Started process (PID=13886) to work on /root/Documents/airflowalu/venv/lib/python3.9/site-packages/airflow/example_dags/example_trigger_target_dag.py
[2025-05-02 17:31:03,301] {processor.py:641} INFO - Processing file /root/Documents/airflowalu/venv/lib/python3.9/site-packages/airflow/example_dags/example_trigger_target_dag.py for tasks to queue
[2025-05-02 17:31:03,301] {logging_mixin.py:115} INFO - [2025-05-02 17:31:03,301] {dagbag.py:507} INFO - Filling up the DagBag from /root/Documents/airflowalu/venv/lib/python3.9/site-packages/airflow/example_dags/example_trigger_target_dag.py
[2025-05-02 17:31:03,313] {processor.py:651} INFO - DAG(s) dict_keys(['example_trigger_target_dag']) retrieved from /root/Documents/airflowalu/venv/lib/python3.9/site-packages/airflow/example_dags/example_trigger_target_dag.py
[2025-05-02 17:31:03,328] {logging_mixin.py:115} INFO - [2025-05-02 17:31:03,328] {dag.py:2379} INFO - Sync 1 DAGs
[2025-05-02 17:31:03,342] {logging_mixin.py:115} INFO - [2025-05-02 17:31:03,342] {dag.py:2927} INFO - Setting next_dagrun for example_trigger_target_dag to None, run_after=None
[2025-05-02 17:31:03,356] {processor.py:161} INFO - Processing /root/Documents/airflowalu/venv/lib/python3.9/site-packages/airflow/example_dags/example_trigger_target_dag.py took 0.058 seconds
[2025-05-02 20:39:59,891] {processor.py:153} INFO - Started process (PID=467) to work on /root/Documents/airflowalu/venv/lib/python3.9/site-packages/airflow/example_dags/example_trigger_target_dag.py
[2025-05-02 20:39:59,892] {processor.py:641} INFO - Processing file /root/Documents/airflowalu/venv/lib/python3.9/site-packages/airflow/example_dags/example_trigger_target_dag.py for tasks to queue
[2025-05-02 20:39:59,893] {logging_mixin.py:115} INFO - [2025-05-02 20:39:59,893] {dagbag.py:507} INFO - Filling up the DagBag from /root/Documents/airflowalu/venv/lib/python3.9/site-packages/airflow/example_dags/example_trigger_target_dag.py
[2025-05-02 20:39:59,900] {processor.py:651} INFO - DAG(s) dict_keys(['example_trigger_target_dag']) retrieved from /root/Documents/airflowalu/venv/lib/python3.9/site-packages/airflow/example_dags/example_trigger_target_dag.py
[2025-05-02 20:39:59,909] {logging_mixin.py:115} INFO - [2025-05-02 20:39:59,908] {dag.py:2379} INFO - Sync 1 DAGs
[2025-05-02 20:39:59,917] {logging_mixin.py:115} INFO - [2025-05-02 20:39:59,917] {dag.py:2927} INFO - Setting next_dagrun for example_trigger_target_dag to None, run_after=None
[2025-05-02 20:39:59,926] {processor.py:161} INFO - Processing /root/Documents/airflowalu/venv/lib/python3.9/site-packages/airflow/example_dags/example_trigger_target_dag.py took 0.036 seconds
