[2025-05-02 16:52:51,003] {processor.py:153} INFO - Started process (PID=2874) to work on /root/Documents/airflowalu/venv/lib/python3.9/site-packages/airflow/example_dags/tutorial_etl_dag.py
[2025-05-02 16:52:51,003] {processor.py:641} INFO - Processing file /root/Documents/airflowalu/venv/lib/python3.9/site-packages/airflow/example_dags/tutorial_etl_dag.py for tasks to queue
[2025-05-02 16:52:51,004] {logging_mixin.py:115} INFO - [2025-05-02 16:52:51,004] {dagbag.py:507} INFO - Filling up the DagBag from /root/Documents/airflowalu/venv/lib/python3.9/site-packages/airflow/example_dags/tutorial_etl_dag.py
[2025-05-02 16:52:51,007] {processor.py:651} INFO - DAG(s) dict_keys(['tutorial_etl_dag']) retrieved from /root/Documents/airflowalu/venv/lib/python3.9/site-packages/airflow/example_dags/tutorial_etl_dag.py
[2025-05-02 16:52:51,048] {logging_mixin.py:115} INFO - [2025-05-02 16:52:51,048] {manager.py:508} INFO - Created Permission View: can edit on DAG:tutorial_etl_dag
[2025-05-02 16:52:51,057] {logging_mixin.py:115} INFO - [2025-05-02 16:52:51,057] {manager.py:508} INFO - Created Permission View: can delete on DAG:tutorial_etl_dag
[2025-05-02 16:52:51,064] {logging_mixin.py:115} INFO - [2025-05-02 16:52:51,064] {manager.py:508} INFO - Created Permission View: can read on DAG:tutorial_etl_dag
[2025-05-02 16:52:51,065] {logging_mixin.py:115} INFO - [2025-05-02 16:52:51,065] {dag.py:2379} INFO - Sync 1 DAGs
[2025-05-02 16:52:51,069] {logging_mixin.py:115} INFO - [2025-05-02 16:52:51,069] {dag.py:2398} INFO - Creating ORM DAG for tutorial_etl_dag
[2025-05-02 16:52:51,075] {logging_mixin.py:115} INFO - [2025-05-02 16:52:51,075] {dag.py:2927} INFO - Setting next_dagrun for tutorial_etl_dag to None, run_after=None
[2025-05-02 16:52:51,087] {processor.py:161} INFO - Processing /root/Documents/airflowalu/venv/lib/python3.9/site-packages/airflow/example_dags/tutorial_etl_dag.py took 0.086 seconds
[2025-05-02 16:53:23,061] {processor.py:153} INFO - Started process (PID=3269) to work on /root/Documents/airflowalu/venv/lib/python3.9/site-packages/airflow/example_dags/tutorial_etl_dag.py
[2025-05-02 16:53:23,061] {processor.py:641} INFO - Processing file /root/Documents/airflowalu/venv/lib/python3.9/site-packages/airflow/example_dags/tutorial_etl_dag.py for tasks to queue
[2025-05-02 16:53:23,062] {logging_mixin.py:115} INFO - [2025-05-02 16:53:23,062] {dagbag.py:507} INFO - Filling up the DagBag from /root/Documents/airflowalu/venv/lib/python3.9/site-packages/airflow/example_dags/tutorial_etl_dag.py
[2025-05-02 16:53:23,066] {processor.py:651} INFO - DAG(s) dict_keys(['tutorial_etl_dag']) retrieved from /root/Documents/airflowalu/venv/lib/python3.9/site-packages/airflow/example_dags/tutorial_etl_dag.py
[2025-05-02 16:53:23,074] {logging_mixin.py:115} INFO - [2025-05-02 16:53:23,074] {dag.py:2379} INFO - Sync 1 DAGs
[2025-05-02 16:53:23,083] {logging_mixin.py:115} INFO - [2025-05-02 16:53:23,083] {dag.py:2927} INFO - Setting next_dagrun for tutorial_etl_dag to None, run_after=None
[2025-05-02 16:53:23,093] {processor.py:161} INFO - Processing /root/Documents/airflowalu/venv/lib/python3.9/site-packages/airflow/example_dags/tutorial_etl_dag.py took 0.033 seconds
[2025-05-02 16:53:55,738] {processor.py:153} INFO - Started process (PID=3697) to work on /root/Documents/airflowalu/venv/lib/python3.9/site-packages/airflow/example_dags/tutorial_etl_dag.py
[2025-05-02 16:53:55,739] {processor.py:641} INFO - Processing file /root/Documents/airflowalu/venv/lib/python3.9/site-packages/airflow/example_dags/tutorial_etl_dag.py for tasks to queue
[2025-05-02 16:53:55,740] {logging_mixin.py:115} INFO - [2025-05-02 16:53:55,740] {dagbag.py:507} INFO - Filling up the DagBag from /root/Documents/airflowalu/venv/lib/python3.9/site-packages/airflow/example_dags/tutorial_etl_dag.py
[2025-05-02 16:53:55,744] {processor.py:651} INFO - DAG(s) dict_keys(['tutorial_etl_dag']) retrieved from /root/Documents/airflowalu/venv/lib/python3.9/site-packages/airflow/example_dags/tutorial_etl_dag.py
[2025-05-02 16:53:55,753] {logging_mixin.py:115} INFO - [2025-05-02 16:53:55,753] {dag.py:2379} INFO - Sync 1 DAGs
[2025-05-02 16:53:55,765] {logging_mixin.py:115} INFO - [2025-05-02 16:53:55,765] {dag.py:2927} INFO - Setting next_dagrun for tutorial_etl_dag to None, run_after=None
[2025-05-02 16:53:55,778] {processor.py:161} INFO - Processing /root/Documents/airflowalu/venv/lib/python3.9/site-packages/airflow/example_dags/tutorial_etl_dag.py took 0.041 seconds
[2025-05-02 16:54:27,699] {processor.py:153} INFO - Started process (PID=3830) to work on /root/Documents/airflowalu/venv/lib/python3.9/site-packages/airflow/example_dags/tutorial_etl_dag.py
[2025-05-02 16:54:27,700] {processor.py:641} INFO - Processing file /root/Documents/airflowalu/venv/lib/python3.9/site-packages/airflow/example_dags/tutorial_etl_dag.py for tasks to queue
[2025-05-02 16:54:27,700] {logging_mixin.py:115} INFO - [2025-05-02 16:54:27,700] {dagbag.py:507} INFO - Filling up the DagBag from /root/Documents/airflowalu/venv/lib/python3.9/site-packages/airflow/example_dags/tutorial_etl_dag.py
[2025-05-02 16:54:27,704] {processor.py:651} INFO - DAG(s) dict_keys(['tutorial_etl_dag']) retrieved from /root/Documents/airflowalu/venv/lib/python3.9/site-packages/airflow/example_dags/tutorial_etl_dag.py
[2025-05-02 16:54:27,712] {logging_mixin.py:115} INFO - [2025-05-02 16:54:27,712] {dag.py:2379} INFO - Sync 1 DAGs
[2025-05-02 16:54:27,723] {logging_mixin.py:115} INFO - [2025-05-02 16:54:27,723] {dag.py:2927} INFO - Setting next_dagrun for tutorial_etl_dag to None, run_after=None
[2025-05-02 16:54:27,733] {processor.py:161} INFO - Processing /root/Documents/airflowalu/venv/lib/python3.9/site-packages/airflow/example_dags/tutorial_etl_dag.py took 0.035 seconds
[2025-05-02 16:55:00,156] {processor.py:153} INFO - Started process (PID=3967) to work on /root/Documents/airflowalu/venv/lib/python3.9/site-packages/airflow/example_dags/tutorial_etl_dag.py
[2025-05-02 16:55:00,157] {processor.py:641} INFO - Processing file /root/Documents/airflowalu/venv/lib/python3.9/site-packages/airflow/example_dags/tutorial_etl_dag.py for tasks to queue
[2025-05-02 16:55:00,157] {logging_mixin.py:115} INFO - [2025-05-02 16:55:00,157] {dagbag.py:507} INFO - Filling up the DagBag from /root/Documents/airflowalu/venv/lib/python3.9/site-packages/airflow/example_dags/tutorial_etl_dag.py
[2025-05-02 16:55:00,161] {processor.py:651} INFO - DAG(s) dict_keys(['tutorial_etl_dag']) retrieved from /root/Documents/airflowalu/venv/lib/python3.9/site-packages/airflow/example_dags/tutorial_etl_dag.py
[2025-05-02 16:55:00,169] {logging_mixin.py:115} INFO - [2025-05-02 16:55:00,169] {dag.py:2379} INFO - Sync 1 DAGs
[2025-05-02 16:55:00,179] {logging_mixin.py:115} INFO - [2025-05-02 16:55:00,179] {dag.py:2927} INFO - Setting next_dagrun for tutorial_etl_dag to None, run_after=None
[2025-05-02 16:55:00,190] {processor.py:161} INFO - Processing /root/Documents/airflowalu/venv/lib/python3.9/site-packages/airflow/example_dags/tutorial_etl_dag.py took 0.035 seconds
[2025-05-02 16:55:30,929] {processor.py:153} INFO - Started process (PID=4370) to work on /root/Documents/airflowalu/venv/lib/python3.9/site-packages/airflow/example_dags/tutorial_etl_dag.py
[2025-05-02 16:55:30,930] {processor.py:641} INFO - Processing file /root/Documents/airflowalu/venv/lib/python3.9/site-packages/airflow/example_dags/tutorial_etl_dag.py for tasks to queue
[2025-05-02 16:55:30,931] {logging_mixin.py:115} INFO - [2025-05-02 16:55:30,931] {dagbag.py:507} INFO - Filling up the DagBag from /root/Documents/airflowalu/venv/lib/python3.9/site-packages/airflow/example_dags/tutorial_etl_dag.py
[2025-05-02 16:55:30,938] {processor.py:651} INFO - DAG(s) dict_keys(['tutorial_etl_dag']) retrieved from /root/Documents/airflowalu/venv/lib/python3.9/site-packages/airflow/example_dags/tutorial_etl_dag.py
[2025-05-02 16:55:30,957] {logging_mixin.py:115} INFO - [2025-05-02 16:55:30,957] {dag.py:2379} INFO - Sync 1 DAGs
[2025-05-02 16:55:30,978] {logging_mixin.py:115} INFO - [2025-05-02 16:55:30,978] {dag.py:2927} INFO - Setting next_dagrun for tutorial_etl_dag to None, run_after=None
[2025-05-02 16:55:30,995] {processor.py:161} INFO - Processing /root/Documents/airflowalu/venv/lib/python3.9/site-packages/airflow/example_dags/tutorial_etl_dag.py took 0.069 seconds
[2025-05-02 16:56:03,899] {processor.py:153} INFO - Started process (PID=4532) to work on /root/Documents/airflowalu/venv/lib/python3.9/site-packages/airflow/example_dags/tutorial_etl_dag.py
[2025-05-02 16:56:03,900] {processor.py:641} INFO - Processing file /root/Documents/airflowalu/venv/lib/python3.9/site-packages/airflow/example_dags/tutorial_etl_dag.py for tasks to queue
[2025-05-02 16:56:03,900] {logging_mixin.py:115} INFO - [2025-05-02 16:56:03,900] {dagbag.py:507} INFO - Filling up the DagBag from /root/Documents/airflowalu/venv/lib/python3.9/site-packages/airflow/example_dags/tutorial_etl_dag.py
[2025-05-02 16:56:03,905] {processor.py:651} INFO - DAG(s) dict_keys(['tutorial_etl_dag']) retrieved from /root/Documents/airflowalu/venv/lib/python3.9/site-packages/airflow/example_dags/tutorial_etl_dag.py
[2025-05-02 16:56:03,913] {logging_mixin.py:115} INFO - [2025-05-02 16:56:03,913] {dag.py:2379} INFO - Sync 1 DAGs
[2025-05-02 16:56:03,925] {logging_mixin.py:115} INFO - [2025-05-02 16:56:03,925] {dag.py:2927} INFO - Setting next_dagrun for tutorial_etl_dag to None, run_after=None
[2025-05-02 16:56:03,936] {processor.py:161} INFO - Processing /root/Documents/airflowalu/venv/lib/python3.9/site-packages/airflow/example_dags/tutorial_etl_dag.py took 0.038 seconds
[2025-05-02 16:56:34,586] {processor.py:153} INFO - Started process (PID=4659) to work on /root/Documents/airflowalu/venv/lib/python3.9/site-packages/airflow/example_dags/tutorial_etl_dag.py
[2025-05-02 16:56:34,587] {processor.py:641} INFO - Processing file /root/Documents/airflowalu/venv/lib/python3.9/site-packages/airflow/example_dags/tutorial_etl_dag.py for tasks to queue
[2025-05-02 16:56:34,587] {logging_mixin.py:115} INFO - [2025-05-02 16:56:34,587] {dagbag.py:507} INFO - Filling up the DagBag from /root/Documents/airflowalu/venv/lib/python3.9/site-packages/airflow/example_dags/tutorial_etl_dag.py
[2025-05-02 16:56:34,591] {processor.py:651} INFO - DAG(s) dict_keys(['tutorial_etl_dag']) retrieved from /root/Documents/airflowalu/venv/lib/python3.9/site-packages/airflow/example_dags/tutorial_etl_dag.py
[2025-05-02 16:56:34,600] {logging_mixin.py:115} INFO - [2025-05-02 16:56:34,600] {dag.py:2379} INFO - Sync 1 DAGs
[2025-05-02 16:56:34,611] {logging_mixin.py:115} INFO - [2025-05-02 16:56:34,611] {dag.py:2927} INFO - Setting next_dagrun for tutorial_etl_dag to None, run_after=None
[2025-05-02 16:56:34,622] {processor.py:161} INFO - Processing /root/Documents/airflowalu/venv/lib/python3.9/site-packages/airflow/example_dags/tutorial_etl_dag.py took 0.037 seconds
[2025-05-02 16:57:05,887] {processor.py:153} INFO - Started process (PID=4799) to work on /root/Documents/airflowalu/venv/lib/python3.9/site-packages/airflow/example_dags/tutorial_etl_dag.py
[2025-05-02 16:57:05,888] {processor.py:641} INFO - Processing file /root/Documents/airflowalu/venv/lib/python3.9/site-packages/airflow/example_dags/tutorial_etl_dag.py for tasks to queue
[2025-05-02 16:57:05,888] {logging_mixin.py:115} INFO - [2025-05-02 16:57:05,888] {dagbag.py:507} INFO - Filling up the DagBag from /root/Documents/airflowalu/venv/lib/python3.9/site-packages/airflow/example_dags/tutorial_etl_dag.py
[2025-05-02 16:57:05,893] {processor.py:651} INFO - DAG(s) dict_keys(['tutorial_etl_dag']) retrieved from /root/Documents/airflowalu/venv/lib/python3.9/site-packages/airflow/example_dags/tutorial_etl_dag.py
[2025-05-02 16:57:05,903] {logging_mixin.py:115} INFO - [2025-05-02 16:57:05,903] {dag.py:2379} INFO - Sync 1 DAGs
[2025-05-02 16:57:05,914] {logging_mixin.py:115} INFO - [2025-05-02 16:57:05,914] {dag.py:2927} INFO - Setting next_dagrun for tutorial_etl_dag to None, run_after=None
[2025-05-02 16:57:05,925] {processor.py:161} INFO - Processing /root/Documents/airflowalu/venv/lib/python3.9/site-packages/airflow/example_dags/tutorial_etl_dag.py took 0.039 seconds
[2025-05-02 16:57:38,786] {processor.py:153} INFO - Started process (PID=4937) to work on /root/Documents/airflowalu/venv/lib/python3.9/site-packages/airflow/example_dags/tutorial_etl_dag.py
[2025-05-02 16:57:38,787] {processor.py:641} INFO - Processing file /root/Documents/airflowalu/venv/lib/python3.9/site-packages/airflow/example_dags/tutorial_etl_dag.py for tasks to queue
[2025-05-02 16:57:38,787] {logging_mixin.py:115} INFO - [2025-05-02 16:57:38,787] {dagbag.py:507} INFO - Filling up the DagBag from /root/Documents/airflowalu/venv/lib/python3.9/site-packages/airflow/example_dags/tutorial_etl_dag.py
[2025-05-02 16:57:38,791] {processor.py:651} INFO - DAG(s) dict_keys(['tutorial_etl_dag']) retrieved from /root/Documents/airflowalu/venv/lib/python3.9/site-packages/airflow/example_dags/tutorial_etl_dag.py
[2025-05-02 16:57:38,799] {logging_mixin.py:115} INFO - [2025-05-02 16:57:38,799] {dag.py:2379} INFO - Sync 1 DAGs
[2025-05-02 16:57:38,810] {logging_mixin.py:115} INFO - [2025-05-02 16:57:38,810] {dag.py:2927} INFO - Setting next_dagrun for tutorial_etl_dag to None, run_after=None
[2025-05-02 16:57:38,823] {processor.py:161} INFO - Processing /root/Documents/airflowalu/venv/lib/python3.9/site-packages/airflow/example_dags/tutorial_etl_dag.py took 0.038 seconds
[2025-05-02 16:58:11,285] {processor.py:153} INFO - Started process (PID=5073) to work on /root/Documents/airflowalu/venv/lib/python3.9/site-packages/airflow/example_dags/tutorial_etl_dag.py
[2025-05-02 16:58:11,285] {processor.py:641} INFO - Processing file /root/Documents/airflowalu/venv/lib/python3.9/site-packages/airflow/example_dags/tutorial_etl_dag.py for tasks to queue
[2025-05-02 16:58:11,286] {logging_mixin.py:115} INFO - [2025-05-02 16:58:11,285] {dagbag.py:507} INFO - Filling up the DagBag from /root/Documents/airflowalu/venv/lib/python3.9/site-packages/airflow/example_dags/tutorial_etl_dag.py
[2025-05-02 16:58:11,289] {processor.py:651} INFO - DAG(s) dict_keys(['tutorial_etl_dag']) retrieved from /root/Documents/airflowalu/venv/lib/python3.9/site-packages/airflow/example_dags/tutorial_etl_dag.py
[2025-05-02 16:58:11,298] {logging_mixin.py:115} INFO - [2025-05-02 16:58:11,298] {dag.py:2379} INFO - Sync 1 DAGs
[2025-05-02 16:58:11,308] {logging_mixin.py:115} INFO - [2025-05-02 16:58:11,308] {dag.py:2927} INFO - Setting next_dagrun for tutorial_etl_dag to None, run_after=None
[2025-05-02 16:58:11,318] {processor.py:161} INFO - Processing /root/Documents/airflowalu/venv/lib/python3.9/site-packages/airflow/example_dags/tutorial_etl_dag.py took 0.035 seconds
[2025-05-02 16:58:41,492] {processor.py:153} INFO - Started process (PID=5204) to work on /root/Documents/airflowalu/venv/lib/python3.9/site-packages/airflow/example_dags/tutorial_etl_dag.py
[2025-05-02 16:58:41,492] {processor.py:641} INFO - Processing file /root/Documents/airflowalu/venv/lib/python3.9/site-packages/airflow/example_dags/tutorial_etl_dag.py for tasks to queue
[2025-05-02 16:58:41,493] {logging_mixin.py:115} INFO - [2025-05-02 16:58:41,493] {dagbag.py:507} INFO - Filling up the DagBag from /root/Documents/airflowalu/venv/lib/python3.9/site-packages/airflow/example_dags/tutorial_etl_dag.py
[2025-05-02 16:58:41,497] {processor.py:651} INFO - DAG(s) dict_keys(['tutorial_etl_dag']) retrieved from /root/Documents/airflowalu/venv/lib/python3.9/site-packages/airflow/example_dags/tutorial_etl_dag.py
[2025-05-02 16:58:41,505] {logging_mixin.py:115} INFO - [2025-05-02 16:58:41,505] {dag.py:2379} INFO - Sync 1 DAGs
[2025-05-02 16:58:41,516] {logging_mixin.py:115} INFO - [2025-05-02 16:58:41,516] {dag.py:2927} INFO - Setting next_dagrun for tutorial_etl_dag to None, run_after=None
[2025-05-02 16:58:41,526] {processor.py:161} INFO - Processing /root/Documents/airflowalu/venv/lib/python3.9/site-packages/airflow/example_dags/tutorial_etl_dag.py took 0.035 seconds
[2025-05-02 16:59:19,432] {processor.py:153} INFO - Started process (PID=5358) to work on /root/Documents/airflowalu/venv/lib/python3.9/site-packages/airflow/example_dags/tutorial_etl_dag.py
[2025-05-02 16:59:19,433] {processor.py:641} INFO - Processing file /root/Documents/airflowalu/venv/lib/python3.9/site-packages/airflow/example_dags/tutorial_etl_dag.py for tasks to queue
[2025-05-02 16:59:19,433] {logging_mixin.py:115} INFO - [2025-05-02 16:59:19,433] {dagbag.py:507} INFO - Filling up the DagBag from /root/Documents/airflowalu/venv/lib/python3.9/site-packages/airflow/example_dags/tutorial_etl_dag.py
[2025-05-02 16:59:19,437] {processor.py:651} INFO - DAG(s) dict_keys(['tutorial_etl_dag']) retrieved from /root/Documents/airflowalu/venv/lib/python3.9/site-packages/airflow/example_dags/tutorial_etl_dag.py
[2025-05-02 16:59:19,446] {logging_mixin.py:115} INFO - [2025-05-02 16:59:19,446] {dag.py:2379} INFO - Sync 1 DAGs
[2025-05-02 16:59:19,456] {logging_mixin.py:115} INFO - [2025-05-02 16:59:19,456] {dag.py:2927} INFO - Setting next_dagrun for tutorial_etl_dag to None, run_after=None
[2025-05-02 16:59:19,465] {processor.py:161} INFO - Processing /root/Documents/airflowalu/venv/lib/python3.9/site-packages/airflow/example_dags/tutorial_etl_dag.py took 0.034 seconds
[2025-05-02 16:59:50,025] {processor.py:153} INFO - Started process (PID=5496) to work on /root/Documents/airflowalu/venv/lib/python3.9/site-packages/airflow/example_dags/tutorial_etl_dag.py
[2025-05-02 16:59:50,026] {processor.py:641} INFO - Processing file /root/Documents/airflowalu/venv/lib/python3.9/site-packages/airflow/example_dags/tutorial_etl_dag.py for tasks to queue
[2025-05-02 16:59:50,026] {logging_mixin.py:115} INFO - [2025-05-02 16:59:50,026] {dagbag.py:507} INFO - Filling up the DagBag from /root/Documents/airflowalu/venv/lib/python3.9/site-packages/airflow/example_dags/tutorial_etl_dag.py
[2025-05-02 16:59:50,030] {processor.py:651} INFO - DAG(s) dict_keys(['tutorial_etl_dag']) retrieved from /root/Documents/airflowalu/venv/lib/python3.9/site-packages/airflow/example_dags/tutorial_etl_dag.py
[2025-05-02 16:59:50,039] {logging_mixin.py:115} INFO - [2025-05-02 16:59:50,039] {dag.py:2379} INFO - Sync 1 DAGs
[2025-05-02 16:59:50,048] {logging_mixin.py:115} INFO - [2025-05-02 16:59:50,048] {dag.py:2927} INFO - Setting next_dagrun for tutorial_etl_dag to None, run_after=None
[2025-05-02 16:59:50,059] {processor.py:161} INFO - Processing /root/Documents/airflowalu/venv/lib/python3.9/site-packages/airflow/example_dags/tutorial_etl_dag.py took 0.036 seconds
[2025-05-02 17:00:21,242] {processor.py:153} INFO - Started process (PID=5628) to work on /root/Documents/airflowalu/venv/lib/python3.9/site-packages/airflow/example_dags/tutorial_etl_dag.py
[2025-05-02 17:00:21,243] {processor.py:641} INFO - Processing file /root/Documents/airflowalu/venv/lib/python3.9/site-packages/airflow/example_dags/tutorial_etl_dag.py for tasks to queue
[2025-05-02 17:00:21,243] {logging_mixin.py:115} INFO - [2025-05-02 17:00:21,243] {dagbag.py:507} INFO - Filling up the DagBag from /root/Documents/airflowalu/venv/lib/python3.9/site-packages/airflow/example_dags/tutorial_etl_dag.py
[2025-05-02 17:00:21,247] {processor.py:651} INFO - DAG(s) dict_keys(['tutorial_etl_dag']) retrieved from /root/Documents/airflowalu/venv/lib/python3.9/site-packages/airflow/example_dags/tutorial_etl_dag.py
[2025-05-02 17:00:21,255] {logging_mixin.py:115} INFO - [2025-05-02 17:00:21,255] {dag.py:2379} INFO - Sync 1 DAGs
[2025-05-02 17:00:21,266] {logging_mixin.py:115} INFO - [2025-05-02 17:00:21,265] {dag.py:2927} INFO - Setting next_dagrun for tutorial_etl_dag to None, run_after=None
[2025-05-02 17:00:21,275] {processor.py:161} INFO - Processing /root/Documents/airflowalu/venv/lib/python3.9/site-packages/airflow/example_dags/tutorial_etl_dag.py took 0.035 seconds
[2025-05-02 17:00:53,266] {processor.py:153} INFO - Started process (PID=5766) to work on /root/Documents/airflowalu/venv/lib/python3.9/site-packages/airflow/example_dags/tutorial_etl_dag.py
[2025-05-02 17:00:53,266] {processor.py:641} INFO - Processing file /root/Documents/airflowalu/venv/lib/python3.9/site-packages/airflow/example_dags/tutorial_etl_dag.py for tasks to queue
[2025-05-02 17:00:53,267] {logging_mixin.py:115} INFO - [2025-05-02 17:00:53,267] {dagbag.py:507} INFO - Filling up the DagBag from /root/Documents/airflowalu/venv/lib/python3.9/site-packages/airflow/example_dags/tutorial_etl_dag.py
[2025-05-02 17:00:53,271] {processor.py:651} INFO - DAG(s) dict_keys(['tutorial_etl_dag']) retrieved from /root/Documents/airflowalu/venv/lib/python3.9/site-packages/airflow/example_dags/tutorial_etl_dag.py
[2025-05-02 17:00:53,279] {logging_mixin.py:115} INFO - [2025-05-02 17:00:53,279] {dag.py:2379} INFO - Sync 1 DAGs
[2025-05-02 17:00:53,289] {logging_mixin.py:115} INFO - [2025-05-02 17:00:53,289] {dag.py:2927} INFO - Setting next_dagrun for tutorial_etl_dag to None, run_after=None
[2025-05-02 17:00:53,300] {processor.py:161} INFO - Processing /root/Documents/airflowalu/venv/lib/python3.9/site-packages/airflow/example_dags/tutorial_etl_dag.py took 0.036 seconds
[2025-05-02 17:01:27,653] {processor.py:153} INFO - Started process (PID=5909) to work on /root/Documents/airflowalu/venv/lib/python3.9/site-packages/airflow/example_dags/tutorial_etl_dag.py
[2025-05-02 17:01:27,653] {processor.py:641} INFO - Processing file /root/Documents/airflowalu/venv/lib/python3.9/site-packages/airflow/example_dags/tutorial_etl_dag.py for tasks to queue
[2025-05-02 17:01:27,654] {logging_mixin.py:115} INFO - [2025-05-02 17:01:27,654] {dagbag.py:507} INFO - Filling up the DagBag from /root/Documents/airflowalu/venv/lib/python3.9/site-packages/airflow/example_dags/tutorial_etl_dag.py
[2025-05-02 17:01:27,658] {processor.py:651} INFO - DAG(s) dict_keys(['tutorial_etl_dag']) retrieved from /root/Documents/airflowalu/venv/lib/python3.9/site-packages/airflow/example_dags/tutorial_etl_dag.py
[2025-05-02 17:01:27,666] {logging_mixin.py:115} INFO - [2025-05-02 17:01:27,666] {dag.py:2379} INFO - Sync 1 DAGs
[2025-05-02 17:01:27,676] {logging_mixin.py:115} INFO - [2025-05-02 17:01:27,676] {dag.py:2927} INFO - Setting next_dagrun for tutorial_etl_dag to None, run_after=None
[2025-05-02 17:01:27,687] {processor.py:161} INFO - Processing /root/Documents/airflowalu/venv/lib/python3.9/site-packages/airflow/example_dags/tutorial_etl_dag.py took 0.035 seconds
[2025-05-02 17:01:58,013] {processor.py:153} INFO - Started process (PID=6040) to work on /root/Documents/airflowalu/venv/lib/python3.9/site-packages/airflow/example_dags/tutorial_etl_dag.py
[2025-05-02 17:01:58,013] {processor.py:641} INFO - Processing file /root/Documents/airflowalu/venv/lib/python3.9/site-packages/airflow/example_dags/tutorial_etl_dag.py for tasks to queue
[2025-05-02 17:01:58,014] {logging_mixin.py:115} INFO - [2025-05-02 17:01:58,014] {dagbag.py:507} INFO - Filling up the DagBag from /root/Documents/airflowalu/venv/lib/python3.9/site-packages/airflow/example_dags/tutorial_etl_dag.py
[2025-05-02 17:01:58,018] {processor.py:651} INFO - DAG(s) dict_keys(['tutorial_etl_dag']) retrieved from /root/Documents/airflowalu/venv/lib/python3.9/site-packages/airflow/example_dags/tutorial_etl_dag.py
[2025-05-02 17:01:58,026] {logging_mixin.py:115} INFO - [2025-05-02 17:01:58,026] {dag.py:2379} INFO - Sync 1 DAGs
[2025-05-02 17:01:58,037] {logging_mixin.py:115} INFO - [2025-05-02 17:01:58,037] {dag.py:2927} INFO - Setting next_dagrun for tutorial_etl_dag to None, run_after=None
[2025-05-02 17:01:58,047] {processor.py:161} INFO - Processing /root/Documents/airflowalu/venv/lib/python3.9/site-packages/airflow/example_dags/tutorial_etl_dag.py took 0.036 seconds
[2025-05-02 17:02:30,850] {processor.py:153} INFO - Started process (PID=6179) to work on /root/Documents/airflowalu/venv/lib/python3.9/site-packages/airflow/example_dags/tutorial_etl_dag.py
[2025-05-02 17:02:30,851] {processor.py:641} INFO - Processing file /root/Documents/airflowalu/venv/lib/python3.9/site-packages/airflow/example_dags/tutorial_etl_dag.py for tasks to queue
[2025-05-02 17:02:30,851] {logging_mixin.py:115} INFO - [2025-05-02 17:02:30,851] {dagbag.py:507} INFO - Filling up the DagBag from /root/Documents/airflowalu/venv/lib/python3.9/site-packages/airflow/example_dags/tutorial_etl_dag.py
[2025-05-02 17:02:30,855] {processor.py:651} INFO - DAG(s) dict_keys(['tutorial_etl_dag']) retrieved from /root/Documents/airflowalu/venv/lib/python3.9/site-packages/airflow/example_dags/tutorial_etl_dag.py
[2025-05-02 17:02:30,864] {logging_mixin.py:115} INFO - [2025-05-02 17:02:30,864] {dag.py:2379} INFO - Sync 1 DAGs
[2025-05-02 17:02:30,874] {logging_mixin.py:115} INFO - [2025-05-02 17:02:30,874] {dag.py:2927} INFO - Setting next_dagrun for tutorial_etl_dag to None, run_after=None
[2025-05-02 17:02:30,884] {processor.py:161} INFO - Processing /root/Documents/airflowalu/venv/lib/python3.9/site-packages/airflow/example_dags/tutorial_etl_dag.py took 0.035 seconds
[2025-05-02 17:03:04,393] {processor.py:153} INFO - Started process (PID=6324) to work on /root/Documents/airflowalu/venv/lib/python3.9/site-packages/airflow/example_dags/tutorial_etl_dag.py
[2025-05-02 17:03:04,394] {processor.py:641} INFO - Processing file /root/Documents/airflowalu/venv/lib/python3.9/site-packages/airflow/example_dags/tutorial_etl_dag.py for tasks to queue
[2025-05-02 17:03:04,394] {logging_mixin.py:115} INFO - [2025-05-02 17:03:04,394] {dagbag.py:507} INFO - Filling up the DagBag from /root/Documents/airflowalu/venv/lib/python3.9/site-packages/airflow/example_dags/tutorial_etl_dag.py
[2025-05-02 17:03:04,399] {processor.py:651} INFO - DAG(s) dict_keys(['tutorial_etl_dag']) retrieved from /root/Documents/airflowalu/venv/lib/python3.9/site-packages/airflow/example_dags/tutorial_etl_dag.py
[2025-05-02 17:03:04,408] {logging_mixin.py:115} INFO - [2025-05-02 17:03:04,408] {dag.py:2379} INFO - Sync 1 DAGs
[2025-05-02 17:03:04,420] {logging_mixin.py:115} INFO - [2025-05-02 17:03:04,420] {dag.py:2927} INFO - Setting next_dagrun for tutorial_etl_dag to None, run_after=None
[2025-05-02 17:03:04,431] {processor.py:161} INFO - Processing /root/Documents/airflowalu/venv/lib/python3.9/site-packages/airflow/example_dags/tutorial_etl_dag.py took 0.040 seconds
[2025-05-02 17:03:37,671] {processor.py:153} INFO - Started process (PID=6464) to work on /root/Documents/airflowalu/venv/lib/python3.9/site-packages/airflow/example_dags/tutorial_etl_dag.py
[2025-05-02 17:03:37,672] {processor.py:641} INFO - Processing file /root/Documents/airflowalu/venv/lib/python3.9/site-packages/airflow/example_dags/tutorial_etl_dag.py for tasks to queue
[2025-05-02 17:03:37,672] {logging_mixin.py:115} INFO - [2025-05-02 17:03:37,672] {dagbag.py:507} INFO - Filling up the DagBag from /root/Documents/airflowalu/venv/lib/python3.9/site-packages/airflow/example_dags/tutorial_etl_dag.py
[2025-05-02 17:03:37,676] {processor.py:651} INFO - DAG(s) dict_keys(['tutorial_etl_dag']) retrieved from /root/Documents/airflowalu/venv/lib/python3.9/site-packages/airflow/example_dags/tutorial_etl_dag.py
[2025-05-02 17:03:37,685] {logging_mixin.py:115} INFO - [2025-05-02 17:03:37,685] {dag.py:2379} INFO - Sync 1 DAGs
[2025-05-02 17:03:37,696] {logging_mixin.py:115} INFO - [2025-05-02 17:03:37,696] {dag.py:2927} INFO - Setting next_dagrun for tutorial_etl_dag to None, run_after=None
[2025-05-02 17:03:37,709] {processor.py:161} INFO - Processing /root/Documents/airflowalu/venv/lib/python3.9/site-packages/airflow/example_dags/tutorial_etl_dag.py took 0.040 seconds
[2025-05-02 17:04:10,271] {processor.py:153} INFO - Started process (PID=6604) to work on /root/Documents/airflowalu/venv/lib/python3.9/site-packages/airflow/example_dags/tutorial_etl_dag.py
[2025-05-02 17:04:10,272] {processor.py:641} INFO - Processing file /root/Documents/airflowalu/venv/lib/python3.9/site-packages/airflow/example_dags/tutorial_etl_dag.py for tasks to queue
[2025-05-02 17:04:10,272] {logging_mixin.py:115} INFO - [2025-05-02 17:04:10,272] {dagbag.py:507} INFO - Filling up the DagBag from /root/Documents/airflowalu/venv/lib/python3.9/site-packages/airflow/example_dags/tutorial_etl_dag.py
[2025-05-02 17:04:10,276] {processor.py:651} INFO - DAG(s) dict_keys(['tutorial_etl_dag']) retrieved from /root/Documents/airflowalu/venv/lib/python3.9/site-packages/airflow/example_dags/tutorial_etl_dag.py
[2025-05-02 17:04:10,285] {logging_mixin.py:115} INFO - [2025-05-02 17:04:10,285] {dag.py:2379} INFO - Sync 1 DAGs
[2025-05-02 17:04:10,295] {logging_mixin.py:115} INFO - [2025-05-02 17:04:10,295] {dag.py:2927} INFO - Setting next_dagrun for tutorial_etl_dag to None, run_after=None
[2025-05-02 17:04:10,305] {processor.py:161} INFO - Processing /root/Documents/airflowalu/venv/lib/python3.9/site-packages/airflow/example_dags/tutorial_etl_dag.py took 0.036 seconds
[2025-05-02 17:04:41,344] {processor.py:153} INFO - Started process (PID=6737) to work on /root/Documents/airflowalu/venv/lib/python3.9/site-packages/airflow/example_dags/tutorial_etl_dag.py
[2025-05-02 17:04:41,344] {processor.py:641} INFO - Processing file /root/Documents/airflowalu/venv/lib/python3.9/site-packages/airflow/example_dags/tutorial_etl_dag.py for tasks to queue
[2025-05-02 17:04:41,345] {logging_mixin.py:115} INFO - [2025-05-02 17:04:41,345] {dagbag.py:507} INFO - Filling up the DagBag from /root/Documents/airflowalu/venv/lib/python3.9/site-packages/airflow/example_dags/tutorial_etl_dag.py
[2025-05-02 17:04:41,350] {processor.py:651} INFO - DAG(s) dict_keys(['tutorial_etl_dag']) retrieved from /root/Documents/airflowalu/venv/lib/python3.9/site-packages/airflow/example_dags/tutorial_etl_dag.py
[2025-05-02 17:04:41,360] {logging_mixin.py:115} INFO - [2025-05-02 17:04:41,360] {dag.py:2379} INFO - Sync 1 DAGs
[2025-05-02 17:04:41,371] {logging_mixin.py:115} INFO - [2025-05-02 17:04:41,371] {dag.py:2927} INFO - Setting next_dagrun for tutorial_etl_dag to None, run_after=None
[2025-05-02 17:04:41,383] {processor.py:161} INFO - Processing /root/Documents/airflowalu/venv/lib/python3.9/site-packages/airflow/example_dags/tutorial_etl_dag.py took 0.041 seconds
[2025-05-02 17:05:17,418] {processor.py:153} INFO - Started process (PID=6886) to work on /root/Documents/airflowalu/venv/lib/python3.9/site-packages/airflow/example_dags/tutorial_etl_dag.py
[2025-05-02 17:05:17,418] {processor.py:641} INFO - Processing file /root/Documents/airflowalu/venv/lib/python3.9/site-packages/airflow/example_dags/tutorial_etl_dag.py for tasks to queue
[2025-05-02 17:05:17,419] {logging_mixin.py:115} INFO - [2025-05-02 17:05:17,419] {dagbag.py:507} INFO - Filling up the DagBag from /root/Documents/airflowalu/venv/lib/python3.9/site-packages/airflow/example_dags/tutorial_etl_dag.py
[2025-05-02 17:05:17,423] {processor.py:651} INFO - DAG(s) dict_keys(['tutorial_etl_dag']) retrieved from /root/Documents/airflowalu/venv/lib/python3.9/site-packages/airflow/example_dags/tutorial_etl_dag.py
[2025-05-02 17:05:17,431] {logging_mixin.py:115} INFO - [2025-05-02 17:05:17,431] {dag.py:2379} INFO - Sync 1 DAGs
[2025-05-02 17:05:17,442] {logging_mixin.py:115} INFO - [2025-05-02 17:05:17,442] {dag.py:2927} INFO - Setting next_dagrun for tutorial_etl_dag to None, run_after=None
[2025-05-02 17:05:17,453] {processor.py:161} INFO - Processing /root/Documents/airflowalu/venv/lib/python3.9/site-packages/airflow/example_dags/tutorial_etl_dag.py took 0.037 seconds
[2025-05-02 17:05:47,592] {processor.py:153} INFO - Started process (PID=7018) to work on /root/Documents/airflowalu/venv/lib/python3.9/site-packages/airflow/example_dags/tutorial_etl_dag.py
[2025-05-02 17:05:47,592] {processor.py:641} INFO - Processing file /root/Documents/airflowalu/venv/lib/python3.9/site-packages/airflow/example_dags/tutorial_etl_dag.py for tasks to queue
[2025-05-02 17:05:47,593] {logging_mixin.py:115} INFO - [2025-05-02 17:05:47,593] {dagbag.py:507} INFO - Filling up the DagBag from /root/Documents/airflowalu/venv/lib/python3.9/site-packages/airflow/example_dags/tutorial_etl_dag.py
[2025-05-02 17:05:47,597] {processor.py:651} INFO - DAG(s) dict_keys(['tutorial_etl_dag']) retrieved from /root/Documents/airflowalu/venv/lib/python3.9/site-packages/airflow/example_dags/tutorial_etl_dag.py
[2025-05-02 17:05:47,606] {logging_mixin.py:115} INFO - [2025-05-02 17:05:47,605] {dag.py:2379} INFO - Sync 1 DAGs
[2025-05-02 17:05:47,616] {logging_mixin.py:115} INFO - [2025-05-02 17:05:47,616] {dag.py:2927} INFO - Setting next_dagrun for tutorial_etl_dag to None, run_after=None
[2025-05-02 17:05:47,628] {processor.py:161} INFO - Processing /root/Documents/airflowalu/venv/lib/python3.9/site-packages/airflow/example_dags/tutorial_etl_dag.py took 0.038 seconds
[2025-05-02 17:06:21,364] {processor.py:153} INFO - Started process (PID=7159) to work on /root/Documents/airflowalu/venv/lib/python3.9/site-packages/airflow/example_dags/tutorial_etl_dag.py
[2025-05-02 17:06:21,365] {processor.py:641} INFO - Processing file /root/Documents/airflowalu/venv/lib/python3.9/site-packages/airflow/example_dags/tutorial_etl_dag.py for tasks to queue
[2025-05-02 17:06:21,365] {logging_mixin.py:115} INFO - [2025-05-02 17:06:21,365] {dagbag.py:507} INFO - Filling up the DagBag from /root/Documents/airflowalu/venv/lib/python3.9/site-packages/airflow/example_dags/tutorial_etl_dag.py
[2025-05-02 17:06:21,369] {processor.py:651} INFO - DAG(s) dict_keys(['tutorial_etl_dag']) retrieved from /root/Documents/airflowalu/venv/lib/python3.9/site-packages/airflow/example_dags/tutorial_etl_dag.py
[2025-05-02 17:06:21,379] {logging_mixin.py:115} INFO - [2025-05-02 17:06:21,379] {dag.py:2379} INFO - Sync 1 DAGs
[2025-05-02 17:06:21,390] {logging_mixin.py:115} INFO - [2025-05-02 17:06:21,390] {dag.py:2927} INFO - Setting next_dagrun for tutorial_etl_dag to None, run_after=None
[2025-05-02 17:06:21,401] {processor.py:161} INFO - Processing /root/Documents/airflowalu/venv/lib/python3.9/site-packages/airflow/example_dags/tutorial_etl_dag.py took 0.039 seconds
[2025-05-02 17:06:52,059] {processor.py:153} INFO - Started process (PID=7298) to work on /root/Documents/airflowalu/venv/lib/python3.9/site-packages/airflow/example_dags/tutorial_etl_dag.py
[2025-05-02 17:06:52,059] {processor.py:641} INFO - Processing file /root/Documents/airflowalu/venv/lib/python3.9/site-packages/airflow/example_dags/tutorial_etl_dag.py for tasks to queue
[2025-05-02 17:06:52,059] {logging_mixin.py:115} INFO - [2025-05-02 17:06:52,059] {dagbag.py:507} INFO - Filling up the DagBag from /root/Documents/airflowalu/venv/lib/python3.9/site-packages/airflow/example_dags/tutorial_etl_dag.py
[2025-05-02 17:06:52,063] {processor.py:651} INFO - DAG(s) dict_keys(['tutorial_etl_dag']) retrieved from /root/Documents/airflowalu/venv/lib/python3.9/site-packages/airflow/example_dags/tutorial_etl_dag.py
[2025-05-02 17:06:52,072] {logging_mixin.py:115} INFO - [2025-05-02 17:06:52,072] {dag.py:2379} INFO - Sync 1 DAGs
[2025-05-02 17:06:52,081] {logging_mixin.py:115} INFO - [2025-05-02 17:06:52,081] {dag.py:2927} INFO - Setting next_dagrun for tutorial_etl_dag to None, run_after=None
[2025-05-02 17:06:52,093] {processor.py:161} INFO - Processing /root/Documents/airflowalu/venv/lib/python3.9/site-packages/airflow/example_dags/tutorial_etl_dag.py took 0.035 seconds
[2025-05-02 17:07:24,381] {processor.py:153} INFO - Started process (PID=7438) to work on /root/Documents/airflowalu/venv/lib/python3.9/site-packages/airflow/example_dags/tutorial_etl_dag.py
[2025-05-02 17:07:24,381] {processor.py:641} INFO - Processing file /root/Documents/airflowalu/venv/lib/python3.9/site-packages/airflow/example_dags/tutorial_etl_dag.py for tasks to queue
[2025-05-02 17:07:24,381] {logging_mixin.py:115} INFO - [2025-05-02 17:07:24,381] {dagbag.py:507} INFO - Filling up the DagBag from /root/Documents/airflowalu/venv/lib/python3.9/site-packages/airflow/example_dags/tutorial_etl_dag.py
[2025-05-02 17:07:24,385] {processor.py:651} INFO - DAG(s) dict_keys(['tutorial_etl_dag']) retrieved from /root/Documents/airflowalu/venv/lib/python3.9/site-packages/airflow/example_dags/tutorial_etl_dag.py
[2025-05-02 17:07:24,396] {logging_mixin.py:115} INFO - [2025-05-02 17:07:24,396] {dag.py:2379} INFO - Sync 1 DAGs
[2025-05-02 17:07:24,406] {logging_mixin.py:115} INFO - [2025-05-02 17:07:24,406] {dag.py:2927} INFO - Setting next_dagrun for tutorial_etl_dag to None, run_after=None
[2025-05-02 17:07:24,416] {processor.py:161} INFO - Processing /root/Documents/airflowalu/venv/lib/python3.9/site-packages/airflow/example_dags/tutorial_etl_dag.py took 0.037 seconds
[2025-05-02 17:07:59,005] {processor.py:153} INFO - Started process (PID=7583) to work on /root/Documents/airflowalu/venv/lib/python3.9/site-packages/airflow/example_dags/tutorial_etl_dag.py
[2025-05-02 17:07:59,006] {processor.py:641} INFO - Processing file /root/Documents/airflowalu/venv/lib/python3.9/site-packages/airflow/example_dags/tutorial_etl_dag.py for tasks to queue
[2025-05-02 17:07:59,006] {logging_mixin.py:115} INFO - [2025-05-02 17:07:59,006] {dagbag.py:507} INFO - Filling up the DagBag from /root/Documents/airflowalu/venv/lib/python3.9/site-packages/airflow/example_dags/tutorial_etl_dag.py
[2025-05-02 17:07:59,010] {processor.py:651} INFO - DAG(s) dict_keys(['tutorial_etl_dag']) retrieved from /root/Documents/airflowalu/venv/lib/python3.9/site-packages/airflow/example_dags/tutorial_etl_dag.py
[2025-05-02 17:07:59,022] {logging_mixin.py:115} INFO - [2025-05-02 17:07:59,021] {dag.py:2379} INFO - Sync 1 DAGs
[2025-05-02 17:07:59,032] {logging_mixin.py:115} INFO - [2025-05-02 17:07:59,032] {dag.py:2927} INFO - Setting next_dagrun for tutorial_etl_dag to None, run_after=None
[2025-05-02 17:07:59,043] {processor.py:161} INFO - Processing /root/Documents/airflowalu/venv/lib/python3.9/site-packages/airflow/example_dags/tutorial_etl_dag.py took 0.039 seconds
[2025-05-02 17:08:32,551] {processor.py:153} INFO - Started process (PID=7726) to work on /root/Documents/airflowalu/venv/lib/python3.9/site-packages/airflow/example_dags/tutorial_etl_dag.py
[2025-05-02 17:08:32,552] {processor.py:641} INFO - Processing file /root/Documents/airflowalu/venv/lib/python3.9/site-packages/airflow/example_dags/tutorial_etl_dag.py for tasks to queue
[2025-05-02 17:08:32,552] {logging_mixin.py:115} INFO - [2025-05-02 17:08:32,552] {dagbag.py:507} INFO - Filling up the DagBag from /root/Documents/airflowalu/venv/lib/python3.9/site-packages/airflow/example_dags/tutorial_etl_dag.py
[2025-05-02 17:08:32,556] {processor.py:651} INFO - DAG(s) dict_keys(['tutorial_etl_dag']) retrieved from /root/Documents/airflowalu/venv/lib/python3.9/site-packages/airflow/example_dags/tutorial_etl_dag.py
[2025-05-02 17:08:32,566] {logging_mixin.py:115} INFO - [2025-05-02 17:08:32,566] {dag.py:2379} INFO - Sync 1 DAGs
[2025-05-02 17:08:32,575] {logging_mixin.py:115} INFO - [2025-05-02 17:08:32,575] {dag.py:2927} INFO - Setting next_dagrun for tutorial_etl_dag to None, run_after=None
[2025-05-02 17:08:32,585] {processor.py:161} INFO - Processing /root/Documents/airflowalu/venv/lib/python3.9/site-packages/airflow/example_dags/tutorial_etl_dag.py took 0.036 seconds
[2025-05-02 17:09:06,115] {processor.py:153} INFO - Started process (PID=7868) to work on /root/Documents/airflowalu/venv/lib/python3.9/site-packages/airflow/example_dags/tutorial_etl_dag.py
[2025-05-02 17:09:06,116] {processor.py:641} INFO - Processing file /root/Documents/airflowalu/venv/lib/python3.9/site-packages/airflow/example_dags/tutorial_etl_dag.py for tasks to queue
[2025-05-02 17:09:06,116] {logging_mixin.py:115} INFO - [2025-05-02 17:09:06,116] {dagbag.py:507} INFO - Filling up the DagBag from /root/Documents/airflowalu/venv/lib/python3.9/site-packages/airflow/example_dags/tutorial_etl_dag.py
[2025-05-02 17:09:06,120] {processor.py:651} INFO - DAG(s) dict_keys(['tutorial_etl_dag']) retrieved from /root/Documents/airflowalu/venv/lib/python3.9/site-packages/airflow/example_dags/tutorial_etl_dag.py
[2025-05-02 17:09:06,130] {logging_mixin.py:115} INFO - [2025-05-02 17:09:06,130] {dag.py:2379} INFO - Sync 1 DAGs
[2025-05-02 17:09:06,139] {logging_mixin.py:115} INFO - [2025-05-02 17:09:06,139] {dag.py:2927} INFO - Setting next_dagrun for tutorial_etl_dag to None, run_after=None
[2025-05-02 17:09:06,150] {processor.py:161} INFO - Processing /root/Documents/airflowalu/venv/lib/python3.9/site-packages/airflow/example_dags/tutorial_etl_dag.py took 0.037 seconds
[2025-05-02 17:09:41,143] {processor.py:153} INFO - Started process (PID=8013) to work on /root/Documents/airflowalu/venv/lib/python3.9/site-packages/airflow/example_dags/tutorial_etl_dag.py
[2025-05-02 17:09:41,143] {processor.py:641} INFO - Processing file /root/Documents/airflowalu/venv/lib/python3.9/site-packages/airflow/example_dags/tutorial_etl_dag.py for tasks to queue
[2025-05-02 17:09:41,144] {logging_mixin.py:115} INFO - [2025-05-02 17:09:41,143] {dagbag.py:507} INFO - Filling up the DagBag from /root/Documents/airflowalu/venv/lib/python3.9/site-packages/airflow/example_dags/tutorial_etl_dag.py
[2025-05-02 17:09:41,147] {processor.py:651} INFO - DAG(s) dict_keys(['tutorial_etl_dag']) retrieved from /root/Documents/airflowalu/venv/lib/python3.9/site-packages/airflow/example_dags/tutorial_etl_dag.py
[2025-05-02 17:09:41,158] {logging_mixin.py:115} INFO - [2025-05-02 17:09:41,158] {dag.py:2379} INFO - Sync 1 DAGs
[2025-05-02 17:09:41,170] {logging_mixin.py:115} INFO - [2025-05-02 17:09:41,170] {dag.py:2927} INFO - Setting next_dagrun for tutorial_etl_dag to None, run_after=None
[2025-05-02 17:09:41,181] {processor.py:161} INFO - Processing /root/Documents/airflowalu/venv/lib/python3.9/site-packages/airflow/example_dags/tutorial_etl_dag.py took 0.040 seconds
[2025-05-02 17:10:12,606] {processor.py:153} INFO - Started process (PID=8146) to work on /root/Documents/airflowalu/venv/lib/python3.9/site-packages/airflow/example_dags/tutorial_etl_dag.py
[2025-05-02 17:10:12,607] {processor.py:641} INFO - Processing file /root/Documents/airflowalu/venv/lib/python3.9/site-packages/airflow/example_dags/tutorial_etl_dag.py for tasks to queue
[2025-05-02 17:10:12,607] {logging_mixin.py:115} INFO - [2025-05-02 17:10:12,607] {dagbag.py:507} INFO - Filling up the DagBag from /root/Documents/airflowalu/venv/lib/python3.9/site-packages/airflow/example_dags/tutorial_etl_dag.py
[2025-05-02 17:10:12,611] {processor.py:651} INFO - DAG(s) dict_keys(['tutorial_etl_dag']) retrieved from /root/Documents/airflowalu/venv/lib/python3.9/site-packages/airflow/example_dags/tutorial_etl_dag.py
[2025-05-02 17:10:12,620] {logging_mixin.py:115} INFO - [2025-05-02 17:10:12,620] {dag.py:2379} INFO - Sync 1 DAGs
[2025-05-02 17:10:12,628] {logging_mixin.py:115} INFO - [2025-05-02 17:10:12,628] {dag.py:2927} INFO - Setting next_dagrun for tutorial_etl_dag to None, run_after=None
[2025-05-02 17:10:12,639] {processor.py:161} INFO - Processing /root/Documents/airflowalu/venv/lib/python3.9/site-packages/airflow/example_dags/tutorial_etl_dag.py took 0.034 seconds
[2025-05-02 17:10:43,401] {processor.py:153} INFO - Started process (PID=8280) to work on /root/Documents/airflowalu/venv/lib/python3.9/site-packages/airflow/example_dags/tutorial_etl_dag.py
[2025-05-02 17:10:43,402] {processor.py:641} INFO - Processing file /root/Documents/airflowalu/venv/lib/python3.9/site-packages/airflow/example_dags/tutorial_etl_dag.py for tasks to queue
[2025-05-02 17:10:43,402] {logging_mixin.py:115} INFO - [2025-05-02 17:10:43,402] {dagbag.py:507} INFO - Filling up the DagBag from /root/Documents/airflowalu/venv/lib/python3.9/site-packages/airflow/example_dags/tutorial_etl_dag.py
[2025-05-02 17:10:43,406] {processor.py:651} INFO - DAG(s) dict_keys(['tutorial_etl_dag']) retrieved from /root/Documents/airflowalu/venv/lib/python3.9/site-packages/airflow/example_dags/tutorial_etl_dag.py
[2025-05-02 17:10:43,417] {logging_mixin.py:115} INFO - [2025-05-02 17:10:43,417] {dag.py:2379} INFO - Sync 1 DAGs
[2025-05-02 17:10:43,426] {logging_mixin.py:115} INFO - [2025-05-02 17:10:43,426] {dag.py:2927} INFO - Setting next_dagrun for tutorial_etl_dag to None, run_after=None
[2025-05-02 17:10:43,437] {processor.py:161} INFO - Processing /root/Documents/airflowalu/venv/lib/python3.9/site-packages/airflow/example_dags/tutorial_etl_dag.py took 0.038 seconds
[2025-05-02 17:11:17,101] {processor.py:153} INFO - Started process (PID=8427) to work on /root/Documents/airflowalu/venv/lib/python3.9/site-packages/airflow/example_dags/tutorial_etl_dag.py
[2025-05-02 17:11:17,102] {processor.py:641} INFO - Processing file /root/Documents/airflowalu/venv/lib/python3.9/site-packages/airflow/example_dags/tutorial_etl_dag.py for tasks to queue
[2025-05-02 17:11:17,102] {logging_mixin.py:115} INFO - [2025-05-02 17:11:17,102] {dagbag.py:507} INFO - Filling up the DagBag from /root/Documents/airflowalu/venv/lib/python3.9/site-packages/airflow/example_dags/tutorial_etl_dag.py
[2025-05-02 17:11:17,106] {processor.py:651} INFO - DAG(s) dict_keys(['tutorial_etl_dag']) retrieved from /root/Documents/airflowalu/venv/lib/python3.9/site-packages/airflow/example_dags/tutorial_etl_dag.py
[2025-05-02 17:11:17,116] {logging_mixin.py:115} INFO - [2025-05-02 17:11:17,116] {dag.py:2379} INFO - Sync 1 DAGs
[2025-05-02 17:11:17,129] {logging_mixin.py:115} INFO - [2025-05-02 17:11:17,129] {dag.py:2927} INFO - Setting next_dagrun for tutorial_etl_dag to None, run_after=None
[2025-05-02 17:11:17,140] {processor.py:161} INFO - Processing /root/Documents/airflowalu/venv/lib/python3.9/site-packages/airflow/example_dags/tutorial_etl_dag.py took 0.040 seconds
[2025-05-02 17:11:49,765] {processor.py:153} INFO - Started process (PID=8572) to work on /root/Documents/airflowalu/venv/lib/python3.9/site-packages/airflow/example_dags/tutorial_etl_dag.py
[2025-05-02 17:11:49,766] {processor.py:641} INFO - Processing file /root/Documents/airflowalu/venv/lib/python3.9/site-packages/airflow/example_dags/tutorial_etl_dag.py for tasks to queue
[2025-05-02 17:11:49,766] {logging_mixin.py:115} INFO - [2025-05-02 17:11:49,766] {dagbag.py:507} INFO - Filling up the DagBag from /root/Documents/airflowalu/venv/lib/python3.9/site-packages/airflow/example_dags/tutorial_etl_dag.py
[2025-05-02 17:11:49,770] {processor.py:651} INFO - DAG(s) dict_keys(['tutorial_etl_dag']) retrieved from /root/Documents/airflowalu/venv/lib/python3.9/site-packages/airflow/example_dags/tutorial_etl_dag.py
[2025-05-02 17:11:49,780] {logging_mixin.py:115} INFO - [2025-05-02 17:11:49,780] {dag.py:2379} INFO - Sync 1 DAGs
[2025-05-02 17:11:49,788] {logging_mixin.py:115} INFO - [2025-05-02 17:11:49,788] {dag.py:2927} INFO - Setting next_dagrun for tutorial_etl_dag to None, run_after=None
[2025-05-02 17:11:49,799] {processor.py:161} INFO - Processing /root/Documents/airflowalu/venv/lib/python3.9/site-packages/airflow/example_dags/tutorial_etl_dag.py took 0.035 seconds
[2025-05-02 17:12:23,077] {processor.py:153} INFO - Started process (PID=8724) to work on /root/Documents/airflowalu/venv/lib/python3.9/site-packages/airflow/example_dags/tutorial_etl_dag.py
[2025-05-02 17:12:23,078] {processor.py:641} INFO - Processing file /root/Documents/airflowalu/venv/lib/python3.9/site-packages/airflow/example_dags/tutorial_etl_dag.py for tasks to queue
[2025-05-02 17:12:23,078] {logging_mixin.py:115} INFO - [2025-05-02 17:12:23,078] {dagbag.py:507} INFO - Filling up the DagBag from /root/Documents/airflowalu/venv/lib/python3.9/site-packages/airflow/example_dags/tutorial_etl_dag.py
[2025-05-02 17:12:23,082] {processor.py:651} INFO - DAG(s) dict_keys(['tutorial_etl_dag']) retrieved from /root/Documents/airflowalu/venv/lib/python3.9/site-packages/airflow/example_dags/tutorial_etl_dag.py
[2025-05-02 17:12:23,092] {logging_mixin.py:115} INFO - [2025-05-02 17:12:23,092] {dag.py:2379} INFO - Sync 1 DAGs
[2025-05-02 17:12:23,101] {logging_mixin.py:115} INFO - [2025-05-02 17:12:23,101] {dag.py:2927} INFO - Setting next_dagrun for tutorial_etl_dag to None, run_after=None
[2025-05-02 17:12:23,111] {processor.py:161} INFO - Processing /root/Documents/airflowalu/venv/lib/python3.9/site-packages/airflow/example_dags/tutorial_etl_dag.py took 0.035 seconds
[2025-05-02 17:12:54,253] {processor.py:153} INFO - Started process (PID=8857) to work on /root/Documents/airflowalu/venv/lib/python3.9/site-packages/airflow/example_dags/tutorial_etl_dag.py
[2025-05-02 17:12:54,254] {processor.py:641} INFO - Processing file /root/Documents/airflowalu/venv/lib/python3.9/site-packages/airflow/example_dags/tutorial_etl_dag.py for tasks to queue
[2025-05-02 17:12:54,254] {logging_mixin.py:115} INFO - [2025-05-02 17:12:54,254] {dagbag.py:507} INFO - Filling up the DagBag from /root/Documents/airflowalu/venv/lib/python3.9/site-packages/airflow/example_dags/tutorial_etl_dag.py
[2025-05-02 17:12:54,258] {processor.py:651} INFO - DAG(s) dict_keys(['tutorial_etl_dag']) retrieved from /root/Documents/airflowalu/venv/lib/python3.9/site-packages/airflow/example_dags/tutorial_etl_dag.py
[2025-05-02 17:12:54,267] {logging_mixin.py:115} INFO - [2025-05-02 17:12:54,267] {dag.py:2379} INFO - Sync 1 DAGs
[2025-05-02 17:12:54,276] {logging_mixin.py:115} INFO - [2025-05-02 17:12:54,276] {dag.py:2927} INFO - Setting next_dagrun for tutorial_etl_dag to None, run_after=None
[2025-05-02 17:12:54,286] {processor.py:161} INFO - Processing /root/Documents/airflowalu/venv/lib/python3.9/site-packages/airflow/example_dags/tutorial_etl_dag.py took 0.035 seconds
[2025-05-02 17:13:26,612] {processor.py:153} INFO - Started process (PID=9007) to work on /root/Documents/airflowalu/venv/lib/python3.9/site-packages/airflow/example_dags/tutorial_etl_dag.py
[2025-05-02 17:13:26,613] {processor.py:641} INFO - Processing file /root/Documents/airflowalu/venv/lib/python3.9/site-packages/airflow/example_dags/tutorial_etl_dag.py for tasks to queue
[2025-05-02 17:13:26,613] {logging_mixin.py:115} INFO - [2025-05-02 17:13:26,613] {dagbag.py:507} INFO - Filling up the DagBag from /root/Documents/airflowalu/venv/lib/python3.9/site-packages/airflow/example_dags/tutorial_etl_dag.py
[2025-05-02 17:13:26,617] {processor.py:651} INFO - DAG(s) dict_keys(['tutorial_etl_dag']) retrieved from /root/Documents/airflowalu/venv/lib/python3.9/site-packages/airflow/example_dags/tutorial_etl_dag.py
[2025-05-02 17:13:26,626] {logging_mixin.py:115} INFO - [2025-05-02 17:13:26,626] {dag.py:2379} INFO - Sync 1 DAGs
[2025-05-02 17:13:26,636] {logging_mixin.py:115} INFO - [2025-05-02 17:13:26,636] {dag.py:2927} INFO - Setting next_dagrun for tutorial_etl_dag to None, run_after=None
[2025-05-02 17:13:26,646] {processor.py:161} INFO - Processing /root/Documents/airflowalu/venv/lib/python3.9/site-packages/airflow/example_dags/tutorial_etl_dag.py took 0.036 seconds
[2025-05-02 17:13:58,143] {processor.py:153} INFO - Started process (PID=9138) to work on /root/Documents/airflowalu/venv/lib/python3.9/site-packages/airflow/example_dags/tutorial_etl_dag.py
[2025-05-02 17:13:58,143] {processor.py:641} INFO - Processing file /root/Documents/airflowalu/venv/lib/python3.9/site-packages/airflow/example_dags/tutorial_etl_dag.py for tasks to queue
[2025-05-02 17:13:58,144] {logging_mixin.py:115} INFO - [2025-05-02 17:13:58,144] {dagbag.py:507} INFO - Filling up the DagBag from /root/Documents/airflowalu/venv/lib/python3.9/site-packages/airflow/example_dags/tutorial_etl_dag.py
[2025-05-02 17:13:58,148] {processor.py:651} INFO - DAG(s) dict_keys(['tutorial_etl_dag']) retrieved from /root/Documents/airflowalu/venv/lib/python3.9/site-packages/airflow/example_dags/tutorial_etl_dag.py
[2025-05-02 17:13:58,157] {logging_mixin.py:115} INFO - [2025-05-02 17:13:58,157] {dag.py:2379} INFO - Sync 1 DAGs
[2025-05-02 17:13:58,165] {logging_mixin.py:115} INFO - [2025-05-02 17:13:58,165] {dag.py:2927} INFO - Setting next_dagrun for tutorial_etl_dag to None, run_after=None
[2025-05-02 17:13:58,175] {processor.py:161} INFO - Processing /root/Documents/airflowalu/venv/lib/python3.9/site-packages/airflow/example_dags/tutorial_etl_dag.py took 0.034 seconds
[2025-05-02 17:14:29,354] {processor.py:153} INFO - Started process (PID=9271) to work on /root/Documents/airflowalu/venv/lib/python3.9/site-packages/airflow/example_dags/tutorial_etl_dag.py
[2025-05-02 17:14:29,355] {processor.py:641} INFO - Processing file /root/Documents/airflowalu/venv/lib/python3.9/site-packages/airflow/example_dags/tutorial_etl_dag.py for tasks to queue
[2025-05-02 17:14:29,356] {logging_mixin.py:115} INFO - [2025-05-02 17:14:29,356] {dagbag.py:507} INFO - Filling up the DagBag from /root/Documents/airflowalu/venv/lib/python3.9/site-packages/airflow/example_dags/tutorial_etl_dag.py
[2025-05-02 17:14:29,364] {processor.py:651} INFO - DAG(s) dict_keys(['tutorial_etl_dag']) retrieved from /root/Documents/airflowalu/venv/lib/python3.9/site-packages/airflow/example_dags/tutorial_etl_dag.py
[2025-05-02 17:14:29,380] {logging_mixin.py:115} INFO - [2025-05-02 17:14:29,380] {dag.py:2379} INFO - Sync 1 DAGs
[2025-05-02 17:14:29,396] {logging_mixin.py:115} INFO - [2025-05-02 17:14:29,395] {dag.py:2927} INFO - Setting next_dagrun for tutorial_etl_dag to None, run_after=None
[2025-05-02 17:14:29,412] {processor.py:161} INFO - Processing /root/Documents/airflowalu/venv/lib/python3.9/site-packages/airflow/example_dags/tutorial_etl_dag.py took 0.060 seconds
[2025-05-02 17:15:04,003] {processor.py:153} INFO - Started process (PID=9419) to work on /root/Documents/airflowalu/venv/lib/python3.9/site-packages/airflow/example_dags/tutorial_etl_dag.py
[2025-05-02 17:15:04,004] {processor.py:641} INFO - Processing file /root/Documents/airflowalu/venv/lib/python3.9/site-packages/airflow/example_dags/tutorial_etl_dag.py for tasks to queue
[2025-05-02 17:15:04,004] {logging_mixin.py:115} INFO - [2025-05-02 17:15:04,004] {dagbag.py:507} INFO - Filling up the DagBag from /root/Documents/airflowalu/venv/lib/python3.9/site-packages/airflow/example_dags/tutorial_etl_dag.py
[2025-05-02 17:15:04,008] {processor.py:651} INFO - DAG(s) dict_keys(['tutorial_etl_dag']) retrieved from /root/Documents/airflowalu/venv/lib/python3.9/site-packages/airflow/example_dags/tutorial_etl_dag.py
[2025-05-02 17:15:04,017] {logging_mixin.py:115} INFO - [2025-05-02 17:15:04,017] {dag.py:2379} INFO - Sync 1 DAGs
[2025-05-02 17:15:04,025] {logging_mixin.py:115} INFO - [2025-05-02 17:15:04,025] {dag.py:2927} INFO - Setting next_dagrun for tutorial_etl_dag to None, run_after=None
[2025-05-02 17:15:04,035] {processor.py:161} INFO - Processing /root/Documents/airflowalu/venv/lib/python3.9/site-packages/airflow/example_dags/tutorial_etl_dag.py took 0.033 seconds
[2025-05-02 17:15:36,521] {processor.py:153} INFO - Started process (PID=9558) to work on /root/Documents/airflowalu/venv/lib/python3.9/site-packages/airflow/example_dags/tutorial_etl_dag.py
[2025-05-02 17:15:36,521] {processor.py:641} INFO - Processing file /root/Documents/airflowalu/venv/lib/python3.9/site-packages/airflow/example_dags/tutorial_etl_dag.py for tasks to queue
[2025-05-02 17:15:36,522] {logging_mixin.py:115} INFO - [2025-05-02 17:15:36,522] {dagbag.py:507} INFO - Filling up the DagBag from /root/Documents/airflowalu/venv/lib/python3.9/site-packages/airflow/example_dags/tutorial_etl_dag.py
[2025-05-02 17:15:36,526] {processor.py:651} INFO - DAG(s) dict_keys(['tutorial_etl_dag']) retrieved from /root/Documents/airflowalu/venv/lib/python3.9/site-packages/airflow/example_dags/tutorial_etl_dag.py
[2025-05-02 17:15:36,535] {logging_mixin.py:115} INFO - [2025-05-02 17:15:36,535] {dag.py:2379} INFO - Sync 1 DAGs
[2025-05-02 17:15:36,544] {logging_mixin.py:115} INFO - [2025-05-02 17:15:36,544] {dag.py:2927} INFO - Setting next_dagrun for tutorial_etl_dag to None, run_after=None
[2025-05-02 17:15:36,558] {processor.py:161} INFO - Processing /root/Documents/airflowalu/venv/lib/python3.9/site-packages/airflow/example_dags/tutorial_etl_dag.py took 0.039 seconds
[2025-05-02 17:16:10,959] {processor.py:153} INFO - Started process (PID=9702) to work on /root/Documents/airflowalu/venv/lib/python3.9/site-packages/airflow/example_dags/tutorial_etl_dag.py
[2025-05-02 17:16:10,960] {processor.py:641} INFO - Processing file /root/Documents/airflowalu/venv/lib/python3.9/site-packages/airflow/example_dags/tutorial_etl_dag.py for tasks to queue
[2025-05-02 17:16:10,960] {logging_mixin.py:115} INFO - [2025-05-02 17:16:10,960] {dagbag.py:507} INFO - Filling up the DagBag from /root/Documents/airflowalu/venv/lib/python3.9/site-packages/airflow/example_dags/tutorial_etl_dag.py
[2025-05-02 17:16:10,964] {processor.py:651} INFO - DAG(s) dict_keys(['tutorial_etl_dag']) retrieved from /root/Documents/airflowalu/venv/lib/python3.9/site-packages/airflow/example_dags/tutorial_etl_dag.py
[2025-05-02 17:16:10,974] {logging_mixin.py:115} INFO - [2025-05-02 17:16:10,974] {dag.py:2379} INFO - Sync 1 DAGs
[2025-05-02 17:16:10,982] {logging_mixin.py:115} INFO - [2025-05-02 17:16:10,982] {dag.py:2927} INFO - Setting next_dagrun for tutorial_etl_dag to None, run_after=None
[2025-05-02 17:16:10,993] {processor.py:161} INFO - Processing /root/Documents/airflowalu/venv/lib/python3.9/site-packages/airflow/example_dags/tutorial_etl_dag.py took 0.036 seconds
[2025-05-02 17:16:45,316] {processor.py:153} INFO - Started process (PID=9844) to work on /root/Documents/airflowalu/venv/lib/python3.9/site-packages/airflow/example_dags/tutorial_etl_dag.py
[2025-05-02 17:16:45,317] {processor.py:641} INFO - Processing file /root/Documents/airflowalu/venv/lib/python3.9/site-packages/airflow/example_dags/tutorial_etl_dag.py for tasks to queue
[2025-05-02 17:16:45,317] {logging_mixin.py:115} INFO - [2025-05-02 17:16:45,317] {dagbag.py:507} INFO - Filling up the DagBag from /root/Documents/airflowalu/venv/lib/python3.9/site-packages/airflow/example_dags/tutorial_etl_dag.py
[2025-05-02 17:16:45,321] {processor.py:651} INFO - DAG(s) dict_keys(['tutorial_etl_dag']) retrieved from /root/Documents/airflowalu/venv/lib/python3.9/site-packages/airflow/example_dags/tutorial_etl_dag.py
[2025-05-02 17:16:45,330] {logging_mixin.py:115} INFO - [2025-05-02 17:16:45,330] {dag.py:2379} INFO - Sync 1 DAGs
[2025-05-02 17:16:45,338] {logging_mixin.py:115} INFO - [2025-05-02 17:16:45,338] {dag.py:2927} INFO - Setting next_dagrun for tutorial_etl_dag to None, run_after=None
[2025-05-02 17:16:45,348] {processor.py:161} INFO - Processing /root/Documents/airflowalu/venv/lib/python3.9/site-packages/airflow/example_dags/tutorial_etl_dag.py took 0.033 seconds
[2025-05-02 17:17:15,683] {processor.py:153} INFO - Started process (PID=9980) to work on /root/Documents/airflowalu/venv/lib/python3.9/site-packages/airflow/example_dags/tutorial_etl_dag.py
[2025-05-02 17:17:15,683] {processor.py:641} INFO - Processing file /root/Documents/airflowalu/venv/lib/python3.9/site-packages/airflow/example_dags/tutorial_etl_dag.py for tasks to queue
[2025-05-02 17:17:15,684] {logging_mixin.py:115} INFO - [2025-05-02 17:17:15,684] {dagbag.py:507} INFO - Filling up the DagBag from /root/Documents/airflowalu/venv/lib/python3.9/site-packages/airflow/example_dags/tutorial_etl_dag.py
[2025-05-02 17:17:15,688] {processor.py:651} INFO - DAG(s) dict_keys(['tutorial_etl_dag']) retrieved from /root/Documents/airflowalu/venv/lib/python3.9/site-packages/airflow/example_dags/tutorial_etl_dag.py
[2025-05-02 17:17:15,696] {logging_mixin.py:115} INFO - [2025-05-02 17:17:15,696] {dag.py:2379} INFO - Sync 1 DAGs
[2025-05-02 17:17:15,706] {logging_mixin.py:115} INFO - [2025-05-02 17:17:15,706] {dag.py:2927} INFO - Setting next_dagrun for tutorial_etl_dag to None, run_after=None
[2025-05-02 17:17:15,716] {processor.py:161} INFO - Processing /root/Documents/airflowalu/venv/lib/python3.9/site-packages/airflow/example_dags/tutorial_etl_dag.py took 0.035 seconds
[2025-05-02 17:17:49,516] {processor.py:153} INFO - Started process (PID=10120) to work on /root/Documents/airflowalu/venv/lib/python3.9/site-packages/airflow/example_dags/tutorial_etl_dag.py
[2025-05-02 17:17:49,517] {processor.py:641} INFO - Processing file /root/Documents/airflowalu/venv/lib/python3.9/site-packages/airflow/example_dags/tutorial_etl_dag.py for tasks to queue
[2025-05-02 17:17:49,517] {logging_mixin.py:115} INFO - [2025-05-02 17:17:49,517] {dagbag.py:507} INFO - Filling up the DagBag from /root/Documents/airflowalu/venv/lib/python3.9/site-packages/airflow/example_dags/tutorial_etl_dag.py
[2025-05-02 17:17:49,521] {processor.py:651} INFO - DAG(s) dict_keys(['tutorial_etl_dag']) retrieved from /root/Documents/airflowalu/venv/lib/python3.9/site-packages/airflow/example_dags/tutorial_etl_dag.py
[2025-05-02 17:17:49,531] {logging_mixin.py:115} INFO - [2025-05-02 17:17:49,531] {dag.py:2379} INFO - Sync 1 DAGs
[2025-05-02 17:17:49,539] {logging_mixin.py:115} INFO - [2025-05-02 17:17:49,539] {dag.py:2927} INFO - Setting next_dagrun for tutorial_etl_dag to None, run_after=None
[2025-05-02 17:17:49,549] {processor.py:161} INFO - Processing /root/Documents/airflowalu/venv/lib/python3.9/site-packages/airflow/example_dags/tutorial_etl_dag.py took 0.035 seconds
[2025-05-02 17:18:21,988] {processor.py:153} INFO - Started process (PID=10259) to work on /root/Documents/airflowalu/venv/lib/python3.9/site-packages/airflow/example_dags/tutorial_etl_dag.py
[2025-05-02 17:18:21,989] {processor.py:641} INFO - Processing file /root/Documents/airflowalu/venv/lib/python3.9/site-packages/airflow/example_dags/tutorial_etl_dag.py for tasks to queue
[2025-05-02 17:18:21,989] {logging_mixin.py:115} INFO - [2025-05-02 17:18:21,989] {dagbag.py:507} INFO - Filling up the DagBag from /root/Documents/airflowalu/venv/lib/python3.9/site-packages/airflow/example_dags/tutorial_etl_dag.py
[2025-05-02 17:18:21,993] {processor.py:651} INFO - DAG(s) dict_keys(['tutorial_etl_dag']) retrieved from /root/Documents/airflowalu/venv/lib/python3.9/site-packages/airflow/example_dags/tutorial_etl_dag.py
[2025-05-02 17:18:22,003] {logging_mixin.py:115} INFO - [2025-05-02 17:18:22,003] {dag.py:2379} INFO - Sync 1 DAGs
[2025-05-02 17:18:22,012] {logging_mixin.py:115} INFO - [2025-05-02 17:18:22,012] {dag.py:2927} INFO - Setting next_dagrun for tutorial_etl_dag to None, run_after=None
[2025-05-02 17:18:22,023] {processor.py:161} INFO - Processing /root/Documents/airflowalu/venv/lib/python3.9/site-packages/airflow/example_dags/tutorial_etl_dag.py took 0.036 seconds
[2025-05-02 17:18:52,506] {processor.py:153} INFO - Started process (PID=10392) to work on /root/Documents/airflowalu/venv/lib/python3.9/site-packages/airflow/example_dags/tutorial_etl_dag.py
[2025-05-02 17:18:52,506] {processor.py:641} INFO - Processing file /root/Documents/airflowalu/venv/lib/python3.9/site-packages/airflow/example_dags/tutorial_etl_dag.py for tasks to queue
[2025-05-02 17:18:52,507] {logging_mixin.py:115} INFO - [2025-05-02 17:18:52,507] {dagbag.py:507} INFO - Filling up the DagBag from /root/Documents/airflowalu/venv/lib/python3.9/site-packages/airflow/example_dags/tutorial_etl_dag.py
[2025-05-02 17:18:52,510] {processor.py:651} INFO - DAG(s) dict_keys(['tutorial_etl_dag']) retrieved from /root/Documents/airflowalu/venv/lib/python3.9/site-packages/airflow/example_dags/tutorial_etl_dag.py
[2025-05-02 17:18:52,520] {logging_mixin.py:115} INFO - [2025-05-02 17:18:52,520] {dag.py:2379} INFO - Sync 1 DAGs
[2025-05-02 17:18:52,529] {logging_mixin.py:115} INFO - [2025-05-02 17:18:52,529] {dag.py:2927} INFO - Setting next_dagrun for tutorial_etl_dag to None, run_after=None
[2025-05-02 17:18:52,540] {processor.py:161} INFO - Processing /root/Documents/airflowalu/venv/lib/python3.9/site-packages/airflow/example_dags/tutorial_etl_dag.py took 0.036 seconds
[2025-05-02 17:19:25,574] {processor.py:153} INFO - Started process (PID=10540) to work on /root/Documents/airflowalu/venv/lib/python3.9/site-packages/airflow/example_dags/tutorial_etl_dag.py
[2025-05-02 17:19:25,575] {processor.py:641} INFO - Processing file /root/Documents/airflowalu/venv/lib/python3.9/site-packages/airflow/example_dags/tutorial_etl_dag.py for tasks to queue
[2025-05-02 17:19:25,575] {logging_mixin.py:115} INFO - [2025-05-02 17:19:25,575] {dagbag.py:507} INFO - Filling up the DagBag from /root/Documents/airflowalu/venv/lib/python3.9/site-packages/airflow/example_dags/tutorial_etl_dag.py
[2025-05-02 17:19:25,580] {processor.py:651} INFO - DAG(s) dict_keys(['tutorial_etl_dag']) retrieved from /root/Documents/airflowalu/venv/lib/python3.9/site-packages/airflow/example_dags/tutorial_etl_dag.py
[2025-05-02 17:19:25,592] {logging_mixin.py:115} INFO - [2025-05-02 17:19:25,592] {dag.py:2379} INFO - Sync 1 DAGs
[2025-05-02 17:19:25,601] {logging_mixin.py:115} INFO - [2025-05-02 17:19:25,601] {dag.py:2927} INFO - Setting next_dagrun for tutorial_etl_dag to None, run_after=None
[2025-05-02 17:19:25,612] {processor.py:161} INFO - Processing /root/Documents/airflowalu/venv/lib/python3.9/site-packages/airflow/example_dags/tutorial_etl_dag.py took 0.040 seconds
[2025-05-02 17:19:56,641] {processor.py:153} INFO - Started process (PID=10673) to work on /root/Documents/airflowalu/venv/lib/python3.9/site-packages/airflow/example_dags/tutorial_etl_dag.py
[2025-05-02 17:19:56,642] {processor.py:641} INFO - Processing file /root/Documents/airflowalu/venv/lib/python3.9/site-packages/airflow/example_dags/tutorial_etl_dag.py for tasks to queue
[2025-05-02 17:19:56,642] {logging_mixin.py:115} INFO - [2025-05-02 17:19:56,642] {dagbag.py:507} INFO - Filling up the DagBag from /root/Documents/airflowalu/venv/lib/python3.9/site-packages/airflow/example_dags/tutorial_etl_dag.py
[2025-05-02 17:19:56,646] {processor.py:651} INFO - DAG(s) dict_keys(['tutorial_etl_dag']) retrieved from /root/Documents/airflowalu/venv/lib/python3.9/site-packages/airflow/example_dags/tutorial_etl_dag.py
[2025-05-02 17:19:56,655] {logging_mixin.py:115} INFO - [2025-05-02 17:19:56,655] {dag.py:2379} INFO - Sync 1 DAGs
[2025-05-02 17:19:56,664] {logging_mixin.py:115} INFO - [2025-05-02 17:19:56,664] {dag.py:2927} INFO - Setting next_dagrun for tutorial_etl_dag to None, run_after=None
[2025-05-02 17:19:56,677] {processor.py:161} INFO - Processing /root/Documents/airflowalu/venv/lib/python3.9/site-packages/airflow/example_dags/tutorial_etl_dag.py took 0.038 seconds
[2025-05-02 17:20:29,266] {processor.py:153} INFO - Started process (PID=10809) to work on /root/Documents/airflowalu/venv/lib/python3.9/site-packages/airflow/example_dags/tutorial_etl_dag.py
[2025-05-02 17:20:29,267] {processor.py:641} INFO - Processing file /root/Documents/airflowalu/venv/lib/python3.9/site-packages/airflow/example_dags/tutorial_etl_dag.py for tasks to queue
[2025-05-02 17:20:29,267] {logging_mixin.py:115} INFO - [2025-05-02 17:20:29,267] {dagbag.py:507} INFO - Filling up the DagBag from /root/Documents/airflowalu/venv/lib/python3.9/site-packages/airflow/example_dags/tutorial_etl_dag.py
[2025-05-02 17:20:29,271] {processor.py:651} INFO - DAG(s) dict_keys(['tutorial_etl_dag']) retrieved from /root/Documents/airflowalu/venv/lib/python3.9/site-packages/airflow/example_dags/tutorial_etl_dag.py
[2025-05-02 17:20:29,281] {logging_mixin.py:115} INFO - [2025-05-02 17:20:29,281] {dag.py:2379} INFO - Sync 1 DAGs
[2025-05-02 17:20:29,289] {logging_mixin.py:115} INFO - [2025-05-02 17:20:29,289] {dag.py:2927} INFO - Setting next_dagrun for tutorial_etl_dag to None, run_after=None
[2025-05-02 17:20:29,301] {processor.py:161} INFO - Processing /root/Documents/airflowalu/venv/lib/python3.9/site-packages/airflow/example_dags/tutorial_etl_dag.py took 0.036 seconds
[2025-05-02 17:21:02,406] {processor.py:153} INFO - Started process (PID=10958) to work on /root/Documents/airflowalu/venv/lib/python3.9/site-packages/airflow/example_dags/tutorial_etl_dag.py
[2025-05-02 17:21:02,407] {processor.py:641} INFO - Processing file /root/Documents/airflowalu/venv/lib/python3.9/site-packages/airflow/example_dags/tutorial_etl_dag.py for tasks to queue
[2025-05-02 17:21:02,407] {logging_mixin.py:115} INFO - [2025-05-02 17:21:02,407] {dagbag.py:507} INFO - Filling up the DagBag from /root/Documents/airflowalu/venv/lib/python3.9/site-packages/airflow/example_dags/tutorial_etl_dag.py
[2025-05-02 17:21:02,412] {processor.py:651} INFO - DAG(s) dict_keys(['tutorial_etl_dag']) retrieved from /root/Documents/airflowalu/venv/lib/python3.9/site-packages/airflow/example_dags/tutorial_etl_dag.py
[2025-05-02 17:21:02,424] {logging_mixin.py:115} INFO - [2025-05-02 17:21:02,424] {dag.py:2379} INFO - Sync 1 DAGs
[2025-05-02 17:21:02,434] {logging_mixin.py:115} INFO - [2025-05-02 17:21:02,434] {dag.py:2927} INFO - Setting next_dagrun for tutorial_etl_dag to None, run_after=None
[2025-05-02 17:21:02,445] {processor.py:161} INFO - Processing /root/Documents/airflowalu/venv/lib/python3.9/site-packages/airflow/example_dags/tutorial_etl_dag.py took 0.040 seconds
[2025-05-02 17:21:34,573] {processor.py:153} INFO - Started process (PID=11099) to work on /root/Documents/airflowalu/venv/lib/python3.9/site-packages/airflow/example_dags/tutorial_etl_dag.py
[2025-05-02 17:21:34,574] {processor.py:641} INFO - Processing file /root/Documents/airflowalu/venv/lib/python3.9/site-packages/airflow/example_dags/tutorial_etl_dag.py for tasks to queue
[2025-05-02 17:21:34,574] {logging_mixin.py:115} INFO - [2025-05-02 17:21:34,574] {dagbag.py:507} INFO - Filling up the DagBag from /root/Documents/airflowalu/venv/lib/python3.9/site-packages/airflow/example_dags/tutorial_etl_dag.py
[2025-05-02 17:21:34,579] {processor.py:651} INFO - DAG(s) dict_keys(['tutorial_etl_dag']) retrieved from /root/Documents/airflowalu/venv/lib/python3.9/site-packages/airflow/example_dags/tutorial_etl_dag.py
[2025-05-02 17:21:34,591] {logging_mixin.py:115} INFO - [2025-05-02 17:21:34,591] {dag.py:2379} INFO - Sync 1 DAGs
[2025-05-02 17:21:34,601] {logging_mixin.py:115} INFO - [2025-05-02 17:21:34,601] {dag.py:2927} INFO - Setting next_dagrun for tutorial_etl_dag to None, run_after=None
[2025-05-02 17:21:34,616] {processor.py:161} INFO - Processing /root/Documents/airflowalu/venv/lib/python3.9/site-packages/airflow/example_dags/tutorial_etl_dag.py took 0.045 seconds
[2025-05-02 17:22:06,525] {processor.py:153} INFO - Started process (PID=11234) to work on /root/Documents/airflowalu/venv/lib/python3.9/site-packages/airflow/example_dags/tutorial_etl_dag.py
[2025-05-02 17:22:06,526] {processor.py:641} INFO - Processing file /root/Documents/airflowalu/venv/lib/python3.9/site-packages/airflow/example_dags/tutorial_etl_dag.py for tasks to queue
[2025-05-02 17:22:06,527] {logging_mixin.py:115} INFO - [2025-05-02 17:22:06,526] {dagbag.py:507} INFO - Filling up the DagBag from /root/Documents/airflowalu/venv/lib/python3.9/site-packages/airflow/example_dags/tutorial_etl_dag.py
[2025-05-02 17:22:06,530] {processor.py:651} INFO - DAG(s) dict_keys(['tutorial_etl_dag']) retrieved from /root/Documents/airflowalu/venv/lib/python3.9/site-packages/airflow/example_dags/tutorial_etl_dag.py
[2025-05-02 17:22:06,541] {logging_mixin.py:115} INFO - [2025-05-02 17:22:06,541] {dag.py:2379} INFO - Sync 1 DAGs
[2025-05-02 17:22:06,552] {logging_mixin.py:115} INFO - [2025-05-02 17:22:06,552] {dag.py:2927} INFO - Setting next_dagrun for tutorial_etl_dag to None, run_after=None
[2025-05-02 17:22:06,563] {processor.py:161} INFO - Processing /root/Documents/airflowalu/venv/lib/python3.9/site-packages/airflow/example_dags/tutorial_etl_dag.py took 0.040 seconds
[2025-05-02 17:22:40,178] {processor.py:153} INFO - Started process (PID=11385) to work on /root/Documents/airflowalu/venv/lib/python3.9/site-packages/airflow/example_dags/tutorial_etl_dag.py
[2025-05-02 17:22:40,178] {processor.py:641} INFO - Processing file /root/Documents/airflowalu/venv/lib/python3.9/site-packages/airflow/example_dags/tutorial_etl_dag.py for tasks to queue
[2025-05-02 17:22:40,179] {logging_mixin.py:115} INFO - [2025-05-02 17:22:40,179] {dagbag.py:507} INFO - Filling up the DagBag from /root/Documents/airflowalu/venv/lib/python3.9/site-packages/airflow/example_dags/tutorial_etl_dag.py
[2025-05-02 17:22:40,185] {processor.py:651} INFO - DAG(s) dict_keys(['tutorial_etl_dag']) retrieved from /root/Documents/airflowalu/venv/lib/python3.9/site-packages/airflow/example_dags/tutorial_etl_dag.py
[2025-05-02 17:22:40,195] {logging_mixin.py:115} INFO - [2025-05-02 17:22:40,195] {dag.py:2379} INFO - Sync 1 DAGs
[2025-05-02 17:22:40,208] {logging_mixin.py:115} INFO - [2025-05-02 17:22:40,208] {dag.py:2927} INFO - Setting next_dagrun for tutorial_etl_dag to None, run_after=None
[2025-05-02 17:22:40,231] {processor.py:161} INFO - Processing /root/Documents/airflowalu/venv/lib/python3.9/site-packages/airflow/example_dags/tutorial_etl_dag.py took 0.055 seconds
[2025-05-02 17:23:12,590] {processor.py:153} INFO - Started process (PID=11517) to work on /root/Documents/airflowalu/venv/lib/python3.9/site-packages/airflow/example_dags/tutorial_etl_dag.py
[2025-05-02 17:23:12,591] {processor.py:641} INFO - Processing file /root/Documents/airflowalu/venv/lib/python3.9/site-packages/airflow/example_dags/tutorial_etl_dag.py for tasks to queue
[2025-05-02 17:23:12,591] {logging_mixin.py:115} INFO - [2025-05-02 17:23:12,591] {dagbag.py:507} INFO - Filling up the DagBag from /root/Documents/airflowalu/venv/lib/python3.9/site-packages/airflow/example_dags/tutorial_etl_dag.py
[2025-05-02 17:23:12,597] {processor.py:651} INFO - DAG(s) dict_keys(['tutorial_etl_dag']) retrieved from /root/Documents/airflowalu/venv/lib/python3.9/site-packages/airflow/example_dags/tutorial_etl_dag.py
[2025-05-02 17:23:12,605] {logging_mixin.py:115} INFO - [2025-05-02 17:23:12,605] {dag.py:2379} INFO - Sync 1 DAGs
[2025-05-02 17:23:12,615] {logging_mixin.py:115} INFO - [2025-05-02 17:23:12,615] {dag.py:2927} INFO - Setting next_dagrun for tutorial_etl_dag to None, run_after=None
[2025-05-02 17:23:12,624] {processor.py:161} INFO - Processing /root/Documents/airflowalu/venv/lib/python3.9/site-packages/airflow/example_dags/tutorial_etl_dag.py took 0.036 seconds
[2025-05-02 17:23:51,154] {processor.py:153} INFO - Started process (PID=11679) to work on /root/Documents/airflowalu/venv/lib/python3.9/site-packages/airflow/example_dags/tutorial_etl_dag.py
[2025-05-02 17:23:51,155] {processor.py:641} INFO - Processing file /root/Documents/airflowalu/venv/lib/python3.9/site-packages/airflow/example_dags/tutorial_etl_dag.py for tasks to queue
[2025-05-02 17:23:51,155] {logging_mixin.py:115} INFO - [2025-05-02 17:23:51,155] {dagbag.py:507} INFO - Filling up the DagBag from /root/Documents/airflowalu/venv/lib/python3.9/site-packages/airflow/example_dags/tutorial_etl_dag.py
[2025-05-02 17:23:51,161] {processor.py:651} INFO - DAG(s) dict_keys(['tutorial_etl_dag']) retrieved from /root/Documents/airflowalu/venv/lib/python3.9/site-packages/airflow/example_dags/tutorial_etl_dag.py
[2025-05-02 17:23:51,170] {logging_mixin.py:115} INFO - [2025-05-02 17:23:51,170] {dag.py:2379} INFO - Sync 1 DAGs
[2025-05-02 17:23:51,180] {logging_mixin.py:115} INFO - [2025-05-02 17:23:51,180] {dag.py:2927} INFO - Setting next_dagrun for tutorial_etl_dag to None, run_after=None
[2025-05-02 17:23:51,191] {processor.py:161} INFO - Processing /root/Documents/airflowalu/venv/lib/python3.9/site-packages/airflow/example_dags/tutorial_etl_dag.py took 0.038 seconds
[2025-05-02 17:24:21,473] {processor.py:153} INFO - Started process (PID=11813) to work on /root/Documents/airflowalu/venv/lib/python3.9/site-packages/airflow/example_dags/tutorial_etl_dag.py
[2025-05-02 17:24:21,474] {processor.py:641} INFO - Processing file /root/Documents/airflowalu/venv/lib/python3.9/site-packages/airflow/example_dags/tutorial_etl_dag.py for tasks to queue
[2025-05-02 17:24:21,474] {logging_mixin.py:115} INFO - [2025-05-02 17:24:21,474] {dagbag.py:507} INFO - Filling up the DagBag from /root/Documents/airflowalu/venv/lib/python3.9/site-packages/airflow/example_dags/tutorial_etl_dag.py
[2025-05-02 17:24:21,480] {processor.py:651} INFO - DAG(s) dict_keys(['tutorial_etl_dag']) retrieved from /root/Documents/airflowalu/venv/lib/python3.9/site-packages/airflow/example_dags/tutorial_etl_dag.py
[2025-05-02 17:24:21,489] {logging_mixin.py:115} INFO - [2025-05-02 17:24:21,489] {dag.py:2379} INFO - Sync 1 DAGs
[2025-05-02 17:24:21,498] {logging_mixin.py:115} INFO - [2025-05-02 17:24:21,498] {dag.py:2927} INFO - Setting next_dagrun for tutorial_etl_dag to None, run_after=None
[2025-05-02 17:24:21,508] {processor.py:161} INFO - Processing /root/Documents/airflowalu/venv/lib/python3.9/site-packages/airflow/example_dags/tutorial_etl_dag.py took 0.037 seconds
[2025-05-02 17:24:55,368] {processor.py:153} INFO - Started process (PID=11959) to work on /root/Documents/airflowalu/venv/lib/python3.9/site-packages/airflow/example_dags/tutorial_etl_dag.py
[2025-05-02 17:24:55,368] {processor.py:641} INFO - Processing file /root/Documents/airflowalu/venv/lib/python3.9/site-packages/airflow/example_dags/tutorial_etl_dag.py for tasks to queue
[2025-05-02 17:24:55,369] {logging_mixin.py:115} INFO - [2025-05-02 17:24:55,368] {dagbag.py:507} INFO - Filling up the DagBag from /root/Documents/airflowalu/venv/lib/python3.9/site-packages/airflow/example_dags/tutorial_etl_dag.py
[2025-05-02 17:24:55,375] {processor.py:651} INFO - DAG(s) dict_keys(['tutorial_etl_dag']) retrieved from /root/Documents/airflowalu/venv/lib/python3.9/site-packages/airflow/example_dags/tutorial_etl_dag.py
[2025-05-02 17:24:55,382] {logging_mixin.py:115} INFO - [2025-05-02 17:24:55,382] {dag.py:2379} INFO - Sync 1 DAGs
[2025-05-02 17:24:55,391] {logging_mixin.py:115} INFO - [2025-05-02 17:24:55,391] {dag.py:2927} INFO - Setting next_dagrun for tutorial_etl_dag to None, run_after=None
[2025-05-02 17:24:55,403] {processor.py:161} INFO - Processing /root/Documents/airflowalu/venv/lib/python3.9/site-packages/airflow/example_dags/tutorial_etl_dag.py took 0.037 seconds
[2025-05-02 17:25:27,192] {processor.py:153} INFO - Started process (PID=12084) to work on /root/Documents/airflowalu/venv/lib/python3.9/site-packages/airflow/example_dags/tutorial_etl_dag.py
[2025-05-02 17:25:27,193] {processor.py:641} INFO - Processing file /root/Documents/airflowalu/venv/lib/python3.9/site-packages/airflow/example_dags/tutorial_etl_dag.py for tasks to queue
[2025-05-02 17:25:27,193] {logging_mixin.py:115} INFO - [2025-05-02 17:25:27,193] {dagbag.py:507} INFO - Filling up the DagBag from /root/Documents/airflowalu/venv/lib/python3.9/site-packages/airflow/example_dags/tutorial_etl_dag.py
[2025-05-02 17:25:27,199] {processor.py:651} INFO - DAG(s) dict_keys(['tutorial_etl_dag']) retrieved from /root/Documents/airflowalu/venv/lib/python3.9/site-packages/airflow/example_dags/tutorial_etl_dag.py
[2025-05-02 17:25:27,207] {logging_mixin.py:115} INFO - [2025-05-02 17:25:27,207] {dag.py:2379} INFO - Sync 1 DAGs
[2025-05-02 17:25:27,216] {logging_mixin.py:115} INFO - [2025-05-02 17:25:27,216] {dag.py:2927} INFO - Setting next_dagrun for tutorial_etl_dag to None, run_after=None
[2025-05-02 17:25:27,226] {processor.py:161} INFO - Processing /root/Documents/airflowalu/venv/lib/python3.9/site-packages/airflow/example_dags/tutorial_etl_dag.py took 0.035 seconds
[2025-05-02 17:25:57,600] {processor.py:153} INFO - Started process (PID=12224) to work on /root/Documents/airflowalu/venv/lib/python3.9/site-packages/airflow/example_dags/tutorial_etl_dag.py
[2025-05-02 17:25:57,601] {processor.py:641} INFO - Processing file /root/Documents/airflowalu/venv/lib/python3.9/site-packages/airflow/example_dags/tutorial_etl_dag.py for tasks to queue
[2025-05-02 17:25:57,602] {logging_mixin.py:115} INFO - [2025-05-02 17:25:57,601] {dagbag.py:507} INFO - Filling up the DagBag from /root/Documents/airflowalu/venv/lib/python3.9/site-packages/airflow/example_dags/tutorial_etl_dag.py
[2025-05-02 17:25:57,608] {processor.py:651} INFO - DAG(s) dict_keys(['tutorial_etl_dag']) retrieved from /root/Documents/airflowalu/venv/lib/python3.9/site-packages/airflow/example_dags/tutorial_etl_dag.py
[2025-05-02 17:25:57,616] {logging_mixin.py:115} INFO - [2025-05-02 17:25:57,616] {dag.py:2379} INFO - Sync 1 DAGs
[2025-05-02 17:25:57,626] {logging_mixin.py:115} INFO - [2025-05-02 17:25:57,625] {dag.py:2927} INFO - Setting next_dagrun for tutorial_etl_dag to None, run_after=None
[2025-05-02 17:25:57,635] {processor.py:161} INFO - Processing /root/Documents/airflowalu/venv/lib/python3.9/site-packages/airflow/example_dags/tutorial_etl_dag.py took 0.036 seconds
[2025-05-02 17:26:33,627] {processor.py:153} INFO - Started process (PID=12375) to work on /root/Documents/airflowalu/venv/lib/python3.9/site-packages/airflow/example_dags/tutorial_etl_dag.py
[2025-05-02 17:26:33,628] {processor.py:641} INFO - Processing file /root/Documents/airflowalu/venv/lib/python3.9/site-packages/airflow/example_dags/tutorial_etl_dag.py for tasks to queue
[2025-05-02 17:26:33,628] {logging_mixin.py:115} INFO - [2025-05-02 17:26:33,628] {dagbag.py:507} INFO - Filling up the DagBag from /root/Documents/airflowalu/venv/lib/python3.9/site-packages/airflow/example_dags/tutorial_etl_dag.py
[2025-05-02 17:26:33,633] {processor.py:651} INFO - DAG(s) dict_keys(['tutorial_etl_dag']) retrieved from /root/Documents/airflowalu/venv/lib/python3.9/site-packages/airflow/example_dags/tutorial_etl_dag.py
[2025-05-02 17:26:33,641] {logging_mixin.py:115} INFO - [2025-05-02 17:26:33,641] {dag.py:2379} INFO - Sync 1 DAGs
[2025-05-02 17:26:33,649] {logging_mixin.py:115} INFO - [2025-05-02 17:26:33,649] {dag.py:2927} INFO - Setting next_dagrun for tutorial_etl_dag to None, run_after=None
[2025-05-02 17:26:33,661] {processor.py:161} INFO - Processing /root/Documents/airflowalu/venv/lib/python3.9/site-packages/airflow/example_dags/tutorial_etl_dag.py took 0.036 seconds
[2025-05-02 17:27:05,366] {processor.py:153} INFO - Started process (PID=12507) to work on /root/Documents/airflowalu/venv/lib/python3.9/site-packages/airflow/example_dags/tutorial_etl_dag.py
[2025-05-02 17:27:05,366] {processor.py:641} INFO - Processing file /root/Documents/airflowalu/venv/lib/python3.9/site-packages/airflow/example_dags/tutorial_etl_dag.py for tasks to queue
[2025-05-02 17:27:05,367] {logging_mixin.py:115} INFO - [2025-05-02 17:27:05,366] {dagbag.py:507} INFO - Filling up the DagBag from /root/Documents/airflowalu/venv/lib/python3.9/site-packages/airflow/example_dags/tutorial_etl_dag.py
[2025-05-02 17:27:05,372] {processor.py:651} INFO - DAG(s) dict_keys(['tutorial_etl_dag']) retrieved from /root/Documents/airflowalu/venv/lib/python3.9/site-packages/airflow/example_dags/tutorial_etl_dag.py
[2025-05-02 17:27:05,381] {logging_mixin.py:115} INFO - [2025-05-02 17:27:05,381] {dag.py:2379} INFO - Sync 1 DAGs
[2025-05-02 17:27:05,390] {logging_mixin.py:115} INFO - [2025-05-02 17:27:05,390] {dag.py:2927} INFO - Setting next_dagrun for tutorial_etl_dag to None, run_after=None
[2025-05-02 17:27:05,402] {processor.py:161} INFO - Processing /root/Documents/airflowalu/venv/lib/python3.9/site-packages/airflow/example_dags/tutorial_etl_dag.py took 0.038 seconds
[2025-05-02 17:27:38,714] {processor.py:153} INFO - Started process (PID=12645) to work on /root/Documents/airflowalu/venv/lib/python3.9/site-packages/airflow/example_dags/tutorial_etl_dag.py
[2025-05-02 17:27:38,715] {processor.py:641} INFO - Processing file /root/Documents/airflowalu/venv/lib/python3.9/site-packages/airflow/example_dags/tutorial_etl_dag.py for tasks to queue
[2025-05-02 17:27:38,716] {logging_mixin.py:115} INFO - [2025-05-02 17:27:38,716] {dagbag.py:507} INFO - Filling up the DagBag from /root/Documents/airflowalu/venv/lib/python3.9/site-packages/airflow/example_dags/tutorial_etl_dag.py
[2025-05-02 17:27:38,720] {processor.py:651} INFO - DAG(s) dict_keys(['tutorial_etl_dag']) retrieved from /root/Documents/airflowalu/venv/lib/python3.9/site-packages/airflow/example_dags/tutorial_etl_dag.py
[2025-05-02 17:27:38,730] {logging_mixin.py:115} INFO - [2025-05-02 17:27:38,730] {dag.py:2379} INFO - Sync 1 DAGs
[2025-05-02 17:27:38,740] {logging_mixin.py:115} INFO - [2025-05-02 17:27:38,740] {dag.py:2927} INFO - Setting next_dagrun for tutorial_etl_dag to None, run_after=None
[2025-05-02 17:27:38,750] {processor.py:161} INFO - Processing /root/Documents/airflowalu/venv/lib/python3.9/site-packages/airflow/example_dags/tutorial_etl_dag.py took 0.037 seconds
[2025-05-02 17:30:19,363] {processor.py:153} INFO - Started process (PID=13583) to work on /root/Documents/airflowalu/venv/lib/python3.9/site-packages/airflow/example_dags/tutorial_etl_dag.py
[2025-05-02 17:30:19,364] {processor.py:641} INFO - Processing file /root/Documents/airflowalu/venv/lib/python3.9/site-packages/airflow/example_dags/tutorial_etl_dag.py for tasks to queue
[2025-05-02 17:30:19,365] {logging_mixin.py:115} INFO - [2025-05-02 17:30:19,365] {dagbag.py:507} INFO - Filling up the DagBag from /root/Documents/airflowalu/venv/lib/python3.9/site-packages/airflow/example_dags/tutorial_etl_dag.py
[2025-05-02 17:30:19,369] {processor.py:651} INFO - DAG(s) dict_keys(['tutorial_etl_dag']) retrieved from /root/Documents/airflowalu/venv/lib/python3.9/site-packages/airflow/example_dags/tutorial_etl_dag.py
[2025-05-02 17:30:19,380] {logging_mixin.py:115} INFO - [2025-05-02 17:30:19,380] {dag.py:2379} INFO - Sync 1 DAGs
[2025-05-02 17:30:19,394] {logging_mixin.py:115} INFO - [2025-05-02 17:30:19,394] {dag.py:2927} INFO - Setting next_dagrun for tutorial_etl_dag to None, run_after=None
[2025-05-02 17:30:19,406] {processor.py:161} INFO - Processing /root/Documents/airflowalu/venv/lib/python3.9/site-packages/airflow/example_dags/tutorial_etl_dag.py took 0.045 seconds
[2025-05-02 17:30:50,860] {processor.py:153} INFO - Started process (PID=13797) to work on /root/Documents/airflowalu/venv/lib/python3.9/site-packages/airflow/example_dags/tutorial_etl_dag.py
[2025-05-02 17:30:50,861] {processor.py:641} INFO - Processing file /root/Documents/airflowalu/venv/lib/python3.9/site-packages/airflow/example_dags/tutorial_etl_dag.py for tasks to queue
[2025-05-02 17:30:50,861] {logging_mixin.py:115} INFO - [2025-05-02 17:30:50,861] {dagbag.py:507} INFO - Filling up the DagBag from /root/Documents/airflowalu/venv/lib/python3.9/site-packages/airflow/example_dags/tutorial_etl_dag.py
[2025-05-02 17:30:50,866] {processor.py:651} INFO - DAG(s) dict_keys(['tutorial_etl_dag']) retrieved from /root/Documents/airflowalu/venv/lib/python3.9/site-packages/airflow/example_dags/tutorial_etl_dag.py
[2025-05-02 17:30:50,876] {logging_mixin.py:115} INFO - [2025-05-02 17:30:50,876] {dag.py:2379} INFO - Sync 1 DAGs
[2025-05-02 17:30:50,887] {logging_mixin.py:115} INFO - [2025-05-02 17:30:50,887] {dag.py:2927} INFO - Setting next_dagrun for tutorial_etl_dag to None, run_after=None
[2025-05-02 17:30:50,899] {processor.py:161} INFO - Processing /root/Documents/airflowalu/venv/lib/python3.9/site-packages/airflow/example_dags/tutorial_etl_dag.py took 0.041 seconds
[2025-05-02 20:40:17,844] {processor.py:153} INFO - Started process (PID=524) to work on /root/Documents/airflowalu/venv/lib/python3.9/site-packages/airflow/example_dags/tutorial_etl_dag.py
[2025-05-02 20:40:17,845] {processor.py:641} INFO - Processing file /root/Documents/airflowalu/venv/lib/python3.9/site-packages/airflow/example_dags/tutorial_etl_dag.py for tasks to queue
[2025-05-02 20:40:17,846] {logging_mixin.py:115} INFO - [2025-05-02 20:40:17,846] {dagbag.py:507} INFO - Filling up the DagBag from /root/Documents/airflowalu/venv/lib/python3.9/site-packages/airflow/example_dags/tutorial_etl_dag.py
[2025-05-02 20:40:17,849] {processor.py:651} INFO - DAG(s) dict_keys(['tutorial_etl_dag']) retrieved from /root/Documents/airflowalu/venv/lib/python3.9/site-packages/airflow/example_dags/tutorial_etl_dag.py
[2025-05-02 20:40:17,856] {logging_mixin.py:115} INFO - [2025-05-02 20:40:17,856] {dag.py:2379} INFO - Sync 1 DAGs
[2025-05-02 20:40:17,865] {logging_mixin.py:115} INFO - [2025-05-02 20:40:17,865] {dag.py:2927} INFO - Setting next_dagrun for tutorial_etl_dag to None, run_after=None
[2025-05-02 20:40:17,874] {processor.py:161} INFO - Processing /root/Documents/airflowalu/venv/lib/python3.9/site-packages/airflow/example_dags/tutorial_etl_dag.py took 0.031 seconds
