[2025-05-02 16:52:26,241] {processor.py:153} INFO - Started process (PID=2842) to work on /root/Documents/airflowalu/venv/lib/python3.9/site-packages/airflow/example_dags/tutorial_taskflow_api_etl_virtualenv.py
[2025-05-02 16:52:26,241] {processor.py:641} INFO - Processing file /root/Documents/airflowalu/venv/lib/python3.9/site-packages/airflow/example_dags/tutorial_taskflow_api_etl_virtualenv.py for tasks to queue
[2025-05-02 16:52:26,241] {logging_mixin.py:115} INFO - [2025-05-02 16:52:26,241] {dagbag.py:507} INFO - Filling up the DagBag from /root/Documents/airflowalu/venv/lib/python3.9/site-packages/airflow/example_dags/tutorial_taskflow_api_etl_virtualenv.py
[2025-05-02 16:52:26,288] {logging_mixin.py:115} INFO - [2025-05-02 16:52:26,288] {tutorial_taskflow_api_etl_virtualenv.py:29} WARNING - The tutorial_taskflow_api_etl_virtualenv example DAG requires virtualenv, please install it.
[2025-05-02 16:52:26,288] {processor.py:653} WARNING - No viable dags retrieved from /root/Documents/airflowalu/venv/lib/python3.9/site-packages/airflow/example_dags/tutorial_taskflow_api_etl_virtualenv.py
[2025-05-02 16:52:26,293] {processor.py:161} INFO - Processing /root/Documents/airflowalu/venv/lib/python3.9/site-packages/airflow/example_dags/tutorial_taskflow_api_etl_virtualenv.py took 0.054 seconds
[2025-05-02 16:52:58,407] {processor.py:153} INFO - Started process (PID=2903) to work on /root/Documents/airflowalu/venv/lib/python3.9/site-packages/airflow/example_dags/tutorial_taskflow_api_etl_virtualenv.py
[2025-05-02 16:52:58,408] {processor.py:641} INFO - Processing file /root/Documents/airflowalu/venv/lib/python3.9/site-packages/airflow/example_dags/tutorial_taskflow_api_etl_virtualenv.py for tasks to queue
[2025-05-02 16:52:58,408] {logging_mixin.py:115} INFO - [2025-05-02 16:52:58,408] {dagbag.py:507} INFO - Filling up the DagBag from /root/Documents/airflowalu/venv/lib/python3.9/site-packages/airflow/example_dags/tutorial_taskflow_api_etl_virtualenv.py
[2025-05-02 16:52:58,454] {logging_mixin.py:115} INFO - [2025-05-02 16:52:58,454] {tutorial_taskflow_api_etl_virtualenv.py:29} WARNING - The tutorial_taskflow_api_etl_virtualenv example DAG requires virtualenv, please install it.
[2025-05-02 16:52:58,454] {processor.py:653} WARNING - No viable dags retrieved from /root/Documents/airflowalu/venv/lib/python3.9/site-packages/airflow/example_dags/tutorial_taskflow_api_etl_virtualenv.py
[2025-05-02 16:52:58,459] {processor.py:161} INFO - Processing /root/Documents/airflowalu/venv/lib/python3.9/site-packages/airflow/example_dags/tutorial_taskflow_api_etl_virtualenv.py took 0.054 seconds
[2025-05-02 16:53:29,925] {processor.py:153} INFO - Started process (PID=3515) to work on /root/Documents/airflowalu/venv/lib/python3.9/site-packages/airflow/example_dags/tutorial_taskflow_api_etl_virtualenv.py
[2025-05-02 16:53:29,926] {processor.py:641} INFO - Processing file /root/Documents/airflowalu/venv/lib/python3.9/site-packages/airflow/example_dags/tutorial_taskflow_api_etl_virtualenv.py for tasks to queue
[2025-05-02 16:53:29,926] {logging_mixin.py:115} INFO - [2025-05-02 16:53:29,926] {dagbag.py:507} INFO - Filling up the DagBag from /root/Documents/airflowalu/venv/lib/python3.9/site-packages/airflow/example_dags/tutorial_taskflow_api_etl_virtualenv.py
[2025-05-02 16:53:29,966] {logging_mixin.py:115} INFO - [2025-05-02 16:53:29,966] {tutorial_taskflow_api_etl_virtualenv.py:29} WARNING - The tutorial_taskflow_api_etl_virtualenv example DAG requires virtualenv, please install it.
[2025-05-02 16:53:29,967] {processor.py:653} WARNING - No viable dags retrieved from /root/Documents/airflowalu/venv/lib/python3.9/site-packages/airflow/example_dags/tutorial_taskflow_api_etl_virtualenv.py
[2025-05-02 16:53:29,975] {processor.py:161} INFO - Processing /root/Documents/airflowalu/venv/lib/python3.9/site-packages/airflow/example_dags/tutorial_taskflow_api_etl_virtualenv.py took 0.053 seconds
[2025-05-02 16:54:01,919] {processor.py:153} INFO - Started process (PID=3722) to work on /root/Documents/airflowalu/venv/lib/python3.9/site-packages/airflow/example_dags/tutorial_taskflow_api_etl_virtualenv.py
[2025-05-02 16:54:01,920] {processor.py:641} INFO - Processing file /root/Documents/airflowalu/venv/lib/python3.9/site-packages/airflow/example_dags/tutorial_taskflow_api_etl_virtualenv.py for tasks to queue
[2025-05-02 16:54:01,921] {logging_mixin.py:115} INFO - [2025-05-02 16:54:01,920] {dagbag.py:507} INFO - Filling up the DagBag from /root/Documents/airflowalu/venv/lib/python3.9/site-packages/airflow/example_dags/tutorial_taskflow_api_etl_virtualenv.py
[2025-05-02 16:54:01,959] {logging_mixin.py:115} INFO - [2025-05-02 16:54:01,959] {tutorial_taskflow_api_etl_virtualenv.py:29} WARNING - The tutorial_taskflow_api_etl_virtualenv example DAG requires virtualenv, please install it.
[2025-05-02 16:54:01,959] {processor.py:653} WARNING - No viable dags retrieved from /root/Documents/airflowalu/venv/lib/python3.9/site-packages/airflow/example_dags/tutorial_taskflow_api_etl_virtualenv.py
[2025-05-02 16:54:01,965] {processor.py:161} INFO - Processing /root/Documents/airflowalu/venv/lib/python3.9/site-packages/airflow/example_dags/tutorial_taskflow_api_etl_virtualenv.py took 0.047 seconds
[2025-05-02 16:54:33,961] {processor.py:153} INFO - Started process (PID=3854) to work on /root/Documents/airflowalu/venv/lib/python3.9/site-packages/airflow/example_dags/tutorial_taskflow_api_etl_virtualenv.py
[2025-05-02 16:54:33,962] {processor.py:641} INFO - Processing file /root/Documents/airflowalu/venv/lib/python3.9/site-packages/airflow/example_dags/tutorial_taskflow_api_etl_virtualenv.py for tasks to queue
[2025-05-02 16:54:33,962] {logging_mixin.py:115} INFO - [2025-05-02 16:54:33,962] {dagbag.py:507} INFO - Filling up the DagBag from /root/Documents/airflowalu/venv/lib/python3.9/site-packages/airflow/example_dags/tutorial_taskflow_api_etl_virtualenv.py
[2025-05-02 16:54:33,996] {logging_mixin.py:115} INFO - [2025-05-02 16:54:33,996] {tutorial_taskflow_api_etl_virtualenv.py:29} WARNING - The tutorial_taskflow_api_etl_virtualenv example DAG requires virtualenv, please install it.
[2025-05-02 16:54:33,996] {processor.py:653} WARNING - No viable dags retrieved from /root/Documents/airflowalu/venv/lib/python3.9/site-packages/airflow/example_dags/tutorial_taskflow_api_etl_virtualenv.py
[2025-05-02 16:54:34,002] {processor.py:161} INFO - Processing /root/Documents/airflowalu/venv/lib/python3.9/site-packages/airflow/example_dags/tutorial_taskflow_api_etl_virtualenv.py took 0.043 seconds
[2025-05-02 16:55:05,013] {processor.py:153} INFO - Started process (PID=3986) to work on /root/Documents/airflowalu/venv/lib/python3.9/site-packages/airflow/example_dags/tutorial_taskflow_api_etl_virtualenv.py
[2025-05-02 16:55:05,014] {processor.py:641} INFO - Processing file /root/Documents/airflowalu/venv/lib/python3.9/site-packages/airflow/example_dags/tutorial_taskflow_api_etl_virtualenv.py for tasks to queue
[2025-05-02 16:55:05,014] {logging_mixin.py:115} INFO - [2025-05-02 16:55:05,014] {dagbag.py:507} INFO - Filling up the DagBag from /root/Documents/airflowalu/venv/lib/python3.9/site-packages/airflow/example_dags/tutorial_taskflow_api_etl_virtualenv.py
[2025-05-02 16:55:05,048] {logging_mixin.py:115} INFO - [2025-05-02 16:55:05,048] {tutorial_taskflow_api_etl_virtualenv.py:29} WARNING - The tutorial_taskflow_api_etl_virtualenv example DAG requires virtualenv, please install it.
[2025-05-02 16:55:05,048] {processor.py:653} WARNING - No viable dags retrieved from /root/Documents/airflowalu/venv/lib/python3.9/site-packages/airflow/example_dags/tutorial_taskflow_api_etl_virtualenv.py
[2025-05-02 16:55:05,054] {processor.py:161} INFO - Processing /root/Documents/airflowalu/venv/lib/python3.9/site-packages/airflow/example_dags/tutorial_taskflow_api_etl_virtualenv.py took 0.042 seconds
[2025-05-02 16:55:36,209] {processor.py:153} INFO - Started process (PID=4411) to work on /root/Documents/airflowalu/venv/lib/python3.9/site-packages/airflow/example_dags/tutorial_taskflow_api_etl_virtualenv.py
[2025-05-02 16:55:36,210] {processor.py:641} INFO - Processing file /root/Documents/airflowalu/venv/lib/python3.9/site-packages/airflow/example_dags/tutorial_taskflow_api_etl_virtualenv.py for tasks to queue
[2025-05-02 16:55:36,211] {logging_mixin.py:115} INFO - [2025-05-02 16:55:36,210] {dagbag.py:507} INFO - Filling up the DagBag from /root/Documents/airflowalu/venv/lib/python3.9/site-packages/airflow/example_dags/tutorial_taskflow_api_etl_virtualenv.py
[2025-05-02 16:55:36,246] {logging_mixin.py:115} INFO - [2025-05-02 16:55:36,246] {tutorial_taskflow_api_etl_virtualenv.py:29} WARNING - The tutorial_taskflow_api_etl_virtualenv example DAG requires virtualenv, please install it.
[2025-05-02 16:55:36,246] {processor.py:653} WARNING - No viable dags retrieved from /root/Documents/airflowalu/venv/lib/python3.9/site-packages/airflow/example_dags/tutorial_taskflow_api_etl_virtualenv.py
[2025-05-02 16:55:36,252] {processor.py:161} INFO - Processing /root/Documents/airflowalu/venv/lib/python3.9/site-packages/airflow/example_dags/tutorial_taskflow_api_etl_virtualenv.py took 0.044 seconds
[2025-05-02 16:56:08,376] {processor.py:153} INFO - Started process (PID=4549) to work on /root/Documents/airflowalu/venv/lib/python3.9/site-packages/airflow/example_dags/tutorial_taskflow_api_etl_virtualenv.py
[2025-05-02 16:56:08,377] {processor.py:641} INFO - Processing file /root/Documents/airflowalu/venv/lib/python3.9/site-packages/airflow/example_dags/tutorial_taskflow_api_etl_virtualenv.py for tasks to queue
[2025-05-02 16:56:08,377] {logging_mixin.py:115} INFO - [2025-05-02 16:56:08,377] {dagbag.py:507} INFO - Filling up the DagBag from /root/Documents/airflowalu/venv/lib/python3.9/site-packages/airflow/example_dags/tutorial_taskflow_api_etl_virtualenv.py
[2025-05-02 16:56:08,412] {logging_mixin.py:115} INFO - [2025-05-02 16:56:08,412] {tutorial_taskflow_api_etl_virtualenv.py:29} WARNING - The tutorial_taskflow_api_etl_virtualenv example DAG requires virtualenv, please install it.
[2025-05-02 16:56:08,413] {processor.py:653} WARNING - No viable dags retrieved from /root/Documents/airflowalu/venv/lib/python3.9/site-packages/airflow/example_dags/tutorial_taskflow_api_etl_virtualenv.py
[2025-05-02 16:56:08,419] {processor.py:161} INFO - Processing /root/Documents/airflowalu/venv/lib/python3.9/site-packages/airflow/example_dags/tutorial_taskflow_api_etl_virtualenv.py took 0.044 seconds
[2025-05-02 16:56:38,741] {processor.py:153} INFO - Started process (PID=4676) to work on /root/Documents/airflowalu/venv/lib/python3.9/site-packages/airflow/example_dags/tutorial_taskflow_api_etl_virtualenv.py
[2025-05-02 16:56:38,741] {processor.py:641} INFO - Processing file /root/Documents/airflowalu/venv/lib/python3.9/site-packages/airflow/example_dags/tutorial_taskflow_api_etl_virtualenv.py for tasks to queue
[2025-05-02 16:56:38,742] {logging_mixin.py:115} INFO - [2025-05-02 16:56:38,742] {dagbag.py:507} INFO - Filling up the DagBag from /root/Documents/airflowalu/venv/lib/python3.9/site-packages/airflow/example_dags/tutorial_taskflow_api_etl_virtualenv.py
[2025-05-02 16:56:38,775] {logging_mixin.py:115} INFO - [2025-05-02 16:56:38,775] {tutorial_taskflow_api_etl_virtualenv.py:29} WARNING - The tutorial_taskflow_api_etl_virtualenv example DAG requires virtualenv, please install it.
[2025-05-02 16:56:38,775] {processor.py:653} WARNING - No viable dags retrieved from /root/Documents/airflowalu/venv/lib/python3.9/site-packages/airflow/example_dags/tutorial_taskflow_api_etl_virtualenv.py
[2025-05-02 16:56:38,781] {processor.py:161} INFO - Processing /root/Documents/airflowalu/venv/lib/python3.9/site-packages/airflow/example_dags/tutorial_taskflow_api_etl_virtualenv.py took 0.042 seconds
[2025-05-02 16:57:10,176] {processor.py:153} INFO - Started process (PID=4815) to work on /root/Documents/airflowalu/venv/lib/python3.9/site-packages/airflow/example_dags/tutorial_taskflow_api_etl_virtualenv.py
[2025-05-02 16:57:10,177] {processor.py:641} INFO - Processing file /root/Documents/airflowalu/venv/lib/python3.9/site-packages/airflow/example_dags/tutorial_taskflow_api_etl_virtualenv.py for tasks to queue
[2025-05-02 16:57:10,177] {logging_mixin.py:115} INFO - [2025-05-02 16:57:10,177] {dagbag.py:507} INFO - Filling up the DagBag from /root/Documents/airflowalu/venv/lib/python3.9/site-packages/airflow/example_dags/tutorial_taskflow_api_etl_virtualenv.py
[2025-05-02 16:57:10,211] {logging_mixin.py:115} INFO - [2025-05-02 16:57:10,211] {tutorial_taskflow_api_etl_virtualenv.py:29} WARNING - The tutorial_taskflow_api_etl_virtualenv example DAG requires virtualenv, please install it.
[2025-05-02 16:57:10,211] {processor.py:653} WARNING - No viable dags retrieved from /root/Documents/airflowalu/venv/lib/python3.9/site-packages/airflow/example_dags/tutorial_taskflow_api_etl_virtualenv.py
[2025-05-02 16:57:10,217] {processor.py:161} INFO - Processing /root/Documents/airflowalu/venv/lib/python3.9/site-packages/airflow/example_dags/tutorial_taskflow_api_etl_virtualenv.py took 0.043 seconds
[2025-05-02 16:57:42,169] {processor.py:153} INFO - Started process (PID=4946) to work on /root/Documents/airflowalu/venv/lib/python3.9/site-packages/airflow/example_dags/tutorial_taskflow_api_etl_virtualenv.py
[2025-05-02 16:57:42,170] {processor.py:641} INFO - Processing file /root/Documents/airflowalu/venv/lib/python3.9/site-packages/airflow/example_dags/tutorial_taskflow_api_etl_virtualenv.py for tasks to queue
[2025-05-02 16:57:42,170] {logging_mixin.py:115} INFO - [2025-05-02 16:57:42,170] {dagbag.py:507} INFO - Filling up the DagBag from /root/Documents/airflowalu/venv/lib/python3.9/site-packages/airflow/example_dags/tutorial_taskflow_api_etl_virtualenv.py
[2025-05-02 16:57:42,203] {logging_mixin.py:115} INFO - [2025-05-02 16:57:42,203] {tutorial_taskflow_api_etl_virtualenv.py:29} WARNING - The tutorial_taskflow_api_etl_virtualenv example DAG requires virtualenv, please install it.
[2025-05-02 16:57:42,203] {processor.py:653} WARNING - No viable dags retrieved from /root/Documents/airflowalu/venv/lib/python3.9/site-packages/airflow/example_dags/tutorial_taskflow_api_etl_virtualenv.py
[2025-05-02 16:57:42,209] {processor.py:161} INFO - Processing /root/Documents/airflowalu/venv/lib/python3.9/site-packages/airflow/example_dags/tutorial_taskflow_api_etl_virtualenv.py took 0.041 seconds
[2025-05-02 16:58:12,902] {processor.py:153} INFO - Started process (PID=5081) to work on /root/Documents/airflowalu/venv/lib/python3.9/site-packages/airflow/example_dags/tutorial_taskflow_api_etl_virtualenv.py
[2025-05-02 16:58:12,902] {processor.py:641} INFO - Processing file /root/Documents/airflowalu/venv/lib/python3.9/site-packages/airflow/example_dags/tutorial_taskflow_api_etl_virtualenv.py for tasks to queue
[2025-05-02 16:58:12,902] {logging_mixin.py:115} INFO - [2025-05-02 16:58:12,902] {dagbag.py:507} INFO - Filling up the DagBag from /root/Documents/airflowalu/venv/lib/python3.9/site-packages/airflow/example_dags/tutorial_taskflow_api_etl_virtualenv.py
[2025-05-02 16:58:12,934] {logging_mixin.py:115} INFO - [2025-05-02 16:58:12,934] {tutorial_taskflow_api_etl_virtualenv.py:29} WARNING - The tutorial_taskflow_api_etl_virtualenv example DAG requires virtualenv, please install it.
[2025-05-02 16:58:12,935] {processor.py:653} WARNING - No viable dags retrieved from /root/Documents/airflowalu/venv/lib/python3.9/site-packages/airflow/example_dags/tutorial_taskflow_api_etl_virtualenv.py
[2025-05-02 16:58:12,940] {processor.py:161} INFO - Processing /root/Documents/airflowalu/venv/lib/python3.9/site-packages/airflow/example_dags/tutorial_taskflow_api_etl_virtualenv.py took 0.040 seconds
[2025-05-02 16:58:43,771] {processor.py:153} INFO - Started process (PID=5212) to work on /root/Documents/airflowalu/venv/lib/python3.9/site-packages/airflow/example_dags/tutorial_taskflow_api_etl_virtualenv.py
[2025-05-02 16:58:43,771] {processor.py:641} INFO - Processing file /root/Documents/airflowalu/venv/lib/python3.9/site-packages/airflow/example_dags/tutorial_taskflow_api_etl_virtualenv.py for tasks to queue
[2025-05-02 16:58:43,772] {logging_mixin.py:115} INFO - [2025-05-02 16:58:43,772] {dagbag.py:507} INFO - Filling up the DagBag from /root/Documents/airflowalu/venv/lib/python3.9/site-packages/airflow/example_dags/tutorial_taskflow_api_etl_virtualenv.py
[2025-05-02 16:58:43,803] {logging_mixin.py:115} INFO - [2025-05-02 16:58:43,803] {tutorial_taskflow_api_etl_virtualenv.py:29} WARNING - The tutorial_taskflow_api_etl_virtualenv example DAG requires virtualenv, please install it.
[2025-05-02 16:58:43,803] {processor.py:653} WARNING - No viable dags retrieved from /root/Documents/airflowalu/venv/lib/python3.9/site-packages/airflow/example_dags/tutorial_taskflow_api_etl_virtualenv.py
[2025-05-02 16:58:43,809] {processor.py:161} INFO - Processing /root/Documents/airflowalu/venv/lib/python3.9/site-packages/airflow/example_dags/tutorial_taskflow_api_etl_virtualenv.py took 0.040 seconds
[2025-05-02 16:59:17,527] {processor.py:153} INFO - Started process (PID=5350) to work on /root/Documents/airflowalu/venv/lib/python3.9/site-packages/airflow/example_dags/tutorial_taskflow_api_etl_virtualenv.py
[2025-05-02 16:59:17,528] {processor.py:641} INFO - Processing file /root/Documents/airflowalu/venv/lib/python3.9/site-packages/airflow/example_dags/tutorial_taskflow_api_etl_virtualenv.py for tasks to queue
[2025-05-02 16:59:17,528] {logging_mixin.py:115} INFO - [2025-05-02 16:59:17,528] {dagbag.py:507} INFO - Filling up the DagBag from /root/Documents/airflowalu/venv/lib/python3.9/site-packages/airflow/example_dags/tutorial_taskflow_api_etl_virtualenv.py
[2025-05-02 16:59:17,560] {logging_mixin.py:115} INFO - [2025-05-02 16:59:17,560] {tutorial_taskflow_api_etl_virtualenv.py:29} WARNING - The tutorial_taskflow_api_etl_virtualenv example DAG requires virtualenv, please install it.
[2025-05-02 16:59:17,561] {processor.py:653} WARNING - No viable dags retrieved from /root/Documents/airflowalu/venv/lib/python3.9/site-packages/airflow/example_dags/tutorial_taskflow_api_etl_virtualenv.py
[2025-05-02 16:59:17,566] {processor.py:161} INFO - Processing /root/Documents/airflowalu/venv/lib/python3.9/site-packages/airflow/example_dags/tutorial_taskflow_api_etl_virtualenv.py took 0.041 seconds
[2025-05-02 16:59:48,759] {processor.py:153} INFO - Started process (PID=5481) to work on /root/Documents/airflowalu/venv/lib/python3.9/site-packages/airflow/example_dags/tutorial_taskflow_api_etl_virtualenv.py
[2025-05-02 16:59:48,760] {processor.py:641} INFO - Processing file /root/Documents/airflowalu/venv/lib/python3.9/site-packages/airflow/example_dags/tutorial_taskflow_api_etl_virtualenv.py for tasks to queue
[2025-05-02 16:59:48,760] {logging_mixin.py:115} INFO - [2025-05-02 16:59:48,760] {dagbag.py:507} INFO - Filling up the DagBag from /root/Documents/airflowalu/venv/lib/python3.9/site-packages/airflow/example_dags/tutorial_taskflow_api_etl_virtualenv.py
[2025-05-02 16:59:48,795] {logging_mixin.py:115} INFO - [2025-05-02 16:59:48,795] {tutorial_taskflow_api_etl_virtualenv.py:29} WARNING - The tutorial_taskflow_api_etl_virtualenv example DAG requires virtualenv, please install it.
[2025-05-02 16:59:48,795] {processor.py:653} WARNING - No viable dags retrieved from /root/Documents/airflowalu/venv/lib/python3.9/site-packages/airflow/example_dags/tutorial_taskflow_api_etl_virtualenv.py
[2025-05-02 16:59:48,801] {processor.py:161} INFO - Processing /root/Documents/airflowalu/venv/lib/python3.9/site-packages/airflow/example_dags/tutorial_taskflow_api_etl_virtualenv.py took 0.045 seconds
[2025-05-02 17:00:21,113] {processor.py:153} INFO - Started process (PID=5619) to work on /root/Documents/airflowalu/venv/lib/python3.9/site-packages/airflow/example_dags/tutorial_taskflow_api_etl_virtualenv.py
[2025-05-02 17:00:21,113] {processor.py:641} INFO - Processing file /root/Documents/airflowalu/venv/lib/python3.9/site-packages/airflow/example_dags/tutorial_taskflow_api_etl_virtualenv.py for tasks to queue
[2025-05-02 17:00:21,114] {logging_mixin.py:115} INFO - [2025-05-02 17:00:21,113] {dagbag.py:507} INFO - Filling up the DagBag from /root/Documents/airflowalu/venv/lib/python3.9/site-packages/airflow/example_dags/tutorial_taskflow_api_etl_virtualenv.py
[2025-05-02 17:00:21,148] {logging_mixin.py:115} INFO - [2025-05-02 17:00:21,148] {tutorial_taskflow_api_etl_virtualenv.py:29} WARNING - The tutorial_taskflow_api_etl_virtualenv example DAG requires virtualenv, please install it.
[2025-05-02 17:00:21,148] {processor.py:653} WARNING - No viable dags retrieved from /root/Documents/airflowalu/venv/lib/python3.9/site-packages/airflow/example_dags/tutorial_taskflow_api_etl_virtualenv.py
[2025-05-02 17:00:21,154] {processor.py:161} INFO - Processing /root/Documents/airflowalu/venv/lib/python3.9/site-packages/airflow/example_dags/tutorial_taskflow_api_etl_virtualenv.py took 0.043 seconds
[2025-05-02 17:00:52,126] {processor.py:153} INFO - Started process (PID=5759) to work on /root/Documents/airflowalu/venv/lib/python3.9/site-packages/airflow/example_dags/tutorial_taskflow_api_etl_virtualenv.py
[2025-05-02 17:00:52,126] {processor.py:641} INFO - Processing file /root/Documents/airflowalu/venv/lib/python3.9/site-packages/airflow/example_dags/tutorial_taskflow_api_etl_virtualenv.py for tasks to queue
[2025-05-02 17:00:52,127] {logging_mixin.py:115} INFO - [2025-05-02 17:00:52,126] {dagbag.py:507} INFO - Filling up the DagBag from /root/Documents/airflowalu/venv/lib/python3.9/site-packages/airflow/example_dags/tutorial_taskflow_api_etl_virtualenv.py
[2025-05-02 17:00:52,160] {logging_mixin.py:115} INFO - [2025-05-02 17:00:52,160] {tutorial_taskflow_api_etl_virtualenv.py:29} WARNING - The tutorial_taskflow_api_etl_virtualenv example DAG requires virtualenv, please install it.
[2025-05-02 17:00:52,160] {processor.py:653} WARNING - No viable dags retrieved from /root/Documents/airflowalu/venv/lib/python3.9/site-packages/airflow/example_dags/tutorial_taskflow_api_etl_virtualenv.py
[2025-05-02 17:00:52,166] {processor.py:161} INFO - Processing /root/Documents/airflowalu/venv/lib/python3.9/site-packages/airflow/example_dags/tutorial_taskflow_api_etl_virtualenv.py took 0.042 seconds
[2025-05-02 17:01:25,361] {processor.py:153} INFO - Started process (PID=5901) to work on /root/Documents/airflowalu/venv/lib/python3.9/site-packages/airflow/example_dags/tutorial_taskflow_api_etl_virtualenv.py
[2025-05-02 17:01:25,362] {processor.py:641} INFO - Processing file /root/Documents/airflowalu/venv/lib/python3.9/site-packages/airflow/example_dags/tutorial_taskflow_api_etl_virtualenv.py for tasks to queue
[2025-05-02 17:01:25,363] {logging_mixin.py:115} INFO - [2025-05-02 17:01:25,362] {dagbag.py:507} INFO - Filling up the DagBag from /root/Documents/airflowalu/venv/lib/python3.9/site-packages/airflow/example_dags/tutorial_taskflow_api_etl_virtualenv.py
[2025-05-02 17:01:25,405] {logging_mixin.py:115} INFO - [2025-05-02 17:01:25,404] {tutorial_taskflow_api_etl_virtualenv.py:29} WARNING - The tutorial_taskflow_api_etl_virtualenv example DAG requires virtualenv, please install it.
[2025-05-02 17:01:25,405] {processor.py:653} WARNING - No viable dags retrieved from /root/Documents/airflowalu/venv/lib/python3.9/site-packages/airflow/example_dags/tutorial_taskflow_api_etl_virtualenv.py
[2025-05-02 17:01:25,413] {processor.py:161} INFO - Processing /root/Documents/airflowalu/venv/lib/python3.9/site-packages/airflow/example_dags/tutorial_taskflow_api_etl_virtualenv.py took 0.054 seconds
[2025-05-02 17:01:56,264] {processor.py:153} INFO - Started process (PID=6032) to work on /root/Documents/airflowalu/venv/lib/python3.9/site-packages/airflow/example_dags/tutorial_taskflow_api_etl_virtualenv.py
[2025-05-02 17:01:56,264] {processor.py:641} INFO - Processing file /root/Documents/airflowalu/venv/lib/python3.9/site-packages/airflow/example_dags/tutorial_taskflow_api_etl_virtualenv.py for tasks to queue
[2025-05-02 17:01:56,265] {logging_mixin.py:115} INFO - [2025-05-02 17:01:56,265] {dagbag.py:507} INFO - Filling up the DagBag from /root/Documents/airflowalu/venv/lib/python3.9/site-packages/airflow/example_dags/tutorial_taskflow_api_etl_virtualenv.py
[2025-05-02 17:01:56,294] {logging_mixin.py:115} INFO - [2025-05-02 17:01:56,294] {tutorial_taskflow_api_etl_virtualenv.py:29} WARNING - The tutorial_taskflow_api_etl_virtualenv example DAG requires virtualenv, please install it.
[2025-05-02 17:01:56,294] {processor.py:653} WARNING - No viable dags retrieved from /root/Documents/airflowalu/venv/lib/python3.9/site-packages/airflow/example_dags/tutorial_taskflow_api_etl_virtualenv.py
[2025-05-02 17:01:56,300] {processor.py:161} INFO - Processing /root/Documents/airflowalu/venv/lib/python3.9/site-packages/airflow/example_dags/tutorial_taskflow_api_etl_virtualenv.py took 0.038 seconds
[2025-05-02 17:02:28,588] {processor.py:153} INFO - Started process (PID=6171) to work on /root/Documents/airflowalu/venv/lib/python3.9/site-packages/airflow/example_dags/tutorial_taskflow_api_etl_virtualenv.py
[2025-05-02 17:02:28,589] {processor.py:641} INFO - Processing file /root/Documents/airflowalu/venv/lib/python3.9/site-packages/airflow/example_dags/tutorial_taskflow_api_etl_virtualenv.py for tasks to queue
[2025-05-02 17:02:28,589] {logging_mixin.py:115} INFO - [2025-05-02 17:02:28,589] {dagbag.py:507} INFO - Filling up the DagBag from /root/Documents/airflowalu/venv/lib/python3.9/site-packages/airflow/example_dags/tutorial_taskflow_api_etl_virtualenv.py
[2025-05-02 17:02:28,620] {logging_mixin.py:115} INFO - [2025-05-02 17:02:28,620] {tutorial_taskflow_api_etl_virtualenv.py:29} WARNING - The tutorial_taskflow_api_etl_virtualenv example DAG requires virtualenv, please install it.
[2025-05-02 17:02:28,621] {processor.py:653} WARNING - No viable dags retrieved from /root/Documents/airflowalu/venv/lib/python3.9/site-packages/airflow/example_dags/tutorial_taskflow_api_etl_virtualenv.py
[2025-05-02 17:02:28,627] {processor.py:161} INFO - Processing /root/Documents/airflowalu/venv/lib/python3.9/site-packages/airflow/example_dags/tutorial_taskflow_api_etl_virtualenv.py took 0.040 seconds
[2025-05-02 17:02:58,965] {processor.py:153} INFO - Started process (PID=6296) to work on /root/Documents/airflowalu/venv/lib/python3.9/site-packages/airflow/example_dags/tutorial_taskflow_api_etl_virtualenv.py
[2025-05-02 17:02:58,966] {processor.py:641} INFO - Processing file /root/Documents/airflowalu/venv/lib/python3.9/site-packages/airflow/example_dags/tutorial_taskflow_api_etl_virtualenv.py for tasks to queue
[2025-05-02 17:02:58,966] {logging_mixin.py:115} INFO - [2025-05-02 17:02:58,966] {dagbag.py:507} INFO - Filling up the DagBag from /root/Documents/airflowalu/venv/lib/python3.9/site-packages/airflow/example_dags/tutorial_taskflow_api_etl_virtualenv.py
[2025-05-02 17:02:59,001] {logging_mixin.py:115} INFO - [2025-05-02 17:02:59,001] {tutorial_taskflow_api_etl_virtualenv.py:29} WARNING - The tutorial_taskflow_api_etl_virtualenv example DAG requires virtualenv, please install it.
[2025-05-02 17:02:59,001] {processor.py:653} WARNING - No viable dags retrieved from /root/Documents/airflowalu/venv/lib/python3.9/site-packages/airflow/example_dags/tutorial_taskflow_api_etl_virtualenv.py
[2025-05-02 17:02:59,008] {processor.py:161} INFO - Processing /root/Documents/airflowalu/venv/lib/python3.9/site-packages/airflow/example_dags/tutorial_taskflow_api_etl_virtualenv.py took 0.045 seconds
[2025-05-02 17:03:30,795] {processor.py:153} INFO - Started process (PID=6439) to work on /root/Documents/airflowalu/venv/lib/python3.9/site-packages/airflow/example_dags/tutorial_taskflow_api_etl_virtualenv.py
[2025-05-02 17:03:30,796] {processor.py:641} INFO - Processing file /root/Documents/airflowalu/venv/lib/python3.9/site-packages/airflow/example_dags/tutorial_taskflow_api_etl_virtualenv.py for tasks to queue
[2025-05-02 17:03:30,796] {logging_mixin.py:115} INFO - [2025-05-02 17:03:30,796] {dagbag.py:507} INFO - Filling up the DagBag from /root/Documents/airflowalu/venv/lib/python3.9/site-packages/airflow/example_dags/tutorial_taskflow_api_etl_virtualenv.py
[2025-05-02 17:03:30,830] {logging_mixin.py:115} INFO - [2025-05-02 17:03:30,830] {tutorial_taskflow_api_etl_virtualenv.py:29} WARNING - The tutorial_taskflow_api_etl_virtualenv example DAG requires virtualenv, please install it.
[2025-05-02 17:03:30,830] {processor.py:653} WARNING - No viable dags retrieved from /root/Documents/airflowalu/venv/lib/python3.9/site-packages/airflow/example_dags/tutorial_taskflow_api_etl_virtualenv.py
[2025-05-02 17:03:30,836] {processor.py:161} INFO - Processing /root/Documents/airflowalu/venv/lib/python3.9/site-packages/airflow/example_dags/tutorial_taskflow_api_etl_virtualenv.py took 0.043 seconds
[2025-05-02 17:04:02,824] {processor.py:153} INFO - Started process (PID=6572) to work on /root/Documents/airflowalu/venv/lib/python3.9/site-packages/airflow/example_dags/tutorial_taskflow_api_etl_virtualenv.py
[2025-05-02 17:04:02,825] {processor.py:641} INFO - Processing file /root/Documents/airflowalu/venv/lib/python3.9/site-packages/airflow/example_dags/tutorial_taskflow_api_etl_virtualenv.py for tasks to queue
[2025-05-02 17:04:02,825] {logging_mixin.py:115} INFO - [2025-05-02 17:04:02,825] {dagbag.py:507} INFO - Filling up the DagBag from /root/Documents/airflowalu/venv/lib/python3.9/site-packages/airflow/example_dags/tutorial_taskflow_api_etl_virtualenv.py
[2025-05-02 17:04:02,854] {logging_mixin.py:115} INFO - [2025-05-02 17:04:02,854] {tutorial_taskflow_api_etl_virtualenv.py:29} WARNING - The tutorial_taskflow_api_etl_virtualenv example DAG requires virtualenv, please install it.
[2025-05-02 17:04:02,854] {processor.py:653} WARNING - No viable dags retrieved from /root/Documents/airflowalu/venv/lib/python3.9/site-packages/airflow/example_dags/tutorial_taskflow_api_etl_virtualenv.py
[2025-05-02 17:04:02,861] {processor.py:161} INFO - Processing /root/Documents/airflowalu/venv/lib/python3.9/site-packages/airflow/example_dags/tutorial_taskflow_api_etl_virtualenv.py took 0.038 seconds
[2025-05-02 17:04:35,622] {processor.py:153} INFO - Started process (PID=6711) to work on /root/Documents/airflowalu/venv/lib/python3.9/site-packages/airflow/example_dags/tutorial_taskflow_api_etl_virtualenv.py
[2025-05-02 17:04:35,623] {processor.py:641} INFO - Processing file /root/Documents/airflowalu/venv/lib/python3.9/site-packages/airflow/example_dags/tutorial_taskflow_api_etl_virtualenv.py for tasks to queue
[2025-05-02 17:04:35,623] {logging_mixin.py:115} INFO - [2025-05-02 17:04:35,623] {dagbag.py:507} INFO - Filling up the DagBag from /root/Documents/airflowalu/venv/lib/python3.9/site-packages/airflow/example_dags/tutorial_taskflow_api_etl_virtualenv.py
[2025-05-02 17:04:35,658] {logging_mixin.py:115} INFO - [2025-05-02 17:04:35,658] {tutorial_taskflow_api_etl_virtualenv.py:29} WARNING - The tutorial_taskflow_api_etl_virtualenv example DAG requires virtualenv, please install it.
[2025-05-02 17:04:35,658] {processor.py:653} WARNING - No viable dags retrieved from /root/Documents/airflowalu/venv/lib/python3.9/site-packages/airflow/example_dags/tutorial_taskflow_api_etl_virtualenv.py
[2025-05-02 17:04:35,664] {processor.py:161} INFO - Processing /root/Documents/airflowalu/venv/lib/python3.9/site-packages/airflow/example_dags/tutorial_taskflow_api_etl_virtualenv.py took 0.044 seconds
[2025-05-02 17:05:06,040] {processor.py:153} INFO - Started process (PID=6845) to work on /root/Documents/airflowalu/venv/lib/python3.9/site-packages/airflow/example_dags/tutorial_taskflow_api_etl_virtualenv.py
[2025-05-02 17:05:06,041] {processor.py:641} INFO - Processing file /root/Documents/airflowalu/venv/lib/python3.9/site-packages/airflow/example_dags/tutorial_taskflow_api_etl_virtualenv.py for tasks to queue
[2025-05-02 17:05:06,041] {logging_mixin.py:115} INFO - [2025-05-02 17:05:06,041] {dagbag.py:507} INFO - Filling up the DagBag from /root/Documents/airflowalu/venv/lib/python3.9/site-packages/airflow/example_dags/tutorial_taskflow_api_etl_virtualenv.py
[2025-05-02 17:05:06,076] {logging_mixin.py:115} INFO - [2025-05-02 17:05:06,076] {tutorial_taskflow_api_etl_virtualenv.py:29} WARNING - The tutorial_taskflow_api_etl_virtualenv example DAG requires virtualenv, please install it.
[2025-05-02 17:05:06,076] {processor.py:653} WARNING - No viable dags retrieved from /root/Documents/airflowalu/venv/lib/python3.9/site-packages/airflow/example_dags/tutorial_taskflow_api_etl_virtualenv.py
[2025-05-02 17:05:06,082] {processor.py:161} INFO - Processing /root/Documents/airflowalu/venv/lib/python3.9/site-packages/airflow/example_dags/tutorial_taskflow_api_etl_virtualenv.py took 0.043 seconds
[2025-05-02 17:05:37,468] {processor.py:153} INFO - Started process (PID=6976) to work on /root/Documents/airflowalu/venv/lib/python3.9/site-packages/airflow/example_dags/tutorial_taskflow_api_etl_virtualenv.py
[2025-05-02 17:05:37,468] {processor.py:641} INFO - Processing file /root/Documents/airflowalu/venv/lib/python3.9/site-packages/airflow/example_dags/tutorial_taskflow_api_etl_virtualenv.py for tasks to queue
[2025-05-02 17:05:37,469] {logging_mixin.py:115} INFO - [2025-05-02 17:05:37,469] {dagbag.py:507} INFO - Filling up the DagBag from /root/Documents/airflowalu/venv/lib/python3.9/site-packages/airflow/example_dags/tutorial_taskflow_api_etl_virtualenv.py
[2025-05-02 17:05:37,504] {logging_mixin.py:115} INFO - [2025-05-02 17:05:37,504] {tutorial_taskflow_api_etl_virtualenv.py:29} WARNING - The tutorial_taskflow_api_etl_virtualenv example DAG requires virtualenv, please install it.
[2025-05-02 17:05:37,505] {processor.py:653} WARNING - No viable dags retrieved from /root/Documents/airflowalu/venv/lib/python3.9/site-packages/airflow/example_dags/tutorial_taskflow_api_etl_virtualenv.py
[2025-05-02 17:05:37,511] {processor.py:161} INFO - Processing /root/Documents/airflowalu/venv/lib/python3.9/site-packages/airflow/example_dags/tutorial_taskflow_api_etl_virtualenv.py took 0.045 seconds
[2025-05-02 17:06:08,837] {processor.py:153} INFO - Started process (PID=7110) to work on /root/Documents/airflowalu/venv/lib/python3.9/site-packages/airflow/example_dags/tutorial_taskflow_api_etl_virtualenv.py
[2025-05-02 17:06:08,838] {processor.py:641} INFO - Processing file /root/Documents/airflowalu/venv/lib/python3.9/site-packages/airflow/example_dags/tutorial_taskflow_api_etl_virtualenv.py for tasks to queue
[2025-05-02 17:06:08,839] {logging_mixin.py:115} INFO - [2025-05-02 17:06:08,839] {dagbag.py:507} INFO - Filling up the DagBag from /root/Documents/airflowalu/venv/lib/python3.9/site-packages/airflow/example_dags/tutorial_taskflow_api_etl_virtualenv.py
[2025-05-02 17:06:08,874] {logging_mixin.py:115} INFO - [2025-05-02 17:06:08,874] {tutorial_taskflow_api_etl_virtualenv.py:29} WARNING - The tutorial_taskflow_api_etl_virtualenv example DAG requires virtualenv, please install it.
[2025-05-02 17:06:08,874] {processor.py:653} WARNING - No viable dags retrieved from /root/Documents/airflowalu/venv/lib/python3.9/site-packages/airflow/example_dags/tutorial_taskflow_api_etl_virtualenv.py
[2025-05-02 17:06:08,881] {processor.py:161} INFO - Processing /root/Documents/airflowalu/venv/lib/python3.9/site-packages/airflow/example_dags/tutorial_taskflow_api_etl_virtualenv.py took 0.046 seconds
[2025-05-02 17:06:40,696] {processor.py:153} INFO - Started process (PID=7247) to work on /root/Documents/airflowalu/venv/lib/python3.9/site-packages/airflow/example_dags/tutorial_taskflow_api_etl_virtualenv.py
[2025-05-02 17:06:40,697] {processor.py:641} INFO - Processing file /root/Documents/airflowalu/venv/lib/python3.9/site-packages/airflow/example_dags/tutorial_taskflow_api_etl_virtualenv.py for tasks to queue
[2025-05-02 17:06:40,697] {logging_mixin.py:115} INFO - [2025-05-02 17:06:40,697] {dagbag.py:507} INFO - Filling up the DagBag from /root/Documents/airflowalu/venv/lib/python3.9/site-packages/airflow/example_dags/tutorial_taskflow_api_etl_virtualenv.py
[2025-05-02 17:06:40,734] {logging_mixin.py:115} INFO - [2025-05-02 17:06:40,734] {tutorial_taskflow_api_etl_virtualenv.py:29} WARNING - The tutorial_taskflow_api_etl_virtualenv example DAG requires virtualenv, please install it.
[2025-05-02 17:06:40,734] {processor.py:653} WARNING - No viable dags retrieved from /root/Documents/airflowalu/venv/lib/python3.9/site-packages/airflow/example_dags/tutorial_taskflow_api_etl_virtualenv.py
[2025-05-02 17:06:40,743] {processor.py:161} INFO - Processing /root/Documents/airflowalu/venv/lib/python3.9/site-packages/airflow/example_dags/tutorial_taskflow_api_etl_virtualenv.py took 0.048 seconds
[2025-05-02 17:07:11,154] {processor.py:153} INFO - Started process (PID=7375) to work on /root/Documents/airflowalu/venv/lib/python3.9/site-packages/airflow/example_dags/tutorial_taskflow_api_etl_virtualenv.py
[2025-05-02 17:07:11,155] {processor.py:641} INFO - Processing file /root/Documents/airflowalu/venv/lib/python3.9/site-packages/airflow/example_dags/tutorial_taskflow_api_etl_virtualenv.py for tasks to queue
[2025-05-02 17:07:11,156] {logging_mixin.py:115} INFO - [2025-05-02 17:07:11,156] {dagbag.py:507} INFO - Filling up the DagBag from /root/Documents/airflowalu/venv/lib/python3.9/site-packages/airflow/example_dags/tutorial_taskflow_api_etl_virtualenv.py
[2025-05-02 17:07:11,193] {logging_mixin.py:115} INFO - [2025-05-02 17:07:11,193] {tutorial_taskflow_api_etl_virtualenv.py:29} WARNING - The tutorial_taskflow_api_etl_virtualenv example DAG requires virtualenv, please install it.
[2025-05-02 17:07:11,194] {processor.py:653} WARNING - No viable dags retrieved from /root/Documents/airflowalu/venv/lib/python3.9/site-packages/airflow/example_dags/tutorial_taskflow_api_etl_virtualenv.py
[2025-05-02 17:07:11,200] {processor.py:161} INFO - Processing /root/Documents/airflowalu/venv/lib/python3.9/site-packages/airflow/example_dags/tutorial_taskflow_api_etl_virtualenv.py took 0.047 seconds
[2025-05-02 17:07:43,654] {processor.py:153} INFO - Started process (PID=7512) to work on /root/Documents/airflowalu/venv/lib/python3.9/site-packages/airflow/example_dags/tutorial_taskflow_api_etl_virtualenv.py
[2025-05-02 17:07:43,654] {processor.py:641} INFO - Processing file /root/Documents/airflowalu/venv/lib/python3.9/site-packages/airflow/example_dags/tutorial_taskflow_api_etl_virtualenv.py for tasks to queue
[2025-05-02 17:07:43,655] {logging_mixin.py:115} INFO - [2025-05-02 17:07:43,655] {dagbag.py:507} INFO - Filling up the DagBag from /root/Documents/airflowalu/venv/lib/python3.9/site-packages/airflow/example_dags/tutorial_taskflow_api_etl_virtualenv.py
[2025-05-02 17:07:43,689] {logging_mixin.py:115} INFO - [2025-05-02 17:07:43,689] {tutorial_taskflow_api_etl_virtualenv.py:29} WARNING - The tutorial_taskflow_api_etl_virtualenv example DAG requires virtualenv, please install it.
[2025-05-02 17:07:43,689] {processor.py:653} WARNING - No viable dags retrieved from /root/Documents/airflowalu/venv/lib/python3.9/site-packages/airflow/example_dags/tutorial_taskflow_api_etl_virtualenv.py
[2025-05-02 17:07:43,696] {processor.py:161} INFO - Processing /root/Documents/airflowalu/venv/lib/python3.9/site-packages/airflow/example_dags/tutorial_taskflow_api_etl_virtualenv.py took 0.044 seconds
[2025-05-02 17:08:15,287] {processor.py:153} INFO - Started process (PID=7645) to work on /root/Documents/airflowalu/venv/lib/python3.9/site-packages/airflow/example_dags/tutorial_taskflow_api_etl_virtualenv.py
[2025-05-02 17:08:15,288] {processor.py:641} INFO - Processing file /root/Documents/airflowalu/venv/lib/python3.9/site-packages/airflow/example_dags/tutorial_taskflow_api_etl_virtualenv.py for tasks to queue
[2025-05-02 17:08:15,288] {logging_mixin.py:115} INFO - [2025-05-02 17:08:15,288] {dagbag.py:507} INFO - Filling up the DagBag from /root/Documents/airflowalu/venv/lib/python3.9/site-packages/airflow/example_dags/tutorial_taskflow_api_etl_virtualenv.py
[2025-05-02 17:08:15,323] {logging_mixin.py:115} INFO - [2025-05-02 17:08:15,323] {tutorial_taskflow_api_etl_virtualenv.py:29} WARNING - The tutorial_taskflow_api_etl_virtualenv example DAG requires virtualenv, please install it.
[2025-05-02 17:08:15,323] {processor.py:653} WARNING - No viable dags retrieved from /root/Documents/airflowalu/venv/lib/python3.9/site-packages/airflow/example_dags/tutorial_taskflow_api_etl_virtualenv.py
[2025-05-02 17:08:15,331] {processor.py:161} INFO - Processing /root/Documents/airflowalu/venv/lib/python3.9/site-packages/airflow/example_dags/tutorial_taskflow_api_etl_virtualenv.py took 0.046 seconds
[2025-05-02 17:08:46,242] {processor.py:153} INFO - Started process (PID=7778) to work on /root/Documents/airflowalu/venv/lib/python3.9/site-packages/airflow/example_dags/tutorial_taskflow_api_etl_virtualenv.py
[2025-05-02 17:08:46,243] {processor.py:641} INFO - Processing file /root/Documents/airflowalu/venv/lib/python3.9/site-packages/airflow/example_dags/tutorial_taskflow_api_etl_virtualenv.py for tasks to queue
[2025-05-02 17:08:46,243] {logging_mixin.py:115} INFO - [2025-05-02 17:08:46,243] {dagbag.py:507} INFO - Filling up the DagBag from /root/Documents/airflowalu/venv/lib/python3.9/site-packages/airflow/example_dags/tutorial_taskflow_api_etl_virtualenv.py
[2025-05-02 17:08:46,277] {logging_mixin.py:115} INFO - [2025-05-02 17:08:46,277] {tutorial_taskflow_api_etl_virtualenv.py:29} WARNING - The tutorial_taskflow_api_etl_virtualenv example DAG requires virtualenv, please install it.
[2025-05-02 17:08:46,278] {processor.py:653} WARNING - No viable dags retrieved from /root/Documents/airflowalu/venv/lib/python3.9/site-packages/airflow/example_dags/tutorial_taskflow_api_etl_virtualenv.py
[2025-05-02 17:08:46,285] {processor.py:161} INFO - Processing /root/Documents/airflowalu/venv/lib/python3.9/site-packages/airflow/example_dags/tutorial_taskflow_api_etl_virtualenv.py took 0.045 seconds
[2025-05-02 17:09:19,235] {processor.py:153} INFO - Started process (PID=7917) to work on /root/Documents/airflowalu/venv/lib/python3.9/site-packages/airflow/example_dags/tutorial_taskflow_api_etl_virtualenv.py
[2025-05-02 17:09:19,238] {processor.py:641} INFO - Processing file /root/Documents/airflowalu/venv/lib/python3.9/site-packages/airflow/example_dags/tutorial_taskflow_api_etl_virtualenv.py for tasks to queue
[2025-05-02 17:09:19,238] {logging_mixin.py:115} INFO - [2025-05-02 17:09:19,238] {dagbag.py:507} INFO - Filling up the DagBag from /root/Documents/airflowalu/venv/lib/python3.9/site-packages/airflow/example_dags/tutorial_taskflow_api_etl_virtualenv.py
[2025-05-02 17:09:19,271] {logging_mixin.py:115} INFO - [2025-05-02 17:09:19,271] {tutorial_taskflow_api_etl_virtualenv.py:29} WARNING - The tutorial_taskflow_api_etl_virtualenv example DAG requires virtualenv, please install it.
[2025-05-02 17:09:19,271] {processor.py:653} WARNING - No viable dags retrieved from /root/Documents/airflowalu/venv/lib/python3.9/site-packages/airflow/example_dags/tutorial_taskflow_api_etl_virtualenv.py
[2025-05-02 17:09:19,278] {processor.py:161} INFO - Processing /root/Documents/airflowalu/venv/lib/python3.9/site-packages/airflow/example_dags/tutorial_taskflow_api_etl_virtualenv.py took 0.044 seconds
[2025-05-02 17:09:51,439] {processor.py:153} INFO - Started process (PID=8054) to work on /root/Documents/airflowalu/venv/lib/python3.9/site-packages/airflow/example_dags/tutorial_taskflow_api_etl_virtualenv.py
[2025-05-02 17:09:51,439] {processor.py:641} INFO - Processing file /root/Documents/airflowalu/venv/lib/python3.9/site-packages/airflow/example_dags/tutorial_taskflow_api_etl_virtualenv.py for tasks to queue
[2025-05-02 17:09:51,440] {logging_mixin.py:115} INFO - [2025-05-02 17:09:51,440] {dagbag.py:507} INFO - Filling up the DagBag from /root/Documents/airflowalu/venv/lib/python3.9/site-packages/airflow/example_dags/tutorial_taskflow_api_etl_virtualenv.py
[2025-05-02 17:09:51,472] {logging_mixin.py:115} INFO - [2025-05-02 17:09:51,472] {tutorial_taskflow_api_etl_virtualenv.py:29} WARNING - The tutorial_taskflow_api_etl_virtualenv example DAG requires virtualenv, please install it.
[2025-05-02 17:09:51,472] {processor.py:653} WARNING - No viable dags retrieved from /root/Documents/airflowalu/venv/lib/python3.9/site-packages/airflow/example_dags/tutorial_taskflow_api_etl_virtualenv.py
[2025-05-02 17:09:51,479] {processor.py:161} INFO - Processing /root/Documents/airflowalu/venv/lib/python3.9/site-packages/airflow/example_dags/tutorial_taskflow_api_etl_virtualenv.py took 0.042 seconds
[2025-05-02 17:10:22,856] {processor.py:153} INFO - Started process (PID=8194) to work on /root/Documents/airflowalu/venv/lib/python3.9/site-packages/airflow/example_dags/tutorial_taskflow_api_etl_virtualenv.py
[2025-05-02 17:10:22,857] {processor.py:641} INFO - Processing file /root/Documents/airflowalu/venv/lib/python3.9/site-packages/airflow/example_dags/tutorial_taskflow_api_etl_virtualenv.py for tasks to queue
[2025-05-02 17:10:22,857] {logging_mixin.py:115} INFO - [2025-05-02 17:10:22,857] {dagbag.py:507} INFO - Filling up the DagBag from /root/Documents/airflowalu/venv/lib/python3.9/site-packages/airflow/example_dags/tutorial_taskflow_api_etl_virtualenv.py
[2025-05-02 17:10:22,889] {logging_mixin.py:115} INFO - [2025-05-02 17:10:22,889] {tutorial_taskflow_api_etl_virtualenv.py:29} WARNING - The tutorial_taskflow_api_etl_virtualenv example DAG requires virtualenv, please install it.
[2025-05-02 17:10:22,889] {processor.py:653} WARNING - No viable dags retrieved from /root/Documents/airflowalu/venv/lib/python3.9/site-packages/airflow/example_dags/tutorial_taskflow_api_etl_virtualenv.py
[2025-05-02 17:10:22,896] {processor.py:161} INFO - Processing /root/Documents/airflowalu/venv/lib/python3.9/site-packages/airflow/example_dags/tutorial_taskflow_api_etl_virtualenv.py took 0.042 seconds
[2025-05-02 17:10:53,618] {processor.py:153} INFO - Started process (PID=8324) to work on /root/Documents/airflowalu/venv/lib/python3.9/site-packages/airflow/example_dags/tutorial_taskflow_api_etl_virtualenv.py
[2025-05-02 17:10:53,619] {processor.py:641} INFO - Processing file /root/Documents/airflowalu/venv/lib/python3.9/site-packages/airflow/example_dags/tutorial_taskflow_api_etl_virtualenv.py for tasks to queue
[2025-05-02 17:10:53,619] {logging_mixin.py:115} INFO - [2025-05-02 17:10:53,619] {dagbag.py:507} INFO - Filling up the DagBag from /root/Documents/airflowalu/venv/lib/python3.9/site-packages/airflow/example_dags/tutorial_taskflow_api_etl_virtualenv.py
[2025-05-02 17:10:53,653] {logging_mixin.py:115} INFO - [2025-05-02 17:10:53,653] {tutorial_taskflow_api_etl_virtualenv.py:29} WARNING - The tutorial_taskflow_api_etl_virtualenv example DAG requires virtualenv, please install it.
[2025-05-02 17:10:53,653] {processor.py:653} WARNING - No viable dags retrieved from /root/Documents/airflowalu/venv/lib/python3.9/site-packages/airflow/example_dags/tutorial_taskflow_api_etl_virtualenv.py
[2025-05-02 17:10:53,661] {processor.py:161} INFO - Processing /root/Documents/airflowalu/venv/lib/python3.9/site-packages/airflow/example_dags/tutorial_taskflow_api_etl_virtualenv.py took 0.045 seconds
[2025-05-02 17:11:24,108] {processor.py:153} INFO - Started process (PID=8466) to work on /root/Documents/airflowalu/venv/lib/python3.9/site-packages/airflow/example_dags/tutorial_taskflow_api_etl_virtualenv.py
[2025-05-02 17:11:24,109] {processor.py:641} INFO - Processing file /root/Documents/airflowalu/venv/lib/python3.9/site-packages/airflow/example_dags/tutorial_taskflow_api_etl_virtualenv.py for tasks to queue
[2025-05-02 17:11:24,109] {logging_mixin.py:115} INFO - [2025-05-02 17:11:24,109] {dagbag.py:507} INFO - Filling up the DagBag from /root/Documents/airflowalu/venv/lib/python3.9/site-packages/airflow/example_dags/tutorial_taskflow_api_etl_virtualenv.py
[2025-05-02 17:11:24,142] {logging_mixin.py:115} INFO - [2025-05-02 17:11:24,142] {tutorial_taskflow_api_etl_virtualenv.py:29} WARNING - The tutorial_taskflow_api_etl_virtualenv example DAG requires virtualenv, please install it.
[2025-05-02 17:11:24,142] {processor.py:653} WARNING - No viable dags retrieved from /root/Documents/airflowalu/venv/lib/python3.9/site-packages/airflow/example_dags/tutorial_taskflow_api_etl_virtualenv.py
[2025-05-02 17:11:24,149] {processor.py:161} INFO - Processing /root/Documents/airflowalu/venv/lib/python3.9/site-packages/airflow/example_dags/tutorial_taskflow_api_etl_virtualenv.py took 0.042 seconds
[2025-05-02 17:11:54,817] {processor.py:153} INFO - Started process (PID=8603) to work on /root/Documents/airflowalu/venv/lib/python3.9/site-packages/airflow/example_dags/tutorial_taskflow_api_etl_virtualenv.py
[2025-05-02 17:11:54,817] {processor.py:641} INFO - Processing file /root/Documents/airflowalu/venv/lib/python3.9/site-packages/airflow/example_dags/tutorial_taskflow_api_etl_virtualenv.py for tasks to queue
[2025-05-02 17:11:54,818] {logging_mixin.py:115} INFO - [2025-05-02 17:11:54,818] {dagbag.py:507} INFO - Filling up the DagBag from /root/Documents/airflowalu/venv/lib/python3.9/site-packages/airflow/example_dags/tutorial_taskflow_api_etl_virtualenv.py
[2025-05-02 17:11:54,850] {logging_mixin.py:115} INFO - [2025-05-02 17:11:54,850] {tutorial_taskflow_api_etl_virtualenv.py:29} WARNING - The tutorial_taskflow_api_etl_virtualenv example DAG requires virtualenv, please install it.
[2025-05-02 17:11:54,850] {processor.py:653} WARNING - No viable dags retrieved from /root/Documents/airflowalu/venv/lib/python3.9/site-packages/airflow/example_dags/tutorial_taskflow_api_etl_virtualenv.py
[2025-05-02 17:11:54,857] {processor.py:161} INFO - Processing /root/Documents/airflowalu/venv/lib/python3.9/site-packages/airflow/example_dags/tutorial_taskflow_api_etl_virtualenv.py took 0.042 seconds
[2025-05-02 17:12:27,016] {processor.py:153} INFO - Started process (PID=8740) to work on /root/Documents/airflowalu/venv/lib/python3.9/site-packages/airflow/example_dags/tutorial_taskflow_api_etl_virtualenv.py
[2025-05-02 17:12:27,016] {processor.py:641} INFO - Processing file /root/Documents/airflowalu/venv/lib/python3.9/site-packages/airflow/example_dags/tutorial_taskflow_api_etl_virtualenv.py for tasks to queue
[2025-05-02 17:12:27,017] {logging_mixin.py:115} INFO - [2025-05-02 17:12:27,017] {dagbag.py:507} INFO - Filling up the DagBag from /root/Documents/airflowalu/venv/lib/python3.9/site-packages/airflow/example_dags/tutorial_taskflow_api_etl_virtualenv.py
[2025-05-02 17:12:27,050] {logging_mixin.py:115} INFO - [2025-05-02 17:12:27,050] {tutorial_taskflow_api_etl_virtualenv.py:29} WARNING - The tutorial_taskflow_api_etl_virtualenv example DAG requires virtualenv, please install it.
[2025-05-02 17:12:27,050] {processor.py:653} WARNING - No viable dags retrieved from /root/Documents/airflowalu/venv/lib/python3.9/site-packages/airflow/example_dags/tutorial_taskflow_api_etl_virtualenv.py
[2025-05-02 17:12:27,058] {processor.py:161} INFO - Processing /root/Documents/airflowalu/venv/lib/python3.9/site-packages/airflow/example_dags/tutorial_taskflow_api_etl_virtualenv.py took 0.044 seconds
[2025-05-02 17:12:57,977] {processor.py:153} INFO - Started process (PID=8882) to work on /root/Documents/airflowalu/venv/lib/python3.9/site-packages/airflow/example_dags/tutorial_taskflow_api_etl_virtualenv.py
[2025-05-02 17:12:57,978] {processor.py:641} INFO - Processing file /root/Documents/airflowalu/venv/lib/python3.9/site-packages/airflow/example_dags/tutorial_taskflow_api_etl_virtualenv.py for tasks to queue
[2025-05-02 17:12:57,978] {logging_mixin.py:115} INFO - [2025-05-02 17:12:57,978] {dagbag.py:507} INFO - Filling up the DagBag from /root/Documents/airflowalu/venv/lib/python3.9/site-packages/airflow/example_dags/tutorial_taskflow_api_etl_virtualenv.py
[2025-05-02 17:12:58,012] {logging_mixin.py:115} INFO - [2025-05-02 17:12:58,012] {tutorial_taskflow_api_etl_virtualenv.py:29} WARNING - The tutorial_taskflow_api_etl_virtualenv example DAG requires virtualenv, please install it.
[2025-05-02 17:12:58,012] {processor.py:653} WARNING - No viable dags retrieved from /root/Documents/airflowalu/venv/lib/python3.9/site-packages/airflow/example_dags/tutorial_taskflow_api_etl_virtualenv.py
[2025-05-02 17:12:58,023] {processor.py:161} INFO - Processing /root/Documents/airflowalu/venv/lib/python3.9/site-packages/airflow/example_dags/tutorial_taskflow_api_etl_virtualenv.py took 0.048 seconds
[2025-05-02 17:13:30,640] {processor.py:153} INFO - Started process (PID=9023) to work on /root/Documents/airflowalu/venv/lib/python3.9/site-packages/airflow/example_dags/tutorial_taskflow_api_etl_virtualenv.py
[2025-05-02 17:13:30,640] {processor.py:641} INFO - Processing file /root/Documents/airflowalu/venv/lib/python3.9/site-packages/airflow/example_dags/tutorial_taskflow_api_etl_virtualenv.py for tasks to queue
[2025-05-02 17:13:30,641] {logging_mixin.py:115} INFO - [2025-05-02 17:13:30,641] {dagbag.py:507} INFO - Filling up the DagBag from /root/Documents/airflowalu/venv/lib/python3.9/site-packages/airflow/example_dags/tutorial_taskflow_api_etl_virtualenv.py
[2025-05-02 17:13:30,673] {logging_mixin.py:115} INFO - [2025-05-02 17:13:30,673] {tutorial_taskflow_api_etl_virtualenv.py:29} WARNING - The tutorial_taskflow_api_etl_virtualenv example DAG requires virtualenv, please install it.
[2025-05-02 17:13:30,673] {processor.py:653} WARNING - No viable dags retrieved from /root/Documents/airflowalu/venv/lib/python3.9/site-packages/airflow/example_dags/tutorial_taskflow_api_etl_virtualenv.py
[2025-05-02 17:13:30,680] {processor.py:161} INFO - Processing /root/Documents/airflowalu/venv/lib/python3.9/site-packages/airflow/example_dags/tutorial_taskflow_api_etl_virtualenv.py took 0.042 seconds
[2025-05-02 17:14:01,210] {processor.py:153} INFO - Started process (PID=9154) to work on /root/Documents/airflowalu/venv/lib/python3.9/site-packages/airflow/example_dags/tutorial_taskflow_api_etl_virtualenv.py
[2025-05-02 17:14:01,210] {processor.py:641} INFO - Processing file /root/Documents/airflowalu/venv/lib/python3.9/site-packages/airflow/example_dags/tutorial_taskflow_api_etl_virtualenv.py for tasks to queue
[2025-05-02 17:14:01,211] {logging_mixin.py:115} INFO - [2025-05-02 17:14:01,211] {dagbag.py:507} INFO - Filling up the DagBag from /root/Documents/airflowalu/venv/lib/python3.9/site-packages/airflow/example_dags/tutorial_taskflow_api_etl_virtualenv.py
[2025-05-02 17:14:01,244] {logging_mixin.py:115} INFO - [2025-05-02 17:14:01,244] {tutorial_taskflow_api_etl_virtualenv.py:29} WARNING - The tutorial_taskflow_api_etl_virtualenv example DAG requires virtualenv, please install it.
[2025-05-02 17:14:01,244] {processor.py:653} WARNING - No viable dags retrieved from /root/Documents/airflowalu/venv/lib/python3.9/site-packages/airflow/example_dags/tutorial_taskflow_api_etl_virtualenv.py
[2025-05-02 17:14:01,251] {processor.py:161} INFO - Processing /root/Documents/airflowalu/venv/lib/python3.9/site-packages/airflow/example_dags/tutorial_taskflow_api_etl_virtualenv.py took 0.043 seconds
[2025-05-02 17:14:33,151] {processor.py:153} INFO - Started process (PID=9288) to work on /root/Documents/airflowalu/venv/lib/python3.9/site-packages/airflow/example_dags/tutorial_taskflow_api_etl_virtualenv.py
[2025-05-02 17:14:33,152] {processor.py:641} INFO - Processing file /root/Documents/airflowalu/venv/lib/python3.9/site-packages/airflow/example_dags/tutorial_taskflow_api_etl_virtualenv.py for tasks to queue
[2025-05-02 17:14:33,153] {logging_mixin.py:115} INFO - [2025-05-02 17:14:33,152] {dagbag.py:507} INFO - Filling up the DagBag from /root/Documents/airflowalu/venv/lib/python3.9/site-packages/airflow/example_dags/tutorial_taskflow_api_etl_virtualenv.py
[2025-05-02 17:14:33,189] {logging_mixin.py:115} INFO - [2025-05-02 17:14:33,188] {tutorial_taskflow_api_etl_virtualenv.py:29} WARNING - The tutorial_taskflow_api_etl_virtualenv example DAG requires virtualenv, please install it.
[2025-05-02 17:14:33,189] {processor.py:653} WARNING - No viable dags retrieved from /root/Documents/airflowalu/venv/lib/python3.9/site-packages/airflow/example_dags/tutorial_taskflow_api_etl_virtualenv.py
[2025-05-02 17:14:33,200] {processor.py:161} INFO - Processing /root/Documents/airflowalu/venv/lib/python3.9/site-packages/airflow/example_dags/tutorial_taskflow_api_etl_virtualenv.py took 0.050 seconds
[2025-05-02 17:15:04,614] {processor.py:153} INFO - Started process (PID=9420) to work on /root/Documents/airflowalu/venv/lib/python3.9/site-packages/airflow/example_dags/tutorial_taskflow_api_etl_virtualenv.py
[2025-05-02 17:15:04,615] {processor.py:641} INFO - Processing file /root/Documents/airflowalu/venv/lib/python3.9/site-packages/airflow/example_dags/tutorial_taskflow_api_etl_virtualenv.py for tasks to queue
[2025-05-02 17:15:04,615] {logging_mixin.py:115} INFO - [2025-05-02 17:15:04,615] {dagbag.py:507} INFO - Filling up the DagBag from /root/Documents/airflowalu/venv/lib/python3.9/site-packages/airflow/example_dags/tutorial_taskflow_api_etl_virtualenv.py
[2025-05-02 17:15:04,648] {logging_mixin.py:115} INFO - [2025-05-02 17:15:04,647] {tutorial_taskflow_api_etl_virtualenv.py:29} WARNING - The tutorial_taskflow_api_etl_virtualenv example DAG requires virtualenv, please install it.
[2025-05-02 17:15:04,648] {processor.py:653} WARNING - No viable dags retrieved from /root/Documents/airflowalu/venv/lib/python3.9/site-packages/airflow/example_dags/tutorial_taskflow_api_etl_virtualenv.py
[2025-05-02 17:15:04,655] {processor.py:161} INFO - Processing /root/Documents/airflowalu/venv/lib/python3.9/site-packages/airflow/example_dags/tutorial_taskflow_api_etl_virtualenv.py took 0.042 seconds
[2025-05-02 17:15:35,397] {processor.py:153} INFO - Started process (PID=9551) to work on /root/Documents/airflowalu/venv/lib/python3.9/site-packages/airflow/example_dags/tutorial_taskflow_api_etl_virtualenv.py
[2025-05-02 17:15:35,398] {processor.py:641} INFO - Processing file /root/Documents/airflowalu/venv/lib/python3.9/site-packages/airflow/example_dags/tutorial_taskflow_api_etl_virtualenv.py for tasks to queue
[2025-05-02 17:15:35,398] {logging_mixin.py:115} INFO - [2025-05-02 17:15:35,398] {dagbag.py:507} INFO - Filling up the DagBag from /root/Documents/airflowalu/venv/lib/python3.9/site-packages/airflow/example_dags/tutorial_taskflow_api_etl_virtualenv.py
[2025-05-02 17:15:35,430] {logging_mixin.py:115} INFO - [2025-05-02 17:15:35,430] {tutorial_taskflow_api_etl_virtualenv.py:29} WARNING - The tutorial_taskflow_api_etl_virtualenv example DAG requires virtualenv, please install it.
[2025-05-02 17:15:35,430] {processor.py:653} WARNING - No viable dags retrieved from /root/Documents/airflowalu/venv/lib/python3.9/site-packages/airflow/example_dags/tutorial_taskflow_api_etl_virtualenv.py
[2025-05-02 17:15:35,437] {processor.py:161} INFO - Processing /root/Documents/airflowalu/venv/lib/python3.9/site-packages/airflow/example_dags/tutorial_taskflow_api_etl_virtualenv.py took 0.042 seconds
[2025-05-02 17:16:05,950] {processor.py:153} INFO - Started process (PID=9681) to work on /root/Documents/airflowalu/venv/lib/python3.9/site-packages/airflow/example_dags/tutorial_taskflow_api_etl_virtualenv.py
[2025-05-02 17:16:05,951] {processor.py:641} INFO - Processing file /root/Documents/airflowalu/venv/lib/python3.9/site-packages/airflow/example_dags/tutorial_taskflow_api_etl_virtualenv.py for tasks to queue
[2025-05-02 17:16:05,951] {logging_mixin.py:115} INFO - [2025-05-02 17:16:05,951] {dagbag.py:507} INFO - Filling up the DagBag from /root/Documents/airflowalu/venv/lib/python3.9/site-packages/airflow/example_dags/tutorial_taskflow_api_etl_virtualenv.py
[2025-05-02 17:16:05,984] {logging_mixin.py:115} INFO - [2025-05-02 17:16:05,984] {tutorial_taskflow_api_etl_virtualenv.py:29} WARNING - The tutorial_taskflow_api_etl_virtualenv example DAG requires virtualenv, please install it.
[2025-05-02 17:16:05,984] {processor.py:653} WARNING - No viable dags retrieved from /root/Documents/airflowalu/venv/lib/python3.9/site-packages/airflow/example_dags/tutorial_taskflow_api_etl_virtualenv.py
[2025-05-02 17:16:05,991] {processor.py:161} INFO - Processing /root/Documents/airflowalu/venv/lib/python3.9/site-packages/airflow/example_dags/tutorial_taskflow_api_etl_virtualenv.py took 0.043 seconds
[2025-05-02 17:16:36,826] {processor.py:153} INFO - Started process (PID=9812) to work on /root/Documents/airflowalu/venv/lib/python3.9/site-packages/airflow/example_dags/tutorial_taskflow_api_etl_virtualenv.py
[2025-05-02 17:16:36,826] {processor.py:641} INFO - Processing file /root/Documents/airflowalu/venv/lib/python3.9/site-packages/airflow/example_dags/tutorial_taskflow_api_etl_virtualenv.py for tasks to queue
[2025-05-02 17:16:36,827] {logging_mixin.py:115} INFO - [2025-05-02 17:16:36,827] {dagbag.py:507} INFO - Filling up the DagBag from /root/Documents/airflowalu/venv/lib/python3.9/site-packages/airflow/example_dags/tutorial_taskflow_api_etl_virtualenv.py
[2025-05-02 17:16:36,860] {logging_mixin.py:115} INFO - [2025-05-02 17:16:36,860] {tutorial_taskflow_api_etl_virtualenv.py:29} WARNING - The tutorial_taskflow_api_etl_virtualenv example DAG requires virtualenv, please install it.
[2025-05-02 17:16:36,860] {processor.py:653} WARNING - No viable dags retrieved from /root/Documents/airflowalu/venv/lib/python3.9/site-packages/airflow/example_dags/tutorial_taskflow_api_etl_virtualenv.py
[2025-05-02 17:16:36,867] {processor.py:161} INFO - Processing /root/Documents/airflowalu/venv/lib/python3.9/site-packages/airflow/example_dags/tutorial_taskflow_api_etl_virtualenv.py took 0.043 seconds
[2025-05-02 17:17:07,678] {processor.py:153} INFO - Started process (PID=9948) to work on /root/Documents/airflowalu/venv/lib/python3.9/site-packages/airflow/example_dags/tutorial_taskflow_api_etl_virtualenv.py
[2025-05-02 17:17:07,679] {processor.py:641} INFO - Processing file /root/Documents/airflowalu/venv/lib/python3.9/site-packages/airflow/example_dags/tutorial_taskflow_api_etl_virtualenv.py for tasks to queue
[2025-05-02 17:17:07,679] {logging_mixin.py:115} INFO - [2025-05-02 17:17:07,679] {dagbag.py:507} INFO - Filling up the DagBag from /root/Documents/airflowalu/venv/lib/python3.9/site-packages/airflow/example_dags/tutorial_taskflow_api_etl_virtualenv.py
[2025-05-02 17:17:07,712] {logging_mixin.py:115} INFO - [2025-05-02 17:17:07,712] {tutorial_taskflow_api_etl_virtualenv.py:29} WARNING - The tutorial_taskflow_api_etl_virtualenv example DAG requires virtualenv, please install it.
[2025-05-02 17:17:07,712] {processor.py:653} WARNING - No viable dags retrieved from /root/Documents/airflowalu/venv/lib/python3.9/site-packages/airflow/example_dags/tutorial_taskflow_api_etl_virtualenv.py
[2025-05-02 17:17:07,720] {processor.py:161} INFO - Processing /root/Documents/airflowalu/venv/lib/python3.9/site-packages/airflow/example_dags/tutorial_taskflow_api_etl_virtualenv.py took 0.043 seconds
[2025-05-02 17:17:40,389] {processor.py:153} INFO - Started process (PID=10084) to work on /root/Documents/airflowalu/venv/lib/python3.9/site-packages/airflow/example_dags/tutorial_taskflow_api_etl_virtualenv.py
[2025-05-02 17:17:40,390] {processor.py:641} INFO - Processing file /root/Documents/airflowalu/venv/lib/python3.9/site-packages/airflow/example_dags/tutorial_taskflow_api_etl_virtualenv.py for tasks to queue
[2025-05-02 17:17:40,390] {logging_mixin.py:115} INFO - [2025-05-02 17:17:40,390] {dagbag.py:507} INFO - Filling up the DagBag from /root/Documents/airflowalu/venv/lib/python3.9/site-packages/airflow/example_dags/tutorial_taskflow_api_etl_virtualenv.py
[2025-05-02 17:17:40,426] {logging_mixin.py:115} INFO - [2025-05-02 17:17:40,426] {tutorial_taskflow_api_etl_virtualenv.py:29} WARNING - The tutorial_taskflow_api_etl_virtualenv example DAG requires virtualenv, please install it.
[2025-05-02 17:17:40,427] {processor.py:653} WARNING - No viable dags retrieved from /root/Documents/airflowalu/venv/lib/python3.9/site-packages/airflow/example_dags/tutorial_taskflow_api_etl_virtualenv.py
[2025-05-02 17:17:40,432] {processor.py:161} INFO - Processing /root/Documents/airflowalu/venv/lib/python3.9/site-packages/airflow/example_dags/tutorial_taskflow_api_etl_virtualenv.py took 0.045 seconds
[2025-05-02 17:18:11,842] {processor.py:153} INFO - Started process (PID=10219) to work on /root/Documents/airflowalu/venv/lib/python3.9/site-packages/airflow/example_dags/tutorial_taskflow_api_etl_virtualenv.py
[2025-05-02 17:18:11,843] {processor.py:641} INFO - Processing file /root/Documents/airflowalu/venv/lib/python3.9/site-packages/airflow/example_dags/tutorial_taskflow_api_etl_virtualenv.py for tasks to queue
[2025-05-02 17:18:11,843] {logging_mixin.py:115} INFO - [2025-05-02 17:18:11,843] {dagbag.py:507} INFO - Filling up the DagBag from /root/Documents/airflowalu/venv/lib/python3.9/site-packages/airflow/example_dags/tutorial_taskflow_api_etl_virtualenv.py
[2025-05-02 17:18:11,878] {logging_mixin.py:115} INFO - [2025-05-02 17:18:11,877] {tutorial_taskflow_api_etl_virtualenv.py:29} WARNING - The tutorial_taskflow_api_etl_virtualenv example DAG requires virtualenv, please install it.
[2025-05-02 17:18:11,878] {processor.py:653} WARNING - No viable dags retrieved from /root/Documents/airflowalu/venv/lib/python3.9/site-packages/airflow/example_dags/tutorial_taskflow_api_etl_virtualenv.py
[2025-05-02 17:18:11,884] {processor.py:161} INFO - Processing /root/Documents/airflowalu/venv/lib/python3.9/site-packages/airflow/example_dags/tutorial_taskflow_api_etl_virtualenv.py took 0.043 seconds
[2025-05-02 17:18:42,251] {processor.py:153} INFO - Started process (PID=10350) to work on /root/Documents/airflowalu/venv/lib/python3.9/site-packages/airflow/example_dags/tutorial_taskflow_api_etl_virtualenv.py
[2025-05-02 17:18:42,252] {processor.py:641} INFO - Processing file /root/Documents/airflowalu/venv/lib/python3.9/site-packages/airflow/example_dags/tutorial_taskflow_api_etl_virtualenv.py for tasks to queue
[2025-05-02 17:18:42,253] {logging_mixin.py:115} INFO - [2025-05-02 17:18:42,252] {dagbag.py:507} INFO - Filling up the DagBag from /root/Documents/airflowalu/venv/lib/python3.9/site-packages/airflow/example_dags/tutorial_taskflow_api_etl_virtualenv.py
[2025-05-02 17:18:42,286] {logging_mixin.py:115} INFO - [2025-05-02 17:18:42,286] {tutorial_taskflow_api_etl_virtualenv.py:29} WARNING - The tutorial_taskflow_api_etl_virtualenv example DAG requires virtualenv, please install it.
[2025-05-02 17:18:42,286] {processor.py:653} WARNING - No viable dags retrieved from /root/Documents/airflowalu/venv/lib/python3.9/site-packages/airflow/example_dags/tutorial_taskflow_api_etl_virtualenv.py
[2025-05-02 17:18:42,291] {processor.py:161} INFO - Processing /root/Documents/airflowalu/venv/lib/python3.9/site-packages/airflow/example_dags/tutorial_taskflow_api_etl_virtualenv.py took 0.041 seconds
[2025-05-02 17:19:18,193] {processor.py:153} INFO - Started process (PID=10498) to work on /root/Documents/airflowalu/venv/lib/python3.9/site-packages/airflow/example_dags/tutorial_taskflow_api_etl_virtualenv.py
[2025-05-02 17:19:18,193] {processor.py:641} INFO - Processing file /root/Documents/airflowalu/venv/lib/python3.9/site-packages/airflow/example_dags/tutorial_taskflow_api_etl_virtualenv.py for tasks to queue
[2025-05-02 17:19:18,194] {logging_mixin.py:115} INFO - [2025-05-02 17:19:18,193] {dagbag.py:507} INFO - Filling up the DagBag from /root/Documents/airflowalu/venv/lib/python3.9/site-packages/airflow/example_dags/tutorial_taskflow_api_etl_virtualenv.py
[2025-05-02 17:19:18,228] {logging_mixin.py:115} INFO - [2025-05-02 17:19:18,227] {tutorial_taskflow_api_etl_virtualenv.py:29} WARNING - The tutorial_taskflow_api_etl_virtualenv example DAG requires virtualenv, please install it.
[2025-05-02 17:19:18,228] {processor.py:653} WARNING - No viable dags retrieved from /root/Documents/airflowalu/venv/lib/python3.9/site-packages/airflow/example_dags/tutorial_taskflow_api_etl_virtualenv.py
[2025-05-02 17:19:18,234] {processor.py:161} INFO - Processing /root/Documents/airflowalu/venv/lib/python3.9/site-packages/airflow/example_dags/tutorial_taskflow_api_etl_virtualenv.py took 0.043 seconds
[2025-05-02 17:19:48,503] {processor.py:153} INFO - Started process (PID=10633) to work on /root/Documents/airflowalu/venv/lib/python3.9/site-packages/airflow/example_dags/tutorial_taskflow_api_etl_virtualenv.py
[2025-05-02 17:19:48,504] {processor.py:641} INFO - Processing file /root/Documents/airflowalu/venv/lib/python3.9/site-packages/airflow/example_dags/tutorial_taskflow_api_etl_virtualenv.py for tasks to queue
[2025-05-02 17:19:48,504] {logging_mixin.py:115} INFO - [2025-05-02 17:19:48,504] {dagbag.py:507} INFO - Filling up the DagBag from /root/Documents/airflowalu/venv/lib/python3.9/site-packages/airflow/example_dags/tutorial_taskflow_api_etl_virtualenv.py
[2025-05-02 17:19:48,538] {logging_mixin.py:115} INFO - [2025-05-02 17:19:48,538] {tutorial_taskflow_api_etl_virtualenv.py:29} WARNING - The tutorial_taskflow_api_etl_virtualenv example DAG requires virtualenv, please install it.
[2025-05-02 17:19:48,538] {processor.py:653} WARNING - No viable dags retrieved from /root/Documents/airflowalu/venv/lib/python3.9/site-packages/airflow/example_dags/tutorial_taskflow_api_etl_virtualenv.py
[2025-05-02 17:19:48,544] {processor.py:161} INFO - Processing /root/Documents/airflowalu/venv/lib/python3.9/site-packages/airflow/example_dags/tutorial_taskflow_api_etl_virtualenv.py took 0.042 seconds
[2025-05-02 17:20:22,371] {processor.py:153} INFO - Started process (PID=10772) to work on /root/Documents/airflowalu/venv/lib/python3.9/site-packages/airflow/example_dags/tutorial_taskflow_api_etl_virtualenv.py
[2025-05-02 17:20:22,372] {processor.py:641} INFO - Processing file /root/Documents/airflowalu/venv/lib/python3.9/site-packages/airflow/example_dags/tutorial_taskflow_api_etl_virtualenv.py for tasks to queue
[2025-05-02 17:20:22,372] {logging_mixin.py:115} INFO - [2025-05-02 17:20:22,372] {dagbag.py:507} INFO - Filling up the DagBag from /root/Documents/airflowalu/venv/lib/python3.9/site-packages/airflow/example_dags/tutorial_taskflow_api_etl_virtualenv.py
[2025-05-02 17:20:22,406] {logging_mixin.py:115} INFO - [2025-05-02 17:20:22,406] {tutorial_taskflow_api_etl_virtualenv.py:29} WARNING - The tutorial_taskflow_api_etl_virtualenv example DAG requires virtualenv, please install it.
[2025-05-02 17:20:22,406] {processor.py:653} WARNING - No viable dags retrieved from /root/Documents/airflowalu/venv/lib/python3.9/site-packages/airflow/example_dags/tutorial_taskflow_api_etl_virtualenv.py
[2025-05-02 17:20:22,412] {processor.py:161} INFO - Processing /root/Documents/airflowalu/venv/lib/python3.9/site-packages/airflow/example_dags/tutorial_taskflow_api_etl_virtualenv.py took 0.042 seconds
[2025-05-02 17:20:53,181] {processor.py:153} INFO - Started process (PID=10913) to work on /root/Documents/airflowalu/venv/lib/python3.9/site-packages/airflow/example_dags/tutorial_taskflow_api_etl_virtualenv.py
[2025-05-02 17:20:53,182] {processor.py:641} INFO - Processing file /root/Documents/airflowalu/venv/lib/python3.9/site-packages/airflow/example_dags/tutorial_taskflow_api_etl_virtualenv.py for tasks to queue
[2025-05-02 17:20:53,182] {logging_mixin.py:115} INFO - [2025-05-02 17:20:53,182] {dagbag.py:507} INFO - Filling up the DagBag from /root/Documents/airflowalu/venv/lib/python3.9/site-packages/airflow/example_dags/tutorial_taskflow_api_etl_virtualenv.py
[2025-05-02 17:20:53,216] {logging_mixin.py:115} INFO - [2025-05-02 17:20:53,216] {tutorial_taskflow_api_etl_virtualenv.py:29} WARNING - The tutorial_taskflow_api_etl_virtualenv example DAG requires virtualenv, please install it.
[2025-05-02 17:20:53,216] {processor.py:653} WARNING - No viable dags retrieved from /root/Documents/airflowalu/venv/lib/python3.9/site-packages/airflow/example_dags/tutorial_taskflow_api_etl_virtualenv.py
[2025-05-02 17:20:53,222] {processor.py:161} INFO - Processing /root/Documents/airflowalu/venv/lib/python3.9/site-packages/airflow/example_dags/tutorial_taskflow_api_etl_virtualenv.py took 0.042 seconds
[2025-05-02 17:21:24,664] {processor.py:153} INFO - Started process (PID=11052) to work on /root/Documents/airflowalu/venv/lib/python3.9/site-packages/airflow/example_dags/tutorial_taskflow_api_etl_virtualenv.py
[2025-05-02 17:21:24,665] {processor.py:641} INFO - Processing file /root/Documents/airflowalu/venv/lib/python3.9/site-packages/airflow/example_dags/tutorial_taskflow_api_etl_virtualenv.py for tasks to queue
[2025-05-02 17:21:24,665] {logging_mixin.py:115} INFO - [2025-05-02 17:21:24,665] {dagbag.py:507} INFO - Filling up the DagBag from /root/Documents/airflowalu/venv/lib/python3.9/site-packages/airflow/example_dags/tutorial_taskflow_api_etl_virtualenv.py
[2025-05-02 17:21:24,706] {logging_mixin.py:115} INFO - [2025-05-02 17:21:24,706] {tutorial_taskflow_api_etl_virtualenv.py:29} WARNING - The tutorial_taskflow_api_etl_virtualenv example DAG requires virtualenv, please install it.
[2025-05-02 17:21:24,706] {processor.py:653} WARNING - No viable dags retrieved from /root/Documents/airflowalu/venv/lib/python3.9/site-packages/airflow/example_dags/tutorial_taskflow_api_etl_virtualenv.py
[2025-05-02 17:21:24,713] {processor.py:161} INFO - Processing /root/Documents/airflowalu/venv/lib/python3.9/site-packages/airflow/example_dags/tutorial_taskflow_api_etl_virtualenv.py took 0.050 seconds
[2025-05-02 17:21:54,895] {processor.py:153} INFO - Started process (PID=11191) to work on /root/Documents/airflowalu/venv/lib/python3.9/site-packages/airflow/example_dags/tutorial_taskflow_api_etl_virtualenv.py
[2025-05-02 17:21:54,896] {processor.py:641} INFO - Processing file /root/Documents/airflowalu/venv/lib/python3.9/site-packages/airflow/example_dags/tutorial_taskflow_api_etl_virtualenv.py for tasks to queue
[2025-05-02 17:21:54,896] {logging_mixin.py:115} INFO - [2025-05-02 17:21:54,896] {dagbag.py:507} INFO - Filling up the DagBag from /root/Documents/airflowalu/venv/lib/python3.9/site-packages/airflow/example_dags/tutorial_taskflow_api_etl_virtualenv.py
[2025-05-02 17:21:54,931] {logging_mixin.py:115} INFO - [2025-05-02 17:21:54,931] {tutorial_taskflow_api_etl_virtualenv.py:29} WARNING - The tutorial_taskflow_api_etl_virtualenv example DAG requires virtualenv, please install it.
[2025-05-02 17:21:54,931] {processor.py:653} WARNING - No viable dags retrieved from /root/Documents/airflowalu/venv/lib/python3.9/site-packages/airflow/example_dags/tutorial_taskflow_api_etl_virtualenv.py
[2025-05-02 17:21:54,938] {processor.py:161} INFO - Processing /root/Documents/airflowalu/venv/lib/python3.9/site-packages/airflow/example_dags/tutorial_taskflow_api_etl_virtualenv.py took 0.044 seconds
[2025-05-02 17:22:25,924] {processor.py:153} INFO - Started process (PID=11323) to work on /root/Documents/airflowalu/venv/lib/python3.9/site-packages/airflow/example_dags/tutorial_taskflow_api_etl_virtualenv.py
[2025-05-02 17:22:25,924] {processor.py:641} INFO - Processing file /root/Documents/airflowalu/venv/lib/python3.9/site-packages/airflow/example_dags/tutorial_taskflow_api_etl_virtualenv.py for tasks to queue
[2025-05-02 17:22:25,925] {logging_mixin.py:115} INFO - [2025-05-02 17:22:25,925] {dagbag.py:507} INFO - Filling up the DagBag from /root/Documents/airflowalu/venv/lib/python3.9/site-packages/airflow/example_dags/tutorial_taskflow_api_etl_virtualenv.py
[2025-05-02 17:22:25,959] {logging_mixin.py:115} INFO - [2025-05-02 17:22:25,959] {tutorial_taskflow_api_etl_virtualenv.py:29} WARNING - The tutorial_taskflow_api_etl_virtualenv example DAG requires virtualenv, please install it.
[2025-05-02 17:22:25,959] {processor.py:653} WARNING - No viable dags retrieved from /root/Documents/airflowalu/venv/lib/python3.9/site-packages/airflow/example_dags/tutorial_taskflow_api_etl_virtualenv.py
[2025-05-02 17:22:25,965] {processor.py:161} INFO - Processing /root/Documents/airflowalu/venv/lib/python3.9/site-packages/airflow/example_dags/tutorial_taskflow_api_etl_virtualenv.py took 0.042 seconds
[2025-05-02 17:22:56,330] {processor.py:153} INFO - Started process (PID=11452) to work on /root/Documents/airflowalu/venv/lib/python3.9/site-packages/airflow/example_dags/tutorial_taskflow_api_etl_virtualenv.py
[2025-05-02 17:22:56,330] {processor.py:641} INFO - Processing file /root/Documents/airflowalu/venv/lib/python3.9/site-packages/airflow/example_dags/tutorial_taskflow_api_etl_virtualenv.py for tasks to queue
[2025-05-02 17:22:56,331] {logging_mixin.py:115} INFO - [2025-05-02 17:22:56,331] {dagbag.py:507} INFO - Filling up the DagBag from /root/Documents/airflowalu/venv/lib/python3.9/site-packages/airflow/example_dags/tutorial_taskflow_api_etl_virtualenv.py
[2025-05-02 17:22:56,367] {logging_mixin.py:115} INFO - [2025-05-02 17:22:56,367] {tutorial_taskflow_api_etl_virtualenv.py:29} WARNING - The tutorial_taskflow_api_etl_virtualenv example DAG requires virtualenv, please install it.
[2025-05-02 17:22:56,367] {processor.py:653} WARNING - No viable dags retrieved from /root/Documents/airflowalu/venv/lib/python3.9/site-packages/airflow/example_dags/tutorial_taskflow_api_etl_virtualenv.py
[2025-05-02 17:22:56,373] {processor.py:161} INFO - Processing /root/Documents/airflowalu/venv/lib/python3.9/site-packages/airflow/example_dags/tutorial_taskflow_api_etl_virtualenv.py took 0.045 seconds
[2025-05-02 17:23:26,339] {processor.py:153} INFO - Started process (PID=11583) to work on /root/Documents/airflowalu/venv/lib/python3.9/site-packages/airflow/example_dags/tutorial_taskflow_api_etl_virtualenv.py
[2025-05-02 17:23:26,340] {processor.py:641} INFO - Processing file /root/Documents/airflowalu/venv/lib/python3.9/site-packages/airflow/example_dags/tutorial_taskflow_api_etl_virtualenv.py for tasks to queue
[2025-05-02 17:23:26,340] {logging_mixin.py:115} INFO - [2025-05-02 17:23:26,340] {dagbag.py:507} INFO - Filling up the DagBag from /root/Documents/airflowalu/venv/lib/python3.9/site-packages/airflow/example_dags/tutorial_taskflow_api_etl_virtualenv.py
[2025-05-02 17:23:26,377] {logging_mixin.py:115} INFO - [2025-05-02 17:23:26,376] {tutorial_taskflow_api_etl_virtualenv.py:29} WARNING - The tutorial_taskflow_api_etl_virtualenv example DAG requires virtualenv, please install it.
[2025-05-02 17:23:26,377] {processor.py:653} WARNING - No viable dags retrieved from /root/Documents/airflowalu/venv/lib/python3.9/site-packages/airflow/example_dags/tutorial_taskflow_api_etl_virtualenv.py
[2025-05-02 17:23:26,383] {processor.py:161} INFO - Processing /root/Documents/airflowalu/venv/lib/python3.9/site-packages/airflow/example_dags/tutorial_taskflow_api_etl_virtualenv.py took 0.045 seconds
[2025-05-02 17:23:55,814] {processor.py:153} INFO - Started process (PID=11707) to work on /root/Documents/airflowalu/venv/lib/python3.9/site-packages/airflow/example_dags/tutorial_taskflow_api_etl_virtualenv.py
[2025-05-02 17:23:55,815] {processor.py:641} INFO - Processing file /root/Documents/airflowalu/venv/lib/python3.9/site-packages/airflow/example_dags/tutorial_taskflow_api_etl_virtualenv.py for tasks to queue
[2025-05-02 17:23:55,815] {logging_mixin.py:115} INFO - [2025-05-02 17:23:55,815] {dagbag.py:507} INFO - Filling up the DagBag from /root/Documents/airflowalu/venv/lib/python3.9/site-packages/airflow/example_dags/tutorial_taskflow_api_etl_virtualenv.py
[2025-05-02 17:23:55,854] {logging_mixin.py:115} INFO - [2025-05-02 17:23:55,853] {tutorial_taskflow_api_etl_virtualenv.py:29} WARNING - The tutorial_taskflow_api_etl_virtualenv example DAG requires virtualenv, please install it.
[2025-05-02 17:23:55,854] {processor.py:653} WARNING - No viable dags retrieved from /root/Documents/airflowalu/venv/lib/python3.9/site-packages/airflow/example_dags/tutorial_taskflow_api_etl_virtualenv.py
[2025-05-02 17:23:55,860] {processor.py:161} INFO - Processing /root/Documents/airflowalu/venv/lib/python3.9/site-packages/airflow/example_dags/tutorial_taskflow_api_etl_virtualenv.py took 0.048 seconds
[2025-05-02 17:24:25,599] {processor.py:153} INFO - Started process (PID=11837) to work on /root/Documents/airflowalu/venv/lib/python3.9/site-packages/airflow/example_dags/tutorial_taskflow_api_etl_virtualenv.py
[2025-05-02 17:24:25,600] {processor.py:641} INFO - Processing file /root/Documents/airflowalu/venv/lib/python3.9/site-packages/airflow/example_dags/tutorial_taskflow_api_etl_virtualenv.py for tasks to queue
[2025-05-02 17:24:25,600] {logging_mixin.py:115} INFO - [2025-05-02 17:24:25,600] {dagbag.py:507} INFO - Filling up the DagBag from /root/Documents/airflowalu/venv/lib/python3.9/site-packages/airflow/example_dags/tutorial_taskflow_api_etl_virtualenv.py
[2025-05-02 17:24:25,636] {logging_mixin.py:115} INFO - [2025-05-02 17:24:25,636] {tutorial_taskflow_api_etl_virtualenv.py:29} WARNING - The tutorial_taskflow_api_etl_virtualenv example DAG requires virtualenv, please install it.
[2025-05-02 17:24:25,637] {processor.py:653} WARNING - No viable dags retrieved from /root/Documents/airflowalu/venv/lib/python3.9/site-packages/airflow/example_dags/tutorial_taskflow_api_etl_virtualenv.py
[2025-05-02 17:24:25,643] {processor.py:161} INFO - Processing /root/Documents/airflowalu/venv/lib/python3.9/site-packages/airflow/example_dags/tutorial_taskflow_api_etl_virtualenv.py took 0.045 seconds
[2025-05-02 17:24:56,497] {processor.py:153} INFO - Started process (PID=11966) to work on /root/Documents/airflowalu/venv/lib/python3.9/site-packages/airflow/example_dags/tutorial_taskflow_api_etl_virtualenv.py
[2025-05-02 17:24:56,498] {processor.py:641} INFO - Processing file /root/Documents/airflowalu/venv/lib/python3.9/site-packages/airflow/example_dags/tutorial_taskflow_api_etl_virtualenv.py for tasks to queue
[2025-05-02 17:24:56,498] {logging_mixin.py:115} INFO - [2025-05-02 17:24:56,498] {dagbag.py:507} INFO - Filling up the DagBag from /root/Documents/airflowalu/venv/lib/python3.9/site-packages/airflow/example_dags/tutorial_taskflow_api_etl_virtualenv.py
[2025-05-02 17:24:56,532] {logging_mixin.py:115} INFO - [2025-05-02 17:24:56,532] {tutorial_taskflow_api_etl_virtualenv.py:29} WARNING - The tutorial_taskflow_api_etl_virtualenv example DAG requires virtualenv, please install it.
[2025-05-02 17:24:56,533] {processor.py:653} WARNING - No viable dags retrieved from /root/Documents/airflowalu/venv/lib/python3.9/site-packages/airflow/example_dags/tutorial_taskflow_api_etl_virtualenv.py
[2025-05-02 17:24:56,538] {processor.py:161} INFO - Processing /root/Documents/airflowalu/venv/lib/python3.9/site-packages/airflow/example_dags/tutorial_taskflow_api_etl_virtualenv.py took 0.043 seconds
[2025-05-02 17:25:26,791] {processor.py:153} INFO - Started process (PID=12091) to work on /root/Documents/airflowalu/venv/lib/python3.9/site-packages/airflow/example_dags/tutorial_taskflow_api_etl_virtualenv.py
[2025-05-02 17:25:26,792] {processor.py:641} INFO - Processing file /root/Documents/airflowalu/venv/lib/python3.9/site-packages/airflow/example_dags/tutorial_taskflow_api_etl_virtualenv.py for tasks to queue
[2025-05-02 17:25:26,792] {logging_mixin.py:115} INFO - [2025-05-02 17:25:26,792] {dagbag.py:507} INFO - Filling up the DagBag from /root/Documents/airflowalu/venv/lib/python3.9/site-packages/airflow/example_dags/tutorial_taskflow_api_etl_virtualenv.py
[2025-05-02 17:25:26,827] {logging_mixin.py:115} INFO - [2025-05-02 17:25:26,827] {tutorial_taskflow_api_etl_virtualenv.py:29} WARNING - The tutorial_taskflow_api_etl_virtualenv example DAG requires virtualenv, please install it.
[2025-05-02 17:25:26,827] {processor.py:653} WARNING - No viable dags retrieved from /root/Documents/airflowalu/venv/lib/python3.9/site-packages/airflow/example_dags/tutorial_taskflow_api_etl_virtualenv.py
[2025-05-02 17:25:26,833] {processor.py:161} INFO - Processing /root/Documents/airflowalu/venv/lib/python3.9/site-packages/airflow/example_dags/tutorial_taskflow_api_etl_virtualenv.py took 0.043 seconds
[2025-05-02 17:25:57,474] {processor.py:153} INFO - Started process (PID=12223) to work on /root/Documents/airflowalu/venv/lib/python3.9/site-packages/airflow/example_dags/tutorial_taskflow_api_etl_virtualenv.py
[2025-05-02 17:25:57,475] {processor.py:641} INFO - Processing file /root/Documents/airflowalu/venv/lib/python3.9/site-packages/airflow/example_dags/tutorial_taskflow_api_etl_virtualenv.py for tasks to queue
[2025-05-02 17:25:57,475] {logging_mixin.py:115} INFO - [2025-05-02 17:25:57,475] {dagbag.py:507} INFO - Filling up the DagBag from /root/Documents/airflowalu/venv/lib/python3.9/site-packages/airflow/example_dags/tutorial_taskflow_api_etl_virtualenv.py
[2025-05-02 17:25:57,512] {logging_mixin.py:115} INFO - [2025-05-02 17:25:57,512] {tutorial_taskflow_api_etl_virtualenv.py:29} WARNING - The tutorial_taskflow_api_etl_virtualenv example DAG requires virtualenv, please install it.
[2025-05-02 17:25:57,513] {processor.py:653} WARNING - No viable dags retrieved from /root/Documents/airflowalu/venv/lib/python3.9/site-packages/airflow/example_dags/tutorial_taskflow_api_etl_virtualenv.py
[2025-05-02 17:25:57,519] {processor.py:161} INFO - Processing /root/Documents/airflowalu/venv/lib/python3.9/site-packages/airflow/example_dags/tutorial_taskflow_api_etl_virtualenv.py took 0.046 seconds
[2025-05-02 17:26:30,233] {processor.py:153} INFO - Started process (PID=12360) to work on /root/Documents/airflowalu/venv/lib/python3.9/site-packages/airflow/example_dags/tutorial_taskflow_api_etl_virtualenv.py
[2025-05-02 17:26:30,233] {processor.py:641} INFO - Processing file /root/Documents/airflowalu/venv/lib/python3.9/site-packages/airflow/example_dags/tutorial_taskflow_api_etl_virtualenv.py for tasks to queue
[2025-05-02 17:26:30,234] {logging_mixin.py:115} INFO - [2025-05-02 17:26:30,234] {dagbag.py:507} INFO - Filling up the DagBag from /root/Documents/airflowalu/venv/lib/python3.9/site-packages/airflow/example_dags/tutorial_taskflow_api_etl_virtualenv.py
[2025-05-02 17:26:30,269] {logging_mixin.py:115} INFO - [2025-05-02 17:26:30,269] {tutorial_taskflow_api_etl_virtualenv.py:29} WARNING - The tutorial_taskflow_api_etl_virtualenv example DAG requires virtualenv, please install it.
[2025-05-02 17:26:30,270] {processor.py:653} WARNING - No viable dags retrieved from /root/Documents/airflowalu/venv/lib/python3.9/site-packages/airflow/example_dags/tutorial_taskflow_api_etl_virtualenv.py
[2025-05-02 17:26:30,276] {processor.py:161} INFO - Processing /root/Documents/airflowalu/venv/lib/python3.9/site-packages/airflow/example_dags/tutorial_taskflow_api_etl_virtualenv.py took 0.045 seconds
[2025-05-02 17:27:02,752] {processor.py:153} INFO - Started process (PID=12498) to work on /root/Documents/airflowalu/venv/lib/python3.9/site-packages/airflow/example_dags/tutorial_taskflow_api_etl_virtualenv.py
[2025-05-02 17:27:02,753] {processor.py:641} INFO - Processing file /root/Documents/airflowalu/venv/lib/python3.9/site-packages/airflow/example_dags/tutorial_taskflow_api_etl_virtualenv.py for tasks to queue
[2025-05-02 17:27:02,753] {logging_mixin.py:115} INFO - [2025-05-02 17:27:02,753] {dagbag.py:507} INFO - Filling up the DagBag from /root/Documents/airflowalu/venv/lib/python3.9/site-packages/airflow/example_dags/tutorial_taskflow_api_etl_virtualenv.py
[2025-05-02 17:27:02,790] {logging_mixin.py:115} INFO - [2025-05-02 17:27:02,790] {tutorial_taskflow_api_etl_virtualenv.py:29} WARNING - The tutorial_taskflow_api_etl_virtualenv example DAG requires virtualenv, please install it.
[2025-05-02 17:27:02,790] {processor.py:653} WARNING - No viable dags retrieved from /root/Documents/airflowalu/venv/lib/python3.9/site-packages/airflow/example_dags/tutorial_taskflow_api_etl_virtualenv.py
[2025-05-02 17:27:02,796] {processor.py:161} INFO - Processing /root/Documents/airflowalu/venv/lib/python3.9/site-packages/airflow/example_dags/tutorial_taskflow_api_etl_virtualenv.py took 0.045 seconds
[2025-05-02 17:27:34,621] {processor.py:153} INFO - Started process (PID=12629) to work on /root/Documents/airflowalu/venv/lib/python3.9/site-packages/airflow/example_dags/tutorial_taskflow_api_etl_virtualenv.py
[2025-05-02 17:27:34,621] {processor.py:641} INFO - Processing file /root/Documents/airflowalu/venv/lib/python3.9/site-packages/airflow/example_dags/tutorial_taskflow_api_etl_virtualenv.py for tasks to queue
[2025-05-02 17:27:34,622] {logging_mixin.py:115} INFO - [2025-05-02 17:27:34,622] {dagbag.py:507} INFO - Filling up the DagBag from /root/Documents/airflowalu/venv/lib/python3.9/site-packages/airflow/example_dags/tutorial_taskflow_api_etl_virtualenv.py
[2025-05-02 17:27:34,655] {logging_mixin.py:115} INFO - [2025-05-02 17:27:34,655] {tutorial_taskflow_api_etl_virtualenv.py:29} WARNING - The tutorial_taskflow_api_etl_virtualenv example DAG requires virtualenv, please install it.
[2025-05-02 17:27:34,655] {processor.py:653} WARNING - No viable dags retrieved from /root/Documents/airflowalu/venv/lib/python3.9/site-packages/airflow/example_dags/tutorial_taskflow_api_etl_virtualenv.py
[2025-05-02 17:27:34,661] {processor.py:161} INFO - Processing /root/Documents/airflowalu/venv/lib/python3.9/site-packages/airflow/example_dags/tutorial_taskflow_api_etl_virtualenv.py took 0.041 seconds
[2025-05-02 17:29:54,967] {processor.py:153} INFO - Started process (PID=13420) to work on /root/Documents/airflowalu/venv/lib/python3.9/site-packages/airflow/example_dags/tutorial_taskflow_api_etl_virtualenv.py
[2025-05-02 17:29:54,967] {processor.py:641} INFO - Processing file /root/Documents/airflowalu/venv/lib/python3.9/site-packages/airflow/example_dags/tutorial_taskflow_api_etl_virtualenv.py for tasks to queue
[2025-05-02 17:29:54,968] {logging_mixin.py:115} INFO - [2025-05-02 17:29:54,968] {dagbag.py:507} INFO - Filling up the DagBag from /root/Documents/airflowalu/venv/lib/python3.9/site-packages/airflow/example_dags/tutorial_taskflow_api_etl_virtualenv.py
[2025-05-02 17:29:55,005] {logging_mixin.py:115} INFO - [2025-05-02 17:29:55,005] {tutorial_taskflow_api_etl_virtualenv.py:29} WARNING - The tutorial_taskflow_api_etl_virtualenv example DAG requires virtualenv, please install it.
[2025-05-02 17:29:55,005] {processor.py:653} WARNING - No viable dags retrieved from /root/Documents/airflowalu/venv/lib/python3.9/site-packages/airflow/example_dags/tutorial_taskflow_api_etl_virtualenv.py
[2025-05-02 17:29:55,020] {processor.py:161} INFO - Processing /root/Documents/airflowalu/venv/lib/python3.9/site-packages/airflow/example_dags/tutorial_taskflow_api_etl_virtualenv.py took 0.054 seconds
[2025-05-02 17:30:27,363] {processor.py:153} INFO - Started process (PID=13631) to work on /root/Documents/airflowalu/venv/lib/python3.9/site-packages/airflow/example_dags/tutorial_taskflow_api_etl_virtualenv.py
[2025-05-02 17:30:27,364] {processor.py:641} INFO - Processing file /root/Documents/airflowalu/venv/lib/python3.9/site-packages/airflow/example_dags/tutorial_taskflow_api_etl_virtualenv.py for tasks to queue
[2025-05-02 17:30:27,364] {logging_mixin.py:115} INFO - [2025-05-02 17:30:27,364] {dagbag.py:507} INFO - Filling up the DagBag from /root/Documents/airflowalu/venv/lib/python3.9/site-packages/airflow/example_dags/tutorial_taskflow_api_etl_virtualenv.py
[2025-05-02 17:30:27,409] {logging_mixin.py:115} INFO - [2025-05-02 17:30:27,409] {tutorial_taskflow_api_etl_virtualenv.py:29} WARNING - The tutorial_taskflow_api_etl_virtualenv example DAG requires virtualenv, please install it.
[2025-05-02 17:30:27,409] {processor.py:653} WARNING - No viable dags retrieved from /root/Documents/airflowalu/venv/lib/python3.9/site-packages/airflow/example_dags/tutorial_taskflow_api_etl_virtualenv.py
[2025-05-02 17:30:27,419] {processor.py:161} INFO - Processing /root/Documents/airflowalu/venv/lib/python3.9/site-packages/airflow/example_dags/tutorial_taskflow_api_etl_virtualenv.py took 0.057 seconds
[2025-05-02 17:30:57,838] {processor.py:153} INFO - Started process (PID=13851) to work on /root/Documents/airflowalu/venv/lib/python3.9/site-packages/airflow/example_dags/tutorial_taskflow_api_etl_virtualenv.py
[2025-05-02 17:30:57,839] {processor.py:641} INFO - Processing file /root/Documents/airflowalu/venv/lib/python3.9/site-packages/airflow/example_dags/tutorial_taskflow_api_etl_virtualenv.py for tasks to queue
[2025-05-02 17:30:57,839] {logging_mixin.py:115} INFO - [2025-05-02 17:30:57,839] {dagbag.py:507} INFO - Filling up the DagBag from /root/Documents/airflowalu/venv/lib/python3.9/site-packages/airflow/example_dags/tutorial_taskflow_api_etl_virtualenv.py
[2025-05-02 17:30:57,881] {logging_mixin.py:115} INFO - [2025-05-02 17:30:57,881] {tutorial_taskflow_api_etl_virtualenv.py:29} WARNING - The tutorial_taskflow_api_etl_virtualenv example DAG requires virtualenv, please install it.
[2025-05-02 17:30:57,881] {processor.py:653} WARNING - No viable dags retrieved from /root/Documents/airflowalu/venv/lib/python3.9/site-packages/airflow/example_dags/tutorial_taskflow_api_etl_virtualenv.py
[2025-05-02 17:30:57,888] {processor.py:161} INFO - Processing /root/Documents/airflowalu/venv/lib/python3.9/site-packages/airflow/example_dags/tutorial_taskflow_api_etl_virtualenv.py took 0.051 seconds
[2025-05-02 20:39:54,875] {processor.py:153} INFO - Started process (PID=462) to work on /root/Documents/airflowalu/venv/lib/python3.9/site-packages/airflow/example_dags/tutorial_taskflow_api_etl_virtualenv.py
[2025-05-02 20:39:54,876] {processor.py:641} INFO - Processing file /root/Documents/airflowalu/venv/lib/python3.9/site-packages/airflow/example_dags/tutorial_taskflow_api_etl_virtualenv.py for tasks to queue
[2025-05-02 20:39:54,876] {logging_mixin.py:115} INFO - [2025-05-02 20:39:54,876] {dagbag.py:507} INFO - Filling up the DagBag from /root/Documents/airflowalu/venv/lib/python3.9/site-packages/airflow/example_dags/tutorial_taskflow_api_etl_virtualenv.py
[2025-05-02 20:39:54,919] {logging_mixin.py:115} INFO - [2025-05-02 20:39:54,919] {tutorial_taskflow_api_etl_virtualenv.py:29} WARNING - The tutorial_taskflow_api_etl_virtualenv example DAG requires virtualenv, please install it.
[2025-05-02 20:39:54,919] {processor.py:653} WARNING - No viable dags retrieved from /root/Documents/airflowalu/venv/lib/python3.9/site-packages/airflow/example_dags/tutorial_taskflow_api_etl_virtualenv.py
[2025-05-02 20:39:54,924] {processor.py:161} INFO - Processing /root/Documents/airflowalu/venv/lib/python3.9/site-packages/airflow/example_dags/tutorial_taskflow_api_etl_virtualenv.py took 0.050 seconds
