[2025-05-03 13:32:28,481] {taskinstance.py:1159} INFO - Dependencies all met for <TaskInstance: meu_primeiro_dag.cria_pasta scheduled__2025-05-02T00:00:00+00:00 [queued]>
[2025-05-03 13:32:28,492] {taskinstance.py:1159} INFO - Dependencies all met for <TaskInstance: meu_primeiro_dag.cria_pasta scheduled__2025-05-02T00:00:00+00:00 [queued]>
[2025-05-03 13:32:28,492] {taskinstance.py:1356} INFO - 
--------------------------------------------------------------------------------
[2025-05-03 13:32:28,492] {taskinstance.py:1357} INFO - Starting attempt 1 of 1
[2025-05-03 13:32:28,493] {taskinstance.py:1358} INFO - 
--------------------------------------------------------------------------------
[2025-05-03 13:32:28,509] {taskinstance.py:1377} INFO - Executing <Task(BashOperator): cria_pasta> on 2025-05-02 00:00:00+00:00
[2025-05-03 13:32:28,512] {standard_task_runner.py:52} INFO - Started process 612 to run task
[2025-05-03 13:32:28,515] {standard_task_runner.py:79} INFO - Running: ['airflow', 'tasks', 'run', 'meu_primeiro_dag', 'cria_pasta', 'scheduled__2025-05-02T00:00:00+00:00', '--job-id', '39', '--raw', '--subdir', 'DAGS_FOLDER/meu_primeiro_dag.py', '--cfg-path', '/tmp/tmpvaco9f0k', '--error-file', '/tmp/tmpapfz7uv4']
[2025-05-03 13:32:28,516] {standard_task_runner.py:80} INFO - Job 39: Subtask cria_pasta
[2025-05-03 13:32:28,582] {task_command.py:370} INFO - Running <TaskInstance: meu_primeiro_dag.cria_pasta scheduled__2025-05-02T00:00:00+00:00 [running]> on host Felippe.
[2025-05-03 13:32:28,660] {taskinstance.py:1569} INFO - Exporting the following env vars:
AIRFLOW_CTX_DAG_OWNER=airflow
AIRFLOW_CTX_DAG_ID=meu_primeiro_dag
AIRFLOW_CTX_TASK_ID=cria_pasta
AIRFLOW_CTX_EXECUTION_DATE=2025-05-02T00:00:00+00:00
AIRFLOW_CTX_TRY_NUMBER=1
AIRFLOW_CTX_DAG_RUN_ID=scheduled__2025-05-02T00:00:00+00:00
[2025-05-03 13:32:28,661] {subprocess.py:62} INFO - Tmp dir root location: 
 /tmp
[2025-05-03 13:32:28,661] {subprocess.py:74} INFO - Running command: ['bash', '-c', 'mkdir -p "home/Felippe/Documents/airflowalu/pasta2025-05-03T00:00:00+00:00"']
[2025-05-03 13:32:28,672] {subprocess.py:85} INFO - Output:
[2025-05-03 13:32:28,676] {subprocess.py:96} INFO - Command exited with return code 0
[2025-05-03 13:32:28,702] {taskinstance.py:1395} INFO - Marking task as SUCCESS. dag_id=meu_primeiro_dag, task_id=cria_pasta, execution_date=20250502T000000, start_date=20250503T163228, end_date=20250503T163228
[2025-05-03 13:32:28,729] {local_task_job.py:156} INFO - Task exited with return code 0
[2025-05-03 13:32:28,746] {local_task_job.py:273} INFO - 0 downstream tasks scheduled from follow-on schedule check
